{ "timestamp":"2018-04-13T20:00:29Z", "event":"Fileheader", "part":1, "language":"English\\UK", "gameversion":"3.0.5.402 EDH", "build":"r168330/r0 " }
{ "timestamp":"2018-04-13T20:00:29Z", "event":"Music", "MusicTrack":"NoTrack" }
{ "timestamp":"2018-04-13T20:00:29Z", "event":"Music", "MusicTrack":"MainMenu" }
{ "timestamp":"2018-04-13T20:01:02Z", "event":"Friends", "Status":"Online", "Name":"Mar.Meow" }
{ "timestamp":"2018-04-13T20:02:24Z", "event":"Friends", "Status":"Online", "Name":"Mar.Meow" }
{ "timestamp":"2018-04-13T20:05:47Z", "event":"Commander", "Name":"Sleep Runner" }
{ "timestamp":"2018-04-13T20:05:47Z", "event":"Materials", "Raw":[ { "Name":"phosphorus", "Count":169 }, { "Name":"carbon", "Count":290 }, { "Name":"chromium", "Count":198 }, { "Name":"molybdenum", "Count":25 }, { "Name":"manganese", "Count":155 }, { "Name":"cadmium", "Count":94 }, { "Name":"selenium", "Count":65 }, { "Name":"sulphur", "Count":300 }, { "Name":"antimony", "Count":27 }, { "Name":"arsenic", "Count":28 }, { "Name":"zinc", "Count":96 }, { "Name":"nickel", "Count":245 }, { "Name":"iron", "Count":211 }, { "Name":"germanium", "Count":47 }, { "Name":"tin", "Count":10 }, { "Name":"niobium", "Count":12 }, { "Name":"vanadium", "Count":72 }, { "Name":"tungsten", "Count":29 }, { "Name":"mercury", "Count":17 }, { "Name":"yttrium", "Count":51 }, { "Name":"ruthenium", "Count":30 }, { "Name":"tellurium", "Count":8 }, { "Name":"technetium", "Count":9 } ], "Manufactured":[ { "Name":"gridresistors", "Name_Localised":"Grid Resistors", "Count":34 }, { "Name":"mechanicalequipment", "Name_Localised":"Mechanical Equipment", "Count":15 }, { "Name":"focuscrystals", "Name_Localised":"Focus Crystals", "Count":200 }, { "Name":"salvagedalloys", "Name_Localised":"Salvaged Alloys", "Count":88 }, { "Name":"chemicalprocessors", "Name_Localised":"Chemical Processors", "Count":28 }, { "Name":"phasealloys", "Name_Localised":"Phase Alloys", "Count":150 }, { "Name":"shieldingsensors", "Name_Localised":"Shielding Sensors", "Count":107 }, { "Name":"wornshieldemitters", "Name_Localised":"Worn Shield Emitters", "Count":188 }, { "Name":"galvanisingalloys", "Name_Localised":"Galvanising Alloys", "Count":195 }, { "Name":"configurablecomponents", "Name_Localised":"Configurable Components", "Count":10 }, { "Name":"highdensitycomposites", "Name_Localised":"High Density Composites", "Count":124 }, { "Name":"mechanicalcomponents", "Name_Localised":"Mechanical Components", "Count":6 }, { "Name":"fedproprietarycomposites", "Name_Localised":"Proprietary Composites", "Count":47 }, { "Name":"fedcorecomposites", "Name_Localised":"Core Dynamics Composites", "Count":12 }, { "Name":"shieldemitters", "Name_Localised":"Shield Emitters", "Count":95 }, { "Name":"refinedfocuscrystals", "Name_Localised":"Refined Focus Crystals", "Count":51 }, { "Name":"chemicaldistillery", "Name_Localised":"Chemical Distillery", "Count":30 }, { "Name":"protolightalloys", "Name_Localised":"Proto Light Alloys", "Count":82 }, { "Name":"precipitatedalloys", "Name_Localised":"Precipitated Alloys", "Count":26 }, { "Name":"compoundshielding", "Name_Localised":"Compound Shielding", "Count":103 }, { "Name":"unknownorganiccircuitry", "Name_Localised":"Thargoid Organic Circuitry", "Count":66 }, { "Name":"unknownenergysource", "Name_Localised":"Sensor Fragment", "Count":67 }, { "Name":"unknowncarapace", "Name_Localised":"Thargoid Carapace", "Count":57 }, { "Name":"unknowntechnologycomponents", "Name_Localised":"Thargoid Technological Components", "Count":45 }, { "Name":"unknownenergycell", "Name_Localised":"Thargoid Energy Cell", "Count":39 }, { "Name":"hybridcapacitors", "Name_Localised":"Hybrid Capacitors", "Count":32 }, { "Name":"electrochemicalarrays", "Name_Localised":"Electrochemical Arrays", "Count":2 }, { "Name":"heatdispersionplate", "Name_Localised":"Heat Dispersion Plate", "Count":10 }, { "Name":"conductivepolymers", "Name_Localised":"Conductive Polymers", "Count":5 }, { "Name":"mechanicalscrap", "Name_Localised":"Mechanical Scrap", "Count":58 }, { "Name":"heatconductionwiring", "Name_Localised":"Heat Conduction Wiring", "Count":5 }, { "Name":"conductiveceramics", "Name_Localised":"Conductive Ceramics", "Count":5 }, { "Name":"biotechconductors", "Name_Localised":"Biotech Conductors", "Count":2 }, { "Name":"exquisitefocuscrystals", "Name_Localised":"Exquisite Focus Crystals", "Count":6 }, { "Name":"protoradiolicalloys", "Name_Localised":"Proto Radiolic Alloys", "Count":8 }, { "Name":"uncutfocuscrystals", "Name_Localised":"Flawed Focus Crystals", "Count":123 }, { "Name":"crystalshards", "Name_Localised":"Crystal Shards", "Count":63 }, { "Name":"filamentcomposites", "Name_Localised":"Filament Composites", "Count":78 }, { "Name":"compactcomposites", "Name_Localised":"Compact Composites", "Count":19 }, { "Name":"polymercapacitors", "Name_Localised":"Polymer Capacitors", "Count":2 }, { "Name":"thermicalloys", "Name_Localised":"Thermic Alloys", "Count":31 }, { "Name":"chemicalmanipulators", "Name_Localised":"Chemical Manipulators", "Count":7 }, { "Name":"temperedalloys", "Name_Localised":"Tempered Alloys", "Count":12 }, { "Name":"heatresistantceramics", "Name_Localised":"Heat Resistant Ceramics", "Count":12 }, { "Name":"pharmaceuticalisolators", "Name_Localised":"Pharmaceutical Isolators", "Count":2 }, { "Name":"chemicalstorageunits", "Name_Localised":"Chemical Storage Units", "Count":36 }, { "Name":"imperialshielding", "Name_Localised":"Imperial Shielding", "Count":11 }, { "Name":"militarysupercapacitors", "Name_Localised":"Military Supercapacitors", "Count":3 }, { "Name":"heatvanes", "Name_Localised":"Heat Vanes", "Count":3 }, { "Name":"guardian_sentinel_wreckagecomponents", "Name_Localised":"Guardian Sentinel Wreckage Components", "Count":9 }, { "Name":"guardian_powerconduit", "Name_Localised":"Guardian Power Conduit", "Count":33 }, { "Name":"guardian_powercell", "Name_Localised":"Guardian Power Cell", "Count":45 }, { "Name":"guardian_techcomponent", "Name_Localised":"Guardian Technology Component", "Count":18 }, { "Name":"guardian_sentinel_weaponparts", "Name_Localised":"Guardian Sentinel Weapon Parts", "Count":15 } ], "Encoded":[ { "Name":"decodedemissiondata", "Name_Localised":"Decoded Emission Data", "Count":6 }, { "Name":"emissiondata", "Name_Localised":"Unexpected Emission Data", "Count":43 }, { "Name":"shieldsoakanalysis", "Name_Localised":"Inconsistent Shield Soak Analysis", "Count":34 }, { "Name":"shielddensityreports", "Name_Localised":"Untypical Shield Scans ", "Count":75 }, { "Name":"scanarchives", "Name_Localised":"Unidentified Scan Archives", "Count":16 }, { "Name":"shieldpatternanalysis", "Name_Localised":"Aberrant Shield Pattern Analysis", "Count":5 }, { "Name":"shieldcyclerecordings", "Name_Localised":"Distorted Shield Cycle Recordings", "Count":22 }, { "Name":"encodedscandata", "Name_Localised":"Divergent Scan Data", "Count":20 }, { "Name":"fsdtelemetry", "Name_Localised":"Anomalous FSD Telemetry", "Count":22 }, { "Name":"scandatabanks", "Name_Localised":"Classified Scan Databanks", "Count":29 }, { "Name":"archivedemissiondata", "Name_Localised":"Irregular Emission Data", "Count":12 }, { "Name":"industrialfirmware", "Name_Localised":"Cracked Industrial Firmware", "Count":6 }, { "Name":"bulkscandata", "Name_Localised":"Anomalous Bulk Scan Data", "Count":50 }, { "Name":"embeddedfirmware", "Name_Localised":"Modified Embedded Firmware", "Count":2 }, { "Name":"encryptioncodes", "Name_Localised":"Tagged Encryption Codes", "Count":3 }, { "Name":"encryptionarchives", "Name_Localised":"Atypical Encryption Archives", "Count":3 }, { "Name":"shieldfrequencydata", "Name_Localised":"Peculiar Shield Frequency Data", "Count":3 }, { "Name":"compactemissionsdata", "Name_Localised":"Abnormal Compact Emissions Data", "Count":5 }, { "Name":"disruptedwakeechoes", "Name_Localised":"Atypical Disrupted Wake Echoes", "Count":32 }, { "Name":"classifiedscandata", "Name_Localised":"Classified Scan Fragment", "Count":6 }, { "Name":"legacyfirmware", "Name_Localised":"Specialised Legacy Firmware", "Count":1 }, { "Name":"consumerfirmware", "Name_Localised":"Modified Consumer Firmware", "Count":4 }, { "Name":"hyperspacetrajectories", "Name_Localised":"Eccentric Hyperspace Trajectories", "Count":5 }, { "Name":"ancienthistoricaldata", "Name_Localised":"Pattern Gamma Obelisk Data", "Count":42 }, { "Name":"ancientbiologicaldata", "Name_Localised":"Pattern Alpha Obelisk Data", "Count":30 }, { "Name":"ancientlanguagedata", "Name_Localised":"Pattern Delta Obelisk Data", "Count":15 }, { "Name":"ancientculturaldata", "Name_Localised":"Pattern Beta Obelisk Data", "Count":33 }, { "Name":"ancienttechnologicaldata", "Name_Localised":"Pattern Epsilon Obelisk Data", "Count":12 }, { "Name":"wakesolutions", "Name_Localised":"Strange Wake Solutions", "Count":4 }, { "Name":"tg_compositiondata", "Name_Localised":"Thargoid Material Composition Data", "Count":9 }, { "Name":"tg_residuedata", "Name_Localised":"Thargoid Residue Data", "Count":6 }, { "Name":"guardian_moduleblueprint", "Name_Localised":"Guardian Module Blueprint Segment", "Count":2 } ] }
{ "timestamp":"2018-04-13T20:05:47Z", "event":"LoadGame", "Commander":"Sleep Runner", "Horizons":true, "Ship":"DiamondBackXL", "Ship_Localised":"Diamondback Explorer", "ShipID":24, "ShipName":"", "ShipIdent":"", "FuelLevel":29.794813, "FuelCapacity":32.000000, "GameMode":"Group", "Group":"Mar.Meow", "Credits":126142188, "Loan":0 }
{ "timestamp":"2018-04-13T20:05:47Z", "event":"Rank", "Combat":4, "Trade":5, "Explore":7, "Empire":0, "Federation":2, "CQC":0 }
{ "timestamp":"2018-04-13T20:05:47Z", "event":"Progress", "Combat":37, "Trade":0, "Explore":16, "Empire":33, "Federation":100, "CQC":16 }
{ "timestamp":"2018-04-13T20:05:47Z", "event":"Reputation", "Empire":7.728950, "Federation":75.000000, "Alliance":34.928799 }
{ "timestamp":"2018-04-13T20:05:51Z", "event":"Loadout", "Ship":"DiamondBackXL", "ShipID":24, "ShipName":"", "ShipIdent":"SL-14D", "HullValue":1637277, "ModulesValue":15616309, "Rebuy":862681, "Modules":[ { "Slot":"TinyHardpoint1", "Item":"Hpt_XenoScanner_Basic_Tiny", "On":true, "Priority":3, "Health":0.948303, "Value":365698 }, { "Slot":"TinyHardpoint2", "Item":"Hpt_CloudScanner_Size0_Class5", "On":true, "Priority":3, "Health":0.931258, "Value":1097095, "Engineering":{ "Engineer":"Juri Ishmaak", "EngineerID":300250, "BlueprintID":128740094, "BlueprintName":"Sensor_LongRange", "Level":3, "Quality":1.000000, "Modifiers":[ { "Label":"PowerDraw", "Value":4.160000, "OriginalValue":3.200000, "LessIsGood":1 }, { "Label":"ScannerRange", "Value":6880.000000, "OriginalValue":4000.000000, "LessIsGood":0 }, { "Label":"MaxAngle", "Value":12.000000, "OriginalValue":15.000000, "LessIsGood":0 } ] } }, { "Slot":"TinyHardpoint3", "Item":"Hpt_HeatSinkLauncher_Turret_Tiny", "On":true, "Priority":2, "AmmoInClip":1, "AmmoInHopper":1, "Health":0.938204, "Value":3500 }, { "Slot":"TinyHardpoint4", "Item":"Hpt_HeatSinkLauncher_Turret_Tiny", "On":true, "Priority":2, "AmmoInClip":1, "Health":0.954375, "Value":3500 }, { "Slot":"Armour", "Item":"DiamondBackXL_Armour_Grade1", "On":true, "Priority":1, "Health":1.000000 }, { "Slot":"PowerPlant", "Item":"Int_Powerplant_Size4_Class5", "On":true, "Priority":1, "Health":0.959555, "Value":1441233, "Engineering":{ "Engineer":"Felicity Farseer", "EngineerID":300100, "BlueprintID":128673765, "BlueprintName":"PowerPlant_Boosted", "Level":1, "Quality":1.000000, "ExperimentalEffect":"special_powerplant_lightweight", "ExperimentalEffect_Localised":"Stripped Down", "Modifiers":[ { "Label":"Mass", "Value":4.500000, "OriginalValue":5.000000, "LessIsGood":1 }, { "Label":"Integrity", "Value":83.599998, "OriginalValue":88.000000, "LessIsGood":0 }, { "Label":"PowerCapacity", "Value":17.472000, "OriginalValue":15.600000, "LessIsGood":0 }, { "Label":"HeatEfficiency", "Value":0.420000, "OriginalValue":0.400000, "LessIsGood":1 } ] } }, { "Slot":"MainEngines", "Item":"Int_Engine_Size4_Class5", "On":true, "Priority":0, "Health":0.944704, "Value":1610080, "Engineering":{ "Engineer":"Felicity Farseer", "EngineerID":300100, "BlueprintID":128673665, "BlueprintName":"Engine_Tuned", "Level":1, "Quality":1.000000, "ExperimentalEffect":"special_engine_lightweight", "ExperimentalEffect_Localised":"Stripped Down", "Modifiers":[ { "Label":"Mass", "Value":9.000000, "OriginalValue":10.000000, "LessIsGood":1 }, { "Label":"EngineOptimalMass", "Value":411.600037, "OriginalValue":420.000000, "LessIsGood":0 }, { "Label":"EngineOptPerformance", "Value":108.000015, "OriginalValue":100.000000, "LessIsGood":0 }, { "Label":"EngineHeatRate", "Value":1.040000, "OriginalValue":1.300000, "LessIsGood":1 } ] } }, { "Slot":"FrameShiftDrive", "Item":"Int_Hyperdrive_Size5_Class5", "On":true, "Priority":0, "Health":0.938896, "Value":5103953, "Engineering":{ "Engineer":"Felicity Farseer", "EngineerID":300100, "BlueprintID":128673694, "BlueprintName":"FSD_LongRange", "Level":5, "Quality":0.979000, "ExperimentalEffect":"special_fsd_fuelcapacity", "ExperimentalEffect_Localised":"Deep Charge", "Modifiers":[ { "Label":"Mass", "Value":26.000000, "OriginalValue":20.000000, "LessIsGood":1 }, { "Label":"Integrity", "Value":102.000000, "OriginalValue":120.000000, "LessIsGood":0 }, { "Label":"PowerDraw", "Value":0.724500, "OriginalValue":0.600000, "LessIsGood":1 }, { "Label":"FSDOptimalMass", "Value":1625.294922, "OriginalValue":1050.000000, "LessIsGood":0 }, { "Label":"MaxFuelPerJump", "Value":5.500000, "OriginalValue":5.000000, "LessIsGood":0 } ] } }, { "Slot":"LifeSupport", "Item":"Int_LifeSupport_Size3_Class2", "On":true, "Priority":0, "Health":0.960017, "Value":10133 }, { "Slot":"PowerDistributor", "Item":"Int_PowerDistributor_Size4_Class5", "On":true, "Priority":0, "Health":0.937768, "Value":443328, "Engineering":{ "Engineer":"The Dweller", "EngineerID":300180, "BlueprintID":128673740, "BlueprintName":"PowerDistributor_PriorityEngines", "Level":1, "Quality":1.000000, "ExperimentalEffect":"special_powerdistributor_lightweight", "ExperimentalEffect_Localised":"Stripped Down", "Modifiers":[ { "Label":"Mass", "Value":9.000000, "OriginalValue":10.000000, "LessIsGood":1 }, { "Label":"WeaponsCapacity", "Value":31.040001, "OriginalValue":32.000000, "LessIsGood":0 }, { "Label":"WeaponsRecharge", "Value":3.465000, "OriginalValue":3.500000, "LessIsGood":0 }, { "Label":"EnginesCapacity", "Value":27.600000, "OriginalValue":23.000000, "LessIsGood":0 }, { "Label":"EnginesRecharge", "Value":2.204000, "OriginalValue":1.900000, "LessIsGood":0 }, { "Label":"SystemsCapacity", "Value":22.310001, "OriginalValue":23.000000, "LessIsGood":0 }, { "Label":"SystemsRecharge", "Value":1.843000, "OriginalValue":1.900000, "LessIsGood":0 } ] } }, { "Slot":"Radar", "Item":"Int_Sensors_Size3_Class5", "On":true, "Priority":0, "Health":0.945241, "Value":158331, "Engineering":{ "Engineer":"Felicity Farseer", "EngineerID":300100, "BlueprintID":128740671, "BlueprintName":"Sensor_LightWeight", "Level":3, "Quality":1.000000, "Modifiers":[ { "Label":"Mass", "Value":2.500000, "OriginalValue":5.000000, "LessIsGood":1 }, { "Label":"Integrity", "Value":49.000000, "OriginalValue":70.000000, "LessIsGood":0 }, { "Label":"SensorTargetScanAngle", "Value":25.500000, "OriginalValue":30.000000, "LessIsGood":0 } ] } }, { "Slot":"FuelTank", "Item":"Int_FuelTank_Size5_Class3", "On":true, "Priority":1, "Health":1.000000, "Value":97754 }, { "Slot":"Slot01_Size4", "Item":"Int_CorrosionProofCargoRack_Size4_Class1", "On":true, "Priority":1, "Health":1.000000, "Value":94328 }, { "Slot":"Slot02_Size4", "Item":"Int_FuelScoop_Size4_Class5", "On":true, "Priority":1, "Health":0.930676, "Value":2862364 }, { "Slot":"Slot03_Size3", "Item":"Int_ShieldGenerator_Size3_Class5", "On":true, "Priority":0, "Health":0.941415, "Value":507912, "Engineering":{ "Engineer":"Elvira Martuuk", "EngineerID":300160, "BlueprintID":128673827, "BlueprintName":"ShieldGenerator_Optimised", "Level":3, "Quality":1.000000, "ExperimentalEffect":"special_shield_lightweight", "ExperimentalEffect_Localised":"Stripped Down", "Modifiers":[ { "Label":"Mass", "Value":2.970000, "OriginalValue":5.000000, "LessIsGood":1 }, { "Label":"Integrity", "Value":65.450005, "OriginalValue":77.000000, "LessIsGood":0 }, { "Label":"PowerDraw", "Value":1.764000, "OriginalValue":2.520000, "LessIsGood":1 }, { "Label":"ShieldGenOptimalMass", "Value":158.399994, "OriginalValue":165.000000, "LessIsGood":0 }, { "Label":"ShieldGenStrength", "Value":130.800003, "OriginalValue":120.000008, "LessIsGood":0 } ] } }, { "Slot":"Slot04_Size3", "Item":"Int_BuggyBay_Size2_Class2", "On":true, "Priority":2, "Health":0.969015, "Value":21600 }, { "Slot":"Slot05_Size2", "Item":"Int_DetailedSurfaceScanner_Tiny", "On":true, "Priority":1, "Health":1.000000, "Value":250000, "Engineering":{ "Engineer":"Juri Ishmaak", "EngineerID":300250, "BlueprintID":128740146, "BlueprintName":"Sensor_LongRange", "Level":5, "Quality":1.000000, "Modifiers":[ { "Label":"Mass", "Value":2.600000, "OriginalValue":1.300000, "LessIsGood":1 }, { "Label":"DSS_RangeMult", "Value":200.000000, "OriginalValue":0.000000, "LessIsGood":0 } ] } }, { "Slot":"Slot06_Size2", "Item":"Int_StellarBodyDiscoveryScanner_Advanced", "On":true, "Priority":1, "Health":0.945639, "Value":1545000 }, { "Slot":"PlanetaryApproachSuite", "Item":"Int_PlanetApproachSuite", "On":true, "Priority":1, "Health":1.000000, "Value":500 }, { "Slot":"VesselVoice", "Item":"VoicePack_Verity", "On":true, "Priority":1, "Health":1.000000 }, { "Slot":"ShipCockpit", "Item":"DiamondBackXL_Cockpit", "On":true, "Priority":1, "Health":1.000000 }, { "Slot":"CargoHatch", "Item":"ModularCargoBayDoor", "On":true, "Priority":3, "Health":0.953787 } ] }
{ "timestamp":"2018-04-13T20:05:57Z", "event":"Location", "Docked":false, "StarSystem":"Floaln TQ-V c3-2", "SystemAddress":614146186786, "StarPos":[-11610.06250,-741.81250,14462.37500], "SystemAllegiance":"", "SystemEconomy":"$economy_None;", "SystemEconomy_Localised":"None", "SystemSecondEconomy":"$economy_None;", "SystemSecondEconomy_Localised":"None", "SystemGovernment":"$government_None;", "SystemGovernment_Localised":"None", "SystemSecurity":"$GAlAXY_MAP_INFO_state_anarchy;", "SystemSecurity_Localised":"Anarchy", "Population":0, "Body":"Floaln TQ-V c3-2 1", "BodyID":7, "BodyType":"Planet" }
{ "timestamp":"2018-04-13T20:05:57Z", "event":"Statistics", "Bank_Account":{ "Current_Wealth":326700153, "Spent_On_Ships":239129422, "Spent_On_Outfitting":541877085, "Spent_On_Repairs":3429593, "Spent_On_Fuel":103084, "Spent_On_Ammo_Consumables":2324039, "Insurance_Claims":35, "Spent_On_Insurance":35927847 }, "Combat":{ "Bounties_Claimed":576, "Bounty_Hunting_Profit":36121239, "Combat_Bonds":128, "Combat_Bond_Profits":4556050, "Assassinations":3, "Assassination_Profits":1689911, "Highest_Single_Reward":281407, "Skimmers_Killed":61 }, "Crime":{ "Notoriety":0, "Fines":142, "Total_Fines":51145, "Bounties_Received":523, "Total_Bounties":314286, "Highest_Bounty":10295 }, "Smuggling":{ "Black_Markets_Traded_With":5, "Black_Markets_Profits":400749, "Resources_Smuggled":29, "Average_Profit":28624.928571429, "Highest_Single_Transaction":347544 }, "Trading":{ "Markets_Traded_With":51, "Market_Profits":9462426, "Resources_Traded":4437, "Average_Profit":36534.463320463, "Highest_Single_Transaction":1822160 }, "Mining":{ "Mining_Profits":1595707, "Quantity_Mined":641, "Materials_Collected":9481 }, "Exploration":{ "Systems_Visited":2324, "Exploration_Profits":143872445, "Planets_Scanned_To_Level_2":60, "Planets_Scanned_To_Level_3":1502, "Highest_Payout":3073852, "Total_Hyperspace_Distance":79995, "Total_Hyperspace_Jumps":3024, "Greatest_Distance_From_Start":18489.840838166, "Time_Played":1808520 }, "Passengers":{ "Passengers_Missions_Accepted":56, "Passengers_Missions_Disgruntled":19, "Passengers_Missions_Bulk":277, "Passengers_Missions_VIP":80, "Passengers_Missions_Delivered":357, "Passengers_Missions_Ejected":11 }, "Search_And_Rescue":{ "SearchRescue_Traded":8, "SearchRescue_Profit":25500, "SearchRescue_Count":4 }, "TG_ENCOUNTERS":{ "TG_ENCOUNTER_IMPRINT":2 }, "Crafting":{ "Count_Of_Used_Engineers":8, "Recipes_Generated":631, "Recipes_Generated_Rank_1":248, "Recipes_Generated_Rank_2":132, "Recipes_Generated_Rank_3":147, "Recipes_Generated_Rank_4":64, "Recipes_Generated_Rank_5":40 }, "Crew":{ "NpcCrew_Hired":1, "NpcCrew_Fired":1 }, "Multicrew":{ "Multicrew_Time_Total":1057, "Multicrew_Gunner_Time_Total":92, "Multicrew_Fighter_Time_Total":0, "Multicrew_Credits_Total":0, "Multicrew_Fines_Total":0 }, "Material_Trader_Stats":{ "Trades_Completed":30, "Materials_Traded":1069, "Encoded_Materials_Traded":140, "Grade_1_Materials_Traded":94, "Grade_2_Materials_Traded":234, "Grade_3_Materials_Traded":423, "Grade_4_Materials_Traded":286, "Grade_5_Materials_Traded":32 }, "CQC":{ "CQC_Credits_Earned":1748, "CQC_Time_Played":1350, "CQC_KD":0.13333333333333, "CQC_Kills":2, "CQC_WL":0 } }
{ "timestamp":"2018-04-13T20:05:57Z", "event":"Music", "MusicTrack":"NoTrack" }
{ "timestamp":"2018-04-13T20:05:57Z", "event":"Missions", "Active":[  ], "Failed":[  ], "Complete":[  ] }
{ "timestamp":"2018-04-13T20:05:57Z", "event":"Cargo", "Inventory":[ { "Name":"occupiedcryopod", "Name_Localised":"Occupied Escape Pod", "Count":2, "Stolen":0 } ] }
{ "timestamp":"2018-04-13T20:05:57Z", "event":"Music", "MusicTrack":"Exploration" }
{ "timestamp":"2018-04-13T20:06:04Z", "event":"Music", "MusicTrack":"GalaxyMap" }
{ "timestamp":"2018-04-13T20:06:31Z", "event":"Music", "MusicTrack":"Exploration" }
{ "timestamp":"2018-04-13T20:06:50Z", "event":"Music", "MusicTrack":"SystemMap" }
{ "timestamp":"2018-04-13T20:06:57Z", "event":"Music", "MusicTrack":"Exploration" }
{ "timestamp":"2018-04-13T20:07:07Z", "event":"StartJump", "JumpType":"Hyperspace", "StarSystem":"Floaln FV-Y e2", "SystemAddress":9594431372, "StarClass":"B" }
{ "timestamp":"2018-04-13T20:07:12Z", "event":"Music", "MusicTrack":"NoTrack" }
{ "timestamp":"2018-04-13T20:07:25Z", "event":"FSDJump", "StarSystem":"Floaln FV-Y e2", "SystemAddress":9594431372, "StarPos":[-11592.81250,-734.53125,14511.81250], "SystemAllegiance":"", "SystemEconomy":"$economy_None;", "SystemEconomy_Localised":"None", "SystemSecondEconomy":"$economy_None;", "SystemSecondEconomy_Localised":"None", "SystemGovernment":"$government_None;", "SystemGovernment_Localised":"None", "SystemSecurity":"$GAlAXY_MAP_INFO_state_anarchy;", "SystemSecurity_Localised":"Anarchy", "Population":0, "JumpDist":52.864, "FuelUsed":5.100036, "FuelLevel":24.694778 }
{ "timestamp":"2018-04-13T20:07:25Z", "event":"Music", "MusicTrack":"Supercruise" }
{ "timestamp":"2018-04-13T20:07:31Z", "event":"DiscoveryScan", "SystemAddress":9594431372, "Bodies":1 }
{ "timestamp":"2018-04-13T20:07:32Z", "event":"DiscoveryScan", "SystemAddress":9594431372, "Bodies":22 }
{ "timestamp":"2018-04-13T20:07:35Z", "event":"Music", "MusicTrack":"SystemMap" }
{ "timestamp":"2018-04-13T20:07:44Z", "event":"Music", "MusicTrack":"Supercruise" }
{ "timestamp":"2018-04-13T20:07:53Z", "event":"FuelScoop", "Scooped":4.556957, "Total":29.251717 }
{ "timestamp":"2018-04-13T20:08:30Z", "event":"StartJump", "JumpType":"Hyperspace", "StarSystem":"Floabs YA-W d2-66", "SystemAddress":2275804040987, "StarClass":"A" }
{ "timestamp":"2018-04-13T20:08:35Z", "event":"Music", "MusicTrack":"NoTrack" }
{ "timestamp":"2018-04-13T20:08:48Z", "event":"FSDJump", "StarSystem":"Floabs YA-W d2-66", "SystemAddress":2275804040987, "StarPos":[-11562.31250,-731.12500,14556.06250], "SystemAllegiance":"", "SystemEconomy":"$economy_None;", "SystemEconomy_Localised":"None", "SystemSecondEconomy":"$economy_None;", "SystemSecondEconomy_Localised":"None", "SystemGovernment":"$government_None;", "SystemGovernment_Localised":"None", "SystemSecurity":"$GAlAXY_MAP_INFO_state_anarchy;", "SystemSecurity_Localised":"Anarchy", "Population":0, "JumpDist":53.851, "FuelUsed":5.316747, "FuelLevel":23.934971 }
{ "timestamp":"2018-04-13T20:08:48Z", "event":"Music", "MusicTrack":"Supercruise" }
{ "timestamp":"2018-04-13T20:08:54Z", "event":"DiscoveryScan", "SystemAddress":2275804040987, "Bodies":1 }
{ "timestamp":"2018-04-13T20:09:10Z", "event":"Music", "MusicTrack":"SystemMap" }
{ "timestamp":"2018-04-13T20:09:11Z", "event":"FuelScoop", "Scooped":5.004181, "Total":28.939159 }
{ "timestamp":"2018-04-13T20:09:13Z", "event":"Music", "MusicTrack":"Supercruise" }
{ "timestamp":"2018-04-13T20:09:20Z", "event":"FuelScoop", "Scooped":1.551885, "Total":30.491049 }
{ "timestamp":"2018-04-13T20:09:32Z", "event":"Music", "MusicTrack":"SystemMap" }
{ "timestamp":"2018-04-13T20:09:32Z", "event":"Music", "MusicTrack":"Supercruise" }
{ "timestamp":"2018-04-13T20:09:52Z", "event":"StartJump", "JumpType":"Hyperspace", "StarSystem":"Floabs AI-Q c6-7", "SystemAddress":1988602830394, "StarClass":"K" }
{ "timestamp":"2018-04-13T20:09:57Z", "event":"Music", "MusicTrack":"NoTrack" }
{ "timestamp":"2018-04-13T20:10:10Z", "event":"FSDJump", "StarSystem":"Floabs AI-Q c6-7", "SystemAddress":1988602830394, "StarPos":[-11565.93750,-734.81250,14607.12500], "SystemAllegiance":"", "SystemEconomy":"$economy_None;", "SystemEconomy_Localised":"None", "SystemSecondEconomy":"$economy_None;", "SystemSecondEconomy_Localised":"None", "SystemGovernment":"$government_None;", "SystemGovernment_Localised":"None", "SystemSecurity":"$GAlAXY_MAP_INFO_state_anarchy;", "SystemSecurity_Localised":"Anarchy", "Population":0, "JumpDist":51.324, "FuelUsed":4.765766, "FuelLevel":25.725283 }
{ "timestamp":"2018-04-13T20:10:11Z", "event":"Music", "MusicTrack":"Supercruise" }
{ "timestamp":"2018-04-13T20:10:16Z", "event":"DiscoveryScan", "SystemAddress":1988602830394, "Bodies":3 }
{ "timestamp":"2018-04-13T20:10:16Z", "event":"DiscoveryScan", "SystemAddress":1988602830394, "Bodies":1 }
{ "timestamp":"2018-04-13T20:10:20Z", "event":"DiscoveryScan", "SystemAddress":1988602830394, "Bodies":4 }
{ "timestamp":"2018-04-13T20:10:25Z", "event":"Music", "MusicTrack":"SystemMap" }
{ "timestamp":"2018-04-13T20:10:29Z", "event":"Music", "MusicTrack":"Supercruise" }
{ "timestamp":"2018-04-13T20:10:29Z", "event":"FuelScoop", "Scooped":2.501095, "Total":28.226389 }
{ "timestamp":"2018-04-13T20:11:11Z", "event":"Scan", "ScanType":"Detailed", "BodyName":"Floabs AI-Q c6-7 1", "BodyID":5, "Parents":[ {"Star":0} ], "DistanceFromArrivalLS":236.824356, "TidalLock":true, "TerraformState":"Terraformable", "PlanetClass":"Water world", "Atmosphere":"thick argon rich atmosphere", "AtmosphereType":"ArgonRich", "AtmosphereComposition":[ { "Name":"Nitrogen", "Percent":96.634087 }, { "Name":"Argon", "Percent":3.148214 }, { "Name":"Ammonia", "Percent":0.170265 } ], "Volcanism":"", "MassEM":0.577074, "Radius":5705108.000000, "SurfaceGravity":7.066642, "SurfaceTemperature":299.621613, "SurfacePressure":24974632.000000, "Landable":false, "Composition":{ "Ice":0.258149, "Rock":0.496643, "Metal":0.245208 }, "SemiMajorAxis":70969655296.000000, "Eccentricity":0.000431, "OrbitalInclination":0.075686, "Periapsis":213.083420, "OrbitalPeriod":13041456.000000, "RotationPeriod":13042108.000000, "AxialTilt":0.178883 }
{ "timestamp":"2018-04-13T20:11:40Z", "event":"Music", "MusicTrack":"SystemMap" }
{ "timestamp":"2018-04-13T20:11:48Z", "event":"Music", "MusicTrack":"Supercruise" }
{ "timestamp":"2018-04-13T20:20:03Z", "event":"StartJump", "JumpType":"Hyperspace", "StarSystem":"Floabs CH-U d3-42", "SystemAddress":1451170320163, "StarClass":"G" }
{ "timestamp":"2018-04-13T20:20:08Z", "event":"Music", "MusicTrack":"NoTrack" }
{ "timestamp":"2018-04-13T20:20:21Z", "event":"FSDJump", "StarSystem":"Floabs CH-U d3-42", "SystemAddress":1451170320163, "StarPos":[-11541.84375,-730.56250,14654.18750], "SystemAllegiance":"", "SystemEconomy":"$economy_None;", "SystemEconomy_Localised":"None", "SystemSecondEconomy":"$economy_None;", "SystemSecondEconomy_Localised":"None", "SystemGovernment":"$government_None;", "SystemGovernment_Localised":"None", "SystemSecurity":"$GAlAXY_MAP_INFO_state_anarchy;", "SystemSecurity_Localised":"Anarchy", "Population":0, "JumpDist":53.042, "FuelUsed":5.087561, "FuelLevel":23.138828 }
{ "timestamp":"2018-04-13T20:20:21Z", "event":"Music", "MusicTrack":"Supercruise" }
{ "timestamp":"2018-04-13T20:20:27Z", "event":"DiscoveryScan", "SystemAddress":1451170320163, "Bodies":1 }
{ "timestamp":"2018-04-13T20:20:29Z", "event":"DiscoveryScan", "SystemAddress":1451170320163, "Bodies":4 }
{ "timestamp":"2018-04-13T20:20:32Z", "event":"Music", "MusicTrack":"SystemMap" }
{ "timestamp":"2018-04-13T20:20:33Z", "event":"Music", "MusicTrack":"Supercruise" }
{ "timestamp":"2018-04-13T20:20:45Z", "event":"FuelScoop", "Scooped":5.004210, "Total":28.143011 }
{ "timestamp":"2018-04-13T20:20:54Z", "event":"FuelScoop", "Scooped":2.089605, "Total":30.232630 }
{ "timestamp":"2018-04-13T20:21:10Z", "event":"StartJump", "JumpType":"Hyperspace", "StarSystem":"Floabs GN-S d4-105", "SystemAddress":3615833837355, "StarClass":"F" }
{ "timestamp":"2018-04-13T20:21:15Z", "event":"Music", "MusicTrack":"NoTrack" }
{ "timestamp":"2018-04-13T20:21:28Z", "event":"FSDJump", "StarSystem":"Floabs GN-S d4-105", "SystemAddress":3615833837355, "StarPos":[-11522.34375,-738.53125,14701.90625], "SystemAllegiance":"", "SystemEconomy":"$economy_None;", "SystemEconomy_Localised":"None", "SystemSecondEconomy":"$economy_None;", "SystemSecondEconomy_Localised":"None", "SystemGovernment":"$government_None;", "SystemGovernment_Localised":"None", "SystemSecurity":"$GAlAXY_MAP_INFO_state_anarchy;", "SystemSecurity_Localised":"Anarchy", "Population":0, "JumpDist":52.162, "FuelUsed":4.949508, "FuelLevel":24.763123 }
{ "timestamp":"2018-04-13T20:21:28Z", "event":"Music", "MusicTrack":"Supercruise" }
{ "timestamp":"2018-04-13T20:21:34Z", "event":"DiscoveryScan", "SystemAddress":3615833837355, "Bodies":1 }
{ "timestamp":"2018-04-13T20:21:35Z", "event":"DiscoveryScan", "SystemAddress":3615833837355, "Bodies":2 }
{ "timestamp":"2018-04-13T20:21:51Z", "event":"FuelScoop", "Scooped":5.004006, "Total":29.767117 }
{ "timestamp":"2018-04-13T20:22:00Z", "event":"FuelScoop", "Scooped":1.829960, "Total":31.597065 }
{ "timestamp":"2018-04-13T20:22:17Z", "event":"StartJump", "JumpType":"Hyperspace", "StarSystem":"Floabs TB-J c10-9", "SystemAddress":2538425720410, "StarClass":"K" }
{ "timestamp":"2018-04-13T20:22:22Z", "event":"Music", "MusicTrack":"NoTrack" }
{ "timestamp":"2018-04-13T20:22:35Z", "event":"FSDJump", "StarSystem":"Floabs TB-J c10-9", "SystemAddress":2538425720410, "StarPos":[-11508.34375,-750.87500,14751.18750], "SystemAllegiance":"", "SystemEconomy":"$economy_None;", "SystemEconomy_Localised":"None", "SystemSecondEconomy":"$economy_None;", "SystemSecondEconomy_Localised":"None", "SystemGovernment":"$government_None;", "SystemGovernment_Localised":"None", "SystemSecurity":"$GAlAXY_MAP_INFO_state_anarchy;", "SystemSecurity_Localised":"Anarchy", "Population":0, "JumpDist":52.697, "FuelUsed":5.121926, "FuelLevel":26.475140 }
{ "timestamp":"2018-04-13T20:22:36Z", "event":"Music", "MusicTrack":"Supercruise" }
{ "timestamp":"2018-04-13T20:22:41Z", "event":"DiscoveryScan", "SystemAddress":2538425720410, "Bodies":1 }
{ "timestamp":"2018-04-13T20:22:43Z", "event":"DiscoveryScan", "SystemAddress":2538425720410, "Bodies":27 }
{ "timestamp":"2018-04-13T20:22:58Z", "event":"FuelScoop", "Scooped":5.002269, "Total":31.477390 }
{ "timestamp":"2018-04-13T20:23:00Z", "event":"FuelScoop", "Scooped":0.522603, "Total":32.000000 }
{ "timestamp":"2018-04-13T20:23:05Z", "event":"Music", "MusicTrack":"SystemMap" }
{ "timestamp":"2018-04-13T20:23:14Z", "event":"Music", "MusicTrack":"Supercruise" }
{ "timestamp":"2018-04-13T20:23:17Z", "event":"Scan", "ScanType":"Detailed", "BodyName":"Floabs TB-J c10-9 B", "BodyID":3, "Parents":[ {"Null":2}, {"Null":0} ], "DistanceFromArrivalLS":616.760864, "StarType":"M", "StellarMass":0.222656, "Radius":287895552.000000, "AbsoluteMagnitude":10.842728, "Age_MY":7456, "SurfaceTemperature":2250.000000, "Luminosity":"Va", "SemiMajorAxis":1207419520.000000, "Eccentricity":0.066800, "OrbitalInclination":49.490204, "Periapsis":203.841980, "OrbitalPeriod":335945.937500, "RotationPeriod":125467.992188, "AxialTilt":0.000000 }
{ "timestamp":"2018-04-13T20:23:34Z", "event":"StartJump", "JumpType":"Hyperspace", "StarSystem":"Floabs YH-H c11-3", "SystemAddress":889225387618, "StarClass":"K" }
{ "timestamp":"2018-04-13T20:23:40Z", "event":"Music", "MusicTrack":"NoTrack" }
{ "timestamp":"2018-04-13T20:23:53Z", "event":"FSDJump", "StarSystem":"Floabs YH-H c11-3", "SystemAddress":889225387618, "StarPos":[-11492.25000,-750.71875,14799.65625], "SystemAllegiance":"", "SystemEconomy":"$economy_None;", "SystemEconomy_Localised":"None", "SystemSecondEconomy":"$economy_None;", "SystemSecondEconomy_Localised":"None", "SystemGovernment":"$government_None;", "SystemGovernment_Localised":"None", "SystemSecurity":"$GAlAXY_MAP_INFO_state_anarchy;", "SystemSecurity_Localised":"Anarchy", "Population":0, "JumpDist":51.071, "FuelUsed":4.756039, "FuelLevel":27.243961 }
{ "timestamp":"2018-04-13T20:23:53Z", "event":"Music", "MusicTrack":"Supercruise" }
{ "timestamp":"2018-04-13T20:23:59Z", "event":"DiscoveryScan", "SystemAddress":889225387618, "Bodies":2 }
{ "timestamp":"2018-04-13T20:23:59Z", "event":"DiscoveryScan", "SystemAddress":889225387618, "Bodies":1 }
{ "timestamp":"2018-04-13T20:23:59Z", "event":"DiscoveryScan", "SystemAddress":889225387618, "Bodies":1 }
{ "timestamp":"2018-04-13T20:24:02Z", "event":"DiscoveryScan", "SystemAddress":889225387618, "Bodies":19 }
{ "timestamp":"2018-04-13T20:24:14Z", "event":"Music", "MusicTrack":"SystemMap" }
{ "timestamp":"2018-04-13T20:24:16Z", "event":"FuelScoop", "Scooped":4.756040, "Total":32.000000 }
{ "timestamp":"2018-04-13T20:24:22Z", "event":"Music", "MusicTrack":"Supercruise" }
{ "timestamp":"2018-04-13T20:24:33Z", "event":"Music", "MusicTrack":"GalaxyMap" }
{ "timestamp":"2018-04-13T20:24:40Z", "event":"StartJump", "JumpType":"Hyperspace", "StarSystem":"Floabs CO-F c12-12", "SystemAddress":3363126550122, "StarClass":"K" }
{ "timestamp":"2018-04-13T20:24:40Z", "event":"Music", "MusicTrack":"Supercruise" }
{ "timestamp":"2018-04-13T20:24:45Z", "event":"Music", "MusicTrack":"NoTrack" }
{ "timestamp":"2018-04-13T20:24:59Z", "event":"FSDJump", "StarSystem":"Floabs CO-F c12-12", "SystemAddress":3363126550122, "StarPos":[-11484.21875,-763.78125,14851.43750], "SystemAllegiance":"", "SystemEconomy":"$economy_None;", "SystemEconomy_Localised":"None", "SystemSecondEconomy":"$economy_None;", "SystemSecondEconomy_Localised":"None", "SystemGovernment":"$government_None;", "SystemGovernment_Localised":"None", "SystemSecurity":"$GAlAXY_MAP_INFO_state_anarchy;", "SystemSecurity_Localised":"Anarchy", "Population":0, "JumpDist":54.004, "FuelUsed":5.453490, "FuelLevel":26.546511 }
{ "timestamp":"2018-04-13T20:24:59Z", "event":"Music", "MusicTrack":"Supercruise" }
{ "timestamp":"2018-04-13T20:25:05Z", "event":"DiscoveryScan", "SystemAddress":3363126550122, "Bodies":5 }
{ "timestamp":"2018-04-13T20:25:06Z", "event":"DiscoveryScan", "SystemAddress":3363126550122, "Bodies":11 }
{ "timestamp":"2018-04-13T20:25:07Z", "event":"Music", "MusicTrack":"SystemMap" }
{ "timestamp":"2018-04-13T20:25:17Z", "event":"Music", "MusicTrack":"Supercruise" }
{ "timestamp":"2018-04-13T20:25:18Z", "event":"FuelScoop", "Scooped":2.330173, "Total":28.876688 }
{ "timestamp":"2018-04-13T20:25:35Z", "event":"StartJump", "JumpType":"Hyperspace", "StarSystem":"Floabs KA-C c14-4", "SystemAddress":1164103294586, "StarClass":"G" }
{ "timestamp":"2018-04-13T20:25:40Z", "event":"Music", "MusicTrack":"NoTrack" }
{ "timestamp":"2018-04-13T20:25:54Z", "event":"FSDJump", "StarSystem":"Floabs KA-C c14-4", "SystemAddress":1164103294586, "StarPos":[-11467.34375,-762.71875,14902.68750], "SystemAllegiance":"", "SystemEconomy":"$economy_None;", "SystemEconomy_Localised":"None", "SystemSecondEconomy":"$economy_None;", "SystemSecondEconomy_Localised":"None", "SystemGovernment":"$government_None;", "SystemGovernment_Localised":"None", "SystemSecurity":"$GAlAXY_MAP_INFO_state_anarchy;", "SystemSecurity_Localised":"Anarchy", "Population":0, "JumpDist":53.967, "FuelUsed":5.330897, "FuelLevel":23.545792 }
{ "timestamp":"2018-04-13T20:25:54Z", "event":"Music", "MusicTrack":"Supercruise" }
{ "timestamp":"2018-04-13T20:26:00Z", "event":"DiscoveryScan", "SystemAddress":1164103294586, "Bodies":5 }
{ "timestamp":"2018-04-13T20:26:00Z", "event":"DiscoveryScan", "SystemAddress":1164103294586, "Bodies":19 }
{ "timestamp":"2018-04-13T20:26:16Z", "event":"FuelScoop", "Scooped":5.005640, "Total":28.551422 }
{ "timestamp":"2018-04-13T20:26:19Z", "event":"Music", "MusicTrack":"SystemMap" }
{ "timestamp":"2018-04-13T20:26:26Z", "event":"FuelScoop", "Scooped":2.307654, "Total":30.859085 }
{ "timestamp":"2018-04-13T20:27:02Z", "event":"Music", "MusicTrack":"Supercruise" }
{ "timestamp":"2018-04-13T20:27:10Z", "event":"Music", "MusicTrack":"GalaxyMap" }
{ "timestamp":"2018-04-13T20:27:19Z", "event":"StartJump", "JumpType":"Hyperspace", "StarSystem":"Floabs VA-N d7-178", "SystemAddress":6124111499075, "StarClass":"F" }
{ "timestamp":"2018-04-13T20:27:19Z", "event":"Music", "MusicTrack":"Supercruise" }
{ "timestamp":"2018-04-13T20:27:24Z", "event":"Music", "MusicTrack":"NoTrack" }
{ "timestamp":"2018-04-13T20:27:37Z", "event":"FSDJump", "StarSystem":"Floabs VA-N d7-178", "SystemAddress":6124111499075, "StarPos":[-11463.18750,-751.00000,14946.50000], "SystemAllegiance":"", "SystemEconomy":"$economy_None;", "SystemEconomy_Localised":"None", "SystemSecondEconomy":"$economy_None;", "SystemSecondEconomy_Localised":"None", "SystemGovernment":"$government_None;", "SystemGovernment_Localised":"None", "SystemSecurity":"$GAlAXY_MAP_INFO_state_anarchy;", "SystemSecurity_Localised":"Anarchy", "Population":0, "JumpDist":45.543, "FuelUsed":3.564975, "FuelLevel":27.294109 }
{ "timestamp":"2018-04-13T20:27:38Z", "event":"Music", "MusicTrack":"Supercruise" }
{ "timestamp":"2018-04-13T20:27:43Z", "event":"DiscoveryScan", "SystemAddress":6124111499075, "Bodies":1 }
{ "timestamp":"2018-04-13T20:27:45Z", "event":"DiscoveryScan", "SystemAddress":6124111499075, "Bodies":12 }
{ "timestamp":"2018-04-13T20:27:56Z", "event":"Music", "MusicTrack":"SystemMap" }
{ "timestamp":"2018-04-13T20:27:59Z", "event":"FuelScoop", "Scooped":4.705900, "Total":32.000000 }
{ "timestamp":"2018-04-13T20:28:02Z", "event":"Music", "MusicTrack":"Supercruise" }
{ "timestamp":"2018-04-13T20:28:56Z", "event":"Scan", "ScanType":"Detailed", "BodyName":"Floabs VA-N d7-178 1", "BodyID":1, "Parents":[ {"Star":0} ], "DistanceFromArrivalLS":361.166870, "TidalLock":false, "TerraformState":"", "PlanetClass":"High metal content body", "Atmosphere":"hot sulfur dioxide atmosphere", "AtmosphereType":"SulphurDioxide", "AtmosphereComposition":[ { "Name":"SulphurDioxide", "Percent":66.864685 }, { "Name":"CarbonDioxide", "Percent":33.135323 } ], "Volcanism":"", "MassEM":0.529471, "Radius":5021495.000000, "SurfaceGravity":8.369226, "SurfaceTemperature":628.482483, "SurfacePressure":150402.750000, "Landable":false, "Composition":{ "Ice":0.000000, "Rock":0.672597, "Metal":0.327403 }, "SemiMajorAxis":108303278080.000000, "Eccentricity":0.000362, "OrbitalInclination":0.061842, "Periapsis":90.815857, "OrbitalPeriod":16916040.000000, "RotationPeriod":103647.648438, "AxialTilt":-0.444998 }
{ "timestamp":"2018-04-13T20:29:05Z", "event":"Music", "MusicTrack":"GalaxyMap" }
{ "timestamp":"2018-04-13T20:29:21Z", "event":"Music", "MusicTrack":"Supercruise" }
{ "timestamp":"2018-04-13T20:30:32Z", "event":"Music", "MusicTrack":"SystemMap" }
{ "timestamp":"2018-04-13T20:30:32Z", "event":"Music", "MusicTrack":"Supercruise" }
{ "timestamp":"2018-04-13T20:30:45Z", "event":"Music", "MusicTrack":"SystemMap" }
{ "timestamp":"2018-04-13T20:30:50Z", "event":"Music", "MusicTrack":"Supercruise" }
{ "timestamp":"2018-04-13T20:31:18Z", "event":"Scan", "ScanType":"Detailed", "BodyName":"Floabs VA-N d7-178 10 a", "BodyID":14, "Parents":[ {"Planet":13}, {"Star":0} ], "DistanceFromArrivalLS":3666.039063, "TidalLock":false, "TerraformState":"", "PlanetClass":"Icy body", "Atmosphere":"", "AtmosphereType":"None", "Volcanism":"", "MassEM":0.047186, "Radius":3030304.000000, "SurfaceGravity":2.048085, "SurfaceTemperature":110.896507, "SurfacePressure":0.000000, "Landable":true, "Materials":[ { "Name":"sulphur", "Percent":24.898233 }, { "Name":"carbon", "Percent":20.936836 }, { "Name":"iron", "Percent":14.068439 }, { "Name":"phosphorus", "Percent":13.404122 }, { "Name":"nickel", "Percent":10.640777 }, { "Name":"manganese", "Percent":5.810122 }, { "Name":"selenium", "Percent":3.896784 }, { "Name":"zinc", "Percent":3.823275 }, { "Name":"niobium", "Percent":0.961503 }, { "Name":"antimony", "Percent":0.787410 }, { "Name":"tungsten", "Percent":0.772499 } ], "Composition":{ "Ice":0.704608, "Rock":0.254490, "Metal":0.040903 }, "SemiMajorAxis":2110797952.000000, "Eccentricity":0.000000, "OrbitalInclination":26.625692, "Periapsis":12.070085, "OrbitalPeriod":33098560.000000, "RotationPeriod":66194.523438, "AxialTilt":0.452687 }
{ "timestamp":"2018-04-13T20:31:34Z", "event":"Scan", "ScanType":"Detailed", "BodyName":"Floabs VA-N d7-178 10", "BodyID":13, "Parents":[ {"Star":0} ], "DistanceFromArrivalLS":3665.489014, "TidalLock":false, "TerraformState":"", "PlanetClass":"Rocky ice body", "Atmosphere":"thick argon rich atmosphere", "AtmosphereType":"ArgonRich", "AtmosphereComposition":[ { "Name":"Nitrogen", "Percent":99.009666 }, { "Name":"Argon", "Percent":0.990097 } ], "Volcanism":"major water geysers volcanism", "MassEM":0.803096, "Radius":6636333.500000, "SurfaceGravity":7.268093, "SurfaceTemperature":161.916138, "SurfacePressure":130310056.000000, "Landable":false, "Composition":{ "Ice":0.400457, "Rock":0.399980, "Metal":0.199563 }, "SemiMajorAxis":1105449451520.000000, "Eccentricity":0.016765, "OrbitalInclination":-0.266938, "Periapsis":355.800903, "OrbitalPeriod":551625856.000000, "RotationPeriod":55282.976563, "AxialTilt":-2.080305 }
{ "timestamp":"2018-04-13T20:31:59Z", "event":"Scan", "ScanType":"Detailed", "BodyName":"Floabs VA-N d7-178", "BodyID":0, "DistanceFromArrivalLS":0.000000, "StarType":"F", "StellarMass":1.320313, "Radius":906603520.000000, "AbsoluteMagnitude":3.491577, "Age_MY":688, "SurfaceTemperature":6887.000000, "Luminosity":"Vab", "RotationPeriod":235148.375000, "AxialTilt":0.000000 }
{ "timestamp":"2018-04-13T20:32:48Z", "event":"Music", "MusicTrack":"SystemMap" }
{ "timestamp":"2018-04-13T20:32:49Z", "event":"Music", "MusicTrack":"Supercruise" }
{ "timestamp":"2018-04-13T20:33:21Z", "event":"Scan", "ScanType":"Detailed", "BodyName":"Floabs VA-N d7-178 6", "BodyID":8, "Parents":[ {"Null":6}, {"Star":0} ], "DistanceFromArrivalLS":1522.451538, "TidalLock":false, "TerraformState":"", "PlanetClass":"High metal content body", "Atmosphere":"carbon dioxide rich atmosphere", "AtmosphereType":"CarbonDioxideRich", "AtmosphereComposition":[ { "Name":"Oxygen", "Percent":87.387421 }, { "Name":"CarbonDioxide", "Percent":9.208405 }, { "Name":"Nitrogen", "Percent":3.193094 } ], "Volcanism":"", "MassEM":0.238375, "Radius":3939443.250000, "SurfaceGravity":6.122105, "SurfaceTemperature":231.759644, "SurfacePressure":11401.879883, "Landable":false, "Composition":{ "Ice":0.000000, "Rock":0.689006, "Metal":0.310994 }, "SemiMajorAxis":641443520.000000, "Eccentricity":0.027758, "OrbitalInclination":7.935785, "Periapsis":135.976074, "OrbitalPeriod":10905839.000000, "RotationPeriod":283309.500000, "AxialTilt":0.514043 }
{ "timestamp":"2018-04-13T20:33:26Z", "event":"Music", "MusicTrack":"SystemMap" }
{ "timestamp":"2018-04-13T20:33:27Z", "event":"Music", "MusicTrack":"Supercruise" }
{ "timestamp":"2018-04-13T20:33:36Z", "event":"Scan", "ScanType":"Detailed", "BodyName":"Floabs VA-N d7-178 5", "BodyID":7, "Parents":[ {"Null":6}, {"Star":0} ], "DistanceFromArrivalLS":1520.227539, "TidalLock":false, "TerraformState":"", "PlanetClass":"High metal content body", "Atmosphere":"carbon dioxide rich atmosphere", "AtmosphereType":"CarbonDioxideRich", "AtmosphereComposition":[ { "Name":"Nitrogen", "Percent":98.837799 }, { "Name":"CarbonDioxide", "Percent":1.136277 } ], "Volcanism":"", "MassEM":0.487363, "Radius":4884444.000000, "SurfaceGravity":8.142017, "SurfaceTemperature":244.566849, "SurfacePressure":316993.593750, "Landable":false, "Composition":{ "Ice":0.000000, "Rock":0.664588, "Metal":0.335412 }, "SemiMajorAxis":313737568.000000, "Eccentricity":0.027758, "OrbitalInclination":7.935785, "Periapsis":315.976074, "OrbitalPeriod":10905839.000000, "RotationPeriod":50768.437500, "AxialTilt":-0.914777 }
{ "timestamp":"2018-04-13T20:33:50Z", "event":"Music", "MusicTrack":"SystemMap" }
{ "timestamp":"2018-04-13T20:33:51Z", "event":"Music", "MusicTrack":"Supercruise" }
{ "timestamp":"2018-04-13T20:33:54Z", "event":"Music", "MusicTrack":"SystemMap" }
{ "timestamp":"2018-04-13T20:34:00Z", "event":"Music", "MusicTrack":"Supercruise" }
{ "timestamp":"2018-04-13T20:35:33Z", "event":"Scan", "ScanType":"Detailed", "BodyName":"Floabs VA-N d7-178 7", "BodyID":9, "Parents":[ {"Star":0} ], "DistanceFromArrivalLS":2155.199707, "TidalLock":false, "TerraformState":"", "PlanetClass":"High metal content body", "Atmosphere":"carbon dioxide rich atmosphere", "AtmosphereType":"CarbonDioxideRich", "AtmosphereComposition":[ { "Name":"Nitrogen", "Percent":99.385750 }, { "Name":"CarbonDioxide", "Percent":0.600879 } ], "Volcanism":"", "MassEM":0.363318, "Radius":4471703.500000, "SurfaceGravity":7.241866, "SurfaceTemperature":194.548080, "SurfacePressure":248244.171875, "Landable":false, "Composition":{ "Ice":0.000000, "Rock":0.672608, "Metal":0.327392 }, "SemiMajorAxis":645074452480.000000, "Eccentricity":0.001682, "OrbitalInclination":-0.302319, "Periapsis":171.100433, "OrbitalPeriod":245895760.000000, "RotationPeriod":128841.117188, "AxialTilt":0.070131 }
{ "timestamp":"2018-04-13T20:35:53Z", "event":"Music", "MusicTrack":"SystemMap" }
{ "timestamp":"2018-04-13T20:35:54Z", "event":"Music", "MusicTrack":"Supercruise" }
{ "timestamp":"2018-04-13T20:37:06Z", "event":"Scan", "ScanType":"Detailed", "BodyName":"Floabs VA-N d7-178 8", "BodyID":11, "Parents":[ {"Null":10}, {"Star":0} ], "DistanceFromArrivalLS":2758.102051, "TidalLock":false, "TerraformState":"", "PlanetClass":"Rocky ice body", "Atmosphere":"thick argon rich atmosphere", "AtmosphereType":"ArgonRich", "AtmosphereComposition":[ { "Name":"Nitrogen", "Percent":93.152222 }, { "Name":"Argon", "Percent":6.779496 }, { "Name":"Oxygen", "Percent":0.066321 } ], "Volcanism":"water geysers volcanism", "MassEM":0.665692, "Radius":6310142.000000, "SurfaceGravity":6.663530, "SurfaceTemperature":164.943451, "SurfacePressure":16670752.000000, "Landable":false, "Composition":{ "Ice":0.417335, "Rock":0.391906, "Metal":0.190759 }, "SemiMajorAxis":1431984128.000000, "Eccentricity":0.033882, "OrbitalInclination":7.573173, "Periapsis":164.311615, "OrbitalPeriod":44598756.000000, "RotationPeriod":76327.171875, "AxialTilt":-0.177432 }
{ "timestamp":"2018-04-13T20:37:28Z", "event":"Scan", "ScanType":"Detailed", "BodyName":"Floabs VA-N d7-178 9", "BodyID":12, "Parents":[ {"Null":10}, {"Star":0} ], "DistanceFromArrivalLS":2756.234619, "TidalLock":false, "TerraformState":"", "PlanetClass":"Rocky ice body", "Atmosphere":"thick argon rich atmosphere", "AtmosphereType":"ArgonRich", "AtmosphereComposition":[ { "Name":"Nitrogen", "Percent":99.009636 }, { "Name":"Argon", "Percent":0.990096 } ], "Volcanism":"water geysers volcanism", "MassEM":0.624303, "Radius":6187789.000000, "SurfaceGravity":6.498810, "SurfaceTemperature":184.249084, "SurfacePressure":108576056.000000, "Landable":false, "Composition":{ "Ice":0.417335, "Rock":0.391906, "Metal":0.190759 }, "SemiMajorAxis":1526919424.000000, "Eccentricity":0.033882, "OrbitalInclination":7.573173, "Periapsis":344.311615, "OrbitalPeriod":44598756.000000, "RotationPeriod":136243.875000, "AxialTilt":0.300303 }
{ "timestamp":"2018-04-13T20:37:55Z", "event":"Music", "MusicTrack":"GalaxyMap" }
{ "timestamp":"2018-04-13T20:38:09Z", "event":"Music", "MusicTrack":"Supercruise" }
{ "timestamp":"2018-04-13T20:38:50Z", "event":"Scan", "ScanType":"Detailed", "BodyName":"Floabs VA-N d7-178 2", "BodyID":2, "Parents":[ {"Star":0} ], "DistanceFromArrivalLS":499.233765, "TidalLock":false, "TerraformState":"", "PlanetClass":"High metal content body", "Atmosphere":"hot thick carbon dioxide atmosphere", "AtmosphereType":"CarbonDioxide", "AtmosphereComposition":[ { "Name":"CarbonDioxide", "Percent":99.009720 }, { "Name":"SulphurDioxide", "Percent":0.990097 } ], "Volcanism":"major rocky magma volcanism", "MassEM":0.886251, "Radius":5857345.000000, "SurfaceGravity":10.295906, "SurfaceTemperature":1034.888794, "SurfacePressure":15203851.000000, "Landable":false, "Composition":{ "Ice":0.000000, "Rock":0.665236, "Metal":0.334764 }, "SemiMajorAxis":149779185664.000000, "Eccentricity":0.000906, "OrbitalInclination":0.031379, "Periapsis":6.286912, "OrbitalPeriod":27511450.000000, "RotationPeriod":61628.039063, "AxialTilt":0.948774 }
{ "timestamp":"2018-04-13T20:39:11Z", "event":"Music", "MusicTrack":"SystemMap" }
{ "timestamp":"2018-04-13T20:39:22Z", "event":"Music", "MusicTrack":"Supercruise" }
{ "timestamp":"2018-04-13T20:39:23Z", "event":"Scan", "ScanType":"Detailed", "BodyName":"Floabs VA-N d7-178 2 a", "BodyID":3, "Parents":[ {"Planet":2}, {"Star":0} ], "DistanceFromArrivalLS":499.752533, "TidalLock":true, "TerraformState":"", "PlanetClass":"Rocky body", "Atmosphere":"", "AtmosphereType":"None", "Volcanism":"", "MassEM":0.034531, "Radius":2224828.750000, "SurfaceGravity":2.780519, "SurfaceTemperature":340.153381, "SurfacePressure":0.000000, "Landable":true, "Materials":[ { "Name":"iron", "Percent":19.787529 }, { "Name":"sulphur", "Percent":17.841249 }, { "Name":"carbon", "Percent":15.002641 }, { "Name":"nickel", "Percent":14.966458 }, { "Name":"phosphorus", "Percent":9.604949 }, { "Name":"manganese", "Percent":8.172048 }, { "Name":"zinc", "Percent":5.377510 }, { "Name":"germanium", "Percent":5.237022 }, { "Name":"cadmium", "Percent":1.536591 }, { "Name":"molybdenum", "Percent":1.292114 }, { "Name":"yttrium", "Percent":1.181886 } ], "Composition":{ "Ice":0.000000, "Rock":0.861525, "Metal":0.138475 }, "SemiMajorAxis":234513568.000000, "Eccentricity":0.000000, "OrbitalInclination":38.700405, "Periapsis":349.023285, "OrbitalPeriod":1177861.125000, "RotationPeriod":1200588.500000, "AxialTilt":-0.249462 }
{ "timestamp":"2018-04-13T20:39:24Z", "event":"Music", "MusicTrack":"SystemMap" }
{ "timestamp":"2018-04-13T20:39:36Z", "event":"Music", "MusicTrack":"Supercruise" }
{ "timestamp":"2018-04-13T20:41:02Z", "event":"Music", "MusicTrack":"SystemMap" }
{ "timestamp":"2018-04-13T20:41:03Z", "event":"Music", "MusicTrack":"Supercruise" }
{ "timestamp":"2018-04-13T20:43:16Z", "event":"Scan", "ScanType":"Detailed", "BodyName":"Floabs VA-N d7-178 3", "BodyID":4, "Parents":[ {"Star":0} ], "DistanceFromArrivalLS":623.372314, "TidalLock":false, "TerraformState":"", "PlanetClass":"High metal content body", "Atmosphere":"hot thick carbon dioxide atmosphere", "AtmosphereType":"CarbonDioxide", "AtmosphereComposition":[ { "Name":"CarbonDioxide", "Percent":97.026787 }, { "Name":"SulphurDioxide", "Percent":2.973209 } ], "Volcanism":"", "MassEM":0.468233, "Radius":4835768.000000, "SurfaceGravity":7.980685, "SurfaceTemperature":759.934753, "SurfacePressure":3075612.250000, "Landable":false, "Composition":{ "Ice":0.000000, "Rock":0.672603, "Metal":0.327397 }, "SemiMajorAxis":186922008576.000000, "Eccentricity":0.000574, "OrbitalInclination":-0.113793, "Periapsis":102.411011, "OrbitalPeriod":38355436.000000, "RotationPeriod":95199.000000, "AxialTilt":-0.304109 }
{ "timestamp":"2018-04-13T20:44:25Z", "event":"Scan", "ScanType":"Detailed", "BodyName":"Floabs VA-N d7-178 4", "BodyID":5, "Parents":[ {"Star":0} ], "DistanceFromArrivalLS":900.900391, "TidalLock":false, "TerraformState":"Terraformable", "PlanetClass":"High metal content body", "Atmosphere":"hot thick carbon dioxide atmosphere", "AtmosphereType":"CarbonDioxide", "AtmosphereComposition":[ { "Name":"CarbonDioxide", "Percent":96.396812 }, { "Name":"SulphurDioxide", "Percent":3.603200 } ], "Volcanism":"", "MassEM":0.345671, "Radius":4403207.500000, "SurfaceGravity":7.106137, "SurfaceTemperature":598.883423, "SurfacePressure":1985978.875000, "Landable":false, "Composition":{ "Ice":0.000000, "Rock":0.672603, "Metal":0.327397 }, "SemiMajorAxis":270302511104.000000, "Eccentricity":0.000924, "OrbitalInclination":-0.005862, "Periapsis":308.282257, "OrbitalPeriod":66697784.000000, "RotationPeriod":140744.000000, "AxialTilt":0.185430 }
{ "timestamp":"2018-04-13T20:44:55Z", "event":"StartJump", "JumpType":"Hyperspace", "StarSystem":"Floabs TF-N d7-133", "SystemAddress":4577923288899, "StarClass":"F" }
{ "timestamp":"2018-04-13T20:45:00Z", "event":"Music", "MusicTrack":"NoTrack" }
{ "timestamp":"2018-04-13T20:45:13Z", "event":"FSDJump", "StarSystem":"Floabs TF-N d7-133", "SystemAddress":4577923288899, "StarPos":[-11463.68750,-707.46875,14976.09375], "SystemAllegiance":"", "SystemEconomy":"$economy_None;", "SystemEconomy_Localised":"None", "SystemSecondEconomy":"$economy_None;", "SystemSecondEconomy_Localised":"None", "SystemGovernment":"$government_None;", "SystemGovernment_Localised":"None", "SystemSecurity":"$GAlAXY_MAP_INFO_state_anarchy;", "SystemSecurity_Localised":"Anarchy", "Population":0, "JumpDist":52.640, "FuelUsed":5.104758, "FuelLevel":26.375242 }
{ "timestamp":"2018-04-13T20:45:13Z", "event":"Music", "MusicTrack":"Supercruise" }
{ "timestamp":"2018-04-13T20:45:19Z", "event":"DiscoveryScan", "SystemAddress":4577923288899, "Bodies":1 }
{ "timestamp":"2018-04-13T20:45:20Z", "event":"DiscoveryScan", "SystemAddress":4577923288899, "Bodies":14 }
{ "timestamp":"2018-04-13T20:45:36Z", "event":"Music", "MusicTrack":"SystemMap" }
{ "timestamp":"2018-04-13T20:45:37Z", "event":"FuelScoop", "Scooped":5.001143, "Total":31.376362 }
{ "timestamp":"2018-04-13T20:45:41Z", "event":"FuelScoop", "Scooped":0.320874, "Total":31.697239 }
{ "timestamp":"2018-04-13T20:45:49Z", "event":"Music", "MusicTrack":"Supercruise" }
{ "timestamp":"2018-04-13T20:46:16Z", "event":"Scan", "ScanType":"Detailed", "BodyName":"Floabs TF-N d7-133", "BodyID":0, "DistanceFromArrivalLS":0.000000, "StarType":"F", "StellarMass":1.226563, "Radius":844945024.000000, "AbsoluteMagnitude":3.988327, "Age_MY":2762, "SurfaceTemperature":6363.000000, "Luminosity":"Vab", "RotationPeriod":513751.000000, "AxialTilt":0.000000 }
{ "timestamp":"2018-04-13T20:46:51Z", "event":"Scan", "ScanType":"Detailed", "BodyName":"Floabs TF-N d7-133 1", "BodyID":2, "Parents":[ {"Null":1}, {"Star":0} ], "DistanceFromArrivalLS":137.147507, "TidalLock":true, "TerraformState":"", "PlanetClass":"High metal content body", "Atmosphere":"", "AtmosphereType":"None", "Volcanism":"major rocky magma volcanism", "MassEM":0.168271, "Radius":3509846.250000, "SurfaceGravity":5.444301, "SurfaceTemperature":579.062561, "SurfacePressure":0.000000, "Landable":true, "Materials":[ { "Name":"iron", "Percent":22.656540 }, { "Name":"nickel", "Percent":17.136457 }, { "Name":"sulphur", "Percent":15.982914 }, { "Name":"carbon", "Percent":13.439976 }, { "Name":"manganese", "Percent":9.356919 }, { "Name":"phosphorus", "Percent":8.604503 }, { "Name":"zinc", "Percent":6.157199 }, { "Name":"arsenic", "Percent":2.096203 }, { "Name":"cadmium", "Percent":1.759383 }, { "Name":"tin", "Percent":1.456669 }, { "Name":"yttrium", "Percent":1.353248 } ], "Composition":{ "Ice":0.000000, "Rock":0.668027, "Metal":0.331973 }, "SemiMajorAxis":18182382.000000, "Eccentricity":0.145398, "OrbitalInclination":2.356064, "Periapsis":194.086975, "OrbitalPeriod":133832.421875, "RotationPeriod":195004.187500, "AxialTilt":-0.021165 }
{ "timestamp":"2018-04-13T20:47:09Z", "event":"Scan", "ScanType":"Detailed", "BodyName":"Floabs TF-N d7-133 2", "BodyID":3, "Parents":[ {"Null":1}, {"Star":0} ], "DistanceFromArrivalLS":137.139893, "TidalLock":true, "TerraformState":"", "PlanetClass":"High metal content body", "Atmosphere":"", "AtmosphereType":"None", "Volcanism":"major rocky magma volcanism", "MassEM":0.149831, "Radius":3383327.250000, "SurfaceGravity":5.217014, "SurfaceTemperature":579.062561, "SurfacePressure":0.000000, "Landable":true, "Materials":[ { "Name":"iron", "Percent":21.894173 }, { "Name":"nickel", "Percent":16.559835 }, { "Name":"sulphur", "Percent":15.445106 }, { "Name":"carbon", "Percent":12.987735 }, { "Name":"chromium", "Percent":9.846536 }, { "Name":"manganese", "Percent":9.042070 }, { "Name":"phosphorus", "Percent":8.314971 }, { "Name":"arsenic", "Percent":2.025668 }, { "Name":"niobium", "Percent":1.496350 }, { "Name":"molybdenum", "Percent":1.429677 }, { "Name":"antimony", "Percent":0.957879 } ], "Composition":{ "Ice":0.000000, "Rock":0.668027, "Metal":0.331973 }, "SemiMajorAxis":20420148.000000, "Eccentricity":0.145398, "OrbitalInclination":2.356064, "Periapsis":14.086982, "OrbitalPeriod":133832.421875, "RotationPeriod":184009.312500, "AxialTilt":0.143380 }
{ "timestamp":"2018-04-13T20:47:33Z", "event":"Music", "MusicTrack":"SystemMap" }
{ "timestamp":"2018-04-13T20:47:34Z", "event":"Scan", "ScanType":"Detailed", "BodyName":"Floabs TF-N d7-133 3", "BodyID":5, "Parents":[ {"Null":4}, {"Star":0} ], "DistanceFromArrivalLS":260.517456, "TidalLock":true, "TerraformState":"", "PlanetClass":"High metal content body", "Atmosphere":"sulfur dioxide atmosphere", "AtmosphereType":"SulphurDioxide", "AtmosphereComposition":[ { "Name":"SulphurDioxide", "Percent":100.000000 } ], "Volcanism":"", "MassEM":1.189591, "Radius":6399093.500000, "SurfaceGravity":11.578972, "SurfaceTemperature":450.934998, "SurfacePressure":191187.953125, "Landable":false, "Composition":{ "Ice":0.000000, "Rock":0.668027, "Metal":0.331973 }, "SemiMajorAxis":21849910.000000, "Eccentricity":0.183673, "OrbitalInclination":1.507500, "Periapsis":46.703526, "OrbitalPeriod":493384.406250, "RotationPeriod":1295557.250000, "AxialTilt":0.305097 }
{ "timestamp":"2018-04-13T20:47:35Z", "event":"Music", "MusicTrack":"Supercruise" }
{ "timestamp":"2018-04-13T20:48:12Z", "event":"Scan", "ScanType":"Detailed", "BodyName":"Floabs TF-N d7-133 5", "BodyID":7, "Parents":[ {"Star":0} ], "DistanceFromArrivalLS":440.488708, "TidalLock":false, "TerraformState":"", "PlanetClass":"High metal content body", "Atmosphere":"hot thick carbon dioxide atmosphere", "AtmosphereType":"CarbonDioxide", "AtmosphereComposition":[ { "Name":"CarbonDioxide", "Percent":95.848190 }, { "Name":"Nitrogen", "Percent":3.193114 }, { "Name":"SulphurDioxide", "Percent":0.958482 } ], "Volcanism":"minor metallic magma volcanism", "MassEM":2.121289, "Radius":7572321.500000, "SurfaceGravity":14.745218, "SurfaceTemperature":1075.611450, "SurfacePressure":32347378.000000, "Landable":false, "Composition":{ "Ice":0.000000, "Rock":0.668027, "Metal":0.331973 }, "SemiMajorAxis":132058415104.000000, "Eccentricity":0.000691, "OrbitalInclination":-0.335797, "Periapsis":36.250286, "OrbitalPeriod":23629652.000000, "RotationPeriod":235757.421875, "AxialTilt":-0.440237 }
{ "timestamp":"2018-04-13T20:48:46Z", "event":"Scan", "ScanType":"Detailed", "BodyName":"Floabs TF-N d7-133 4", "BodyID":6, "Parents":[ {"Null":4}, {"Star":0} ], "DistanceFromArrivalLS":261.036499, "TidalLock":true, "TerraformState":"", "PlanetClass":"High metal content body", "Atmosphere":"sulfur dioxide atmosphere", "AtmosphereType":"SulphurDioxide", "AtmosphereComposition":[ { "Name":"SulphurDioxide", "Percent":100.000000 } ], "Volcanism":"", "MassEM":0.201792, "Radius":3716735.750000, "SurfaceGravity":5.822242, "SurfaceTemperature":434.598450, "SurfacePressure":37744.593750, "Landable":false, "Composition":{ "Ice":0.000000, "Rock":0.668027, "Metal":0.331973 }, "SemiMajorAxis":128808072.000000, "Eccentricity":0.183673, "OrbitalInclination":1.507500, "Periapsis":226.703506, "OrbitalPeriod":493384.406250, "RotationPeriod":533592.875000, "AxialTilt":-0.206692 }
{ "timestamp":"2018-04-13T20:49:02Z", "event":"Music", "MusicTrack":"SystemMap" }
{ "timestamp":"2018-04-13T20:49:05Z", "event":"Music", "MusicTrack":"Supercruise" }
{ "timestamp":"2018-04-13T20:50:10Z", "event":"Music", "MusicTrack":"SystemMap" }
{ "timestamp":"2018-04-13T20:50:13Z", "event":"Music", "MusicTrack":"Supercruise" }
{ "timestamp":"2018-04-13T20:50:20Z", "event":"Music", "MusicTrack":"SystemMap" }
{ "timestamp":"2018-04-13T20:50:25Z", "event":"Scan", "ScanType":"Detailed", "BodyName":"Floabs TF-N d7-133 7", "BodyID":9, "Parents":[ {"Star":0} ], "DistanceFromArrivalLS":1073.646729, "TidalLock":false, "TerraformState":"Terraformable", "PlanetClass":"High metal content body", "Atmosphere":"", "AtmosphereType":"None", "Volcanism":"minor silicate vapour geysers volcanism", "MassEM":1.587541, "Radius":6964601.500000, "SurfaceGravity":13.044933, "SurfaceTemperature":207.102890, "SurfacePressure":58.932514, "Landable":true, "Materials":[ { "Name":"iron", "Percent":22.189253 }, { "Name":"nickel", "Percent":16.783020 }, { "Name":"sulphur", "Percent":15.653263 }, { "Name":"carbon", "Percent":13.162772 }, { "Name":"chromium", "Percent":9.979243 }, { "Name":"phosphorus", "Percent":8.427032 }, { "Name":"vanadium", "Percent":5.448908 }, { "Name":"germanium", "Percent":4.590577 }, { "Name":"tin", "Percent":1.426626 }, { "Name":"ruthenium", "Percent":1.370328 }, { "Name":"mercury", "Percent":0.968968 } ], "Composition":{ "Ice":0.000000, "Rock":0.668026, "Metal":0.331974 }, "SemiMajorAxis":321773666304.000000, "Eccentricity":0.000488, "OrbitalInclination":-1.922533, "Periapsis":241.466797, "OrbitalPeriod":89874000.000000, "RotationPeriod":135415.375000, "AxialTilt":0.487706 }
{ "timestamp":"2018-04-13T20:50:28Z", "event":"Music", "MusicTrack":"Supercruise" }
{ "timestamp":"2018-04-13T20:51:17Z", "event":"StartJump", "JumpType":"Hyperspace", "StarSystem":"Floabs NB-Z c15-41", "SystemAddress":11334653058698, "StarClass":"G" }
{ "timestamp":"2018-04-13T20:51:22Z", "event":"Music", "MusicTrack":"NoTrack" }
{ "timestamp":"2018-04-13T20:51:36Z", "event":"FSDJump", "StarSystem":"Floabs NB-Z c15-41", "SystemAddress":11334653058698, "StarPos":[-11454.31250,-657.50000,14988.93750], "SystemAllegiance":"", "SystemEconomy":"$economy_None;", "SystemEconomy_Localised":"None", "SystemSecondEconomy":"$economy_None;", "SystemSecondEconomy_Localised":"None", "SystemGovernment":"$government_None;", "SystemGovernment_Localised":"None", "SystemSecurity":"$GAlAXY_MAP_INFO_state_anarchy;", "SystemSecurity_Localised":"Anarchy", "Population":0, "JumpDist":52.438, "FuelUsed":5.063695, "FuelLevel":26.633543 }
{ "timestamp":"2018-04-13T20:51:36Z", "event":"Music", "MusicTrack":"Supercruise" }
{ "timestamp":"2018-04-13T20:51:42Z", "event":"DiscoveryScan", "SystemAddress":11334653058698, "Bodies":1 }
{ "timestamp":"2018-04-13T20:51:43Z", "event":"DiscoveryScan", "SystemAddress":11334653058698, "Bodies":1 }
{ "timestamp":"2018-04-13T20:51:47Z", "event":"Music", "MusicTrack":"GalaxyMap" }
{ "timestamp":"2018-04-13T20:51:48Z", "event":"Music", "MusicTrack":"SystemMap" }
{ "timestamp":"2018-04-13T20:51:52Z", "event":"FuelScoop", "Scooped":1.661578, "Total":28.295130 }
{ "timestamp":"2018-04-13T20:51:53Z", "event":"Music", "MusicTrack":"Supercruise" }
{ "timestamp":"2018-04-13T20:52:05Z", "event":"Music", "MusicTrack":"SystemMap" }
{ "timestamp":"2018-04-13T20:52:25Z", "event":"Music", "MusicTrack":"Supercruise" }
{ "timestamp":"2018-04-13T20:52:45Z", "event":"StartJump", "JumpType":"Hyperspace", "StarSystem":"Floabs RK-N d7-124", "SystemAddress":4268685659971, "StarClass":"F" }
{ "timestamp":"2018-04-13T20:52:50Z", "event":"Music", "MusicTrack":"NoTrack" }
{ "timestamp":"2018-04-13T20:53:03Z", "event":"FSDJump", "StarSystem":"Floabs RK-N d7-124", "SystemAddress":4268685659971, "StarPos":[-11442.75000,-608.62500,15006.31250], "SystemAllegiance":"", "SystemEconomy":"$economy_None;", "SystemEconomy_Localised":"None", "SystemSecondEconomy":"$economy_None;", "SystemSecondEconomy_Localised":"None", "SystemGovernment":"$government_None;", "SystemGovernment_Localised":"None", "SystemSecurity":"$GAlAXY_MAP_INFO_state_anarchy;", "SystemSecurity_Localised":"Anarchy", "Population":0, "JumpDist":53.145, "FuelUsed":5.114216, "FuelLevel":23.180914 }
{ "timestamp":"2018-04-13T20:53:04Z", "event":"Music", "MusicTrack":"Supercruise" }
{ "timestamp":"2018-04-13T20:53:09Z", "event":"DiscoveryScan", "SystemAddress":4268685659971, "Bodies":1 }
{ "timestamp":"2018-04-13T20:53:10Z", "event":"DiscoveryScan", "SystemAddress":4268685659971, "Bodies":63 }
{ "timestamp":"2018-04-13T20:53:14Z", "event":"Music", "MusicTrack":"SystemMap" }
{ "timestamp":"2018-04-13T20:53:24Z", "event":"FuelScoop", "Scooped":2.556351, "Total":25.737289 }
{ "timestamp":"2018-04-13T20:54:28Z", "event":"Music", "MusicTrack":"Supercruise" }
{ "timestamp":"2018-04-13T20:54:39Z", "event":"SendText", "To":"local", "Message":"/beans 63 items" }
{ "timestamp":"2018-04-13T20:55:19Z", "event":"StartJump", "JumpType":"Hyperspace", "StarSystem":"Floabs NR-X c16-21", "SystemAddress":5837094985362, "StarClass":"K" }
{ "timestamp":"2018-04-13T20:55:24Z", "event":"Music", "MusicTrack":"NoTrack" }
{ "timestamp":"2018-04-13T20:55:37Z", "event":"FSDJump", "StarSystem":"Floabs NR-X c16-21", "SystemAddress":5837094985362, "StarPos":[-11435.25000,-560.59375,15027.93750], "SystemAllegiance":"", "SystemEconomy":"$economy_None;", "SystemEconomy_Localised":"None", "SystemSecondEconomy":"$economy_None;", "SystemSecondEconomy_Localised":"None", "SystemGovernment":"$government_None;", "SystemGovernment_Localised":"None", "SystemSecurity":"$GAlAXY_MAP_INFO_state_anarchy;", "SystemSecurity_Localised":"Anarchy", "Population":0, "JumpDist":53.206, "FuelUsed":5.022813, "FuelLevel":20.194475 }
{ "timestamp":"2018-04-13T20:55:37Z", "event":"Music", "MusicTrack":"Supercruise" }
{ "timestamp":"2018-04-13T20:55:43Z", "event":"DiscoveryScan", "SystemAddress":5837094985362, "Bodies":13 }
{ "timestamp":"2018-04-13T20:55:46Z", "event":"DiscoveryScan", "SystemAddress":5837094985362, "Bodies":15 }
{ "timestamp":"2018-04-13T20:55:48Z", "event":"Music", "MusicTrack":"SystemMap" }
{ "timestamp":"2018-04-13T20:55:57Z", "event":"FuelScoop", "Scooped":2.622522, "Total":22.816998 }
{ "timestamp":"2018-04-13T20:56:07Z", "event":"Music", "MusicTrack":"Supercruise" }
{ "timestamp":"2018-04-13T20:56:27Z", "event":"StartJump", "JumpType":"Hyperspace", "StarSystem":"Floabs LW-X c16-21", "SystemAddress":5837095018130, "StarClass":"K" }
{ "timestamp":"2018-04-13T20:56:32Z", "event":"Music", "MusicTrack":"NoTrack" }
{ "timestamp":"2018-04-13T20:56:45Z", "event":"FSDJump", "StarSystem":"Floabs LW-X c16-21", "SystemAddress":5837095018130, "StarPos":[-11435.37500,-510.68750,15046.87500], "SystemAllegiance":"", "SystemEconomy":"$economy_None;", "SystemEconomy_Localised":"None", "SystemSecondEconomy":"$economy_None;", "SystemSecondEconomy_Localised":"None", "SystemGovernment":"$government_None;", "SystemGovernment_Localised":"None", "SystemSecurity":"$GAlAXY_MAP_INFO_state_anarchy;", "SystemSecurity_Localised":"Anarchy", "Population":0, "JumpDist":53.379, "FuelUsed":4.979706, "FuelLevel":17.837292 }
{ "timestamp":"2018-04-13T20:56:46Z", "event":"Music", "MusicTrack":"Supercruise" }
{ "timestamp":"2018-04-13T20:56:51Z", "event":"DiscoveryScan", "SystemAddress":5837095018130, "Bodies":1 }
{ "timestamp":"2018-04-13T20:57:09Z", "event":"FuelScoop", "Scooped":4.279216, "Total":22.116512 }
{ "timestamp":"2018-04-13T20:57:29Z", "event":"StartJump", "JumpType":"Hyperspace", "StarSystem":"Floabs SA-M d8-155", "SystemAddress":5333854359371, "StarClass":"G" }
{ "timestamp":"2018-04-13T20:57:34Z", "event":"Music", "MusicTrack":"NoTrack" }
{ "timestamp":"2018-04-13T20:57:47Z", "event":"FSDJump", "StarSystem":"Floabs SA-M d8-155", "SystemAddress":5333854359371, "StarPos":[-11423.56250,-463.84375,15066.59375], "SystemAllegiance":"", "SystemEconomy":"$economy_None;", "SystemEconomy_Localised":"None", "SystemSecondEconomy":"$economy_None;", "SystemSecondEconomy_Localised":"None", "SystemGovernment":"$government_None;", "SystemGovernment_Localised":"None", "SystemSecurity":"$GAlAXY_MAP_INFO_state_anarchy;", "SystemSecurity_Localised":"Anarchy", "Population":0, "JumpDist":52.180, "FuelUsed":4.687436, "FuelLevel":17.429077 }
{ "timestamp":"2018-04-13T20:57:47Z", "event":"Music", "MusicTrack":"Supercruise" }
{ "timestamp":"2018-04-13T20:57:53Z", "event":"DiscoveryScan", "SystemAddress":5333854359371, "Bodies":5 }
{ "timestamp":"2018-04-13T20:57:54Z", "event":"DiscoveryScan", "SystemAddress":5333854359371, "Bodies":34 }
{ "timestamp":"2018-04-13T20:57:55Z", "event":"Music", "MusicTrack":"SystemMap" }
{ "timestamp":"2018-04-13T20:58:08Z", "event":"FuelScoop", "Scooped":3.280427, "Total":20.709524 }
{ "timestamp":"2018-04-13T20:58:49Z", "event":"Music", "MusicTrack":"Supercruise" }
{ "timestamp":"2018-04-13T21:00:04Z", "event":"Scan", "ScanType":"Detailed", "BodyName":"Floabs SA-M d8-155 6", "BodyID":56, "Parents":[ {"Star":0} ], "DistanceFromArrivalLS":2991.583740, "TidalLock":false, "TerraformState":"", "PlanetClass":"Water giant", "Atmosphere":"", "AtmosphereComposition":[ { "Name":"Water", "Percent":98.407440 }, { "Name":"Ammonia", "Percent":0.529072 }, { "Name":"Methane", "Percent":0.529072 } ], "Volcanism":"", "MassEM":25.892048, "Radius":18489512.000000, "SurfaceGravity":30.187347, "SurfaceTemperature":155.000168, "SurfacePressure":712711077888.000000, "Landable":false, "SemiMajorAxis":896935460864.000000, "Eccentricity":0.000607, "OrbitalInclination":5.722497, "Periapsis":204.347870, "OrbitalPeriod":473134336.000000, "RotationPeriod":87159.031250, "AxialTilt":0.323304 }
{ "timestamp":"2018-04-13T21:00:25Z", "event":"Scan", "ScanType":"Detailed", "BodyName":"Floabs SA-M d8-155 6 a", "BodyID":57, "Parents":[ {"Planet":56}, {"Star":0} ], "DistanceFromArrivalLS":2966.271973, "TidalLock":false, "TerraformState":"", "PlanetClass":"Icy body", "Atmosphere":"neon rich atmosphere", "AtmosphereType":"NeonRich", "AtmosphereComposition":[ { "Name":"Nitrogen", "Percent":99.674492 }, { "Name":"Neon", "Percent":0.196122 }, { "Name":"Argon", "Percent":0.075076 } ], "Volcanism":"", "MassEM":0.405089, "Radius":6271873.500000, "SurfaceGravity":4.104548, "SurfaceTemperature":98.665970, "SurfacePressure":133334.390625, "Landable":false, "Composition":{ "Ice":0.877452, "Rock":0.105214, "Metal":0.017334 }, "SemiMajorAxis":8223002112.000000, "Eccentricity":0.000000, "OrbitalInclination":-73.352379, "Periapsis":62.585316, "OrbitalPeriod":45762728.000000, "RotationPeriod":68358.328125, "AxialTilt":-0.384348 }
{ "timestamp":"2018-04-13T21:02:02Z", "event":"Music", "MusicTrack":"SystemMap" }
{ "timestamp":"2018-04-13T21:02:07Z", "event":"Music", "MusicTrack":"Supercruise" }
{ "timestamp":"2018-04-13T21:03:11Z", "event":"Music", "MusicTrack":"SystemMap" }
{ "timestamp":"2018-04-13T21:03:19Z", "event":"Music", "MusicTrack":"Supercruise" }
{ "timestamp":"2018-04-13T21:04:00Z", "event":"Music", "MusicTrack":"SystemMap" }
{ "timestamp":"2018-04-13T21:04:27Z", "event":"Music", "MusicTrack":"Supercruise" }
{ "timestamp":"2018-04-13T21:05:25Z", "event":"SupercruiseExit", "StarSystem":"Floabs SA-M d8-155", "SystemAddress":5333854359371, "Body":"Floabs SA-M d8-155 6", "BodyID":56, "BodyType":"Planet" }
{ "timestamp":"2018-04-13T21:05:25Z", "event":"Music", "MusicTrack":"Exploration" }
{ "timestamp":"2018-04-13T21:05:32Z", "event":"Music", "MusicTrack":"SystemMap" }
{ "timestamp":"2018-04-13T21:05:34Z", "event":"Music", "MusicTrack":"Exploration" }
{ "timestamp":"2018-04-13T21:06:03Z", "event":"Screenshot", "Filename":"\\ED_Pictures\\HighResScreenShot_2018-04-13_21-06-03.bmp", "Width":7680, "Height":4320, "System":"Floabs SA-M d8-155", "Body":"Floabs SA-M d8-155 6" }
{ "timestamp":"2018-04-13T21:06:16Z", "event":"Screenshot", "Filename":"\\ED_Pictures\\HighResScreenShot_2018-04-13_21-06-16.bmp", "Width":7680, "Height":4320, "System":"Floabs SA-M d8-155", "Body":"Floabs SA-M d8-155 6" }
{ "timestamp":"2018-04-13T21:06:53Z", "event":"Screenshot", "Filename":"\\ED_Pictures\\HighResScreenShot_2018-04-13_21-06-53.bmp", "Width":7680, "Height":4320, "System":"Floabs SA-M d8-155", "Body":"Floabs SA-M d8-155 6" }
{ "timestamp":"2018-04-13T21:09:07Z", "event":"StartJump", "JumpType":"Supercruise" }
{ "timestamp":"2018-04-13T21:09:12Z", "event":"SupercruiseEntry", "StarSystem":"Floabs SA-M d8-155", "SystemAddress":5333854359371 }
{ "timestamp":"2018-04-13T21:09:13Z", "event":"Music", "MusicTrack":"Supercruise" }
{ "timestamp":"2018-04-13T21:09:48Z", "event":"StartJump", "JumpType":"Hyperspace", "StarSystem":"Floabs UL-K d9-534", "SystemAddress":18356195217235, "StarClass":"A" }
{ "timestamp":"2018-04-13T21:09:54Z", "event":"Music", "MusicTrack":"NoTrack" }
{ "timestamp":"2018-04-13T21:10:07Z", "event":"FSDJump", "StarSystem":"Floabs UL-K d9-534", "SystemAddress":18356195217235, "StarPos":[-11417.71875,-418.46875,15095.09375], "SystemAllegiance":"", "SystemEconomy":"$economy_None;", "SystemEconomy_Localised":"None", "SystemSecondEconomy":"$economy_None;", "SystemSecondEconomy_Localised":"None", "SystemGovernment":"$government_None;", "SystemGovernment_Localised":"None", "SystemSecurity":"$GAlAXY_MAP_INFO_state_anarchy;", "SystemSecurity_Localised":"Anarchy", "Population":0, "JumpDist":53.901, "FuelUsed":5.026931, "FuelLevel":15.682593 }
{ "timestamp":"2018-04-13T21:10:07Z", "event":"Music", "MusicTrack":"Supercruise" }
{ "timestamp":"2018-04-13T21:10:13Z", "event":"DiscoveryScan", "SystemAddress":18356195217235, "Bodies":1 }
{ "timestamp":"2018-04-13T21:10:15Z", "event":"DiscoveryScan", "SystemAddress":18356195217235, "Bodies":12 }
{ "timestamp":"2018-04-13T21:10:23Z", "event":"Music", "MusicTrack":"SystemMap" }
{ "timestamp":"2018-04-13T21:10:25Z", "event":"Music", "MusicTrack":"Supercruise" }
{ "timestamp":"2018-04-13T21:10:29Z", "event":"SupercruiseExit", "StarSystem":"Floabs UL-K d9-534", "SystemAddress":18356195217235, "Body":"Floabs UL-K d9-534", "BodyID":0, "BodyType":"Star" }
{ "timestamp":"2018-04-13T21:10:30Z", "event":"Music", "MusicTrack":"Exploration" }
{ "timestamp":"2018-04-13T21:11:06Z", "event":"Music", "MusicTrack":"SystemMap" }
{ "timestamp":"2018-04-13T21:11:25Z", "event":"Music", "MusicTrack":"Exploration" }
{ "timestamp":"2018-04-13T21:11:43Z", "event":"StartJump", "JumpType":"Supercruise" }
{ "timestamp":"2018-04-13T21:11:48Z", "event":"SupercruiseEntry", "StarSystem":"Floabs UL-K d9-534", "SystemAddress":18356195217235 }
{ "timestamp":"2018-04-13T21:11:48Z", "event":"Music", "MusicTrack":"Supercruise" }
{ "timestamp":"2018-04-13T21:12:00Z", "event":"FuelScoop", "Scooped":0.090969, "Total":20.357487 }
{ "timestamp":"2018-04-13T21:12:20Z", "event":"Shutdown" }
