{ "timestamp":"2018-02-14T01:13:09Z", "event":"Fileheader", "part":1, "language":"Russian\\RU", "gameversion":"2.4", "build":"r160439/r0 " }
{ "timestamp":"2018-02-14T01:13:09Z", "event":"Music", "MusicTrack":"NoTrack" }
{ "timestamp":"2018-02-14T01:13:09Z", "event":"Music", "MusicTrack":"MainMenu" }
{ "timestamp":"2018-02-14T01:13:27Z", "event":"Friends", "Status":"Online", "Name":"Mar.Meow" }
{ "timestamp":"2018-02-14T01:13:30Z", "event":"Cargo", "Inventory":[  ] }
{ "timestamp":"2018-02-14T01:13:30Z", "event":"Loadout", "Ship":"CobraMkIII", "ShipID":10, "ShipName":"SCAN ERROR!", "ShipIdent":"ERR-42", "Modules":[ { "Slot":"MediumHardpoint1", "Item":"Hpt_PlasmaAccelerator_Fixed_Medium", "On":true, "Priority":0, "AmmoInClip":4, "AmmoInHopper":100, "Health":0.997612, "Value":834200 }, { "Slot":"MediumHardpoint2", "Item":"Hpt_PlasmaAccelerator_Fixed_Medium", "On":true, "Priority":0, "AmmoInClip":2, "AmmoInHopper":100, "Health":0.993752, "Value":834200 }, { "Slot":"SmallHardpoint1", "Item":"Hpt_BasicMissileRack_Fixed_Small", "On":true, "Priority":0, "AmmoInClip":10, "AmmoInHopper":10, "Health":0.988980, "Value":65340, "EngineerBlueprint":"Weapon_HighCapacity", "EngineerLevel":3 }, { "Slot":"SmallHardpoint2", "Item":"Hpt_BasicMissileRack_Fixed_Small", "On":true, "Priority":0, "AmmoInClip":10, "AmmoInHopper":10, "Health":0.989968, "Value":65340, "EngineerBlueprint":"Weapon_HighCapacity", "EngineerLevel":3 }, { "Slot":"TinyHardpoint1", "Item":"Hpt_ChaffLauncher_Tiny", "On":true, "Priority":0, "AmmoInClip":1, "AmmoInHopper":10, "Health":0.996312, "Value":8500 }, { "Slot":"TinyHardpoint2", "Item":"Hpt_ShieldBooster_Size0_Class5", "On":false, "Priority":0, "Health":0.995939, "Value":281000 }, { "Slot":"Decal1", "Item":"Decal_Combat_Competent", "On":true, "Priority":1, "Health":1.000000, "Value":0 }, { "Slot":"ShipName0", "Item":"Nameplate_ShipID_White", "On":true, "Priority":1, "Health":1.000000, "Value":0 }, { "Slot":"ShipName1", "Item":"Nameplate_Raider03_White", "On":true, "Priority":1, "Health":1.000000, "Value":0 }, { "Slot":"PaintJob", "Item":"PaintJob_CobraMkIII_Gradient2_02", "On":true, "Priority":1, "Health":1.000000, "Value":0 }, { "Slot":"Armour", "Item":"CobraMkIII_Armour_Reactive", "On":true, "Priority":1, "Health":1.000000, "Value":824285 }, { "Slot":"PowerPlant", "Item":"Int_Powerplant_Size4_Class5", "On":true, "Priority":1, "Health":0.988382, "Value":1610080 }, { "Slot":"MainEngines", "Item":"Int_Engine_Size4_Class5", "On":true, "Priority":0, "Health":0.997233, "Value":1610080 }, { "Slot":"FrameShiftDrive", "Item":"Int_Hyperdrive_Size4_Class5", "On":true, "Priority":0, "Health":0.992906, "Value":1610080 }, { "Slot":"LifeSupport", "Item":"Int_LifeSupport_Size3_Class2", "On":true, "Priority":0, "Health":0.991457, "Value":10133 }, { "Slot":"PowerDistributor", "Item":"Int_PowerDistributor_Size3_Class5", "On":true, "Priority":0, "Health":0.992963, "Value":158331 }, { "Slot":"Radar", "Item":"Int_Sensors_Size3_Class3", "On":true, "Priority":0, "Health":0.993059, "Value":25333 }, { "Slot":"FuelTank", "Item":"Int_FuelTank_Size4_Class3", "On":true, "Priority":1, "Health":1.000000, "Value":24734 }, { "Slot":"Slot01_Size4", "Item":"Int_ShieldGenerator_Size4_Class3_Fast", "On":true, "Priority":0, "Health":0.993760, "Value":268347 }, { "Slot":"Slot02_Size4", "Item":"Int_HullReinforcement_Size4_Class2", "On":true, "Priority":1, "Health":1.000000, "Value":195000 }, { "Slot":"Slot03_Size4", "Item":"Int_CargoRack_Size4_Class1", "On":true, "Priority":1, "Health":1.000000, "Value":34328 }, { "Slot":"Slot04_Size2", "Item":"Int_ModuleReinforcement_Size2_Class1", "On":true, "Priority":1, "Health":0.989793, "Value":12000 }, { "Slot":"Slot05_Size2", "Item":"Int_FSDInterdictor_Size2_Class2", "On":true, "Priority":0, "Health":0.996395, "Value":100800 }, { "Slot":"Slot06_Size2", "Item":"Int_StellarBodyDiscoveryScanner_Advanced", "On":true, "Priority":1, "Health":0.995019, "Value":1545000 }, { "Slot":"PlanetaryApproachSuite", "Item":"Int_PlanetApproachSuite", "On":true, "Priority":1, "Health":1.000000, "Value":500 }, { "Slot":"WeaponColour", "Item":"WeaponCustomisation_Cyan", "On":true, "Priority":1, "Health":1.000000, "Value":0 }, { "Slot":"EngineColour", "Item":"EngineCustomisation_Cyan", "On":true, "Priority":1, "Health":1.000000, "Value":0 }, { "Slot":"ShipCockpit", "Item":"CobraMkIII_Cockpit", "On":true, "Priority":1, "Health":0.993633, "Value":0 }, { "Slot":"CargoHatch", "Item":"ModularCargoBayDoor", "On":true, "Priority":2, "Health":0.996980, "Value":0 } ] }
{ "timestamp":"2018-02-14T01:13:30Z", "event":"Materials", "Raw":[ { "Name":"phosphorus", "Count":35 }, { "Name":"carbon", "Count":39 }, { "Name":"chromium", "Count":54 }, { "Name":"molybdenum", "Count":5 }, { "Name":"manganese", "Count":43 }, { "Name":"cadmium", "Count":20 }, { "Name":"germanium", "Count":15 }, { "Name":"selenium", "Count":15 }, { "Name":"sulphur", "Count":38 }, { "Name":"antimony", "Count":15 }, { "Name":"mercury", "Count":2 }, { "Name":"arsenic", "Count":10 }, { "Name":"zinc", "Count":13 }, { "Name":"nickel", "Count":26 }, { "Name":"iron", "Count":17 } ], "Manufactured":[ { "Name":"gridresistors", "Count":11 }, { "Name":"mechanicalequipment", "Count":23 }, { "Name":"focuscrystals", "Count":28 }, { "Name":"salvagedalloys", "Count":30 }, { "Name":"chemicalprocessors", "Count":35 }, { "Name":"phasealloys", "Count":36 }, { "Name":"shieldingsensors", "Count":44 }, { "Name":"wornshieldemitters", "Count":42 }, { "Name":"galvanisingalloys", "Count":30 }, { "Name":"uncutfocuscrystals", "Count":2 }, { "Name":"configurablecomponents", "Count":7 }, { "Name":"highdensitycomposites", "Count":22 }, { "Name":"mechanicalcomponents", "Count":4 }, { "Name":"fedproprietarycomposites", "Count":17 }, { "Name":"fedcorecomposites", "Count":6 }, { "Name":"shieldemitters", "Count":49 }, { "Name":"refinedfocuscrystals", "Count":24 }, { "Name":"chemicaldistillery", "Count":18 }, { "Name":"protolightalloys", "Count":17 }, { "Name":"precipitatedalloys", "Count":28 }, { "Name":"compoundshielding", "Count":9 }, { "Name":"unknownorganiccircuitry", "Count":24 }, { "Name":"unknownenergysource", "Count":22 }, { "Name":"unknowncarapace", "Count":18 }, { "Name":"unknowntechnologycomponents", "Count":12 }, { "Name":"unknownenergycell", "Count":6 }, { "Name":"hybridcapacitors", "Count":5 }, { "Name":"electrochemicalarrays", "Count":3 }, { "Name":"conductivecomponents", "Count":21 }, { "Name":"heatdispersionplate", "Count":6 }, { "Name":"heatexchangers", "Count":12 }, { "Name":"conductivepolymers", "Count":3 }, { "Name":"mechanicalscrap", "Count":9 }, { "Name":"heatconductionwiring", "Count":9 }, { "Name":"conductiveceramics", "Count":9 } ], "Encoded":[ { "Name":"decodedemissiondata", "Count":66 }, { "Name":"emissiondata", "Count":13 }, { "Name":"shieldsoakanalysis", "Count":33 }, { "Name":"shielddensityreports", "Count":57 }, { "Name":"scanarchives", "Count":18 }, { "Name":"shieldpatternanalysis", "Count":48 }, { "Name":"shieldcyclerecordings", "Count":53 }, { "Name":"encodedscandata", "Count":15 }, { "Name":"fsdtelemetry", "Count":7 }, { "Name":"scandatabanks", "Count":17 }, { "Name":"legacyfirmware", "Count":15 }, { "Name":"archivedemissiondata", "Count":5 }, { "Name":"industrialfirmware", "Count":2 }, { "Name":"bulkscandata", "Count":34 }, { "Name":"embeddedfirmware", "Count":2 }, { "Name":"scrambledemissiondata", "Count":7 }, { "Name":"encryptioncodes", "Count":3 }, { "Name":"encryptionarchives", "Count":3 }, { "Name":"disruptedwakeechoes", "Count":4 }, { "Name":"shieldfrequencydata", "Count":3 } ] }
{ "timestamp":"2018-02-14T01:13:30Z", "event":"LoadGame", "Commander":"Sleep Runner", "Ship":"CobraMkIII", "ShipID":10, "ShipName":"SCAN ERROR!", "ShipIdent":"ERR-42", "FuelLevel":16.000000, "FuelCapacity":16.000000, "GameMode":"Open", "Credits":55598409, "Loan":0 }
{ "timestamp":"2018-02-14T01:13:30Z", "event":"Rank", "Combat":3, "Trade":4, "Explore":5, "Empire":0, "Federation":2, "CQC":0 }
{ "timestamp":"2018-02-14T01:13:30Z", "event":"Progress", "Combat":21, "Trade":33, "Explore":5, "Empire":3, "Federation":64, "CQC":0 }
{ "timestamp":"2018-02-14T01:13:39Z", "event":"Location", "Docked":false, "StarSystem":"Enayex", "StarPos":[45.594,-51.906,-39.469], "SystemAllegiance":"Independent", "SystemEconomy":"$economy_Industrial;", "SystemEconomy_Localised":"Промышленность", "SystemGovernment":"$government_Anarchy;", "SystemGovernment_Localised":"Анархия", "SystemSecurity":"$GAlAXY_MAP_INFO_state_anarchy;", "SystemSecurity_Localised":"Анархия", "Population":3675125, "Body":"Enayex A", "BodyType":"Star", "Factions":[ { "Name":"Workers of Enayex Values Party", "FactionState":"CivilWar", "Government":"Democracy", "Influence":0.043608, "Allegiance":"Federation", "PendingStates":[ { "State":"CivilUnrest", "Trend":-1 }, { "State":"Lockdown", "Trend":-1 } ] }, { "Name":"Pilots Federation Local Branch", "FactionState":"None", "Government":"Democracy", "Influence":0.000000, "Allegiance":"PilotsFederation" }, { "Name":"Bureau of Brihasatsa Dominion", "FactionState":"Boom", "Government":"Dictatorship", "Influence":0.169475, "Allegiance":"Independent", "PendingStates":[ { "State":"War", "Trend":0 } ] }, { "Name":"Dominion of Enayex", "FactionState":"Boom", "Government":"Dictatorship", "Influence":0.193261, "Allegiance":"Independent", "PendingStates":[ { "State":"Lockdown", "Trend":1 } ] }, { "Name":"Eurybia Blue Mafia", "FactionState":"None", "Government":"Anarchy", "Influence":0.371655, "Allegiance":"Independent" }, { "Name":"Enayex Silver Public Holdings", "FactionState":"Lockdown", "Government":"Corporate", "Influence":0.009911, "Allegiance":"Federation", "PendingStates":[ { "State":"Boom", "Trend":1 }, { "State":"CivilUnrest", "Trend":1 } ] }, { "Name":"Enayex Silver Pirates", "FactionState":"Boom", "Government":"Anarchy", "Influence":0.169475, "Allegiance":"Independent", "PendingStates":[ { "State":"War", "Trend":0 } ] }, { "Name":"Enayex Movement", "FactionState":"CivilWar", "Government":"Dictatorship", "Influence":0.042616, "Allegiance":"Independent" } ], "SystemFaction":"Eurybia Blue Mafia" }
{ "timestamp":"2018-02-14T01:13:40Z", "event":"Music", "MusicTrack":"NoTrack" }
{ "timestamp":"2018-02-14T01:13:40Z", "event":"Music", "MusicTrack":"Exploration" }
{ "timestamp":"2018-02-14T01:13:45Z", "event":"CommunityGoal", "CurrentGoals":[ { "CGID":466, "Title":"Последняя просьба Рэма Та", "SystemName":"Meene", "MarketName":"Felice Dock", "Expiry":"2018-02-15T15:00:00Z", "IsComplete":false, "CurrentTotal":125987, "PlayerContribution":0, "NumContributors":1985, "TopRankSize":10, "PlayerInTopRank":false, "TierReached":"Tier 2", "PlayerPercentileBand":100, "Bonus":200000 } ] }
{ "timestamp":"2018-02-14T01:13:47Z", "event":"StartJump", "JumpType":"Supercruise" }
{ "timestamp":"2018-02-14T01:13:52Z", "event":"SupercruiseEntry", "StarSystem":"Enayex" }
{ "timestamp":"2018-02-14T01:13:52Z", "event":"Music", "MusicTrack":"Supercruise" }
{ "timestamp":"2018-02-14T01:13:57Z", "event":"CommunityGoal", "CurrentGoals":[ { "CGID":466, "Title":"Последняя просьба Рэма Та", "SystemName":"Meene", "MarketName":"Felice Dock", "Expiry":"2018-02-15T15:00:00Z", "IsComplete":false, "CurrentTotal":126057, "PlayerContribution":0, "NumContributors":1985, "TopRankSize":10, "PlayerInTopRank":false, "TierReached":"Tier 2", "PlayerPercentileBand":100, "Bonus":200000 } ] }
{ "timestamp":"2018-02-14T01:13:57Z", "event":"CommunityGoal", "CurrentGoals":[ { "CGID":466, "Title":"Последняя просьба Рэма Та", "SystemName":"Meene", "MarketName":"Felice Dock", "Expiry":"2018-02-15T15:00:00Z", "IsComplete":false, "CurrentTotal":126057, "PlayerContribution":0, "NumContributors":1985, "TopRankSize":10, "PlayerInTopRank":false, "TierReached":"Tier 2", "PlayerPercentileBand":100, "Bonus":200000 } ] }
{ "timestamp":"2018-02-14T01:14:05Z", "event":"WingJoin", "Others":[] }
{ "timestamp":"2018-02-14T01:14:05Z", "event":"WingAdd", "Name":"Mar.Meow" }
{ "timestamp":"2018-02-14T01:14:26Z", "event":"CommunityGoal", "CurrentGoals":[ { "CGID":466, "Title":"Последняя просьба Рэма Та", "SystemName":"Meene", "MarketName":"Felice Dock", "Expiry":"2018-02-15T15:00:00Z", "IsComplete":false, "CurrentTotal":126080, "PlayerContribution":0, "NumContributors":1985, "TopRankSize":10, "PlayerInTopRank":false, "TierReached":"Уровень 2", "PlayerPercentileBand":100, "Bonus":200000 } ] }
{ "timestamp":"2018-02-14T01:15:27Z", "event":"Friends", "Status":"Online", "Name":"Mar.Meow" }
{ "timestamp":"2018-02-14T01:16:46Z", "event":"Interdiction", "Success":true, "IsPlayer":false, "Faction":"Enayex Silver Public Holdings" }
{ "timestamp":"2018-02-14T01:16:47Z", "event":"SupercruiseExit", "StarSystem":"Enayex", "Body":"Enayex A", "BodyType":"Star" }
{ "timestamp":"2018-02-14T01:16:48Z", "event":"Music", "MusicTrack":"Interdiction" }
{ "timestamp":"2018-02-14T01:16:49Z", "event":"ReceiveText", "From":"$npc_name_decorate:#name=Frank Geppert;", "From_Localised":"Frank Geppert", "Message":"$Miner_OnArriveAfterBeingInterdicted;", "Message_Localised":"Ты не можешь здесь распоряжаться. Мне эта добыча нелегко досталась, и я ее не отдам.", "Channel":"npc" }
{ "timestamp":"2018-02-14T01:16:53Z", "event":"CommunityGoal", "CurrentGoals":[ { "CGID":466, "Title":"Последняя просьба Рэма Та", "SystemName":"Meene", "MarketName":"Felice Dock", "Expiry":"2018-02-15T15:00:00Z", "IsComplete":false, "CurrentTotal":126080, "PlayerContribution":0, "NumContributors":1985, "TopRankSize":10, "PlayerInTopRank":false, "TierReached":"Tier 2", "PlayerPercentileBand":100, "Bonus":200000 } ] }
{ "timestamp":"2018-02-14T01:17:10Z", "event":"ReceiveText", "From":"$npc_name_decorate:#name=Frank Geppert;", "From_Localised":"Frank Geppert", "Message":"$MinerEnemySighted01;", "Message_Localised":"Эй, дай передохнуть!", "Channel":"npc" }
{ "timestamp":"2018-02-14T01:17:11Z", "event":"Music", "MusicTrack":"Combat_Dogfight" }
{ "timestamp":"2018-02-14T01:17:50Z", "event":"ReceiveText", "From":"$npc_name_decorate:#name=Frank Geppert;", "From_Localised":"Frank Geppert", "Message":"$MinerCriticalDamage01;", "Message_Localised":"Нет, нет, неееееееет!", "Channel":"npc" }
{ "timestamp":"2018-02-14T01:18:27Z", "event":"ReceiveText", "From":"$npc_name_decorate:#name=Frank Geppert;", "From_Localised":"Frank Geppert", "Message":"$MinerCriticalDamage02;", "Message_Localised":"Я всего лишь добывал ископаемые!", "Channel":"npc" }
{ "timestamp":"2018-02-14T01:18:33Z", "event":"Bounty", "Target":"diamondbackxl", "TotalReward":0, "VictimFaction":"Enayex Silver Public Holdings", "SharedWithOthers":1 }
{ "timestamp":"2018-02-14T01:18:48Z", "event":"Music", "MusicTrack":"Exploration" }
{ "timestamp":"2018-02-14T01:20:11Z", "event":"CollectCargo", "Type":"lowtemperaturediamond", "Stolen":true }
{ "timestamp":"2018-02-14T01:21:18Z", "event":"CollectCargo", "Type":"lowtemperaturediamond", "Stolen":true }
{ "timestamp":"2018-02-14T01:21:40Z", "event":"CollectCargo", "Type":"lowtemperaturediamond", "Stolen":true }
{ "timestamp":"2018-02-14T01:22:02Z", "event":"CollectCargo", "Type":"lowtemperaturediamond", "Stolen":true }
{ "timestamp":"2018-02-14T01:22:26Z", "event":"CollectCargo", "Type":"lowtemperaturediamond", "Stolen":true }
{ "timestamp":"2018-02-14T01:23:06Z", "event":"CollectCargo", "Type":"lowtemperaturediamond", "Stolen":true }
{ "timestamp":"2018-02-14T01:23:18Z", "event":"CollectCargo", "Type":"lowtemperaturediamond", "Stolen":true }
{ "timestamp":"2018-02-14T01:23:33Z", "event":"CollectCargo", "Type":"lowtemperaturediamond", "Stolen":true }
{ "timestamp":"2018-02-14T01:24:02Z", "event":"Music", "MusicTrack":"GalaxyMap" }
{ "timestamp":"2018-02-14T01:24:07Z", "event":"Music", "MusicTrack":"SystemMap" }
{ "timestamp":"2018-02-14T01:24:13Z", "event":"Music", "MusicTrack":"GalaxyMap" }
{ "timestamp":"2018-02-14T01:24:13Z", "event":"Music", "MusicTrack":"Exploration" }
{ "timestamp":"2018-02-14T01:24:51Z", "event":"Music", "MusicTrack":"GalaxyMap" }
{ "timestamp":"2018-02-14T01:25:05Z", "event":"Music", "MusicTrack":"Exploration" }
{ "timestamp":"2018-02-14T01:25:23Z", "event":"StartJump", "JumpType":"Hyperspace", "StarSystem":"Orgelal", "StarClass":"M" }
{ "timestamp":"2018-02-14T01:25:29Z", "event":"Music", "MusicTrack":"NoTrack" }
{ "timestamp":"2018-02-14T01:25:42Z", "event":"FSDJump", "StarSystem":"Orgelal", "StarPos":[45.344,-52.156,-48.906], "SystemAllegiance":"Federation", "SystemEconomy":"$economy_Colony;", "SystemEconomy_Localised":"Колония", "SystemGovernment":"$government_Corporate;", "SystemGovernment_Localised":"Корпоративная", "SystemSecurity":"$SYSTEM_SECURITY_low;", "SystemSecurity_Localised":"Низк. ур. безопасности", "Population":54606, "JumpDist":9.444, "FuelUsed":0.634726, "FuelLevel":14.875275, "Factions":[ { "Name":"Pilots Federation Local Branch", "FactionState":"None", "Government":"Democracy", "Influence":0.000000, "Allegiance":"PilotsFederation" }, { "Name":"Cama Zotz Holdings", "FactionState":"None", "Government":"Corporate", "Influence":0.121000, "Allegiance":"Federation", "PendingStates":[ { "State":"Boom", "Trend":1 }, { "State":"CivilUnrest", "Trend":-1 } ] }, { "Name":"Orgelal Major Services", "FactionState":"None", "Government":"Corporate", "Influence":0.118000, "Allegiance":"Federation", "PendingStates":[ { "State":"Boom", "Trend":1 } ] }, { "Name":"Uniting Orgelal", "FactionState":"Boom", "Government":"Cooperative", "Influence":0.052000, "Allegiance":"Independent" }, { "Name":"Orgelal Noblement", "FactionState":"Boom", "Government":"Feudal", "Influence":0.218000, "Allegiance":"Independent" }, { "Name":"Potrigua Jet Central Network", "FactionState":"None", "Government":"Corporate", "Influence":0.397000, "Allegiance":"Federation", "PendingStates":[ { "State":"Boom", "Trend":1 } ] }, { "Name":"Orgelal Jet Mafia", "FactionState":"Boom", "Government":"Anarchy", "Influence":0.094000, "Allegiance":"Independent" } ], "SystemFaction":"Potrigua Jet Central Network" }
{ "timestamp":"2018-02-14T01:25:42Z", "event":"Music", "MusicTrack":"DestinationFromHyperspace" }
{ "timestamp":"2018-02-14T01:25:47Z", "event":"Music", "MusicTrack":"Supercruise" }
{ "timestamp":"2018-02-14T01:25:47Z", "event":"CommunityGoal", "CurrentGoals":[ { "CGID":466, "Title":"Последняя просьба Рэма Та", "SystemName":"Meene", "MarketName":"Felice Dock", "Expiry":"2018-02-15T15:00:00Z", "IsComplete":false, "CurrentTotal":126475, "PlayerContribution":0, "NumContributors":1986, "TopRankSize":10, "PlayerInTopRank":false, "TierReached":"Tier 2", "PlayerPercentileBand":100, "Bonus":200000 } ] }
{ "timestamp":"2018-02-14T01:26:45Z", "event":"Music", "MusicTrack":"SystemMap" }
{ "timestamp":"2018-02-14T01:26:51Z", "event":"Music", "MusicTrack":"Supercruise" }
{ "timestamp":"2018-02-14T01:27:14Z", "event":"SupercruiseExit", "StarSystem":"Orgelal", "Body":"Orgelal", "BodyType":"Star" }
{ "timestamp":"2018-02-14T01:27:14Z", "event":"Music", "MusicTrack":"Exploration" }
{ "timestamp":"2018-02-14T01:27:19Z", "event":"CommunityGoal", "CurrentGoals":[ { "CGID":466, "Title":"Последняя просьба Рэма Та", "SystemName":"Meene", "MarketName":"Felice Dock", "Expiry":"2018-02-15T15:00:00Z", "IsComplete":false, "CurrentTotal":126507, "PlayerContribution":0, "NumContributors":1987, "TopRankSize":10, "PlayerInTopRank":false, "TierReached":"Tier 2", "PlayerPercentileBand":100, "Bonus":200000 } ] }
{ "timestamp":"2018-02-14T01:27:56Z", "event":"Scan", "BodyName":"Orgelal 1", "DistanceFromArrivalLS":7.872222, "PlanetClass":"High metal content body", "MassEM":0.401888, "Radius":4610157.500000, "SurfaceGravity":7.536728, "SemiMajorAxis":2360030464.000000, "Eccentricity":0.000003, "OrbitalInclination":0.000553, "Periapsis":174.106964, "OrbitalPeriod":116862.664063, "RotationPeriod":117088.359375, "AxialTilt":-0.331459 }
{ "timestamp":"2018-02-14T01:28:30Z", "event":"HeatWarning" }
{ "timestamp":"2018-02-14T01:28:45Z", "event":"StartJump", "JumpType":"Supercruise" }
{ "timestamp":"2018-02-14T01:28:50Z", "event":"SupercruiseEntry", "StarSystem":"Orgelal" }
{ "timestamp":"2018-02-14T01:28:50Z", "event":"HeatWarning" }
{ "timestamp":"2018-02-14T01:28:50Z", "event":"Music", "MusicTrack":"Supercruise" }
{ "timestamp":"2018-02-14T01:28:55Z", "event":"CommunityGoal", "CurrentGoals":[ { "CGID":466, "Title":"Последняя просьба Рэма Та", "SystemName":"Meene", "MarketName":"Felice Dock", "Expiry":"2018-02-15T15:00:00Z", "IsComplete":false, "CurrentTotal":126539, "PlayerContribution":0, "NumContributors":1987, "TopRankSize":10, "PlayerInTopRank":false, "TierReached":"Tier 2", "PlayerPercentileBand":100, "Bonus":200000 } ] }
{ "timestamp":"2018-02-14T01:29:18Z", "event":"MaterialCollected", "Category":"Encoded", "Name":"shieldsoakanalysis", "Count":3 }
{ "timestamp":"2018-02-14T01:30:05Z", "event":"USSDrop", "USSType":"$USS_Type_Salvage;", "USSType_Localised":"Зарегистрирован слабый сигнал", "USSThreat":0 }
{ "timestamp":"2018-02-14T01:30:06Z", "event":"SupercruiseExit", "StarSystem":"Orgelal", "Body":"Orgelal", "BodyType":"Star" }
{ "timestamp":"2018-02-14T01:30:07Z", "event":"Music", "MusicTrack":"Exploration" }
{ "timestamp":"2018-02-14T01:30:12Z", "event":"CommunityGoal", "CurrentGoals":[ { "CGID":466, "Title":"Последняя просьба Рэма Та", "SystemName":"Meene", "MarketName":"Felice Dock", "Expiry":"2018-02-15T15:00:00Z", "IsComplete":false, "CurrentTotal":126539, "PlayerContribution":0, "NumContributors":1987, "TopRankSize":10, "PlayerInTopRank":false, "TierReached":"Tier 2", "PlayerPercentileBand":100, "Bonus":200000 } ] }
{ "timestamp":"2018-02-14T01:30:54Z", "event":"CollectCargo", "Type":"USSCargoPrototypeTech", "Stolen":true }
{ "timestamp":"2018-02-14T01:31:20Z", "event":"CollectCargo", "Type":"USSCargoPrototypeTech", "Stolen":true }
{ "timestamp":"2018-02-14T01:31:37Z", "event":"CollectCargo", "Type":"USSCargoTechnicalBlueprints", "Stolen":true }
{ "timestamp":"2018-02-14T01:31:56Z", "event":"StartJump", "JumpType":"Supercruise" }
{ "timestamp":"2018-02-14T01:32:01Z", "event":"SupercruiseEntry", "StarSystem":"Orgelal" }
{ "timestamp":"2018-02-14T01:32:02Z", "event":"Music", "MusicTrack":"Supercruise" }
{ "timestamp":"2018-02-14T01:32:07Z", "event":"CommunityGoal", "CurrentGoals":[ { "CGID":466, "Title":"Последняя просьба Рэма Та", "SystemName":"Meene", "MarketName":"Felice Dock", "Expiry":"2018-02-15T15:00:00Z", "IsComplete":false, "CurrentTotal":126539, "PlayerContribution":0, "NumContributors":1987, "TopRankSize":10, "PlayerInTopRank":false, "TierReached":"Tier 2", "PlayerPercentileBand":100, "Bonus":200000 } ] }
{ "timestamp":"2018-02-14T01:32:51Z", "event":"SupercruiseExit", "StarSystem":"Orgelal", "Body":"Whitney Terminal", "BodyType":"Station" }
{ "timestamp":"2018-02-14T01:32:51Z", "event":"Music", "MusicTrack":"DestinationFromSupercruise" }
{ "timestamp":"2018-02-14T01:32:56Z", "event":"CommunityGoal", "CurrentGoals":[ { "CGID":466, "Title":"Последняя просьба Рэма Та", "SystemName":"Meene", "MarketName":"Felice Dock", "Expiry":"2018-02-15T15:00:00Z", "IsComplete":false, "CurrentTotal":126548, "PlayerContribution":0, "NumContributors":1988, "TopRankSize":10, "PlayerInTopRank":false, "TierReached":"Tier 2", "PlayerPercentileBand":100, "Bonus":200000 } ] }
{ "timestamp":"2018-02-14T01:32:56Z", "event":"Music", "MusicTrack":"Exploration" }
{ "timestamp":"2018-02-14T01:32:56Z", "event":"ReceiveText", "From":"Whitney Terminal", "Message":"$STATION_NoFireZone_entered;", "Message_Localised":"Вы вошли в зону запрета огня", "Channel":"npc" }
{ "timestamp":"2018-02-14T01:33:00Z", "event":"DockingRequested", "StationName":"Whitney Terminal" }
{ "timestamp":"2018-02-14T01:33:00Z", "event":"ReceiveText", "From":"Whitney Terminal", "Message":"$DockingChatter_Neutral;", "Message_Localised":"Строго соблюдайте правила поведения в порту, пилот.", "Channel":"npc" }
{ "timestamp":"2018-02-14T01:33:01Z", "event":"ReceiveText", "From":"Whitney Terminal", "Message":"$STATION_docking_granted;", "Message_Localised":"Стыковка разрешена", "Channel":"npc" }
{ "timestamp":"2018-02-14T01:33:01Z", "event":"DockingGranted", "LandingPad":1, "StationName":"Whitney Terminal" }
{ "timestamp":"2018-02-14T01:33:54Z", "event":"Docked", "StationName":"Whitney Terminal", "StationType":"Outpost", "StarSystem":"Orgelal", "StationFaction":"Potrigua Jet Central Network", "StationGovernment":"$government_Corporate;", "StationGovernment_Localised":"Корпоративная", "StationAllegiance":"Federation", "StationServices":[ "Dock", "Autodock", "Commodities", "Contacts", "Exploration", "Missions", "Refuel", "Repair", "Tuning", "MissionsGenerated", "Facilitator", "FlightController", "StationOperations", "Powerplay", "SearchAndRescue" ], "StationEconomy":"$economy_Refinery;", "StationEconomy_Localised":"Переработка", "DistFromStarLS":7.896738 }
{ "timestamp":"2018-02-14T01:34:02Z", "event":"RefuelAll", "Cost":73, "Amount":1.438175 }
{ "timestamp":"2018-02-14T01:34:03Z", "event":"RepairAll", "Cost":4742 }
{ "timestamp":"2018-02-14T01:34:09Z", "event":"Repair", "Item":"Wear", "Cost":28 }
{ "timestamp":"2018-02-14T01:34:11Z", "event":"Repair", "Item":"Paint", "Cost":1 }
{ "timestamp":"2018-02-14T01:34:40Z", "event":"PayLegacyFines", "Amount":36437, "BrokerPercentage":25.000000 }
{ "timestamp":"2018-02-14T01:34:43Z", "event":"RedeemVoucher", "Type":"bounty", "Amount":30974, "Factions":[ { "Faction":"", "Amount":30974 } ], "BrokerPercentage":25.000000 }
{ "timestamp":"2018-02-14T01:35:17Z", "event":"Music", "MusicTrack":"SystemMap" }
{ "timestamp":"2018-02-14T01:35:25Z", "event":"Music", "MusicTrack":"Exploration" }
{ "timestamp":"2018-02-14T01:35:43Z", "event":"Undocked", "StationName":"Whitney Terminal", "StationType":"Outpost" }
{ "timestamp":"2018-02-14T01:36:11Z", "event":"Music", "MusicTrack":"GalaxyMap" }
{ "timestamp":"2018-02-14T01:36:22Z", "event":"Music", "MusicTrack":"SystemMap" }
{ "timestamp":"2018-02-14T01:36:30Z", "event":"Music", "MusicTrack":"GalaxyMap" }
{ "timestamp":"2018-02-14T01:36:31Z", "event":"Music", "MusicTrack":"Exploration" }
{ "timestamp":"2018-02-14T01:36:36Z", "event":"MissionAbandoned", "Name":"MISSION_assassinate_InSpaceScan_Military_name", "MissionID":315986449 }
{ "timestamp":"2018-02-14T01:36:38Z", "event":"ReceiveText", "From":"Whitney Terminal", "Message":"$STATION_NoFireZone_exited;", "Message_Localised":"Вы вышли из зоны запрета огня", "Channel":"npc" }
{ "timestamp":"2018-02-14T01:37:02Z", "event":"StartJump", "JumpType":"Supercruise" }
{ "timestamp":"2018-02-14T01:37:07Z", "event":"SupercruiseEntry", "StarSystem":"Orgelal" }
{ "timestamp":"2018-02-14T01:37:08Z", "event":"Music", "MusicTrack":"Supercruise" }
{ "timestamp":"2018-02-14T01:37:13Z", "event":"CommunityGoal", "CurrentGoals":[ { "CGID":466, "Title":"Последняя просьба Рэма Та", "SystemName":"Meene", "MarketName":"Felice Dock", "Expiry":"2018-02-15T15:00:00Z", "IsComplete":false, "CurrentTotal":126598, "PlayerContribution":0, "NumContributors":1989, "TopRankSize":10, "PlayerInTopRank":false, "TierReached":"Tier 2", "PlayerPercentileBand":100, "Bonus":200000 } ] }
{ "timestamp":"2018-02-14T01:37:19Z", "event":"Music", "MusicTrack":"GalaxyMap" }
{ "timestamp":"2018-02-14T01:37:34Z", "event":"Music", "MusicTrack":"SystemMap" }
{ "timestamp":"2018-02-14T01:37:42Z", "event":"Music", "MusicTrack":"Supercruise" }
{ "timestamp":"2018-02-14T01:37:54Z", "event":"Music", "MusicTrack":"SystemMap" }
{ "timestamp":"2018-02-14T01:37:58Z", "event":"Music", "MusicTrack":"Supercruise" }
{ "timestamp":"2018-02-14T01:38:00Z", "event":"Music", "MusicTrack":"GalaxyMap" }
{ "timestamp":"2018-02-14T01:38:05Z", "event":"Music", "MusicTrack":"SystemMap" }
{ "timestamp":"2018-02-14T01:38:11Z", "event":"Music", "MusicTrack":"Supercruise" }
{ "timestamp":"2018-02-14T01:38:27Z", "event":"StartJump", "JumpType":"Hyperspace", "StarSystem":"Enayex", "StarClass":"M" }
{ "timestamp":"2018-02-14T01:38:32Z", "event":"Music", "MusicTrack":"NoTrack" }
{ "timestamp":"2018-02-14T01:38:45Z", "event":"FSDJump", "StarSystem":"Enayex", "StarPos":[45.594,-51.906,-39.469], "SystemAllegiance":"Independent", "SystemEconomy":"$economy_Industrial;", "SystemEconomy_Localised":"Промышленность", "SystemGovernment":"$government_Anarchy;", "SystemGovernment_Localised":"Анархия", "SystemSecurity":"$GAlAXY_MAP_INFO_state_anarchy;", "SystemSecurity_Localised":"Анархия", "Population":3675125, "JumpDist":9.444, "FuelUsed":0.651169, "FuelLevel":15.348831, "Factions":[ { "Name":"Workers of Enayex Values Party", "FactionState":"CivilWar", "Government":"Democracy", "Influence":0.043608, "Allegiance":"Federation", "PendingStates":[ { "State":"CivilUnrest", "Trend":-1 }, { "State":"Lockdown", "Trend":-1 } ] }, { "Name":"Pilots Federation Local Branch", "FactionState":"None", "Government":"Democracy", "Influence":0.000000, "Allegiance":"PilotsFederation" }, { "Name":"Bureau of Brihasatsa Dominion", "FactionState":"Boom", "Government":"Dictatorship", "Influence":0.169475, "Allegiance":"Independent", "PendingStates":[ { "State":"War", "Trend":0 } ] }, { "Name":"Dominion of Enayex", "FactionState":"Boom", "Government":"Dictatorship", "Influence":0.193261, "Allegiance":"Independent", "PendingStates":[ { "State":"Lockdown", "Trend":1 } ] }, { "Name":"Eurybia Blue Mafia", "FactionState":"None", "Government":"Anarchy", "Influence":0.371655, "Allegiance":"Independent" }, { "Name":"Enayex Silver Public Holdings", "FactionState":"Lockdown", "Government":"Corporate", "Influence":0.009911, "Allegiance":"Federation", "PendingStates":[ { "State":"Boom", "Trend":1 }, { "State":"CivilUnrest", "Trend":1 } ] }, { "Name":"Enayex Silver Pirates", "FactionState":"Boom", "Government":"Anarchy", "Influence":0.169475, "Allegiance":"Independent", "PendingStates":[ { "State":"War", "Trend":0 } ] }, { "Name":"Enayex Movement", "FactionState":"CivilWar", "Government":"Dictatorship", "Influence":0.042616, "Allegiance":"Independent" } ], "SystemFaction":"Eurybia Blue Mafia" }
{ "timestamp":"2018-02-14T01:38:45Z", "event":"Music", "MusicTrack":"Supercruise" }
{ "timestamp":"2018-02-14T01:38:50Z", "event":"CommunityGoal", "CurrentGoals":[ { "CGID":466, "Title":"Последняя просьба Рэма Та", "SystemName":"Meene", "MarketName":"Felice Dock", "Expiry":"2018-02-15T15:00:00Z", "IsComplete":false, "CurrentTotal":126598, "PlayerContribution":0, "NumContributors":1989, "TopRankSize":10, "PlayerInTopRank":false, "TierReached":"Tier 2", "PlayerPercentileBand":100, "Bonus":200000 } ] }
{ "timestamp":"2018-02-14T01:38:50Z", "event":"CommunityGoal", "CurrentGoals":[ { "CGID":466, "Title":"Последняя просьба Рэма Та", "SystemName":"Meene", "MarketName":"Felice Dock", "Expiry":"2018-02-15T15:00:00Z", "IsComplete":false, "CurrentTotal":126598, "PlayerContribution":0, "NumContributors":1989, "TopRankSize":10, "PlayerInTopRank":false, "TierReached":"Tier 2", "PlayerPercentileBand":100, "Bonus":200000 } ] }
{ "timestamp":"2018-02-14T01:40:42Z", "event":"SupercruiseExit", "StarSystem":"Enayex", "Body":"Watt Port", "BodyType":"Station" }
{ "timestamp":"2018-02-14T01:40:42Z", "event":"Music", "MusicTrack":"DestinationFromSupercruise" }
{ "timestamp":"2018-02-14T01:40:47Z", "event":"Music", "MusicTrack":"NoTrack" }
{ "timestamp":"2018-02-14T01:40:47Z", "event":"ReceiveText", "From":"Watt Port", "Message":"$STATION_NoFireZone_entered;", "Message_Localised":"Вы вошли в зону запрета огня", "Channel":"npc" }
{ "timestamp":"2018-02-14T01:40:47Z", "event":"CommunityGoal", "CurrentGoals":[ { "CGID":466, "Title":"Последняя просьба Рэма Та", "SystemName":"Meene", "MarketName":"Felice Dock", "Expiry":"2018-02-15T15:00:00Z", "IsComplete":false, "CurrentTotal":126598, "PlayerContribution":0, "NumContributors":1989, "TopRankSize":10, "PlayerInTopRank":false, "TierReached":"Tier 2", "PlayerPercentileBand":100, "Bonus":200000 } ] }
{ "timestamp":"2018-02-14T01:40:51Z", "event":"DockingRequested", "StationName":"Watt Port" }
{ "timestamp":"2018-02-14T01:40:51Z", "event":"ReceiveText", "From":"Watt Port", "Message":"$DockingChatter_Cordial;", "Message_Localised":"С возвращением, командир.", "Channel":"npc" }
{ "timestamp":"2018-02-14T01:40:52Z", "event":"ReceiveText", "From":"Watt Port", "Message":"$STATION_docking_granted;", "Message_Localised":"Стыковка разрешена", "Channel":"npc" }
{ "timestamp":"2018-02-14T01:40:52Z", "event":"DockingGranted", "LandingPad":12, "StationName":"Watt Port" }
{ "timestamp":"2018-02-14T01:41:17Z", "event":"Music", "MusicTrack":"Starport" }
{ "timestamp":"2018-02-14T01:41:34Z", "event":"Docked", "StationName":"Watt Port", "StationType":"Bernal", "StarSystem":"Enayex", "StationFaction":"Eurybia Blue Mafia", "StationGovernment":"$government_Anarchy;", "StationGovernment_Localised":"Анархия", "StationServices":[ "Dock", "Autodock", "BlackMarket", "Commodities", "Contacts", "Exploration", "Missions", "Outfitting", "CrewLounge", "Rearm", "Refuel", "Repair", "Shipyard", "Tuning", "MissionsGenerated", "FlightController", "StationOperations", "Powerplay", "SearchAndRescue" ], "StationEconomy":"$economy_Industrial;", "StationEconomy_Localised":"Промышленность", "DistFromStarLS":249.739639 }
{ "timestamp":"2018-02-14T01:41:40Z", "event":"RefuelAll", "Cost":39, "Amount":0.763221 }
{ "timestamp":"2018-02-14T01:41:41Z", "event":"BuyAmmo", "Cost":12200 }
{ "timestamp":"2018-02-14T01:41:52Z", "event":"SellExplorationData", "Systems":[ "LTT 3217", "Theotokos", "RR Caeli", "Meni", "Hiradhea", "Core Sys Sector UI-T a3-0" ], "Discovered":[  ], "BaseValue":27724, "Bonus":0 }
{ "timestamp":"2018-02-14T01:42:16Z", "event":"MarketSell", "Type":"lowtemperaturediamond", "Count":8, "SellPrice":43443, "TotalSale":347544, "AvgPricePaid":0, "StolenGoods":true, "BlackMarket":true }
{ "timestamp":"2018-02-14T01:42:20Z", "event":"MarketSell", "Type":"usscargotechnicalblueprints", "Count":1, "SellPrice":4257, "TotalSale":4257, "AvgPricePaid":0, "IllegalGoods":true, "BlackMarket":true }
{ "timestamp":"2018-02-14T01:42:23Z", "event":"MarketSell", "Type":"usscargoprototypetech", "Count":2, "SellPrice":7776, "TotalSale":15552, "AvgPricePaid":0, "IllegalGoods":true, "BlackMarket":true }
{ "timestamp":"2018-02-14T01:42:47Z", "event":"Undocked", "StationName":"Watt Port", "StationType":"Bernal" }
{ "timestamp":"2018-02-14T01:43:01Z", "event":"Music", "MusicTrack":"NoTrack" }
{ "timestamp":"2018-02-14T01:43:24Z", "event":"ReceiveText", "From":"Watt Port", "Message":"$STATION_NoFireZone_exited;", "Message_Localised":"Вы вышли из зоны запрета огня", "Channel":"npc" }
{ "timestamp":"2018-02-14T01:43:24Z", "event":"StartJump", "JumpType":"Supercruise" }
{ "timestamp":"2018-02-14T01:43:29Z", "event":"SupercruiseEntry", "StarSystem":"Enayex" }
{ "timestamp":"2018-02-14T01:43:29Z", "event":"Music", "MusicTrack":"Supercruise" }
{ "timestamp":"2018-02-14T01:43:34Z", "event":"CommunityGoal", "CurrentGoals":[ { "CGID":466, "Title":"Последняя просьба Рэма Та", "SystemName":"Meene", "MarketName":"Felice Dock", "Expiry":"2018-02-15T15:00:00Z", "IsComplete":false, "CurrentTotal":126598, "PlayerContribution":0, "NumContributors":1989, "TopRankSize":10, "PlayerInTopRank":false, "TierReached":"Tier 2", "PlayerPercentileBand":100, "Bonus":200000 } ] }
{ "timestamp":"2018-02-14T01:43:34Z", "event":"CommunityGoal", "CurrentGoals":[ { "CGID":466, "Title":"Последняя просьба Рэма Та", "SystemName":"Meene", "MarketName":"Felice Dock", "Expiry":"2018-02-15T15:00:00Z", "IsComplete":false, "CurrentTotal":126598, "PlayerContribution":0, "NumContributors":1989, "TopRankSize":10, "PlayerInTopRank":false, "TierReached":"Tier 2", "PlayerPercentileBand":100, "Bonus":200000 } ] }
{ "timestamp":"2018-02-14T01:43:58Z", "event":"USSDrop", "USSType":"$USS_Type_WeaponsFire;", "USSType_Localised":"Зарегистрирован огонь из орудий", "USSThreat":1 }
{ "timestamp":"2018-02-14T01:44:00Z", "event":"SupercruiseExit", "StarSystem":"Enayex", "Body":"Enayex A 1", "BodyType":"Planet" }
{ "timestamp":"2018-02-14T01:44:00Z", "event":"Music", "MusicTrack":"Exploration" }
{ "timestamp":"2018-02-14T01:44:05Z", "event":"CommunityGoal", "CurrentGoals":[ { "CGID":466, "Title":"Последняя просьба Рэма Та", "SystemName":"Meene", "MarketName":"Felice Dock", "Expiry":"2018-02-15T15:00:00Z", "IsComplete":false, "CurrentTotal":126598, "PlayerContribution":0, "NumContributors":1989, "TopRankSize":10, "PlayerInTopRank":false, "TierReached":"Tier 2", "PlayerPercentileBand":100, "Bonus":200000 } ] }
{ "timestamp":"2018-02-14T01:44:22Z", "event":"Music", "MusicTrack":"Combat_Dogfight" }
{ "timestamp":"2018-02-14T01:44:23Z", "event":"ReceiveText", "From":"$npc_name_decorate:#name=Gaz Lizard;", "From_Localised":"Gaz Lizard", "Message":"$Pirate_OnStartScanCargo03;", "Message_Localised":"Что в кузове?", "Channel":"npc" }
{ "timestamp":"2018-02-14T01:44:33Z", "event":"ReceiveText", "From":"$npc_name_decorate:#name=Gaz Lizard;", "From_Localised":"Gaz Lizard", "Message":"$Pirate_OnNoCargoFound06;", "Message_Localised":"Еще одна разбитая мечта о богатстве.", "Channel":"npc" }
{ "timestamp":"2018-02-14T01:44:33Z", "event":"Scanned", "ScanType":"Cargo" }
{ "timestamp":"2018-02-14T01:44:47Z", "event":"Bounty", "Target":"cobramkiii", "TotalReward":0, "VictimFaction":"Enayex Silver Public Holdings" }
{ "timestamp":"2018-02-14T01:45:02Z", "event":"Music", "MusicTrack":"Exploration" }
{ "timestamp":"2018-02-14T01:45:13Z", "event":"Music", "MusicTrack":"Combat_Dogfight" }
{ "timestamp":"2018-02-14T01:45:31Z", "event":"ReceiveText", "From":"$npc_name_decorate:#name=Craig J Alderson;", "From_Localised":"Craig J Alderson", "Message":"$Pirate_OnStartScanCargo10;", "Message_Localised":"Давай посмотрим, что у тебя есть...", "Channel":"npc" }
{ "timestamp":"2018-02-14T01:45:39Z", "event":"ShieldState", "ShieldsUp":false }
{ "timestamp":"2018-02-14T01:45:41Z", "event":"ReceiveText", "From":"$npc_name_decorate:#name=Craig J Alderson;", "From_Localised":"Craig J Alderson", "Message":"$Pirate_OnNoCargoFound08;", "Message_Localised":"Все коту под хвост. Никакого груза.", "Channel":"npc" }
{ "timestamp":"2018-02-14T01:45:41Z", "event":"Scanned", "ScanType":"Cargo" }
{ "timestamp":"2018-02-14T01:45:48Z", "event":"ReceiveText", "From":"$npc_name_decorate:#name=Gaz Lizard;", "From_Localised":"Gaz Lizard", "Message":"$BadKarmaCriticalDamage07;", "Message_Localised":"Урон слишком велик!", "Channel":"npc" }
{ "timestamp":"2018-02-14T01:46:05Z", "event":"Bounty", "Target":"federation_gunship", "TotalReward":0, "VictimFaction":"Enayex Silver Public Holdings", "SharedWithOthers":1 }
{ "timestamp":"2018-02-14T01:46:20Z", "event":"Music", "MusicTrack":"Exploration" }
{ "timestamp":"2018-02-14T01:46:38Z", "event":"MaterialCollected", "Category":"Manufactured", "Name":"highdensitycomposites", "Count":3 }
{ "timestamp":"2018-02-14T01:47:25Z", "event":"Music", "MusicTrack":"Combat_Dogfight" }
{ "timestamp":"2018-02-14T01:47:34Z", "event":"ReceiveText", "From":"$npc_name_decorate:#name=Craig J Alderson;", "From_Localised":"Craig J Alderson", "Message":"$Pirate_OnDeclarePiracyAttack05;", "Message_Localised":"Теперь у тебя нет шансов.", "Channel":"npc" }
{ "timestamp":"2018-02-14T01:47:42Z", "event":"ReceiveText", "From":"$npc_name_decorate:#name=Craig J Alderson;", "From_Localised":"Craig J Alderson", "Message":"$BadKarmaCriticalDamage04;", "Message_Localised":"Я не верю!", "Channel":"npc" }
{ "timestamp":"2018-02-14T01:47:48Z", "event":"Bounty", "Target":"asp_scout", "TotalReward":0, "VictimFaction":"Eurybia Blue Mafia", "SharedWithOthers":1 }
{ "timestamp":"2018-02-14T01:48:03Z", "event":"Music", "MusicTrack":"Exploration" }
{ "timestamp":"2018-02-14T01:48:41Z", "event":"MaterialCollected", "Category":"Manufactured", "Name":"refinedfocuscrystals", "Count":3 }
{ "timestamp":"2018-02-14T01:49:30Z", "event":"MaterialCollected", "Category":"Manufactured", "Name":"chemicaldistillery", "Count":3 }
{ "timestamp":"2018-02-14T01:49:32Z", "event":"ShieldState", "ShieldsUp":true }
{ "timestamp":"2018-02-14T01:49:40Z", "event":"StartJump", "JumpType":"Supercruise" }
{ "timestamp":"2018-02-14T01:49:45Z", "event":"SupercruiseEntry", "StarSystem":"Enayex" }
{ "timestamp":"2018-02-14T01:49:46Z", "event":"Music", "MusicTrack":"Supercruise" }
{ "timestamp":"2018-02-14T01:49:51Z", "event":"CommunityGoal", "CurrentGoals":[ { "CGID":466, "Title":"Последняя просьба Рэма Та", "SystemName":"Meene", "MarketName":"Felice Dock", "Expiry":"2018-02-15T15:00:00Z", "IsComplete":false, "CurrentTotal":126653, "PlayerContribution":0, "NumContributors":1990, "TopRankSize":10, "PlayerInTopRank":false, "TierReached":"Tier 2", "PlayerPercentileBand":100, "Bonus":200000 } ] }
{ "timestamp":"2018-02-14T01:50:58Z", "event":"Interdiction", "Success":true, "IsPlayer":false, "Faction":"Enayex Silver Public Holdings" }
{ "timestamp":"2018-02-14T01:50:59Z", "event":"SupercruiseExit", "StarSystem":"Enayex", "Body":"Enayex A 1", "BodyType":"Planet" }
{ "timestamp":"2018-02-14T01:50:59Z", "event":"Music", "MusicTrack":"Interdiction" }
{ "timestamp":"2018-02-14T01:51:02Z", "event":"ReceiveText", "From":"$npc_name_decorate:#name=Agnul;", "From_Localised":"Agnul", "Message":"$Miner_OnArriveAfterBeingInterdicted;", "Message_Localised":"Ты не можешь здесь распоряжаться. Мне эта добыча нелегко досталась, и я ее не отдам.", "Channel":"npc" }
{ "timestamp":"2018-02-14T01:51:04Z", "event":"CommunityGoal", "CurrentGoals":[ { "CGID":466, "Title":"Последняя просьба Рэма Та", "SystemName":"Meene", "MarketName":"Felice Dock", "Expiry":"2018-02-15T15:00:00Z", "IsComplete":false, "CurrentTotal":126730, "PlayerContribution":0, "NumContributors":1991, "TopRankSize":10, "PlayerInTopRank":false, "TierReached":"Tier 2", "PlayerPercentileBand":100, "Bonus":200000 } ] }
{ "timestamp":"2018-02-14T01:51:28Z", "event":"Music", "MusicTrack":"Combat_Dogfight" }
{ "timestamp":"2018-02-14T01:51:55Z", "event":"Bounty", "Target":"type6", "TotalReward":0, "VictimFaction":"Enayex Silver Public Holdings", "SharedWithOthers":1 }
{ "timestamp":"2018-02-14T01:52:10Z", "event":"Music", "MusicTrack":"Exploration" }
{ "timestamp":"2018-02-14T01:52:11Z", "event":"MaterialCollected", "Category":"Manufactured", "Name":"heatexchangers", "Count":3 }
{ "timestamp":"2018-02-14T01:52:56Z", "event":"StartJump", "JumpType":"Supercruise" }
{ "timestamp":"2018-02-14T01:53:01Z", "event":"SupercruiseEntry", "StarSystem":"Enayex" }
{ "timestamp":"2018-02-14T01:53:02Z", "event":"Music", "MusicTrack":"Supercruise" }
{ "timestamp":"2018-02-14T01:53:07Z", "event":"CommunityGoal", "CurrentGoals":[ { "CGID":466, "Title":"Последняя просьба Рэма Та", "SystemName":"Meene", "MarketName":"Felice Dock", "Expiry":"2018-02-15T15:00:00Z", "IsComplete":false, "CurrentTotal":126774, "PlayerContribution":0, "NumContributors":1992, "TopRankSize":10, "PlayerInTopRank":false, "TierReached":"Tier 2", "PlayerPercentileBand":100, "Bonus":200000 } ] }
{ "timestamp":"2018-02-14T01:53:48Z", "event":"MaterialCollected", "Category":"Encoded", "Name":"emissiondata", "Count":3 }
{ "timestamp":"2018-02-14T01:56:04Z", "event":"Interdiction", "Success":true, "IsPlayer":false, "Faction":"Enayex Silver Pirates" }
{ "timestamp":"2018-02-14T01:56:05Z", "event":"SupercruiseExit", "StarSystem":"Enayex", "Body":"Enayex A", "BodyType":"Star" }
{ "timestamp":"2018-02-14T01:56:05Z", "event":"Music", "MusicTrack":"Interdiction" }
{ "timestamp":"2018-02-14T01:56:06Z", "event":"ReceiveText", "From":"$npc_name_decorate:#name=Iain C Docherty;", "From_Localised":"Iain C Docherty", "Message":"$Pirate_OnArriveAfterBeingInterdicted03;", "Message_Localised":"Я здесь не затем, чтобы тебя развлекать.", "Channel":"npc" }
{ "timestamp":"2018-02-14T01:56:10Z", "event":"CommunityGoal", "CurrentGoals":[ { "CGID":466, "Title":"Последняя просьба Рэма Та", "SystemName":"Meene", "MarketName":"Felice Dock", "Expiry":"2018-02-15T15:00:00Z", "IsComplete":false, "CurrentTotal":126795, "PlayerContribution":0, "NumContributors":1993, "TopRankSize":10, "PlayerInTopRank":false, "TierReached":"Tier 2", "PlayerPercentileBand":100, "Bonus":200000 } ] }
{ "timestamp":"2018-02-14T01:56:12Z", "event":"ReceiveText", "From":"$npc_name_decorate:#name=Iain C Docherty;", "From_Localised":"Iain C Docherty", "Message":"$Pirate_OnStartScanCargo05;", "Message_Localised":"Какие вкусности у тебя есть?", "Channel":"npc" }
{ "timestamp":"2018-02-14T01:56:23Z", "event":"Music", "MusicTrack":"Combat_Dogfight" }
{ "timestamp":"2018-02-14T01:56:44Z", "event":"ShieldState", "ShieldsUp":false }
{ "timestamp":"2018-02-14T01:57:35Z", "event":"ReceiveText", "From":"$npc_name_decorate:#name=Iain C Docherty;", "From_Localised":"Iain C Docherty", "Message":"$BadKarmaCriticalDamage02;", "Message_Localised":"Невозможно!", "Channel":"npc" }
{ "timestamp":"2018-02-14T01:58:04Z", "event":"ReceiveText", "From":"$npc_name_decorate:#name=Iain C Docherty;", "From_Localised":"Iain C Docherty", "Message":"$Pirate_OnDeclarePiracyAttack04;", "Message_Localised":"Я тебя сварю живьем!", "Channel":"npc" }
{ "timestamp":"2018-02-14T01:58:33Z", "event":"ShieldState", "ShieldsUp":true }
{ "timestamp":"2018-02-14T01:58:59Z", "event":"Bounty", "Rewards":[ { "Faction":"Eurybia Blue Mafia", "Reward":129645 } ], "Target":"federation_dropship_mkii", "TotalReward":129645, "VictimFaction":"Enayex Silver Pirates", "SharedWithOthers":1 }
{ "timestamp":"2018-02-14T01:59:14Z", "event":"Music", "MusicTrack":"Exploration" }
{ "timestamp":"2018-02-14T01:59:40Z", "event":"MaterialDiscarded", "Category":"Manufactured", "Name":"wornshieldemitters", "Count":1 }
{ "timestamp":"2018-02-14T02:00:04Z", "event":"MaterialCollected", "Category":"Manufactured", "Name":"shieldingsensors", "Count":1 }
{ "timestamp":"2018-02-14T02:01:34Z", "event":"WingLeave" }
{ "timestamp":"2018-02-14T02:01:57Z", "event":"Music", "MusicTrack":"GalaxyMap" }
{ "timestamp":"2018-02-14T02:02:08Z", "event":"Music", "MusicTrack":"SystemMap" }
{ "timestamp":"2018-02-14T02:02:22Z", "event":"Music", "MusicTrack":"GalaxyMap" }
{ "timestamp":"2018-02-14T02:02:32Z", "event":"Music", "MusicTrack":"SystemMap" }
{ "timestamp":"2018-02-14T02:02:39Z", "event":"Music", "MusicTrack":"Exploration" }
{ "timestamp":"2018-02-14T02:06:11Z", "event":"CommunityGoal", "CurrentGoals":[ { "CGID":466, "Title":"Последняя просьба Рэма Та", "SystemName":"Meene", "MarketName":"Felice Dock", "Expiry":"2018-02-15T15:00:00Z", "IsComplete":false, "CurrentTotal":126881, "PlayerContribution":0, "NumContributors":1994, "TopRankSize":10, "PlayerInTopRank":false, "TierReached":"Tier 2", "PlayerPercentileBand":100, "Bonus":200000 } ] }
{ "timestamp":"2018-02-14T02:07:19Z", "event":"StartJump", "JumpType":"Supercruise" }
{ "timestamp":"2018-02-14T02:07:24Z", "event":"SupercruiseEntry", "StarSystem":"Enayex" }
{ "timestamp":"2018-02-14T02:07:24Z", "event":"Music", "MusicTrack":"Supercruise" }
{ "timestamp":"2018-02-14T02:07:29Z", "event":"CommunityGoal", "CurrentGoals":[ { "CGID":466, "Title":"Последняя просьба Рэма Та", "SystemName":"Meene", "MarketName":"Felice Dock", "Expiry":"2018-02-15T15:00:00Z", "IsComplete":false, "CurrentTotal":126881, "PlayerContribution":0, "NumContributors":1994, "TopRankSize":10, "PlayerInTopRank":false, "TierReached":"Tier 2", "PlayerPercentileBand":100, "Bonus":200000 } ] }
{ "timestamp":"2018-02-14T02:07:44Z", "event":"StartJump", "JumpType":"Hyperspace", "StarSystem":"Trianguli Sector YA-N a7-1", "StarClass":"T" }
{ "timestamp":"2018-02-14T02:07:50Z", "event":"Music", "MusicTrack":"NoTrack" }
{ "timestamp":"2018-02-14T02:08:03Z", "event":"FSDJump", "StarSystem":"Trianguli Sector YA-N a7-1", "StarPos":[49.563,-39.375,-50.719], "SystemAllegiance":"", "SystemEconomy":"$economy_None;", "SystemEconomy_Localised":"Нет", "SystemGovernment":"$government_None;", "SystemGovernment_Localised":"Нет", "SystemSecurity":"$GAlAXY_MAP_INFO_state_anarchy;", "SystemSecurity_Localised":"Анархия", "Population":0, "JumpDist":17.302, "FuelUsed":2.415374, "FuelLevel":13.584626 }
{ "timestamp":"2018-02-14T02:08:03Z", "event":"Music", "MusicTrack":"DestinationFromHyperspace" }
{ "timestamp":"2018-02-14T02:08:08Z", "event":"Music", "MusicTrack":"Supercruise" }
{ "timestamp":"2018-02-14T02:08:08Z", "event":"CommunityGoal", "CurrentGoals":[ { "CGID":466, "Title":"Последняя просьба Рэма Та", "SystemName":"Meene", "MarketName":"Felice Dock", "Expiry":"2018-02-15T15:00:00Z", "IsComplete":false, "CurrentTotal":126881, "PlayerContribution":0, "NumContributors":1994, "TopRankSize":10, "PlayerInTopRank":false, "TierReached":"Tier 2", "PlayerPercentileBand":100, "Bonus":200000 } ] }
{ "timestamp":"2018-02-14T02:08:41Z", "event":"StartJump", "JumpType":"Hyperspace", "StarSystem":"Trianguli Sector YA-N a7-2", "StarClass":"Y" }
{ "timestamp":"2018-02-14T02:08:46Z", "event":"Music", "MusicTrack":"NoTrack" }
{ "timestamp":"2018-02-14T02:08:59Z", "event":"FSDJump", "StarSystem":"Trianguli Sector YA-N a7-2", "StarPos":[47.969,-39.781,-50.250], "SystemAllegiance":"", "SystemEconomy":"$economy_None;", "SystemEconomy_Localised":"Нет", "SystemGovernment":"$government_None;", "SystemGovernment_Localised":"Нет", "SystemSecurity":"$GAlAXY_MAP_INFO_state_anarchy;", "SystemSecurity_Localised":"Анархия", "Population":0, "JumpDist":1.710, "FuelUsed":0.011573, "FuelLevel":13.573053 }
{ "timestamp":"2018-02-14T02:08:59Z", "event":"Music", "MusicTrack":"DestinationFromHyperspace" }
{ "timestamp":"2018-02-14T02:09:04Z", "event":"Music", "MusicTrack":"Supercruise" }
{ "timestamp":"2018-02-14T02:09:05Z", "event":"CommunityGoal", "CurrentGoals":[ { "CGID":466, "Title":"Последняя просьба Рэма Та", "SystemName":"Meene", "MarketName":"Felice Dock", "Expiry":"2018-02-15T15:00:00Z", "IsComplete":false, "CurrentTotal":126881, "PlayerContribution":0, "NumContributors":1994, "TopRankSize":10, "PlayerInTopRank":false, "TierReached":"Tier 2", "PlayerPercentileBand":100, "Bonus":200000 } ] }
{ "timestamp":"2018-02-14T02:09:15Z", "event":"Music", "MusicTrack":"SystemMap" }
{ "timestamp":"2018-02-14T02:09:23Z", "event":"Music", "MusicTrack":"Supercruise" }
{ "timestamp":"2018-02-14T02:09:26Z", "event":"Scan", "BodyName":"Trianguli Sector YA-N a7-2", "DistanceFromArrivalLS":0.000000, "StarType":"Y", "StellarMass":0.027344, "Radius":77492384.000000, "AbsoluteMagnitude":19.637772, "Age_MY":8258, "SurfaceTemperature":659.000000, "Luminosity":"V", "RotationPeriod":28217.572266, "AxialTilt":0.000000 }
{ "timestamp":"2018-02-14T02:09:29Z", "event":"Music", "MusicTrack":"GalaxyMap" }
{ "timestamp":"2018-02-14T02:09:43Z", "event":"Music", "MusicTrack":"SystemMap" }
{ "timestamp":"2018-02-14T02:09:49Z", "event":"Music", "MusicTrack":"Supercruise" }
{ "timestamp":"2018-02-14T02:10:09Z", "event":"StartJump", "JumpType":"Hyperspace", "StarSystem":"Enayex", "StarClass":"M" }
{ "timestamp":"2018-02-14T02:10:14Z", "event":"Music", "MusicTrack":"NoTrack" }
{ "timestamp":"2018-02-14T02:10:28Z", "event":"FSDJump", "StarSystem":"Enayex", "StarPos":[45.594,-51.906,-39.469], "SystemAllegiance":"Independent", "SystemEconomy":"$economy_Industrial;", "SystemEconomy_Localised":"Промышленность", "SystemGovernment":"$government_Anarchy;", "SystemGovernment_Localised":"Анархия", "SystemSecurity":"$GAlAXY_MAP_INFO_state_anarchy;", "SystemSecurity_Localised":"Анархия", "Population":3675125, "JumpDist":16.398, "FuelUsed":2.096084, "FuelLevel":10.986970, "Factions":[ { "Name":"Workers of Enayex Values Party", "FactionState":"CivilWar", "Government":"Democracy", "Influence":0.043608, "Allegiance":"Federation", "PendingStates":[ { "State":"CivilUnrest", "Trend":-1 }, { "State":"Lockdown", "Trend":-1 } ] }, { "Name":"Pilots Federation Local Branch", "FactionState":"None", "Government":"Democracy", "Influence":0.000000, "Allegiance":"PilotsFederation" }, { "Name":"Bureau of Brihasatsa Dominion", "FactionState":"Boom", "Government":"Dictatorship", "Influence":0.169475, "Allegiance":"Independent", "PendingStates":[ { "State":"War", "Trend":0 } ] }, { "Name":"Dominion of Enayex", "FactionState":"Boom", "Government":"Dictatorship", "Influence":0.193261, "Allegiance":"Independent", "PendingStates":[ { "State":"Lockdown", "Trend":1 } ] }, { "Name":"Eurybia Blue Mafia", "FactionState":"None", "Government":"Anarchy", "Influence":0.371655, "Allegiance":"Independent" }, { "Name":"Enayex Silver Public Holdings", "FactionState":"Lockdown", "Government":"Corporate", "Influence":0.009911, "Allegiance":"Federation", "PendingStates":[ { "State":"Boom", "Trend":1 }, { "State":"CivilUnrest", "Trend":1 } ] }, { "Name":"Enayex Silver Pirates", "FactionState":"Boom", "Government":"Anarchy", "Influence":0.169475, "Allegiance":"Independent", "PendingStates":[ { "State":"War", "Trend":0 } ] }, { "Name":"Enayex Movement", "FactionState":"CivilWar", "Government":"Dictatorship", "Influence":0.042616, "Allegiance":"Independent" } ], "SystemFaction":"Eurybia Blue Mafia" }
{ "timestamp":"2018-02-14T02:10:28Z", "event":"Music", "MusicTrack":"Supercruise" }
{ "timestamp":"2018-02-14T02:10:33Z", "event":"CommunityGoal", "CurrentGoals":[ { "CGID":466, "Title":"Последняя просьба Рэма Та", "SystemName":"Meene", "MarketName":"Felice Dock", "Expiry":"2018-02-15T15:00:00Z", "IsComplete":false, "CurrentTotal":126881, "PlayerContribution":0, "NumContributors":1994, "TopRankSize":10, "PlayerInTopRank":false, "TierReached":"Tier 2", "PlayerPercentileBand":100, "Bonus":200000 } ] }
{ "timestamp":"2018-02-14T02:11:21Z", "event":"StartJump", "JumpType":"Hyperspace", "StarSystem":"Eurybia", "StarClass":"K" }
{ "timestamp":"2018-02-14T02:11:26Z", "event":"Music", "MusicTrack":"NoTrack" }
{ "timestamp":"2018-02-14T02:11:39Z", "event":"FSDJump", "StarSystem":"Eurybia", "StarPos":[51.406,-54.406,-30.500], "SystemAllegiance":"Independent", "SystemEconomy":"$economy_Industrial;", "SystemEconomy_Localised":"Промышленность", "SystemGovernment":"$government_Anarchy;", "SystemGovernment_Localised":"Анархия", "SystemSecurity":"$GAlAXY_MAP_INFO_state_anarchy;", "SystemSecurity_Localised":"Анархия", "Population":125000, "JumpDist":10.976, "FuelUsed":0.816273, "FuelLevel":10.170697, "Factions":[ { "Name":"Liz Ryder", "FactionState":"None", "Government":"Engineer", "Influence":0.000000, "Allegiance":"Empire" }, { "Name":"Eurybia Empire Consulate", "FactionState":"CivilWar", "Government":"Patronage", "Influence":0.181181, "Allegiance":"Empire", "PendingStates":[ { "State":"CivilUnrest", "Trend":-1 }, { "State":"Lockdown", "Trend":-1 } ], "RecoveringStates":[ { "State":"Boom", "Trend":0 } ] }, { "Name":"Pilots Federation Local Branch", "FactionState":"None", "Government":"Democracy", "Influence":0.000000, "Allegiance":"PilotsFederation" }, { "Name":"Eurybia Jet Major Systems", "FactionState":"Boom", "Government":"Corporate", "Influence":0.280280, "Allegiance":"Empire" }, { "Name":"Eurybia Blue Mafia", "FactionState":"None", "Government":"Anarchy", "Influence":0.260260, "Allegiance":"Independent" }, { "Name":"Democrats of Eurybia", "FactionState":"CivilWar", "Government":"Democracy", "Influence":0.082082, "Allegiance":"Independent", "RecoveringStates":[ { "State":"Boom", "Trend":0 } ] }, { "Name":"Collangbaka Energy Exchange", "FactionState":"None", "Government":"Corporate", "Influence":0.196196, "Allegiance":"Federation", "PendingStates":[ { "State":"CivilUnrest", "Trend":0 } ], "RecoveringStates":[ { "State":"Boom", "Trend":1 } ] } ], "SystemFaction":"Eurybia Blue Mafia" }
{ "timestamp":"2018-02-14T02:11:40Z", "event":"Music", "MusicTrack":"DestinationFromHyperspace" }
{ "timestamp":"2018-02-14T02:11:45Z", "event":"Music", "MusicTrack":"Supercruise" }
{ "timestamp":"2018-02-14T02:11:45Z", "event":"CommunityGoal", "CurrentGoals":[ { "CGID":466, "Title":"Последняя просьба Рэма Та", "SystemName":"Meene", "MarketName":"Felice Dock", "Expiry":"2018-02-15T15:00:00Z", "IsComplete":false, "CurrentTotal":126881, "PlayerContribution":0, "NumContributors":1994, "TopRankSize":10, "PlayerInTopRank":false, "TierReached":"Tier 2", "PlayerPercentileBand":100, "Bonus":200000 } ] }
{ "timestamp":"2018-02-14T02:14:04Z", "event":"SupercruiseExit", "StarSystem":"Eurybia", "Body":"Chris & Silvia's Paradise Hideout", "BodyType":"Station" }
{ "timestamp":"2018-02-14T02:14:05Z", "event":"Music", "MusicTrack":"DestinationFromSupercruise" }
{ "timestamp":"2018-02-14T02:14:06Z", "event":"ReceiveText", "From":"Chris & Silvia's Paradise Hideout", "Message":"$STATION_NoFireZone_entered;", "Message_Localised":"Вы вошли в зону запрета огня", "Channel":"npc" }
{ "timestamp":"2018-02-14T02:14:10Z", "event":"CommunityGoal", "CurrentGoals":[ { "CGID":466, "Title":"Последняя просьба Рэма Та", "SystemName":"Meene", "MarketName":"Felice Dock", "Expiry":"2018-02-15T15:00:00Z", "IsComplete":false, "CurrentTotal":126939, "PlayerContribution":0, "NumContributors":1994, "TopRankSize":10, "PlayerInTopRank":false, "TierReached":"Tier 2", "PlayerPercentileBand":100, "Bonus":200000 } ] }
{ "timestamp":"2018-02-14T02:14:10Z", "event":"Music", "MusicTrack":"NoTrack" }
{ "timestamp":"2018-02-14T02:14:12Z", "event":"DockingRequested", "StationName":"Chris & Silvia's Paradise Hideout" }
{ "timestamp":"2018-02-14T02:14:12Z", "event":"ReceiveText", "From":"Chris & Silvia's Paradise Hideout", "Message":"$DockingChatter_Cordial;", "Message_Localised":"С возвращением, командир.", "Channel":"npc" }
{ "timestamp":"2018-02-14T02:14:13Z", "event":"ReceiveText", "From":"Chris & Silvia's Paradise Hideout", "Message":"$STATION_docking_granted;", "Message_Localised":"Стыковка разрешена", "Channel":"npc" }
{ "timestamp":"2018-02-14T02:14:13Z", "event":"DockingGranted", "LandingPad":12, "StationName":"Chris & Silvia's Paradise Hideout" }
{ "timestamp":"2018-02-14T02:14:32Z", "event":"Music", "MusicTrack":"Starport" }
{ "timestamp":"2018-02-14T02:14:54Z", "event":"Docked", "StationName":"Chris & Silvia's Paradise Hideout", "StationType":"Orbis", "StarSystem":"Eurybia", "StationFaction":"Eurybia Blue Mafia", "StationGovernment":"$government_Anarchy;", "StationGovernment_Localised":"Анархия", "StationServices":[ "Dock", "Autodock", "BlackMarket", "Commodities", "Contacts", "Exploration", "Missions", "Outfitting", "CrewLounge", "Rearm", "Refuel", "Repair", "Shipyard", "Tuning", "MissionsGenerated", "FlightController", "StationOperations", "Powerplay", "SearchAndRescue" ], "StationEconomy":"$economy_HighTech;", "StationEconomy_Localised":"Высокие технологии", "DistFromStarLS":319.729401 }
{ "timestamp":"2018-02-14T02:15:01Z", "event":"RefuelAll", "Cost":298, "Amount":5.931572 }
{ "timestamp":"2018-02-14T02:15:01Z", "event":"RepairAll", "Cost":2403 }
{ "timestamp":"2018-02-14T02:15:02Z", "event":"BuyAmmo", "Cost":26700 }
{ "timestamp":"2018-02-14T02:15:55Z", "event":"Repair", "Item":"Wear", "Cost":10 }
{ "timestamp":"2018-02-14T02:15:58Z", "event":"Repair", "Item":"Paint", "Cost":1 }
{ "timestamp":"2018-02-14T02:16:12Z", "event":"RedeemVoucher", "Type":"bounty", "Amount":129645, "Factions":[ { "Faction":"Eurybia Blue Mafia", "Amount":129645 } ] }
{ "timestamp":"2018-02-14T02:16:23Z", "event":"SellExplorationData", "Systems":[ "Trianguli Sector YA-N a7-1", "Trianguli Sector YA-N a7-2" ], "Discovered":[  ], "BaseValue":6600, "Bonus":0 }
{ "timestamp":"2018-02-14T02:17:22Z", "event":"Music", "MusicTrack":"GalaxyMap" }
{ "timestamp":"2018-02-14T02:17:31Z", "event":"Music", "MusicTrack":"SystemMap" }
{ "timestamp":"2018-02-14T02:17:55Z", "event":"Music", "MusicTrack":"GalaxyMap" }
{ "timestamp":"2018-02-14T02:18:37Z", "event":"Music", "MusicTrack":"SystemMap" }
{ "timestamp":"2018-02-14T02:18:48Z", "event":"Music", "MusicTrack":"GalaxyMap" }
{ "timestamp":"2018-02-14T02:19:48Z", "event":"Music", "MusicTrack":"SystemMap" }
{ "timestamp":"2018-02-14T02:19:56Z", "event":"Music", "MusicTrack":"GalaxyMap" }
{ "timestamp":"2018-02-14T02:22:50Z", "event":"Music", "MusicTrack":"SystemMap" }
{ "timestamp":"2018-02-14T02:22:58Z", "event":"Music", "MusicTrack":"GalaxyMap" }
{ "timestamp":"2018-02-14T02:23:14Z", "event":"Music", "MusicTrack":"SystemMap" }
{ "timestamp":"2018-02-14T02:23:19Z", "event":"Music", "MusicTrack":"Starport" }
{ "timestamp":"2018-02-14T02:23:34Z", "event":"Music", "MusicTrack":"GalaxyMap" }
{ "timestamp":"2018-02-14T02:23:37Z", "event":"Music", "MusicTrack":"Starport" }
{ "timestamp":"2018-02-14T02:23:38Z", "event":"Undocked", "StationName":"Chris & Silvia's Paradise Hideout", "StationType":"Orbis" }
{ "timestamp":"2018-02-14T02:23:47Z", "event":"Music", "MusicTrack":"NoTrack" }
{ "timestamp":"2018-02-14T02:24:07Z", "event":"CommunityGoal", "CurrentGoals":[ { "CGID":466, "Title":"Последняя просьба Рэма Та", "SystemName":"Meene", "MarketName":"Felice Dock", "Expiry":"2018-02-15T15:00:00Z", "IsComplete":false, "CurrentTotal":127068, "PlayerContribution":0, "NumContributors":1996, "TopRankSize":10, "PlayerInTopRank":false, "TierReached":"Tier 2", "PlayerPercentileBand":100, "Bonus":200000 } ] }
{ "timestamp":"2018-02-14T02:24:10Z", "event":"CommunityGoal", "CurrentGoals":[ { "CGID":466, "Title":"Последняя просьба Рэма Та", "SystemName":"Meene", "MarketName":"Felice Dock", "Expiry":"2018-02-15T15:00:00Z", "IsComplete":false, "CurrentTotal":127068, "PlayerContribution":0, "NumContributors":1996, "TopRankSize":10, "PlayerInTopRank":false, "TierReached":"Tier 2", "PlayerPercentileBand":100, "Bonus":200000 } ] }
{ "timestamp":"2018-02-14T02:24:12Z", "event":"ReceiveText", "From":"Chris & Silvia's Paradise Hideout", "Message":"$STATION_NoFireZone_exited;", "Message_Localised":"Вы вышли из зоны запрета огня", "Channel":"npc" }
{ "timestamp":"2018-02-14T02:24:14Z", "event":"Music", "MusicTrack":"Exploration" }
