{ "timestamp":"2018-02-04T18:56:02Z", "event":"Fileheader", "part":1, "language":"Russian\\RU", "gameversion":"2.4", "build":"r160439/r0 " }
{ "timestamp":"2018-02-04T18:56:02Z", "event":"Music", "MusicTrack":"NoTrack" }
{ "timestamp":"2018-02-04T18:56:02Z", "event":"Music", "MusicTrack":"MainMenu" }
{ "timestamp":"2018-02-04T18:56:41Z", "event":"Friends", "Status":"Online", "Name":"Mar.Meow" }
{ "timestamp":"2018-02-04T18:58:41Z", "event":"Friends", "Status":"Online", "Name":"Mar.Meow" }
{ "timestamp":"2018-02-04T18:58:53Z", "event":"Cargo", "Inventory":[  ] }
{ "timestamp":"2018-02-04T18:58:53Z", "event":"Loadout", "Ship":"Asp", "ShipID":8, "ShipName":"A-BUG", "ShipIdent":"BUGGED", "Modules":[ { "Slot":"SmallHardpoint1", "Item":"Hpt_BeamLaser_Gimbal_Small", "On":true, "Priority":0, "Health":1.000000, "Value":67185 }, { "Slot":"SmallHardpoint2", "Item":"Hpt_BeamLaser_Gimbal_Small", "On":true, "Priority":0, "Health":1.000000, "Value":67185 }, { "Slot":"SmallHardpoint3", "Item":"Hpt_BeamLaser_Gimbal_Small", "On":true, "Priority":0, "Health":1.000000, "Value":67185 }, { "Slot":"SmallHardpoint4", "Item":"Hpt_BeamLaser_Gimbal_Small", "On":true, "Priority":0, "Health":1.000000, "Value":67185 }, { "Slot":"MediumHardpoint1", "Item":"Hpt_MultiCannon_Gimbal_Medium", "On":true, "Priority":0, "AmmoInClip":90, "AmmoInHopper":1680, "Health":1.000000, "Value":51300, "EngineerBlueprint":"Weapon_Efficient", "EngineerLevel":1 }, { "Slot":"MediumHardpoint2", "Item":"Hpt_MultiCannon_Gimbal_Medium", "On":true, "Priority":0, "AmmoInClip":90, "AmmoInHopper":1680, "Health":1.000000, "Value":51300, "EngineerBlueprint":"Weapon_Efficient", "EngineerLevel":2 }, { "Slot":"TinyHardpoint1", "Item":"Hpt_ChaffLauncher_Tiny", "On":true, "Priority":3, "AmmoInClip":1, "AmmoInHopper":10, "Health":1.000000, "Value":8500 }, { "Slot":"TinyHardpoint2", "Item":"Hpt_HeatSinkLauncher_Turret_Tiny", "On":true, "Priority":0, "AmmoInClip":1, "AmmoInHopper":2, "Health":1.000000, "Value":3500 }, { "Slot":"TinyHardpoint3", "Item":"Hpt_ShieldBooster_Size0_Class5", "On":true, "Priority":0, "Health":1.000000, "Value":281000, "EngineerBlueprint":"ShieldBooster_Resistive", "EngineerLevel":1 }, { "Slot":"TinyHardpoint4", "Item":"Hpt_PlasmaPointDefence_Turret_Tiny", "On":true, "Priority":3, "AmmoInClip":12, "AmmoInHopper":10000, "Health":1.000000, "Value":18546 }, { "Slot":"Armour", "Item":"Asp_Armour_Grade3", "On":true, "Priority":1, "Health":1.000000, "Value":5995038 }, { "Slot":"PowerPlant", "Item":"Int_Powerplant_Size5_Class5", "On":true, "Priority":1, "Health":1.000000, "Value":5103953, "EngineerBlueprint":"PowerPlant_Armoured", "EngineerLevel":1 }, { "Slot":"MainEngines", "Item":"Int_Engine_Size5_Class5", "On":true, "Priority":0, "Health":1.000000, "Value":5103953, "EngineerBlueprint":"Engine_Reinforced", "EngineerLevel":1 }, { "Slot":"FrameShiftDrive", "Item":"Int_Hyperdrive_Size5_Class5", "On":true, "Priority":0, "Health":1.000000, "Value":5103953, "EngineerBlueprint":"FSD_FastBoot", "EngineerLevel":1 }, { "Slot":"LifeSupport", "Item":"Int_LifeSupport_Size4_Class1", "On":true, "Priority":0, "Health":1.000000, "Value":11349 }, { "Slot":"PowerDistributor", "Item":"Int_PowerDistributor_Size4_Class5", "On":true, "Priority":0, "Health":1.000000, "Value":443328 }, { "Slot":"Radar", "Item":"Int_Sensors_Size5_Class4", "On":true, "Priority":1, "Health":1.000000, "Value":496527 }, { "Slot":"FuelTank", "Item":"Int_FuelTank_Size5_Class3", "On":true, "Priority":1, "Health":1.000000, "Value":97754 }, { "Slot":"Slot01_Size6", "Item":"Int_CargoRack_Size6_Class1", "On":true, "Priority":1, "Health":1.000000, "Value":362591 }, { "Slot":"Slot02_Size5", "Item":"Int_ShieldGenerator_Size5_Class5", "On":true, "Priority":0, "Health":1.000000, "Value":5103953 }, { "Slot":"Slot03_Size3", "Item":"Int_BuggyBay_Size2_Class1", "On":true, "Priority":4, "Health":1.000000, "Value":18000 }, { "Slot":"Slot04_Size3", "Item":"Int_FuelScoop_Size3_Class5", "On":true, "Priority":4, "Health":1.000000, "Value":902954 }, { "Slot":"Slot05_Size3", "Item":"Int_StellarBodyDiscoveryScanner_Advanced", "On":true, "Priority":1, "Health":1.000000, "Value":1545000 }, { "Slot":"Slot06_Size2", "Item":"Int_DetailedSurfaceScanner_Tiny", "On":true, "Priority":1, "Health":1.000000, "Value":250000, "EngineerBlueprint":"Sensor_SurfaceScanner_LongRange", "EngineerLevel":3 }, { "Slot":"Slot07_Size2", "Item":"Int_FSDInterdictor_Size2_Class5", "On":true, "Priority":0, "Health":1.000000, "Value":2721600 }, { "Slot":"PlanetaryApproachSuite", "Item":"Int_PlanetApproachSuite", "On":true, "Priority":1, "Health":1.000000, "Value":500 }, { "Slot":"ShipCockpit", "Item":"Asp_Cockpit", "On":true, "Priority":1, "Health":1.000000, "Value":0 }, { "Slot":"CargoHatch", "Item":"ModularCargoBayDoor", "On":true, "Priority":2, "Health":1.000000, "Value":0 } ] }
{ "timestamp":"2018-02-04T18:58:53Z", "event":"Materials", "Raw":[ { "Name":"phosphorus", "Count":27 }, { "Name":"iron", "Count":3 }, { "Name":"nickel", "Count":52 }, { "Name":"carbon", "Count":17 }, { "Name":"chromium", "Count":27 }, { "Name":"molybdenum", "Count":3 }, { "Name":"manganese", "Count":19 }, { "Name":"cadmium", "Count":3 }, { "Name":"germanium", "Count":3 }, { "Name":"tin", "Count":3 }, { "Name":"selenium", "Count":15 }, { "Name":"niobium", "Count":6 }, { "Name":"vanadium", "Count":9 }, { "Name":"tungsten", "Count":3 } ], "Manufactured":[ { "Name":"gridresistors", "Count":9 }, { "Name":"mechanicalscrap", "Count":14 }, { "Name":"mechanicalequipment", "Count":11 }, { "Name":"focuscrystals", "Count":64 }, { "Name":"salvagedalloys", "Count":82 }, { "Name":"chemicalprocessors", "Count":31 }, { "Name":"phasealloys", "Count":51 }, { "Name":"shieldingsensors", "Count":48 }, { "Name":"wornshieldemitters", "Count":46 }, { "Name":"galvanisingalloys", "Count":69 }, { "Name":"uncutfocuscrystals", "Count":2 }, { "Name":"configurablecomponents", "Count":6 }, { "Name":"highdensitycomposites", "Count":24 }, { "Name":"mechanicalcomponents", "Count":3 }, { "Name":"fedproprietarycomposites", "Count":21 }, { "Name":"fedcorecomposites", "Count":6 }, { "Name":"shieldemitters", "Count":42 }, { "Name":"conductivecomponents", "Count":4 }, { "Name":"refinedfocuscrystals", "Count":21 }, { "Name":"chemicaldistillery", "Count":6 }, { "Name":"protolightalloys", "Count":15 }, { "Name":"precipitatedalloys", "Count":22 }, { "Name":"biotechconductors", "Count":2 }, { "Name":"compoundshielding", "Count":6 }, { "Name":"conductiveceramics", "Count":2 }, { "Name":"unknownorganiccircuitry", "Count":24 }, { "Name":"unknownenergysource", "Count":22 }, { "Name":"unknowncarapace", "Count":18 }, { "Name":"unknowntechnologycomponents", "Count":12 }, { "Name":"unknownenergycell", "Count":6 } ], "Encoded":[ { "Name":"decodedemissiondata", "Count":27 }, { "Name":"emissiondata", "Count":4 }, { "Name":"shieldsoakanalysis", "Count":18 }, { "Name":"shielddensityreports", "Count":39 }, { "Name":"scanarchives", "Count":18 }, { "Name":"shieldpatternanalysis", "Count":24 }, { "Name":"shieldcyclerecordings", "Count":26 }, { "Name":"encodedscandata", "Count":9 }, { "Name":"fsdtelemetry", "Count":6 }, { "Name":"scandatabanks", "Count":5 }, { "Name":"legacyfirmware", "Count":15 }, { "Name":"archivedemissiondata", "Count":4 }, { "Name":"industrialfirmware", "Count":3 }, { "Name":"bulkscandata", "Count":33 }, { "Name":"embeddedfirmware", "Count":1 }, { "Name":"scrambledemissiondata", "Count":6 }, { "Name":"encryptioncodes", "Count":3 }, { "Name":"consumerfirmware", "Count":3 }, { "Name":"encryptionarchives", "Count":3 } ] }
{ "timestamp":"2018-02-04T18:58:53Z", "event":"LoadGame", "Commander":"Sleep Runner", "Ship":"Asp", "ShipID":8, "ShipName":"A-BUG", "ShipIdent":"BUGGED", "FuelLevel":32.000000, "FuelCapacity":32.000000, "GameMode":"Open", "Credits":47139826, "Loan":0 }
{ "timestamp":"2018-02-04T18:58:53Z", "event":"Rank", "Combat":2, "Trade":4, "Explore":4, "Empire":0, "Federation":2, "CQC":0 }
{ "timestamp":"2018-02-04T18:58:53Z", "event":"Progress", "Combat":28, "Trade":1, "Explore":20, "Empire":3, "Federation":32, "CQC":0 }
{ "timestamp":"2018-02-04T18:59:07Z", "event":"Location", "Docked":true, "StationName":"Vela Port", "StationType":"Coriolis", "StarSystem":"Amarak", "StarPos":[-68.438,26.000,26.469], "SystemAllegiance":"Federation", "SystemEconomy":"$economy_HighTech;", "SystemEconomy_Localised":"Высокие технологии", "SystemGovernment":"$government_Corporate;", "SystemGovernment_Localised":"Корпоративная", "SystemSecurity":"$SYSTEM_SECURITY_high;", "SystemSecurity_Localised":"Высок. ур. безопасности", "Population":10248421, "Body":"Vela Port", "BodyType":"Station", "Factions":[ { "Name":"Pilots Federation Local Branch", "FactionState":"None", "Government":"Democracy", "Influence":0.000000, "Allegiance":"PilotsFederation" }, { "Name":"Tarutaalli Group", "FactionState":"Boom", "Government":"Corporate", "Influence":0.123752, "Allegiance":"Federation" }, { "Name":"Amarak Comms Partners", "FactionState":"None", "Government":"Corporate", "Influence":0.583832, "Allegiance":"Federation", "RecoveringStates":[ { "State":"Boom", "Trend":0 } ] }, { "Name":"Amarak Dominion", "FactionState":"Boom", "Government":"Dictatorship", "Influence":0.058882, "Allegiance":"Independent" }, { "Name":"Amarak Silver Family", "FactionState":"War", "Government":"Anarchy", "Influence":0.047904, "Allegiance":"Independent", "PendingStates":[ { "State":"Boom", "Trend":1 } ] }, { "Name":"Syndicate of LHS 3385", "FactionState":"War", "Government":"Anarchy", "Influence":0.010978, "Allegiance":"Independent", "PendingStates":[ { "State":"Boom", "Trend":1 } ] }, { "Name":"Amarak Republic Party", "FactionState":"None", "Government":"Democracy", "Influence":0.164671, "Allegiance":"Federation", "PendingStates":[ { "State":"CivilUnrest", "Trend":-1 } ] }, { "Name":"Ronin of Amarak", "FactionState":"None", "Government":"Anarchy", "Influence":0.009980, "Allegiance":"Independent", "PendingStates":[ { "State":"Boom", "Trend":1 } ] } ], "SystemFaction":"Amarak Comms Partners" }
{ "timestamp":"2018-02-04T18:59:07Z", "event":"Music", "MusicTrack":"NoTrack" }
{ "timestamp":"2018-02-04T18:59:07Z", "event":"Docked", "StationName":"Vela Port", "StationType":"Coriolis", "StarSystem":"Amarak", "StationFaction":"Amarak Comms Partners", "StationGovernment":"$government_Corporate;", "StationGovernment_Localised":"Корпоративная", "StationAllegiance":"Federation", "StationServices":[ "Dock", "Autodock", "BlackMarket", "Commodities", "Contacts", "Exploration", "Missions", "Outfitting", "CrewLounge", "Rearm", "Refuel", "Repair", "Shipyard", "Tuning", "MissionsGenerated", "FlightController", "StationOperations", "Powerplay", "SearchAndRescue" ], "StationEconomy":"$economy_HighTech;", "StationEconomy_Localised":"Высокие технологии", "DistFromStarLS":1178.808716 }
{ "timestamp":"2018-02-04T18:59:07Z", "event":"Music", "MusicTrack":"Starport" }
{ "timestamp":"2018-02-04T19:00:02Z", "event":"MissionAccepted", "Faction":"Amarak Silver Family", "Name":"Mission_Disable_War", "LocalisedName":"Отключите электросеть цели. Это: Установка", "Target":"$MissionUtil_Settlement_Target_Turret;", "Target_Localised":"Установка", "Expiry":"2018-02-08T11:26:46Z", "Influence":"Med", "Reputation":"Med", "Reward":1153086, "MissionID":308385277 }
{ "timestamp":"2018-02-04T19:00:08Z", "event":"MissionAccepted", "Faction":"Amarak Silver Family", "Name":"Mission_Disable_BLOPS_War", "LocalisedName":"Контракт на скрытое нападение", "DestinationSystem":"Aritimi", "Target":"$MissionUtil_Settlement_Target_Turret;", "Target_Localised":"Установка", "Expiry":"2018-02-06T05:20:29Z", "Influence":"Med", "Reputation":"Med", "Reward":408204, "MissionID":308385397 }
{ "timestamp":"2018-02-04T19:00:11Z", "event":"MissionAccepted", "Faction":"Amarak Silver Family", "Name":"Mission_Disable_War", "LocalisedName":"Отключите электросеть цели. Это: Установка", "Target":"$MissionUtil_Settlement_Target_Turret;", "Target_Localised":"Установка", "Expiry":"2018-02-06T18:25:29Z", "Influence":"Med", "Reputation":"Med", "Reward":593484, "MissionID":308385438 }
{ "timestamp":"2018-02-04T19:00:13Z", "event":"MissionAccepted", "Faction":"Amarak Silver Family", "Name":"Mission_Disable_War", "LocalisedName":"Отключите электросеть цели. Это: Установка", "Target":"$MissionUtil_Settlement_Target_Turret;", "Target_Localised":"Установка", "Expiry":"2018-02-08T10:58:54Z", "Influence":"Med", "Reputation":"Med", "Reward":956685, "MissionID":308385468 }
{ "timestamp":"2018-02-04T19:00:15Z", "event":"MissionAccepted", "Faction":"Amarak Silver Family", "Name":"Mission_Disable_War", "LocalisedName":"Отключите электросеть цели. Это: Поселение", "Target":"$MissionUtil_Settlement_Target_Building;", "Target_Localised":"Поселение", "Expiry":"2018-02-07T08:53:29Z", "Influence":"Med", "Reputation":"Med", "Reward":592491, "MissionID":308385499 }
{ "timestamp":"2018-02-04T19:00:18Z", "event":"MissionAccepted", "Faction":"Amarak Silver Family", "Name":"Mission_Disable_War", "LocalisedName":"Отключите электросеть цели. Это: Установка", "Target":"$MissionUtil_Settlement_Target_Turret;", "Target_Localised":"Установка", "Expiry":"2018-02-05T14:33:16Z", "Influence":"Med", "Reputation":"Med", "Reward":161138, "MissionID":308385539 }
{ "timestamp":"2018-02-04T19:00:20Z", "event":"MissionAccepted", "Faction":"Amarak Silver Family", "Name":"Mission_Disable_War", "LocalisedName":"Отключите электросеть цели. Это: Установка", "Target":"$MissionUtil_Settlement_Target_Turret;", "Target_Localised":"Установка", "Expiry":"2018-02-05T12:48:44Z", "Influence":"Med", "Reputation":"Med", "Reward":156402, "MissionID":308385564 }
{ "timestamp":"2018-02-04T19:00:28Z", "event":"MissionAccepted", "Faction":"Syndicate of LHS 3385", "Name":"Mission_Disable_HighTech", "LocalisedName":"Отключите электросеть цели. Это: Установка", "Target":"$MissionUtil_Settlement_Target_Turret;", "Target_Localised":"Установка", "Expiry":"2018-02-06T08:40:22Z", "Influence":"Med", "Reputation":"Med", "Reward":589365, "MissionID":308385713 }
{ "timestamp":"2018-02-04T19:00:31Z", "event":"MissionAccepted", "Faction":"Syndicate of LHS 3385", "Name":"Mission_Disable_HighTech", "LocalisedName":"Отключите электросеть цели. Это: Поселение", "Target":"$MissionUtil_Settlement_Target_Building;", "Target_Localised":"Поселение", "Expiry":"2018-02-09T16:45:39Z", "Influence":"Med", "Reputation":"Med", "Reward":959665, "MissionID":308385753 }
{ "timestamp":"2018-02-04T19:00:32Z", "event":"MissionAccepted", "Faction":"Syndicate of LHS 3385", "Name":"Mission_Disable_HighTech", "LocalisedName":"Отключите электросеть цели. Это: Установка", "Target":"$MissionUtil_Settlement_Target_Turret;", "Target_Localised":"Установка", "Expiry":"2018-02-08T22:27:44Z", "Influence":"Med", "Reputation":"Med", "Reward":955200, "MissionID":308385787 }
{ "timestamp":"2018-02-04T19:00:35Z", "event":"MissionAccepted", "Faction":"Syndicate of LHS 3385", "Name":"Mission_Disable_HighTech", "LocalisedName":"Отключите электросеть цели. Это: Установка", "Target":"$MissionUtil_Settlement_Target_Turret;", "Target_Localised":"Установка", "Expiry":"2018-02-09T16:09:49Z", "Influence":"Med", "Reputation":"Med", "Reward":1367079, "MissionID":308385818 }
{ "timestamp":"2018-02-04T19:00:37Z", "event":"MissionAccepted", "Faction":"Syndicate of LHS 3385", "Name":"Mission_Disable_HighTech", "LocalisedName":"Отключите электросеть цели. Это: Установка", "Target":"$MissionUtil_Settlement_Target_Turret;", "Target_Localised":"Установка", "Expiry":"2018-02-05T17:23:38Z", "Influence":"Med", "Reputation":"Med", "Reward":176768, "MissionID":308385849 }
{ "timestamp":"2018-02-04T19:00:43Z", "event":"MissionAccepted", "Faction":"Ronin of Amarak", "Name":"Mission_Disable_HighTech", "LocalisedName":"Отключите электросеть цели. Это: Поселение", "Target":"$MissionUtil_Settlement_Target_Building;", "Target_Localised":"Поселение", "Expiry":"2018-02-08T01:23:46Z", "Influence":"Med", "Reputation":"Med", "Reward":732672, "MissionID":308385936 }
{ "timestamp":"2018-02-04T19:00:45Z", "event":"MissionAccepted", "Faction":"Ronin of Amarak", "Name":"Mission_Disable_HighTech", "LocalisedName":"Отключите электросеть цели. Это: Установка", "Target":"$MissionUtil_Settlement_Target_Turret;", "Target_Localised":"Установка", "Expiry":"2018-02-07T07:32:25Z", "Influence":"Med", "Reputation":"Med", "Reward":593895, "MissionID":308385986 }
{ "timestamp":"2018-02-04T19:00:49Z", "event":"MissionAccepted", "Faction":"Ronin of Amarak", "Name":"Mission_Disable_HighTech", "LocalisedName":"Отключите электросеть цели. Это: Установка", "Target":"$MissionUtil_Settlement_Target_Turret;", "Target_Localised":"Установка", "Expiry":"2018-02-05T10:42:00Z", "Influence":"Med", "Reputation":"Med", "Reward":160985, "MissionID":308386052 }
{ "timestamp":"2018-02-04T19:01:33Z", "event":"MissionAccepted", "Faction":"Syndicate of LHS 3385", "Name":"Mission_Disable_HighTech", "LocalisedName":"Отключите электросеть цели. Это: Поселение", "Target":"$MissionUtil_Settlement_Target_Building;", "Target_Localised":"Поселение", "Expiry":"2018-02-06T22:12:59Z", "Influence":"Med", "Reputation":"Med", "Reward":730784, "MissionID":308386811 }
{ "timestamp":"2018-02-04T19:01:37Z", "event":"MissionAccepted", "Faction":"Syndicate of LHS 3385", "Name":"Mission_Disable_HighTech", "LocalisedName":"Отключите электросеть цели. Это: Установка", "Target":"$MissionUtil_Settlement_Target_Turret;", "Target_Localised":"Установка", "Expiry":"2018-02-05T15:05:41Z", "Influence":"Med", "Reputation":"Med", "Reward":175303, "MissionID":308386869 }
{ "timestamp":"2018-02-04T19:01:39Z", "event":"MissionAccepted", "Faction":"Syndicate of LHS 3385", "Name":"Mission_Disable_HighTech", "LocalisedName":"Отключите электросеть цели. Это: Установка", "Target":"$MissionUtil_Settlement_Target_Turret;", "Target_Localised":"Установка", "Expiry":"2018-02-05T13:31:23Z", "Influence":"Med", "Reputation":"Med", "Reward":173871, "MissionID":308386906 }
{ "timestamp":"2018-02-04T19:01:47Z", "event":"MissionAccepted", "Faction":"Ronin of Amarak", "Name":"Mission_Disable_HighTech", "LocalisedName":"Отключите электросеть цели. Это: Установка", "Target":"$MissionUtil_Settlement_Target_Turret;", "Target_Localised":"Установка", "Expiry":"2018-02-06T14:11:41Z", "Influence":"Med", "Reputation":"Med", "Reward":366824, "MissionID":308387031 }
{ "timestamp":"2018-02-04T19:01:50Z", "event":"MissionAccepted", "Faction":"Ronin of Amarak", "Name":"Mission_Disable_HighTech", "LocalisedName":"Отключите электросеть цели. Это: Установка", "Target":"$MissionUtil_Settlement_Target_Turret;", "Target_Localised":"Установка", "Expiry":"2018-02-06T04:21:49Z", "Influence":"Med", "Reputation":"Med", "Reward":362516, "MissionID":308387087 }
{ "timestamp":"2018-02-04T19:02:13Z", "event":"Undocked", "StationName":"Vela Port", "StationType":"Coriolis" }
{ "timestamp":"2018-02-04T19:02:28Z", "event":"Music", "MusicTrack":"NoTrack" }
{ "timestamp":"2018-02-04T19:03:13Z", "event":"StartJump", "JumpType":"Supercruise" }
{ "timestamp":"2018-02-04T19:03:15Z", "event":"ReceiveText", "From":"Vela Port", "Message":"$STATION_NoFireZone_exited;", "Message_Localised":"Вы вышли из зоны запрета огня", "Channel":"npc" }
{ "timestamp":"2018-02-04T19:03:19Z", "event":"SupercruiseEntry", "StarSystem":"Amarak" }
{ "timestamp":"2018-02-04T19:03:19Z", "event":"Music", "MusicTrack":"Supercruise" }
{ "timestamp":"2018-02-04T19:05:00Z", "event":"SupercruiseExit", "StarSystem":"Amarak", "Body":"Werner von Siemens Vision", "BodyType":"Station" }
{ "timestamp":"2018-02-04T19:05:00Z", "event":"Music", "MusicTrack":"DestinationFromSupercruise" }
{ "timestamp":"2018-02-04T19:05:05Z", "event":"Music", "MusicTrack":"Exploration" }
{ "timestamp":"2018-02-04T19:05:05Z", "event":"ReceiveText", "From":"Werner von Siemens Vision", "Message":"$STATION_NoFireZone_entered;", "Message_Localised":"Вы вошли в зону запрета огня", "Channel":"npc" }
{ "timestamp":"2018-02-04T19:05:07Z", "event":"DockingRequested", "StationName":"Werner von Siemens Vision" }
{ "timestamp":"2018-02-04T19:05:07Z", "event":"ReceiveText", "From":"Werner von Siemens Vision", "Message":"$DockingChatter_Cordial;", "Message_Localised":"С возвращением, командир.", "Channel":"npc" }
{ "timestamp":"2018-02-04T19:05:09Z", "event":"ReceiveText", "From":"Werner von Siemens Vision", "Message":"$STATION_docking_granted;", "Message_Localised":"Стыковка разрешена", "Channel":"npc" }
{ "timestamp":"2018-02-04T19:05:09Z", "event":"DockingGranted", "LandingPad":4, "StationName":"Werner von Siemens Vision" }
{ "timestamp":"2018-02-04T19:06:04Z", "event":"Docked", "StationName":"Werner von Siemens Vision", "StationType":"Outpost", "StarSystem":"Amarak", "StationFaction":"Tarutaalli Group", "FactionState":"Boom", "StationGovernment":"$government_Corporate;", "StationGovernment_Localised":"Корпоративная", "StationAllegiance":"Federation", "StationServices":[ "Dock", "Autodock", "BlackMarket", "Commodities", "Contacts", "Exploration", "Missions", "Outfitting", "CrewLounge", "Rearm", "Refuel", "Repair", "MissionsGenerated", "FlightController", "StationOperations", "Powerplay", "SearchAndRescue" ], "StationEconomy":"$economy_HighTech;", "StationEconomy_Localised":"Высокие технологии", "DistFromStarLS":1605.984741 }
{ "timestamp":"2018-02-04T19:06:35Z", "event":"RefuelAll", "Cost":10, "Amount":0.097639 }
{ "timestamp":"2018-02-04T19:08:29Z", "event":"ModuleBuy", "Slot":"Slot01_Size6", "StoredItem":"$int_cargorack_size6_class1_name;", "StoredItem_Localised":"Груз. стеллаж", "BuyItem":"$int_buggybay_size6_class1_name;", "BuyItem_Localised":"Гараж планет. трансп.", "BuyPrice":576000, "Ship":"asp", "ShipID":8 }
{ "timestamp":"2018-02-04T19:12:54Z", "event":"ModuleStore", "Slot":"Slot06_Size2", "StoredItem":"$int_detailedsurfacescanner_tiny_name;", "StoredItem_Localised":"Сканер поверхностей", "Ship":"asp", "ShipID":8, "EngineerModifications":"Sensor_SurfaceScanner_LongRange" }
{ "timestamp":"2018-02-04T19:13:19Z", "event":"ModuleBuy", "Slot":"Slot06_Size2", "BuyItem":"$int_repairer_size2_class4_name;", "BuyItem_Localised":"АПР-блок", "BuyPrice":486000, "Ship":"asp", "ShipID":8 }
{ "timestamp":"2018-02-04T19:16:00Z", "event":"MissionAbandoned", "Name":"Mission_Disable_HighTech_name", "MissionID":308386906 }
{ "timestamp":"2018-02-04T19:16:03Z", "event":"MissionAbandoned", "Name":"Mission_Disable_HighTech_name", "MissionID":308386869 }
{ "timestamp":"2018-02-04T19:16:08Z", "event":"MissionAbandoned", "Name":"Mission_Disable_HighTech_name", "MissionID":308386052 }
{ "timestamp":"2018-02-04T19:16:15Z", "event":"MissionAbandoned", "Name":"Mission_Disable_HighTech_name", "MissionID":308385849 }
{ "timestamp":"2018-02-04T19:16:22Z", "event":"MissionAbandoned", "Name":"Mission_Disable_War_name", "MissionID":308385564 }
{ "timestamp":"2018-02-04T19:17:05Z", "event":"MissionAccepted", "Faction":"Syndicate of LHS 3385", "Name":"Mission_Disable_HighTech", "LocalisedName":"Отключите электросеть цели. Это: Установка", "Target":"$MissionUtil_Settlement_Target_Turret;", "Target_Localised":"Установка", "Expiry":"2018-02-06T22:16:41Z", "Influence":"Med", "Reputation":"Med", "Reward":588435, "MissionID":308402977 }
{ "timestamp":"2018-02-04T19:17:23Z", "event":"MissionAccepted", "Faction":"Syndicate of LHS 3385", "Name":"Mission_Disable_HighTech", "LocalisedName":"Отключите электросеть цели. Это: Поселение", "Target":"$MissionUtil_Settlement_Target_Building;", "Target_Localised":"Поселение", "Expiry":"2018-02-06T14:03:20Z", "Influence":"Med", "Reputation":"Med", "Reward":593976, "MissionID":308403325 }
{ "timestamp":"2018-02-04T19:17:46Z", "event":"MissionAccepted", "Faction":"Amarak Silver Family", "Name":"Mission_Disable_War", "LocalisedName":"Отключите электросеть цели. Это: Поселение", "Target":"$MissionUtil_Settlement_Target_Building;", "Target_Localised":"Поселение", "Expiry":"2018-02-10T05:20:20Z", "Influence":"Med", "Reputation":"Med", "Reward":1163946, "MissionID":308403701 }
{ "timestamp":"2018-02-04T19:17:50Z", "event":"MissionAccepted", "Faction":"Amarak Silver Family", "Name":"Mission_Disable_War", "LocalisedName":"Отключите электросеть цели. Это: Установка", "Target":"$MissionUtil_Settlement_Target_Turret;", "Target_Localised":"Установка", "Expiry":"2018-02-08T03:07:54Z", "Influence":"Med", "Reputation":"Med", "Reward":950110, "MissionID":308403791 }
{ "timestamp":"2018-02-04T19:18:08Z", "event":"MissionAccepted", "Faction":"Ronin of Amarak", "Name":"Mission_Disable_HighTech", "LocalisedName":"Отключите электросеть цели. Это: Поселение", "Target":"$MissionUtil_Settlement_Target_Building;", "Target_Localised":"Поселение", "Expiry":"2018-02-09T18:45:38Z", "Influence":"Med", "Reputation":"Med", "Reward":953395, "MissionID":308404173 }
{ "timestamp":"2018-02-04T19:18:25Z", "event":"MissionAbandoned", "Name":"Mission_Disable_War_name", "MissionID":308385539 }
{ "timestamp":"2018-02-04T19:19:03Z", "event":"MissionAccepted", "Faction":"Ronin of Amarak", "Name":"Mission_Disable_HighTech", "LocalisedName":"Отключите электросеть цели. Это: Поселение", "Target":"$MissionUtil_Settlement_Target_Building;", "Target_Localised":"Поселение", "Expiry":"2018-02-07T01:24:14Z", "Influence":"Med", "Reputation":"Med", "Reward":594186, "MissionID":308405183 }
{ "timestamp":"2018-02-04T19:19:23Z", "event":"Music", "MusicTrack":"GalaxyMap" }
{ "timestamp":"2018-02-04T19:19:27Z", "event":"Undocked", "StationName":"Werner von Siemens Vision", "StationType":"Outpost" }
{ "timestamp":"2018-02-04T19:19:33Z", "event":"Music", "MusicTrack":"SystemMap" }
{ "timestamp":"2018-02-04T19:19:55Z", "event":"Music", "MusicTrack":"GalaxyMap" }
{ "timestamp":"2018-02-04T19:19:56Z", "event":"Music", "MusicTrack":"Exploration" }
{ "timestamp":"2018-02-04T19:19:59Z", "event":"Music", "MusicTrack":"SystemMap" }
{ "timestamp":"2018-02-04T19:20:10Z", "event":"Music", "MusicTrack":"Exploration" }
{ "timestamp":"2018-02-04T19:20:16Z", "event":"Scanned", "ScanType":"Cargo" }
{ "timestamp":"2018-02-04T19:20:27Z", "event":"DockingRequested", "StationName":"Werner von Siemens Vision" }
{ "timestamp":"2018-02-04T19:20:27Z", "event":"ReceiveText", "From":"Werner von Siemens Vision", "Message":"$DockingChatter_Friendly;", "Message_Localised":"Очень приятно видеть вас вновь, командир.", "Channel":"npc" }
{ "timestamp":"2018-02-04T19:20:29Z", "event":"ReceiveText", "From":"Werner von Siemens Vision", "Message":"$STATION_docking_granted;", "Message_Localised":"Стыковка разрешена", "Channel":"npc" }
{ "timestamp":"2018-02-04T19:20:29Z", "event":"DockingGranted", "LandingPad":4, "StationName":"Werner von Siemens Vision" }
{ "timestamp":"2018-02-04T19:20:58Z", "event":"Docked", "StationName":"Werner von Siemens Vision", "StationType":"Outpost", "StarSystem":"Amarak", "StationFaction":"Tarutaalli Group", "FactionState":"Boom", "StationGovernment":"$government_Corporate;", "StationGovernment_Localised":"Корпоративная", "StationAllegiance":"Federation", "StationServices":[ "Dock", "Autodock", "BlackMarket", "Commodities", "Contacts", "Exploration", "Missions", "Outfitting", "CrewLounge", "Rearm", "Refuel", "Repair", "MissionsGenerated", "FlightController", "StationOperations", "Powerplay", "SearchAndRescue" ], "StationEconomy":"$economy_HighTech;", "StationEconomy_Localised":"Высокие технологии", "DistFromStarLS":1605.981934 }
{ "timestamp":"2018-02-04T19:21:10Z", "event":"MissionAbandoned", "Name":"Mission_Disable_War_name", "MissionID":308403791 }
{ "timestamp":"2018-02-04T19:21:42Z", "event":"MissionAccepted", "Faction":"Ronin of Amarak", "Name":"Mission_Disable_HighTech", "LocalisedName":"Отключите электросеть цели. Это: Поселение", "Target":"$MissionUtil_Settlement_Target_Building;", "Target_Localised":"Поселение", "Expiry":"2018-02-07T13:55:32Z", "Influence":"Med", "Reputation":"Med", "Reward":592653, "MissionID":308408051 }
{ "timestamp":"2018-02-04T19:21:51Z", "event":"Music", "MusicTrack":"GalaxyMap" }
{ "timestamp":"2018-02-04T19:21:53Z", "event":"Music", "MusicTrack":"SystemMap" }
{ "timestamp":"2018-02-04T19:21:56Z", "event":"Undocked", "StationName":"Werner von Siemens Vision", "StationType":"Outpost" }
{ "timestamp":"2018-02-04T19:22:02Z", "event":"Music", "MusicTrack":"GalaxyMap" }
{ "timestamp":"2018-02-04T19:22:07Z", "event":"Music", "MusicTrack":"SystemMap" }
{ "timestamp":"2018-02-04T19:22:13Z", "event":"Music", "MusicTrack":"Exploration" }
{ "timestamp":"2018-02-04T19:23:25Z", "event":"StartJump", "JumpType":"Hyperspace", "StarSystem":"Aritimi", "StarClass":"G" }
{ "timestamp":"2018-02-04T19:23:30Z", "event":"Music", "MusicTrack":"NoTrack" }
{ "timestamp":"2018-02-04T19:23:43Z", "event":"FSDJump", "StarSystem":"Aritimi", "StarPos":[-64.656,31.063,19.875], "SystemAllegiance":"Federation", "SystemEconomy":"$economy_Agri;", "SystemEconomy_Localised":"Сельское хозяйство", "SystemGovernment":"$government_Corporate;", "SystemGovernment_Localised":"Корпоративная", "SystemSecurity":"$SYSTEM_SECURITY_medium;", "SystemSecurity_Localised":"Средн. ур. безопасности", "Population":680115139, "JumpDist":9.133, "FuelUsed":0.555307, "FuelLevel":31.444693, "Factions":[ { "Name":"Aritimi Free", "FactionState":"None", "Government":"Democracy", "Influence":0.147000, "Allegiance":"Federation", "RecoveringStates":[ { "State":"Boom", "Trend":0 } ] }, { "Name":"Pilots Federation Local Branch", "FactionState":"None", "Government":"Democracy", "Influence":0.000000, "Allegiance":"PilotsFederation" }, { "Name":"Nootkenk People's Co-operative", "FactionState":"None", "Government":"Cooperative", "Influence":0.055000, "Allegiance":"Independent" }, { "Name":"Future of Bhumatz", "FactionState":"Boom", "Government":"Democracy", "Influence":0.105000, "Allegiance":"Federation", "PendingStates":[ { "State":"War", "Trend":0 } ] }, { "Name":"Aritimi Exchange", "FactionState":"Boom", "Government":"Corporate", "Influence":0.470000, "Allegiance":"Federation" }, { "Name":"Natural Aritimi League", "FactionState":"Boom", "Government":"Dictatorship", "Influence":0.075000, "Allegiance":"Independent" }, { "Name":"Aritimi Services", "FactionState":"Boom", "Government":"Corporate", "Influence":0.105000, "Allegiance":"Independent", "PendingStates":[ { "State":"War", "Trend":0 } ] }, { "Name":"Partnership of Aritimi", "FactionState":"Boom", "Government":"Anarchy", "Influence":0.043000, "Allegiance":"Independent" } ], "SystemFaction":"Aritimi Exchange", "FactionState":"Boom" }
{ "timestamp":"2018-02-04T19:23:44Z", "event":"Music", "MusicTrack":"DestinationFromHyperspace" }
{ "timestamp":"2018-02-04T19:23:49Z", "event":"Music", "MusicTrack":"Supercruise" }
{ "timestamp":"2018-02-04T19:23:51Z", "event":"FuelScoop", "Scooped":0.036114, "Total":31.480797 }
{ "timestamp":"2018-02-04T19:25:51Z", "event":"ReceiveText", "From":"$npc_name_decorate:#name=Andreas Gyllblad;", "From_Localised":"Andreas Gyllblad", "Message":"$Pirate_StartInterdiction04;", "Message_Localised":"Приготовься!", "Channel":"npc" }
{ "timestamp":"2018-02-04T19:26:02Z", "event":"Interdicted", "Submitted":true, "Interdictor":"Andreas Gyllblad", "IsPlayer":false, "Faction":"Future of Bhumatz" }
{ "timestamp":"2018-02-04T19:26:04Z", "event":"SupercruiseExit", "StarSystem":"Aritimi", "Body":"Aritimi 9", "BodyType":"Planet" }
{ "timestamp":"2018-02-04T19:26:04Z", "event":"Music", "MusicTrack":"Interdiction" }
{ "timestamp":"2018-02-04T19:26:07Z", "event":"ReceiveText", "From":"$npc_name_decorate:#name=Andreas Gyllblad;", "From_Localised":"Andreas Gyllblad", "Message":"$Pirate_OnStartScanCargo11;", "Message_Localised":"Надеюсь, у тебя в трюме есть что-нибудь интересное...", "Channel":"npc" }
{ "timestamp":"2018-02-04T19:26:17Z", "event":"ReceiveText", "From":"$npc_name_decorate:#name=Andreas Gyllblad;", "From_Localised":"Andreas Gyllblad", "Message":"$Pirate_OnNoCargoFound04;", "Message_Localised":"Опять пустышка? Пошло оно все!", "Channel":"npc" }
{ "timestamp":"2018-02-04T19:26:17Z", "event":"Scanned", "ScanType":"Cargo" }
{ "timestamp":"2018-02-04T19:26:22Z", "event":"Music", "MusicTrack":"Combat_Dogfight" }
{ "timestamp":"2018-02-04T19:26:44Z", "event":"ReceiveText", "From":"$npc_name_decorate:#name=Andreas Gyllblad;", "From_Localised":"Andreas Gyllblad", "Message":"$BadKarmaCriticalDamage01;", "Message_Localised":"Как это происходит?!", "Channel":"npc" }
{ "timestamp":"2018-02-04T19:26:59Z", "event":"Bounty", "Rewards":[ { "Faction":"Aritimi Exchange", "Reward":10410 }, { "Faction":"Federation", "Reward":15960 } ], "Target":"cobramkiii", "TotalReward":26370, "VictimFaction":"Future of Bhumatz" }
{ "timestamp":"2018-02-04T19:27:14Z", "event":"Music", "MusicTrack":"Exploration" }
{ "timestamp":"2018-02-04T19:27:16Z", "event":"StartJump", "JumpType":"Supercruise" }
{ "timestamp":"2018-02-04T19:27:21Z", "event":"SupercruiseEntry", "StarSystem":"Aritimi" }
{ "timestamp":"2018-02-04T19:27:21Z", "event":"Music", "MusicTrack":"Supercruise" }
{ "timestamp":"2018-02-04T19:27:53Z", "event":"ApproachSettlement", "Name":"Bernoulli Oasis" }
{ "timestamp":"2018-02-04T19:27:53Z", "event":"ApproachSettlement", "Name":"Leestma Stop +++" }
{ "timestamp":"2018-02-04T19:27:53Z", "event":"ApproachSettlement", "Name":"Bartoe Installation +" }
{ "timestamp":"2018-02-04T19:27:54Z", "event":"SupercruiseExit", "StarSystem":"Aritimi", "Body":"Aritimi 9 b", "BodyType":"Planet" }
{ "timestamp":"2018-02-04T19:27:55Z", "event":"Music", "MusicTrack":"Exploration" }
{ "timestamp":"2018-02-04T19:28:01Z", "event":"Music", "MusicTrack":"SystemMap" }
{ "timestamp":"2018-02-04T19:28:18Z", "event":"Music", "MusicTrack":"Exploration" }
{ "timestamp":"2018-02-04T19:28:26Z", "event":"WingJoin", "Others":[] }
{ "timestamp":"2018-02-04T19:28:26Z", "event":"WingAdd", "Name":"Mar.Meow" }
{ "timestamp":"2018-02-04T19:28:48Z", "event":"StartJump", "JumpType":"Supercruise" }
{ "timestamp":"2018-02-04T19:28:48Z", "event":"ApproachSettlement", "Name":"Bartoe Installation +" }
{ "timestamp":"2018-02-04T19:28:48Z", "event":"ApproachSettlement", "Name":"Leestma Stop +++" }
{ "timestamp":"2018-02-04T19:28:48Z", "event":"ApproachSettlement", "Name":"Bernoulli Oasis" }
{ "timestamp":"2018-02-04T19:28:53Z", "event":"SupercruiseEntry", "StarSystem":"Aritimi" }
{ "timestamp":"2018-02-04T19:28:53Z", "event":"Music", "MusicTrack":"Supercruise" }
{ "timestamp":"2018-02-04T19:30:28Z", "event":"ApproachSettlement", "Name":"Bartoe Installation +" }
{ "timestamp":"2018-02-04T19:30:30Z", "event":"SupercruiseExit", "StarSystem":"Aritimi", "Body":"Aritimi 9 b", "BodyType":"Planet" }
{ "timestamp":"2018-02-04T19:30:31Z", "event":"Music", "MusicTrack":"Exploration" }
{ "timestamp":"2018-02-04T19:31:26Z", "event":"ShieldState", "ShieldsUp":false }
{ "timestamp":"2018-02-04T19:31:55Z", "event":"Touchdown", "PlayerControlled":true, "Latitude":-17.626093, "Longitude":-84.060898 }
{ "timestamp":"2018-02-04T19:33:28Z", "event":"RebootRepair", "Modules":[  ] }
{ "timestamp":"2018-02-04T19:33:29Z", "event":"ShieldState", "ShieldsUp":true }
{ "timestamp":"2018-02-04T19:37:24Z", "event":"LaunchSRV", "Loadout":"starter", "PlayerControlled":true }
{ "timestamp":"2018-02-04T19:38:41Z", "event":"Liftoff", "PlayerControlled":false }
{ "timestamp":"2018-02-04T19:38:43Z", "event":"Music", "MusicTrack":"Combat_SRV" }
{ "timestamp":"2018-02-04T19:38:44Z", "event":"CommitCrime", "CrimeType":"assault", "Faction":"Aritimi Exchange", "Victim":"$poi_turretbasea_name;", "Victim_Localised":"Оборонительная турель", "Bounty":400 }
{ "timestamp":"2018-02-04T19:38:53Z", "event":"CommitCrime", "CrimeType":"assault", "Faction":"Aritimi Exchange", "Victim":"$poi_generator_name;", "Victim_Localised":"Генератор", "Bounty":400 }
{ "timestamp":"2018-02-04T19:38:59Z", "event":"MissionRedirected", "MissionID":308385499, "Name":"Mission_Disable_War_name", "NewDestinationStation":"Vela Port", "NewDestinationSystem":"Amarak", "OldDestinationStation":"Bartoe Installation +", "OldDestinationSystem":"Aritimi" }
{ "timestamp":"2018-02-04T19:39:44Z", "event":"CommitCrime", "CrimeType":"assault", "Faction":"Aritimi Exchange", "Victim":"$poi_turretbasea_name;", "Victim_Localised":"Оборонительная турель", "Bounty":400 }
{ "timestamp":"2018-02-04T19:39:54Z", "event":"CommitCrime", "CrimeType":"assault", "Faction":"Aritimi Exchange", "Victim":"$poi_turretbasea_name;", "Victim_Localised":"Оборонительная турель", "Bounty":400 }
{ "timestamp":"2018-02-04T19:40:10Z", "event":"ShieldState", "ShieldsUp":true }
{ "timestamp":"2018-02-04T19:45:37Z", "event":"MissionRedirected", "MissionID":308385936, "Name":"Mission_Disable_HighTech_name", "NewDestinationStation":"Vela Port", "NewDestinationSystem":"Amarak", "OldDestinationStation":"Bartoe Installation +", "OldDestinationSystem":"Aritimi" }
{ "timestamp":"2018-02-04T19:46:12Z", "event":"HullDamage", "Health":0.767952, "PlayerPilot":true }
{ "timestamp":"2018-02-04T19:47:53Z", "event":"SelfDestruct" }
{ "timestamp":"2018-02-04T19:47:54Z", "event":"Music", "MusicTrack":"Exploration" }
{ "timestamp":"2018-02-04T19:47:55Z", "event":"HeatWarning" }
{ "timestamp":"2018-02-04T19:47:57Z", "event":"HeatDamage" }
{ "timestamp":"2018-02-04T19:48:04Z", "event":"HullDamage", "Health":0.576237, "PlayerPilot":true }
{ "timestamp":"2018-02-04T19:48:18Z", "event":"HullDamage", "Health":0.381741, "PlayerPilot":true }
{ "timestamp":"2018-02-04T19:48:26Z", "event":"Music", "MusicTrack":"NoTrack" }
{ "timestamp":"2018-02-04T19:48:26Z", "event":"ApproachSettlement", "Name":"Bartoe Installation +" }
{ "timestamp":"2018-02-04T19:48:34Z", "event":"Location", "Docked":false, "StarSystem":"Aritimi", "StarPos":[-64.656,31.063,19.875], "SystemAllegiance":"Federation", "SystemEconomy":"$economy_Agri;", "SystemEconomy_Localised":"Сельское хозяйство", "SystemGovernment":"$government_Corporate;", "SystemGovernment_Localised":"Корпоративная", "SystemSecurity":"$SYSTEM_SECURITY_medium;", "SystemSecurity_Localised":"Средн. ур. безопасности", "Population":680115139, "Body":"Aritimi 9 b", "BodyType":"Planet", "Factions":[ { "Name":"Aritimi Free", "FactionState":"None", "Government":"Democracy", "Influence":0.147000, "Allegiance":"Federation", "RecoveringStates":[ { "State":"Boom", "Trend":0 } ] }, { "Name":"Pilots Federation Local Branch", "FactionState":"None", "Government":"Democracy", "Influence":0.000000, "Allegiance":"PilotsFederation" }, { "Name":"Nootkenk People's Co-operative", "FactionState":"None", "Government":"Cooperative", "Influence":0.055000, "Allegiance":"Independent" }, { "Name":"Future of Bhumatz", "FactionState":"Boom", "Government":"Democracy", "Influence":0.105000, "Allegiance":"Federation", "PendingStates":[ { "State":"War", "Trend":0 } ] }, { "Name":"Aritimi Exchange", "FactionState":"Boom", "Government":"Corporate", "Influence":0.470000, "Allegiance":"Federation" }, { "Name":"Natural Aritimi League", "FactionState":"Boom", "Government":"Dictatorship", "Influence":0.075000, "Allegiance":"Independent" }, { "Name":"Aritimi Services", "FactionState":"Boom", "Government":"Corporate", "Influence":0.105000, "Allegiance":"Independent", "PendingStates":[ { "State":"War", "Trend":0 } ] }, { "Name":"Partnership of Aritimi", "FactionState":"Boom", "Government":"Anarchy", "Influence":0.043000, "Allegiance":"Independent" } ], "SystemFaction":"Aritimi Exchange", "FactionState":"Boom" }
{ "timestamp":"2018-02-04T19:48:34Z", "event":"Music", "MusicTrack":"Exploration" }
{ "timestamp":"2018-02-04T19:51:27Z", "event":"StartJump", "JumpType":"Supercruise" }
{ "timestamp":"2018-02-04T19:51:27Z", "event":"ApproachSettlement", "Name":"Bartoe Installation +" }
{ "timestamp":"2018-02-04T19:51:27Z", "event":"ApproachSettlement", "Name":"Leestma Stop +++" }
{ "timestamp":"2018-02-04T19:51:27Z", "event":"ApproachSettlement", "Name":"Bernoulli Oasis" }
{ "timestamp":"2018-02-04T19:51:32Z", "event":"SupercruiseEntry", "StarSystem":"Aritimi" }
{ "timestamp":"2018-02-04T19:51:32Z", "event":"Music", "MusicTrack":"Supercruise" }
{ "timestamp":"2018-02-04T19:52:20Z", "event":"ApproachSettlement", "Name":"Bartoe Installation +" }
{ "timestamp":"2018-02-04T19:52:23Z", "event":"SupercruiseExit", "StarSystem":"Aritimi", "Body":"Aritimi 9 b", "BodyType":"Planet" }
{ "timestamp":"2018-02-04T19:52:23Z", "event":"Music", "MusicTrack":"Exploration" }
{ "timestamp":"2018-02-04T19:53:46Z", "event":"Touchdown", "PlayerControlled":true, "Latitude":-17.620171, "Longitude":-84.062477 }
{ "timestamp":"2018-02-04T19:53:50Z", "event":"LaunchSRV", "Loadout":"starter", "PlayerControlled":true }
{ "timestamp":"2018-02-04T19:54:06Z", "event":"Liftoff", "PlayerControlled":false }
{ "timestamp":"2018-02-04T19:54:46Z", "event":"Music", "MusicTrack":"Combat_SRV" }
{ "timestamp":"2018-02-04T19:54:46Z", "event":"CommitCrime", "CrimeType":"assault", "Faction":"Aritimi Exchange", "Victim":"$poi_turretbasea_name;", "Victim_Localised":"Оборонительная турель", "Bounty":400 }
{ "timestamp":"2018-02-04T19:54:53Z", "event":"CommitCrime", "CrimeType":"assault", "Faction":"Aritimi Exchange", "Victim":"$poi_generator_name;", "Victim_Localised":"Генератор", "Bounty":400 }
{ "timestamp":"2018-02-04T19:54:57Z", "event":"MissionRedirected", "MissionID":308386811, "Name":"Mission_Disable_HighTech_name", "NewDestinationStation":"Vela Port", "NewDestinationSystem":"Amarak", "OldDestinationStation":"Bartoe Installation +", "OldDestinationSystem":"Aritimi" }
{ "timestamp":"2018-02-04T19:55:17Z", "event":"CommitCrime", "CrimeType":"assault", "Faction":"Aritimi Exchange", "Victim":"$poi_turretbasea_name;", "Victim_Localised":"Оборонительная турель", "Bounty":400 }
{ "timestamp":"2018-02-04T19:55:34Z", "event":"HullDamage", "Health":0.602740, "PlayerPilot":true }
{ "timestamp":"2018-02-04T19:55:35Z", "event":"HullDamage", "Health":0.572309, "PlayerPilot":true }
{ "timestamp":"2018-02-04T19:55:36Z", "event":"HullDamage", "Health":0.322307, "PlayerPilot":true }
{ "timestamp":"2018-02-04T19:55:44Z", "event":"CommitCrime", "CrimeType":"assault", "Faction":"Aritimi Exchange", "Victim":"$poi_turretbasea_name;", "Victim_Localised":"Оборонительная турель", "Bounty":400 }
{ "timestamp":"2018-02-04T19:56:37Z", "event":"ShieldState", "ShieldsUp":true }
{ "timestamp":"2018-02-04T19:58:17Z", "event":"MissionRedirected", "MissionID":308405183, "Name":"Mission_Disable_HighTech_name", "NewDestinationStation":"Werner von Siemens Vision", "NewDestinationSystem":"Amarak", "OldDestinationStation":"Bartoe Installation +", "OldDestinationSystem":"Aritimi" }
{ "timestamp":"2018-02-04T19:58:21Z", "event":"HullDamage", "Health":0.195171, "PlayerPilot":true }
{ "timestamp":"2018-02-04T19:59:50Z", "event":"Touchdown", "PlayerControlled":false }
{ "timestamp":"2018-02-04T20:00:04Z", "event":"Music", "MusicTrack":"Exploration" }
{ "timestamp":"2018-02-04T20:00:20Z", "event":"VehicleSwitch" }
{ "timestamp":"2018-02-04T20:00:23Z", "event":"Music", "MusicTrack":"Combat_Dogfight" }
{ "timestamp":"2018-02-04T20:00:28Z", "event":"Liftoff", "PlayerControlled":true, "Latitude":-17.590523, "Longitude":-84.063820 }
{ "timestamp":"2018-02-04T20:01:04Z", "event":"CommitCrime", "CrimeType":"assault", "Faction":"Aritimi Exchange", "Victim":"$ShipName_Military_Federation;", "Victim_Localised":"Федеральный флотский корабль", "Bounty":400 }
{ "timestamp":"2018-02-04T20:01:05Z", "event":"ReceiveText", "From":"$ShipName_Military_Federation;", "From_Localised":"Федеральный флотский корабль", "Message":"$Military_UnderFire05;", "Message_Localised":"Встречайте...", "Channel":"npc" }
{ "timestamp":"2018-02-04T20:01:53Z", "event":"Bounty", "Target":"asp_scout", "TotalReward":0, "VictimFaction":"Aritimi Exchange", "SharedWithOthers":1 }
{ "timestamp":"2018-02-04T20:02:08Z", "event":"Music", "MusicTrack":"Exploration" }
{ "timestamp":"2018-02-04T20:02:19Z", "event":"Music", "MusicTrack":"SystemMap" }
{ "timestamp":"2018-02-04T20:02:21Z", "event":"Music", "MusicTrack":"Exploration" }
{ "timestamp":"2018-02-04T20:02:48Z", "event":"Music", "MusicTrack":"SystemMap" }
{ "timestamp":"2018-02-04T20:03:04Z", "event":"Music", "MusicTrack":"Exploration" }
{ "timestamp":"2018-02-04T20:03:25Z", "event":"StartJump", "JumpType":"Supercruise" }
{ "timestamp":"2018-02-04T20:03:25Z", "event":"ApproachSettlement", "Name":"Bartoe Installation +" }
{ "timestamp":"2018-02-04T20:03:25Z", "event":"ApproachSettlement", "Name":"Leestma Stop +++" }
{ "timestamp":"2018-02-04T20:03:25Z", "event":"ApproachSettlement", "Name":"Bernoulli Oasis" }
{ "timestamp":"2018-02-04T20:03:30Z", "event":"SupercruiseEntry", "StarSystem":"Aritimi" }
{ "timestamp":"2018-02-04T20:03:30Z", "event":"Music", "MusicTrack":"Supercruise" }
{ "timestamp":"2018-02-04T20:03:41Z", "event":"ReceiveText", "From":"$npc_name_decorate:#name=Alexander Padrok;", "From_Localised":"Alexander Padrok", "Message":"$BountyHunter_HunterHostileSC_Relevant03;", "Message_Localised":"А вот и ты! Сегодня я без обеда не останусь.", "Channel":"npc" }
{ "timestamp":"2018-02-04T20:05:46Z", "event":"ReceiveText", "From":"$npc_name_decorate:#name=Alexander Padrok;", "From_Localised":"Alexander Padrok", "Message":"$BountyHunter_StartInterdiction03;", "Message_Localised":"Пора платить за содеянное.", "Channel":"npc" }
{ "timestamp":"2018-02-04T20:05:56Z", "event":"Interdicted", "Submitted":true, "Interdictor":"Alexander Padrok", "IsPlayer":false, "Faction":"Future of Bhumatz" }
{ "timestamp":"2018-02-04T20:05:59Z", "event":"SupercruiseExit", "StarSystem":"Aritimi", "Body":"Aritimi 9 b", "BodyType":"Planet" }
{ "timestamp":"2018-02-04T20:05:59Z", "event":"Music", "MusicTrack":"Interdiction" }
{ "timestamp":"2018-02-04T20:06:06Z", "event":"Music", "MusicTrack":"Combat_Dogfight" }
{ "timestamp":"2018-02-04T20:06:21Z", "event":"CommitCrime", "CrimeType":"assault", "Faction":"Aritimi Exchange", "Victim":"Alexander Padrok", "Bounty":400 }
{ "timestamp":"2018-02-04T20:06:47Z", "event":"ReceiveText", "From":"$npc_name_decorate:#name=Alexander Padrok;", "From_Localised":"Alexander Padrok", "Message":"$MisfortuneCriticalDamage10;", "Message_Localised":"Только попробуй мне корпус поцарапать! Покраска стоила кучу денег!", "Channel":"npc" }
{ "timestamp":"2018-02-04T20:06:58Z", "event":"Bounty", "Target":"diamondback", "TotalReward":0, "VictimFaction":"Future of Bhumatz" }
{ "timestamp":"2018-02-04T20:06:59Z", "event":"CommitCrime", "CrimeType":"murder", "Faction":"Aritimi Exchange", "Victim":"Alexander Padrok", "Bounty":5000 }
{ "timestamp":"2018-02-04T20:07:13Z", "event":"Music", "MusicTrack":"Exploration" }
{ "timestamp":"2018-02-04T20:07:26Z", "event":"StartJump", "JumpType":"Supercruise" }
{ "timestamp":"2018-02-04T20:07:31Z", "event":"SupercruiseEntry", "StarSystem":"Aritimi" }
{ "timestamp":"2018-02-04T20:07:31Z", "event":"Music", "MusicTrack":"Supercruise" }
{ "timestamp":"2018-02-04T20:07:40Z", "event":"Music", "MusicTrack":"GalaxyMap" }
{ "timestamp":"2018-02-04T20:07:43Z", "event":"Music", "MusicTrack":"SystemMap" }
{ "timestamp":"2018-02-04T20:08:05Z", "event":"Music", "MusicTrack":"Supercruise" }
{ "timestamp":"2018-02-04T20:08:45Z", "event":"ApproachSettlement", "Name":"Clapperton Enterprise ++" }
{ "timestamp":"2018-02-04T20:08:45Z", "event":"ApproachSettlement", "Name":"Bisson Installation" }
{ "timestamp":"2018-02-04T20:08:45Z", "event":"ApproachSettlement", "Name":"Haller Point" }
{ "timestamp":"2018-02-04T20:08:46Z", "event":"ApproachSettlement", "Name":"Aguirre Hub" }
{ "timestamp":"2018-02-04T20:10:01Z", "event":"ApproachSettlement", "Name":"Bisson Installation" }
{ "timestamp":"2018-02-04T20:10:01Z", "event":"ApproachSettlement", "Name":"Clapperton Enterprise ++" }
{ "timestamp":"2018-02-04T20:10:04Z", "event":"SupercruiseExit", "StarSystem":"Aritimi", "Body":"Aritimi 9 c", "BodyType":"Planet" }
{ "timestamp":"2018-02-04T20:10:05Z", "event":"Music", "MusicTrack":"Exploration" }
{ "timestamp":"2018-02-04T20:11:21Z", "event":"Touchdown", "PlayerControlled":true, "Latitude":-6.493233, "Longitude":-95.926216 }
{ "timestamp":"2018-02-04T20:11:26Z", "event":"LaunchSRV", "Loadout":"starter", "PlayerControlled":true }
{ "timestamp":"2018-02-04T20:12:42Z", "event":"Music", "MusicTrack":"Combat_SRV" }
{ "timestamp":"2018-02-04T20:12:42Z", "event":"CommitCrime", "CrimeType":"assault", "Faction":"Natural Aritimi League", "Victim":"$poi_turretbasea_name;", "Victim_Localised":"Оборонительная турель", "Bounty":360 }
{ "timestamp":"2018-02-04T20:12:54Z", "event":"CommitCrime", "CrimeType":"assault", "Faction":"Natural Aritimi League", "Victim":"$poi_turretbasea_name;", "Victim_Localised":"Оборонительная турель", "Bounty":360 }
{ "timestamp":"2018-02-04T20:13:06Z", "event":"CommitCrime", "CrimeType":"assault", "Faction":"Natural Aritimi League", "Victim":"$poi_generator_name;", "Victim_Localised":"Генератор", "Bounty":360 }
{ "timestamp":"2018-02-04T20:13:09Z", "event":"Music", "MusicTrack":"Exploration" }
{ "timestamp":"2018-02-04T20:13:10Z", "event":"MissionRedirected", "MissionID":308385397, "Name":"Mission_Disable_BLOPS_War_name", "NewDestinationStation":"Vela Port", "NewDestinationSystem":"Amarak", "OldDestinationStation":"Bisson Installation", "OldDestinationSystem":"Aritimi" }
{ "timestamp":"2018-02-04T20:14:47Z", "event":"DockSRV" }
{ "timestamp":"2018-02-04T20:14:52Z", "event":"Liftoff", "PlayerControlled":true, "Latitude":-6.493233, "Longitude":-95.926216 }
{ "timestamp":"2018-02-04T20:15:12Z", "event":"Music", "MusicTrack":"SystemMap" }
{ "timestamp":"2018-02-04T20:15:19Z", "event":"Music", "MusicTrack":"Exploration" }
{ "timestamp":"2018-02-04T20:15:25Z", "event":"Music", "MusicTrack":"GalaxyMap" }
{ "timestamp":"2018-02-04T20:15:31Z", "event":"Music", "MusicTrack":"SystemMap" }
{ "timestamp":"2018-02-04T20:15:43Z", "event":"Music", "MusicTrack":"Exploration" }
{ "timestamp":"2018-02-04T20:15:59Z", "event":"StartJump", "JumpType":"Hyperspace", "StarSystem":"NLTT 46709", "StarClass":"M" }
{ "timestamp":"2018-02-04T20:16:04Z", "event":"Music", "MusicTrack":"NoTrack" }
{ "timestamp":"2018-02-04T20:16:17Z", "event":"FSDJump", "StarSystem":"NLTT 46709", "StarPos":[-65.313,25.875,23.688], "SystemAllegiance":"Federation", "SystemEconomy":"$economy_Colony;", "SystemEconomy_Localised":"Колония", "SystemGovernment":"$government_Confederacy;", "SystemGovernment_Localised":"Конфедерация", "SystemSecurity":"$SYSTEM_SECURITY_low;", "SystemSecurity_Localised":"Низк. ур. безопасности", "Population":1431, "JumpDist":6.471, "FuelUsed":0.237552, "FuelLevel":30.613245, "Factions":[ { "Name":"Partnership of NLTT 46709", "FactionState":"None", "Government":"Confederacy", "Influence":0.385000, "Allegiance":"Federation" }, { "Name":"Pilots Federation Local Branch", "FactionState":"None", "Government":"Democracy", "Influence":0.000000, "Allegiance":"PilotsFederation" }, { "Name":"Amarak Comms Partners", "FactionState":"Election", "Government":"Corporate", "Influence":0.256000, "Allegiance":"Federation", "RecoveringStates":[ { "State":"Boom", "Trend":0 } ] }, { "Name":"Crimson Central Company", "FactionState":"Election", "Government":"Corporate", "Influence":0.299000, "Allegiance":"Independent", "RecoveringStates":[ { "State":"Boom", "Trend":0 } ] }, { "Name":"Icontia Partnership", "FactionState":"None", "Government":"Confederacy", "Influence":0.047000, "Allegiance":"Federation", "PendingStates":[ { "State":"Boom", "Trend":1 } ] }, { "Name":"Ronin of Amarak", "FactionState":"None", "Government":"Anarchy", "Influence":0.013000, "Allegiance":"Independent", "PendingStates":[ { "State":"Boom", "Trend":1 } ] } ], "SystemFaction":"Partnership of NLTT 46709" }
{ "timestamp":"2018-02-04T20:16:18Z", "event":"Music", "MusicTrack":"DestinationFromHyperspace" }
{ "timestamp":"2018-02-04T20:16:23Z", "event":"Music", "MusicTrack":"Supercruise" }
{ "timestamp":"2018-02-04T20:18:56Z", "event":"ApproachSettlement", "Name":"Bell Oasis ++" }
{ "timestamp":"2018-02-04T20:19:30Z", "event":"ApproachSettlement", "Name":"Bell Oasis ++" }
{ "timestamp":"2018-02-04T20:19:32Z", "event":"SupercruiseExit", "StarSystem":"NLTT 46709", "Body":"NLTT 46709 1 b", "BodyType":"Planet" }
{ "timestamp":"2018-02-04T20:19:32Z", "event":"Music", "MusicTrack":"Exploration" }
{ "timestamp":"2018-02-04T20:20:11Z", "event":"StartJump", "JumpType":"Supercruise" }
{ "timestamp":"2018-02-04T20:20:11Z", "event":"ApproachSettlement", "Name":"Bell Oasis ++" }
{ "timestamp":"2018-02-04T20:20:16Z", "event":"SupercruiseEntry", "StarSystem":"NLTT 46709" }
{ "timestamp":"2018-02-04T20:20:16Z", "event":"Music", "MusicTrack":"Supercruise" }
{ "timestamp":"2018-02-04T20:20:23Z", "event":"ApproachSettlement", "Name":"Bell Oasis ++" }
{ "timestamp":"2018-02-04T20:20:25Z", "event":"SupercruiseExit", "StarSystem":"NLTT 46709", "Body":"NLTT 46709 1 b", "BodyType":"Planet" }
{ "timestamp":"2018-02-04T20:20:26Z", "event":"Music", "MusicTrack":"Exploration" }
{ "timestamp":"2018-02-04T20:21:29Z", "event":"MaterialCollected", "Category":"Encoded", "Name":"shieldcyclerecordings", "Count":3 }
{ "timestamp":"2018-02-04T20:22:30Z", "event":"Touchdown", "PlayerControlled":true, "Latitude":50.521744, "Longitude":160.924088 }
{ "timestamp":"2018-02-04T20:22:34Z", "event":"LaunchSRV", "Loadout":"starter", "PlayerControlled":true }
{ "timestamp":"2018-02-04T20:23:35Z", "event":"Music", "MusicTrack":"Combat_SRV" }
{ "timestamp":"2018-02-04T20:24:03Z", "event":"HullDamage", "Health":0.796143, "PlayerPilot":true }
{ "timestamp":"2018-02-04T20:24:32Z", "event":"HullDamage", "Health":0.527438, "PlayerPilot":true }
{ "timestamp":"2018-02-04T20:24:40Z", "event":"ShieldState", "ShieldsUp":true }
{ "timestamp":"2018-02-04T20:24:59Z", "event":"MissionRedirected", "MissionID":308385787, "Name":"Mission_Disable_HighTech_name", "NewDestinationStation":"Vela Port", "NewDestinationSystem":"Amarak", "OldDestinationStation":"Bell Oasis ++", "OldDestinationSystem":"NLTT 46709" }
{ "timestamp":"2018-02-04T20:25:15Z", "event":"Music", "MusicTrack":"Exploration" }
{ "timestamp":"2018-02-04T20:25:19Z", "event":"Music", "MusicTrack":"Combat_SRV" }
{ "timestamp":"2018-02-04T20:28:22Z", "event":"HullDamage", "Health":0.396866, "PlayerPilot":true }
{ "timestamp":"2018-02-04T20:29:56Z", "event":"Music", "MusicTrack":"GalaxyMap" }
{ "timestamp":"2018-02-04T20:29:58Z", "event":"Music", "MusicTrack":"Combat_SRV" }
{ "timestamp":"2018-02-04T20:30:09Z", "event":"Synthesis", "Name":"Repair Basic", "Materials":[ { "Name":"iron", "Count":2 }, { "Name":"nickel", "Count":1 } ] }
{ "timestamp":"2018-02-04T20:30:55Z", "event":"HullDamage", "Health":0.798598, "PlayerPilot":true }
{ "timestamp":"2018-02-04T20:31:05Z", "event":"HullDamage", "Health":0.578124, "PlayerPilot":true }
{ "timestamp":"2018-02-04T20:31:17Z", "event":"Music", "MusicTrack":"Exploration" }
{ "timestamp":"2018-02-04T20:31:26Z", "event":"ShieldState", "ShieldsUp":true }
{ "timestamp":"2018-02-04T20:31:56Z", "event":"DockSRV" }
{ "timestamp":"2018-02-04T20:32:05Z", "event":"Liftoff", "PlayerControlled":true, "Latitude":50.521740, "Longitude":160.924088 }
{ "timestamp":"2018-02-04T20:33:12Z", "event":"Music", "MusicTrack":"GalaxyMap" }
{ "timestamp":"2018-02-04T20:33:18Z", "event":"Music", "MusicTrack":"SystemMap" }
{ "timestamp":"2018-02-04T20:33:26Z", "event":"Music", "MusicTrack":"Exploration" }
{ "timestamp":"2018-02-04T20:33:49Z", "event":"StartJump", "JumpType":"Supercruise" }
{ "timestamp":"2018-02-04T20:33:49Z", "event":"ApproachSettlement", "Name":"Bell Oasis ++" }
{ "timestamp":"2018-02-04T20:33:54Z", "event":"SupercruiseEntry", "StarSystem":"NLTT 46709" }
{ "timestamp":"2018-02-04T20:33:54Z", "event":"Music", "MusicTrack":"Supercruise" }
{ "timestamp":"2018-02-04T20:34:58Z", "event":"StartJump", "JumpType":"Hyperspace", "StarSystem":"Halai", "StarClass":"G" }
{ "timestamp":"2018-02-04T20:35:03Z", "event":"Music", "MusicTrack":"NoTrack" }
{ "timestamp":"2018-02-04T20:35:17Z", "event":"FSDJump", "StarSystem":"Halai", "StarPos":[-63.500,24.656,32.375], "SystemAllegiance":"Federation", "SystemEconomy":"$economy_Industrial;", "SystemEconomy_Localised":"Промышленность", "SystemGovernment":"$government_Democracy;", "SystemGovernment_Localised":"Демократия", "SystemSecurity":"$SYSTEM_SECURITY_high;", "SystemSecurity_Localised":"Высок. ур. безопасности", "Population":17337033, "JumpDist":8.958, "FuelUsed":0.524889, "FuelLevel":29.458357, "Factions":[ { "Name":"Pilots Federation Local Branch", "FactionState":"None", "Government":"Democracy", "Influence":0.000000, "Allegiance":"PilotsFederation" }, { "Name":"Halai Republic Party", "FactionState":"None", "Government":"Democracy", "Influence":0.486000, "Allegiance":"Federation" }, { "Name":"Nationals of Halai", "FactionState":"Boom", "Government":"Dictatorship", "Influence":0.088000, "Allegiance":"Independent" }, { "Name":"Halai Dynamic Network", "FactionState":"Boom", "Government":"Corporate", "Influence":0.059000, "Allegiance":"Independent" }, { "Name":"Syndicate of LHS 3385", "FactionState":"None", "Government":"Anarchy", "Influence":0.082000, "Allegiance":"Independent", "PendingStates":[ { "State":"Boom", "Trend":1 } ] }, { "Name":"Halai Bureau", "FactionState":"Boom", "Government":"Dictatorship", "Influence":0.185000, "Allegiance":"Independent", "PendingStates":[ { "State":"Outbreak", "Trend":0 } ] }, { "Name":"Halai Purple Cartel", "FactionState":"None", "Government":"Anarchy", "Influence":0.100000, "Allegiance":"Independent", "PendingStates":[ { "State":"Boom", "Trend":1 } ] } ], "SystemFaction":"Halai Republic Party" }
{ "timestamp":"2018-02-04T20:35:17Z", "event":"Music", "MusicTrack":"DestinationFromHyperspace" }
{ "timestamp":"2018-02-04T20:35:22Z", "event":"Music", "MusicTrack":"Supercruise" }
{ "timestamp":"2018-02-04T20:37:43Z", "event":"ApproachSettlement", "Name":"Stokes Vision ++" }
{ "timestamp":"2018-02-04T20:37:43Z", "event":"ApproachSettlement", "Name":"al-Khayyam Enterprise" }
{ "timestamp":"2018-02-04T20:37:45Z", "event":"SupercruiseExit", "StarSystem":"Halai", "Body":"Halai A 3", "BodyType":"Planet" }
{ "timestamp":"2018-02-04T20:37:45Z", "event":"Music", "MusicTrack":"Exploration" }
{ "timestamp":"2018-02-04T20:38:44Z", "event":"StartJump", "JumpType":"Supercruise" }
{ "timestamp":"2018-02-04T20:38:44Z", "event":"ApproachSettlement", "Name":"Stokes Vision ++" }
{ "timestamp":"2018-02-04T20:38:44Z", "event":"ApproachSettlement", "Name":"al-Khayyam Enterprise" }
{ "timestamp":"2018-02-04T20:38:49Z", "event":"SupercruiseEntry", "StarSystem":"Halai" }
{ "timestamp":"2018-02-04T20:38:49Z", "event":"Music", "MusicTrack":"Supercruise" }
{ "timestamp":"2018-02-04T20:39:28Z", "event":"ApproachSettlement", "Name":"Stokes Vision ++" }
{ "timestamp":"2018-02-04T20:39:30Z", "event":"SupercruiseExit", "StarSystem":"Halai", "Body":"Halai A 3", "BodyType":"Planet" }
{ "timestamp":"2018-02-04T20:39:31Z", "event":"Music", "MusicTrack":"Exploration" }
{ "timestamp":"2018-02-04T20:41:36Z", "event":"Touchdown", "PlayerControlled":true, "Latitude":38.431087, "Longitude":75.078354 }
{ "timestamp":"2018-02-04T20:41:46Z", "event":"LaunchSRV", "Loadout":"starter", "PlayerControlled":true }
{ "timestamp":"2018-02-04T20:42:29Z", "event":"Music", "MusicTrack":"Combat_SRV" }
{ "timestamp":"2018-02-04T20:42:29Z", "event":"CommitCrime", "CrimeType":"assault", "Faction":"Halai Republic Party", "Victim":"$skimmerdrone_name;", "Victim_Localised":"Оборонный беспилотник с автотурелью", "Bounty":200 }
{ "timestamp":"2018-02-04T20:42:52Z", "event":"Bounty", "Target":"Skimmer", "Reward":0, "VictimFaction":"Halai Republic Party" }
{ "timestamp":"2018-02-04T20:43:06Z", "event":"CommitCrime", "CrimeType":"assault", "Faction":"Halai Republic Party", "Victim":"$skimmerdrone_name;", "Victim_Localised":"Оборонный беспилотник с автотурелью", "Bounty":200 }
{ "timestamp":"2018-02-04T20:43:19Z", "event":"Bounty", "Target":"Skimmer", "Reward":0, "VictimFaction":"Halai Republic Party" }
{ "timestamp":"2018-02-04T20:43:34Z", "event":"CommitCrime", "CrimeType":"assault", "Faction":"Halai Republic Party", "Victim":"$poi_turretbasea_name;", "Victim_Localised":"Оборонительная турель", "Bounty":200 }
{ "timestamp":"2018-02-04T20:44:56Z", "event":"CommitCrime", "CrimeType":"assault", "Faction":"Halai Republic Party", "Victim":"$poi_generator_name;", "Victim_Localised":"Генератор", "Bounty":200 }
{ "timestamp":"2018-02-04T20:45:02Z", "event":"MissionRedirected", "MissionID":308385438, "Name":"Mission_Disable_War_name", "NewDestinationStation":"Vela Port", "NewDestinationSystem":"Amarak", "OldDestinationStation":"Stokes Vision ++", "OldDestinationSystem":"Halai" }
{ "timestamp":"2018-02-04T20:45:06Z", "event":"CommitCrime", "CrimeType":"dockingMinorTresspass", "Faction":"Halai Republic Party", "Fine":400 }
{ "timestamp":"2018-02-04T20:45:16Z", "event":"CommitCrime", "CrimeType":"dockingMajorTresspass", "Faction":"Halai Republic Party", "Bounty":600 }
{ "timestamp":"2018-02-04T20:46:07Z", "event":"CommitCrime", "CrimeType":"assault", "Faction":"Halai Republic Party", "Victim":"$skimmerdrone_name;", "Victim_Localised":"Оборонный беспилотник с автотурелью", "Bounty":200 }
{ "timestamp":"2018-02-04T20:46:20Z", "event":"CommitCrime", "CrimeType":"assault", "Faction":"Halai Republic Party", "Victim":"$skimmerdrone_name;", "Victim_Localised":"Оборонный беспилотник с автотурелью", "Bounty":200 }
{ "timestamp":"2018-02-04T20:46:35Z", "event":"Bounty", "Target":"Skimmer", "Reward":0, "VictimFaction":"Halai Republic Party", "SharedWithOthers":1 }
{ "timestamp":"2018-02-04T20:46:38Z", "event":"Bounty", "Target":"Skimmer", "Reward":0, "VictimFaction":"Halai Republic Party" }
{ "timestamp":"2018-02-04T20:47:07Z", "event":"CommitCrime", "CrimeType":"assault", "Faction":"Halai Republic Party", "Victim":"$skimmerdrone_name;", "Victim_Localised":"Оборонный беспилотник с автотурелью", "Bounty":200 }
{ "timestamp":"2018-02-04T20:48:08Z", "event":"ShieldState", "ShieldsUp":true }
{ "timestamp":"2018-02-04T20:55:40Z", "event":"MissionRedirected", "MissionID":308385713, "Name":"Mission_Disable_HighTech_name", "NewDestinationStation":"Vela Port", "NewDestinationSystem":"Amarak", "OldDestinationStation":"Stokes Vision ++", "OldDestinationSystem":"Halai" }
{ "timestamp":"2018-02-04T20:56:19Z", "event":"Music", "MusicTrack":"Exploration" }
{ "timestamp":"2018-02-04T20:56:26Z", "event":"Music", "MusicTrack":"Combat_SRV" }
{ "timestamp":"2018-02-04T20:57:15Z", "event":"DockSRV" }
{ "timestamp":"2018-02-04T20:57:16Z", "event":"Music", "MusicTrack":"Combat_Dogfight" }
{ "timestamp":"2018-02-04T20:57:22Z", "event":"Liftoff", "PlayerControlled":true, "Latitude":38.431087, "Longitude":75.078362 }
{ "timestamp":"2018-02-04T20:57:29Z", "event":"CommitCrime", "CrimeType":"assault", "Faction":"Halai Republic Party", "Victim":"$ShipName_Military_Federation;", "Victim_Localised":"Федеральный флотский корабль", "Bounty":200 }
{ "timestamp":"2018-02-04T20:58:44Z", "event":"Bounty", "Target":"eagle", "TotalReward":0, "VictimFaction":"Halai Republic Party", "SharedWithOthers":1 }
{ "timestamp":"2018-02-04T20:58:45Z", "event":"CommitCrime", "CrimeType":"murder", "Faction":"Halai Republic Party", "Victim":"$ShipName_Military_Federation;", "Victim_Localised":"Федеральный флотский корабль", "Bounty":6000 }
{ "timestamp":"2018-02-04T20:58:59Z", "event":"Music", "MusicTrack":"Exploration" }
{ "timestamp":"2018-02-04T21:00:44Z", "event":"Touchdown", "PlayerControlled":true, "Latitude":38.443169, "Longitude":75.068489 }
{ "timestamp":"2018-02-04T21:00:48Z", "event":"LaunchSRV", "Loadout":"starter", "PlayerControlled":true }
{ "timestamp":"2018-02-04T21:00:50Z", "event":"Music", "MusicTrack":"Combat_SRV" }
{ "timestamp":"2018-02-04T21:01:14Z", "event":"CommitCrime", "CrimeType":"assault", "Faction":"Halai Republic Party", "Victim":"$poi_turretbasea_name;", "Victim_Localised":"Оборонительная турель", "Bounty":200 }
{ "timestamp":"2018-02-04T21:01:24Z", "event":"CommitCrime", "CrimeType":"assault", "Faction":"Halai Republic Party", "Victim":"$skimmerdrone_name;", "Victim_Localised":"Оборонный беспилотник с автотурелью", "Bounty":200 }
{ "timestamp":"2018-02-04T21:01:29Z", "event":"Bounty", "Target":"Skimmer", "Reward":0, "VictimFaction":"Halai Republic Party", "SharedWithOthers":1 }
{ "timestamp":"2018-02-04T21:01:29Z", "event":"Music", "MusicTrack":"Exploration" }
{ "timestamp":"2018-02-04T21:01:42Z", "event":"Music", "MusicTrack":"Combat_SRV" }
{ "timestamp":"2018-02-04T21:06:24Z", "event":"CommitCrime", "CrimeType":"assault", "Faction":"Halai Republic Party", "Victim":"$poi_generator_name;", "Victim_Localised":"Генератор", "Bounty":200 }
{ "timestamp":"2018-02-04T21:06:27Z", "event":"MissionRedirected", "MissionID":308385818, "Name":"Mission_Disable_HighTech_name", "NewDestinationStation":"Vela Port", "NewDestinationSystem":"Amarak", "OldDestinationStation":"Stokes Vision ++", "OldDestinationSystem":"Halai" }
{ "timestamp":"2018-02-04T21:17:48Z", "event":"MissionRedirected", "MissionID":308402977, "Name":"Mission_Disable_HighTech_name", "NewDestinationStation":"Werner von Siemens Vision", "NewDestinationSystem":"Amarak", "OldDestinationStation":"Stokes Vision ++", "OldDestinationSystem":"Halai" }
{ "timestamp":"2018-02-04T21:20:47Z", "event":"Music", "MusicTrack":"Exploration" }
{ "timestamp":"2018-02-04T21:21:49Z", "event":"DockSRV" }
{ "timestamp":"2018-02-04T21:22:00Z", "event":"Liftoff", "PlayerControlled":true, "Latitude":38.443169, "Longitude":75.068489 }
{ "timestamp":"2018-02-04T21:22:15Z", "event":"Music", "MusicTrack":"GalaxyMap" }
{ "timestamp":"2018-02-04T21:22:22Z", "event":"Music", "MusicTrack":"SystemMap" }
{ "timestamp":"2018-02-04T21:22:33Z", "event":"Music", "MusicTrack":"Exploration" }
{ "timestamp":"2018-02-04T21:22:47Z", "event":"StartJump", "JumpType":"Supercruise" }
{ "timestamp":"2018-02-04T21:22:48Z", "event":"ApproachSettlement", "Name":"Stokes Vision ++" }
{ "timestamp":"2018-02-04T21:22:48Z", "event":"ApproachSettlement", "Name":"al-Khayyam Enterprise" }
{ "timestamp":"2018-02-04T21:22:52Z", "event":"SupercruiseEntry", "StarSystem":"Halai" }
{ "timestamp":"2018-02-04T21:22:52Z", "event":"Music", "MusicTrack":"Supercruise" }
{ "timestamp":"2018-02-04T21:24:07Z", "event":"StartJump", "JumpType":"Hyperspace", "StarSystem":"Venetic", "StarClass":"G" }
{ "timestamp":"2018-02-04T21:24:13Z", "event":"Music", "MusicTrack":"NoTrack" }
{ "timestamp":"2018-02-04T21:24:26Z", "event":"FSDJump", "StarSystem":"Venetic", "StarPos":[-68.438,14.813,35.063], "SystemAllegiance":"Federation", "SystemEconomy":"$economy_Refinery;", "SystemEconomy_Localised":"Переработка", "SystemGovernment":"$government_Democracy;", "SystemGovernment_Localised":"Демократия", "SystemSecurity":"$SYSTEM_SECURITY_high;", "SystemSecurity_Localised":"Высок. ур. безопасности", "Population":12364763, "JumpDist":11.336, "FuelUsed":0.929680, "FuelLevel":27.898678, "Factions":[ { "Name":"Ross 163 Liberals", "FactionState":"War", "Government":"Democracy", "Influence":0.092000, "Allegiance":"Federation", "PendingStates":[ { "State":"Boom", "Trend":1 }, { "State":"Lockdown", "Trend":1 } ], "RecoveringStates":[ { "State":"Retreat", "Trend":0 } ] }, { "Name":"V774 Herculis Transport Company", "FactionState":"War", "Government":"Corporate", "Influence":0.042000, "Allegiance":"Federation", "PendingStates":[ { "State":"Boom", "Trend":1 } ] }, { "Name":"Movement for Venetic Progressive Party", "FactionState":"Boom", "Government":"Democracy", "Influence":0.394000, "Allegiance":"Federation" }, { "Name":"Pilots Federation Local Branch", "FactionState":"None", "Government":"Democracy", "Influence":0.000000, "Allegiance":"PilotsFederation" }, { "Name":"Venetic Silver Legal Services", "FactionState":"None", "Government":"Corporate", "Influence":0.124000, "Allegiance":"Independent" }, { "Name":"League of Venetic Liberty Party", "FactionState":"War", "Government":"Dictatorship", "Influence":0.023000, "Allegiance":"Independent", "PendingStates":[ { "State":"Boom", "Trend":1 } ] }, { "Name":"Syndicate of Venetic", "FactionState":"War", "Government":"Anarchy", "Influence":0.090000, "Allegiance":"Independent", "RecoveringStates":[ { "State":"Boom", "Trend":-1 } ] }, { "Name":"Venetic Silver Allied Corp", "FactionState":"Boom", "Government":"Corporate", "Influence":0.235000, "Allegiance":"Independent" } ], "SystemFaction":"Movement for Venetic Progressive Party", "FactionState":"Boom" }
{ "timestamp":"2018-02-04T21:24:26Z", "event":"Music", "MusicTrack":"DestinationFromHyperspace" }
{ "timestamp":"2018-02-04T21:24:31Z", "event":"Music", "MusicTrack":"Supercruise" }
{ "timestamp":"2018-02-04T21:24:47Z", "event":"FuelScoop", "Scooped":1.713104, "Total":29.611778 }
{ "timestamp":"2018-02-04T21:26:16Z", "event":"ApproachSettlement", "Name":"Zahn Base ++" }
{ "timestamp":"2018-02-04T21:27:01Z", "event":"ApproachSettlement", "Name":"Zahn Base ++" }
{ "timestamp":"2018-02-04T21:27:04Z", "event":"SupercruiseExit", "StarSystem":"Venetic", "Body":"Venetic A 3", "BodyType":"Planet" }
{ "timestamp":"2018-02-04T21:27:05Z", "event":"Music", "MusicTrack":"Exploration" }
{ "timestamp":"2018-02-04T21:29:50Z", "event":"CommitCrime", "CrimeType":"dockingMinorTresspass", "Faction":"Movement for Venetic Progressive Party", "Fine":400 }
{ "timestamp":"2018-02-04T21:30:00Z", "event":"CommitCrime", "CrimeType":"dockingMajorTresspass", "Faction":"Movement for Venetic Progressive Party", "Bounty":600 }
{ "timestamp":"2018-02-04T21:30:22Z", "event":"Touchdown", "PlayerControlled":true, "Latitude":-34.849300, "Longitude":-17.019938 }
{ "timestamp":"2018-02-04T21:30:26Z", "event":"LaunchSRV", "Loadout":"starter", "PlayerControlled":true }
{ "timestamp":"2018-02-04T21:30:29Z", "event":"Music", "MusicTrack":"Combat_SRV" }
{ "timestamp":"2018-02-04T21:30:58Z", "event":"CommitCrime", "CrimeType":"assault", "Faction":"Movement for Venetic Progressive Party", "Victim":"$skimmerdrone_name;", "Victim_Localised":"Оборонный беспилотник с автотурелью", "Bounty":200 }
{ "timestamp":"2018-02-04T21:31:06Z", "event":"CommitCrime", "CrimeType":"assault", "Faction":"Movement for Venetic Progressive Party", "Victim":"$skimmerdrone_name;", "Victim_Localised":"Оборонный беспилотник с автотурелью", "Bounty":200 }
{ "timestamp":"2018-02-04T21:32:57Z", "event":"CommitCrime", "CrimeType":"assault", "Faction":"Movement for Venetic Progressive Party", "Victim":"$poi_generator_name;", "Victim_Localised":"Генератор", "Bounty":200 }
{ "timestamp":"2018-02-04T21:33:01Z", "event":"MissionRedirected", "MissionID":308385468, "Name":"Mission_Disable_War_name", "NewDestinationStation":"Vela Port", "NewDestinationSystem":"Amarak", "OldDestinationStation":"Zahn Base ++", "OldDestinationSystem":"Venetic" }
{ "timestamp":"2018-02-04T21:33:54Z", "event":"CommitCrime", "CrimeType":"assault", "Faction":"Movement for Venetic Progressive Party", "Victim":"$skimmerdrone_name;", "Victim_Localised":"Оборонный беспилотник с автотурелью", "Bounty":200 }
{ "timestamp":"2018-02-04T21:34:23Z", "event":"Music", "MusicTrack":"Exploration" }
{ "timestamp":"2018-02-04T21:34:23Z", "event":"Music", "MusicTrack":"Combat_SRV" }
{ "timestamp":"2018-02-04T21:35:53Z", "event":"Music", "MusicTrack":"Exploration" }
{ "timestamp":"2018-02-04T21:38:04Z", "event":"HullDamage", "Health":0.799920, "PlayerPilot":true }
{ "timestamp":"2018-02-04T21:38:18Z", "event":"ShieldState", "ShieldsUp":true }
{ "timestamp":"2018-02-04T21:43:00Z", "event":"Music", "MusicTrack":"Combat_SRV" }
{ "timestamp":"2018-02-04T21:43:27Z", "event":"Music", "MusicTrack":"Exploration" }
{ "timestamp":"2018-02-04T21:43:28Z", "event":"MissionRedirected", "MissionID":308385986, "Name":"Mission_Disable_HighTech_name", "NewDestinationStation":"Vela Port", "NewDestinationSystem":"Amarak", "OldDestinationStation":"Zahn Base ++", "OldDestinationSystem":"Venetic" }
{ "timestamp":"2018-02-04T21:45:26Z", "event":"DockSRV" }
{ "timestamp":"2018-02-04T21:45:35Z", "event":"Liftoff", "PlayerControlled":true, "Latitude":-34.849297, "Longitude":-17.019938 }
{ "timestamp":"2018-02-04T21:46:47Z", "event":"Music", "MusicTrack":"GalaxyMap" }
{ "timestamp":"2018-02-04T21:47:18Z", "event":"Music", "MusicTrack":"Exploration" }
{ "timestamp":"2018-02-04T21:47:34Z", "event":"Music", "MusicTrack":"GalaxyMap" }
{ "timestamp":"2018-02-04T21:48:04Z", "event":"Music", "MusicTrack":"Exploration" }
{ "timestamp":"2018-02-04T21:48:47Z", "event":"StartJump", "JumpType":"Supercruise" }
{ "timestamp":"2018-02-04T21:48:48Z", "event":"ApproachSettlement", "Name":"Zahn Base ++" }
{ "timestamp":"2018-02-04T21:48:52Z", "event":"SupercruiseEntry", "StarSystem":"Venetic" }
{ "timestamp":"2018-02-04T21:48:53Z", "event":"Music", "MusicTrack":"Supercruise" }
{ "timestamp":"2018-02-04T21:49:04Z", "event":"ReceiveText", "From":"$npc_name_decorate:#name=Maximilian KrautVorNix;", "From_Localised":"Maximilian KrautVorNix", "Message":"$BountyHunter_HunterHostileSC_Relevant02;", "Message_Localised":"Я уже давненько тебя выслеживаю. Теперь тебе не уйти!", "Channel":"npc" }
{ "timestamp":"2018-02-04T21:49:39Z", "event":"Music", "MusicTrack":"GalaxyMap" }
{ "timestamp":"2018-02-04T21:49:54Z", "event":"Music", "MusicTrack":"SystemMap" }
{ "timestamp":"2018-02-04T21:50:03Z", "event":"Music", "MusicTrack":"GalaxyMap" }
{ "timestamp":"2018-02-04T21:50:23Z", "event":"Music", "MusicTrack":"SystemMap" }
{ "timestamp":"2018-02-04T21:50:31Z", "event":"Music", "MusicTrack":"GalaxyMap" }
{ "timestamp":"2018-02-04T21:50:32Z", "event":"Music", "MusicTrack":"Supercruise" }
{ "timestamp":"2018-02-04T21:50:48Z", "event":"Music", "MusicTrack":"GalaxyMap" }
{ "timestamp":"2018-02-04T21:50:57Z", "event":"Music", "MusicTrack":"Supercruise" }
{ "timestamp":"2018-02-04T21:51:13Z", "event":"StartJump", "JumpType":"Hyperspace", "StarSystem":"Belinara", "StarClass":"G" }
{ "timestamp":"2018-02-04T21:51:18Z", "event":"Music", "MusicTrack":"NoTrack" }
{ "timestamp":"2018-02-04T21:51:31Z", "event":"FSDJump", "StarSystem":"Belinara", "StarPos":[-79.344,22.281,36.625], "SystemAllegiance":"Federation", "SystemEconomy":"$economy_Refinery;", "SystemEconomy_Localised":"Переработка", "SystemGovernment":"$government_Corporate;", "SystemGovernment_Localised":"Корпоративная", "SystemSecurity":"$SYSTEM_SECURITY_medium;", "SystemSecurity_Localised":"Средн. ур. безопасности", "Population":127946, "JumpDist":13.311, "FuelUsed":1.378794, "FuelLevel":27.602985, "Factions":[ { "Name":"Social Belinara Republic Party", "FactionState":"CivilWar", "Government":"Communism", "Influence":0.203203, "Allegiance":"Independent" }, { "Name":"Pilots Federation Local Branch", "FactionState":"None", "Government":"Democracy", "Influence":0.000000, "Allegiance":"PilotsFederation" }, { "Name":"Tarutaalli Group", "FactionState":"Boom", "Government":"Corporate", "Influence":0.191191, "Allegiance":"Federation", "PendingStates":[ { "State":"War", "Trend":0 } ] }, { "Name":"Belinara Dynamic Inc", "FactionState":"CivilWar", "Government":"Corporate", "Influence":0.306306, "Allegiance":"Federation" }, { "Name":"Autocracy of Belinara", "FactionState":"None", "Government":"Dictatorship", "Influence":0.191191, "Allegiance":"Independent", "PendingStates":[ { "State":"War", "Trend":0 } ] }, { "Name":"Belinara Blue Mob", "FactionState":"Boom", "Government":"Anarchy", "Influence":0.108108, "Allegiance":"Independent" } ], "SystemFaction":"Belinara Dynamic Inc", "FactionState":"CivilWar" }
{ "timestamp":"2018-02-04T21:51:32Z", "event":"Music", "MusicTrack":"Supercruise" }
{ "timestamp":"2018-02-04T21:52:00Z", "event":"FuelScoop", "Scooped":3.076367, "Total":30.679361 }
{ "timestamp":"2018-02-04T21:52:21Z", "event":"StartJump", "JumpType":"Hyperspace", "StarSystem":"Adeo", "StarClass":"K" }
{ "timestamp":"2018-02-04T21:52:26Z", "event":"Music", "MusicTrack":"NoTrack" }
{ "timestamp":"2018-02-04T21:52:39Z", "event":"FSDJump", "StarSystem":"Adeo", "StarPos":[-81.625,31.406,27.188], "SystemAllegiance":"Federation", "SystemEconomy":"$economy_Agri;", "SystemEconomy_Localised":"Сельское хозяйство", "SystemGovernment":"$government_Democracy;", "SystemGovernment_Localised":"Демократия", "SystemSecurity":"$SYSTEM_SECURITY_high;", "SystemSecurity_Localised":"Высок. ур. безопасности", "Population":8257413685, "JumpDist":13.324, "FuelUsed":1.392755, "FuelLevel":29.286606, "Factions":[ { "Name":"Adeo Independents", "FactionState":"None", "Government":"Democracy", "Influence":0.504505, "Allegiance":"Federation", "RecoveringStates":[ { "State":"Boom", "Trend":0 } ] }, { "Name":"Pilots Federation Local Branch", "FactionState":"None", "Government":"Democracy", "Influence":0.000000, "Allegiance":"PilotsFederation" }, { "Name":"Adeo Purple Vision Corporation", "FactionState":"Boom", "Government":"Corporate", "Influence":0.038038, "Allegiance":"Independent", "PendingStates":[ { "State":"CivilUnrest", "Trend":1 } ] }, { "Name":"Official Adeo Dominion", "FactionState":"None", "Government":"Dictatorship", "Influence":0.101101, "Allegiance":"Independent" }, { "Name":"Marquis du Slavanibo", "FactionState":"War", "Government":"Feudal", "Influence":0.091091, "Allegiance":"Independent" }, { "Name":"Adeo Vision Industries", "FactionState":"Boom", "Government":"Corporate", "Influence":0.177177, "Allegiance":"Independent" }, { "Name":"Partnership of Adeo", "FactionState":"War", "Government":"Anarchy", "Influence":0.088088, "Allegiance":"Independent", "PendingStates":[ { "State":"Boom", "Trend":1 } ] } ], "SystemFaction":"Adeo Independents" }
{ "timestamp":"2018-02-04T21:52:40Z", "event":"Music", "MusicTrack":"DestinationFromHyperspace" }
{ "timestamp":"2018-02-04T21:52:45Z", "event":"Music", "MusicTrack":"Supercruise" }
{ "timestamp":"2018-02-04T21:53:00Z", "event":"FuelScoop", "Scooped":1.708395, "Total":30.995016 }
{ "timestamp":"2018-02-04T21:54:15Z", "event":"ApproachSettlement", "Name":"Stevin Beacon" }
{ "timestamp":"2018-02-04T21:54:17Z", "event":"ApproachSettlement", "Name":"Egan Landing +" }
{ "timestamp":"2018-02-04T21:54:19Z", "event":"ApproachSettlement", "Name":"Sverdrup Enterprise" }
{ "timestamp":"2018-02-04T21:55:16Z", "event":"ApproachSettlement", "Name":"Egan Landing +" }
{ "timestamp":"2018-02-04T21:55:18Z", "event":"SupercruiseExit", "StarSystem":"Adeo", "Body":"Adeo A 1", "BodyType":"Planet" }
{ "timestamp":"2018-02-04T21:55:18Z", "event":"Music", "MusicTrack":"Exploration" }
{ "timestamp":"2018-02-04T21:56:16Z", "event":"HullDamage", "Health":0.744990, "PlayerPilot":true, "Fighter":false }
{ "timestamp":"2018-02-04T21:56:16Z", "event":"ShieldState", "ShieldsUp":false }
{ "timestamp":"2018-02-04T21:57:04Z", "event":"Touchdown", "PlayerControlled":true, "Latitude":-54.717850, "Longitude":95.728622 }
{ "timestamp":"2018-02-04T21:57:11Z", "event":"LaunchSRV", "Loadout":"starter", "PlayerControlled":true }
{ "timestamp":"2018-02-04T21:58:28Z", "event":"Music", "MusicTrack":"Combat_SRV" }
{ "timestamp":"2018-02-04T21:58:28Z", "event":"CommitCrime", "CrimeType":"assault", "Faction":"Adeo Purple Vision Corporation", "Victim":"$poi_turretbasea_name;", "Victim_Localised":"Оборонительная турель", "Bounty":550 }
{ "timestamp":"2018-02-04T21:58:45Z", "event":"CommitCrime", "CrimeType":"assault", "Faction":"Adeo Purple Vision Corporation", "Victim":"$poi_generator_name;", "Victim_Localised":"Генератор", "Bounty":550 }
{ "timestamp":"2018-02-04T21:59:02Z", "event":"WingLeave" }
{ "timestamp":"2018-02-04T21:59:27Z", "event":"Synthesis", "Name":"Ammo Standard", "Materials":[ { "Name":"phosphorus", "Count":1 }, { "Name":"manganese", "Count":1 }, { "Name":"selenium", "Count":1 }, { "Name":"molybdenum", "Count":1 } ] }
{ "timestamp":"2018-02-04T21:59:30Z", "event":"MissionRedirected", "MissionID":308385753, "Name":"Mission_Disable_HighTech_name", "NewDestinationStation":"Vela Port", "NewDestinationSystem":"Amarak", "OldDestinationStation":"Egan Landing +", "OldDestinationSystem":"Adeo" }
{ "timestamp":"2018-02-04T21:59:38Z", "event":"ShieldState", "ShieldsUp":true }
{ "timestamp":"2018-02-04T21:59:49Z", "event":"HullDamage", "Health":0.744233, "PlayerPilot":true }
{ "timestamp":"2018-02-04T21:59:59Z", "event":"Friends", "Status":"Online", "Name":"Mar.Meow" }
{ "timestamp":"2018-02-04T22:00:05Z", "event":"HullDamage", "Health":0.596759, "PlayerPilot":true }
{ "timestamp":"2018-02-04T22:00:07Z", "event":"CommitCrime", "CrimeType":"assault", "Faction":"Adeo Purple Vision Corporation", "Victim":"$poi_turretbasea_name;", "Victim_Localised":"Оборонительная турель", "Bounty":550 }
{ "timestamp":"2018-02-04T22:00:16Z", "event":"CommitCrime", "CrimeType":"assault", "Faction":"Adeo Purple Vision Corporation", "Victim":"$poi_turretbasea_name;", "Victim_Localised":"Оборонительная турель", "Bounty":550 }
{ "timestamp":"2018-02-04T22:14:23Z", "event":"HullDamage", "Health":0.393018, "PlayerPilot":true }
{ "timestamp":"2018-02-04T22:14:27Z", "event":"HullDamage", "Health":0.182040, "PlayerPilot":true }
{ "timestamp":"2018-02-04T22:14:41Z", "event":"MissionRedirected", "MissionID":308408051, "Name":"Mission_Disable_HighTech_name", "NewDestinationStation":"Werner von Siemens Vision", "NewDestinationSystem":"Amarak", "OldDestinationStation":"Egan Landing +", "OldDestinationSystem":"Adeo" }
{ "timestamp":"2018-02-04T22:15:08Z", "event":"Synthesis", "Name":"Repair Standard", "Materials":[ { "Name":"nickel", "Count":3 }, { "Name":"manganese", "Count":1 }, { "Name":"vanadium", "Count":2 }, { "Name":"molybdenum", "Count":1 } ] }
{ "timestamp":"2018-02-04T22:15:17Z", "event":"ShieldState", "ShieldsUp":true }
{ "timestamp":"2018-02-04T22:18:34Z", "event":"Music", "MusicTrack":"Exploration" }
{ "timestamp":"2018-02-04T22:18:59Z", "event":"Music", "MusicTrack":"Combat_SRV" }
{ "timestamp":"2018-02-04T22:20:42Z", "event":"ShieldState", "ShieldsUp":true }
{ "timestamp":"2018-02-04T22:20:50Z", "event":"CommitCrime", "CrimeType":"assault", "Faction":"Adeo Purple Vision Corporation", "Victim":"Mar.Meow", "Bounty":550 }
{ "timestamp":"2018-02-04T22:27:48Z", "event":"HullDamage", "Health":0.788976, "PlayerPilot":true }
{ "timestamp":"2018-02-04T22:30:59Z", "event":"Music", "MusicTrack":"Exploration" }
