{ "timestamp":"2017-12-27T12:52:09Z", "event":"Fileheader", "part":1, "language":"Russian\\RU", "gameversion":"2.4", "build":"r160439/r0 " }
{ "timestamp":"2017-12-27T12:52:09Z", "event":"Music", "MusicTrack":"NoTrack" }
{ "timestamp":"2017-12-27T12:52:09Z", "event":"Music", "MusicTrack":"MainMenu" }
{ "timestamp":"2017-12-27T12:58:07Z", "event":"Cargo", "Inventory":[ { "Name":"telemetrysuite", "Count":3 }, { "Name":"nanobreakers", "Count":2 }, { "Name":"insulatingmembrane", "Count":1 } ] }
{ "timestamp":"2017-12-27T12:58:07Z", "event":"Loadout", "Ship":"CobraMkIII", "ShipID":1, "ShipName":"SLEEPY-ONE", "ShipIdent":"#SLEEP", "Modules":[ { "Slot":"MediumHardpoint1", "Item":"Hpt_PulseLaser_Gimbal_Medium", "On":true, "Priority":0, "Health":1.000000, "Value":35400 }, { "Slot":"MediumHardpoint2", "Item":"Hpt_PulseLaser_Gimbal_Medium", "On":true, "Priority":0, "Health":1.000000, "Value":35400 }, { "Slot":"SmallHardpoint1", "Item":"Hpt_MultiCannon_Gimbal_Small", "On":true, "Priority":0, "AmmoInClip":90, "AmmoInHopper":2100, "Health":1.000000, "Value":12825 }, { "Slot":"SmallHardpoint2", "Item":"Hpt_MultiCannon_Gimbal_Small", "On":true, "Priority":0, "AmmoInClip":90, "AmmoInHopper":2100, "Health":1.000000, "Value":12825 }, { "Slot":"TinyHardpoint1", "Item":"Hpt_CloudScanner_Size0_Class2", "On":true, "Priority":0, "Health":1.000000, "Value":40633 }, { "Slot":"TinyHardpoint2", "Item":"Hpt_CrimeScanner_Size0_Class2", "On":true, "Priority":0, "Health":1.000000, "Value":40633 }, { "Slot":"PaintJob", "Item":"PaintJob_CobraMkIII_Militaire_Sand", "On":true, "Priority":1, "Health":1.000000, "Value":0 }, { "Slot":"Armour", "Item":"CobraMkIII_Armour_Grade1", "On":true, "Priority":1, "Health":1.000000, "Value":0 }, { "Slot":"PowerPlant", "Item":"Int_Powerplant_Size3_Class5", "On":true, "Priority":1, "Health":1.000000, "Value":507912 }, { "Slot":"MainEngines", "Item":"Int_Engine_Size4_Class1", "On":true, "Priority":2, "Health":1.000000, "Value":19878 }, { "Slot":"FrameShiftDrive", "Item":"Int_Hyperdrive_Size4_Class1", "On":true, "Priority":2, "Health":1.000000, "Value":19878 }, { "Slot":"LifeSupport", "Item":"Int_LifeSupport_Size3_Class1", "On":true, "Priority":2, "Health":1.000000, "Value":4053 }, { "Slot":"PowerDistributor", "Item":"Int_PowerDistributor_Size3_Class5", "On":true, "Priority":0, "Health":1.000000, "Value":158331 }, { "Slot":"Radar", "Item":"Int_Sensors_Size3_Class1", "On":true, "Priority":2, "Health":1.000000, "Value":4053 }, { "Slot":"FuelTank", "Item":"Int_FuelTank_Size4_Class3", "On":true, "Priority":1, "Health":1.000000, "Value":24734 }, { "Slot":"Slot01_Size4", "Item":"Int_CargoRack_Size4_Class1", "On":true, "Priority":1, "Health":1.000000, "Value":34328 }, { "Slot":"Slot02_Size4", "Item":"Int_FuelScoop_Size2_Class5", "On":true, "Priority":0, "Health":1.000000, "Value":284844 }, { "Slot":"Slot03_Size4", "Item":"Int_ShieldGenerator_Size4_Class1", "On":true, "Priority":2, "Health":1.000000, "Value":19878 }, { "Slot":"Slot04_Size2", "Item":"Int_BuggyBay_Size2_Class1", "On":true, "Priority":0, "Health":1.000000, "Value":18000 }, { "Slot":"Slot05_Size2", "Item":"Int_FSDInterdictor_Size1_Class2", "On":true, "Priority":0, "Health":1.000000, "Value":36000 }, { "Slot":"Slot06_Size2", "Item":"Int_StellarBodyDiscoveryScanner_Standard", "On":true, "Priority":1, "Health":1.000000, "Value":1000 }, { "Slot":"PlanetaryApproachSuite", "Item":"Int_PlanetApproachSuite", "On":true, "Priority":1, "Health":1.000000, "Value":500 }, { "Slot":"ShipCockpit", "Item":"CobraMkIII_Cockpit", "On":true, "Priority":1, "Health":1.000000, "Value":0 }, { "Slot":"CargoHatch", "Item":"ModularCargoBayDoor", "On":true, "Priority":2, "Health":1.000000, "Value":0 } ] }
{ "timestamp":"2017-12-27T12:58:07Z", "event":"Materials", "Raw":[ { "Name":"phosphorus", "Count":12 }, { "Name":"iron", "Count":15 }, { "Name":"sulphur", "Count":15 }, { "Name":"nickel", "Count":18 }, { "Name":"carbon", "Count":9 }, { "Name":"chromium", "Count":3 }, { "Name":"molybdenum", "Count":3 }, { "Name":"manganese", "Count":3 } ], "Manufactured":[ { "Name":"gridresistors", "Count":9 }, { "Name":"mechanicalscrap", "Count":9 }, { "Name":"mechanicalequipment", "Count":9 }, { "Name":"heatconductionwiring", "Count":6 }, { "Name":"focuscrystals", "Count":12 }, { "Name":"salvagedalloys", "Count":30 }, { "Name":"chemicalprocessors", "Count":15 }, { "Name":"heatdispersionplate", "Count":3 }, { "Name":"phasealloys", "Count":9 }, { "Name":"shieldingsensors", "Count":12 }, { "Name":"wornshieldemitters", "Count":45 }, { "Name":"galvanisingalloys", "Count":24 }, { "Name":"uncutfocuscrystals", "Count":1 }, { "Name":"hybridcapacitors", "Count":1 }, { "Name":"configurablecomponents", "Count":6 }, { "Name":"highdensitycomposites", "Count":6 }, { "Name":"mechanicalcomponents", "Count":3 }, { "Name":"fedproprietarycomposites", "Count":12 }, { "Name":"fedcorecomposites", "Count":3 }, { "Name":"shieldemitters", "Count":3 }, { "Name":"conductivecomponents", "Count":1 }, { "Name":"refinedfocuscrystals", "Count":6 }, { "Name":"chemicaldistillery", "Count":3 }, { "Name":"protolightalloys", "Count":3 }, { "Name":"conductiveceramics", "Count":1 }, { "Name":"precipitatedalloys", "Count":1 } ], "Encoded":[ { "Name":"decodedemissiondata", "Count":3 }, { "Name":"emissiondata", "Count":6 }, { "Name":"shieldsoakanalysis", "Count":12 }, { "Name":"shielddensityreports", "Count":21 }, { "Name":"scanarchives", "Count":9 }, { "Name":"shieldpatternanalysis", "Count":9 }, { "Name":"shieldcyclerecordings", "Count":30 }, { "Name":"encodedscandata", "Count":9 }, { "Name":"fsdtelemetry", "Count":5 }, { "Name":"scandatabanks", "Count":4 }, { "Name":"legacyfirmware", "Count":5 }, { "Name":"archivedemissiondata", "Count":3 }, { "Name":"disruptedwakeechoes", "Count":5 }, { "Name":"industrialfirmware", "Count":1 }, { "Name":"bulkscandata", "Count":7 }, { "Name":"embeddedfirmware", "Count":1 } ] }
{ "timestamp":"2017-12-27T12:58:07Z", "event":"LoadGame", "Commander":"Sleep Runner", "Ship":"CobraMkIII", "ShipID":1, "ShipName":"SLEEPY-ONE", "ShipIdent":"#SLEEP", "FuelLevel":15.729987, "FuelCapacity":16.000000, "GameMode":"Open", "Credits":1631530, "Loan":0 }
{ "timestamp":"2017-12-27T12:58:07Z", "event":"Rank", "Combat":0, "Trade":3, "Explore":2, "Empire":0, "Federation":1, "CQC":0 }
{ "timestamp":"2017-12-27T12:58:07Z", "event":"Progress", "Combat":80, "Trade":8, "Explore":30, "Empire":0, "Federation":70, "CQC":0 }
{ "timestamp":"2017-12-27T12:58:19Z", "event":"Location", "Docked":true, "StationName":"Vela Port", "StationType":"Coriolis", "StarSystem":"Amarak", "StarPos":[-68.438,26.000,26.469], "SystemAllegiance":"Federation", "SystemEconomy":"$economy_HighTech;", "SystemEconomy_Localised":"Высокие технологии", "SystemGovernment":"$government_Corporate;", "SystemGovernment_Localised":"Корпоративная", "SystemSecurity":"$SYSTEM_SECURITY_high;", "SystemSecurity_Localised":"Высок. ур. безопасности", "Population":10248421, "Body":"Vela Port", "BodyType":"Station", "Factions":[ { "Name":"Pilots Federation Local Branch", "FactionState":"None", "Government":"Democracy", "Influence":0.000000, "Allegiance":"PilotsFederation" }, { "Name":"Tarutaalli Group", "FactionState":"None", "Government":"Corporate", "Influence":0.053000, "Allegiance":"Federation", "PendingStates":[ { "State":"Boom", "Trend":1 }, { "State":"CivilUnrest", "Trend":0 }, { "State":"Lockdown", "Trend":0 } ] }, { "Name":"Amarak Comms Partners", "FactionState":"None", "Government":"Corporate", "Influence":0.615000, "Allegiance":"Federation", "RecoveringStates":[ { "State":"Boom", "Trend":0 } ] }, { "Name":"Amarak Dominion", "FactionState":"None", "Government":"Dictatorship", "Influence":0.156000, "Allegiance":"Independent", "PendingStates":[ { "State":"Boom", "Trend":1 } ] }, { "Name":"Amarak Silver Family", "FactionState":"None", "Government":"Anarchy", "Influence":0.063000, "Allegiance":"Independent", "PendingStates":[ { "State":"Boom", "Trend":1 } ] }, { "Name":"Syndicate of LHS 3385", "FactionState":"None", "Government":"Anarchy", "Influence":0.010000, "Allegiance":"Independent", "PendingStates":[ { "State":"Boom", "Trend":1 } ] }, { "Name":"Amarak Republic Party", "FactionState":"None", "Government":"Democracy", "Influence":0.051000, "Allegiance":"Federation", "PendingStates":[ { "State":"Boom", "Trend":1 } ] }, { "Name":"Ronin of Amarak", "FactionState":"Boom", "Government":"Anarchy", "Influence":0.052000, "Allegiance":"Independent" } ], "SystemFaction":"Amarak Comms Partners" }
{ "timestamp":"2017-12-27T12:58:20Z", "event":"Music", "MusicTrack":"NoTrack" }
{ "timestamp":"2017-12-27T12:58:20Z", "event":"Docked", "StationName":"Vela Port", "StationType":"Coriolis", "StarSystem":"Amarak", "StationFaction":"Amarak Comms Partners", "StationGovernment":"$government_Corporate;", "StationGovernment_Localised":"Корпоративная", "StationAllegiance":"Federation", "StationServices":[ "Dock", "Autodock", "BlackMarket", "Commodities", "Contacts", "Exploration", "Missions", "Outfitting", "CrewLounge", "Rearm", "Refuel", "Repair", "Shipyard", "Tuning", "MissionsGenerated", "FlightController", "StationOperations", "Powerplay", "SearchAndRescue" ], "StationEconomy":"$economy_HighTech;", "StationEconomy_Localised":"Высокие технологии", "DistFromStarLS":1156.420410 }
{ "timestamp":"2017-12-27T12:58:20Z", "event":"Music", "MusicTrack":"Starport" }
{ "timestamp":"2017-12-27T12:58:28Z", "event":"Music", "MusicTrack":"GalaxyMap" }
{ "timestamp":"2017-12-27T12:58:34Z", "event":"Music", "MusicTrack":"SystemMap" }
{ "timestamp":"2017-12-27T12:58:40Z", "event":"Music", "MusicTrack":"GalaxyMap" }
{ "timestamp":"2017-12-27T12:58:40Z", "event":"Music", "MusicTrack":"Starport" }
{ "timestamp":"2017-12-27T12:58:58Z", "event":"Undocked", "StationName":"Vela Port", "StationType":"Coriolis" }
{ "timestamp":"2017-12-27T12:59:14Z", "event":"Music", "MusicTrack":"NoTrack" }
{ "timestamp":"2017-12-27T12:59:19Z", "event":"CommitCrime", "CrimeType":"collidedAtSpeedInNoFireZone_hulldamage", "Faction":"Amarak Comms Partners", "Fine":400 }
{ "timestamp":"2017-12-27T12:59:39Z", "event":"ReceiveText", "From":"Vela Port", "Message":"$STATION_NoFireZone_exited;", "Message_Localised":"Вы вышли из зоны запрета огня", "Channel":"npc" }
{ "timestamp":"2017-12-27T12:59:46Z", "event":"StartJump", "JumpType":"Supercruise" }
{ "timestamp":"2017-12-27T12:59:51Z", "event":"SupercruiseEntry", "StarSystem":"Amarak" }
{ "timestamp":"2017-12-27T12:59:51Z", "event":"Music", "MusicTrack":"Supercruise" }
{ "timestamp":"2017-12-27T13:01:40Z", "event":"SupercruiseExit", "StarSystem":"Amarak", "Body":"Werner von Siemens Vision", "BodyType":"Station" }
{ "timestamp":"2017-12-27T13:01:40Z", "event":"Music", "MusicTrack":"DestinationFromSupercruise" }
{ "timestamp":"2017-12-27T13:01:45Z", "event":"Music", "MusicTrack":"Exploration" }
{ "timestamp":"2017-12-27T13:01:45Z", "event":"ReceiveText", "From":"Werner von Siemens Vision", "Message":"$STATION_NoFireZone_entered;", "Message_Localised":"Вы вошли в зону запрета огня", "Channel":"npc" }
{ "timestamp":"2017-12-27T13:01:47Z", "event":"DockingRequested", "StationName":"Werner von Siemens Vision" }
{ "timestamp":"2017-12-27T13:01:47Z", "event":"ReceiveText", "From":"Werner von Siemens Vision", "Message":"$DockingChatter_Neutral;", "Message_Localised":"Строго соблюдайте правила поведения в порту, пилот.", "Channel":"npc" }
{ "timestamp":"2017-12-27T13:01:49Z", "event":"ReceiveText", "From":"Werner von Siemens Vision", "Message":"$STATION_docking_granted;", "Message_Localised":"Стыковка разрешена", "Channel":"npc" }
{ "timestamp":"2017-12-27T13:01:49Z", "event":"DockingGranted", "LandingPad":1, "StationName":"Werner von Siemens Vision" }
{ "timestamp":"2017-12-27T13:02:31Z", "event":"Docked", "StationName":"Werner von Siemens Vision", "StationType":"Outpost", "StarSystem":"Amarak", "StationFaction":"Tarutaalli Group", "StationGovernment":"$government_Corporate;", "StationGovernment_Localised":"Корпоративная", "StationAllegiance":"Federation", "StationServices":[ "Dock", "Autodock", "BlackMarket", "Commodities", "Contacts", "Exploration", "Missions", "Outfitting", "CrewLounge", "Rearm", "Refuel", "Repair", "MissionsGenerated", "FlightController", "StationOperations", "Powerplay", "SearchAndRescue" ], "StationEconomy":"$economy_HighTech;", "StationEconomy_Localised":"Высокие технологии", "DistFromStarLS":1617.479004 }
{ "timestamp":"2017-12-27T13:02:51Z", "event":"MissionCompleted", "Faction":"Amarak Comms Partners", "Name":"Mission_Courier_Boom_name", "MissionID":272059210, "TargetFaction":"Amarak Comms Partners", "DestinationSystem":"Amarak", "DestinationStation":"Werner von Siemens Vision", "Reward":5139 }
{ "timestamp":"2017-12-27T13:02:57Z", "event":"MissionCompleted", "Faction":"Amarak Silver Family", "Name":"Mission_Courier_Boom_name", "MissionID":272059276, "TargetFaction":"Amarak Silver Family", "DestinationSystem":"Amarak", "DestinationStation":"Werner von Siemens Vision", "Reward":0, "CommodityReward":[ { "Name":"Nanobreakers", "Count":2 } ] }
{ "timestamp":"2017-12-27T13:03:03Z", "event":"MissionCompleted", "Faction":"Syndicate of LHS 3385", "Name":"Mission_Courier_Boom_name", "MissionID":272059151, "TargetFaction":"Syndicate of LHS 3385", "DestinationSystem":"Amarak", "DestinationStation":"Werner von Siemens Vision", "Reward":15417 }
{ "timestamp":"2017-12-27T13:03:38Z", "event":"MissionAccepted", "Faction":"Syndicate of LHS 3385", "Name":"Mission_Disable_HighTech", "LocalisedName":"Отключите электросеть цели. Это: Поселение", "Target":"$MissionUtil_Settlement_Target_Building;", "Target_Localised":"Поселение", "Expiry":"2017-12-30T18:56:33Z", "Influence":"Med", "Reputation":"Med", "Reward":772348, "MissionID":272140619 }
{ "timestamp":"2017-12-27T13:03:40Z", "event":"MissionAccepted", "Faction":"Syndicate of LHS 3385", "Name":"Mission_Disable_HighTech", "LocalisedName":"Отключите электросеть цели. Это: Установка", "Target":"$MissionUtil_Settlement_Target_Turret;", "Target_Localised":"Установка", "Expiry":"2017-12-28T11:24:00Z", "Influence":"Med", "Reputation":"Med", "Reward":155575, "MissionID":272140642 }
{ "timestamp":"2017-12-27T13:03:42Z", "event":"MissionAccepted", "Faction":"Syndicate of LHS 3385", "Name":"Mission_Disable_HighTech", "LocalisedName":"Отключите электросеть цели. Это: Установка", "Target":"$MissionUtil_Settlement_Target_Turret;", "Target_Localised":"Установка", "Expiry":"2017-12-28T19:08:15Z", "Influence":"Med", "Reputation":"Med", "Reward":332796, "MissionID":272140665 }
{ "timestamp":"2017-12-27T13:03:45Z", "event":"MissionAccepted", "Faction":"Syndicate of LHS 3385", "Name":"Mission_Disable_HighTech", "LocalisedName":"Отключите электросеть цели. Это: Установка", "Target":"$MissionUtil_Settlement_Target_Turret;", "Target_Localised":"Установка", "Expiry":"2017-12-28T06:28:24Z", "Influence":"Med", "Reputation":"Med", "Reward":157570, "MissionID":272140678 }
{ "timestamp":"2017-12-27T13:03:53Z", "event":"MissionAccepted", "Faction":"Amarak Silver Family", "Name":"Mission_Disable_HighTech", "LocalisedName":"Отключите электросеть цели. Это: Установка", "Target":"$MissionUtil_Settlement_Target_Turret;", "Target_Localised":"Установка", "Expiry":"2017-12-28T08:46:34Z", "Influence":"Med", "Reputation":"Med", "Reward":157843, "MissionID":272140755 }
{ "timestamp":"2017-12-27T13:03:55Z", "event":"MissionAccepted", "Faction":"Amarak Silver Family", "Name":"Mission_Disable_HighTech", "LocalisedName":"Отключите электросеть цели. Это: Установка", "Target":"$MissionUtil_Settlement_Target_Turret;", "Target_Localised":"Установка", "Expiry":"2017-12-28T05:40:35Z", "Influence":"Med", "Reputation":"Med", "Reward":196728, "MissionID":272140764 }
{ "timestamp":"2017-12-27T13:03:56Z", "event":"MissionAccepted", "Faction":"Amarak Silver Family", "Name":"Mission_Disable_HighTech", "LocalisedName":"Отключите электросеть цели. Это: Установка", "Target":"$MissionUtil_Settlement_Target_Turret;", "Target_Localised":"Установка", "Expiry":"2017-12-28T16:40:33Z", "Influence":"Med", "Reputation":"Med", "Reward":348806, "MissionID":272140783 }
{ "timestamp":"2017-12-27T13:03:58Z", "event":"MissionAccepted", "Faction":"Amarak Silver Family", "Name":"Mission_Disable_HighTech", "LocalisedName":"Отключите электросеть цели. Это: Установка", "Target":"$MissionUtil_Settlement_Target_Turret;", "Target_Localised":"Установка", "Expiry":"2017-12-28T04:34:43Z", "Influence":"Med", "Reputation":"Med", "Reward":197117, "MissionID":272140801 }
{ "timestamp":"2017-12-27T13:04:27Z", "event":"Music", "MusicTrack":"GalaxyMap" }
{ "timestamp":"2017-12-27T13:04:30Z", "event":"Music", "MusicTrack":"SystemMap" }
{ "timestamp":"2017-12-27T13:04:43Z", "event":"Music", "MusicTrack":"GalaxyMap" }
{ "timestamp":"2017-12-27T13:04:44Z", "event":"Music", "MusicTrack":"Exploration" }
{ "timestamp":"2017-12-27T13:04:56Z", "event":"Undocked", "StationName":"Werner von Siemens Vision", "StationType":"Outpost" }
{ "timestamp":"2017-12-27T13:05:19Z", "event":"StartJump", "JumpType":"Supercruise" }
{ "timestamp":"2017-12-27T13:05:24Z", "event":"SupercruiseEntry", "StarSystem":"Amarak" }
{ "timestamp":"2017-12-27T13:05:24Z", "event":"Music", "MusicTrack":"Supercruise" }
{ "timestamp":"2017-12-27T13:10:18Z", "event":"Music", "MusicTrack":"SystemMap" }
{ "timestamp":"2017-12-27T13:10:40Z", "event":"Music", "MusicTrack":"Supercruise" }
{ "timestamp":"2017-12-27T13:22:49Z", "event":"ApproachSettlement", "Name":"Marconi Enterprise" }
{ "timestamp":"2017-12-27T13:22:50Z", "event":"ApproachSettlement", "Name":"Williams Base" }
{ "timestamp":"2017-12-27T13:22:50Z", "event":"ApproachSettlement", "Name":"Leichhardt Oasis +" }
{ "timestamp":"2017-12-27T13:24:05Z", "event":"ApproachSettlement", "Name":"Marconi Enterprise" }
{ "timestamp":"2017-12-27T13:24:05Z", "event":"ApproachSettlement", "Name":"Williams Base" }
{ "timestamp":"2017-12-27T13:24:08Z", "event":"SupercruiseExit", "StarSystem":"Amarak", "Body":"Amarak B 1", "BodyType":"Planet" }
{ "timestamp":"2017-12-27T13:24:08Z", "event":"Music", "MusicTrack":"Exploration" }
{ "timestamp":"2017-12-27T13:24:27Z", "event":"Music", "MusicTrack":"NoTrack" }
{ "timestamp":"2017-12-27T13:24:46Z", "event":"ReceiveText", "From":"Marconi Enterprise", "Message":"$STATION_NoFireZone_entered;", "Message_Localised":"Вы вошли в зону запрета огня", "Channel":"npc" }
{ "timestamp":"2017-12-27T13:24:51Z", "event":"DockingRequested", "StationName":"Marconi Enterprise" }
{ "timestamp":"2017-12-27T13:24:51Z", "event":"ReceiveText", "From":"Marconi Enterprise", "Message":"$DockingChatter_Neutral;", "Message_Localised":"Строго соблюдайте правила поведения в порту, пилот.", "Channel":"npc" }
{ "timestamp":"2017-12-27T13:24:52Z", "event":"ReceiveText", "From":"Marconi Enterprise", "Message":"$STATION_docking_granted;", "Message_Localised":"Стыковка разрешена", "Channel":"npc" }
{ "timestamp":"2017-12-27T13:24:52Z", "event":"DockingGranted", "LandingPad":3, "StationName":"Marconi Enterprise" }
{ "timestamp":"2017-12-27T13:25:47Z", "event":"Docked", "StationName":"Marconi Enterprise", "StationType":"SurfaceStation", "StarSystem":"Amarak", "StationFaction":"Tarutaalli Group", "StationGovernment":"$government_Corporate;", "StationGovernment_Localised":"Корпоративная", "StationAllegiance":"Federation", "StationServices":[ "Dock", "Autodock", "Commodities", "Contacts", "Exploration", "Missions", "Outfitting", "CrewLounge", "Rearm", "Refuel", "Repair", "Tuning", "MissionsGenerated", "FlightController", "StationOperations", "Powerplay", "SearchAndRescue" ], "StationEconomy":"$economy_Colony;", "StationEconomy_Localised":"Колония", "DistFromStarLS":409332.156250 }
{ "timestamp":"2017-12-27T13:25:57Z", "event":"RefuelAll", "Cost":58, "Amount":1.125342 }
{ "timestamp":"2017-12-27T13:26:10Z", "event":"MissionCompleted", "Faction":"Amarak Dominion", "Name":"Mission_Courier_Boom_name", "MissionID":272059529, "TargetFaction":"Amarak Dominion", "DestinationSystem":"Amarak", "DestinationStation":"Marconi Enterprise", "Reward":92232 }
{ "timestamp":"2017-12-27T13:27:33Z", "event":"ReceiveText", "From":"$ShipName_Police_Federation;", "From_Localised":"Федеральная служба безопасности", "Message":"$Police_EndPatrol01;", "Message_Localised":"Парни, смена окончена, возвращаюсь на базу.", "Channel":"npc" }
{ "timestamp":"2017-12-27T13:31:13Z", "event":"ReceiveText", "From":"$ShipName_Police_Federation;", "From_Localised":"Федеральная служба безопасности", "Message":"$Police_StartPatrol02;", "Message_Localised":"Диспетчер, это патруль. Запуск выполнен.", "Channel":"npc" }
{ "timestamp":"2017-12-27T13:33:03Z", "event":"ReceiveText", "From":"$ShipName_Police_Federation;", "From_Localised":"Федеральная служба безопасности", "Message":"$Police_EndPatrol01;", "Message_Localised":"Парни, смена окончена, возвращаюсь на базу.", "Channel":"npc" }
{ "timestamp":"2017-12-27T13:36:37Z", "event":"Music", "MusicTrack":"GalaxyMap" }
{ "timestamp":"2017-12-27T13:36:47Z", "event":"Music", "MusicTrack":"NoTrack" }
{ "timestamp":"2017-12-27T13:36:49Z", "event":"ReceiveText", "From":"$ShipName_Police_Federation;", "From_Localised":"Федеральная служба безопасности", "Message":"$Police_StartPatrol05;", "Message_Localised":"Штаб, я выдвигаюсь. Если еще услышу тот шум, попробую засечь.", "Channel":"npc" }
{ "timestamp":"2017-12-27T13:37:01Z", "event":"Undocked", "StationName":"Marconi Enterprise", "StationType":"SurfaceStation" }
{ "timestamp":"2017-12-27T13:37:44Z", "event":"ReceiveText", "From":"Marconi Enterprise", "Message":"$STATION_NoFireZone_exited;", "Message_Localised":"Вы вышли из зоны запрета огня", "Channel":"npc" }
{ "timestamp":"2017-12-27T13:37:57Z", "event":"MaterialCollected", "Category":"Encoded", "Name":"shieldsoakanalysis", "Count":3 }
{ "timestamp":"2017-12-27T13:37:57Z", "event":"MaterialCollected", "Category":"Encoded", "Name":"shielddensityreports", "Count":3 }
{ "timestamp":"2017-12-27T13:38:22Z", "event":"Music", "MusicTrack":"Exploration" }
{ "timestamp":"2017-12-27T13:38:47Z", "event":"StartJump", "JumpType":"Supercruise" }
{ "timestamp":"2017-12-27T13:38:48Z", "event":"ApproachSettlement", "Name":"Marconi Enterprise" }
{ "timestamp":"2017-12-27T13:38:48Z", "event":"ApproachSettlement", "Name":"Williams Base" }
{ "timestamp":"2017-12-27T13:38:48Z", "event":"ApproachSettlement", "Name":"Leichhardt Oasis +" }
{ "timestamp":"2017-12-27T13:38:52Z", "event":"SupercruiseEntry", "StarSystem":"Amarak" }
{ "timestamp":"2017-12-27T13:38:53Z", "event":"Music", "MusicTrack":"Supercruise" }
{ "timestamp":"2017-12-27T13:39:00Z", "event":"Music", "MusicTrack":"GalaxyMap" }
{ "timestamp":"2017-12-27T13:39:05Z", "event":"Music", "MusicTrack":"Supercruise" }
{ "timestamp":"2017-12-27T13:39:59Z", "event":"ReceiveText", "From":"$npc_name_decorate:#name=Pizzoni;", "From_Localised":"Pizzoni", "Message":"$Pirate_HunterHostileSC_Relevant02;", "Message_Localised":"Найти тебя и весь твой лакомый груз было вопросом времени!", "Channel":"npc" }
{ "timestamp":"2017-12-27T13:40:05Z", "event":"StartJump", "JumpType":"Hyperspace", "StarSystem":"NLTT 46709", "StarClass":"M" }
{ "timestamp":"2017-12-27T13:40:10Z", "event":"Music", "MusicTrack":"NoTrack" }
{ "timestamp":"2017-12-27T13:40:23Z", "event":"FSDJump", "StarSystem":"NLTT 46709", "StarPos":[-65.313,25.875,23.688], "SystemAllegiance":"Federation", "SystemEconomy":"$economy_Colony;", "SystemEconomy_Localised":"Колония", "SystemGovernment":"$government_Confederacy;", "SystemGovernment_Localised":"Конфедерация", "SystemSecurity":"$SYSTEM_SECURITY_low;", "SystemSecurity_Localised":"Низк. ур. безопасности", "Population":1431, "JumpDist":4.185, "FuelUsed":0.297508, "FuelLevel":15.702493, "Factions":[ { "Name":"Partnership of NLTT 46709", "FactionState":"Boom", "Government":"Confederacy", "Influence":0.330000, "Allegiance":"Federation" }, { "Name":"Pilots Federation Local Branch", "FactionState":"None", "Government":"Democracy", "Influence":0.000000, "Allegiance":"PilotsFederation" }, { "Name":"Amarak Comms Partners", "FactionState":"Election", "Government":"Corporate", "Influence":0.202000, "Allegiance":"Federation", "RecoveringStates":[ { "State":"Boom", "Trend":0 } ] }, { "Name":"Crimson Central Company", "FactionState":"Election", "Government":"Corporate", "Influence":0.207000, "Allegiance":"Independent", "PendingStates":[ { "State":"Outbreak", "Trend":0 } ], "RecoveringStates":[ { "State":"Boom", "Trend":0 } ] }, { "Name":"LP 280-9 United Holdings", "FactionState":"None", "Government":"Corporate", "Influence":0.038000, "Allegiance":"Federation", "PendingStates":[ { "State":"Boom", "Trend":1 } ] }, { "Name":"Icontia Partnership", "FactionState":"Boom", "Government":"Confederacy", "Influence":0.165000, "Allegiance":"Federation" }, { "Name":"Ronin of Amarak", "FactionState":"Boom", "Government":"Anarchy", "Influence":0.058000, "Allegiance":"Independent" } ], "SystemFaction":"Partnership of NLTT 46709", "FactionState":"Boom" }
{ "timestamp":"2017-12-27T13:40:24Z", "event":"Music", "MusicTrack":"DestinationFromHyperspace" }
{ "timestamp":"2017-12-27T13:40:29Z", "event":"Music", "MusicTrack":"Supercruise" }
{ "timestamp":"2017-12-27T13:40:57Z", "event":"Scan", "BodyName":"NLTT 46709", "DistanceFromArrivalLS":0.000000, "StarType":"M", "StellarMass":0.332031, "Radius":354435840.000000, "AbsoluteMagnitude":9.225296, "Age_MY":9158, "SurfaceTemperature":2941.000000, "Luminosity":"V", "RotationPeriod":150740.562500, "AxialTilt":0.000000 }
{ "timestamp":"2017-12-27T13:44:05Z", "event":"SupercruiseExit", "StarSystem":"NLTT 46709", "Body":"Perrin Settlement", "BodyType":"Station" }
{ "timestamp":"2017-12-27T13:44:05Z", "event":"Music", "MusicTrack":"DestinationFromSupercruise" }
{ "timestamp":"2017-12-27T13:44:10Z", "event":"Music", "MusicTrack":"Exploration" }
{ "timestamp":"2017-12-27T13:44:12Z", "event":"ReceiveText", "From":"Perrin Settlement", "Message":"$STATION_NoFireZone_entered;", "Message_Localised":"Вы вошли в зону запрета огня", "Channel":"npc" }
{ "timestamp":"2017-12-27T13:44:17Z", "event":"DockingRequested", "StationName":"Perrin Settlement" }
{ "timestamp":"2017-12-27T13:44:17Z", "event":"ReceiveText", "From":"Perrin Settlement", "Message":"$DockingChatter_Neutral;", "Message_Localised":"Строго соблюдайте правила поведения в порту, пилот.", "Channel":"npc" }
{ "timestamp":"2017-12-27T13:44:18Z", "event":"ReceiveText", "From":"Perrin Settlement", "Message":"$STATION_docking_granted;", "Message_Localised":"Стыковка разрешена", "Channel":"npc" }
{ "timestamp":"2017-12-27T13:44:18Z", "event":"DockingGranted", "LandingPad":2, "StationName":"Perrin Settlement" }
{ "timestamp":"2017-12-27T13:45:13Z", "event":"Docked", "StationName":"Perrin Settlement", "StationType":"Outpost", "StarSystem":"NLTT 46709", "StationFaction":"Partnership of NLTT 46709", "FactionState":"Boom", "StationGovernment":"$government_Confederacy;", "StationGovernment_Localised":"Конфедерация", "StationAllegiance":"Federation", "StationServices":[ "Dock", "Autodock", "BlackMarket", "Commodities", "Contacts", "Exploration", "Missions", "Refuel", "Repair", "Tuning", "MissionsGenerated", "Facilitator", "FlightController", "StationOperations", "Powerplay", "SearchAndRescue" ], "StationEconomy":"$economy_Extraction;", "StationEconomy_Localised":"Добыча ископаемых", "DistFromStarLS":1283.617798 }
{ "timestamp":"2017-12-27T13:45:24Z", "event":"RefuelAll", "Cost":22, "Amount":0.436945 }
{ "timestamp":"2017-12-27T13:45:32Z", "event":"MissionCompleted", "Faction":"Crimson Central Company", "Name":"Mission_Courier_Boom_name", "MissionID":272059479, "TargetFaction":"Crimson Central Company", "DestinationSystem":"NLTT 46709", "DestinationStation":"Perrin Settlement", "Reward":0, "CommodityReward":[ { "Name":"InsulatingMembrane", "Count":1 } ] }
{ "timestamp":"2017-12-27T13:45:57Z", "event":"Undocked", "StationName":"Perrin Settlement", "StationType":"Outpost" }
{ "timestamp":"2017-12-27T13:47:02Z", "event":"StartJump", "JumpType":"Hyperspace", "StarSystem":"Aritimi", "StarClass":"G" }
{ "timestamp":"2017-12-27T13:47:08Z", "event":"Music", "MusicTrack":"NoTrack" }
{ "timestamp":"2017-12-27T13:47:21Z", "event":"FSDJump", "StarSystem":"Aritimi", "StarPos":[-64.656,31.063,19.875], "SystemAllegiance":"Federation", "SystemEconomy":"$economy_Agri;", "SystemEconomy_Localised":"Сельское хозяйство", "SystemGovernment":"$government_Corporate;", "SystemGovernment_Localised":"Корпоративная", "SystemSecurity":"$SYSTEM_SECURITY_medium;", "SystemSecurity_Localised":"Средн. ур. безопасности", "Population":680115139, "JumpDist":6.471, "FuelUsed":0.817229, "FuelLevel":15.182771, "Factions":[ { "Name":"Aritimi Free", "FactionState":"None", "Government":"Democracy", "Influence":0.147147, "Allegiance":"Federation", "PendingStates":[ { "State":"Boom", "Trend":1 } ], "RecoveringStates":[ { "State":"Election", "Trend":0 } ] }, { "Name":"Pilots Federation Local Branch", "FactionState":"None", "Government":"Democracy", "Influence":0.000000, "Allegiance":"PilotsFederation" }, { "Name":"Nootkenk People's Co-operative", "FactionState":"None", "Government":"Cooperative", "Influence":0.105105, "Allegiance":"Independent", "PendingStates":[ { "State":"Boom", "Trend":1 } ], "RecoveringStates":[ { "State":"Election", "Trend":0 } ] }, { "Name":"Future of Bhumatz", "FactionState":"None", "Government":"Democracy", "Influence":0.084084, "Allegiance":"Federation", "PendingStates":[ { "State":"Boom", "Trend":1 } ] }, { "Name":"Aritimi Exchange", "FactionState":"Boom", "Government":"Corporate", "Influence":0.491491, "Allegiance":"Federation" }, { "Name":"Natural Aritimi League", "FactionState":"Famine", "Government":"Dictatorship", "Influence":0.053053, "Allegiance":"Independent" }, { "Name":"Aritimi Services", "FactionState":"None", "Government":"Corporate", "Influence":0.075075, "Allegiance":"Independent" }, { "Name":"Partnership of Aritimi", "FactionState":"None", "Government":"Anarchy", "Influence":0.044044, "Allegiance":"Independent", "RecoveringStates":[ { "State":"Boom", "Trend":0 } ] } ], "SystemFaction":"Aritimi Exchange", "FactionState":"Boom" }
{ "timestamp":"2017-12-27T13:47:21Z", "event":"Music", "MusicTrack":"DestinationFromHyperspace" }
{ "timestamp":"2017-12-27T13:47:26Z", "event":"Music", "MusicTrack":"Supercruise" }
{ "timestamp":"2017-12-27T13:47:32Z", "event":"ReceiveText", "From":"$npc_name_decorate:#name=Alexandre Foissac;", "From_Localised":"Alexandre Foissac", "Message":"$Pirate_HunterHostileSC_Relevant01;", "Message_Localised":"О, именно этот корабль с огромным грузовым отсеком я и ищу...", "Channel":"npc" }
{ "timestamp":"2017-12-27T13:47:40Z", "event":"FuelScoop", "Scooped":0.817223, "Total":16.000000 }
{ "timestamp":"2017-12-27T13:52:05Z", "event":"ApproachSettlement", "Name":"Bartoe Installation +" }
{ "timestamp":"2017-12-27T13:52:06Z", "event":"ApproachSettlement", "Name":"Leestma Stop +++" }
{ "timestamp":"2017-12-27T13:52:08Z", "event":"ApproachSettlement", "Name":"Bernoulli Oasis" }
{ "timestamp":"2017-12-27T13:53:07Z", "event":"ApproachSettlement", "Name":"Bartoe Installation +" }
{ "timestamp":"2017-12-27T13:53:10Z", "event":"SupercruiseExit", "StarSystem":"Aritimi", "Body":"Aritimi 9 b", "BodyType":"Planet" }
{ "timestamp":"2017-12-27T13:53:10Z", "event":"Music", "MusicTrack":"Exploration" }
{ "timestamp":"2017-12-27T13:54:13Z", "event":"StartJump", "JumpType":"Supercruise" }
{ "timestamp":"2017-12-27T13:54:13Z", "event":"ApproachSettlement", "Name":"Bartoe Installation +" }
{ "timestamp":"2017-12-27T13:54:13Z", "event":"ApproachSettlement", "Name":"Leestma Stop +++" }
{ "timestamp":"2017-12-27T13:54:13Z", "event":"ApproachSettlement", "Name":"Bernoulli Oasis" }
{ "timestamp":"2017-12-27T13:54:17Z", "event":"SupercruiseEntry", "StarSystem":"Aritimi" }
{ "timestamp":"2017-12-27T13:54:18Z", "event":"Music", "MusicTrack":"Supercruise" }
{ "timestamp":"2017-12-27T13:54:23Z", "event":"ApproachSettlement", "Name":"Bartoe Installation +" }
{ "timestamp":"2017-12-27T13:54:25Z", "event":"SupercruiseExit", "StarSystem":"Aritimi", "Body":"Aritimi 9 b", "BodyType":"Planet" }
{ "timestamp":"2017-12-27T13:54:25Z", "event":"Music", "MusicTrack":"Exploration" }
{ "timestamp":"2017-12-27T13:58:49Z", "event":"Music", "MusicTrack":"Combat_Dogfight" }
{ "timestamp":"2017-12-27T13:58:50Z", "event":"CommitCrime", "CrimeType":"assault", "Faction":"Aritimi Exchange", "Victim":"$ShipName_Military_Federation;", "Victim_Localised":"Федеральный флотский корабль", "Bounty":400 }
{ "timestamp":"2017-12-27T14:00:22Z", "event":"HullDamage", "Health":0.400114, "PlayerPilot":true, "Fighter":false }
{ "timestamp":"2017-12-27T14:00:22Z", "event":"HullDamage", "Health":0.400114, "PlayerPilot":true, "Fighter":false }
{ "timestamp":"2017-12-27T14:00:22Z", "event":"ShieldState", "ShieldsUp":false }
{ "timestamp":"2017-12-27T14:00:22Z", "event":"Died" }
{ "timestamp":"2017-12-27T14:00:27Z", "event":"Music", "MusicTrack":"MainMenu" }
{ "timestamp":"2017-12-27T14:01:16Z", "event":"Resurrect", "Option":"rebuy", "Cost":75821, "Bankrupt":false }
{ "timestamp":"2017-12-27T14:01:25Z", "event":"Location", "Docked":true, "StationName":"Perrin Settlement", "StationType":"Outpost", "StarSystem":"NLTT 46709", "StarPos":[-65.313,25.875,23.688], "SystemAllegiance":"Federation", "SystemEconomy":"$economy_Colony;", "SystemEconomy_Localised":"Колония", "SystemGovernment":"$government_Confederacy;", "SystemGovernment_Localised":"Конфедерация", "SystemSecurity":"$SYSTEM_SECURITY_low;", "SystemSecurity_Localised":"Низк. ур. безопасности", "Population":1431, "Body":"Perrin Settlement", "BodyType":"Station", "Factions":[ { "Name":"Partnership of NLTT 46709", "FactionState":"Boom", "Government":"Confederacy", "Influence":0.330000, "Allegiance":"Federation" }, { "Name":"Pilots Federation Local Branch", "FactionState":"None", "Government":"Democracy", "Influence":0.000000, "Allegiance":"PilotsFederation" }, { "Name":"Amarak Comms Partners", "FactionState":"Election", "Government":"Corporate", "Influence":0.202000, "Allegiance":"Federation", "RecoveringStates":[ { "State":"Boom", "Trend":0 } ] }, { "Name":"Crimson Central Company", "FactionState":"Election", "Government":"Corporate", "Influence":0.207000, "Allegiance":"Independent", "PendingStates":[ { "State":"Outbreak", "Trend":0 } ], "RecoveringStates":[ { "State":"Boom", "Trend":0 } ] }, { "Name":"LP 280-9 United Holdings", "FactionState":"None", "Government":"Corporate", "Influence":0.038000, "Allegiance":"Federation", "PendingStates":[ { "State":"Boom", "Trend":1 } ] }, { "Name":"Icontia Partnership", "FactionState":"Boom", "Government":"Confederacy", "Influence":0.165000, "Allegiance":"Federation" }, { "Name":"Ronin of Amarak", "FactionState":"Boom", "Government":"Anarchy", "Influence":0.058000, "Allegiance":"Independent" } ], "SystemFaction":"Partnership of NLTT 46709", "FactionState":"Boom" }
{ "timestamp":"2017-12-27T14:01:25Z", "event":"Music", "MusicTrack":"NoTrack" }
{ "timestamp":"2017-12-27T14:01:26Z", "event":"Docked", "StationName":"Perrin Settlement", "StationType":"Outpost", "StarSystem":"NLTT 46709", "StationFaction":"Partnership of NLTT 46709", "FactionState":"Boom", "StationGovernment":"$government_Confederacy;", "StationGovernment_Localised":"Конфедерация", "StationAllegiance":"Federation", "StationServices":[ "Dock", "Autodock", "BlackMarket", "Commodities", "Contacts", "Exploration", "Missions", "Refuel", "Repair", "Tuning", "MissionsGenerated", "Facilitator", "FlightController", "StationOperations", "Powerplay", "SearchAndRescue" ], "StationEconomy":"$economy_Extraction;", "StationEconomy_Localised":"Добыча ископаемых", "DistFromStarLS":1283.554932 }
{ "timestamp":"2017-12-27T14:01:50Z", "event":"Music", "MusicTrack":"SystemMap" }
{ "timestamp":"2017-12-27T14:01:57Z", "event":"Music", "MusicTrack":"NoTrack" }
{ "timestamp":"2017-12-27T14:02:02Z", "event":"Music", "MusicTrack":"GalaxyMap" }
{ "timestamp":"2017-12-27T14:02:13Z", "event":"Music", "MusicTrack":"SystemMap" }
{ "timestamp":"2017-12-27T14:02:37Z", "event":"Music", "MusicTrack":"GalaxyMap" }
{ "timestamp":"2017-12-27T14:02:43Z", "event":"Music", "MusicTrack":"NoTrack" }
{ "timestamp":"2017-12-27T14:03:03Z", "event":"Undocked", "StationName":"Perrin Settlement", "StationType":"Outpost" }
{ "timestamp":"2017-12-27T14:03:41Z", "event":"StartJump", "JumpType":"Hyperspace", "StarSystem":"Aritimi", "StarClass":"G" }
{ "timestamp":"2017-12-27T14:04:00Z", "event":"FSDJump", "StarSystem":"Aritimi", "StarPos":[-64.656,31.063,19.875], "SystemAllegiance":"Federation", "SystemEconomy":"$economy_Agri;", "SystemEconomy_Localised":"Сельское хозяйство", "SystemGovernment":"$government_Corporate;", "SystemGovernment_Localised":"Корпоративная", "SystemSecurity":"$SYSTEM_SECURITY_medium;", "SystemSecurity_Localised":"Средн. ур. безопасности", "Population":680115139, "JumpDist":6.471, "FuelUsed":0.758400, "FuelLevel":15.241600, "Factions":[ { "Name":"Aritimi Free", "FactionState":"None", "Government":"Democracy", "Influence":0.147147, "Allegiance":"Federation", "PendingStates":[ { "State":"Boom", "Trend":1 } ], "RecoveringStates":[ { "State":"Election", "Trend":0 } ] }, { "Name":"Pilots Federation Local Branch", "FactionState":"None", "Government":"Democracy", "Influence":0.000000, "Allegiance":"PilotsFederation" }, { "Name":"Nootkenk People's Co-operative", "FactionState":"None", "Government":"Cooperative", "Influence":0.105105, "Allegiance":"Independent", "PendingStates":[ { "State":"Boom", "Trend":1 } ], "RecoveringStates":[ { "State":"Election", "Trend":0 } ] }, { "Name":"Future of Bhumatz", "FactionState":"None", "Government":"Democracy", "Influence":0.084084, "Allegiance":"Federation", "PendingStates":[ { "State":"Boom", "Trend":1 } ] }, { "Name":"Aritimi Exchange", "FactionState":"Boom", "Government":"Corporate", "Influence":0.491491, "Allegiance":"Federation" }, { "Name":"Natural Aritimi League", "FactionState":"Famine", "Government":"Dictatorship", "Influence":0.053053, "Allegiance":"Independent" }, { "Name":"Aritimi Services", "FactionState":"None", "Government":"Corporate", "Influence":0.075075, "Allegiance":"Independent" }, { "Name":"Partnership of Aritimi", "FactionState":"None", "Government":"Anarchy", "Influence":0.044044, "Allegiance":"Independent", "RecoveringStates":[ { "State":"Boom", "Trend":0 } ] } ], "SystemFaction":"Aritimi Exchange", "FactionState":"Boom" }
{ "timestamp":"2017-12-27T14:04:00Z", "event":"Music", "MusicTrack":"Supercruise" }
{ "timestamp":"2017-12-27T14:21:12Z", "event":"ApproachSettlement", "Name":"Bartoe Installation +" }
{ "timestamp":"2017-12-27T14:21:12Z", "event":"ApproachSettlement", "Name":"Bernoulli Oasis" }
{ "timestamp":"2017-12-27T14:21:12Z", "event":"ApproachSettlement", "Name":"Leestma Stop +++" }
{ "timestamp":"2017-12-27T14:22:32Z", "event":"ApproachSettlement", "Name":"Bartoe Installation +" }
{ "timestamp":"2017-12-27T14:22:35Z", "event":"SupercruiseExit", "StarSystem":"Aritimi", "Body":"Aritimi 9 b", "BodyType":"Planet" }
{ "timestamp":"2017-12-27T14:22:35Z", "event":"Music", "MusicTrack":"Exploration" }
{ "timestamp":"2017-12-27T14:24:19Z", "event":"Touchdown", "PlayerControlled":true, "Latitude":-17.562748, "Longitude":-83.937119 }
{ "timestamp":"2017-12-27T14:24:25Z", "event":"LaunchSRV", "Loadout":"starter", "PlayerControlled":true }
{ "timestamp":"2017-12-27T14:26:39Z", "event":"Liftoff", "PlayerControlled":false }
{ "timestamp":"2017-12-27T14:29:45Z", "event":"DatalinkScan", "Message":"$DataLink_ScannedInfo_Operations;", "Message_Localised":"Есть доступ к военной сети" }
{ "timestamp":"2017-12-27T14:30:20Z", "event":"Music", "MusicTrack":"Combat_SRV" }
{ "timestamp":"2017-12-27T14:30:20Z", "event":"CommitCrime", "CrimeType":"assault", "Faction":"Aritimi Exchange", "Victim":"$poi_generator_name;", "Victim_Localised":"Генератор", "Bounty":400 }
{ "timestamp":"2017-12-27T14:30:26Z", "event":"MissionRedirected", "MissionID":272140619, "Name":"Mission_Disable_HighTech_name", "NewDestinationStation":"Werner von Siemens Vision", "NewDestinationSystem":"Amarak", "OldDestinationStation":"Bartoe Installation +", "OldDestinationSystem":"Aritimi" }
{ "timestamp":"2017-12-27T14:30:27Z", "event":"HullDamage", "Health":0.614206, "PlayerPilot":true }
{ "timestamp":"2017-12-27T14:30:28Z", "event":"HullDamage", "Health":0.598650, "PlayerPilot":true }
{ "timestamp":"2017-12-27T14:30:40Z", "event":"HullDamage", "Health":0.279610, "PlayerPilot":true }
{ "timestamp":"2017-12-27T14:30:48Z", "event":"HullDamage", "Health":0.021867, "PlayerPilot":true }
{ "timestamp":"2017-12-27T14:30:50Z", "event":"Music", "MusicTrack":"Exploration" }
{ "timestamp":"2017-12-27T14:30:51Z", "event":"Music", "MusicTrack":"NoTrack" }
{ "timestamp":"2017-12-27T14:30:52Z", "event":"ApproachSettlement", "Name":"Bartoe Installation +" }
{ "timestamp":"2017-12-27T14:30:59Z", "event":"Location", "Docked":false, "StarSystem":"Aritimi", "StarPos":[-64.656,31.063,19.875], "SystemAllegiance":"Federation", "SystemEconomy":"$economy_Agri;", "SystemEconomy_Localised":"Сельское хозяйство", "SystemGovernment":"$government_Corporate;", "SystemGovernment_Localised":"Корпоративная", "SystemSecurity":"$SYSTEM_SECURITY_medium;", "SystemSecurity_Localised":"Средн. ур. безопасности", "Population":680115139, "Body":"Aritimi 9 b", "BodyType":"Planet", "Factions":[ { "Name":"Aritimi Free", "FactionState":"None", "Government":"Democracy", "Influence":0.147147, "Allegiance":"Federation", "PendingStates":[ { "State":"Boom", "Trend":1 } ], "RecoveringStates":[ { "State":"Election", "Trend":0 } ] }, { "Name":"Pilots Federation Local Branch", "FactionState":"None", "Government":"Democracy", "Influence":0.000000, "Allegiance":"PilotsFederation" }, { "Name":"Nootkenk People's Co-operative", "FactionState":"None", "Government":"Cooperative", "Influence":0.105105, "Allegiance":"Independent", "PendingStates":[ { "State":"Boom", "Trend":1 } ], "RecoveringStates":[ { "State":"Election", "Trend":0 } ] }, { "Name":"Future of Bhumatz", "FactionState":"None", "Government":"Democracy", "Influence":0.084084, "Allegiance":"Federation", "PendingStates":[ { "State":"Boom", "Trend":1 } ] }, { "Name":"Aritimi Exchange", "FactionState":"Boom", "Government":"Corporate", "Influence":0.491491, "Allegiance":"Federation" }, { "Name":"Natural Aritimi League", "FactionState":"Famine", "Government":"Dictatorship", "Influence":0.053053, "Allegiance":"Independent" }, { "Name":"Aritimi Services", "FactionState":"None", "Government":"Corporate", "Influence":0.075075, "Allegiance":"Independent" }, { "Name":"Partnership of Aritimi", "FactionState":"None", "Government":"Anarchy", "Influence":0.044044, "Allegiance":"Independent", "RecoveringStates":[ { "State":"Boom", "Trend":0 } ] } ], "SystemFaction":"Aritimi Exchange", "FactionState":"Boom" }
{ "timestamp":"2017-12-27T14:30:59Z", "event":"Music", "MusicTrack":"Exploration" }
{ "timestamp":"2017-12-27T14:31:51Z", "event":"Music", "MusicTrack":"GalaxyMap" }
{ "timestamp":"2017-12-27T14:32:07Z", "event":"Music", "MusicTrack":"SystemMap" }
{ "timestamp":"2017-12-27T14:32:18Z", "event":"Music", "MusicTrack":"GalaxyMap" }
{ "timestamp":"2017-12-27T14:32:27Z", "event":"Music", "MusicTrack":"SystemMap" }
{ "timestamp":"2017-12-27T14:32:34Z", "event":"Music", "MusicTrack":"GalaxyMap" }
{ "timestamp":"2017-12-27T14:32:44Z", "event":"Music", "MusicTrack":"SystemMap" }
{ "timestamp":"2017-12-27T14:33:07Z", "event":"Music", "MusicTrack":"GalaxyMap" }
{ "timestamp":"2017-12-27T14:33:07Z", "event":"Music", "MusicTrack":"Exploration" }
{ "timestamp":"2017-12-27T14:33:14Z", "event":"Music", "MusicTrack":"GalaxyMap" }
{ "timestamp":"2017-12-27T14:33:19Z", "event":"Music", "MusicTrack":"Exploration" }
{ "timestamp":"2017-12-27T14:46:22Z", "event":"StartJump", "JumpType":"Hyperspace", "StarSystem":"Herculis Sector KM-W b1-5", "StarClass":"M" }
{ "timestamp":"2017-12-27T14:46:28Z", "event":"Music", "MusicTrack":"NoTrack" }
{ "timestamp":"2017-12-27T14:46:41Z", "event":"FSDJump", "StarSystem":"Herculis Sector KM-W b1-5", "StarPos":[-67.813,27.531,22.938], "SystemAllegiance":"", "SystemEconomy":"$economy_None;", "SystemEconomy_Localised":"Нет", "SystemGovernment":"$government_None;", "SystemGovernment_Localised":"Нет", "SystemSecurity":"$GAlAXY_MAP_INFO_state_anarchy;", "SystemSecurity_Localised":"Анархия", "Population":0, "JumpDist":5.640, "FuelUsed":0.547029, "FuelLevel":14.204571 }
{ "timestamp":"2017-12-27T14:46:41Z", "event":"Music", "MusicTrack":"Supercruise" }
{ "timestamp":"2017-12-27T14:46:55Z", "event":"FuelScoop", "Scooped":0.302619, "Total":14.507191 }
{ "timestamp":"2017-12-27T14:47:02Z", "event":"Music", "MusicTrack":"GalaxyMap" }
{ "timestamp":"2017-12-27T14:47:12Z", "event":"Music", "MusicTrack":"SystemMap" }
{ "timestamp":"2017-12-27T14:47:30Z", "event":"Music", "MusicTrack":"GalaxyMap" }
{ "timestamp":"2017-12-27T14:47:30Z", "event":"Music", "MusicTrack":"Supercruise" }
{ "timestamp":"2017-12-27T14:47:54Z", "event":"StartJump", "JumpType":"Hyperspace", "StarSystem":"Amarak", "StarClass":"M" }
{ "timestamp":"2017-12-27T14:48:00Z", "event":"Music", "MusicTrack":"NoTrack" }
{ "timestamp":"2017-12-27T14:48:13Z", "event":"FSDJump", "StarSystem":"Amarak", "StarPos":[-68.438,26.000,26.469], "SystemAllegiance":"Federation", "SystemEconomy":"$economy_HighTech;", "SystemEconomy_Localised":"Высокие технологии", "SystemGovernment":"$government_Corporate;", "SystemGovernment_Localised":"Корпоративная", "SystemSecurity":"$SYSTEM_SECURITY_high;", "SystemSecurity_Localised":"Высок. ур. безопасности", "Population":10248421, "JumpDist":3.899, "FuelUsed":0.233546, "FuelLevel":14.273644, "Factions":[ { "Name":"Pilots Federation Local Branch", "FactionState":"None", "Government":"Democracy", "Influence":0.000000, "Allegiance":"PilotsFederation" }, { "Name":"Tarutaalli Group", "FactionState":"None", "Government":"Corporate", "Influence":0.053000, "Allegiance":"Federation", "PendingStates":[ { "State":"Boom", "Trend":1 }, { "State":"CivilUnrest", "Trend":0 }, { "State":"Lockdown", "Trend":0 } ] }, { "Name":"Amarak Comms Partners", "FactionState":"None", "Government":"Corporate", "Influence":0.615000, "Allegiance":"Federation", "RecoveringStates":[ { "State":"Boom", "Trend":0 } ] }, { "Name":"Amarak Dominion", "FactionState":"None", "Government":"Dictatorship", "Influence":0.156000, "Allegiance":"Independent", "PendingStates":[ { "State":"Boom", "Trend":1 } ] }, { "Name":"Amarak Silver Family", "FactionState":"None", "Government":"Anarchy", "Influence":0.063000, "Allegiance":"Independent", "PendingStates":[ { "State":"Boom", "Trend":1 } ] }, { "Name":"Syndicate of LHS 3385", "FactionState":"None", "Government":"Anarchy", "Influence":0.010000, "Allegiance":"Independent", "PendingStates":[ { "State":"Boom", "Trend":1 } ] }, { "Name":"Amarak Republic Party", "FactionState":"None", "Government":"Democracy", "Influence":0.051000, "Allegiance":"Federation", "PendingStates":[ { "State":"Boom", "Trend":1 } ] }, { "Name":"Ronin of Amarak", "FactionState":"Boom", "Government":"Anarchy", "Influence":0.052000, "Allegiance":"Independent" } ], "SystemFaction":"Amarak Comms Partners" }
{ "timestamp":"2017-12-27T14:48:13Z", "event":"Music", "MusicTrack":"Supercruise" }
{ "timestamp":"2017-12-27T14:48:28Z", "event":"FuelScoop", "Scooped":0.480669, "Total":14.754310 }
{ "timestamp":"2017-12-27T14:50:58Z", "event":"SupercruiseExit", "StarSystem":"Amarak", "Body":"Vela Port", "BodyType":"Station" }
{ "timestamp":"2017-12-27T14:50:59Z", "event":"Music", "MusicTrack":"DestinationFromSupercruise" }
{ "timestamp":"2017-12-27T14:51:04Z", "event":"Music", "MusicTrack":"NoTrack" }
{ "timestamp":"2017-12-27T14:51:06Z", "event":"ReceiveText", "From":"Vela Port", "Message":"$STATION_NoFireZone_entered;", "Message_Localised":"Вы вошли в зону запрета огня", "Channel":"npc" }
{ "timestamp":"2017-12-27T14:51:13Z", "event":"DockingRequested", "StationName":"Vela Port" }
{ "timestamp":"2017-12-27T14:51:13Z", "event":"ReceiveText", "From":"Vela Port", "Message":"$DockingChatter_Neutral;", "Message_Localised":"Строго соблюдайте правила поведения в порту, пилот.", "Channel":"npc" }
{ "timestamp":"2017-12-27T14:51:15Z", "event":"ReceiveText", "From":"Vela Port", "Message":"$STATION_docking_granted;", "Message_Localised":"Стыковка разрешена", "Channel":"npc" }
{ "timestamp":"2017-12-27T14:51:15Z", "event":"DockingGranted", "LandingPad":27, "StationName":"Vela Port" }
{ "timestamp":"2017-12-27T14:51:36Z", "event":"Music", "MusicTrack":"Starport" }
{ "timestamp":"2017-12-27T14:52:06Z", "event":"Docked", "StationName":"Vela Port", "StationType":"Coriolis", "StarSystem":"Amarak", "StationFaction":"Amarak Comms Partners", "StationGovernment":"$government_Corporate;", "StationGovernment_Localised":"Корпоративная", "StationAllegiance":"Federation", "StationServices":[ "Dock", "Autodock", "BlackMarket", "Commodities", "Contacts", "Exploration", "Missions", "Outfitting", "CrewLounge", "Rearm", "Refuel", "Repair", "Shipyard", "Tuning", "MissionsGenerated", "FlightController", "StationOperations", "Powerplay", "SearchAndRescue" ], "StationEconomy":"$economy_HighTech;", "StationEconomy_Localised":"Высокие технологии", "DistFromStarLS":1156.483154 }
{ "timestamp":"2017-12-27T14:52:18Z", "event":"RestockVehicle", "Type":"testbuggy", "Loadout":"starter", "Cost":1030, "Count":1 }
{ "timestamp":"2017-12-27T14:52:19Z", "event":"RefuelAll", "Cost":74, "Amount":1.459049 }
{ "timestamp":"2017-12-27T14:54:54Z", "event":"Music", "MusicTrack":"GalaxyMap" }
{ "timestamp":"2017-12-27T14:55:01Z", "event":"Music", "MusicTrack":"SystemMap" }
{ "timestamp":"2017-12-27T14:55:09Z", "event":"Music", "MusicTrack":"GalaxyMap" }
{ "timestamp":"2017-12-27T14:55:10Z", "event":"Music", "MusicTrack":"Starport" }
{ "timestamp":"2017-12-27T14:55:21Z", "event":"Undocked", "StationName":"Vela Port", "StationType":"Coriolis" }
{ "timestamp":"2017-12-27T14:55:35Z", "event":"Music", "MusicTrack":"NoTrack" }
{ "timestamp":"2017-12-27T14:56:28Z", "event":"StartJump", "JumpType":"Supercruise" }
{ "timestamp":"2017-12-27T14:56:40Z", "event":"SupercruiseEntry", "StarSystem":"Amarak" }
{ "timestamp":"2017-12-27T14:56:40Z", "event":"Music", "MusicTrack":"Supercruise" }
{ "timestamp":"2017-12-27T14:58:07Z", "event":"SupercruiseExit", "StarSystem":"Amarak", "Body":"Werner von Siemens Vision", "BodyType":"Station" }
{ "timestamp":"2017-12-27T14:58:07Z", "event":"Music", "MusicTrack":"DestinationFromSupercruise" }
{ "timestamp":"2017-12-27T14:58:12Z", "event":"Music", "MusicTrack":"Exploration" }
{ "timestamp":"2017-12-27T14:58:13Z", "event":"ReceiveText", "From":"Werner von Siemens Vision", "Message":"$STATION_NoFireZone_entered;", "Message_Localised":"Вы вошли в зону запрета огня", "Channel":"npc" }
{ "timestamp":"2017-12-27T14:58:17Z", "event":"DockingRequested", "StationName":"Werner von Siemens Vision" }
{ "timestamp":"2017-12-27T14:58:17Z", "event":"ReceiveText", "From":"Werner von Siemens Vision", "Message":"$DockingChatter_Neutral;", "Message_Localised":"Строго соблюдайте правила поведения в порту, пилот.", "Channel":"npc" }
{ "timestamp":"2017-12-27T14:58:20Z", "event":"ReceiveText", "From":"Werner von Siemens Vision", "Message":"$STATION_docking_granted;", "Message_Localised":"Стыковка разрешена", "Channel":"npc" }
{ "timestamp":"2017-12-27T14:58:20Z", "event":"DockingGranted", "LandingPad":3, "StationName":"Werner von Siemens Vision" }
{ "timestamp":"2017-12-27T14:59:03Z", "event":"Docked", "StationName":"Werner von Siemens Vision", "StationType":"Outpost", "StarSystem":"Amarak", "StationFaction":"Tarutaalli Group", "StationGovernment":"$government_Corporate;", "StationGovernment_Localised":"Корпоративная", "StationAllegiance":"Federation", "StationServices":[ "Dock", "Autodock", "BlackMarket", "Commodities", "Contacts", "Exploration", "Missions", "Outfitting", "CrewLounge", "Rearm", "Refuel", "Repair", "MissionsGenerated", "FlightController", "StationOperations", "Powerplay", "SearchAndRescue" ], "StationEconomy":"$economy_HighTech;", "StationEconomy_Localised":"Высокие технологии", "DistFromStarLS":1617.454346 }
{ "timestamp":"2017-12-27T14:59:12Z", "event":"RefuelAll", "Cost":10, "Amount":0.052093 }
{ "timestamp":"2017-12-27T14:59:34Z", "event":"MissionCompleted", "Faction":"Syndicate of LHS 3385", "Name":"Mission_Disable_HighTech_name", "MissionID":272140619, "Target":"$MissionUtil_Settlement_Target_Building;", "Target_Localised":"Поселение", "Reward":772348 }
{ "timestamp":"2017-12-27T15:00:05Z", "event":"MissionAccepted", "Faction":"Syndicate of LHS 3385", "Name":"Mission_Disable_HighTech", "LocalisedName":"Отключите электросеть цели. Это: Установка", "Target":"$MissionUtil_Settlement_Target_Turret;", "Target_Localised":"Установка", "Expiry":"2017-12-29T04:17:05Z", "Influence":"Med", "Reputation":"Med", "Reward":355832, "MissionID":272215498 }
{ "timestamp":"2017-12-27T15:00:08Z", "event":"MissionAccepted", "Faction":"Syndicate of LHS 3385", "Name":"Mission_Disable_HighTech", "LocalisedName":"Отключите электросеть цели. Это: Установка", "Target":"$MissionUtil_Settlement_Target_Turret;", "Target_Localised":"Установка", "Expiry":"2017-12-29T12:49:17Z", "Influence":"Med", "Reputation":"Med", "Reward":347538, "MissionID":272215517 }
{ "timestamp":"2017-12-27T15:00:10Z", "event":"MissionAccepted", "Faction":"Syndicate of LHS 3385", "Name":"Mission_Disable_HighTech", "LocalisedName":"Отключите электросеть цели. Это: Установка", "Target":"$MissionUtil_Settlement_Target_Turret;", "Target_Localised":"Установка", "Expiry":"2017-12-29T06:51:26Z", "Influence":"Med", "Reputation":"Med", "Reward":574665, "MissionID":272215542 }
{ "timestamp":"2017-12-27T15:00:12Z", "event":"MissionAccepted", "Faction":"Syndicate of LHS 3385", "Name":"Mission_Disable_HighTech", "LocalisedName":"Отключите электросеть цели. Это: Установка", "Target":"$MissionUtil_Settlement_Target_Turret;", "Target_Localised":"Установка", "Expiry":"2017-12-28T04:41:05Z", "Influence":"Med", "Reputation":"Med", "Reward":140273, "MissionID":272215571 }
{ "timestamp":"2017-12-27T15:00:14Z", "event":"MissionAccepted", "Faction":"Syndicate of LHS 3385", "Name":"Mission_Disable_HighTech", "LocalisedName":"Отключите электросеть цели. Это: Установка", "Target":"$MissionUtil_Settlement_Target_Turret;", "Target_Localised":"Установка", "Expiry":"2017-12-28T08:56:41Z", "Influence":"Med", "Reputation":"Med", "Reward":150277, "MissionID":272215585 }
{ "timestamp":"2017-12-27T15:04:49Z", "event":"Undocked", "StationName":"Werner von Siemens Vision", "StationType":"Outpost" }
{ "timestamp":"2017-12-27T15:05:59Z", "event":"Music", "MusicTrack":"GalaxyMap" }
{ "timestamp":"2017-12-27T15:06:07Z", "event":"ReceiveText", "From":"Werner von Siemens Vision", "Message":"$STATION_NoFireZone_exited;", "Message_Localised":"Вы вышли из зоны запрета огня", "Channel":"npc" }
{ "timestamp":"2017-12-27T15:06:12Z", "event":"Music", "MusicTrack":"Exploration" }
{ "timestamp":"2017-12-27T15:06:16Z", "event":"Music", "MusicTrack":"GalaxyMap" }
{ "timestamp":"2017-12-27T15:06:22Z", "event":"Music", "MusicTrack":"SystemMap" }
{ "timestamp":"2017-12-27T15:06:37Z", "event":"Music", "MusicTrack":"GalaxyMap" }
{ "timestamp":"2017-12-27T15:06:38Z", "event":"Music", "MusicTrack":"Exploration" }
{ "timestamp":"2017-12-27T15:07:11Z", "event":"StartJump", "JumpType":"Hyperspace", "StarSystem":"Halai", "StarClass":"G" }
{ "timestamp":"2017-12-27T15:07:17Z", "event":"Music", "MusicTrack":"NoTrack" }
{ "timestamp":"2017-12-27T15:07:30Z", "event":"FSDJump", "StarSystem":"Halai", "StarPos":[-63.500,24.656,32.375], "SystemAllegiance":"Federation", "SystemEconomy":"$economy_Industrial;", "SystemEconomy_Localised":"Промышленность", "SystemGovernment":"$government_Democracy;", "SystemGovernment_Localised":"Демократия", "SystemSecurity":"$SYSTEM_SECURITY_high;", "SystemSecurity_Localised":"Высок. ур. безопасности", "Population":17337033, "JumpDist":7.815, "FuelUsed":1.170381, "FuelLevel":14.829619, "Factions":[ { "Name":"Pilots Federation Local Branch", "FactionState":"None", "Government":"Democracy", "Influence":0.000000, "Allegiance":"PilotsFederation" }, { "Name":"Halai Republic Party", "FactionState":"None", "Government":"Democracy", "Influence":0.293000, "Allegiance":"Federation", "PendingStates":[ { "State":"Boom", "Trend":1 }, { "State":"Lockdown", "Trend":-1 } ] }, { "Name":"Nationals of Halai", "FactionState":"CivilWar", "Government":"Dictatorship", "Influence":0.203000, "Allegiance":"Independent", "PendingStates":[ { "State":"Outbreak", "Trend":0 } ], "RecoveringStates":[ { "State":"Boom", "Trend":0 } ] }, { "Name":"Halai Dynamic Network", "FactionState":"Boom", "Government":"Corporate", "Influence":0.214000, "Allegiance":"Independent" }, { "Name":"Syndicate of LHS 3385", "FactionState":"None", "Government":"Anarchy", "Influence":0.034000, "Allegiance":"Independent", "PendingStates":[ { "State":"Boom", "Trend":1 } ] }, { "Name":"Halai Bureau", "FactionState":"Boom", "Government":"Dictatorship", "Influence":0.159000, "Allegiance":"Independent" }, { "Name":"Halai Purple Cartel", "FactionState":"CivilWar", "Government":"Anarchy", "Influence":0.097000, "Allegiance":"Independent", "PendingStates":[ { "State":"Boom", "Trend":0 } ] } ], "SystemFaction":"Halai Republic Party" }
{ "timestamp":"2017-12-27T15:07:30Z", "event":"Music", "MusicTrack":"DestinationFromHyperspace" }
{ "timestamp":"2017-12-27T15:07:35Z", "event":"Music", "MusicTrack":"Supercruise" }
{ "timestamp":"2017-12-27T15:07:54Z", "event":"FuelScoop", "Scooped":1.170368, "Total":16.000000 }
{ "timestamp":"2017-12-27T15:08:06Z", "event":"Music", "MusicTrack":"SystemMap" }
{ "timestamp":"2017-12-27T15:08:16Z", "event":"Music", "MusicTrack":"Supercruise" }
{ "timestamp":"2017-12-27T15:09:26Z", "event":"ApproachSettlement", "Name":"Stokes Vision ++" }
{ "timestamp":"2017-12-27T15:09:26Z", "event":"ApproachSettlement", "Name":"al-Khayyam Enterprise" }
{ "timestamp":"2017-12-27T15:10:34Z", "event":"ApproachSettlement", "Name":"Stokes Vision ++" }
{ "timestamp":"2017-12-27T15:10:35Z", "event":"SupercruiseExit", "StarSystem":"Halai", "Body":"Halai A 3", "BodyType":"Planet" }
{ "timestamp":"2017-12-27T15:10:36Z", "event":"Music", "MusicTrack":"Exploration" }
{ "timestamp":"2017-12-27T15:11:45Z", "event":"StartJump", "JumpType":"Supercruise" }
{ "timestamp":"2017-12-27T15:11:46Z", "event":"ApproachSettlement", "Name":"Stokes Vision ++" }
{ "timestamp":"2017-12-27T15:11:46Z", "event":"ApproachSettlement", "Name":"al-Khayyam Enterprise" }
{ "timestamp":"2017-12-27T15:11:50Z", "event":"SupercruiseEntry", "StarSystem":"Halai" }
{ "timestamp":"2017-12-27T15:11:51Z", "event":"Music", "MusicTrack":"Supercruise" }
{ "timestamp":"2017-12-27T15:12:14Z", "event":"ApproachSettlement", "Name":"Stokes Vision ++" }
{ "timestamp":"2017-12-27T15:12:16Z", "event":"SupercruiseExit", "StarSystem":"Halai", "Body":"Halai A 3", "BodyType":"Planet" }
{ "timestamp":"2017-12-27T15:12:16Z", "event":"Music", "MusicTrack":"Exploration" }
{ "timestamp":"2017-12-27T15:14:16Z", "event":"ShieldState", "ShieldsUp":true }
{ "timestamp":"2017-12-27T15:15:35Z", "event":"Touchdown", "PlayerControlled":true, "Latitude":38.406254, "Longitude":75.093338 }
{ "timestamp":"2017-12-27T15:19:59Z", "event":"LaunchSRV", "Loadout":"starter", "PlayerControlled":true }
{ "timestamp":"2017-12-27T15:20:37Z", "event":"Liftoff", "PlayerControlled":false }
{ "timestamp":"2017-12-27T15:26:28Z", "event":"CommitCrime", "CrimeType":"dockingMinorTresspass", "Faction":"Halai Republic Party", "Fine":400 }
{ "timestamp":"2017-12-27T15:26:38Z", "event":"Music", "MusicTrack":"Combat_SRV" }
{ "timestamp":"2017-12-27T15:26:38Z", "event":"CommitCrime", "CrimeType":"dockingMajorTresspass", "Faction":"Halai Republic Party", "Bounty":600 }
{ "timestamp":"2017-12-27T15:27:09Z", "event":"HullDamage", "Health":0.793905, "PlayerPilot":true }
{ "timestamp":"2017-12-27T15:27:18Z", "event":"CommitCrime", "CrimeType":"assault", "Faction":"Halai Republic Party", "Victim":"$poi_generator_name;", "Victim_Localised":"Генератор", "Bounty":200 }
{ "timestamp":"2017-12-27T15:27:23Z", "event":"MissionRedirected", "MissionID":272215542, "Name":"Mission_Disable_HighTech_name", "NewDestinationStation":"Werner von Siemens Vision", "NewDestinationSystem":"Amarak", "OldDestinationStation":"Stokes Vision ++", "OldDestinationSystem":"Halai" }
{ "timestamp":"2017-12-27T15:28:33Z", "event":"Music", "MusicTrack":"Exploration" }
{ "timestamp":"2017-12-27T15:29:38Z", "event":"HullDamage", "Health":0.560947, "PlayerPilot":true }
{ "timestamp":"2017-12-27T15:33:21Z", "event":"HullDamage", "Health":0.300474, "PlayerPilot":true }
{ "timestamp":"2017-12-27T15:34:53Z", "event":"MaterialCollected", "Category":"Raw", "Name":"iron", "Count":3 }
{ "timestamp":"2017-12-27T15:34:55Z", "event":"MaterialCollected", "Category":"Raw", "Name":"iron", "Count":3 }
{ "timestamp":"2017-12-27T15:35:18Z", "event":"MaterialCollected", "Category":"Raw", "Name":"nickel", "Count":3 }
{ "timestamp":"2017-12-27T15:36:28Z", "event":"MaterialCollected", "Category":"Raw", "Name":"carbon", "Count":3 }
{ "timestamp":"2017-12-27T15:36:40Z", "event":"MaterialCollected", "Category":"Raw", "Name":"sulphur", "Count":3 }
{ "timestamp":"2017-12-27T15:36:54Z", "event":"MaterialCollected", "Category":"Raw", "Name":"chromium", "Count":3 }
{ "timestamp":"2017-12-27T15:37:01Z", "event":"MaterialCollected", "Category":"Raw", "Name":"manganese", "Count":3 }
{ "timestamp":"2017-12-27T15:39:46Z", "event":"Touchdown", "PlayerControlled":false }
{ "timestamp":"2017-12-27T15:40:37Z", "event":"DockSRV" }
{ "timestamp":"2017-12-27T15:40:44Z", "event":"Liftoff", "PlayerControlled":true, "Latitude":38.584438, "Longitude":75.011261 }
{ "timestamp":"2017-12-27T15:41:19Z", "event":"StartJump", "JumpType":"Supercruise" }
{ "timestamp":"2017-12-27T15:41:20Z", "event":"ApproachSettlement", "Name":"Stokes Vision ++" }
{ "timestamp":"2017-12-27T15:41:20Z", "event":"ApproachSettlement", "Name":"al-Khayyam Enterprise" }
{ "timestamp":"2017-12-27T15:41:24Z", "event":"SupercruiseEntry", "StarSystem":"Halai" }
{ "timestamp":"2017-12-27T15:41:25Z", "event":"Music", "MusicTrack":"Supercruise" }
{ "timestamp":"2017-12-27T15:41:57Z", "event":"ApproachSettlement", "Name":"Stokes Vision ++" }
{ "timestamp":"2017-12-27T15:41:58Z", "event":"SupercruiseExit", "StarSystem":"Halai", "Body":"Halai A 3", "BodyType":"Planet" }
{ "timestamp":"2017-12-27T15:41:58Z", "event":"Music", "MusicTrack":"Exploration" }
{ "timestamp":"2017-12-27T15:42:08Z", "event":"Music", "MusicTrack":"SystemMap" }
{ "timestamp":"2017-12-27T15:42:09Z", "event":"Music", "MusicTrack":"Exploration" }
