{ "timestamp":"2018-02-20T19:59:21Z", "event":"Fileheader", "part":1, "language":"English\\UK", "gameversion":"2.4", "build":"r160439/r0 " }
{ "timestamp":"2018-02-20T19:59:21Z", "event":"Music", "MusicTrack":"NoTrack" }
{ "timestamp":"2018-02-20T19:59:21Z", "event":"Music", "MusicTrack":"MainMenu" }
{ "timestamp":"2018-02-20T19:59:47Z", "event":"Cargo", "Inventory":[  ] }
{ "timestamp":"2018-02-20T19:59:47Z", "event":"Loadout", "Ship":"Asp", "ShipID":8, "ShipName":"A-BUG", "ShipIdent":"BUGGED", "Modules":[ { "Slot":"SmallHardpoint1", "Item":"Hpt_MultiCannon_Gimbal_Small", "On":true, "Priority":0, "AmmoInClip":90, "AmmoInHopper":2100, "Health":1.000000, "Value":14250, "EngineerBlueprint":"Weapon_Efficient", "EngineerLevel":3 }, { "Slot":"SmallHardpoint2", "Item":"Hpt_MultiCannon_Gimbal_Small", "On":true, "Priority":0, "AmmoInClip":90, "AmmoInHopper":2100, "Health":1.000000, "Value":14250, "EngineerBlueprint":"Weapon_Efficient", "EngineerLevel":3 }, { "Slot":"SmallHardpoint3", "Item":"Hpt_MultiCannon_Gimbal_Small", "On":true, "Priority":0, "AmmoInClip":90, "AmmoInHopper":2100, "Health":1.000000, "Value":14250, "EngineerBlueprint":"Weapon_Efficient", "EngineerLevel":3 }, { "Slot":"SmallHardpoint4", "Item":"Hpt_MultiCannon_Gimbal_Small", "On":true, "Priority":0, "AmmoInClip":90, "AmmoInHopper":2100, "Health":1.000000, "Value":14250, "EngineerBlueprint":"Weapon_Efficient", "EngineerLevel":3 }, { "Slot":"MediumHardpoint1", "Item":"Hpt_PulseLaser_Gimbal_Medium", "On":true, "Priority":0, "Health":1.000000, "Value":35400 }, { "Slot":"MediumHardpoint2", "Item":"Hpt_PulseLaser_Gimbal_Medium", "On":true, "Priority":0, "Health":1.000000, "Value":35400 }, { "Slot":"TinyHardpoint1", "Item":"Hpt_ChaffLauncher_Tiny", "On":true, "Priority":0, "AmmoInClip":1, "AmmoInHopper":10, "Health":1.000000, "Value":8500 }, { "Slot":"TinyHardpoint2", "Item":"Hpt_HeatSinkLauncher_Turret_Tiny", "On":true, "Priority":0, "AmmoInClip":1, "AmmoInHopper":2, "Health":1.000000, "Value":3500 }, { "Slot":"TinyHardpoint3", "Item":"Hpt_CloudScanner_Size0_Class1", "On":true, "Priority":0, "Health":1.000000, "Value":13544 }, { "Slot":"TinyHardpoint4", "Item":"Hpt_ChaffLauncher_Tiny", "On":true, "Priority":0, "AmmoInClip":1, "AmmoInHopper":10, "Health":1.000000, "Value":8500 }, { "Slot":"Armour", "Item":"Asp_Armour_Reactive", "On":true, "Priority":1, "Health":1.000000, "Value":15700339, "EngineerBlueprint":"Armour_Advanced", "EngineerLevel":4 }, { "Slot":"PowerPlant", "Item":"Int_Powerplant_Size5_Class5", "On":true, "Priority":1, "Health":1.000000, "Value":5103953, "EngineerBlueprint":"PowerPlant_Armoured", "EngineerLevel":1 }, { "Slot":"MainEngines", "Item":"Int_Engine_Size5_Class5", "On":true, "Priority":1, "Health":1.000000, "Value":5103953, "EngineerBlueprint":"Engine_Reinforced", "EngineerLevel":1 }, { "Slot":"FrameShiftDrive", "Item":"Int_Hyperdrive_Size5_Class5", "On":true, "Priority":0, "Health":1.000000, "Value":5103953, "EngineerBlueprint":"FSD_LongRange", "EngineerLevel":2 }, { "Slot":"LifeSupport", "Item":"Int_LifeSupport_Size4_Class3", "On":true, "Priority":0, "Health":1.000000, "Value":70932 }, { "Slot":"PowerDistributor", "Item":"Int_PowerDistributor_Size4_Class5", "On":true, "Priority":0, "Health":1.000000, "Value":443328 }, { "Slot":"Radar", "Item":"Int_Sensors_Size5_Class2", "On":true, "Priority":0, "Health":1.000000, "Value":79444 }, { "Slot":"FuelTank", "Item":"Int_FuelTank_Size5_Class3", "On":true, "Priority":1, "Health":1.000000, "Value":97754 }, { "Slot":"Decal1", "Item":"Decal_Explorer_Trailblazer", "On":true, "Priority":1, "Health":1.000000, "Value":0 }, { "Slot":"Slot01_Size6", "Item":"Int_ShieldGenerator_Size5_Class5", "On":true, "Priority":0, "Health":1.000000, "Value":5103953 }, { "Slot":"Slot02_Size5", "Item":"Int_HullReinforcement_Size5_Class2", "On":true, "Priority":1, "Health":1.000000, "Value":450000 }, { "Slot":"Slot03_Size3", "Item":"Int_HullReinforcement_Size3_Class2", "On":true, "Priority":1, "Health":1.000000, "Value":84000 }, { "Slot":"Slot04_Size3", "Item":"Int_ModuleReinforcement_Size3_Class2", "On":true, "Priority":1, "Health":1.000000, "Value":84000 }, { "Slot":"Slot05_Size3", "Item":"Int_FSDInterdictor_Size2_Class2", "On":true, "Priority":0, "Health":1.000000, "Value":100800, "EngineerBlueprint":"FSDinterdictor_Expanded", "EngineerLevel":1 }, { "Slot":"Slot06_Size2", "Item":"Int_DetailedSurfaceScanner_Tiny", "On":true, "Priority":1, "Health":1.000000, "Value":250000, "EngineerBlueprint":"Sensor_SurfaceScanner_LongRange", "EngineerLevel":3 }, { "Slot":"Slot07_Size2", "Item":"Int_StellarBodyDiscoveryScanner_Advanced", "On":true, "Priority":1, "Health":1.000000, "Value":1545000 }, { "Slot":"PlanetaryApproachSuite", "Item":"Int_PlanetApproachSuite", "On":true, "Priority":1, "Health":1.000000, "Value":500 }, { "Slot":"ShipCockpit", "Item":"Asp_Cockpit", "On":true, "Priority":1, "Health":1.000000, "Value":0 }, { "Slot":"CargoHatch", "Item":"ModularCargoBayDoor", "On":true, "Priority":2, "Health":1.000000, "Value":0 } ] }
{ "timestamp":"2018-02-20T19:59:47Z", "event":"Materials", "Raw":[ { "Name":"phosphorus", "Count":26 }, { "Name":"carbon", "Count":18 }, { "Name":"chromium", "Count":47 }, { "Name":"molybdenum", "Count":5 }, { "Name":"manganese", "Count":39 }, { "Name":"cadmium", "Count":17 }, { "Name":"selenium", "Count":15 }, { "Name":"sulphur", "Count":19 }, { "Name":"antimony", "Count":15 }, { "Name":"arsenic", "Count":6 }, { "Name":"zinc", "Count":4 }, { "Name":"nickel", "Count":18 }, { "Name":"iron", "Count":11 } ], "Manufactured":[ { "Name":"gridresistors", "Count":9 }, { "Name":"mechanicalequipment", "Count":23 }, { "Name":"focuscrystals", "Count":32 }, { "Name":"salvagedalloys", "Count":32 }, { "Name":"chemicalprocessors", "Count":43 }, { "Name":"phasealloys", "Count":45 }, { "Name":"shieldingsensors", "Count":42 }, { "Name":"wornshieldemitters", "Count":41 }, { "Name":"galvanisingalloys", "Count":33 }, { "Name":"uncutfocuscrystals", "Count":2 }, { "Name":"configurablecomponents", "Count":7 }, { "Name":"highdensitycomposites", "Count":20 }, { "Name":"mechanicalcomponents", "Count":4 }, { "Name":"fedproprietarycomposites", "Count":11 }, { "Name":"fedcorecomposites", "Count":6 }, { "Name":"shieldemitters", "Count":49 }, { "Name":"refinedfocuscrystals", "Count":27 }, { "Name":"chemicaldistillery", "Count":21 }, { "Name":"protolightalloys", "Count":17 }, { "Name":"precipitatedalloys", "Count":23 }, { "Name":"compoundshielding", "Count":9 }, { "Name":"unknownorganiccircuitry", "Count":24 }, { "Name":"unknownenergysource", "Count":22 }, { "Name":"unknowncarapace", "Count":18 }, { "Name":"unknowntechnologycomponents", "Count":12 }, { "Name":"unknownenergycell", "Count":6 }, { "Name":"hybridcapacitors", "Count":2 }, { "Name":"electrochemicalarrays", "Count":3 }, { "Name":"conductivecomponents", "Count":5 }, { "Name":"heatdispersionplate", "Count":6 }, { "Name":"heatexchangers", "Count":5 }, { "Name":"conductivepolymers", "Count":3 }, { "Name":"mechanicalscrap", "Count":8 }, { "Name":"heatconductionwiring", "Count":9 }, { "Name":"conductiveceramics", "Count":3 }, { "Name":"biotechconductors", "Count":1 }, { "Name":"exquisitefocuscrystals", "Count":3 } ], "Encoded":[ { "Name":"decodedemissiondata", "Count":78 }, { "Name":"emissiondata", "Count":22 }, { "Name":"shieldsoakanalysis", "Count":48 }, { "Name":"shielddensityreports", "Count":69 }, { "Name":"scanarchives", "Count":18 }, { "Name":"shieldpatternanalysis", "Count":54 }, { "Name":"shieldcyclerecordings", "Count":76 }, { "Name":"encodedscandata", "Count":21 }, { "Name":"fsdtelemetry", "Count":7 }, { "Name":"scandatabanks", "Count":17 }, { "Name":"archivedemissiondata", "Count":5 }, { "Name":"industrialfirmware", "Count":4 }, { "Name":"bulkscandata", "Count":40 }, { "Name":"embeddedfirmware", "Count":2 }, { "Name":"scrambledemissiondata", "Count":1 }, { "Name":"encryptioncodes", "Count":3 }, { "Name":"encryptionarchives", "Count":3 }, { "Name":"shieldfrequencydata", "Count":3 }, { "Name":"compactemissionsdata", "Count":9 }, { "Name":"disruptedwakeechoes", "Count":5 }, { "Name":"classifiedscandata", "Count":3 } ] }
{ "timestamp":"2018-02-20T19:59:47Z", "event":"LoadGame", "Commander":"Sleep Runner", "Ship":"Asp", "ShipID":8, "ShipName":"A-BUG", "ShipIdent":"BUGGED", "FuelLevel":32.000000, "FuelCapacity":32.000000, "GameMode":"Open", "Credits":4886516, "Loan":0 }
{ "timestamp":"2018-02-20T19:59:47Z", "event":"Rank", "Combat":3, "Trade":4, "Explore":5, "Empire":0, "Federation":2, "CQC":0 }
{ "timestamp":"2018-02-20T19:59:47Z", "event":"Progress", "Combat":33, "Trade":61, "Explore":26, "Empire":12, "Federation":80, "CQC":0 }
{ "timestamp":"2018-02-20T19:59:57Z", "event":"Location", "Docked":false, "StarSystem":"Wolf 397", "StarPos":[40.000,79.219,-10.406], "SystemAllegiance":"Alliance", "SystemEconomy":"$economy_Colony;", "SystemEconomy_Localised":"Colony", "SystemGovernment":"$government_Democracy;", "SystemGovernment_Localised":"Democracy", "SystemSecurity":"$SYSTEM_SECURITY_medium;", "SystemSecurity_Localised":"Medium Security", "Population":346373, "Body":"Chelbin Service Station", "BodyType":"Station", "Factions":[ { "Name":"Tod 'The Blaster' McQuinn", "FactionState":"None", "Government":"Engineer", "Influence":0.000000, "Allegiance":"Alliance" }, { "Name":"89 Leonis Republic Party", "FactionState":"None", "Government":"Democracy", "Influence":0.118000, "Allegiance":"Federation", "PendingStates":[ { "State":"Boom", "Trend":1 }, { "State":"CivilUnrest", "Trend":1 } ], "RecoveringStates":[ { "State":"Outbreak", "Trend":0 } ] }, { "Name":"Wolf 397 Independents", "FactionState":"Boom", "Government":"Democracy", "Influence":0.488000, "Allegiance":"Alliance" }, { "Name":"Pilots Federation Local Branch", "FactionState":"None", "Government":"Democracy", "Influence":0.000000, "Allegiance":"PilotsFederation" }, { "Name":"Blue Fortune Organisation", "FactionState":"None", "Government":"Corporate", "Influence":0.056000, "Allegiance":"Alliance", "RecoveringStates":[ { "State":"CivilWar", "Trend":0 } ] }, { "Name":"Cartel of Wolf 397", "FactionState":"None", "Government":"Anarchy", "Influence":0.012000, "Allegiance":"Independent", "PendingStates":[ { "State":"CivilUnrest", "Trend":1 } ], "RecoveringStates":[ { "State":"CivilWar", "Trend":0 } ] }, { "Name":"Wolf 397 Dominion", "FactionState":"None", "Government":"Dictatorship", "Influence":0.262000, "Allegiance":"Alliance", "RecoveringStates":[ { "State":"Boom", "Trend":0 } ] }, { "Name":"Social Wolf 397 Progressive Party", "FactionState":"Boom", "Government":"Democracy", "Influence":0.064000, "Allegiance":"Independent" } ], "SystemFaction":"Wolf 397 Independents", "FactionState":"Boom" }
{ "timestamp":"2018-02-20T19:59:57Z", "event":"Music", "MusicTrack":"NoTrack" }
{ "timestamp":"2018-02-20T20:00:05Z", "event":"Music", "MusicTrack":"GalaxyMap" }
{ "timestamp":"2018-02-20T20:00:09Z", "event":"Music", "MusicTrack":"NoTrack" }
{ "timestamp":"2018-02-20T20:00:35Z", "event":"Music", "MusicTrack":"GalaxyMap" }
{ "timestamp":"2018-02-20T20:00:41Z", "event":"Music", "MusicTrack":"SystemMap" }
{ "timestamp":"2018-02-20T20:00:51Z", "event":"Music", "MusicTrack":"GalaxyMap" }
{ "timestamp":"2018-02-20T20:00:52Z", "event":"Music", "MusicTrack":"NoTrack" }
{ "timestamp":"2018-02-20T20:01:06Z", "event":"Music", "MusicTrack":"GalaxyMap" }
{ "timestamp":"2018-02-20T20:01:13Z", "event":"Music", "MusicTrack":"NoTrack" }
{ "timestamp":"2018-02-20T20:01:29Z", "event":"ReceiveText", "From":"Chelbin Service Station", "Message":"$STATION_NoFireZone_entered;", "Message_Localised":"No fire zone entered.", "Channel":"npc" }
{ "timestamp":"2018-02-20T20:01:33Z", "event":"StartJump", "JumpType":"Hyperspace", "StarSystem":"Sharru Sector IH-V b2-5", "StarClass":"M" }
{ "timestamp":"2018-02-20T20:01:51Z", "event":"FSDJump", "StarSystem":"Sharru Sector IH-V b2-5", "StarPos":[15.063,67.875,-16.094], "SystemAllegiance":"", "SystemEconomy":"$economy_None;", "SystemEconomy_Localised":"None", "SystemGovernment":"$government_None;", "SystemGovernment_Localised":"None", "SystemSecurity":"$GAlAXY_MAP_INFO_state_anarchy;", "SystemSecurity_Localised":"Anarchy", "Population":0, "JumpDist":27.980, "FuelUsed":4.328421, "FuelLevel":27.671579 }
{ "timestamp":"2018-02-20T20:01:52Z", "event":"Music", "MusicTrack":"Supercruise" }
{ "timestamp":"2018-02-20T20:02:22Z", "event":"StartJump", "JumpType":"Hyperspace", "StarSystem":"G 123-8", "StarClass":"K" }
{ "timestamp":"2018-02-20T20:02:28Z", "event":"Music", "MusicTrack":"NoTrack" }
{ "timestamp":"2018-02-20T20:02:41Z", "event":"FSDJump", "StarSystem":"G 123-8", "StarPos":[-9.469,67.719,-16.594], "SystemAllegiance":"", "SystemEconomy":"$economy_None;", "SystemEconomy_Localised":"None", "SystemGovernment":"$government_None;", "SystemGovernment_Localised":"None", "SystemSecurity":"$GAlAXY_MAP_INFO_state_anarchy;", "SystemSecurity_Localised":"Anarchy", "Population":0, "JumpDist":24.537, "FuelUsed":3.069993, "FuelLevel":24.601587 }
{ "timestamp":"2018-02-20T20:02:41Z", "event":"Music", "MusicTrack":"Supercruise" }
{ "timestamp":"2018-02-20T20:03:16Z", "event":"StartJump", "JumpType":"Hyperspace", "StarSystem":"Ross 991", "StarClass":"M" }
{ "timestamp":"2018-02-20T20:03:21Z", "event":"Music", "MusicTrack":"NoTrack" }
{ "timestamp":"2018-02-20T20:03:34Z", "event":"FSDJump", "StarSystem":"Ross 991", "StarPos":[-18.656,64.438,-12.594], "SystemAllegiance":"Alliance", "SystemEconomy":"$economy_Military;", "SystemEconomy_Localised":"Military", "SystemGovernment":"$government_Patronage;", "SystemGovernment_Localised":"Patronage", "SystemSecurity":"$SYSTEM_SECURITY_medium;", "SystemSecurity_Localised":"Medium Security", "Population":83208, "JumpDist":10.544, "FuelUsed":0.381674, "FuelLevel":24.219913, "Factions":[ { "Name":"Ross 991 Pro-Alliance Party", "FactionState":"None", "Government":"Patronage", "Influence":0.075000, "Allegiance":"Alliance", "PendingStates":[ { "State":"Lockdown", "Trend":0 } ] }, { "Name":"Pilots Federation Local Branch", "FactionState":"None", "Government":"Democracy", "Influence":0.000000, "Allegiance":"PilotsFederation" }, { "Name":"Ross 991 Holdings", "FactionState":"Election", "Government":"Corporate", "Influence":0.274000, "Allegiance":"Independent", "RecoveringStates":[ { "State":"Boom", "Trend":1 } ] }, { "Name":"LHS 2651 Alliance Governance", "FactionState":"Boom", "Government":"Patronage", "Influence":0.248000, "Allegiance":"Alliance" }, { "Name":"G 123-49 Coordinated", "FactionState":"Boom", "Government":"Cooperative", "Influence":0.087000, "Allegiance":"Alliance", "PendingStates":[ { "State":"War", "Trend":0 } ] }, { "Name":"Ross 991 Silver Pirates", "FactionState":"Boom", "Government":"Anarchy", "Influence":0.075000, "Allegiance":"Independent", "PendingStates":[ { "State":"War", "Trend":0 } ] }, { "Name":"Kuk Silver Fortune Company", "FactionState":"Election", "Government":"Corporate", "Influence":0.241000, "Allegiance":"Alliance", "RecoveringStates":[ { "State":"Boom", "Trend":1 } ] } ], "SystemFaction":"LHS 2651 Alliance Governance", "FactionState":"Boom" }
{ "timestamp":"2018-02-20T20:03:35Z", "event":"Music", "MusicTrack":"DestinationFromHyperspace" }
{ "timestamp":"2018-02-20T20:03:39Z", "event":"Music", "MusicTrack":"Supercruise" }
{ "timestamp":"2018-02-20T20:03:48Z", "event":"Music", "MusicTrack":"SystemMap" }
{ "timestamp":"2018-02-20T20:03:56Z", "event":"Music", "MusicTrack":"Supercruise" }
{ "timestamp":"2018-02-20T20:03:58Z", "event":"Music", "MusicTrack":"GalaxyMap" }
{ "timestamp":"2018-02-20T20:04:03Z", "event":"Music", "MusicTrack":"SystemMap" }
{ "timestamp":"2018-02-20T20:04:16Z", "event":"Music", "MusicTrack":"Supercruise" }
{ "timestamp":"2018-02-20T20:04:34Z", "event":"StartJump", "JumpType":"Hyperspace", "StarSystem":"Kuk", "StarClass":"M" }
{ "timestamp":"2018-02-20T20:04:39Z", "event":"Music", "MusicTrack":"NoTrack" }
{ "timestamp":"2018-02-20T20:04:53Z", "event":"FSDJump", "StarSystem":"Kuk", "StarPos":[-21.281,69.094,-16.313], "SystemAllegiance":"Alliance", "SystemEconomy":"$economy_Industrial;", "SystemEconomy_Localised":"Industrial", "SystemGovernment":"$government_Corporate;", "SystemGovernment_Localised":"Corporate", "SystemSecurity":"$SYSTEM_SECURITY_high;", "SystemSecurity_Localised":"High Security", "Population":60876597, "JumpDist":6.512, "FuelUsed":0.116953, "FuelLevel":24.102961, "Factions":[ { "Name":"Selene Jean", "FactionState":"None", "Government":"Engineer", "Influence":0.000000, "Allegiance":"Alliance" }, { "Name":"Alioth Independents", "FactionState":"Boom", "Government":"Democracy", "Influence":0.244244, "Allegiance":"Alliance" }, { "Name":"Pilots Federation Local Branch", "FactionState":"None", "Government":"Democracy", "Influence":0.000000, "Allegiance":"PilotsFederation" }, { "Name":"Social Kuk Liberals", "FactionState":"CivilWar", "Government":"Democracy", "Influence":0.107107, "Allegiance":"Alliance", "PendingStates":[ { "State":"Boom", "Trend":0 } ] }, { "Name":"LHS 2651 Alliance Governance", "FactionState":"Boom", "Government":"Patronage", "Influence":0.091091, "Allegiance":"Alliance" }, { "Name":"Kuk Jet Comms & Co", "FactionState":"Boom", "Government":"Corporate", "Influence":0.043043, "Allegiance":"Alliance" }, { "Name":"Kuk Bureau", "FactionState":"None", "Government":"Dictatorship", "Influence":0.023023, "Allegiance":"Independent", "PendingStates":[ { "State":"Boom", "Trend":0 }, { "State":"Famine", "Trend":0 } ], "RecoveringStates":[ { "State":"CivilUnrest", "Trend":-1 } ] }, { "Name":"Kuk Silver Fortune Company", "FactionState":"None", "Government":"Corporate", "Influence":0.450450, "Allegiance":"Alliance", "RecoveringStates":[ { "State":"Boom", "Trend":1 } ] }, { "Name":"Order of Kuk", "FactionState":"CivilWar", "Government":"Dictatorship", "Influence":0.041041, "Allegiance":"Independent", "RecoveringStates":[ { "State":"Boom", "Trend":0 } ] } ], "SystemFaction":"Kuk Silver Fortune Company" }
{ "timestamp":"2018-02-20T20:04:53Z", "event":"Music", "MusicTrack":"DestinationFromHyperspace" }
{ "timestamp":"2018-02-20T20:04:58Z", "event":"Music", "MusicTrack":"Supercruise" }
{ "timestamp":"2018-02-20T20:09:43Z", "event":"ApproachSettlement", "Name":"Brule's Claim +" }
{ "timestamp":"2018-02-20T20:09:43Z", "event":"ApproachSettlement", "Name":"Napier Platform" }
{ "timestamp":"2018-02-20T20:09:43Z", "event":"ApproachSettlement", "Name":"Salgari's Progress" }
{ "timestamp":"2018-02-20T20:09:43Z", "event":"ApproachSettlement", "Name":"Guin Plant ++" }
{ "timestamp":"2018-02-20T20:09:44Z", "event":"SupercruiseExit", "StarSystem":"Kuk", "Body":"Kuk B 2", "BodyType":"Planet" }
{ "timestamp":"2018-02-20T20:09:45Z", "event":"Music", "MusicTrack":"Exploration" }
{ "timestamp":"2018-02-20T20:11:13Z", "event":"StartJump", "JumpType":"Supercruise" }
{ "timestamp":"2018-02-20T20:11:13Z", "event":"ApproachSettlement", "Name":"Napier Platform" }
{ "timestamp":"2018-02-20T20:11:13Z", "event":"ApproachSettlement", "Name":"Brule's Claim +" }
{ "timestamp":"2018-02-20T20:11:13Z", "event":"ApproachSettlement", "Name":"Salgari's Progress" }
{ "timestamp":"2018-02-20T20:11:13Z", "event":"ApproachSettlement", "Name":"Guin Plant ++" }
{ "timestamp":"2018-02-20T20:11:18Z", "event":"SupercruiseEntry", "StarSystem":"Kuk" }
{ "timestamp":"2018-02-20T20:11:18Z", "event":"Music", "MusicTrack":"Supercruise" }
{ "timestamp":"2018-02-20T20:11:29Z", "event":"ApproachSettlement", "Name":"Gabriel Silo" }
{ "timestamp":"2018-02-20T20:11:32Z", "event":"ApproachSettlement", "Name":"Sawyer's Progress" }
{ "timestamp":"2018-02-20T20:11:35Z", "event":"ApproachSettlement", "Name":"Barnes Penal colony" }
{ "timestamp":"2018-02-20T20:11:39Z", "event":"ApproachSettlement", "Name":"Prospector's Rest" }
{ "timestamp":"2018-02-20T20:12:56Z", "event":"ApproachSettlement", "Name":"Prospector's Rest" }
{ "timestamp":"2018-02-20T20:12:56Z", "event":"ApproachSettlement", "Name":"Sawyer's Progress" }
{ "timestamp":"2018-02-20T20:12:59Z", "event":"SupercruiseExit", "StarSystem":"Kuk", "Body":"Kuk B 3", "BodyType":"Planet" }
{ "timestamp":"2018-02-20T20:13:00Z", "event":"Music", "MusicTrack":"Exploration" }
{ "timestamp":"2018-02-20T20:13:21Z", "event":"Music", "MusicTrack":"NoTrack" }
{ "timestamp":"2018-02-20T20:13:25Z", "event":"ReceiveText", "From":"Prospector's Rest", "Message":"$STATION_NoFireZone_entered;", "Message_Localised":"No fire zone entered.", "Channel":"npc" }
{ "timestamp":"2018-02-20T20:13:43Z", "event":"DockingRequested", "StationName":"Prospector's Rest" }
{ "timestamp":"2018-02-20T20:13:43Z", "event":"ReceiveText", "From":"Prospector's Rest", "Message":"$DockingChatter_Allied;", "Message_Localised":"An ally like you is always welcome here.", "Channel":"npc" }
{ "timestamp":"2018-02-20T20:13:45Z", "event":"ReceiveText", "From":"Prospector's Rest", "Message":"$STATION_docking_granted;", "Message_Localised":"Docking request granted.", "Channel":"npc" }
{ "timestamp":"2018-02-20T20:13:45Z", "event":"DockingGranted", "LandingPad":4, "StationName":"Prospector's Rest" }
{ "timestamp":"2018-02-20T20:14:13Z", "event":"Docked", "StationName":"Prospector's Rest", "StationType":"SurfaceStation", "StarSystem":"Kuk", "StationFaction":"Selene Jean", "StationGovernment":"$government_Engineer;", "StationGovernment_Localised":"Workshop", "StationAllegiance":"Alliance", "StationServices":[ "Dock", "Autodock", "Commodities", "Exploration", "Outfitting", "Rearm", "Refuel", "Repair", "Tuning", "Workshop", "FlightController", "StationOperations" ], "StationEconomy":"$economy_Colony;", "StationEconomy_Localised":"Colony", "DistFromStarLS":12395.422852 }
{ "timestamp":"2018-02-20T20:26:21Z", "event":"RepairAll", "Cost":2448 }
{ "timestamp":"2018-02-20T20:27:06Z", "event":"ModuleStore", "Slot":"Armour", "StoredItem":"$asp_armour_reactive_name;", "StoredItem_Localised":"Reactive Surface Composite", "Ship":"asp", "ShipID":8, "EngineerModifications":"Armour_Advanced" }
{ "timestamp":"2018-02-20T20:29:00Z", "event":"EngineerCraft", "Engineer":"Selene Jean", "Blueprint":"Armour_Advanced", "Level":3, "Ingredients":[ { "Name":"iron", "Count":1 }, { "Name":"conductivecomponents", "Count":1 }, { "Name":"highdensitycomposites", "Count":1 } ] }
{ "timestamp":"2018-02-20T20:29:31Z", "event":"EngineerApply", "Engineer":"Selene Jean", "Blueprint":"Armour_Advanced", "Level":3 }
{ "timestamp":"2018-02-20T20:35:12Z", "event":"RefuelAll", "Cost":413, "Amount":8.245557 }
{ "timestamp":"2018-02-20T20:35:26Z", "event":"SellExplorationData", "Systems":[ "Wolf 370", "Sharru Sector IH-V b2-5" ], "Discovered":[  ], "BaseValue":1607, "Bonus":0 }
{ "timestamp":"2018-02-20T20:36:35Z", "event":"Music", "MusicTrack":"GalaxyMap" }
{ "timestamp":"2018-02-20T20:36:39Z", "event":"Music", "MusicTrack":"SystemMap" }
{ "timestamp":"2018-02-20T20:36:51Z", "event":"Music", "MusicTrack":"GalaxyMap" }
{ "timestamp":"2018-02-20T20:36:52Z", "event":"Music", "MusicTrack":"NoTrack" }
{ "timestamp":"2018-02-20T20:37:05Z", "event":"Undocked", "StationName":"", "StationType":"SurfaceStation" }
{ "timestamp":"2018-02-20T20:37:05Z", "event":"ReceiveText", "From":"", "Message":"$STATION_NoFireZone_exited;", "Message_Localised":"No fire zone left.", "Channel":"npc" }
{ "timestamp":"2018-02-20T20:37:05Z", "event":"Music", "MusicTrack":"Exploration" }
