{ "timestamp":"2018-01-27T15:39:40Z", "event":"Fileheader", "part":1, "language":"Russian\\RU", "gameversion":"2.4", "build":"r160439/r0 " }
{ "timestamp":"2018-01-27T15:39:40Z", "event":"Music", "MusicTrack":"NoTrack" }
{ "timestamp":"2018-01-27T15:39:40Z", "event":"Music", "MusicTrack":"MainMenu" }
{ "timestamp":"2018-01-27T15:42:36Z", "event":"Cargo", "Inventory":[  ] }
{ "timestamp":"2018-01-27T15:42:36Z", "event":"Loadout", "Ship":"CobraMkIII", "ShipID":1, "ShipName":"SLEEPY-ONE", "ShipIdent":"#SLEEP", "Modules":[ { "Slot":"MediumHardpoint1", "Item":"Hpt_PulseLaser_Gimbal_Medium", "On":true, "Priority":0, "Health":1.000000, "Value":35400 }, { "Slot":"MediumHardpoint2", "Item":"Hpt_PulseLaser_Gimbal_Medium", "On":true, "Priority":0, "Health":1.000000, "Value":35400 }, { "Slot":"SmallHardpoint1", "Item":"Hpt_MultiCannon_Gimbal_Small", "On":true, "Priority":0, "AmmoInClip":90, "AmmoInHopper":2100, "Health":1.000000, "Value":12825 }, { "Slot":"SmallHardpoint2", "Item":"Hpt_MultiCannon_Gimbal_Small", "On":true, "Priority":0, "AmmoInClip":90, "AmmoInHopper":2100, "Health":1.000000, "Value":12825 }, { "Slot":"TinyHardpoint1", "Item":"Hpt_ShieldBooster_Size0_Class5", "On":false, "Priority":0, "Health":1.000000, "Value":281000 }, { "Slot":"TinyHardpoint2", "Item":"Hpt_CrimeScanner_Size0_Class2", "On":true, "Priority":0, "Health":1.000000, "Value":40633 }, { "Slot":"PaintJob", "Item":"PaintJob_CobraMkIII_Militaire_Sand", "On":true, "Priority":1, "Health":1.000000, "Value":0 }, { "Slot":"Armour", "Item":"CobraMkIII_Armour_Reactive", "On":true, "Priority":1, "Health":1.000000, "Value":824285 }, { "Slot":"PowerPlant", "Item":"Int_Powerplant_Size4_Class5", "On":true, "Priority":1, "Health":1.000000, "Value":1610080 }, { "Slot":"MainEngines", "Item":"Int_Engine_Size4_Class5", "On":true, "Priority":0, "Health":1.000000, "Value":1610080 }, { "Slot":"FrameShiftDrive", "Item":"Int_Hyperdrive_Size4_Class5", "On":true, "Priority":0, "Health":1.000000, "Value":1610080 }, { "Slot":"LifeSupport", "Item":"Int_LifeSupport_Size3_Class1", "On":true, "Priority":2, "Health":1.000000, "Value":4053 }, { "Slot":"PowerDistributor", "Item":"Int_PowerDistributor_Size3_Class5", "On":true, "Priority":0, "Health":1.000000, "Value":158331 }, { "Slot":"Radar", "Item":"Int_Sensors_Size3_Class5", "On":true, "Priority":0, "Health":1.000000, "Value":158331 }, { "Slot":"FuelTank", "Item":"Int_FuelTank_Size4_Class3", "On":true, "Priority":1, "Health":1.000000, "Value":24734 }, { "Slot":"Slot01_Size4", "Item":"Int_CargoRack_Size4_Class1", "On":true, "Priority":1, "Health":1.000000, "Value":34328 }, { "Slot":"Slot02_Size4", "Item":"Int_FuelScoop_Size2_Class5", "On":true, "Priority":0, "Health":1.000000, "Value":284844 }, { "Slot":"Slot03_Size4", "Item":"Int_ShieldGenerator_Size4_Class5", "On":true, "Priority":0, "Health":1.000000, "Value":1610080 }, { "Slot":"Slot04_Size2", "Item":"Int_BuggyBay_Size2_Class1", "On":true, "Priority":0, "Health":1.000000, "Value":18000 }, { "Slot":"Slot05_Size2", "Item":"Int_FSDInterdictor_Size1_Class2", "On":true, "Priority":0, "Health":1.000000, "Value":36000 }, { "Slot":"Slot06_Size2", "Item":"Int_StellarBodyDiscoveryScanner_Advanced", "On":true, "Priority":1, "Health":1.000000, "Value":1545000 }, { "Slot":"PlanetaryApproachSuite", "Item":"Int_PlanetApproachSuite", "On":true, "Priority":1, "Health":1.000000, "Value":500 }, { "Slot":"ShipCockpit", "Item":"CobraMkIII_Cockpit", "On":true, "Priority":1, "Health":1.000000, "Value":0 }, { "Slot":"CargoHatch", "Item":"ModularCargoBayDoor", "On":true, "Priority":2, "Health":1.000000, "Value":0 } ] }
{ "timestamp":"2018-01-27T15:42:36Z", "event":"Materials", "Raw":[ { "Name":"phosphorus", "Count":14 }, { "Name":"iron", "Count":24 }, { "Name":"sulphur", "Count":16 }, { "Name":"nickel", "Count":21 }, { "Name":"carbon", "Count":15 }, { "Name":"chromium", "Count":6 }, { "Name":"molybdenum", "Count":3 }, { "Name":"manganese", "Count":6 }, { "Name":"cadmium", "Count":3 }, { "Name":"germanium", "Count":3 } ], "Manufactured":[ { "Name":"gridresistors", "Count":12 }, { "Name":"mechanicalscrap", "Count":13 }, { "Name":"mechanicalequipment", "Count":9 }, { "Name":"heatconductionwiring", "Count":6 }, { "Name":"focuscrystals", "Count":19 }, { "Name":"salvagedalloys", "Count":36 }, { "Name":"chemicalprocessors", "Count":21 }, { "Name":"heatdispersionplate", "Count":3 }, { "Name":"phasealloys", "Count":15 }, { "Name":"shieldingsensors", "Count":18 }, { "Name":"wornshieldemitters", "Count":51 }, { "Name":"galvanisingalloys", "Count":33 }, { "Name":"uncutfocuscrystals", "Count":1 }, { "Name":"hybridcapacitors", "Count":1 }, { "Name":"configurablecomponents", "Count":6 }, { "Name":"highdensitycomposites", "Count":6 }, { "Name":"mechanicalcomponents", "Count":3 }, { "Name":"fedproprietarycomposites", "Count":12 }, { "Name":"fedcorecomposites", "Count":3 }, { "Name":"shieldemitters", "Count":6 }, { "Name":"conductivecomponents", "Count":1 }, { "Name":"refinedfocuscrystals", "Count":12 }, { "Name":"chemicaldistillery", "Count":3 }, { "Name":"protolightalloys", "Count":6 }, { "Name":"conductiveceramics", "Count":1 }, { "Name":"precipitatedalloys", "Count":1 }, { "Name":"biotechconductors", "Count":1 } ], "Encoded":[ { "Name":"decodedemissiondata", "Count":3 }, { "Name":"emissiondata", "Count":6 }, { "Name":"shieldsoakanalysis", "Count":15 }, { "Name":"shielddensityreports", "Count":24 }, { "Name":"scanarchives", "Count":12 }, { "Name":"shieldpatternanalysis", "Count":12 }, { "Name":"shieldcyclerecordings", "Count":42 }, { "Name":"encodedscandata", "Count":9 }, { "Name":"fsdtelemetry", "Count":5 }, { "Name":"scandatabanks", "Count":4 }, { "Name":"legacyfirmware", "Count":8 }, { "Name":"archivedemissiondata", "Count":3 }, { "Name":"disruptedwakeechoes", "Count":5 }, { "Name":"industrialfirmware", "Count":2 }, { "Name":"bulkscandata", "Count":16 }, { "Name":"embeddedfirmware", "Count":1 }, { "Name":"scrambledemissiondata", "Count":3 } ] }
{ "timestamp":"2018-01-27T15:42:36Z", "event":"LoadGame", "Commander":"Sleep Runner", "Ship":"CobraMkIII", "ShipID":1, "ShipName":"SLEEPY-ONE", "ShipIdent":"#SLEEP", "FuelLevel":16.000000, "FuelCapacity":16.000000, "GameMode":"Open", "Credits":30804, "Loan":520742 }
{ "timestamp":"2018-01-27T15:42:36Z", "event":"Rank", "Combat":1, "Trade":3, "Explore":3, "Empire":0, "Federation":1, "CQC":0 }
{ "timestamp":"2018-01-27T15:42:36Z", "event":"Progress", "Combat":4, "Trade":48, "Explore":2, "Empire":0, "Federation":81, "CQC":0 }
{ "timestamp":"2018-01-27T15:42:44Z", "event":"Location", "Docked":false, "StarSystem":"Aritimi", "StarPos":[-64.656,31.063,19.875], "SystemAllegiance":"Federation", "SystemEconomy":"$economy_Agri;", "SystemEconomy_Localised":"Сельское хозяйство", "SystemGovernment":"$government_Corporate;", "SystemGovernment_Localised":"Корпоративная", "SystemSecurity":"$SYSTEM_SECURITY_medium;", "SystemSecurity_Localised":"Средн. ур. безопасности", "Population":680115139, "Body":"Aritimi 7+8", "BodyType":"Null", "Factions":[ { "Name":"Aritimi Free", "FactionState":"Boom", "Government":"Democracy", "Influence":0.180180, "Allegiance":"Federation" }, { "Name":"Pilots Federation Local Branch", "FactionState":"None", "Government":"Democracy", "Influence":0.000000, "Allegiance":"PilotsFederation" }, { "Name":"Nootkenk People's Co-operative", "FactionState":"Boom", "Government":"Cooperative", "Influence":0.079079, "Allegiance":"Independent", "RecoveringStates":[ { "State":"Famine", "Trend":0 } ] }, { "Name":"Future of Bhumatz", "FactionState":"Boom", "Government":"Democracy", "Influence":0.078078, "Allegiance":"Federation" }, { "Name":"Aritimi Exchange", "FactionState":"Boom", "Government":"Corporate", "Influence":0.463463, "Allegiance":"Federation" }, { "Name":"Natural Aritimi League", "FactionState":"Boom", "Government":"Dictatorship", "Influence":0.046046, "Allegiance":"Independent" }, { "Name":"Aritimi Services", "FactionState":"None", "Government":"Corporate", "Influence":0.103103, "Allegiance":"Independent", "PendingStates":[ { "State":"Boom", "Trend":1 } ], "RecoveringStates":[ { "State":"Famine", "Trend":0 }, { "State":"Outbreak", "Trend":0 } ] }, { "Name":"Partnership of Aritimi", "FactionState":"None", "Government":"Anarchy", "Influence":0.050050, "Allegiance":"Independent", "RecoveringStates":[ { "State":"Boom", "Trend":0 } ] } ], "SystemFaction":"Aritimi Exchange", "FactionState":"Boom" }
{ "timestamp":"2018-01-27T15:42:45Z", "event":"Music", "MusicTrack":"NoTrack" }
{ "timestamp":"2018-01-27T15:42:45Z", "event":"Music", "MusicTrack":"Exploration" }
{ "timestamp":"2018-01-27T15:44:04Z", "event":"Music", "MusicTrack":"GalaxyMap" }
{ "timestamp":"2018-01-27T15:44:29Z", "event":"Music", "MusicTrack":"SystemMap" }
{ "timestamp":"2018-01-27T15:45:29Z", "event":"Music", "MusicTrack":"GalaxyMap" }
{ "timestamp":"2018-01-27T15:45:31Z", "event":"Music", "MusicTrack":"Exploration" }
{ "timestamp":"2018-01-27T15:45:51Z", "event":"StartJump", "JumpType":"Hyperspace", "StarSystem":"Herculis Sector KM-W b1-5", "StarClass":"M" }
{ "timestamp":"2018-01-27T15:45:56Z", "event":"Music", "MusicTrack":"NoTrack" }
{ "timestamp":"2018-01-27T15:46:09Z", "event":"FSDJump", "StarSystem":"Herculis Sector KM-W b1-5", "StarPos":[-67.813,27.531,22.938], "SystemAllegiance":"", "SystemEconomy":"$economy_None;", "SystemEconomy_Localised":"Нет", "SystemGovernment":"$government_None;", "SystemGovernment_Localised":"Нет", "SystemSecurity":"$GAlAXY_MAP_INFO_state_anarchy;", "SystemSecurity_Localised":"Анархия", "Population":0, "JumpDist":5.640, "FuelUsed":0.182964, "FuelLevel":15.817036 }
{ "timestamp":"2018-01-27T15:46:10Z", "event":"Music", "MusicTrack":"Supercruise" }
{ "timestamp":"2018-01-27T15:46:20Z", "event":"FuelScoop", "Scooped":0.182968, "Total":16.000000 }
{ "timestamp":"2018-01-27T15:46:44Z", "event":"StartJump", "JumpType":"Hyperspace", "StarSystem":"Amarak", "StarClass":"M" }
{ "timestamp":"2018-01-27T15:46:49Z", "event":"Music", "MusicTrack":"NoTrack" }
{ "timestamp":"2018-01-27T15:47:03Z", "event":"FSDJump", "StarSystem":"Amarak", "StarPos":[-68.438,26.000,26.469], "SystemAllegiance":"Federation", "SystemEconomy":"$economy_HighTech;", "SystemEconomy_Localised":"Высокие технологии", "SystemGovernment":"$government_Corporate;", "SystemGovernment_Localised":"Корпоративная", "SystemSecurity":"$SYSTEM_SECURITY_high;", "SystemSecurity_Localised":"Высок. ур. безопасности", "Population":10248421, "JumpDist":3.899, "FuelUsed":0.078277, "FuelLevel":15.921723, "Factions":[ { "Name":"Pilots Federation Local Branch", "FactionState":"None", "Government":"Democracy", "Influence":0.000000, "Allegiance":"PilotsFederation" }, { "Name":"Tarutaalli Group", "FactionState":"War", "Government":"Corporate", "Influence":0.105000, "Allegiance":"Federation", "PendingStates":[ { "State":"Boom", "Trend":1 } ] }, { "Name":"Amarak Comms Partners", "FactionState":"None", "Government":"Corporate", "Influence":0.502000, "Allegiance":"Federation" }, { "Name":"Amarak Dominion", "FactionState":"War", "Government":"Dictatorship", "Influence":0.081000, "Allegiance":"Independent", "PendingStates":[ { "State":"Boom", "Trend":1 } ] }, { "Name":"Amarak Silver Family", "FactionState":"Boom", "Government":"Anarchy", "Influence":0.121000, "Allegiance":"Independent", "PendingStates":[ { "State":"War", "Trend":0 } ] }, { "Name":"Syndicate of LHS 3385", "FactionState":"Boom", "Government":"Anarchy", "Influence":0.106000, "Allegiance":"Independent", "PendingStates":[ { "State":"War", "Trend":0 } ] }, { "Name":"Amarak Republic Party", "FactionState":"None", "Government":"Democracy", "Influence":0.060000, "Allegiance":"Federation", "PendingStates":[ { "State":"Boom", "Trend":1 } ], "RecoveringStates":[ { "State":"Retreat", "Trend":0 } ] }, { "Name":"Ronin of Amarak", "FactionState":"None", "Government":"Anarchy", "Influence":0.025000, "Allegiance":"Independent", "PendingStates":[ { "State":"Boom", "Trend":1 } ] } ], "SystemFaction":"Amarak Comms Partners" }
{ "timestamp":"2018-01-27T15:47:03Z", "event":"Music", "MusicTrack":"DestinationFromHyperspace" }
{ "timestamp":"2018-01-27T15:47:08Z", "event":"Music", "MusicTrack":"Supercruise" }
{ "timestamp":"2018-01-27T15:47:11Z", "event":"FuelScoop", "Scooped":0.078278, "Total":16.000000 }
{ "timestamp":"2018-01-27T15:49:44Z", "event":"SupercruiseExit", "StarSystem":"Amarak", "Body":"Amarak A 1", "BodyType":"Planet" }
{ "timestamp":"2018-01-27T15:49:44Z", "event":"Music", "MusicTrack":"Exploration" }
{ "timestamp":"2018-01-27T15:50:06Z", "event":"StartJump", "JumpType":"Supercruise" }
{ "timestamp":"2018-01-27T15:50:11Z", "event":"SupercruiseEntry", "StarSystem":"Amarak" }
{ "timestamp":"2018-01-27T15:50:11Z", "event":"Music", "MusicTrack":"Supercruise" }
{ "timestamp":"2018-01-27T15:50:26Z", "event":"SupercruiseExit", "StarSystem":"Amarak", "Body":"Vela Port", "BodyType":"Station" }
{ "timestamp":"2018-01-27T15:50:26Z", "event":"Music", "MusicTrack":"DestinationFromSupercruise" }
{ "timestamp":"2018-01-27T15:50:31Z", "event":"Music", "MusicTrack":"NoTrack" }
{ "timestamp":"2018-01-27T15:50:32Z", "event":"ReceiveText", "From":"Vela Port", "Message":"$STATION_NoFireZone_entered;", "Message_Localised":"Вы вошли в зону запрета огня", "Channel":"npc" }
{ "timestamp":"2018-01-27T15:50:46Z", "event":"DockingRequested", "StationName":"Vela Port" }
{ "timestamp":"2018-01-27T15:50:46Z", "event":"ReceiveText", "From":"Vela Port", "Message":"$DockingChatter_Cordial;", "Message_Localised":"С возвращением, командир.", "Channel":"npc" }
{ "timestamp":"2018-01-27T15:50:47Z", "event":"ReceiveText", "From":"Vela Port", "Message":"$STATION_docking_granted;", "Message_Localised":"Стыковка разрешена", "Channel":"npc" }
{ "timestamp":"2018-01-27T15:50:47Z", "event":"DockingGranted", "LandingPad":6, "StationName":"Vela Port" }
{ "timestamp":"2018-01-27T15:51:28Z", "event":"Music", "MusicTrack":"Starport" }
{ "timestamp":"2018-01-27T15:52:17Z", "event":"Docked", "StationName":"Vela Port", "StationType":"Coriolis", "StarSystem":"Amarak", "StationFaction":"Amarak Comms Partners", "StationGovernment":"$government_Corporate;", "StationGovernment_Localised":"Корпоративная", "StationAllegiance":"Federation", "StationServices":[ "Dock", "Autodock", "BlackMarket", "Commodities", "Contacts", "Exploration", "Missions", "Outfitting", "CrewLounge", "Rearm", "Refuel", "Repair", "Shipyard", "Tuning", "MissionsGenerated", "FlightController", "StationOperations", "Powerplay", "SearchAndRescue" ], "StationEconomy":"$economy_HighTech;", "StationEconomy_Localised":"Высокие технологии", "DistFromStarLS":1176.512573 }
{ "timestamp":"2018-01-27T15:53:48Z", "event":"MissionAccepted", "Faction":"Syndicate of LHS 3385", "Name":"Mission_Courier_Boom", "LocalisedName":"Доставка данных бума", "TargetFaction":"Nootkenk People's Co-operative", "DestinationSystem":"Aritimi", "DestinationStation":"Aguirre Hub", "Expiry":"2018-01-28T15:52:40Z", "Influence":"Low", "Reputation":"Med", "Reward":59778, "MissionID":301613852 }
{ "timestamp":"2018-01-27T15:53:50Z", "event":"MissionAccepted", "Faction":"Syndicate of LHS 3385", "Name":"Mission_Courier_Boom", "LocalisedName":"Доставка данных бума", "TargetFaction":"LHS 3385 Regulatory State", "DestinationSystem":"LHS 3385", "DestinationStation":"Robinson Survey", "Expiry":"2018-01-28T15:52:40Z", "Influence":"Low", "Reputation":"Med", "Reward":11367, "MissionID":301613880 }
{ "timestamp":"2018-01-27T15:54:19Z", "event":"MissionAccepted", "Faction":"Amarak Dominion", "Name":"Mission_Delivery", "LocalisedName":"Доставьте 6 шт. товара  Эвакуационное убежище", "Commodity":"$EvacuationShelter_Name;", "Commodity_Localised":"Эвакуационное убежище", "Count":6, "TargetFaction":"Venetic Silver Legal Services", "DestinationSystem":"Venetic", "DestinationStation":"Bergerac Gateway", "Expiry":"2018-01-28T15:52:40Z", "Influence":"Low", "Reputation":"Low", "Reward":36068, "MissionID":301614247 }
{ "timestamp":"2018-01-27T15:54:28Z", "event":"MissionAccepted", "Faction":"Ronin of Amarak", "Name":"Mission_Disable_HighTech", "LocalisedName":"Отключите электросеть цели. Это: Установка", "Target":"$MissionUtil_Settlement_Target_Turret;", "Target_Localised":"Установка", "Expiry":"2018-01-30T14:59:00Z", "Influence":"Med", "Reputation":"Med", "Reward":967255, "MissionID":301614383 }
{ "timestamp":"2018-01-27T15:54:30Z", "event":"MissionAccepted", "Faction":"Ronin of Amarak", "Name":"Mission_Disable_HighTech", "LocalisedName":"Отключите электросеть цели. Это: Установка", "Target":"$MissionUtil_Settlement_Target_Turret;", "Target_Localised":"Установка", "Expiry":"2018-01-29T00:49:16Z", "Influence":"Med", "Reputation":"Med", "Reward":393742, "MissionID":301614406 }
{ "timestamp":"2018-01-27T15:54:32Z", "event":"MissionAccepted", "Faction":"Ronin of Amarak", "Name":"Mission_Disable_HighTech", "LocalisedName":"Отключите электросеть цели. Это: Установка", "Target":"$MissionUtil_Settlement_Target_Turret;", "Target_Localised":"Установка", "Expiry":"2018-01-28T04:37:46Z", "Influence":"Med", "Reputation":"Med", "Reward":163146, "MissionID":301614437 }
{ "timestamp":"2018-01-27T15:54:33Z", "event":"MissionAccepted", "Faction":"Ronin of Amarak", "Name":"Mission_Disable_HighTech", "LocalisedName":"Отключите электросеть цели. Это: Установка", "Target":"$MissionUtil_Settlement_Target_Turret;", "Target_Localised":"Установка", "Expiry":"2018-01-28T07:19:38Z", "Influence":"Med", "Reputation":"Med", "Reward":177722, "MissionID":301614475 }
{ "timestamp":"2018-01-27T15:54:36Z", "event":"MissionAccepted", "Faction":"Ronin of Amarak", "Name":"Mission_Disable_HighTech", "LocalisedName":"Отключите электросеть цели. Это: Поселение", "Target":"$MissionUtil_Settlement_Target_Building;", "Target_Localised":"Поселение", "Expiry":"2018-01-29T18:14:40Z", "Influence":"Med", "Reputation":"Med", "Reward":545631, "MissionID":301614501 }
{ "timestamp":"2018-01-27T15:54:42Z", "event":"MissionAccepted", "Faction":"Amarak Silver Family", "Name":"Mission_Courier_Boom", "LocalisedName":"Доставка данных бума", "TargetFaction":"LHS 3385 People's Party", "DestinationSystem":"LHS 3385", "DestinationStation":"Scalzi Station", "Expiry":"2018-01-28T15:52:40Z", "Influence":"Low", "Reputation":"Med", "Reward":11005, "MissionID":301614598 }
{ "timestamp":"2018-01-27T15:55:26Z", "event":"MissionAccepted", "Faction":"Amarak Silver Family", "Name":"Mission_Courier_Boom", "LocalisedName":"Доставка данных бума", "TargetFaction":"Nationals of Halai", "DestinationSystem":"Halai", "DestinationStation":"Bartoe Terminal", "Expiry":"2018-01-28T15:52:40Z", "Influence":"Low", "Reputation":"Med", "MissionID":301615224 }
{ "timestamp":"2018-01-27T15:56:01Z", "event":"SendText", "To":"local", "Message":"is anyone there?" }
{ "timestamp":"2018-01-27T15:56:32Z", "event":"Undocked", "StationName":"Vela Port", "StationType":"Coriolis" }
{ "timestamp":"2018-01-27T15:56:33Z", "event":"Music", "MusicTrack":"GalaxyMap" }
{ "timestamp":"2018-01-27T15:56:37Z", "event":"Music", "MusicTrack":"SystemMap" }
{ "timestamp":"2018-01-27T15:56:58Z", "event":"Music", "MusicTrack":"GalaxyMap" }
{ "timestamp":"2018-01-27T15:56:59Z", "event":"Music", "MusicTrack":"Starport" }
{ "timestamp":"2018-01-27T15:57:15Z", "event":"Music", "MusicTrack":"NoTrack" }
{ "timestamp":"2018-01-27T15:57:47Z", "event":"ReceiveText", "From":"Vela Port", "Message":"$STATION_NoFireZone_exited;", "Message_Localised":"Вы вышли из зоны запрета огня", "Channel":"npc" }
{ "timestamp":"2018-01-27T16:00:43Z", "event":"Scanned", "ScanType":"Cargo" }
{ "timestamp":"2018-01-27T16:00:43Z", "event":"ReceiveText", "From":"$npc_name_decorate:#name=Федеральный агент;", "From_Localised":"Федеральный агент", "Message":"$Generic_NoAttackGeneric02;", "Message_Localised":"Что ж, только зря потратил на тебя время и силы.", "Channel":"npc" }
{ "timestamp":"2018-01-27T16:04:09Z", "event":"Music", "MusicTrack":"Exploration" }
{ "timestamp":"2018-01-27T16:04:43Z", "event":"Scanned", "ScanType":"Cargo" }
{ "timestamp":"2018-01-27T16:04:54Z", "event":"StartJump", "JumpType":"Hyperspace", "StarSystem":"Halai", "StarClass":"G" }
{ "timestamp":"2018-01-27T16:05:00Z", "event":"Music", "MusicTrack":"NoTrack" }
{ "timestamp":"2018-01-27T16:05:13Z", "event":"FSDJump", "StarSystem":"Halai", "StarPos":[-63.500,24.656,32.375], "SystemAllegiance":"Federation", "SystemEconomy":"$economy_Industrial;", "SystemEconomy_Localised":"Промышленность", "SystemGovernment":"$government_Democracy;", "SystemGovernment_Localised":"Демократия", "SystemSecurity":"$SYSTEM_SECURITY_high;", "SystemSecurity_Localised":"Высок. ур. безопасности", "Population":17337033, "JumpDist":7.815, "FuelUsed":0.405137, "FuelLevel":15.594863, "Factions":[ { "Name":"Pilots Federation Local Branch", "FactionState":"None", "Government":"Democracy", "Influence":0.000000, "Allegiance":"PilotsFederation" }, { "Name":"Halai Republic Party", "FactionState":"Boom", "Government":"Democracy", "Influence":0.326000, "Allegiance":"Federation" }, { "Name":"Nationals of Halai", "FactionState":"CivilWar", "Government":"Dictatorship", "Influence":0.112000, "Allegiance":"Independent" }, { "Name":"Halai Dynamic Network", "FactionState":"CivilWar", "Government":"Corporate", "Influence":0.115000, "Allegiance":"Independent" }, { "Name":"Syndicate of LHS 3385", "FactionState":"Boom", "Government":"Anarchy", "Influence":0.196000, "Allegiance":"Independent" }, { "Name":"Halai Bureau", "FactionState":"None", "Government":"Dictatorship", "Influence":0.147000, "Allegiance":"Independent" }, { "Name":"Halai Purple Cartel", "FactionState":"Boom", "Government":"Anarchy", "Influence":0.104000, "Allegiance":"Independent" } ], "SystemFaction":"Halai Republic Party", "FactionState":"Boom" }
{ "timestamp":"2018-01-27T16:05:13Z", "event":"Music", "MusicTrack":"Supercruise" }
{ "timestamp":"2018-01-27T16:05:30Z", "event":"FuelScoop", "Scooped":0.320842, "Total":15.915695 }
{ "timestamp":"2018-01-27T16:05:45Z", "event":"StartJump", "JumpType":"Hyperspace", "StarSystem":"LFT 1425", "StarClass":"K" }
{ "timestamp":"2018-01-27T16:05:50Z", "event":"Music", "MusicTrack":"NoTrack" }
{ "timestamp":"2018-01-27T16:06:03Z", "event":"FSDJump", "StarSystem":"LFT 1425", "StarPos":[-64.656,20.500,36.000], "SystemAllegiance":"Independent", "SystemEconomy":"$economy_Agri;", "SystemEconomy_Localised":"Сельское хозяйство", "SystemGovernment":"$government_Dictatorship;", "SystemGovernment_Localised":"Диктатура", "SystemSecurity":"$SYSTEM_SECURITY_medium;", "SystemSecurity_Localised":"Средн. ур. безопасности", "Population":568171763, "JumpDist":5.635, "FuelUsed":0.190819, "FuelLevel":15.724875, "Factions":[ { "Name":"Movement for Venetic Progressive Party", "FactionState":"Boom", "Government":"Democracy", "Influence":0.154154, "Allegiance":"Federation" }, { "Name":"Pilots Federation Local Branch", "FactionState":"None", "Government":"Democracy", "Influence":0.000000, "Allegiance":"PilotsFederation" }, { "Name":"Social LFT 1425 Free", "FactionState":"CivilWar", "Government":"Democracy", "Influence":0.068068, "Allegiance":"Federation", "RecoveringStates":[ { "State":"Boom", "Trend":-1 }, { "State":"Outbreak", "Trend":0 } ] }, { "Name":"Halai Republic Party", "FactionState":"Boom", "Government":"Democracy", "Influence":0.054054, "Allegiance":"Federation" }, { "Name":"LFT 1425 Gold Life Company", "FactionState":"CivilWar", "Government":"Corporate", "Influence":0.080080, "Allegiance":"Independent", "RecoveringStates":[ { "State":"Boom", "Trend":1 } ] }, { "Name":"Natural LFT 1425 Movement", "FactionState":"Boom", "Government":"Dictatorship", "Influence":0.378378, "Allegiance":"Independent" }, { "Name":"Raiders of LFT 1425", "FactionState":"Boom", "Government":"Anarchy", "Influence":0.096096, "Allegiance":"Independent" }, { "Name":"LFT 1425 Organisation", "FactionState":"Boom", "Government":"Corporate", "Influence":0.169169, "Allegiance":"Federation" } ], "SystemFaction":"Natural LFT 1425 Movement", "FactionState":"Boom" }
{ "timestamp":"2018-01-27T16:06:04Z", "event":"Music", "MusicTrack":"Supercruise" }
{ "timestamp":"2018-01-27T16:06:15Z", "event":"FuelScoop", "Scooped":0.275127, "Total":16.000000 }
{ "timestamp":"2018-01-27T16:09:42Z", "event":"StartJump", "JumpType":"Hyperspace", "StarSystem":"Venetic", "StarClass":"G" }
{ "timestamp":"2018-01-27T16:09:48Z", "event":"Music", "MusicTrack":"NoTrack" }
{ "timestamp":"2018-01-27T16:10:01Z", "event":"FSDJump", "StarSystem":"Venetic", "StarPos":[-68.438,14.813,35.063], "SystemAllegiance":"Federation", "SystemEconomy":"$economy_Refinery;", "SystemEconomy_Localised":"Переработка", "SystemGovernment":"$government_Democracy;", "SystemGovernment_Localised":"Демократия", "SystemSecurity":"$SYSTEM_SECURITY_high;", "SystemSecurity_Localised":"Высок. ур. безопасности", "Population":12364763, "JumpDist":6.894, "FuelUsed":0.302544, "FuelLevel":15.207457, "Factions":[ { "Name":"Ross 163 Liberals", "FactionState":"War", "Government":"Democracy", "Influence":0.009960, "Allegiance":"Federation", "PendingStates":[ { "State":"Boom", "Trend":1 }, { "State":"CivilUnrest", "Trend":-1 }, { "State":"Lockdown", "Trend":-1 } ] }, { "Name":"V774 Herculis Transport Company", "FactionState":"War", "Government":"Corporate", "Influence":0.115538, "Allegiance":"Federation", "RecoveringStates":[ { "State":"Boom", "Trend":0 } ] }, { "Name":"Movement for Venetic Progressive Party", "FactionState":"Boom", "Government":"Democracy", "Influence":0.453187, "Allegiance":"Federation" }, { "Name":"Pilots Federation Local Branch", "FactionState":"None", "Government":"Democracy", "Influence":0.000000, "Allegiance":"PilotsFederation" }, { "Name":"Venetic Silver Legal Services", "FactionState":"Boom", "Government":"Corporate", "Influence":0.119522, "Allegiance":"Independent" }, { "Name":"League of Venetic Liberty Party", "FactionState":"War", "Government":"Dictatorship", "Influence":0.127490, "Allegiance":"Independent", "RecoveringStates":[ { "State":"Boom", "Trend":0 } ] }, { "Name":"Syndicate of Venetic", "FactionState":"War", "Government":"Anarchy", "Influence":0.009960, "Allegiance":"Independent", "PendingStates":[ { "State":"Boom", "Trend":0 } ] }, { "Name":"Venetic Silver Allied Corp", "FactionState":"Boom", "Government":"Corporate", "Influence":0.164343, "Allegiance":"Independent" } ], "SystemFaction":"Movement for Venetic Progressive Party", "FactionState":"Boom" }
{ "timestamp":"2018-01-27T16:10:01Z", "event":"Music", "MusicTrack":"DestinationFromHyperspace" }
{ "timestamp":"2018-01-27T16:10:06Z", "event":"Music", "MusicTrack":"Supercruise" }
{ "timestamp":"2018-01-27T16:10:21Z", "event":"FuelScoop", "Scooped":0.616881, "Total":15.824341 }
{ "timestamp":"2018-01-27T16:11:48Z", "event":"ApproachSettlement", "Name":"Bergerac Gateway" }
{ "timestamp":"2018-01-27T16:11:49Z", "event":"ApproachSettlement", "Name":"Simak Vision" }
{ "timestamp":"2018-01-27T16:13:03Z", "event":"ApproachSettlement", "Name":"Bergerac Gateway" }
{ "timestamp":"2018-01-27T16:13:05Z", "event":"SupercruiseExit", "StarSystem":"Venetic", "Body":"Venetic A 1", "BodyType":"Planet" }
{ "timestamp":"2018-01-27T16:13:06Z", "event":"Music", "MusicTrack":"Exploration" }
{ "timestamp":"2018-01-27T16:13:38Z", "event":"Music", "MusicTrack":"NoTrack" }
{ "timestamp":"2018-01-27T16:13:53Z", "event":"ReceiveText", "From":"Bergerac Gateway", "Message":"$STATION_NoFireZone_entered;", "Message_Localised":"Вы вошли в зону запрета огня", "Channel":"npc" }
{ "timestamp":"2018-01-27T16:13:57Z", "event":"ReceiveText", "From":"$ShipName_Police_Federation;", "From_Localised":"Федеральная служба безопасности", "Message":"$Police_StartPatrol04;", "Message_Localised":"Ухожу на маршрут патрулирования «альфа».", "Channel":"npc" }
{ "timestamp":"2018-01-27T16:14:24Z", "event":"DockingRequested", "StationName":"Bergerac Gateway" }
{ "timestamp":"2018-01-27T16:14:24Z", "event":"ReceiveText", "From":"Bergerac Gateway", "Message":"$DockingChatter_Cordial;", "Message_Localised":"С возвращением, командир.", "Channel":"npc" }
{ "timestamp":"2018-01-27T16:14:25Z", "event":"ReceiveText", "From":"Bergerac Gateway", "Message":"$STATION_docking_granted;", "Message_Localised":"Стыковка разрешена", "Channel":"npc" }
{ "timestamp":"2018-01-27T16:14:25Z", "event":"DockingGranted", "LandingPad":1, "StationName":"Bergerac Gateway" }
{ "timestamp":"2018-01-27T16:15:10Z", "event":"Docked", "StationName":"Bergerac Gateway", "StationType":"SurfaceStation", "StarSystem":"Venetic", "StationFaction":"Movement for Venetic Progressive Party", "FactionState":"Boom", "StationGovernment":"$government_Democracy;", "StationGovernment_Localised":"Демократия", "StationAllegiance":"Federation", "StationServices":[ "Dock", "Autodock", "BlackMarket", "Commodities", "Contacts", "Exploration", "Missions", "Outfitting", "CrewLounge", "Rearm", "Refuel", "Repair", "Tuning", "MissionsGenerated", "FlightController", "StationOperations", "Powerplay", "SearchAndRescue" ], "StationEconomy":"$economy_Industrial;", "StationEconomy_Localised":"Промышленность", "DistFromStarLS":316.090912 }
{ "timestamp":"2018-01-27T16:15:28Z", "event":"MissionCompleted", "Faction":"Venetic Silver Legal Services", "Name":"Mission_Delivery_name", "MissionID":301614247, "Commodity":"$EvacuationShelter_Name;", "Commodity_Localised":"Эвакуационное убежище", "Count":6, "TargetFaction":"Venetic Silver Legal Services", "DestinationSystem":"Venetic", "DestinationStation":"Bergerac Gateway", "Reward":36068 }
{ "timestamp":"2018-01-27T16:16:07Z", "event":"MissionAccepted", "Faction":"Venetic Silver Legal Services", "Name":"Mission_Courier_Boom", "LocalisedName":"Доставка данных бума", "TargetFaction":"Meticuli for Equality", "DestinationSystem":"Plendovii", "DestinationStation":"Huxley Dock", "Expiry":"2018-01-28T16:15:25Z", "Influence":"Low", "Reputation":"Med", "Reward":8016, "MissionID":301631675 }
{ "timestamp":"2018-01-27T16:16:09Z", "event":"MissionAccepted", "Faction":"Venetic Silver Legal Services", "Name":"Mission_Courier_Boom", "LocalisedName":"Доставка данных бума", "TargetFaction":"Plendovii Solutions", "DestinationSystem":"Plendovii", "DestinationStation":"Steakley Dock", "Expiry":"2018-01-28T16:15:25Z", "Influence":"Low", "Reputation":"Med", "Reward":12235, "MissionID":301631701 }
{ "timestamp":"2018-01-27T16:16:10Z", "event":"MissionAccepted", "Faction":"Venetic Silver Legal Services", "Name":"Mission_Courier_Boom", "LocalisedName":"Доставка данных бума", "TargetFaction":"Halai Republic Party", "DestinationSystem":"LFT 1425", "DestinationStation":"Hirase Market", "Expiry":"2018-01-28T16:15:25Z", "Influence":"Low", "Reputation":"Med", "Reward":7142, "MissionID":301631729 }
{ "timestamp":"2018-01-27T16:16:11Z", "event":"MissionAccepted", "Faction":"Venetic Silver Legal Services", "Name":"Mission_Courier_Boom", "LocalisedName":"Доставка данных бума", "TargetFaction":"Movement for Venetic Progressive Party", "DestinationSystem":"Plendovii", "DestinationStation":"Carleson Dock", "Expiry":"2018-01-28T16:15:24Z", "Influence":"Low", "Reputation":"Med", "Reward":8451, "MissionID":301631749 }
{ "timestamp":"2018-01-27T16:16:18Z", "event":"MissionAccepted", "Faction":"Venetic Silver Legal Services", "Name":"Mission_Delivery_Boom", "LocalisedName":"Срочно доставьте 3 шт. товара Бытовая техника", "Commodity":"$DomesticAppliances_Name;", "Commodity_Localised":"Бытовая техника", "Count":3, "TargetFaction":"17 Cygni Gold Vision PLC", "DestinationSystem":"17 Cygni", "DestinationStation":"Grant Station", "Expiry":"2018-01-28T16:15:25Z", "Influence":"Low", "Reputation":"Low", "Reward":12154, "MissionID":301631866 }
{ "timestamp":"2018-01-27T16:16:19Z", "event":"MissionAccepted", "Faction":"Venetic Silver Legal Services", "Name":"Mission_Delivery_Boom", "LocalisedName":"Срочно доставьте 3 шт. товара Одежда", "Commodity":"$Clothing_Name;", "Commodity_Localised":"Одежда", "Count":3, "TargetFaction":"Venetic Silver Allied Corp", "DestinationSystem":"Venetic", "DestinationStation":"Boulton Station", "Expiry":"2018-01-28T16:15:25Z", "Influence":"Low", "Reputation":"Low", "Reward":18812, "MissionID":301631887 }
{ "timestamp":"2018-01-27T16:16:22Z", "event":"MissionAccepted", "Faction":"Venetic Silver Legal Services", "Name":"Mission_Delivery_Boom", "LocalisedName":"Срочно доставьте 2 шт. товара Бытовая техника", "Commodity":"$DomesticAppliances_Name;", "Commodity_Localised":"Бытовая техника", "Count":2, "TargetFaction":"BD+33 3582 Crimson Natural Ex", "DestinationSystem":"BD+33 3582", "DestinationStation":"Lehtonen Dock", "Expiry":"2018-01-28T16:15:25Z", "Influence":"Low", "Reputation":"Low", "MissionID":301631921 }
{ "timestamp":"2018-01-27T16:16:27Z", "event":"MissionAccepted", "Faction":"Movement for Venetic Progressive Party", "Name":"Mission_Courier_Boom", "LocalisedName":"Доставка данных бума", "TargetFaction":"LFT 1425 Gold Life Company", "DestinationSystem":"LFT 1425", "DestinationStation":"Hirase Market", "Expiry":"2018-01-28T16:15:24Z", "Influence":"Low", "Reputation":"Med", "MissionID":301632018 }
{ "timestamp":"2018-01-27T16:16:28Z", "event":"MissionAccepted", "Faction":"Movement for Venetic Progressive Party", "Name":"Mission_Courier_Boom", "LocalisedName":"Доставка данных бума", "TargetFaction":"Social LFT 1425 Free", "DestinationSystem":"LFT 1425", "DestinationStation":"Hirase Market", "Expiry":"2018-01-28T16:15:25Z", "Influence":"Low", "Reputation":"Med", "Reward":11428, "MissionID":301632037 }
{ "timestamp":"2018-01-27T16:16:36Z", "event":"MissionAccepted", "Faction":"Venetic Silver Allied Corp", "Name":"Mission_Courier_Boom", "LocalisedName":"Доставка данных бума", "TargetFaction":"Movement for Venetic Progressive Party", "DestinationSystem":"Ross 163", "DestinationStation":"Tarelkin City", "Expiry":"2018-01-28T16:15:24Z", "Influence":"Low", "Reputation":"Med", "Reward":8832, "MissionID":301632159 }
{ "timestamp":"2018-01-27T16:16:38Z", "event":"MissionAccepted", "Faction":"Venetic Silver Allied Corp", "Name":"Mission_Courier_Boom", "LocalisedName":"Доставка данных бума", "TargetFaction":"Social LFT 1425 Free", "DestinationSystem":"LFT 1425", "DestinationStation":"Hirase Market", "Expiry":"2018-01-28T16:15:25Z", "Influence":"Low", "Reputation":"Med", "Reward":5714, "MissionID":301632191 }
{ "timestamp":"2018-01-27T16:17:05Z", "event":"Music", "MusicTrack":"GalaxyMap" }
{ "timestamp":"2018-01-27T16:17:09Z", "event":"Music", "MusicTrack":"SystemMap" }
{ "timestamp":"2018-01-27T16:17:20Z", "event":"Music", "MusicTrack":"NoTrack" }
{ "timestamp":"2018-01-27T16:17:32Z", "event":"Undocked", "StationName":"Bergerac Gateway", "StationType":"SurfaceStation" }
{ "timestamp":"2018-01-27T16:18:06Z", "event":"ReceiveText", "From":"Bergerac Gateway", "Message":"$STATION_NoFireZone_exited;", "Message_Localised":"Вы вышли из зоны запрета огня", "Channel":"npc" }
{ "timestamp":"2018-01-27T16:18:07Z", "event":"StartJump", "JumpType":"Supercruise" }
{ "timestamp":"2018-01-27T16:18:07Z", "event":"ApproachSettlement", "Name":"Bergerac Gateway" }
{ "timestamp":"2018-01-27T16:18:07Z", "event":"ApproachSettlement", "Name":"Simak Vision" }
{ "timestamp":"2018-01-27T16:18:12Z", "event":"SupercruiseEntry", "StarSystem":"Venetic" }
{ "timestamp":"2018-01-27T16:18:12Z", "event":"Music", "MusicTrack":"Supercruise" }
{ "timestamp":"2018-01-27T16:19:26Z", "event":"SupercruiseExit", "StarSystem":"Venetic", "Body":"Boulton Station", "BodyType":"Station" }
{ "timestamp":"2018-01-27T16:19:26Z", "event":"Music", "MusicTrack":"DestinationFromSupercruise" }
{ "timestamp":"2018-01-27T16:19:31Z", "event":"Music", "MusicTrack":"NoTrack" }
{ "timestamp":"2018-01-27T16:19:33Z", "event":"ReceiveText", "From":"Boulton Station", "Message":"$STATION_NoFireZone_entered;", "Message_Localised":"Вы вошли в зону запрета огня", "Channel":"npc" }
{ "timestamp":"2018-01-27T16:19:37Z", "event":"DockingRequested", "StationName":"Boulton Station" }
{ "timestamp":"2018-01-27T16:19:37Z", "event":"ReceiveText", "From":"Boulton Station", "Message":"$DockingChatter_Cordial;", "Message_Localised":"С возвращением, командир.", "Channel":"npc" }
{ "timestamp":"2018-01-27T16:19:38Z", "event":"ReceiveText", "From":"Boulton Station", "Message":"$STATION_docking_granted;", "Message_Localised":"Стыковка разрешена", "Channel":"npc" }
{ "timestamp":"2018-01-27T16:19:38Z", "event":"DockingGranted", "LandingPad":27, "StationName":"Boulton Station" }
{ "timestamp":"2018-01-27T16:20:02Z", "event":"Music", "MusicTrack":"Starport" }
{ "timestamp":"2018-01-27T16:20:32Z", "event":"Docked", "StationName":"Boulton Station", "StationType":"Bernal", "StarSystem":"Venetic", "StationFaction":"Movement for Venetic Progressive Party", "FactionState":"Boom", "StationGovernment":"$government_Democracy;", "StationGovernment_Localised":"Демократия", "StationAllegiance":"Federation", "StationServices":[ "Dock", "Autodock", "BlackMarket", "Commodities", "Contacts", "Exploration", "Missions", "Outfitting", "CrewLounge", "Rearm", "Refuel", "Repair", "Shipyard", "Tuning", "MissionsGenerated", "FlightController", "StationOperations", "Powerplay", "SearchAndRescue" ], "StationEconomy":"$economy_Refinery;", "StationEconomy_Localised":"Переработка", "DistFromStarLS":316.108795 }
{ "timestamp":"2018-01-27T16:20:44Z", "event":"MissionCompleted", "Faction":"Venetic Silver Allied Corp", "Name":"Mission_Delivery_Boom_name", "MissionID":301631887, "Commodity":"$Clothing_Name;", "Commodity_Localised":"Одежда", "Count":3, "TargetFaction":"Venetic Silver Allied Corp", "DestinationSystem":"Venetic", "DestinationStation":"Boulton Station", "Reward":18812, "CommodityReward":[ { "Name":"HNShockMount", "Count":4 } ] }
{ "timestamp":"2018-01-27T16:20:44Z", "event":"MaterialCollected", "Category":"Manufactured", "Name":"gridresistors", "Count":1 }
{ "timestamp":"2018-01-27T16:21:15Z", "event":"MissionAccepted", "Faction":"League of Venetic Liberty Party", "Name":"Mission_Delivery", "LocalisedName":"Доставьте 6 шт. товара  Снаряжение для выживания", "Commodity":"$SurvivalEquipment_Name;", "Commodity_Localised":"Снаряжение для выживания", "Count":6, "TargetFaction":"BD+33 3582 Crimson Natural Ex", "DestinationSystem":"BD+33 3582", "DestinationStation":"Shunn Point", "Expiry":"2018-01-28T16:20:42Z", "Influence":"Low", "Reputation":"Low", "Reward":39012, "MissionID":301635973 }
{ "timestamp":"2018-01-27T16:21:34Z", "event":"Music", "MusicTrack":"GalaxyMap" }
{ "timestamp":"2018-01-27T16:21:58Z", "event":"Music", "MusicTrack":"Starport" }
{ "timestamp":"2018-01-27T16:22:12Z", "event":"Undocked", "StationName":"Boulton Station", "StationType":"Bernal" }
{ "timestamp":"2018-01-27T16:22:22Z", "event":"Music", "MusicTrack":"NoTrack" }
{ "timestamp":"2018-01-27T16:22:53Z", "event":"ReceiveText", "From":"Boulton Station", "Message":"$STATION_NoFireZone_exited;", "Message_Localised":"Вы вышли из зоны запрета огня", "Channel":"npc" }
{ "timestamp":"2018-01-27T16:22:58Z", "event":"StartJump", "JumpType":"Hyperspace", "StarSystem":"Ross 163", "StarClass":"M" }
{ "timestamp":"2018-01-27T16:23:17Z", "event":"FSDJump", "StarSystem":"Ross 163", "StarPos":[-64.250,8.000,34.000], "SystemAllegiance":"Federation", "SystemEconomy":"$economy_Industrial;", "SystemEconomy_Localised":"Промышленность", "SystemGovernment":"$government_Corporate;", "SystemGovernment_Localised":"Корпоративная", "SystemSecurity":"$SYSTEM_SECURITY_medium;", "SystemSecurity_Localised":"Средн. ур. безопасности", "Population":3082024, "JumpDist":8.067, "FuelUsed":0.464882, "FuelLevel":15.359459, "Factions":[ { "Name":"Ross 163 Liberals", "FactionState":"None", "Government":"Democracy", "Influence":0.050000, "Allegiance":"Federation", "PendingStates":[ { "State":"Boom", "Trend":1 }, { "State":"CivilUnrest", "Trend":-1 }, { "State":"Lockdown", "Trend":-1 } ] }, { "Name":"Movement for Venetic Progressive Party", "FactionState":"Boom", "Government":"Democracy", "Influence":0.156000, "Allegiance":"Federation", "PendingStates":[ { "State":"War", "Trend":0 } ] }, { "Name":"Pilots Federation Local Branch", "FactionState":"None", "Government":"Democracy", "Influence":0.000000, "Allegiance":"PilotsFederation" }, { "Name":"Ross 163 Vision Solutions", "FactionState":"Boom", "Government":"Corporate", "Influence":0.144000, "Allegiance":"Independent", "RecoveringStates":[ { "State":"Famine", "Trend":0 } ] }, { "Name":"Nationals of Ross 163", "FactionState":"Boom", "Government":"Dictatorship", "Influence":0.180000, "Allegiance":"Independent" }, { "Name":"Ross 163 Jet Family", "FactionState":"Boom", "Government":"Anarchy", "Influence":0.230000, "Allegiance":"Independent", "PendingStates":[ { "State":"Famine", "Trend":0 }, { "State":"War", "Trend":0 } ] }, { "Name":"Ross 163 Blue Dynamic Limited", "FactionState":"None", "Government":"Corporate", "Influence":0.240000, "Allegiance":"Federation", "PendingStates":[ { "State":"Boom", "Trend":1 } ] } ], "SystemFaction":"Ross 163 Blue Dynamic Limited" }
{ "timestamp":"2018-01-27T16:23:17Z", "event":"Music", "MusicTrack":"Supercruise" }
{ "timestamp":"2018-01-27T16:23:33Z", "event":"ReceiveText", "From":"$npc_name_decorate:#name=Core Minter;", "From_Localised":"Core Minter", "Message":"$Hitman_HunterHostileSC_Relevant04;", "Message_Localised":"Наконец-то мне удалось тебя найти! Плыви ко мне, рыбка...", "Channel":"npc" }
{ "timestamp":"2018-01-27T16:23:34Z", "event":"FuelScoop", "Scooped":0.640546, "Total":16.000000 }
{ "timestamp":"2018-01-27T16:23:44Z", "event":"ReceiveText", "From":"$npc_name_decorate:#name=Core Minter;", "From_Localised":"Core Minter", "Message":"$HitmanMissionFailure_OnEnemyDetect01;", "Message_Localised":"Не бойся, я быстро. Я этим на хлеб зарабатываю.", "Channel":"npc" }
{ "timestamp":"2018-01-27T16:23:54Z", "event":"Interdicted", "Submitted":true, "Interdictor":"Core Minter", "IsPlayer":false, "Faction":"Ravanahutis Gang" }
{ "timestamp":"2018-01-27T16:23:57Z", "event":"SupercruiseExit", "StarSystem":"Ross 163", "Body":"Ross 163", "BodyType":"Star" }
{ "timestamp":"2018-01-27T16:23:57Z", "event":"Music", "MusicTrack":"Interdiction" }
{ "timestamp":"2018-01-27T16:24:02Z", "event":"Music", "MusicTrack":"Combat_Dogfight" }
{ "timestamp":"2018-01-27T16:24:10Z", "event":"ShieldState", "ShieldsUp":false }
{ "timestamp":"2018-01-27T16:24:12Z", "event":"HullDamage", "Health":0.740486, "PlayerPilot":true, "Fighter":false }
{ "timestamp":"2018-01-27T16:24:24Z", "event":"HullDamage", "Health":0.593768, "PlayerPilot":true, "Fighter":false }
{ "timestamp":"2018-01-27T16:24:57Z", "event":"HullDamage", "Health":0.398798, "PlayerPilot":true, "Fighter":false }
{ "timestamp":"2018-01-27T16:24:59Z", "event":"ShieldState", "ShieldsUp":true }
{ "timestamp":"2018-01-27T16:25:10Z", "event":"ReceiveText", "From":"$ShipName_Police_Federation;", "From_Localised":"Федеральная служба безопасности", "Message":"$Police_ArriveInvestigate01;", "Message_Localised":"Изучение криминальных отчетов", "Channel":"npc" }
{ "timestamp":"2018-01-27T16:25:11Z", "event":"ReceiveText", "From":"$ShipName_Police_Federation;", "From_Localised":"Федеральная служба безопасности", "Message":"$Police_ArrivedAtInvestigationLocation04;", "Message_Localised":"Команда быстрого реагирования готова действовать. Начинаем сканирование всех кораблей в секторе.", "Channel":"npc" }
{ "timestamp":"2018-01-27T16:25:15Z", "event":"ShieldState", "ShieldsUp":false }
{ "timestamp":"2018-01-27T16:25:32Z", "event":"HullDamage", "Health":0.197928, "PlayerPilot":true, "Fighter":false }
{ "timestamp":"2018-01-27T16:26:05Z", "event":"ShieldState", "ShieldsUp":true }
{ "timestamp":"2018-01-27T16:26:11Z", "event":"ShieldState", "ShieldsUp":false }
{ "timestamp":"2018-01-27T16:26:19Z", "event":"Bounty", "Rewards":[ { "Faction":"Ross 163 Blue Dynamic Limited", "Reward":10550 } ], "Target":"ferdelance", "TotalReward":10550, "VictimFaction":"Ravanahutis Gang" }
{ "timestamp":"2018-01-27T16:26:34Z", "event":"Music", "MusicTrack":"Exploration" }
{ "timestamp":"2018-01-27T16:26:52Z", "event":"ShieldState", "ShieldsUp":true }
{ "timestamp":"2018-01-27T16:27:06Z", "event":"Scanned", "ScanType":"Cargo" }
{ "timestamp":"2018-01-27T16:27:06Z", "event":"ReceiveText", "From":"$ShipName_Police_Federation;", "From_Localised":"Федеральная служба безопасности", "Message":"$Police_ThankYouPassedStopAndSearch01;", "Message_Localised":"Благодарю за сотрудничество, командир.", "Channel":"npc" }
{ "timestamp":"2018-01-27T16:27:21Z", "event":"MaterialCollected", "Category":"Manufactured", "Name":"shieldingsensors", "Count":3 }
{ "timestamp":"2018-01-27T16:27:37Z", "event":"MaterialCollected", "Category":"Manufactured", "Name":"shieldingsensors", "Count":3 }
{ "timestamp":"2018-01-27T16:28:05Z", "event":"MaterialCollected", "Category":"Manufactured", "Name":"highdensitycomposites", "Count":3 }
{ "timestamp":"2018-01-27T16:28:27Z", "event":"MaterialCollected", "Category":"Manufactured", "Name":"precipitatedalloys", "Count":3 }
{ "timestamp":"2018-01-27T16:29:00Z", "event":"MaterialCollected", "Category":"Manufactured", "Name":"refinedfocuscrystals", "Count":3 }
{ "timestamp":"2018-01-27T16:29:28Z", "event":"MaterialCollected", "Category":"Manufactured", "Name":"chemicalprocessors", "Count":3 }
{ "timestamp":"2018-01-27T16:29:49Z", "event":"MaterialCollected", "Category":"Manufactured", "Name":"wornshieldemitters", "Count":3 }
{ "timestamp":"2018-01-27T16:30:09Z", "event":"StartJump", "JumpType":"Hyperspace", "StarSystem":"17 Cygni", "StarClass":"F" }
{ "timestamp":"2018-01-27T16:30:14Z", "event":"Music", "MusicTrack":"NoTrack" }
{ "timestamp":"2018-01-27T16:30:27Z", "event":"FSDJump", "StarSystem":"17 Cygni", "StarPos":[-64.531,5.000,24.594], "SystemAllegiance":"Independent", "SystemEconomy":"$economy_Agri;", "SystemEconomy_Localised":"Сельское хозяйство", "SystemGovernment":"$government_Democracy;", "SystemGovernment_Localised":"Демократия", "SystemSecurity":"$SYSTEM_SECURITY_medium;", "SystemSecurity_Localised":"Средн. ур. безопасности", "Population":16978539228, "JumpDist":9.877, "FuelUsed":0.741511, "FuelLevel":15.258489, "Factions":[ { "Name":"17 Cygni Free", "FactionState":"Boom", "Government":"Democracy", "Influence":0.374000, "Allegiance":"Independent" }, { "Name":"Movement for LP 282-7 Resistance", "FactionState":"Boom", "Government":"Democracy", "Influence":0.066000, "Allegiance":"Federation" }, { "Name":"Pilots Federation Local Branch", "FactionState":"None", "Government":"Democracy", "Influence":0.000000, "Allegiance":"PilotsFederation" }, { "Name":"17 Cygni Corporation", "FactionState":"Election", "Government":"Corporate", "Influence":0.120000, "Allegiance":"Independent" }, { "Name":"BD+33 3582 Gold Public Int", "FactionState":"Election", "Government":"Corporate", "Influence":0.119000, "Allegiance":"Federation", "RecoveringStates":[ { "State":"Boom", "Trend":0 } ] }, { "Name":"17 Cygni Focus", "FactionState":"Boom", "Government":"Dictatorship", "Influence":0.052000, "Allegiance":"Independent" }, { "Name":"17 Cygni Gold Vision PLC", "FactionState":"Boom", "Government":"Corporate", "Influence":0.209000, "Allegiance":"Federation" }, { "Name":"17 Cygni Gold Mafia", "FactionState":"Boom", "Government":"Anarchy", "Influence":0.060000, "Allegiance":"Independent", "RecoveringStates":[ { "State":"Famine", "Trend":0 } ] } ], "SystemFaction":"17 Cygni Free", "FactionState":"Boom" }
{ "timestamp":"2018-01-27T16:30:27Z", "event":"Music", "MusicTrack":"DestinationFromHyperspace" }
{ "timestamp":"2018-01-27T16:30:32Z", "event":"Music", "MusicTrack":"Supercruise" }
{ "timestamp":"2018-01-27T16:30:46Z", "event":"FuelScoop", "Scooped":0.411200, "Total":15.669686 }
{ "timestamp":"2018-01-27T16:31:09Z", "event":"Music", "MusicTrack":"SystemMap" }
{ "timestamp":"2018-01-27T16:31:15Z", "event":"Music", "MusicTrack":"Supercruise" }
{ "timestamp":"2018-01-27T16:33:24Z", "event":"SupercruiseExit", "StarSystem":"17 Cygni", "Body":"Grant Station", "BodyType":"Station" }
{ "timestamp":"2018-01-27T16:33:25Z", "event":"Music", "MusicTrack":"DestinationFromSupercruise" }
{ "timestamp":"2018-01-27T16:33:30Z", "event":"Music", "MusicTrack":"NoTrack" }
{ "timestamp":"2018-01-27T16:33:32Z", "event":"ReceiveText", "From":"Grant Station", "Message":"$STATION_NoFireZone_entered;", "Message_Localised":"Вы вошли в зону запрета огня", "Channel":"npc" }
{ "timestamp":"2018-01-27T16:33:34Z", "event":"DockingRequested", "StationName":"Grant Station" }
{ "timestamp":"2018-01-27T16:33:34Z", "event":"ReceiveText", "From":"Grant Station", "Message":"$DockingChatter_Neutral;", "Message_Localised":"Строго соблюдайте правила поведения в порту, пилот.", "Channel":"npc" }
{ "timestamp":"2018-01-27T16:33:36Z", "event":"ReceiveText", "From":"Grant Station", "Message":"$STATION_docking_granted;", "Message_Localised":"Стыковка разрешена", "Channel":"npc" }
{ "timestamp":"2018-01-27T16:33:36Z", "event":"DockingGranted", "LandingPad":36, "StationName":"Grant Station" }
{ "timestamp":"2018-01-27T16:34:39Z", "event":"Scanned", "ScanType":"Cargo" }
{ "timestamp":"2018-01-27T16:34:39Z", "event":"ReceiveText", "From":"$ShipName_Police_Independent;", "From_Localised":"Корабль властей системы", "Message":"$Police_ThankYouPassedStopAndSearch03;", "Message_Localised":"Все чисто. Продолжайте путь, пилот.", "Channel":"npc" }
{ "timestamp":"2018-01-27T16:34:42Z", "event":"Music", "MusicTrack":"Starport" }
{ "timestamp":"2018-01-27T16:35:00Z", "event":"Docked", "StationName":"Grant Station", "StationType":"Coriolis", "StarSystem":"17 Cygni", "StationFaction":"17 Cygni Free", "FactionState":"Boom", "StationGovernment":"$government_Democracy;", "StationGovernment_Localised":"Демократия", "StationServices":[ "Dock", "Autodock", "BlackMarket", "Commodities", "Contacts", "Exploration", "Missions", "Outfitting", "CrewLounge", "Rearm", "Refuel", "Repair", "Shipyard", "Tuning", "MissionsGenerated", "FlightController", "StationOperations", "Powerplay", "SearchAndRescue" ], "StationEconomy":"$economy_Agri;", "StationEconomy_Localised":"Сельское хозяйство", "DistFromStarLS":1010.612366 }
{ "timestamp":"2018-01-27T16:35:27Z", "event":"MissionCompleted", "Faction":"17 Cygni Gold Vision PLC", "Name":"Mission_Delivery_Boom_name", "MissionID":301631866, "Commodity":"$DomesticAppliances_Name;", "Commodity_Localised":"Бытовая техника", "Count":3, "TargetFaction":"17 Cygni Gold Vision PLC", "DestinationSystem":"17 Cygni", "DestinationStation":"Grant Station", "Reward":12154, "CommodityReward":[ { "Name":"CMMComposite", "Count":4 } ] }
{ "timestamp":"2018-01-27T16:36:36Z", "event":"RepairAll", "Cost":14737 }
{ "timestamp":"2018-01-27T16:36:37Z", "event":"RefuelAll", "Cost":41, "Amount":0.792089 }
{ "timestamp":"2018-01-27T16:36:39Z", "event":"BuyAmmo", "Cost":370 }
{ "timestamp":"2018-01-27T16:37:17Z", "event":"Undocked", "StationName":"Grant Station", "StationType":"Coriolis" }
{ "timestamp":"2018-01-27T16:37:28Z", "event":"MaterialCollected", "Category":"Encoded", "Name":"scanarchives", "Count":3 }
{ "timestamp":"2018-01-27T16:37:28Z", "event":"MaterialCollected", "Category":"Encoded", "Name":"shieldcyclerecordings", "Count":3 }
{ "timestamp":"2018-01-27T16:37:32Z", "event":"Music", "MusicTrack":"NoTrack" }
{ "timestamp":"2018-01-27T16:38:52Z", "event":"Music", "MusicTrack":"GalaxyMap" }
{ "timestamp":"2018-01-27T16:38:54Z", "event":"ReceiveText", "From":"Grant Station", "Message":"$STATION_NoFireZone_exited;", "Message_Localised":"Вы вышли из зоны запрета огня", "Channel":"npc" }
{ "timestamp":"2018-01-27T16:39:01Z", "event":"Music", "MusicTrack":"NoTrack" }
{ "timestamp":"2018-01-27T16:39:18Z", "event":"StartJump", "JumpType":"Hyperspace", "StarSystem":"BD+33 3582", "StarClass":"K" }
{ "timestamp":"2018-01-27T16:39:37Z", "event":"FSDJump", "StarSystem":"BD+33 3582", "StarPos":[-64.125,5.094,24.688], "SystemAllegiance":"Federation", "SystemEconomy":"$economy_Agri;", "SystemEconomy_Localised":"Сельское хозяйство", "SystemGovernment":"$government_Corporate;", "SystemGovernment_Localised":"Корпоративная", "SystemSecurity":"$SYSTEM_SECURITY_high;", "SystemSecurity_Localised":"Высок. ур. безопасности", "Population":508029216, "JumpDist":0.427, "FuelUsed":0.000545, "FuelLevel":15.999455, "Factions":[ { "Name":"Values Party of Lalande 38451", "FactionState":"None", "Government":"Democracy", "Influence":0.053053, "Allegiance":"Federation", "PendingStates":[ { "State":"Boom", "Trend":0 } ] }, { "Name":"Pilots Federation Local Branch", "FactionState":"None", "Government":"Democracy", "Influence":0.000000, "Allegiance":"PilotsFederation" }, { "Name":"BD+33 3582 Values Party", "FactionState":"Boom", "Government":"Democracy", "Influence":0.097097, "Allegiance":"Independent", "PendingStates":[ { "State":"CivilWar", "Trend":0 } ] }, { "Name":"Lalande 38451 Creative PLC", "FactionState":"None", "Government":"Corporate", "Influence":0.050050, "Allegiance":"Federation", "RecoveringStates":[ { "State":"Boom", "Trend":0 } ] }, { "Name":"BD+33 3582 Gold Public Int", "FactionState":"None", "Government":"Corporate", "Influence":0.416416, "Allegiance":"Federation", "RecoveringStates":[ { "State":"Boom", "Trend":0 } ] }, { "Name":"Allied BD+33 3582 League", "FactionState":"Boom", "Government":"Dictatorship", "Influence":0.041041, "Allegiance":"Independent" }, { "Name":"BD+33 3582 Jet Society", "FactionState":"Boom", "Government":"Anarchy", "Influence":0.111111, "Allegiance":"Independent", "PendingStates":[ { "State":"CivilWar", "Trend":0 } ] }, { "Name":"BD+33 3582 Crimson Natural Ex", "FactionState":"Boom", "Government":"Corporate", "Influence":0.231231, "Allegiance":"Federation" } ], "SystemFaction":"BD+33 3582 Gold Public Int" }
{ "timestamp":"2018-01-27T16:39:37Z", "event":"Music", "MusicTrack":"DestinationFromHyperspace" }
{ "timestamp":"2018-01-27T16:39:42Z", "event":"Music", "MusicTrack":"Supercruise" }
{ "timestamp":"2018-01-27T16:39:45Z", "event":"FuelScoop", "Scooped":0.000544, "Total":16.000000 }
{ "timestamp":"2018-01-27T16:39:53Z", "event":"ReceiveText", "From":"$npc_name_decorate:#name=Zutha Kjin;", "From_Localised":"Zutha Kjin", "Message":"$Hitman_HunterHostileSC_Relevant01;", "Message_Localised":"Цель зафиксирована. Иду на сближение.", "Channel":"npc" }
{ "timestamp":"2018-01-27T16:40:03Z", "event":"Music", "MusicTrack":"SystemMap" }
{ "timestamp":"2018-01-27T16:40:11Z", "event":"Music", "MusicTrack":"Supercruise" }
{ "timestamp":"2018-01-27T16:40:43Z", "event":"MissionRedirected", "MissionID":301635973, "Name":"Mission_Delivery_name", "NewDestinationStation":"Tarelkin City", "NewDestinationSystem":"Ross 163", "OldDestinationStation":"Shunn Point", "OldDestinationSystem":"BD+33 3582" }
{ "timestamp":"2018-01-27T16:40:52Z", "event":"Music", "MusicTrack":"SystemMap" }
{ "timestamp":"2018-01-27T16:40:59Z", "event":"Music", "MusicTrack":"Supercruise" }
{ "timestamp":"2018-01-27T16:42:14Z", "event":"ReceiveText", "From":"$npc_name_decorate:#name=Zutha Kjin;", "From_Localised":"Zutha Kjin", "Message":"$HitmanMissionFailure_OnEnemyDetect01;", "Message_Localised":"Не бойся, я быстро. Я этим на хлеб зарабатываю.", "Channel":"npc" }
{ "timestamp":"2018-01-27T16:42:27Z", "event":"Interdicted", "Submitted":false, "Interdictor":"Zutha Kjin", "IsPlayer":false, "Faction":"Ravanahutis Gang" }
{ "timestamp":"2018-01-27T16:42:29Z", "event":"SupercruiseExit", "StarSystem":"BD+33 3582", "Body":"BD+33 3582 AB", "BodyType":"Null" }
{ "timestamp":"2018-01-27T16:42:29Z", "event":"Music", "MusicTrack":"Interdiction" }
{ "timestamp":"2018-01-27T16:42:29Z", "event":"ReceiveText", "From":"$npc_name_decorate:#name=Zutha Kjin;", "From_Localised":"Zutha Kjin", "Message":"$HitmanMissionFailure_Attack05;", "Message_Localised":"Бизнес зиждется на уважении, командир. Перешел дорогу не тому человеку – вынужден расплачиваться.", "Channel":"npc" }
{ "timestamp":"2018-01-27T16:42:32Z", "event":"ReceiveText", "From":"$npc_name_decorate:#name=Zutha Kjin;", "From_Localised":"Zutha Kjin", "Message":"$MisfortuneAttackRun01;", "Message_Localised":"Приготовься к избиению.", "Channel":"npc" }
{ "timestamp":"2018-01-27T16:42:33Z", "event":"Music", "MusicTrack":"Combat_Dogfight" }
{ "timestamp":"2018-01-27T16:42:39Z", "event":"HullDamage", "Health":0.793853, "PlayerPilot":true, "Fighter":false }
{ "timestamp":"2018-01-27T16:42:39Z", "event":"ShieldState", "ShieldsUp":false }
{ "timestamp":"2018-01-27T16:42:53Z", "event":"ReceiveText", "From":"$ShipName_Police_Federation;", "From_Localised":"Федеральная служба безопасности", "Message":"$Police_ArriveInvestigate04;", "Message_Localised":"Отряд экстренного реагирования прибыл.", "Channel":"npc" }
{ "timestamp":"2018-01-27T16:42:56Z", "event":"HullDamage", "Health":0.596186, "PlayerPilot":true, "Fighter":false }
{ "timestamp":"2018-01-27T16:42:57Z", "event":"ReceiveText", "From":"$ShipName_Police_Federation;", "From_Localised":"Федеральная служба безопасности", "Message":"$Police_ArrivedAtInvestigationLocation01;", "Message_Localised":"Законное сканирование обязаны проходить все. Не пытайтесь сбежать!", "Channel":"npc" }
{ "timestamp":"2018-01-27T16:43:10Z", "event":"HullDamage", "Health":0.396353, "PlayerPilot":true, "Fighter":false }
{ "timestamp":"2018-01-27T16:43:21Z", "event":"ShieldState", "ShieldsUp":true }
{ "timestamp":"2018-01-27T16:45:17Z", "event":"ReceiveText", "From":"$ShipName_Police_Federation;", "From_Localised":"Федеральная служба безопасности", "Message":"$Military_AccidentalDamage05;", "Message_Localised":"Смотри лучше, куда стреляешь, гражданская морда!", "Channel":"npc" }
{ "timestamp":"2018-01-27T16:46:16Z", "event":"Bounty", "Rewards":[ { "Faction":"BD+33 3582 Gold Public Int", "Reward":10750 } ], "Target":"ferdelance", "TotalReward":10750, "VictimFaction":"Ravanahutis Gang" }
{ "timestamp":"2018-01-27T16:46:31Z", "event":"Music", "MusicTrack":"Exploration" }
{ "timestamp":"2018-01-27T16:46:52Z", "event":"MaterialCollected", "Category":"Manufactured", "Name":"salvagedalloys", "Count":3 }
{ "timestamp":"2018-01-27T16:47:09Z", "event":"MaterialCollected", "Category":"Manufactured", "Name":"chemicaldistillery", "Count":3 }
{ "timestamp":"2018-01-27T16:47:24Z", "event":"MaterialCollected", "Category":"Manufactured", "Name":"focuscrystals", "Count":3 }
{ "timestamp":"2018-01-27T16:47:42Z", "event":"MaterialCollected", "Category":"Manufactured", "Name":"highdensitycomposites", "Count":3 }
{ "timestamp":"2018-01-27T16:47:55Z", "event":"MaterialCollected", "Category":"Manufactured", "Name":"refinedfocuscrystals", "Count":3 }
{ "timestamp":"2018-01-27T16:48:15Z", "event":"MaterialCollected", "Category":"Manufactured", "Name":"wornshieldemitters", "Count":3 }
{ "timestamp":"2018-01-27T16:50:40Z", "event":"ShieldState", "ShieldsUp":false }
{ "timestamp":"2018-01-27T16:51:30Z", "event":"ShieldState", "ShieldsUp":true }
{ "timestamp":"2018-01-27T16:51:41Z", "event":"StartJump", "JumpType":"Supercruise" }
{ "timestamp":"2018-01-27T16:51:46Z", "event":"SupercruiseEntry", "StarSystem":"BD+33 3582" }
{ "timestamp":"2018-01-27T16:51:46Z", "event":"Music", "MusicTrack":"Supercruise" }
{ "timestamp":"2018-01-27T16:55:10Z", "event":"ApproachSettlement", "Name":"Ballard Vista +++" }
{ "timestamp":"2018-01-27T16:55:11Z", "event":"ApproachSettlement", "Name":"Schrodinger Terminal +++" }
{ "timestamp":"2018-01-27T16:55:11Z", "event":"ApproachSettlement", "Name":"McBride Installation" }
{ "timestamp":"2018-01-27T16:55:13Z", "event":"ApproachSettlement", "Name":"Lerman Prospect" }
{ "timestamp":"2018-01-27T16:55:19Z", "event":"SupercruiseExit", "StarSystem":"BD+33 3582", "Body":"BD+33 3582 B 1", "BodyType":"Planet" }
{ "timestamp":"2018-01-27T16:55:20Z", "event":"Music", "MusicTrack":"Exploration" }
{ "timestamp":"2018-01-27T16:55:55Z", "event":"StartJump", "JumpType":"Supercruise" }
{ "timestamp":"2018-01-27T16:55:55Z", "event":"ApproachSettlement", "Name":"Ballard Vista +++" }
{ "timestamp":"2018-01-27T16:55:55Z", "event":"ApproachSettlement", "Name":"Lerman Prospect" }
{ "timestamp":"2018-01-27T16:56:00Z", "event":"SupercruiseEntry", "StarSystem":"BD+33 3582" }
{ "timestamp":"2018-01-27T16:56:00Z", "event":"Music", "MusicTrack":"Supercruise" }
{ "timestamp":"2018-01-27T16:56:15Z", "event":"SupercruiseExit", "StarSystem":"BD+33 3582", "Body":"Lehtonen Dock", "BodyType":"Station" }
{ "timestamp":"2018-01-27T16:56:15Z", "event":"Music", "MusicTrack":"DestinationFromSupercruise" }
{ "timestamp":"2018-01-27T16:56:20Z", "event":"Music", "MusicTrack":"NoTrack" }
{ "timestamp":"2018-01-27T16:56:22Z", "event":"ReceiveText", "From":"Lehtonen Dock", "Message":"$STATION_NoFireZone_entered;", "Message_Localised":"Вы вошли в зону запрета огня", "Channel":"npc" }
{ "timestamp":"2018-01-27T16:56:25Z", "event":"DockingRequested", "StationName":"Lehtonen Dock" }
{ "timestamp":"2018-01-27T16:56:25Z", "event":"ReceiveText", "From":"Lehtonen Dock", "Message":"$DockingChatter_Neutral;", "Message_Localised":"Строго соблюдайте правила поведения в порту, пилот.", "Channel":"npc" }
{ "timestamp":"2018-01-27T16:56:26Z", "event":"ReceiveText", "From":"Lehtonen Dock", "Message":"$STATION_docking_granted;", "Message_Localised":"Стыковка разрешена", "Channel":"npc" }
{ "timestamp":"2018-01-27T16:56:26Z", "event":"DockingGranted", "LandingPad":43, "StationName":"Lehtonen Dock" }
{ "timestamp":"2018-01-27T16:56:52Z", "event":"Music", "MusicTrack":"Starport" }
{ "timestamp":"2018-01-27T16:57:13Z", "event":"Docked", "StationName":"Lehtonen Dock", "StationType":"Bernal", "StarSystem":"BD+33 3582", "StationFaction":"BD+33 3582 Gold Public Int", "StationGovernment":"$government_Corporate;", "StationGovernment_Localised":"Корпоративная", "StationAllegiance":"Federation", "StationServices":[ "Dock", "Autodock", "Commodities", "Contacts", "Exploration", "Missions", "Outfitting", "CrewLounge", "Rearm", "Refuel", "Repair", "Shipyard", "Tuning", "MissionsGenerated", "FlightController", "StationOperations", "Powerplay", "SearchAndRescue" ], "StationEconomy":"$economy_Refinery;", "StationEconomy_Localised":"Переработка", "DistFromStarLS":13661.440430 }
{ "timestamp":"2018-01-27T16:57:22Z", "event":"RepairAll", "Cost":9679 }
{ "timestamp":"2018-01-27T16:57:23Z", "event":"BuyAmmo", "Cost":647 }
{ "timestamp":"2018-01-27T16:57:24Z", "event":"RefuelAll", "Cost":22, "Amount":0.422506 }
{ "timestamp":"2018-01-27T16:57:29Z", "event":"Repair", "Item":"Wear", "Cost":18 }
{ "timestamp":"2018-01-27T16:58:48Z", "event":"ReceiveText", "From":"$npc_name_decorate:#name=RipVan;", "From_Localised":"RipVan", "Message":"$Commuter_AuthorityScan08;", "Message_Localised":"Инспектор, у вас нет права сканировать мой корабль!", "Channel":"npc" }
{ "timestamp":"2018-01-27T16:59:35Z", "event":"ReceiveText", "From":"$npc_name_decorate:#name=Xerxes Dag Wilhelm Tarzan Rånby;", "From_Localised":"Xerxes Dag Wilhelm Tarzan Rånby", "Message":"$Commuter_AuthorityScan01;", "Message_Localised":"Мы что-то нарушили, командир?", "Channel":"npc" }
{ "timestamp":"2018-01-27T17:10:34Z", "event":"ReceiveText", "From":"$npc_name_decorate:#name=Stina Österberg;", "From_Localised":"Stina Österberg", "Message":"$Commuter_AuthorityScan07;", "Message_Localised":"Инспектор, нет никакого смысла меня сканировать. Я ничего не скрываю.", "Channel":"npc" }
{ "timestamp":"2018-01-27T17:12:18Z", "event":"ReceiveText", "From":"$npc_name_decorate:#name=Uriel Seabright;", "From_Localised":"Uriel Seabright", "Message":"$Commuter_AuthorityScan09;", "Message_Localised":"Инспектор, можно это как-то ускорить?", "Channel":"npc" }
{ "timestamp":"2018-01-27T17:15:07Z", "event":"ReceiveText", "From":"$npc_name_decorate:#name=Mulhall;", "From_Localised":"Mulhall", "Message":"$Commuter_AuthorityScan08;", "Message_Localised":"Инспектор, у вас нет права сканировать мой корабль!", "Channel":"npc" }
{ "timestamp":"2018-01-27T17:22:26Z", "event":"ReceiveText", "From":"$npc_name_decorate:#name=nidO;", "From_Localised":"nidO", "Message":"$Commuter_AuthorityScan05;", "Message_Localised":"На каких основаниях вы сканируете мой корабль?", "Channel":"npc" }
{ "timestamp":"2018-01-27T17:23:13Z", "event":"ReceiveText", "From":"$npc_name_decorate:#name=Crane;", "From_Localised":"Crane", "Message":"$Commuter_AuthorityScan09;", "Message_Localised":"Инспектор, можно это как-то ускорить?", "Channel":"npc" }
{ "timestamp":"2018-01-27T17:28:48Z", "event":"ReceiveText", "From":"$npc_name_decorate:#name=John Hinge;", "From_Localised":"John Hinge", "Message":"$Commuter_AuthorityScan04;", "Message_Localised":"А без этого нельзя обойтись?", "Channel":"npc" }
{ "timestamp":"2018-01-27T17:31:41Z", "event":"Music", "MusicTrack":"GalaxyMap" }
{ "timestamp":"2018-01-27T17:31:44Z", "event":"ReceiveText", "From":"$npc_name_decorate:#name=Dethdil;", "From_Localised":"Dethdil", "Message":"$Commuter_AuthorityScan01;", "Message_Localised":"Мы что-то нарушили, командир?", "Channel":"npc" }
{ "timestamp":"2018-01-27T17:31:45Z", "event":"Music", "MusicTrack":"SystemMap" }
{ "timestamp":"2018-01-27T17:31:57Z", "event":"Music", "MusicTrack":"GalaxyMap" }
{ "timestamp":"2018-01-27T17:31:57Z", "event":"Music", "MusicTrack":"Starport" }
{ "timestamp":"2018-01-27T17:32:16Z", "event":"Undocked", "StationName":"Lehtonen Dock", "StationType":"Bernal" }
{ "timestamp":"2018-01-27T17:32:29Z", "event":"Music", "MusicTrack":"Exploration" }
