{ "timestamp":"2018-02-17T12:27:39Z", "event":"Fileheader", "part":1, "language":"Russian\\RU", "gameversion":"2.4", "build":"r160439/r0 " }
{ "timestamp":"2018-02-17T12:27:39Z", "event":"Music", "MusicTrack":"NoTrack" }
{ "timestamp":"2018-02-17T12:27:39Z", "event":"Music", "MusicTrack":"MainMenu" }
{ "timestamp":"2018-02-17T12:28:14Z", "event":"Cargo", "Inventory":[  ] }
{ "timestamp":"2018-02-17T12:28:14Z", "event":"Passengers", "Manifest":[ { "MissionID":318001400, "Type":"Criminal", "VIP":true, "Wanted":true, "Count":3 }, { "MissionID":318007480, "Type":"Medical", "VIP":true, "Wanted":true, "Count":5 }, { "MissionID":318002297, "Type":"Tourist", "VIP":true, "Wanted":false, "Count":3 } ] }
{ "timestamp":"2018-02-17T12:28:14Z", "event":"Loadout", "Ship":"Asp", "ShipID":8, "ShipName":"A-BUG", "ShipIdent":"BUGGED", "Modules":[ { "Slot":"SmallHardpoint1", "Item":"Hpt_BasicMissileRack_Fixed_Small", "On":true, "Priority":0, "AmmoInClip":6, "AmmoInHopper":6, "Health":1.000000, "Value":72600 }, { "Slot":"SmallHardpoint2", "Item":"Hpt_BasicMissileRack_Fixed_Small", "On":true, "Priority":0, "AmmoInClip":6, "AmmoInHopper":6, "Health":1.000000, "Value":72600 }, { "Slot":"SmallHardpoint3", "Item":"Hpt_BasicMissileRack_Fixed_Small", "On":true, "Priority":0, "AmmoInClip":11, "AmmoInHopper":10, "Health":1.000000, "Value":65340, "EngineerBlueprint":"Weapon_HighCapacity", "EngineerLevel":3 }, { "Slot":"SmallHardpoint4", "Item":"Hpt_BasicMissileRack_Fixed_Small", "On":true, "Priority":0, "AmmoInClip":11, "AmmoInHopper":10, "Health":1.000000, "Value":65340, "EngineerBlueprint":"Weapon_HighCapacity", "EngineerLevel":3 }, { "Slot":"MediumHardpoint1", "Item":"Hpt_PlasmaAccelerator_Fixed_Medium", "On":true, "Priority":0, "AmmoInClip":5, "AmmoInHopper":100, "Health":1.000000, "Value":834200 }, { "Slot":"MediumHardpoint2", "Item":"Hpt_PlasmaAccelerator_Fixed_Medium", "On":true, "Priority":0, "AmmoInClip":5, "AmmoInHopper":100, "Health":1.000000, "Value":834200 }, { "Slot":"TinyHardpoint1", "Item":"Hpt_ChaffLauncher_Tiny", "On":true, "Priority":0, "AmmoInClip":1, "AmmoInHopper":10, "Health":1.000000, "Value":8500 }, { "Slot":"TinyHardpoint2", "Item":"Hpt_HeatSinkLauncher_Turret_Tiny", "On":true, "Priority":0, "AmmoInClip":1, "AmmoInHopper":2, "Health":1.000000, "Value":3500 }, { "Slot":"TinyHardpoint3", "Item":"Hpt_CloudScanner_Size0_Class1", "On":true, "Priority":0, "Health":1.000000, "Value":13544 }, { "Slot":"TinyHardpoint4", "Item":"Hpt_XenoScanner_Basic_Tiny", "On":true, "Priority":0, "Health":1.000000, "Value":365698 }, { "Slot":"Armour", "Item":"Asp_Armour_Reactive", "On":true, "Priority":1, "Health":1.000000, "Value":15700339, "EngineerBlueprint":"Armour_Advanced", "EngineerLevel":4 }, { "Slot":"PowerPlant", "Item":"Int_Powerplant_Size5_Class5", "On":true, "Priority":1, "Health":1.000000, "Value":5103953, "EngineerBlueprint":"PowerPlant_Armoured", "EngineerLevel":1 }, { "Slot":"MainEngines", "Item":"Int_Engine_Size5_Class5", "On":true, "Priority":1, "Health":1.000000, "Value":5103953, "EngineerBlueprint":"Engine_Reinforced", "EngineerLevel":1 }, { "Slot":"FrameShiftDrive", "Item":"Int_Hyperdrive_Size5_Class5", "On":true, "Priority":0, "Health":1.000000, "Value":5103953, "EngineerBlueprint":"FSD_LongRange", "EngineerLevel":2 }, { "Slot":"LifeSupport", "Item":"Int_LifeSupport_Size4_Class3", "On":true, "Priority":0, "Health":1.000000, "Value":70932 }, { "Slot":"PowerDistributor", "Item":"Int_PowerDistributor_Size4_Class5", "On":true, "Priority":0, "Health":1.000000, "Value":443328 }, { "Slot":"Radar", "Item":"Int_Sensors_Size5_Class2", "On":true, "Priority":0, "Health":1.000000, "Value":79444 }, { "Slot":"FuelTank", "Item":"Int_FuelTank_Size5_Class3", "On":true, "Priority":1, "Health":1.000000, "Value":97754 }, { "Slot":"Decal1", "Item":"Decal_Explorer_Trailblazer", "On":true, "Priority":1, "Health":1.000000, "Value":0 }, { "Slot":"Slot01_Size6", "Item":"Int_PassengerCabin_Size6_Class2", "On":true, "Priority":1, "AmmoInClip":16, "Health":1.000000, "Value":184232 }, { "Slot":"Slot02_Size5", "Item":"Int_ShieldGenerator_Size5_Class3_Fast", "On":true, "Priority":0, "Health":1.000000, "Value":850659, "EngineerBlueprint":"ShieldGenerator_Optimised", "EngineerLevel":3 }, { "Slot":"Slot03_Size3", "Item":"Int_PassengerCabin_Size3_Class2", "On":true, "Priority":1, "AmmoInClip":3, "Health":1.000000, "Value":26705 }, { "Slot":"Slot04_Size3", "Item":"Int_PassengerCabin_Size3_Class2", "On":true, "Priority":1, "AmmoInClip":3, "Health":1.000000, "Value":26705 }, { "Slot":"Slot05_Size3", "Item":"Int_PassengerCabin_Size3_Class2", "On":true, "Priority":1, "AmmoInClip":3, "Health":1.000000, "Value":26705 }, { "Slot":"Slot06_Size2", "Item":"Int_DockingComputer_Standard", "On":true, "Priority":0, "Health":1.000000, "Value":4500 }, { "Slot":"Slot07_Size2", "Item":"Int_StellarBodyDiscoveryScanner_Advanced", "On":true, "Priority":1, "Health":1.000000, "Value":1545000 }, { "Slot":"PlanetaryApproachSuite", "Item":"Int_PlanetApproachSuite", "On":true, "Priority":1, "Health":1.000000, "Value":500 }, { "Slot":"ShipCockpit", "Item":"Asp_Cockpit", "On":true, "Priority":1, "Health":1.000000, "Value":0 }, { "Slot":"CargoHatch", "Item":"ModularCargoBayDoor", "On":true, "Priority":2, "Health":1.000000, "Value":0 } ] }
{ "timestamp":"2018-02-17T12:28:14Z", "event":"Materials", "Raw":[ { "Name":"phosphorus", "Count":28 }, { "Name":"carbon", "Count":18 }, { "Name":"chromium", "Count":54 }, { "Name":"molybdenum", "Count":5 }, { "Name":"manganese", "Count":43 }, { "Name":"cadmium", "Count":17 }, { "Name":"selenium", "Count":15 }, { "Name":"sulphur", "Count":23 }, { "Name":"antimony", "Count":15 }, { "Name":"arsenic", "Count":6 }, { "Name":"zinc", "Count":4 }, { "Name":"nickel", "Count":19 }, { "Name":"iron", "Count":11 } ], "Manufactured":[ { "Name":"gridresistors", "Count":9 }, { "Name":"mechanicalequipment", "Count":23 }, { "Name":"focuscrystals", "Count":31 }, { "Name":"salvagedalloys", "Count":33 }, { "Name":"chemicalprocessors", "Count":43 }, { "Name":"phasealloys", "Count":45 }, { "Name":"shieldingsensors", "Count":42 }, { "Name":"wornshieldemitters", "Count":41 }, { "Name":"galvanisingalloys", "Count":33 }, { "Name":"uncutfocuscrystals", "Count":2 }, { "Name":"configurablecomponents", "Count":7 }, { "Name":"highdensitycomposites", "Count":20 }, { "Name":"mechanicalcomponents", "Count":4 }, { "Name":"fedproprietarycomposites", "Count":11 }, { "Name":"fedcorecomposites", "Count":6 }, { "Name":"shieldemitters", "Count":50 }, { "Name":"refinedfocuscrystals", "Count":27 }, { "Name":"chemicaldistillery", "Count":24 }, { "Name":"protolightalloys", "Count":17 }, { "Name":"precipitatedalloys", "Count":22 }, { "Name":"compoundshielding", "Count":9 }, { "Name":"unknownorganiccircuitry", "Count":24 }, { "Name":"unknownenergysource", "Count":22 }, { "Name":"unknowncarapace", "Count":18 }, { "Name":"unknowntechnologycomponents", "Count":12 }, { "Name":"unknownenergycell", "Count":6 }, { "Name":"hybridcapacitors", "Count":1 }, { "Name":"electrochemicalarrays", "Count":3 }, { "Name":"conductivecomponents", "Count":6 }, { "Name":"heatdispersionplate", "Count":6 }, { "Name":"heatexchangers", "Count":12 }, { "Name":"conductivepolymers", "Count":3 }, { "Name":"mechanicalscrap", "Count":8 }, { "Name":"heatconductionwiring", "Count":9 }, { "Name":"conductiveceramics", "Count":3 } ], "Encoded":[ { "Name":"decodedemissiondata", "Count":69 }, { "Name":"emissiondata", "Count":22 }, { "Name":"shieldsoakanalysis", "Count":39 }, { "Name":"shielddensityreports", "Count":60 }, { "Name":"scanarchives", "Count":18 }, { "Name":"shieldpatternanalysis", "Count":54 }, { "Name":"shieldcyclerecordings", "Count":43 }, { "Name":"encodedscandata", "Count":15 }, { "Name":"fsdtelemetry", "Count":7 }, { "Name":"scandatabanks", "Count":17 }, { "Name":"archivedemissiondata", "Count":5 }, { "Name":"industrialfirmware", "Count":2 }, { "Name":"bulkscandata", "Count":40 }, { "Name":"embeddedfirmware", "Count":2 }, { "Name":"scrambledemissiondata", "Count":7 }, { "Name":"encryptioncodes", "Count":3 }, { "Name":"encryptionarchives", "Count":3 }, { "Name":"shieldfrequencydata", "Count":3 }, { "Name":"compactemissionsdata", "Count":6 }, { "Name":"hyperspacetrajectories", "Count":3 } ] }
{ "timestamp":"2018-02-17T12:28:14Z", "event":"LoadGame", "Commander":"Sleep Runner", "Ship":"Asp", "ShipID":8, "ShipName":"A-BUG", "ShipIdent":"BUGGED", "FuelLevel":28.229467, "FuelCapacity":32.000000, "GameMode":"Open", "Credits":59270100, "Loan":0 }
{ "timestamp":"2018-02-17T12:28:14Z", "event":"Rank", "Combat":3, "Trade":4, "Explore":5, "Empire":0, "Federation":2, "CQC":0 }
{ "timestamp":"2018-02-17T12:28:14Z", "event":"Progress", "Combat":24, "Trade":49, "Explore":25, "Empire":3, "Federation":68, "CQC":0 }
{ "timestamp":"2018-02-17T12:28:25Z", "event":"Location", "Docked":false, "StarSystem":"DEN 1048-3956", "StarPos":[12.375,3.844,1.875], "SystemAllegiance":"", "SystemEconomy":"$economy_None;", "SystemEconomy_Localised":"Нет", "SystemGovernment":"$government_None;", "SystemGovernment_Localised":"Нет", "SystemSecurity":"$GAlAXY_MAP_INFO_state_anarchy;", "SystemSecurity_Localised":"Анархия", "Population":0, "Body":"DEN 1048-3956", "BodyType":"Star" }
{ "timestamp":"2018-02-17T12:28:26Z", "event":"Music", "MusicTrack":"NoTrack" }
{ "timestamp":"2018-02-17T12:28:26Z", "event":"Music", "MusicTrack":"Exploration" }
{ "timestamp":"2018-02-17T12:28:33Z", "event":"StartJump", "JumpType":"Supercruise" }
{ "timestamp":"2018-02-17T12:28:38Z", "event":"SupercruiseEntry", "StarSystem":"DEN 1048-3956" }
{ "timestamp":"2018-02-17T12:28:38Z", "event":"Music", "MusicTrack":"Supercruise" }
{ "timestamp":"2018-02-17T12:28:59Z", "event":"Music", "MusicTrack":"GalaxyMap" }
{ "timestamp":"2018-02-17T12:29:07Z", "event":"Music", "MusicTrack":"Supercruise" }
{ "timestamp":"2018-02-17T12:29:27Z", "event":"StartJump", "JumpType":"Hyperspace", "StarSystem":"Puppis Sector DL-Y d116", "StarClass":"M" }
{ "timestamp":"2018-02-17T12:29:32Z", "event":"Music", "MusicTrack":"NoTrack" }
{ "timestamp":"2018-02-17T12:29:46Z", "event":"FSDJump", "StarSystem":"Puppis Sector DL-Y d116", "StarPos":[33.000,2.344,15.719], "SystemAllegiance":"", "SystemEconomy":"$economy_None;", "SystemEconomy_Localised":"Нет", "SystemGovernment":"$government_None;", "SystemGovernment_Localised":"Нет", "SystemSecurity":"$GAlAXY_MAP_INFO_state_anarchy;", "SystemSecurity_Localised":"Анархия", "Population":0, "JumpDist":24.886, "FuelUsed":3.617326, "FuelLevel":24.612143 }
{ "timestamp":"2018-02-17T12:29:46Z", "event":"Music", "MusicTrack":"Supercruise" }
{ "timestamp":"2018-02-17T12:30:15Z", "event":"StartJump", "JumpType":"Hyperspace", "StarSystem":"Lugh", "StarClass":"K" }
{ "timestamp":"2018-02-17T12:30:20Z", "event":"Music", "MusicTrack":"NoTrack" }
{ "timestamp":"2018-02-17T12:30:33Z", "event":"FSDJump", "StarSystem":"Lugh", "StarPos":[44.656,-5.719,27.469], "SystemAllegiance":"Independent", "SystemEconomy":"$economy_Agri;", "SystemEconomy_Localised":"Сельское хозяйство", "SystemGovernment":"$government_Corporate;", "SystemGovernment_Localised":"Корпоративная", "SystemSecurity":"$SYSTEM_SECURITY_high;", "SystemSecurity_Localised":"Высок. ур. безопасности", "Population":15281111598, "JumpDist":18.410, "FuelUsed":1.698855, "FuelLevel":22.913288, "Factions":[ { "Name":"Lugh for Equality", "FactionState":"Boom", "Government":"Democracy", "Influence":0.136136, "Allegiance":"Federation" }, { "Name":"Pilots Federation Local Branch", "FactionState":"None", "Government":"Democracy", "Influence":0.000000, "Allegiance":"PilotsFederation" }, { "Name":"Lugh Silver Natural Ltd", "FactionState":"None", "Government":"Corporate", "Influence":0.049049, "Allegiance":"Federation" }, { "Name":"LHS 332 Coalition", "FactionState":"Famine", "Government":"Confederacy", "Influence":0.029029, "Allegiance":"Federation", "PendingStates":[ { "State":"Boom", "Trend":1 }, { "State":"CivilUnrest", "Trend":0 } ] }, { "Name":"Dominion of Lugh", "FactionState":"Election", "Government":"Dictatorship", "Influence":0.081081, "Allegiance":"Independent", "RecoveringStates":[ { "State":"Boom", "Trend":1 } ] }, { "Name":"Crimson State Group", "FactionState":"Boom", "Government":"Corporate", "Influence":0.603604, "Allegiance":"Independent" }, { "Name":"Lugh Defence Force", "FactionState":"None", "Government":"Dictatorship", "Influence":0.029029, "Allegiance":"Independent" }, { "Name":"German War Gaming", "FactionState":"Election", "Government":"Dictatorship", "Influence":0.072072, "Allegiance":"Independent" } ], "SystemFaction":"Crimson State Group", "FactionState":"Boom" }
{ "timestamp":"2018-02-17T12:30:33Z", "event":"Music", "MusicTrack":"DestinationFromHyperspace" }
{ "timestamp":"2018-02-17T12:30:38Z", "event":"Music", "MusicTrack":"Supercruise" }
{ "timestamp":"2018-02-17T12:30:50Z", "event":"ReceiveText", "From":"$npc_name_decorate:#name=Chris Adams;", "From_Localised":"Chris Adams", "Message":"$CargoHunter_HunterHostileSC_RelevantPlayer_002;", "Message_Localised":"Цель обнаружена, перехват начат.", "Channel":"npc" }
{ "timestamp":"2018-02-17T12:32:15Z", "event":"ApproachSettlement", "Name":"Back Landing +++" }
{ "timestamp":"2018-02-17T12:32:21Z", "event":"ApproachSettlement", "Name":"В память" }
{ "timestamp":"2018-02-17T12:33:30Z", "event":"ApproachSettlement", "Name":"Galindo Prospect" }
{ "timestamp":"2018-02-17T12:33:54Z", "event":"ApproachSettlement", "Name":"В память" }
{ "timestamp":"2018-02-17T12:33:56Z", "event":"SupercruiseExit", "StarSystem":"Lugh", "Body":"Lugh 4", "BodyType":"Planet" }
{ "timestamp":"2018-02-17T12:33:57Z", "event":"Music", "MusicTrack":"Exploration" }
{ "timestamp":"2018-02-17T12:34:46Z", "event":"DataScanned", "Type":"TouristBeacon" }
{ "timestamp":"2018-02-17T12:35:57Z", "event":"Music", "MusicTrack":"GalaxyMap" }
{ "timestamp":"2018-02-17T12:36:17Z", "event":"Music", "MusicTrack":"Exploration" }
{ "timestamp":"2018-02-17T12:36:48Z", "event":"StartJump", "JumpType":"Supercruise" }
{ "timestamp":"2018-02-17T12:36:49Z", "event":"ApproachSettlement", "Name":"Back Landing +++" }
{ "timestamp":"2018-02-17T12:36:49Z", "event":"ApproachSettlement", "Name":"Galindo Prospect" }
{ "timestamp":"2018-02-17T12:36:49Z", "event":"ApproachSettlement", "Name":"В память" }
{ "timestamp":"2018-02-17T12:36:53Z", "event":"SupercruiseEntry", "StarSystem":"Lugh" }
{ "timestamp":"2018-02-17T12:36:53Z", "event":"Music", "MusicTrack":"Supercruise" }
{ "timestamp":"2018-02-17T12:37:11Z", "event":"Music", "MusicTrack":"GalaxyMap" }
{ "timestamp":"2018-02-17T12:37:23Z", "event":"Music", "MusicTrack":"Supercruise" }
{ "timestamp":"2018-02-17T12:37:33Z", "event":"ReceiveText", "From":"$ShipName_PassengerLiner_Wedding;", "From_Localised":"Свадебное судно", "Message":"$ConvoyWedding_Patrol09;", "Message_Localised":"Ох, не знаю... Может, все-таки отменить эту свадьбу?", "Channel":"npc" }
{ "timestamp":"2018-02-17T12:38:08Z", "event":"ReceiveText", "From":"$ShipName_PassengerLiner_Wedding;", "From_Localised":"Свадебное судно", "Message":"$ConvoyWedding_Patrol08;", "Message_Localised":"Сегодня я впервые увижу всю семью в сборе.", "Channel":"npc" }
{ "timestamp":"2018-02-17T12:38:29Z", "event":"ReceiveText", "From":"$npc_name_decorate:#name=Chris Adams;", "From_Localised":"Chris Adams", "Message":"$CargoHunter_HunterHostileSC_RelevantPlayer_001;", "Message_Localised":"Цель зафиксирована, иду на перехват.", "Channel":"npc" }
{ "timestamp":"2018-02-17T12:39:00Z", "event":"ReceiveText", "From":"$ShipName_PassengerLiner_Wedding;", "From_Localised":"Свадебное судно", "Message":"$ConvoyWedding_Patrol09;", "Message_Localised":"Ох, не знаю... Может, все-таки отменить эту свадьбу?", "Channel":"npc" }
{ "timestamp":"2018-02-17T12:39:19Z", "event":"StartJump", "JumpType":"Hyperspace", "StarSystem":"Crucis Sector YE-A d135", "StarClass":"F" }
{ "timestamp":"2018-02-17T12:39:19Z", "event":"ApproachSettlement", "Name":"Meyrink Depot" }
{ "timestamp":"2018-02-17T12:39:25Z", "event":"Music", "MusicTrack":"NoTrack" }
{ "timestamp":"2018-02-17T12:39:38Z", "event":"FSDJump", "StarSystem":"Crucis Sector YE-A d135", "StarPos":[69.688,-11.750,27.500], "SystemAllegiance":"", "SystemEconomy":"$economy_None;", "SystemEconomy_Localised":"Нет", "SystemGovernment":"$government_None;", "SystemGovernment_Localised":"Нет", "SystemSecurity":"$GAlAXY_MAP_INFO_state_anarchy;", "SystemSecurity_Localised":"Анархия", "Population":0, "JumpDist":25.748, "FuelUsed":3.832697, "FuelLevel":19.080591 }
{ "timestamp":"2018-02-17T12:39:39Z", "event":"Music", "MusicTrack":"Supercruise" }
{ "timestamp":"2018-02-17T12:40:04Z", "event":"Music", "MusicTrack":"MainMenu" }
{ "timestamp":"2018-02-17T12:44:14Z", "event":"Cargo", "Inventory":[  ] }
{ "timestamp":"2018-02-17T12:44:14Z", "event":"Passengers", "Manifest":[ { "MissionID":318001400, "Type":"Criminal", "VIP":true, "Wanted":true, "Count":3 }, { "MissionID":318007480, "Type":"Medical", "VIP":true, "Wanted":true, "Count":5 }, { "MissionID":318002297, "Type":"Tourist", "VIP":true, "Wanted":false, "Count":3 } ] }
{ "timestamp":"2018-02-17T12:44:14Z", "event":"Loadout", "Ship":"Asp", "ShipID":8, "ShipName":"A-BUG", "ShipIdent":"BUGGED", "Modules":[ { "Slot":"SmallHardpoint1", "Item":"Hpt_BasicMissileRack_Fixed_Small", "On":true, "Priority":0, "AmmoInClip":6, "AmmoInHopper":6, "Health":1.000000, "Value":72600 }, { "Slot":"SmallHardpoint2", "Item":"Hpt_BasicMissileRack_Fixed_Small", "On":true, "Priority":0, "AmmoInClip":6, "AmmoInHopper":6, "Health":1.000000, "Value":72600 }, { "Slot":"SmallHardpoint3", "Item":"Hpt_BasicMissileRack_Fixed_Small", "On":true, "Priority":0, "AmmoInClip":11, "AmmoInHopper":10, "Health":1.000000, "Value":65340, "EngineerBlueprint":"Weapon_HighCapacity", "EngineerLevel":3 }, { "Slot":"SmallHardpoint4", "Item":"Hpt_BasicMissileRack_Fixed_Small", "On":true, "Priority":0, "AmmoInClip":11, "AmmoInHopper":10, "Health":1.000000, "Value":65340, "EngineerBlueprint":"Weapon_HighCapacity", "EngineerLevel":3 }, { "Slot":"MediumHardpoint1", "Item":"Hpt_PlasmaAccelerator_Fixed_Medium", "On":true, "Priority":0, "AmmoInClip":5, "AmmoInHopper":100, "Health":1.000000, "Value":834200 }, { "Slot":"MediumHardpoint2", "Item":"Hpt_PlasmaAccelerator_Fixed_Medium", "On":true, "Priority":0, "AmmoInClip":5, "AmmoInHopper":100, "Health":1.000000, "Value":834200 }, { "Slot":"TinyHardpoint1", "Item":"Hpt_ChaffLauncher_Tiny", "On":true, "Priority":0, "AmmoInClip":1, "AmmoInHopper":10, "Health":1.000000, "Value":8500 }, { "Slot":"TinyHardpoint2", "Item":"Hpt_HeatSinkLauncher_Turret_Tiny", "On":true, "Priority":0, "AmmoInClip":1, "AmmoInHopper":1, "Health":1.000000, "Value":3500 }, { "Slot":"TinyHardpoint3", "Item":"Hpt_CloudScanner_Size0_Class1", "On":true, "Priority":0, "Health":1.000000, "Value":13544 }, { "Slot":"TinyHardpoint4", "Item":"Hpt_XenoScanner_Basic_Tiny", "On":true, "Priority":0, "Health":1.000000, "Value":365698 }, { "Slot":"Armour", "Item":"Asp_Armour_Reactive", "On":true, "Priority":1, "Health":1.000000, "Value":15700339, "EngineerBlueprint":"Armour_Advanced", "EngineerLevel":4 }, { "Slot":"PowerPlant", "Item":"Int_Powerplant_Size5_Class5", "On":true, "Priority":1, "Health":1.000000, "Value":5103953, "EngineerBlueprint":"PowerPlant_Armoured", "EngineerLevel":1 }, { "Slot":"MainEngines", "Item":"Int_Engine_Size5_Class5", "On":true, "Priority":1, "Health":1.000000, "Value":5103953, "EngineerBlueprint":"Engine_Reinforced", "EngineerLevel":1 }, { "Slot":"FrameShiftDrive", "Item":"Int_Hyperdrive_Size5_Class5", "On":true, "Priority":0, "Health":1.000000, "Value":5103953, "EngineerBlueprint":"FSD_LongRange", "EngineerLevel":2 }, { "Slot":"LifeSupport", "Item":"Int_LifeSupport_Size4_Class3", "On":true, "Priority":0, "Health":1.000000, "Value":70932 }, { "Slot":"PowerDistributor", "Item":"Int_PowerDistributor_Size4_Class5", "On":true, "Priority":0, "Health":1.000000, "Value":443328 }, { "Slot":"Radar", "Item":"Int_Sensors_Size5_Class2", "On":true, "Priority":0, "Health":1.000000, "Value":79444 }, { "Slot":"FuelTank", "Item":"Int_FuelTank_Size5_Class3", "On":true, "Priority":1, "Health":1.000000, "Value":97754 }, { "Slot":"Decal1", "Item":"Decal_Explorer_Trailblazer", "On":true, "Priority":1, "Health":1.000000, "Value":0 }, { "Slot":"Slot01_Size6", "Item":"Int_PassengerCabin_Size6_Class2", "On":true, "Priority":1, "AmmoInClip":16, "Health":1.000000, "Value":184232 }, { "Slot":"Slot02_Size5", "Item":"Int_ShieldGenerator_Size5_Class3_Fast", "On":true, "Priority":0, "Health":1.000000, "Value":850659, "EngineerBlueprint":"ShieldGenerator_Optimised", "EngineerLevel":3 }, { "Slot":"Slot03_Size3", "Item":"Int_PassengerCabin_Size3_Class2", "On":true, "Priority":1, "AmmoInClip":3, "Health":1.000000, "Value":26705 }, { "Slot":"Slot04_Size3", "Item":"Int_PassengerCabin_Size3_Class2", "On":true, "Priority":1, "AmmoInClip":3, "Health":1.000000, "Value":26705 }, { "Slot":"Slot05_Size3", "Item":"Int_PassengerCabin_Size3_Class2", "On":true, "Priority":1, "AmmoInClip":3, "Health":1.000000, "Value":26705 }, { "Slot":"Slot06_Size2", "Item":"Int_DockingComputer_Standard", "On":true, "Priority":0, "Health":1.000000, "Value":4500 }, { "Slot":"Slot07_Size2", "Item":"Int_StellarBodyDiscoveryScanner_Advanced", "On":true, "Priority":1, "Health":1.000000, "Value":1545000 }, { "Slot":"PlanetaryApproachSuite", "Item":"Int_PlanetApproachSuite", "On":true, "Priority":1, "Health":1.000000, "Value":500 }, { "Slot":"ShipCockpit", "Item":"Asp_Cockpit", "On":true, "Priority":1, "Health":1.000000, "Value":0 }, { "Slot":"CargoHatch", "Item":"ModularCargoBayDoor", "On":true, "Priority":2, "Health":1.000000, "Value":0 } ] }
{ "timestamp":"2018-02-17T12:44:14Z", "event":"Materials", "Raw":[ { "Name":"phosphorus", "Count":28 }, { "Name":"carbon", "Count":18 }, { "Name":"chromium", "Count":54 }, { "Name":"molybdenum", "Count":5 }, { "Name":"manganese", "Count":43 }, { "Name":"cadmium", "Count":17 }, { "Name":"selenium", "Count":15 }, { "Name":"sulphur", "Count":23 }, { "Name":"antimony", "Count":15 }, { "Name":"arsenic", "Count":6 }, { "Name":"zinc", "Count":4 }, { "Name":"nickel", "Count":19 }, { "Name":"iron", "Count":11 } ], "Manufactured":[ { "Name":"gridresistors", "Count":9 }, { "Name":"mechanicalequipment", "Count":23 }, { "Name":"focuscrystals", "Count":31 }, { "Name":"salvagedalloys", "Count":33 }, { "Name":"chemicalprocessors", "Count":43 }, { "Name":"phasealloys", "Count":45 }, { "Name":"shieldingsensors", "Count":42 }, { "Name":"wornshieldemitters", "Count":41 }, { "Name":"galvanisingalloys", "Count":33 }, { "Name":"uncutfocuscrystals", "Count":2 }, { "Name":"configurablecomponents", "Count":7 }, { "Name":"highdensitycomposites", "Count":20 }, { "Name":"mechanicalcomponents", "Count":4 }, { "Name":"fedproprietarycomposites", "Count":11 }, { "Name":"fedcorecomposites", "Count":6 }, { "Name":"shieldemitters", "Count":50 }, { "Name":"refinedfocuscrystals", "Count":27 }, { "Name":"chemicaldistillery", "Count":24 }, { "Name":"protolightalloys", "Count":17 }, { "Name":"precipitatedalloys", "Count":22 }, { "Name":"compoundshielding", "Count":9 }, { "Name":"unknownorganiccircuitry", "Count":24 }, { "Name":"unknownenergysource", "Count":22 }, { "Name":"unknowncarapace", "Count":18 }, { "Name":"unknowntechnologycomponents", "Count":12 }, { "Name":"unknownenergycell", "Count":6 }, { "Name":"hybridcapacitors", "Count":1 }, { "Name":"electrochemicalarrays", "Count":3 }, { "Name":"conductivecomponents", "Count":6 }, { "Name":"heatdispersionplate", "Count":6 }, { "Name":"heatexchangers", "Count":12 }, { "Name":"conductivepolymers", "Count":3 }, { "Name":"mechanicalscrap", "Count":8 }, { "Name":"heatconductionwiring", "Count":9 }, { "Name":"conductiveceramics", "Count":3 } ], "Encoded":[ { "Name":"decodedemissiondata", "Count":69 }, { "Name":"emissiondata", "Count":22 }, { "Name":"shieldsoakanalysis", "Count":39 }, { "Name":"shielddensityreports", "Count":60 }, { "Name":"scanarchives", "Count":18 }, { "Name":"shieldpatternanalysis", "Count":54 }, { "Name":"shieldcyclerecordings", "Count":43 }, { "Name":"encodedscandata", "Count":15 }, { "Name":"fsdtelemetry", "Count":7 }, { "Name":"scandatabanks", "Count":17 }, { "Name":"archivedemissiondata", "Count":5 }, { "Name":"industrialfirmware", "Count":2 }, { "Name":"bulkscandata", "Count":40 }, { "Name":"embeddedfirmware", "Count":2 }, { "Name":"scrambledemissiondata", "Count":7 }, { "Name":"encryptioncodes", "Count":3 }, { "Name":"encryptionarchives", "Count":3 }, { "Name":"shieldfrequencydata", "Count":3 }, { "Name":"compactemissionsdata", "Count":6 }, { "Name":"hyperspacetrajectories", "Count":3 } ] }
{ "timestamp":"2018-02-17T12:44:14Z", "event":"LoadGame", "Commander":"Sleep Runner", "Ship":"Asp", "ShipID":8, "ShipName":"A-BUG", "ShipIdent":"BUGGED", "FuelLevel":19.080591, "FuelCapacity":32.000000, "GameMode":"Open", "Credits":59270100, "Loan":0 }
{ "timestamp":"2018-02-17T12:44:14Z", "event":"Rank", "Combat":3, "Trade":4, "Explore":5, "Empire":0, "Federation":2, "CQC":0 }
{ "timestamp":"2018-02-17T12:44:14Z", "event":"Progress", "Combat":24, "Trade":49, "Explore":25, "Empire":3, "Federation":68, "CQC":0 }
{ "timestamp":"2018-02-17T12:44:21Z", "event":"Location", "Docked":false, "StarSystem":"Crucis Sector YE-A d135", "StarPos":[69.688,-11.750,27.500], "SystemAllegiance":"", "SystemEconomy":"$economy_None;", "SystemEconomy_Localised":"Нет", "SystemGovernment":"$government_None;", "SystemGovernment_Localised":"Нет", "SystemSecurity":"$GAlAXY_MAP_INFO_state_anarchy;", "SystemSecurity_Localised":"Анархия", "Population":0, "Body":"Crucis Sector YE-A d135", "BodyType":"Star" }
{ "timestamp":"2018-02-17T12:44:21Z", "event":"Music", "MusicTrack":"NoTrack" }
{ "timestamp":"2018-02-17T12:44:21Z", "event":"Music", "MusicTrack":"Exploration" }
{ "timestamp":"2018-02-17T12:44:35Z", "event":"Music", "MusicTrack":"GalaxyMap" }
{ "timestamp":"2018-02-17T12:44:37Z", "event":"Music", "MusicTrack":"Exploration" }
{ "timestamp":"2018-02-17T12:44:52Z", "event":"StartJump", "JumpType":"Supercruise" }
{ "timestamp":"2018-02-17T12:44:57Z", "event":"SupercruiseEntry", "StarSystem":"Crucis Sector YE-A d135" }
{ "timestamp":"2018-02-17T12:44:57Z", "event":"Music", "MusicTrack":"Supercruise" }
{ "timestamp":"2018-02-17T12:45:13Z", "event":"ReceiveText", "From":"$npc_name_decorate:#name=Chris Adams;", "From_Localised":"Chris Adams", "Message":"$CargoHunter_HunterHostileSC_RelevantPlayer_005;", "Message_Localised":"Вижу цель. Начинаю перехват.", "Channel":"npc" }
{ "timestamp":"2018-02-17T12:45:37Z", "event":"StartJump", "JumpType":"Hyperspace", "StarSystem":"Crucis Sector IW-W b1-7", "StarClass":"M" }
{ "timestamp":"2018-02-17T12:45:42Z", "event":"Music", "MusicTrack":"NoTrack" }
{ "timestamp":"2018-02-17T12:45:55Z", "event":"FSDJump", "StarSystem":"Crucis Sector IW-W b1-7", "StarPos":[96.094,-5.719,34.875], "SystemAllegiance":"", "SystemEconomy":"$economy_None;", "SystemEconomy_Localised":"Нет", "SystemGovernment":"$government_None;", "SystemGovernment_Localised":"Нет", "SystemSecurity":"$GAlAXY_MAP_INFO_state_anarchy;", "SystemSecurity_Localised":"Анархия", "Population":0, "JumpDist":28.072, "FuelUsed":4.649347, "FuelLevel":14.431244 }
{ "timestamp":"2018-02-17T12:45:56Z", "event":"Music", "MusicTrack":"Supercruise" }
{ "timestamp":"2018-02-17T12:46:35Z", "event":"StartJump", "JumpType":"Hyperspace", "StarSystem":"Sui Xiao Gu", "StarClass":"K" }
{ "timestamp":"2018-02-17T12:46:41Z", "event":"Music", "MusicTrack":"NoTrack" }
{ "timestamp":"2018-02-17T12:46:54Z", "event":"FSDJump", "StarSystem":"Sui Xiao Gu", "StarPos":[120.563,-18.281,35.344], "SystemAllegiance":"Federation", "SystemEconomy":"$economy_Extraction;", "SystemEconomy_Localised":"Добыча ископаемых", "SystemGovernment":"$government_Democracy;", "SystemGovernment_Localised":"Демократия", "SystemSecurity":"$SYSTEM_SECURITY_low;", "SystemSecurity_Localised":"Низк. ур. безопасности", "Population":1998, "JumpDist":27.509, "FuelUsed":4.324483, "FuelLevel":10.106760, "Factions":[ { "Name":"HIP 46422 Guardians of Tradition", "FactionState":"War", "Government":"Patronage", "Influence":0.199199, "Allegiance":"Empire", "PendingStates":[ { "State":"Boom", "Trend":0 } ] }, { "Name":"Pilots Federation Local Branch", "FactionState":"None", "Government":"Democracy", "Influence":0.000000, "Allegiance":"PilotsFederation" }, { "Name":"Nanta Ti Crimson Major Corp", "FactionState":"War", "Government":"Corporate", "Influence":0.199199, "Allegiance":"Empire", "PendingStates":[ { "State":"Boom", "Trend":0 } ] }, { "Name":"Sui Xiao Gu Democrats", "FactionState":"None", "Government":"Democracy", "Influence":0.601602, "Allegiance":"Federation", "PendingStates":[ { "State":"Boom", "Trend":0 } ] } ], "SystemFaction":"Sui Xiao Gu Democrats" }
{ "timestamp":"2018-02-17T12:46:54Z", "event":"Music", "MusicTrack":"Supercruise" }
{ "timestamp":"2018-02-17T12:47:45Z", "event":"StartJump", "JumpType":"Hyperspace", "StarSystem":"Brohman", "StarClass":"G" }
{ "timestamp":"2018-02-17T12:47:50Z", "event":"Music", "MusicTrack":"NoTrack" }
{ "timestamp":"2018-02-17T12:48:04Z", "event":"FSDJump", "StarSystem":"Brohman", "StarPos":[142.031,-25.875,49.906], "SystemAllegiance":"Federation", "SystemEconomy":"$economy_Refinery;", "SystemEconomy_Localised":"Переработка", "SystemGovernment":"$government_Corporate;", "SystemGovernment_Localised":"Корпоративная", "SystemSecurity":"$SYSTEM_SECURITY_low;", "SystemSecurity_Localised":"Низк. ур. безопасности", "Population":25000, "JumpDist":27.030, "FuelUsed":4.054726, "FuelLevel":6.052034, "Factions":[ { "Name":"Workers of Brohman Alliance", "FactionState":"None", "Government":"Confederacy", "Influence":0.049000, "Allegiance":"Federation" }, { "Name":"Pilots Federation Local Branch", "FactionState":"None", "Government":"Democracy", "Influence":0.000000, "Allegiance":"PilotsFederation" }, { "Name":"Carnonacae Silver Public Comms", "FactionState":"Retreat", "Government":"Corporate", "Influence":0.020000, "Allegiance":"Empire", "PendingStates":[ { "State":"Boom", "Trend":1 }, { "State":"Outbreak", "Trend":0 } ] }, { "Name":"Nagnutli Gold Federal Partners", "FactionState":"None", "Government":"Corporate", "Influence":0.887000, "Allegiance":"Federation", "PendingStates":[ { "State":"Boom", "Trend":1 }, { "State":"CivilUnrest", "Trend":-1 }, { "State":"Expansion", "Trend":0 } ], "RecoveringStates":[ { "State":"Retreat", "Trend":0 } ] }, { "Name":"Brohman Brotherhood", "FactionState":"War", "Government":"Anarchy", "Influence":0.019000, "Allegiance":"Independent", "PendingStates":[ { "State":"Famine", "Trend":0 } ] }, { "Name":"Brohman Organisation", "FactionState":"Boom", "Government":"Corporate", "Influence":0.014000, "Allegiance":"Federation" }, { "Name":"New Nagnutli People's Party", "FactionState":"War", "Government":"Communism", "Influence":0.011000, "Allegiance":"Independent" } ], "SystemFaction":"Nagnutli Gold Federal Partners" }
{ "timestamp":"2018-02-17T12:48:04Z", "event":"Music", "MusicTrack":"DestinationFromHyperspace" }
{ "timestamp":"2018-02-17T12:48:09Z", "event":"Music", "MusicTrack":"Supercruise" }
{ "timestamp":"2018-02-17T12:48:20Z", "event":"ReceiveText", "From":"$npc_name_decorate:#name=Chris Adams;", "From_Localised":"Chris Adams", "Message":"$CargoHunter_HunterHostileSC_RelevantPlayer_002;", "Message_Localised":"Цель обнаружена, перехват начат.", "Channel":"npc" }
{ "timestamp":"2018-02-17T12:50:24Z", "event":"SupercruiseExit", "StarSystem":"Brohman", "Body":"Villist", "BodyType":"Planet" }
{ "timestamp":"2018-02-17T12:50:25Z", "event":"Music", "MusicTrack":"Exploration" }
{ "timestamp":"2018-02-17T12:50:25Z", "event":"ReceiveText", "From":"$npc_name_decorate:#name=Chris Adams;", "From_Localised":"Chris Adams", "Message":"$CargoHunter_HunterHostile_RelevantPlayer_002;", "Message_Localised":"Если ты чист, ты свободен. Если нет... Что ж, мы быстро решим проблему.", "Channel":"npc" }
{ "timestamp":"2018-02-17T12:50:37Z", "event":"DataScanned", "Type":"TouristBeacon" }
{ "timestamp":"2018-02-17T12:50:40Z", "event":"Scanned", "ScanType":"Cargo" }
{ "timestamp":"2018-02-17T12:50:40Z", "event":"ReceiveText", "From":"$npc_name_decorate:#name=Chris Adams;", "From_Localised":"Chris Adams", "Message":"$PassengerHunter_OnDeclarePiracyAttack_005;", "Message_Localised":"Согласно моим сканерам, пассажир, которого я ищу, на твоем корабле. Пора платить по счетам.", "Channel":"npc" }
{ "timestamp":"2018-02-17T12:50:40Z", "event":"ReceiveText", "From":"$npc_name_decorate:#name=Chris Adams;", "From_Localised":"Chris Adams", "Message":"$Pirate_Special_AttackDutyStart01;", "Message_Localised":"Ты должен был убраться, пока была возможность!", "Channel":"npc" }
{ "timestamp":"2018-02-17T12:50:41Z", "event":"Music", "MusicTrack":"Combat_Dogfight" }
{ "timestamp":"2018-02-17T12:50:43Z", "event":"ReceiveText", "From":"$npc_name_decorate:#name=Chris Adams;", "From_Localised":"Chris Adams", "Message":"$Escort_AttackRun02;", "Message_Localised":"Заходим на цель.", "Channel":"npc" }
{ "timestamp":"2018-02-17T12:50:43Z", "event":"ReceiveText", "From":"$npc_name_decorate:#name=Chris Adams;", "From_Localised":"Chris Adams", "Message":"$PassengerHunter_HunterHostile_RelevantPlayer_001;", "Message_Localised":"Мои источники сообщают, что у тебя на борту пассажиры, которые могут быть интересны моим товарищам.", "Channel":"npc" }
{ "timestamp":"2018-02-17T12:51:18Z", "event":"Music", "MusicTrack":"Exploration" }
{ "timestamp":"2018-02-17T12:51:22Z", "event":"StartJump", "JumpType":"Supercruise" }
{ "timestamp":"2018-02-17T12:51:27Z", "event":"SupercruiseEntry", "StarSystem":"Brohman" }
{ "timestamp":"2018-02-17T12:51:27Z", "event":"Music", "MusicTrack":"Supercruise" }
{ "timestamp":"2018-02-17T12:51:55Z", "event":"Music", "MusicTrack":"GalaxyMap" }
{ "timestamp":"2018-02-17T12:52:09Z", "event":"Music", "MusicTrack":"Supercruise" }
{ "timestamp":"2018-02-17T12:52:14Z", "event":"Music", "MusicTrack":"GalaxyMap" }
{ "timestamp":"2018-02-17T12:52:18Z", "event":"Music", "MusicTrack":"SystemMap" }
{ "timestamp":"2018-02-17T12:52:23Z", "event":"Music", "MusicTrack":"Supercruise" }
{ "timestamp":"2018-02-17T12:53:48Z", "event":"SupercruiseExit", "StarSystem":"Brohman", "Body":"Pontes Legacy", "BodyType":"Station" }
{ "timestamp":"2018-02-17T12:53:49Z", "event":"Music", "MusicTrack":"DestinationFromSupercruise" }
{ "timestamp":"2018-02-17T12:53:54Z", "event":"ReceiveText", "From":"Pontes Legacy", "Message":"$DockingFailed_Distance:#distance=7500;", "Message_Localised":"В запросе на стыковку отказано, приблизьтесь на 7500 м", "Channel":"npc" }
{ "timestamp":"2018-02-17T12:53:54Z", "event":"DockingDenied", "Reason":"Distance", "StationName":"Pontes Legacy" }
{ "timestamp":"2018-02-17T12:53:54Z", "event":"Music", "MusicTrack":"NoTrack" }
{ "timestamp":"2018-02-17T12:53:54Z", "event":"ReceiveText", "From":"Pontes Legacy", "Message":"$STATION_NoFireZone_entered;", "Message_Localised":"Вы вошли в зону запрета огня", "Channel":"npc" }
{ "timestamp":"2018-02-17T12:54:13Z", "event":"DockingRequested", "StationName":"Pontes Legacy" }
{ "timestamp":"2018-02-17T12:54:13Z", "event":"ReceiveText", "From":"Pontes Legacy", "Message":"$DockingChatter_Neutral;", "Message_Localised":"Строго соблюдайте правила поведения в порту, пилот.", "Channel":"npc" }
{ "timestamp":"2018-02-17T12:54:14Z", "event":"ReceiveText", "From":"Pontes Legacy", "Message":"$STATION_docking_granted;", "Message_Localised":"Стыковка разрешена", "Channel":"npc" }
{ "timestamp":"2018-02-17T12:54:14Z", "event":"DockingGranted", "LandingPad":20, "StationName":"Pontes Legacy" }
{ "timestamp":"2018-02-17T12:54:45Z", "event":"Scanned", "ScanType":"Cargo" }
{ "timestamp":"2018-02-17T12:54:45Z", "event":"Music", "MusicTrack":"Starport" }
{ "timestamp":"2018-02-17T12:54:46Z", "event":"CommitCrime", "CrimeType":"passengerWanted", "Faction":"Nagnutli Gold Federal Partners", "Bounty":2400 }
{ "timestamp":"2018-02-17T12:54:46Z", "event":"ReceiveText", "From":"$ShipName_Police_Federation;", "From_Localised":"Федеральная служба безопасности", "Message":"$Police_Attack16;", "Message_Localised":"О, за твою голову назначена награда! Перехожу в режим атаки.", "Channel":"npc" }
{ "timestamp":"2018-02-17T12:54:47Z", "event":"ReceiveText", "From":"Pontes Legacy", "Message":"$DockingFailed_Hostile;", "Message_Localised":"У преступников нет привилегий на стыковку, разрешен летальный ответ", "Channel":"npc" }
{ "timestamp":"2018-02-17T12:54:47Z", "event":"DockingDenied", "Reason":"Hostile", "StationName":"Pontes Legacy" }
{ "timestamp":"2018-02-17T12:54:47Z", "event":"ReceiveText", "From":"Pontes Legacy", "Message":"$DockingTresspassWarningComms;", "Message_Localised":"Обнаружено нарушение – промедление, немедленно покиньте космопорт во избежание летального ответа", "Channel":"npc" }
{ "timestamp":"2018-02-17T12:54:57Z", "event":"CommitCrime", "CrimeType":"dockingMinorTresspass", "Faction":"Nagnutli Gold Federal Partners", "Fine":400 }
{ "timestamp":"2018-02-17T12:55:04Z", "event":"Music", "MusicTrack":"NoTrack" }
{ "timestamp":"2018-02-17T12:55:08Z", "event":"Music", "MusicTrack":"Combat_Dogfight" }
{ "timestamp":"2018-02-17T12:55:14Z", "event":"ReceiveText", "From":"$ShipName_Police_Federation;", "From_Localised":"Федеральная служба безопасности", "Message":"$Police_Attack11;", "Message_Localised":"Тебя ждет расплата за содеянное!", "Channel":"npc" }
{ "timestamp":"2018-02-17T12:55:16Z", "event":"ReceiveText", "From":"$ShipName_Police_Federation;", "From_Localised":"Федеральная служба безопасности", "Message":"$Police_Attack11;", "Message_Localised":"Тебя ждет расплата за содеянное!", "Channel":"npc" }
{ "timestamp":"2018-02-17T12:55:21Z", "event":"ShieldState", "ShieldsUp":false }
{ "timestamp":"2018-02-17T12:55:25Z", "event":"ReceiveText", "From":"Pontes Legacy", "Message":"$DockingOffenceCleared;", "Message_Localised":"Нарушения правил космопорта сняты, привилегии на стыковку восстановлены", "Channel":"npc" }
{ "timestamp":"2018-02-17T12:55:26Z", "event":"HullDamage", "Health":0.798724, "PlayerPilot":true, "Fighter":false }
{ "timestamp":"2018-02-17T12:55:27Z", "event":"StartJump", "JumpType":"Supercruise" }
{ "timestamp":"2018-02-17T12:55:32Z", "event":"SupercruiseEntry", "StarSystem":"Brohman" }
{ "timestamp":"2018-02-17T12:55:33Z", "event":"Music", "MusicTrack":"Supercruise" }
