{ "timestamp":"2018-01-03T00:58:05Z", "event":"Fileheader", "part":1, "language":"Russian\\RU", "gameversion":"2.4", "build":"r160439/r0 " }
{ "timestamp":"2018-01-03T00:58:05Z", "event":"Music", "MusicTrack":"NoTrack" }
{ "timestamp":"2018-01-03T00:58:05Z", "event":"Music", "MusicTrack":"MainMenu" }
{ "timestamp":"2018-01-03T00:59:31Z", "event":"Cargo", "Inventory":[ { "Name":"drones", "Count":42 } ] }
{ "timestamp":"2018-01-03T00:59:31Z", "event":"Loadout", "Ship":"Type6", "ShipID":3, "ShipName":"TY6-TRAN", "ShipIdent":"SL-12T", "Modules":[ { "Slot":"SmallHardpoint1", "Item":"Hpt_MiningLaser_Fixed_Small", "On":true, "Priority":0, "Health":1.000000, "Value":6800 }, { "Slot":"SmallHardpoint2", "Item":"Hpt_MiningLaser_Fixed_Small", "On":true, "Priority":0, "Health":1.000000, "Value":6800 }, { "Slot":"TinyHardpoint3", "Item":"Hpt_ShieldBooster_Size0_Class4", "On":true, "Priority":0, "Health":1.000000, "Value":122000 }, { "Slot":"Armour", "Item":"Type6_Armour_Grade1", "On":true, "Priority":1, "Health":1.000000, "Value":0 }, { "Slot":"PowerPlant", "Item":"Int_Powerplant_Size3_Class5", "On":true, "Priority":1, "Health":1.000000, "Value":507912 }, { "Slot":"MainEngines", "Item":"Int_Engine_Size4_Class3", "On":true, "Priority":0, "Health":1.000000, "Value":178898 }, { "Slot":"FrameShiftDrive", "Item":"Int_Hyperdrive_Size4_Class4", "On":true, "Priority":0, "Health":1.000000, "Value":536693 }, { "Slot":"LifeSupport", "Item":"Int_LifeSupport_Size2_Class1", "On":true, "Priority":2, "Health":1.000000, "Value":1448 }, { "Slot":"PowerDistributor", "Item":"Int_PowerDistributor_Size3_Class5", "On":true, "Priority":0, "Health":1.000000, "Value":158331 }, { "Slot":"Radar", "Item":"Int_Sensors_Size2_Class5", "On":true, "Priority":0, "Health":1.000000, "Value":56547 }, { "Slot":"FuelTank", "Item":"Int_FuelTank_Size4_Class3", "On":true, "Priority":1, "Health":1.000000, "Value":24734 }, { "Slot":"Slot01_Size5", "Item":"Int_CargoRack_Size5_Class1", "On":true, "Priority":1, "Health":1.000000, "Value":111566 }, { "Slot":"Slot02_Size5", "Item":"Int_CargoRack_Size5_Class1", "On":true, "Priority":1, "Health":1.000000, "Value":111566 }, { "Slot":"Slot03_Size4", "Item":"Int_Refinery_Size3_Class5", "On":true, "Priority":0, "Health":1.000000, "Value":2143260 }, { "Slot":"Slot04_Size4", "Item":"Int_DroneControl_Collection_Size3_Class5", "On":true, "Priority":0, "Health":1.000000, "Value":86400 }, { "Slot":"Slot05_Size3", "Item":"Int_ShieldGenerator_Size3_Class1", "On":true, "Priority":2, "Health":1.000000, "Value":6271 }, { "Slot":"Slot06_Size2", "Item":"Int_FuelScoop_Size1_Class3", "On":true, "Priority":0, "Health":1.000000, "Value":5142 }, { "Slot":"Slot07_Size2", "Item":"Int_StellarBodyDiscoveryScanner_Standard", "On":true, "Priority":1, "Health":1.000000, "Value":1000 }, { "Slot":"PlanetaryApproachSuite", "Item":"Int_PlanetApproachSuite", "On":true, "Priority":1, "Health":1.000000, "Value":500 }, { "Slot":"ShipCockpit", "Item":"Type6_Cockpit", "On":true, "Priority":1, "Health":1.000000, "Value":0 }, { "Slot":"CargoHatch", "Item":"ModularCargoBayDoor", "On":true, "Priority":2, "Health":1.000000, "Value":0 } ] }
{ "timestamp":"2018-01-03T00:59:31Z", "event":"Materials", "Raw":[ { "Name":"phosphorus", "Count":15 }, { "Name":"iron", "Count":24 }, { "Name":"sulphur", "Count":18 }, { "Name":"nickel", "Count":21 }, { "Name":"carbon", "Count":15 }, { "Name":"chromium", "Count":6 }, { "Name":"molybdenum", "Count":3 }, { "Name":"manganese", "Count":6 }, { "Name":"cadmium", "Count":3 }, { "Name":"germanium", "Count":3 } ], "Manufactured":[ { "Name":"gridresistors", "Count":10 }, { "Name":"mechanicalscrap", "Count":10 }, { "Name":"mechanicalequipment", "Count":9 }, { "Name":"heatconductionwiring", "Count":6 }, { "Name":"focuscrystals", "Count":16 }, { "Name":"salvagedalloys", "Count":36 }, { "Name":"chemicalprocessors", "Count":21 }, { "Name":"heatdispersionplate", "Count":3 }, { "Name":"phasealloys", "Count":15 }, { "Name":"shieldingsensors", "Count":18 }, { "Name":"wornshieldemitters", "Count":48 }, { "Name":"galvanisingalloys", "Count":33 }, { "Name":"uncutfocuscrystals", "Count":1 }, { "Name":"hybridcapacitors", "Count":1 }, { "Name":"configurablecomponents", "Count":6 }, { "Name":"highdensitycomposites", "Count":6 }, { "Name":"mechanicalcomponents", "Count":3 }, { "Name":"fedproprietarycomposites", "Count":12 }, { "Name":"fedcorecomposites", "Count":3 }, { "Name":"shieldemitters", "Count":6 }, { "Name":"conductivecomponents", "Count":1 }, { "Name":"refinedfocuscrystals", "Count":6 }, { "Name":"chemicaldistillery", "Count":3 }, { "Name":"protolightalloys", "Count":3 }, { "Name":"conductiveceramics", "Count":1 }, { "Name":"precipitatedalloys", "Count":1 } ], "Encoded":[ { "Name":"decodedemissiondata", "Count":3 }, { "Name":"emissiondata", "Count":6 }, { "Name":"shieldsoakanalysis", "Count":15 }, { "Name":"shielddensityreports", "Count":24 }, { "Name":"scanarchives", "Count":12 }, { "Name":"shieldpatternanalysis", "Count":12 }, { "Name":"shieldcyclerecordings", "Count":36 }, { "Name":"encodedscandata", "Count":9 }, { "Name":"fsdtelemetry", "Count":5 }, { "Name":"scandatabanks", "Count":4 }, { "Name":"legacyfirmware", "Count":7 }, { "Name":"archivedemissiondata", "Count":3 }, { "Name":"disruptedwakeechoes", "Count":5 }, { "Name":"industrialfirmware", "Count":2 }, { "Name":"bulkscandata", "Count":7 }, { "Name":"embeddedfirmware", "Count":1 }, { "Name":"scrambledemissiondata", "Count":1 } ] }
{ "timestamp":"2018-01-03T00:59:31Z", "event":"LoadGame", "Commander":"Sleep Runner", "Ship":"Type6", "ShipID":3, "ShipName":"TY6-TRAN", "ShipIdent":"SL-12T", "FuelLevel":16.000000, "FuelCapacity":16.000000, "GameMode":"Open", "Credits":273444, "Loan":0 }
{ "timestamp":"2018-01-03T00:59:31Z", "event":"Rank", "Combat":1, "Trade":3, "Explore":3, "Empire":0, "Federation":1, "CQC":0 }
{ "timestamp":"2018-01-03T00:59:31Z", "event":"Progress", "Combat":2, "Trade":23, "Explore":2, "Empire":0, "Federation":81, "CQC":0 }
{ "timestamp":"2018-01-03T00:59:45Z", "event":"Location", "Docked":true, "StationName":"Vela Port", "StationType":"Coriolis", "StarSystem":"Amarak", "StarPos":[-68.438,26.000,26.469], "SystemAllegiance":"Federation", "SystemEconomy":"$economy_HighTech;", "SystemEconomy_Localised":"Высокие технологии", "SystemGovernment":"$government_Corporate;", "SystemGovernment_Localised":"Корпоративная", "SystemSecurity":"$SYSTEM_SECURITY_high;", "SystemSecurity_Localised":"Высок. ур. безопасности", "Population":10248421, "Body":"Vela Port", "BodyType":"Station", "Factions":[ { "Name":"Pilots Federation Local Branch", "FactionState":"None", "Government":"Democracy", "Influence":0.000000, "Allegiance":"PilotsFederation" }, { "Name":"Tarutaalli Group", "FactionState":"None", "Government":"Corporate", "Influence":0.087000, "Allegiance":"Federation", "PendingStates":[ { "State":"Boom", "Trend":1 }, { "State":"CivilUnrest", "Trend":0 } ], "RecoveringStates":[ { "State":"Lockdown", "Trend":0 } ] }, { "Name":"Amarak Comms Partners", "FactionState":"Boom", "Government":"Corporate", "Influence":0.500000, "Allegiance":"Federation" }, { "Name":"Amarak Dominion", "FactionState":"Boom", "Government":"Dictatorship", "Influence":0.152000, "Allegiance":"Independent" }, { "Name":"Amarak Silver Family", "FactionState":"CivilWar", "Government":"Anarchy", "Influence":0.073000, "Allegiance":"Independent", "RecoveringStates":[ { "State":"Boom", "Trend":0 } ] }, { "Name":"Syndicate of LHS 3385", "FactionState":"Boom", "Government":"Anarchy", "Influence":0.070000, "Allegiance":"Independent" }, { "Name":"Amarak Republic Party", "FactionState":"CivilWar", "Government":"Democracy", "Influence":0.073000, "Allegiance":"Federation", "PendingStates":[ { "State":"Boom", "Trend":0 } ] }, { "Name":"Ronin of Amarak", "FactionState":"None", "Government":"Anarchy", "Influence":0.045000, "Allegiance":"Independent" } ], "SystemFaction":"Amarak Comms Partners", "FactionState":"Boom" }
{ "timestamp":"2018-01-03T00:59:45Z", "event":"Music", "MusicTrack":"NoTrack" }
{ "timestamp":"2018-01-03T00:59:45Z", "event":"Docked", "StationName":"Vela Port", "StationType":"Coriolis", "StarSystem":"Amarak", "StationFaction":"Amarak Comms Partners", "FactionState":"Boom", "StationGovernment":"$government_Corporate;", "StationGovernment_Localised":"Корпоративная", "StationAllegiance":"Federation", "StationServices":[ "Dock", "Autodock", "BlackMarket", "Commodities", "Contacts", "Exploration", "Missions", "Outfitting", "CrewLounge", "Rearm", "Refuel", "Repair", "Shipyard", "Tuning", "MissionsGenerated", "FlightController", "StationOperations", "Powerplay", "SearchAndRescue" ], "StationEconomy":"$economy_HighTech;", "StationEconomy_Localised":"Высокие технологии", "DistFromStarLS":1161.521362 }
{ "timestamp":"2018-01-03T00:59:45Z", "event":"Music", "MusicTrack":"Starport" }
{ "timestamp":"2018-01-03T01:01:13Z", "event":"MissionAccepted", "Faction":"Amarak Silver Family", "Name":"Mission_Disable_CivilWar", "LocalisedName":"Выведите из строя электросеть цели. Это: Установка", "Target":"$MissionUtil_Settlement_Target_Turret;", "Target_Localised":"Установка", "Expiry":"2018-01-04T15:47:17Z", "Influence":"Med", "Reputation":"Med", "Reward":396026, "MissionID":278520039 }
{ "timestamp":"2018-01-03T01:01:15Z", "event":"MissionAccepted", "Faction":"Amarak Silver Family", "Name":"Mission_Disable_CivilWar", "LocalisedName":"Выведите из строя электросеть цели. Это: Поселение", "Target":"$MissionUtil_Settlement_Target_Building;", "Target_Localised":"Поселение", "Expiry":"2018-01-05T09:59:03Z", "Influence":"Med", "Reputation":"Med", "Reward":521800, "MissionID":278520079 }
{ "timestamp":"2018-01-03T01:01:17Z", "event":"MissionAccepted", "Faction":"Amarak Silver Family", "Name":"Mission_Disable_CivilWar", "LocalisedName":"Выведите из строя электросеть цели. Это: Установка", "Target":"$MissionUtil_Settlement_Target_Turret;", "Target_Localised":"Установка", "Expiry":"2018-01-07T16:20:21Z", "Influence":"Med", "Reputation":"Med", "Reward":1164564, "MissionID":278520100 }
{ "timestamp":"2018-01-03T01:01:19Z", "event":"MissionAccepted", "Faction":"Amarak Silver Family", "Name":"Mission_Disable_CivilWar", "LocalisedName":"Выведите из строя электросеть цели. Это: Установка", "Target":"$MissionUtil_Settlement_Target_Turret;", "Target_Localised":"Установка", "Expiry":"2018-01-03T13:16:45Z", "Influence":"Med", "Reputation":"Med", "Reward":175234, "MissionID":278520125 }
{ "timestamp":"2018-01-03T01:01:38Z", "event":"MissionAccepted", "Faction":"Ronin of Amarak", "Name":"Mission_Disable_HighTech", "LocalisedName":"Отключите электросеть цели. Это: Установка", "Target":"$MissionUtil_Settlement_Target_Turret;", "Target_Localised":"Установка", "Expiry":"2018-01-03T14:21:44Z", "Influence":"Med", "Reputation":"Med", "Reward":153396, "MissionID":278520356 }
{ "timestamp":"2018-01-03T01:01:40Z", "event":"MissionAccepted", "Faction":"Ronin of Amarak", "Name":"Mission_Disable_HighTech", "LocalisedName":"Отключите электросеть цели. Это: Установка", "Target":"$MissionUtil_Settlement_Target_Turret;", "Target_Localised":"Установка", "Expiry":"2018-01-04T00:25:19Z", "Influence":"Med", "Reputation":"Med", "Reward":153674, "MissionID":278520378 }
{ "timestamp":"2018-01-03T01:01:43Z", "event":"MissionAccepted", "Faction":"Ronin of Amarak", "Name":"Mission_Disable_HighTech", "LocalisedName":"Отключите электросеть цели. Это: Установка", "Target":"$MissionUtil_Settlement_Target_Turret;", "Target_Localised":"Установка", "Expiry":"2018-01-03T14:12:39Z", "Influence":"Med", "Reputation":"Med", "Reward":175280, "MissionID":278520410 }
{ "timestamp":"2018-01-03T01:01:44Z", "event":"MissionAccepted", "Faction":"Ronin of Amarak", "Name":"Mission_Disable_HighTech", "LocalisedName":"Отключите электросеть цели. Это: Установка", "Target":"$MissionUtil_Settlement_Target_Turret;", "Target_Localised":"Установка", "Expiry":"2018-01-03T16:35:23Z", "Influence":"Med", "Reputation":"Med", "Reward":176106, "MissionID":278520432 }
{ "timestamp":"2018-01-03T01:01:46Z", "event":"MissionAccepted", "Faction":"Ronin of Amarak", "Name":"Mission_Disable_HighTech", "LocalisedName":"Отключите электросеть цели. Это: Установка", "Target":"$MissionUtil_Settlement_Target_Turret;", "Target_Localised":"Установка", "Expiry":"2018-01-04T00:31:21Z", "Influence":"Med", "Reputation":"Med", "Reward":174460, "MissionID":278520458 }
{ "timestamp":"2018-01-03T01:03:17Z", "event":"SellDrones", "Type":"Drones", "Count":42, "SellPrice":101, "TotalSale":4242 }
{ "timestamp":"2018-01-03T01:03:22Z", "event":"ShipyardSwap", "ShipType":"cobramkiii", "ShipID":1, "StoreOldShip":"Type6", "StoreShipID":3 }
{ "timestamp":"2018-01-03T01:03:24Z", "event":"Cargo", "Inventory":[  ] }
{ "timestamp":"2018-01-03T01:03:24Z", "event":"Loadout", "Ship":"CobraMkIII", "ShipID":1, "ShipName":"SLEEPY-ONE", "ShipIdent":"#SLEEP", "Modules":[ { "Slot":"MediumHardpoint1", "Item":"Hpt_PulseLaser_Gimbal_Medium", "On":true, "Priority":0, "Health":1.000000, "Value":35400 }, { "Slot":"MediumHardpoint2", "Item":"Hpt_PulseLaser_Gimbal_Medium", "On":true, "Priority":0, "Health":1.000000, "Value":35400 }, { "Slot":"SmallHardpoint1", "Item":"Hpt_MultiCannon_Gimbal_Small", "On":true, "Priority":0, "AmmoInClip":90, "AmmoInHopper":2100, "Health":1.000000, "Value":12825 }, { "Slot":"SmallHardpoint2", "Item":"Hpt_MultiCannon_Gimbal_Small", "On":true, "Priority":0, "AmmoInClip":90, "AmmoInHopper":2100, "Health":1.000000, "Value":12825 }, { "Slot":"TinyHardpoint1", "Item":"Hpt_ShieldBooster_Size0_Class5", "On":false, "Priority":0, "Health":1.000000, "Value":281000 }, { "Slot":"TinyHardpoint2", "Item":"Hpt_CrimeScanner_Size0_Class2", "On":true, "Priority":0, "Health":1.000000, "Value":40633 }, { "Slot":"PaintJob", "Item":"PaintJob_CobraMkIII_Militaire_Sand", "On":true, "Priority":1, "Health":1.000000, "Value":0 }, { "Slot":"Armour", "Item":"CobraMkIII_Armour_Reactive", "On":true, "Priority":1, "Health":1.000000, "Value":824285 }, { "Slot":"PowerPlant", "Item":"Int_Powerplant_Size4_Class5", "On":true, "Priority":1, "Health":1.000000, "Value":1610080 }, { "Slot":"MainEngines", "Item":"Int_Engine_Size4_Class5", "On":true, "Priority":0, "Health":1.000000, "Value":1610080 }, { "Slot":"FrameShiftDrive", "Item":"Int_Hyperdrive_Size4_Class5", "On":true, "Priority":0, "Health":1.000000, "Value":1610080 }, { "Slot":"LifeSupport", "Item":"Int_LifeSupport_Size3_Class1", "On":true, "Priority":2, "Health":1.000000, "Value":4053 }, { "Slot":"PowerDistributor", "Item":"Int_PowerDistributor_Size3_Class5", "On":true, "Priority":0, "Health":1.000000, "Value":158331 }, { "Slot":"Radar", "Item":"Int_Sensors_Size3_Class5", "On":true, "Priority":0, "Health":1.000000, "Value":158331 }, { "Slot":"FuelTank", "Item":"Int_FuelTank_Size4_Class3", "On":true, "Priority":1, "Health":1.000000, "Value":24734 }, { "Slot":"Slot01_Size4", "Item":"Int_CargoRack_Size4_Class1", "On":true, "Priority":1, "Health":1.000000, "Value":34328 }, { "Slot":"Slot02_Size4", "Item":"Int_FuelScoop_Size2_Class5", "On":true, "Priority":0, "Health":1.000000, "Value":284844 }, { "Slot":"Slot03_Size4", "Item":"Int_ShieldGenerator_Size4_Class5", "On":true, "Priority":0, "Health":1.000000, "Value":1610080 }, { "Slot":"Slot04_Size2", "Item":"Int_BuggyBay_Size2_Class1", "On":true, "Priority":0, "Health":1.000000, "Value":18000 }, { "Slot":"Slot05_Size2", "Item":"Int_FSDInterdictor_Size1_Class2", "On":true, "Priority":0, "Health":1.000000, "Value":36000 }, { "Slot":"Slot06_Size2", "Item":"Int_StellarBodyDiscoveryScanner_Advanced", "On":true, "Priority":1, "Health":1.000000, "Value":1545000 }, { "Slot":"PlanetaryApproachSuite", "Item":"Int_PlanetApproachSuite", "On":true, "Priority":1, "Health":1.000000, "Value":500 }, { "Slot":"ShipCockpit", "Item":"CobraMkIII_Cockpit", "On":true, "Priority":1, "Health":1.000000, "Value":0 }, { "Slot":"CargoHatch", "Item":"ModularCargoBayDoor", "On":true, "Priority":2, "Health":1.000000, "Value":0 } ] }
{ "timestamp":"2018-01-03T01:03:24Z", "event":"Music", "MusicTrack":"NoTrack" }
{ "timestamp":"2018-01-03T01:03:36Z", "event":"Docked", "StationName":"Vela Port", "StationType":"Coriolis", "StarSystem":"Amarak", "StationFaction":"Amarak Comms Partners", "FactionState":"Boom", "StationGovernment":"$government_Corporate;", "StationGovernment_Localised":"Корпоративная", "StationAllegiance":"Federation", "StationServices":[ "Dock", "Autodock", "BlackMarket", "Commodities", "Contacts", "Exploration", "Missions", "Outfitting", "CrewLounge", "Rearm", "Refuel", "Repair", "Shipyard", "Tuning", "MissionsGenerated", "FlightController", "StationOperations", "Powerplay", "SearchAndRescue" ], "StationEconomy":"$economy_HighTech;", "StationEconomy_Localised":"Высокие технологии", "DistFromStarLS":1161.523438 }
{ "timestamp":"2018-01-03T01:03:36Z", "event":"Music", "MusicTrack":"Starport" }
{ "timestamp":"2018-01-03T01:04:02Z", "event":"Music", "MusicTrack":"SystemMap" }
{ "timestamp":"2018-01-03T01:04:05Z", "event":"Music", "MusicTrack":"Starport" }
{ "timestamp":"2018-01-03T01:04:08Z", "event":"Music", "MusicTrack":"GalaxyMap" }
{ "timestamp":"2018-01-03T01:04:11Z", "event":"Undocked", "StationName":"Vela Port", "StationType":"Coriolis" }
{ "timestamp":"2018-01-03T01:04:21Z", "event":"Music", "MusicTrack":"SystemMap" }
{ "timestamp":"2018-01-03T01:04:36Z", "event":"Music", "MusicTrack":"GalaxyMap" }
{ "timestamp":"2018-01-03T01:04:37Z", "event":"Music", "MusicTrack":"Starport" }
{ "timestamp":"2018-01-03T01:04:55Z", "event":"Music", "MusicTrack":"NoTrack" }
{ "timestamp":"2018-01-03T01:05:47Z", "event":"ReceiveText", "From":"Vela Port", "Message":"$STATION_NoFireZone_exited;", "Message_Localised":"Вы вышли из зоны запрета огня", "Channel":"npc" }
{ "timestamp":"2018-01-03T01:05:52Z", "event":"StartJump", "JumpType":"Hyperspace", "StarSystem":"Aritimi", "StarClass":"G" }
{ "timestamp":"2018-01-03T01:06:10Z", "event":"FSDJump", "StarSystem":"Aritimi", "StarPos":[-64.656,31.063,19.875], "SystemAllegiance":"Federation", "SystemEconomy":"$economy_Agri;", "SystemEconomy_Localised":"Сельское хозяйство", "SystemGovernment":"$government_Corporate;", "SystemGovernment_Localised":"Корпоративная", "SystemSecurity":"$SYSTEM_SECURITY_medium;", "SystemSecurity_Localised":"Средн. ур. безопасности", "Population":680115139, "JumpDist":9.133, "FuelUsed":0.554340, "FuelLevel":15.445661, "Factions":[ { "Name":"Aritimi Free", "FactionState":"Boom", "Government":"Democracy", "Influence":0.164000, "Allegiance":"Federation" }, { "Name":"Pilots Federation Local Branch", "FactionState":"None", "Government":"Democracy", "Influence":0.000000, "Allegiance":"PilotsFederation" }, { "Name":"Nootkenk People's Co-operative", "FactionState":"None", "Government":"Cooperative", "Influence":0.109000, "Allegiance":"Independent", "PendingStates":[ { "State":"Outbreak", "Trend":0 } ], "RecoveringStates":[ { "State":"Boom", "Trend":-1 } ] }, { "Name":"Future of Bhumatz", "FactionState":"Boom", "Government":"Democracy", "Influence":0.075000, "Allegiance":"Federation", "PendingStates":[ { "State":"War", "Trend":0 }, { "State":"Retreat", "Trend":0 } ] }, { "Name":"Aritimi Exchange", "FactionState":"Boom", "Government":"Corporate", "Influence":0.442000, "Allegiance":"Federation" }, { "Name":"Natural Aritimi League", "FactionState":"Boom", "Government":"Dictatorship", "Influence":0.075000, "Allegiance":"Independent", "PendingStates":[ { "State":"War", "Trend":0 } ], "RecoveringStates":[ { "State":"Famine", "Trend":0 } ] }, { "Name":"Aritimi Services", "FactionState":"Boom", "Government":"Corporate", "Influence":0.097000, "Allegiance":"Independent", "PendingStates":[ { "State":"Famine", "Trend":0 } ] }, { "Name":"Partnership of Aritimi", "FactionState":"None", "Government":"Anarchy", "Influence":0.038000, "Allegiance":"Independent" } ], "SystemFaction":"Aritimi Exchange", "FactionState":"Boom" }
{ "timestamp":"2018-01-03T01:06:10Z", "event":"Music", "MusicTrack":"DestinationFromHyperspace" }
{ "timestamp":"2018-01-03T01:06:15Z", "event":"Music", "MusicTrack":"Supercruise" }
{ "timestamp":"2018-01-03T01:08:51Z", "event":"ApproachSettlement", "Name":"Haller Point" }
{ "timestamp":"2018-01-03T01:08:51Z", "event":"ApproachSettlement", "Name":"Bisson Installation" }
{ "timestamp":"2018-01-03T01:08:51Z", "event":"ApproachSettlement", "Name":"Clapperton Enterprise ++" }
{ "timestamp":"2018-01-03T01:08:51Z", "event":"ApproachSettlement", "Name":"Aguirre Hub" }
{ "timestamp":"2018-01-03T01:09:03Z", "event":"ApproachSettlement", "Name":"Aguirre Hub" }
{ "timestamp":"2018-01-03T01:09:05Z", "event":"ApproachSettlement", "Name":"Haller Point" }
{ "timestamp":"2018-01-03T01:09:05Z", "event":"ApproachSettlement", "Name":"Bisson Installation" }
{ "timestamp":"2018-01-03T01:09:05Z", "event":"ApproachSettlement", "Name":"Clapperton Enterprise ++" }
{ "timestamp":"2018-01-03T01:10:41Z", "event":"ApproachSettlement", "Name":"Bisson Installation" }
{ "timestamp":"2018-01-03T01:10:41Z", "event":"ApproachSettlement", "Name":"Clapperton Enterprise ++" }
{ "timestamp":"2018-01-03T01:10:43Z", "event":"SupercruiseExit", "StarSystem":"Aritimi", "Body":"Aritimi 9 c", "BodyType":"Planet" }
{ "timestamp":"2018-01-03T01:10:44Z", "event":"Music", "MusicTrack":"Exploration" }
{ "timestamp":"2018-01-03T01:11:47Z", "event":"Touchdown", "PlayerControlled":true, "Latitude":-6.450543, "Longitude":-95.960686 }
{ "timestamp":"2018-01-03T01:11:52Z", "event":"LaunchSRV", "Loadout":"starter", "PlayerControlled":true }
{ "timestamp":"2018-01-03T01:12:13Z", "event":"ShieldState", "ShieldsUp":true }
{ "timestamp":"2018-01-03T01:12:18Z", "event":"Liftoff", "PlayerControlled":false }
{ "timestamp":"2018-01-03T01:13:34Z", "event":"Music", "MusicTrack":"Combat_SRV" }
{ "timestamp":"2018-01-03T01:13:34Z", "event":"CommitCrime", "CrimeType":"assault", "Faction":"Natural Aritimi League", "Victim":"$poi_turretbasea_name;", "Victim_Localised":"Оборонительная турель", "Bounty":360 }
{ "timestamp":"2018-01-03T01:13:45Z", "event":"CommitCrime", "CrimeType":"assault", "Faction":"Natural Aritimi League", "Victim":"$poi_turretbasea_name;", "Victim_Localised":"Оборонительная турель", "Bounty":360 }
{ "timestamp":"2018-01-03T01:14:00Z", "event":"CommitCrime", "CrimeType":"assault", "Faction":"Natural Aritimi League", "Victim":"$poi_generator_name;", "Victim_Localised":"Генератор", "Bounty":360 }
{ "timestamp":"2018-01-03T01:14:05Z", "event":"Music", "MusicTrack":"Exploration" }
{ "timestamp":"2018-01-03T01:14:05Z", "event":"MissionRedirected", "MissionID":278520039, "Name":"Mission_Disable_CivilWar_name", "NewDestinationStation":"Vela Port", "NewDestinationSystem":"Amarak", "OldDestinationStation":"Bisson Installation", "OldDestinationSystem":"Aritimi" }
{ "timestamp":"2018-01-03T01:14:23Z", "event":"Music", "MusicTrack":"SystemMap" }
{ "timestamp":"2018-01-03T01:14:28Z", "event":"Music", "MusicTrack":"Exploration" }
{ "timestamp":"2018-01-03T01:17:04Z", "event":"Music", "MusicTrack":"Combat_SRV" }
{ "timestamp":"2018-01-03T01:17:16Z", "event":"Music", "MusicTrack":"Exploration" }
{ "timestamp":"2018-01-03T01:17:17Z", "event":"MissionRedirected", "MissionID":278520458, "Name":"Mission_Disable_HighTech_name", "NewDestinationStation":"Vela Port", "NewDestinationSystem":"Amarak", "OldDestinationStation":"Bisson Installation", "OldDestinationSystem":"Aritimi" }
{ "timestamp":"2018-01-03T01:17:23Z", "event":"Music", "MusicTrack":"SystemMap" }
{ "timestamp":"2018-01-03T01:17:27Z", "event":"Music", "MusicTrack":"Exploration" }
{ "timestamp":"2018-01-03T01:20:16Z", "event":"Music", "MusicTrack":"Combat_SRV" }
{ "timestamp":"2018-01-03T01:20:21Z", "event":"MissionRedirected", "MissionID":278520432, "Name":"Mission_Disable_HighTech_name", "NewDestinationStation":"Vela Port", "NewDestinationSystem":"Amarak", "OldDestinationStation":"Bisson Installation", "OldDestinationSystem":"Aritimi" }
{ "timestamp":"2018-01-03T01:20:22Z", "event":"Music", "MusicTrack":"Exploration" }
{ "timestamp":"2018-01-03T01:20:37Z", "event":"Music", "MusicTrack":"SystemMap" }
{ "timestamp":"2018-01-03T01:20:40Z", "event":"Music", "MusicTrack":"Exploration" }
{ "timestamp":"2018-01-03T01:23:21Z", "event":"Music", "MusicTrack":"Combat_SRV" }
{ "timestamp":"2018-01-03T01:23:31Z", "event":"DatalinkScan", "Message":"$DataLink_ScannedInfo_Operations;", "Message_Localised":"Есть доступ к военной сети" }
{ "timestamp":"2018-01-03T01:23:43Z", "event":"Music", "MusicTrack":"Exploration" }
{ "timestamp":"2018-01-03T01:23:44Z", "event":"MissionRedirected", "MissionID":278520410, "Name":"Mission_Disable_HighTech_name", "NewDestinationStation":"Vela Port", "NewDestinationSystem":"Amarak", "OldDestinationStation":"Bisson Installation", "OldDestinationSystem":"Aritimi" }
{ "timestamp":"2018-01-03T01:23:52Z", "event":"Music", "MusicTrack":"SystemMap" }
{ "timestamp":"2018-01-03T01:23:54Z", "event":"Music", "MusicTrack":"Exploration" }
{ "timestamp":"2018-01-03T01:25:06Z", "event":"HullDamage", "Health":0.746605, "PlayerPilot":true }
{ "timestamp":"2018-01-03T01:26:43Z", "event":"Music", "MusicTrack":"Combat_SRV" }
{ "timestamp":"2018-01-03T01:26:48Z", "event":"MissionRedirected", "MissionID":278520378, "Name":"Mission_Disable_HighTech_name", "NewDestinationStation":"Vela Port", "NewDestinationSystem":"Amarak", "OldDestinationStation":"Bisson Installation", "OldDestinationSystem":"Aritimi" }
{ "timestamp":"2018-01-03T01:26:48Z", "event":"Music", "MusicTrack":"Exploration" }
{ "timestamp":"2018-01-03T01:26:54Z", "event":"Music", "MusicTrack":"SystemMap" }
{ "timestamp":"2018-01-03T01:26:59Z", "event":"Music", "MusicTrack":"Exploration" }
{ "timestamp":"2018-01-03T01:29:48Z", "event":"Music", "MusicTrack":"Combat_SRV" }
{ "timestamp":"2018-01-03T01:30:15Z", "event":"Music", "MusicTrack":"Exploration" }
{ "timestamp":"2018-01-03T01:30:15Z", "event":"MissionRedirected", "MissionID":278520356, "Name":"Mission_Disable_HighTech_name", "NewDestinationStation":"Vela Port", "NewDestinationSystem":"Amarak", "OldDestinationStation":"Bisson Installation", "OldDestinationSystem":"Aritimi" }
{ "timestamp":"2018-01-03T01:30:21Z", "event":"Music", "MusicTrack":"SystemMap" }
{ "timestamp":"2018-01-03T01:30:25Z", "event":"Music", "MusicTrack":"Exploration" }
{ "timestamp":"2018-01-03T01:31:00Z", "event":"HullDamage", "Health":0.586348, "PlayerPilot":true }
{ "timestamp":"2018-01-03T01:33:14Z", "event":"Music", "MusicTrack":"Combat_SRV" }
{ "timestamp":"2018-01-03T01:33:25Z", "event":"Music", "MusicTrack":"Exploration" }
{ "timestamp":"2018-01-03T01:33:25Z", "event":"MissionRedirected", "MissionID":278520125, "Name":"Mission_Disable_CivilWar_name", "NewDestinationStation":"Vela Port", "NewDestinationSystem":"Amarak", "OldDestinationStation":"Bisson Installation", "OldDestinationSystem":"Aritimi" }
{ "timestamp":"2018-01-03T01:33:31Z", "event":"Music", "MusicTrack":"SystemMap" }
{ "timestamp":"2018-01-03T01:33:37Z", "event":"Music", "MusicTrack":"Exploration" }
{ "timestamp":"2018-01-03T01:35:35Z", "event":"HullDamage", "Health":0.283150, "PlayerPilot":true }
{ "timestamp":"2018-01-03T01:35:56Z", "event":"Music", "MusicTrack":"SystemMap" }
{ "timestamp":"2018-01-03T01:36:00Z", "event":"Music", "MusicTrack":"Exploration" }
{ "timestamp":"2018-01-03T01:36:24Z", "event":"Music", "MusicTrack":"Combat_SRV" }
{ "timestamp":"2018-01-03T01:37:09Z", "event":"Music", "MusicTrack":"Exploration" }
{ "timestamp":"2018-01-03T01:38:54Z", "event":"Touchdown", "PlayerControlled":false }
{ "timestamp":"2018-01-03T01:39:33Z", "event":"DockSRV" }
{ "timestamp":"2018-01-03T01:40:07Z", "event":"Liftoff", "PlayerControlled":true, "Latitude":-6.432819, "Longitude":-95.955017 }
{ "timestamp":"2018-01-03T01:40:27Z", "event":"StartJump", "JumpType":"Supercruise" }
{ "timestamp":"2018-01-03T01:40:27Z", "event":"ApproachSettlement", "Name":"Haller Point" }
{ "timestamp":"2018-01-03T01:40:27Z", "event":"ApproachSettlement", "Name":"Aguirre Hub" }
{ "timestamp":"2018-01-03T01:40:27Z", "event":"ApproachSettlement", "Name":"Bisson Installation" }
{ "timestamp":"2018-01-03T01:40:27Z", "event":"ApproachSettlement", "Name":"Clapperton Enterprise ++" }
{ "timestamp":"2018-01-03T01:40:32Z", "event":"SupercruiseEntry", "StarSystem":"Aritimi" }
{ "timestamp":"2018-01-03T01:40:32Z", "event":"Music", "MusicTrack":"Supercruise" }
