{ "timestamp":"2017-12-27T15:45:34Z", "event":"Fileheader", "part":1, "language":"Russian\\RU", "gameversion":"2.4", "build":"r160439/r0 " }
{ "timestamp":"2017-12-27T15:45:34Z", "event":"Music", "MusicTrack":"NoTrack" }
{ "timestamp":"2017-12-27T15:45:34Z", "event":"Music", "MusicTrack":"MainMenu" }
{ "timestamp":"2017-12-27T15:48:12Z", "event":"Cargo", "Inventory":[  ] }
{ "timestamp":"2017-12-27T15:48:12Z", "event":"Loadout", "Ship":"CobraMkIII", "ShipID":1, "ShipName":"SLEEPY-ONE", "ShipIdent":"#SLEEP", "Modules":[ { "Slot":"MediumHardpoint1", "Item":"Hpt_PulseLaser_Gimbal_Medium", "On":true, "Priority":0, "Health":0.982542, "Value":35400 }, { "Slot":"MediumHardpoint2", "Item":"Hpt_PulseLaser_Gimbal_Medium", "On":true, "Priority":0, "Health":0.985148, "Value":35400 }, { "Slot":"SmallHardpoint1", "Item":"Hpt_MultiCannon_Gimbal_Small", "On":true, "Priority":0, "AmmoInClip":90, "AmmoInHopper":2100, "Health":0.984038, "Value":12825 }, { "Slot":"SmallHardpoint2", "Item":"Hpt_MultiCannon_Gimbal_Small", "On":true, "Priority":0, "AmmoInClip":90, "AmmoInHopper":2100, "Health":0.980668, "Value":12825 }, { "Slot":"TinyHardpoint1", "Item":"Hpt_CloudScanner_Size0_Class2", "On":true, "Priority":0, "Health":0.990779, "Value":40633 }, { "Slot":"TinyHardpoint2", "Item":"Hpt_CrimeScanner_Size0_Class2", "On":true, "Priority":0, "Health":0.987822, "Value":40633 }, { "Slot":"PaintJob", "Item":"PaintJob_CobraMkIII_Militaire_Sand", "On":true, "Priority":1, "Health":1.000000, "Value":0 }, { "Slot":"Armour", "Item":"CobraMkIII_Armour_Grade1", "On":true, "Priority":1, "Health":1.000000, "Value":0 }, { "Slot":"PowerPlant", "Item":"Int_Powerplant_Size3_Class5", "On":true, "Priority":1, "Health":0.989351, "Value":507912 }, { "Slot":"MainEngines", "Item":"Int_Engine_Size4_Class1", "On":true, "Priority":2, "Health":0.982081, "Value":19878 }, { "Slot":"FrameShiftDrive", "Item":"Int_Hyperdrive_Size4_Class1", "On":true, "Priority":2, "Health":0.980585, "Value":19878 }, { "Slot":"LifeSupport", "Item":"Int_LifeSupport_Size3_Class1", "On":true, "Priority":2, "Health":0.994178, "Value":4053 }, { "Slot":"PowerDistributor", "Item":"Int_PowerDistributor_Size3_Class5", "On":true, "Priority":0, "Health":0.994801, "Value":158331 }, { "Slot":"Radar", "Item":"Int_Sensors_Size3_Class1", "On":true, "Priority":2, "Health":0.985215, "Value":4053 }, { "Slot":"FuelTank", "Item":"Int_FuelTank_Size4_Class3", "On":true, "Priority":1, "Health":1.000000, "Value":24734 }, { "Slot":"Slot01_Size4", "Item":"Int_CargoRack_Size4_Class1", "On":true, "Priority":1, "Health":1.000000, "Value":34328 }, { "Slot":"Slot02_Size4", "Item":"Int_FuelScoop_Size2_Class5", "On":true, "Priority":0, "Health":0.997402, "Value":284844 }, { "Slot":"Slot03_Size4", "Item":"Int_ShieldGenerator_Size4_Class1", "On":true, "Priority":2, "Health":0.996704, "Value":19878 }, { "Slot":"Slot04_Size2", "Item":"Int_BuggyBay_Size2_Class1", "On":true, "Priority":0, "Health":0.991377, "Value":18000 }, { "Slot":"Slot05_Size2", "Item":"Int_FSDInterdictor_Size1_Class2", "On":true, "Priority":0, "Health":0.991949, "Value":36000 }, { "Slot":"Slot06_Size2", "Item":"Int_StellarBodyDiscoveryScanner_Standard", "On":true, "Priority":1, "Health":0.982611, "Value":1000 }, { "Slot":"PlanetaryApproachSuite", "Item":"Int_PlanetApproachSuite", "On":true, "Priority":1, "Health":1.000000, "Value":500 }, { "Slot":"ShipCockpit", "Item":"CobraMkIII_Cockpit", "On":true, "Priority":1, "Health":1.000000, "Value":0 }, { "Slot":"CargoHatch", "Item":"ModularCargoBayDoor", "On":true, "Priority":2, "Health":0.989876, "Value":0 } ] }
{ "timestamp":"2017-12-27T15:48:12Z", "event":"Materials", "Raw":[ { "Name":"phosphorus", "Count":12 }, { "Name":"iron", "Count":21 }, { "Name":"sulphur", "Count":18 }, { "Name":"nickel", "Count":21 }, { "Name":"carbon", "Count":12 }, { "Name":"chromium", "Count":6 }, { "Name":"molybdenum", "Count":3 }, { "Name":"manganese", "Count":6 } ], "Manufactured":[ { "Name":"gridresistors", "Count":9 }, { "Name":"mechanicalscrap", "Count":9 }, { "Name":"mechanicalequipment", "Count":9 }, { "Name":"heatconductionwiring", "Count":6 }, { "Name":"focuscrystals", "Count":12 }, { "Name":"salvagedalloys", "Count":30 }, { "Name":"chemicalprocessors", "Count":15 }, { "Name":"heatdispersionplate", "Count":3 }, { "Name":"phasealloys", "Count":9 }, { "Name":"shieldingsensors", "Count":12 }, { "Name":"wornshieldemitters", "Count":45 }, { "Name":"galvanisingalloys", "Count":24 }, { "Name":"uncutfocuscrystals", "Count":1 }, { "Name":"hybridcapacitors", "Count":1 }, { "Name":"configurablecomponents", "Count":6 }, { "Name":"highdensitycomposites", "Count":6 }, { "Name":"mechanicalcomponents", "Count":3 }, { "Name":"fedproprietarycomposites", "Count":12 }, { "Name":"fedcorecomposites", "Count":3 }, { "Name":"shieldemitters", "Count":3 }, { "Name":"conductivecomponents", "Count":1 }, { "Name":"refinedfocuscrystals", "Count":6 }, { "Name":"chemicaldistillery", "Count":3 }, { "Name":"protolightalloys", "Count":3 }, { "Name":"conductiveceramics", "Count":1 }, { "Name":"precipitatedalloys", "Count":1 } ], "Encoded":[ { "Name":"decodedemissiondata", "Count":3 }, { "Name":"emissiondata", "Count":6 }, { "Name":"shieldsoakanalysis", "Count":15 }, { "Name":"shielddensityreports", "Count":24 }, { "Name":"scanarchives", "Count":9 }, { "Name":"shieldpatternanalysis", "Count":9 }, { "Name":"shieldcyclerecordings", "Count":30 }, { "Name":"encodedscandata", "Count":9 }, { "Name":"fsdtelemetry", "Count":5 }, { "Name":"scandatabanks", "Count":4 }, { "Name":"legacyfirmware", "Count":5 }, { "Name":"archivedemissiondata", "Count":3 }, { "Name":"disruptedwakeechoes", "Count":5 }, { "Name":"industrialfirmware", "Count":1 }, { "Name":"bulkscandata", "Count":7 }, { "Name":"embeddedfirmware", "Count":1 } ] }
{ "timestamp":"2017-12-27T15:48:12Z", "event":"LoadGame", "Commander":"Sleep Runner", "Ship":"CobraMkIII", "ShipID":1, "ShipName":"SLEEPY-ONE", "ShipIdent":"#SLEEP", "FuelLevel":16.000000, "FuelCapacity":16.000000, "GameMode":"Open", "Credits":2439651, "Loan":0 }
{ "timestamp":"2017-12-27T15:48:12Z", "event":"Rank", "Combat":0, "Trade":3, "Explore":2, "Empire":0, "Federation":1, "CQC":0 }
{ "timestamp":"2017-12-27T15:48:12Z", "event":"Progress", "Combat":80, "Trade":8, "Explore":31, "Empire":0, "Federation":70, "CQC":0 }
{ "timestamp":"2017-12-27T15:48:17Z", "event":"ApproachSettlement", "Name":"Stokes Vision ++" }
{ "timestamp":"2017-12-27T15:48:25Z", "event":"Location", "Docked":false, "StarSystem":"Halai", "StarPos":[-63.500,24.656,32.375], "SystemAllegiance":"Federation", "SystemEconomy":"$economy_Industrial;", "SystemEconomy_Localised":"Промышленность", "SystemGovernment":"$government_Democracy;", "SystemGovernment_Localised":"Демократия", "SystemSecurity":"$SYSTEM_SECURITY_high;", "SystemSecurity_Localised":"Высок. ур. безопасности", "Population":17337033, "Body":"Halai A 3", "BodyType":"Planet", "Factions":[ { "Name":"Pilots Federation Local Branch", "FactionState":"None", "Government":"Democracy", "Influence":0.000000, "Allegiance":"PilotsFederation" }, { "Name":"Halai Republic Party", "FactionState":"None", "Government":"Democracy", "Influence":0.293000, "Allegiance":"Federation", "PendingStates":[ { "State":"Boom", "Trend":1 }, { "State":"Lockdown", "Trend":-1 } ] }, { "Name":"Nationals of Halai", "FactionState":"CivilWar", "Government":"Dictatorship", "Influence":0.203000, "Allegiance":"Independent", "PendingStates":[ { "State":"Outbreak", "Trend":0 } ], "RecoveringStates":[ { "State":"Boom", "Trend":0 } ] }, { "Name":"Halai Dynamic Network", "FactionState":"Boom", "Government":"Corporate", "Influence":0.214000, "Allegiance":"Independent" }, { "Name":"Syndicate of LHS 3385", "FactionState":"None", "Government":"Anarchy", "Influence":0.034000, "Allegiance":"Independent", "PendingStates":[ { "State":"Boom", "Trend":1 } ] }, { "Name":"Halai Bureau", "FactionState":"Boom", "Government":"Dictatorship", "Influence":0.159000, "Allegiance":"Independent" }, { "Name":"Halai Purple Cartel", "FactionState":"CivilWar", "Government":"Anarchy", "Influence":0.097000, "Allegiance":"Independent", "PendingStates":[ { "State":"Boom", "Trend":0 } ] } ], "SystemFaction":"Halai Republic Party" }
{ "timestamp":"2017-12-27T15:48:25Z", "event":"Music", "MusicTrack":"NoTrack" }
{ "timestamp":"2017-12-27T15:48:25Z", "event":"Music", "MusicTrack":"Exploration" }
{ "timestamp":"2017-12-27T15:48:43Z", "event":"StartJump", "JumpType":"Supercruise" }
{ "timestamp":"2017-12-27T15:48:43Z", "event":"ApproachSettlement", "Name":"Stokes Vision ++" }
{ "timestamp":"2017-12-27T15:48:43Z", "event":"ApproachSettlement", "Name":"al-Khayyam Enterprise" }
{ "timestamp":"2017-12-27T15:48:48Z", "event":"SupercruiseEntry", "StarSystem":"Halai" }
{ "timestamp":"2017-12-27T15:48:48Z", "event":"Music", "MusicTrack":"Supercruise" }
{ "timestamp":"2017-12-27T15:49:33Z", "event":"Music", "MusicTrack":"GalaxyMap" }
{ "timestamp":"2017-12-27T15:49:36Z", "event":"Music", "MusicTrack":"SystemMap" }
{ "timestamp":"2017-12-27T15:49:46Z", "event":"Music", "MusicTrack":"GalaxyMap" }
{ "timestamp":"2017-12-27T15:49:53Z", "event":"Music", "MusicTrack":"SystemMap" }
{ "timestamp":"2017-12-27T15:49:55Z", "event":"Music", "MusicTrack":"GalaxyMap" }
{ "timestamp":"2017-12-27T15:50:02Z", "event":"Music", "MusicTrack":"SystemMap" }
{ "timestamp":"2017-12-27T15:50:14Z", "event":"Music", "MusicTrack":"GalaxyMap" }
{ "timestamp":"2017-12-27T15:50:16Z", "event":"Music", "MusicTrack":"Supercruise" }
{ "timestamp":"2017-12-27T15:50:38Z", "event":"StartJump", "JumpType":"Hyperspace", "StarSystem":"LFT 1425", "StarClass":"K" }
{ "timestamp":"2017-12-27T15:50:43Z", "event":"Music", "MusicTrack":"NoTrack" }
{ "timestamp":"2017-12-27T15:50:57Z", "event":"FSDJump", "StarSystem":"LFT 1425", "StarPos":[-64.656,20.500,36.000], "SystemAllegiance":"Independent", "SystemEconomy":"$economy_Agri;", "SystemEconomy_Localised":"Сельское хозяйство", "SystemGovernment":"$government_Dictatorship;", "SystemGovernment_Localised":"Диктатура", "SystemSecurity":"$SYSTEM_SECURITY_medium;", "SystemSecurity_Localised":"Средн. ур. безопасности", "Population":568171763, "JumpDist":5.635, "FuelUsed":0.551664, "FuelLevel":15.448336, "Factions":[ { "Name":"Movement for Venetic Progressive Party", "FactionState":"None", "Government":"Democracy", "Influence":0.120000, "Allegiance":"Federation", "RecoveringStates":[ { "State":"Boom", "Trend":0 } ] }, { "Name":"Pilots Federation Local Branch", "FactionState":"None", "Government":"Democracy", "Influence":0.000000, "Allegiance":"PilotsFederation" }, { "Name":"Social LFT 1425 Free", "FactionState":"Boom", "Government":"Democracy", "Influence":0.135000, "Allegiance":"Federation" }, { "Name":"Halai Republic Party", "FactionState":"None", "Government":"Democracy", "Influence":0.059000, "Allegiance":"Federation", "PendingStates":[ { "State":"Boom", "Trend":1 }, { "State":"Lockdown", "Trend":-1 } ] }, { "Name":"LFT 1425 Gold Life Company", "FactionState":"CivilWar", "Government":"Corporate", "Influence":0.062000, "Allegiance":"Independent" }, { "Name":"Natural LFT 1425 Movement", "FactionState":"Boom", "Government":"Dictatorship", "Influence":0.376000, "Allegiance":"Independent", "PendingStates":[ { "State":"Outbreak", "Trend":1 } ] }, { "Name":"Raiders of LFT 1425", "FactionState":"CivilWar", "Government":"Anarchy", "Influence":0.076000, "Allegiance":"Independent" }, { "Name":"LFT 1425 Organisation", "FactionState":"Boom", "Government":"Corporate", "Influence":0.172000, "Allegiance":"Federation", "PendingStates":[ { "State":"Outbreak", "Trend":0 } ] } ], "SystemFaction":"Natural LFT 1425 Movement", "FactionState":"Boom" }
{ "timestamp":"2017-12-27T15:50:57Z", "event":"Music", "MusicTrack":"Supercruise" }
{ "timestamp":"2017-12-27T15:51:11Z", "event":"FuelScoop", "Scooped":0.551678, "Total":16.000000 }
{ "timestamp":"2017-12-27T15:51:34Z", "event":"StartJump", "JumpType":"Hyperspace", "StarSystem":"Alrai Sector BQ-Y c25", "StarClass":"K" }
{ "timestamp":"2017-12-27T15:51:40Z", "event":"Music", "MusicTrack":"NoTrack" }
{ "timestamp":"2017-12-27T15:51:53Z", "event":"FSDJump", "StarSystem":"Alrai Sector BQ-Y c25", "StarPos":[-71.844,19.156,35.938], "SystemAllegiance":"", "SystemEconomy":"$economy_None;", "SystemEconomy_Localised":"Нет", "SystemGovernment":"$government_None;", "SystemGovernment_Localised":"Нет", "SystemSecurity":"$GAlAXY_MAP_INFO_state_anarchy;", "SystemSecurity_Localised":"Анархия", "Population":0, "JumpDist":7.312, "FuelUsed":1.004432, "FuelLevel":14.995567 }
{ "timestamp":"2017-12-27T15:51:53Z", "event":"Music", "MusicTrack":"Supercruise" }
{ "timestamp":"2017-12-27T15:52:14Z", "event":"FuelScoop", "Scooped":0.764953, "Total":15.760521 }
{ "timestamp":"2017-12-27T15:52:25Z", "event":"StartJump", "JumpType":"Hyperspace", "StarSystem":"Ho Hsien", "StarClass":"K" }
{ "timestamp":"2017-12-27T15:52:30Z", "event":"Music", "MusicTrack":"NoTrack" }
{ "timestamp":"2017-12-27T15:52:44Z", "event":"FSDJump", "StarSystem":"Ho Hsien", "StarPos":[-76.031,21.906,38.094], "SystemAllegiance":"Federation", "SystemEconomy":"$economy_HighTech;", "SystemEconomy_Localised":"Высокие технологии", "SystemGovernment":"$government_Corporate;", "SystemGovernment_Localised":"Корпоративная", "SystemSecurity":"$SYSTEM_SECURITY_high;", "SystemSecurity_Localised":"Высок. ур. безопасности", "Population":7437159, "JumpDist":5.454, "FuelUsed":0.510314, "FuelLevel":15.250207, "Factions":[ { "Name":"HR 7079 Exchange", "FactionState":"Boom", "Government":"Corporate", "Influence":0.110000, "Allegiance":"Federation", "PendingStates":[ { "State":"Outbreak", "Trend":1 } ] }, { "Name":"Pilots Federation Local Branch", "FactionState":"None", "Government":"Democracy", "Influence":0.000000, "Allegiance":"PilotsFederation" }, { "Name":"Tarutaalli Group", "FactionState":"War", "Government":"Corporate", "Influence":0.010000, "Allegiance":"Federation", "PendingStates":[ { "State":"Boom", "Trend":1 }, { "State":"CivilUnrest", "Trend":0 }, { "State":"Lockdown", "Trend":0 } ] }, { "Name":"Ho Hsien Corporation", "FactionState":"Boom", "Government":"Corporate", "Influence":0.451000, "Allegiance":"Federation" }, { "Name":"Official Ho Hsien Liberty Party", "FactionState":"CivilWar", "Government":"Dictatorship", "Influence":0.166000, "Allegiance":"Independent" }, { "Name":"Ho Hsien Values Party", "FactionState":"CivilWar", "Government":"Democracy", "Influence":0.092000, "Allegiance":"Independent", "RecoveringStates":[ { "State":"Famine", "Trend":0 } ] }, { "Name":"Ho Hsien Purple Clan", "FactionState":"War", "Government":"Anarchy", "Influence":0.010000, "Allegiance":"Independent", "PendingStates":[ { "State":"Boom", "Trend":0 } ] }, { "Name":"Ho Hsien Legal Group", "FactionState":"Boom", "Government":"Corporate", "Influence":0.161000, "Allegiance":"Independent" } ], "SystemFaction":"Ho Hsien Corporation", "FactionState":"Boom" }
{ "timestamp":"2017-12-27T15:52:44Z", "event":"Music", "MusicTrack":"DestinationFromHyperspace" }
{ "timestamp":"2017-12-27T15:52:49Z", "event":"Music", "MusicTrack":"Supercruise" }
{ "timestamp":"2017-12-27T15:53:02Z", "event":"FuelScoop", "Scooped":0.493853, "Total":15.744049 }
{ "timestamp":"2017-12-27T15:53:23Z", "event":"ReceiveText", "From":"$ShipName_PassengerLiner_Cruise;", "From_Localised":"Круизное судно", "Message":"$CruiseLiner_SCPatrol04;", "Message_Localised":"Прошу внимания: сейчас стюарды ознакомят вас с краткой техникой безопасности.", "Channel":"npc" }
{ "timestamp":"2017-12-27T15:53:49Z", "event":"ReceiveText", "From":"$ShipName_PassengerLiner_Cruise;", "From_Localised":"Круизное судно", "Message":"$CruiseLiner_SCPatrol05;", "Message_Localised":"Говорит капитан. Из-за непредвиденных задержек мы прибываем в очередную точку назначения позднее запланированного.", "Channel":"npc" }
{ "timestamp":"2017-12-27T15:55:20Z", "event":"Music", "MusicTrack":"GalaxyMap" }
{ "timestamp":"2017-12-27T15:55:23Z", "event":"Music", "MusicTrack":"SystemMap" }
{ "timestamp":"2017-12-27T15:55:36Z", "event":"Music", "MusicTrack":"Supercruise" }
{ "timestamp":"2017-12-27T15:56:34Z", "event":"ApproachSettlement", "Name":"Moseley Base +" }
{ "timestamp":"2017-12-27T15:56:37Z", "event":"ApproachSettlement", "Name":"Onufriyenko Hub" }
{ "timestamp":"2017-12-27T15:57:37Z", "event":"ApproachSettlement", "Name":"Moseley Base +" }
{ "timestamp":"2017-12-27T15:57:39Z", "event":"SupercruiseExit", "StarSystem":"Ho Hsien", "Body":"Ho Hsien 7", "BodyType":"Planet" }
{ "timestamp":"2017-12-27T15:57:40Z", "event":"Music", "MusicTrack":"Exploration" }
{ "timestamp":"2017-12-27T15:59:10Z", "event":"Touchdown", "PlayerControlled":true, "Latitude":-22.609739, "Longitude":-177.394394 }
{ "timestamp":"2017-12-27T15:59:19Z", "event":"LaunchSRV", "Loadout":"starter", "PlayerControlled":true }
{ "timestamp":"2017-12-27T16:00:57Z", "event":"Liftoff", "PlayerControlled":false }
{ "timestamp":"2017-12-27T16:03:02Z", "event":"Music", "MusicTrack":"Combat_SRV" }
{ "timestamp":"2017-12-27T16:03:02Z", "event":"CommitCrime", "CrimeType":"assault", "Faction":"Ho Hsien Corporation", "Victim":"$poi_generator_name;", "Victim_Localised":"Генератор", "Bounty":400 }
{ "timestamp":"2017-12-27T16:03:05Z", "event":"MissionRedirected", "MissionID":272140642, "Name":"Mission_Disable_HighTech_name", "NewDestinationStation":"Werner von Siemens Vision", "NewDestinationSystem":"Amarak", "OldDestinationStation":"Moseley Base +", "OldDestinationSystem":"Ho Hsien" }
{ "timestamp":"2017-12-27T16:03:32Z", "event":"Music", "MusicTrack":"Exploration" }
{ "timestamp":"2017-12-27T16:03:41Z", "event":"ShieldState", "ShieldsUp":true }
{ "timestamp":"2017-12-27T16:04:17Z", "event":"Music", "MusicTrack":"SystemMap" }
{ "timestamp":"2017-12-27T16:04:27Z", "event":"Music", "MusicTrack":"Exploration" }
{ "timestamp":"2017-12-27T16:04:32Z", "event":"HullDamage", "Health":0.798928, "PlayerPilot":true }
{ "timestamp":"2017-12-27T16:06:30Z", "event":"Music", "MusicTrack":"Combat_SRV" }
{ "timestamp":"2017-12-27T16:07:05Z", "event":"CommitCrime", "CrimeType":"assault", "Faction":"Ho Hsien Corporation", "Victim":"$poi_turretbasea_name;", "Victim_Localised":"Оборонительная турель", "Bounty":400 }
{ "timestamp":"2017-12-27T16:07:19Z", "event":"CommitCrime", "CrimeType":"assault", "Faction":"Ho Hsien Corporation", "Victim":"$poi_turretbasea_name;", "Victim_Localised":"Оборонительная турель", "Bounty":400 }
{ "timestamp":"2017-12-27T16:08:16Z", "event":"DatalinkScan", "Message":"$DataLink_ScannedInfo_Comms;", "Message_Localised":"Есть доступ к сети связи" }
{ "timestamp":"2017-12-27T16:08:18Z", "event":"CommitCrime", "CrimeType":"dockingMajorTresspass", "Faction":"Ho Hsien Corporation", "Bounty":500 }
{ "timestamp":"2017-12-27T16:09:02Z", "event":"DatalinkScan", "Message":"$DataLink_ScannedInfo_Operations;", "Message_Localised":"Есть доступ к военной сети" }
{ "timestamp":"2017-12-27T16:09:46Z", "event":"DatalinkScan", "Message":"$DataLink_ScannedInfo_Postbox;", "Message_Localised":"Есть доступ к терминалу" }
{ "timestamp":"2017-12-27T16:10:04Z", "event":"Music", "MusicTrack":"Exploration" }
{ "timestamp":"2017-12-27T16:10:04Z", "event":"MissionRedirected", "MissionID":272215585, "Name":"Mission_Disable_HighTech_name", "NewDestinationStation":"Werner von Siemens Vision", "NewDestinationSystem":"Amarak", "OldDestinationStation":"Moseley Base +", "OldDestinationSystem":"Ho Hsien" }
{ "timestamp":"2017-12-27T16:18:44Z", "event":"Music", "MusicTrack":"Combat_SRV" }
{ "timestamp":"2017-12-27T16:19:34Z", "event":"DatalinkScan", "Message":"$DataLink_ScannedInfo_Operations;", "Message_Localised":"Есть доступ к военной сети" }
{ "timestamp":"2017-12-27T16:19:50Z", "event":"MissionRedirected", "MissionID":272215571, "Name":"Mission_Disable_HighTech_name", "NewDestinationStation":"Werner von Siemens Vision", "NewDestinationSystem":"Amarak", "OldDestinationStation":"Moseley Base +", "OldDestinationSystem":"Ho Hsien" }
{ "timestamp":"2017-12-27T16:19:50Z", "event":"Music", "MusicTrack":"Exploration" }
{ "timestamp":"2017-12-27T16:23:55Z", "event":"HullDamage", "Health":0.527245, "PlayerPilot":true }
{ "timestamp":"2017-12-27T16:24:51Z", "event":"Touchdown", "PlayerControlled":false }
{ "timestamp":"2017-12-27T16:25:11Z", "event":"DockSRV" }
{ "timestamp":"2017-12-27T16:25:20Z", "event":"LaunchSRV", "Loadout":"starter", "PlayerControlled":true }
{ "timestamp":"2017-12-27T16:28:00Z", "event":"Music", "MusicTrack":"Combat_SRV" }
{ "timestamp":"2017-12-27T16:28:16Z", "event":"Liftoff", "PlayerControlled":false }
{ "timestamp":"2017-12-27T16:28:43Z", "event":"CommitCrime", "CrimeType":"assault", "Faction":"Ho Hsien Corporation", "Victim":"$poi_generator_name;", "Victim_Localised":"Генератор", "Bounty":400 }
{ "timestamp":"2017-12-27T16:28:46Z", "event":"MissionRedirected", "MissionID":272140665, "Name":"Mission_Disable_HighTech_name", "NewDestinationStation":"Werner von Siemens Vision", "NewDestinationSystem":"Amarak", "OldDestinationStation":"Moseley Base +", "OldDestinationSystem":"Ho Hsien" }
{ "timestamp":"2017-12-27T16:28:46Z", "event":"Music", "MusicTrack":"Exploration" }
{ "timestamp":"2017-12-27T16:32:06Z", "event":"Music", "MusicTrack":"Combat_SRV" }
{ "timestamp":"2017-12-27T16:32:26Z", "event":"Music", "MusicTrack":"Exploration" }
{ "timestamp":"2017-12-27T16:32:26Z", "event":"MissionRedirected", "MissionID":272215517, "Name":"Mission_Disable_HighTech_name", "NewDestinationStation":"Werner von Siemens Vision", "NewDestinationSystem":"Amarak", "OldDestinationStation":"Moseley Base +", "OldDestinationSystem":"Ho Hsien" }
{ "timestamp":"2017-12-27T16:35:26Z", "event":"Music", "MusicTrack":"Combat_SRV" }
{ "timestamp":"2017-12-27T16:35:30Z", "event":"MissionRedirected", "MissionID":272215498, "Name":"Mission_Disable_HighTech_name", "NewDestinationStation":"Werner von Siemens Vision", "NewDestinationSystem":"Amarak", "OldDestinationStation":"Moseley Base +", "OldDestinationSystem":"Ho Hsien" }
{ "timestamp":"2017-12-27T16:35:30Z", "event":"Music", "MusicTrack":"Exploration" }
{ "timestamp":"2017-12-27T16:39:26Z", "event":"HullDamage", "Health":0.789036, "PlayerPilot":true }
{ "timestamp":"2017-12-27T16:40:31Z", "event":"Music", "MusicTrack":"Combat_SRV" }
{ "timestamp":"2017-12-27T16:40:56Z", "event":"Music", "MusicTrack":"Exploration" }
{ "timestamp":"2017-12-27T16:40:57Z", "event":"MissionRedirected", "MissionID":272140801, "Name":"Mission_Disable_HighTech_name", "NewDestinationStation":"Werner von Siemens Vision", "NewDestinationSystem":"Amarak", "OldDestinationStation":"Moseley Base +", "OldDestinationSystem":"Ho Hsien" }
{ "timestamp":"2017-12-27T16:43:56Z", "event":"Music", "MusicTrack":"Combat_SRV" }
{ "timestamp":"2017-12-27T16:44:00Z", "event":"Music", "MusicTrack":"Exploration" }
{ "timestamp":"2017-12-27T16:44:01Z", "event":"MissionRedirected", "MissionID":272140783, "Name":"Mission_Disable_HighTech_name", "NewDestinationStation":"Werner von Siemens Vision", "NewDestinationSystem":"Amarak", "OldDestinationStation":"Moseley Base +", "OldDestinationSystem":"Ho Hsien" }
{ "timestamp":"2017-12-27T16:47:14Z", "event":"Music", "MusicTrack":"Combat_SRV" }
{ "timestamp":"2017-12-27T16:47:31Z", "event":"Music", "MusicTrack":"Exploration" }
{ "timestamp":"2017-12-27T16:47:32Z", "event":"MissionRedirected", "MissionID":272140764, "Name":"Mission_Disable_HighTech_name", "NewDestinationStation":"Werner von Siemens Vision", "NewDestinationSystem":"Amarak", "OldDestinationStation":"Moseley Base +", "OldDestinationSystem":"Ho Hsien" }
{ "timestamp":"2017-12-27T16:48:06Z", "event":"HullDamage", "Health":0.548056, "PlayerPilot":true }
{ "timestamp":"2017-12-27T16:50:30Z", "event":"Music", "MusicTrack":"Combat_SRV" }
{ "timestamp":"2017-12-27T16:50:36Z", "event":"Music", "MusicTrack":"Exploration" }
{ "timestamp":"2017-12-27T16:50:36Z", "event":"MissionRedirected", "MissionID":272140755, "Name":"Mission_Disable_HighTech_name", "NewDestinationStation":"Werner von Siemens Vision", "NewDestinationSystem":"Amarak", "OldDestinationStation":"Moseley Base +", "OldDestinationSystem":"Ho Hsien" }
{ "timestamp":"2017-12-27T16:53:35Z", "event":"Music", "MusicTrack":"Combat_SRV" }
{ "timestamp":"2017-12-27T16:53:54Z", "event":"Music", "MusicTrack":"Exploration" }
{ "timestamp":"2017-12-27T16:53:55Z", "event":"MissionRedirected", "MissionID":272140678, "Name":"Mission_Disable_HighTech_name", "NewDestinationStation":"Werner von Siemens Vision", "NewDestinationSystem":"Amarak", "OldDestinationStation":"Moseley Base +", "OldDestinationSystem":"Ho Hsien" }
{ "timestamp":"2017-12-27T16:58:25Z", "event":"Touchdown", "PlayerControlled":false }
{ "timestamp":"2017-12-27T16:58:50Z", "event":"DockSRV" }
{ "timestamp":"2017-12-27T16:58:57Z", "event":"Liftoff", "PlayerControlled":true, "Latitude":-22.606791, "Longitude":-177.347580 }
{ "timestamp":"2017-12-27T17:01:33Z", "event":"Touchdown", "PlayerControlled":true, "Latitude":-22.673054, "Longitude":-177.847534 }
{ "timestamp":"2017-12-27T17:03:13Z", "event":"Music", "MusicTrack":"GalaxyMap" }
{ "timestamp":"2017-12-27T17:03:18Z", "event":"Music", "MusicTrack":"SystemMap" }
{ "timestamp":"2017-12-27T17:04:23Z", "event":"Music", "MusicTrack":"GalaxyMap" }
{ "timestamp":"2017-12-27T17:04:23Z", "event":"Music", "MusicTrack":"Exploration" }
{ "timestamp":"2017-12-27T17:04:29Z", "event":"Liftoff", "PlayerControlled":true, "Latitude":-22.673054, "Longitude":-177.847534 }
{ "timestamp":"2017-12-27T17:05:28Z", "event":"StartJump", "JumpType":"Supercruise" }
{ "timestamp":"2017-12-27T17:05:28Z", "event":"ApproachSettlement", "Name":"Onufriyenko Hub" }
{ "timestamp":"2017-12-27T17:05:28Z", "event":"ApproachSettlement", "Name":"Moseley Base +" }
{ "timestamp":"2017-12-27T17:05:33Z", "event":"SupercruiseEntry", "StarSystem":"Ho Hsien" }
{ "timestamp":"2017-12-27T17:05:34Z", "event":"Music", "MusicTrack":"Supercruise" }
{ "timestamp":"2017-12-27T17:05:49Z", "event":"Music", "MusicTrack":"GalaxyMap" }
{ "timestamp":"2017-12-27T17:05:54Z", "event":"Music", "MusicTrack":"SystemMap" }
{ "timestamp":"2017-12-27T17:06:02Z", "event":"Music", "MusicTrack":"GalaxyMap" }
{ "timestamp":"2017-12-27T17:06:02Z", "event":"Music", "MusicTrack":"Supercruise" }
{ "timestamp":"2017-12-27T17:07:00Z", "event":"StartJump", "JumpType":"Hyperspace", "StarSystem":"Alrai Sector BQ-Y c25", "StarClass":"K" }
{ "timestamp":"2017-12-27T17:07:06Z", "event":"Music", "MusicTrack":"NoTrack" }
{ "timestamp":"2017-12-27T17:07:19Z", "event":"FSDJump", "StarSystem":"Alrai Sector BQ-Y c25", "StarPos":[-71.844,19.156,35.938], "SystemAllegiance":"", "SystemEconomy":"$economy_None;", "SystemEconomy_Localised":"Нет", "SystemGovernment":"$government_None;", "SystemGovernment_Localised":"Нет", "SystemSecurity":"$GAlAXY_MAP_INFO_state_anarchy;", "SystemSecurity_Localised":"Анархия", "Population":0, "JumpDist":5.454, "FuelUsed":0.508583, "FuelLevel":14.745466 }
{ "timestamp":"2017-12-27T17:07:19Z", "event":"Music", "MusicTrack":"Supercruise" }
{ "timestamp":"2017-12-27T17:07:26Z", "event":"FuelScoop", "Scooped":0.005346, "Total":14.750813 }
{ "timestamp":"2017-12-27T17:07:53Z", "event":"FuelScoop", "Scooped":1.249189, "Total":16.000000 }
{ "timestamp":"2017-12-27T17:08:12Z", "event":"StartJump", "JumpType":"Hyperspace", "StarSystem":"LFT 1425", "StarClass":"K" }
{ "timestamp":"2017-12-27T17:08:17Z", "event":"Music", "MusicTrack":"NoTrack" }
{ "timestamp":"2017-12-27T17:08:30Z", "event":"FSDJump", "StarSystem":"LFT 1425", "StarPos":[-64.656,20.500,36.000], "SystemAllegiance":"Independent", "SystemEconomy":"$economy_Agri;", "SystemEconomy_Localised":"Сельское хозяйство", "SystemGovernment":"$government_Dictatorship;", "SystemGovernment_Localised":"Диктатура", "SystemSecurity":"$SYSTEM_SECURITY_medium;", "SystemSecurity_Localised":"Средн. ур. безопасности", "Population":568171763, "JumpDist":7.312, "FuelUsed":1.004402, "FuelLevel":14.995598, "Factions":[ { "Name":"Movement for Venetic Progressive Party", "FactionState":"None", "Government":"Democracy", "Influence":0.120000, "Allegiance":"Federation", "RecoveringStates":[ { "State":"Boom", "Trend":0 } ] }, { "Name":"Pilots Federation Local Branch", "FactionState":"None", "Government":"Democracy", "Influence":0.000000, "Allegiance":"PilotsFederation" }, { "Name":"Social LFT 1425 Free", "FactionState":"Boom", "Government":"Democracy", "Influence":0.135000, "Allegiance":"Federation" }, { "Name":"Halai Republic Party", "FactionState":"None", "Government":"Democracy", "Influence":0.059000, "Allegiance":"Federation", "PendingStates":[ { "State":"Boom", "Trend":1 }, { "State":"Lockdown", "Trend":-1 } ] }, { "Name":"LFT 1425 Gold Life Company", "FactionState":"CivilWar", "Government":"Corporate", "Influence":0.062000, "Allegiance":"Independent" }, { "Name":"Natural LFT 1425 Movement", "FactionState":"Boom", "Government":"Dictatorship", "Influence":0.376000, "Allegiance":"Independent", "PendingStates":[ { "State":"Outbreak", "Trend":1 } ] }, { "Name":"Raiders of LFT 1425", "FactionState":"CivilWar", "Government":"Anarchy", "Influence":0.076000, "Allegiance":"Independent" }, { "Name":"LFT 1425 Organisation", "FactionState":"Boom", "Government":"Corporate", "Influence":0.172000, "Allegiance":"Federation", "PendingStates":[ { "State":"Outbreak", "Trend":0 } ] } ], "SystemFaction":"Natural LFT 1425 Movement", "FactionState":"Boom" }
{ "timestamp":"2017-12-27T17:08:30Z", "event":"Music", "MusicTrack":"Supercruise" }
{ "timestamp":"2017-12-27T17:08:51Z", "event":"FuelScoop", "Scooped":1.004403, "Total":16.000000 }
{ "timestamp":"2017-12-27T17:09:10Z", "event":"StartJump", "JumpType":"Hyperspace", "StarSystem":"Halai", "StarClass":"G" }
{ "timestamp":"2017-12-27T17:09:15Z", "event":"ReceiveText", "From":"$ShipName_PassengerLiner_Cruise;", "From_Localised":"Круизное судно", "Message":"$CruiseLiner_SCPatrol02;", "Message_Localised":"Пока мы движемся в пределах системы, приглашаем воспользоваться нашими бортовыми услугами.", "Channel":"npc" }
{ "timestamp":"2017-12-27T17:09:15Z", "event":"Music", "MusicTrack":"NoTrack" }
{ "timestamp":"2017-12-27T17:09:28Z", "event":"FSDJump", "StarSystem":"Halai", "StarPos":[-63.500,24.656,32.375], "SystemAllegiance":"Federation", "SystemEconomy":"$economy_Industrial;", "SystemEconomy_Localised":"Промышленность", "SystemGovernment":"$government_Democracy;", "SystemGovernment_Localised":"Демократия", "SystemSecurity":"$SYSTEM_SECURITY_high;", "SystemSecurity_Localised":"Высок. ур. безопасности", "Population":17337033, "JumpDist":5.635, "FuelUsed":0.551604, "FuelLevel":15.448397, "Factions":[ { "Name":"Pilots Federation Local Branch", "FactionState":"None", "Government":"Democracy", "Influence":0.000000, "Allegiance":"PilotsFederation" }, { "Name":"Halai Republic Party", "FactionState":"None", "Government":"Democracy", "Influence":0.293000, "Allegiance":"Federation", "PendingStates":[ { "State":"Boom", "Trend":1 }, { "State":"Lockdown", "Trend":-1 } ] }, { "Name":"Nationals of Halai", "FactionState":"CivilWar", "Government":"Dictatorship", "Influence":0.203000, "Allegiance":"Independent", "PendingStates":[ { "State":"Outbreak", "Trend":0 } ], "RecoveringStates":[ { "State":"Boom", "Trend":0 } ] }, { "Name":"Halai Dynamic Network", "FactionState":"Boom", "Government":"Corporate", "Influence":0.214000, "Allegiance":"Independent" }, { "Name":"Syndicate of LHS 3385", "FactionState":"None", "Government":"Anarchy", "Influence":0.034000, "Allegiance":"Independent", "PendingStates":[ { "State":"Boom", "Trend":1 } ] }, { "Name":"Halai Bureau", "FactionState":"Boom", "Government":"Dictatorship", "Influence":0.159000, "Allegiance":"Independent" }, { "Name":"Halai Purple Cartel", "FactionState":"CivilWar", "Government":"Anarchy", "Influence":0.097000, "Allegiance":"Independent", "PendingStates":[ { "State":"Boom", "Trend":0 } ] } ], "SystemFaction":"Halai Republic Party" }
{ "timestamp":"2017-12-27T17:09:29Z", "event":"Music", "MusicTrack":"Supercruise" }
{ "timestamp":"2017-12-27T17:09:43Z", "event":"FuelScoop", "Scooped":0.551599, "Total":16.000000 }
{ "timestamp":"2017-12-27T17:10:02Z", "event":"StartJump", "JumpType":"Hyperspace", "StarSystem":"Amarak", "StarClass":"M" }
{ "timestamp":"2017-12-27T17:10:07Z", "event":"Music", "MusicTrack":"NoTrack" }
{ "timestamp":"2017-12-27T17:10:20Z", "event":"FSDJump", "StarSystem":"Amarak", "StarPos":[-68.438,26.000,26.469], "SystemAllegiance":"Federation", "SystemEconomy":"$economy_HighTech;", "SystemEconomy_Localised":"Высокие технологии", "SystemGovernment":"$government_Corporate;", "SystemGovernment_Localised":"Корпоративная", "SystemSecurity":"$SYSTEM_SECURITY_high;", "SystemSecurity_Localised":"Высок. ур. безопасности", "Population":10248421, "JumpDist":7.815, "FuelUsed":1.170254, "FuelLevel":14.829746, "Factions":[ { "Name":"Pilots Federation Local Branch", "FactionState":"None", "Government":"Democracy", "Influence":0.000000, "Allegiance":"PilotsFederation" }, { "Name":"Tarutaalli Group", "FactionState":"None", "Government":"Corporate", "Influence":0.053000, "Allegiance":"Federation", "PendingStates":[ { "State":"Boom", "Trend":1 }, { "State":"CivilUnrest", "Trend":0 }, { "State":"Lockdown", "Trend":0 } ] }, { "Name":"Amarak Comms Partners", "FactionState":"None", "Government":"Corporate", "Influence":0.615000, "Allegiance":"Federation", "RecoveringStates":[ { "State":"Boom", "Trend":0 } ] }, { "Name":"Amarak Dominion", "FactionState":"None", "Government":"Dictatorship", "Influence":0.156000, "Allegiance":"Independent", "PendingStates":[ { "State":"Boom", "Trend":1 } ] }, { "Name":"Amarak Silver Family", "FactionState":"None", "Government":"Anarchy", "Influence":0.063000, "Allegiance":"Independent", "PendingStates":[ { "State":"Boom", "Trend":1 } ] }, { "Name":"Syndicate of LHS 3385", "FactionState":"None", "Government":"Anarchy", "Influence":0.010000, "Allegiance":"Independent", "PendingStates":[ { "State":"Boom", "Trend":1 } ] }, { "Name":"Amarak Republic Party", "FactionState":"None", "Government":"Democracy", "Influence":0.051000, "Allegiance":"Federation", "PendingStates":[ { "State":"Boom", "Trend":1 } ] }, { "Name":"Ronin of Amarak", "FactionState":"Boom", "Government":"Anarchy", "Influence":0.052000, "Allegiance":"Independent" } ], "SystemFaction":"Amarak Comms Partners" }
{ "timestamp":"2017-12-27T17:10:21Z", "event":"Music", "MusicTrack":"DestinationFromHyperspace" }
{ "timestamp":"2017-12-27T17:10:26Z", "event":"Music", "MusicTrack":"Supercruise" }
{ "timestamp":"2017-12-27T17:10:44Z", "event":"FuelScoop", "Scooped":1.170250, "Total":16.000000 }
{ "timestamp":"2017-12-27T17:13:34Z", "event":"SupercruiseExit", "StarSystem":"Amarak", "Body":"Werner von Siemens Vision", "BodyType":"Station" }
{ "timestamp":"2017-12-27T17:13:34Z", "event":"Music", "MusicTrack":"DestinationFromSupercruise" }
{ "timestamp":"2017-12-27T17:13:39Z", "event":"Music", "MusicTrack":"Exploration" }
{ "timestamp":"2017-12-27T17:13:40Z", "event":"ReceiveText", "From":"Werner von Siemens Vision", "Message":"$STATION_NoFireZone_entered;", "Message_Localised":"Вы вошли в зону запрета огня", "Channel":"npc" }
{ "timestamp":"2017-12-27T17:13:44Z", "event":"DockingRequested", "StationName":"Werner von Siemens Vision" }
{ "timestamp":"2017-12-27T17:13:44Z", "event":"ReceiveText", "From":"Werner von Siemens Vision", "Message":"$DockingChatter_Neutral;", "Message_Localised":"Строго соблюдайте правила поведения в порту, пилот.", "Channel":"npc" }
{ "timestamp":"2017-12-27T17:13:46Z", "event":"ReceiveText", "From":"Werner von Siemens Vision", "Message":"$STATION_docking_granted;", "Message_Localised":"Стыковка разрешена", "Channel":"npc" }
{ "timestamp":"2017-12-27T17:13:46Z", "event":"DockingGranted", "LandingPad":3, "StationName":"Werner von Siemens Vision" }
{ "timestamp":"2017-12-27T17:14:30Z", "event":"Docked", "StationName":"Werner von Siemens Vision", "StationType":"Outpost", "StarSystem":"Amarak", "StationFaction":"Tarutaalli Group", "StationGovernment":"$government_Corporate;", "StationGovernment_Localised":"Корпоративная", "StationAllegiance":"Federation", "StationServices":[ "Dock", "Autodock", "BlackMarket", "Commodities", "Contacts", "Exploration", "Missions", "Outfitting", "CrewLounge", "Rearm", "Refuel", "Repair", "MissionsGenerated", "FlightController", "StationOperations", "Powerplay", "SearchAndRescue" ], "StationEconomy":"$economy_HighTech;", "StationEconomy_Localised":"Высокие технологии", "DistFromStarLS":1617.425781 }
{ "timestamp":"2017-12-27T17:14:40Z", "event":"RefuelAll", "Cost":10, "Amount":0.189932 }
{ "timestamp":"2017-12-27T17:14:41Z", "event":"RepairAll", "Cost":145 }
{ "timestamp":"2017-12-27T17:15:10Z", "event":"MissionCompleted", "Faction":"Amarak Silver Family", "Name":"Mission_Disable_HighTech_name", "MissionID":272140755, "Target":"$MissionUtil_Settlement_Target_Turret;", "Target_Localised":"Установка", "Reward":157843, "CommodityReward":[ { "Name":"MicroControllers", "Count":4 } ] }
{ "timestamp":"2017-12-27T17:15:14Z", "event":"MissionCompleted", "Faction":"Amarak Silver Family", "Name":"Mission_Disable_HighTech_name", "MissionID":272140764, "Target":"$MissionUtil_Settlement_Target_Turret;", "Target_Localised":"Установка", "Reward":196728 }
{ "timestamp":"2017-12-27T17:15:14Z", "event":"MaterialDiscovered", "Category":"Encoded", "Name":"scrambledemissiondata", "DiscoveryNumber":17 }
{ "timestamp":"2017-12-27T17:15:14Z", "event":"MaterialCollected", "Category":"Encoded", "Name":"scrambledemissiondata", "Count":1 }
{ "timestamp":"2017-12-27T17:15:16Z", "event":"MissionCompleted", "Faction":"Amarak Silver Family", "Name":"Mission_Disable_HighTech_name", "MissionID":272140783, "Target":"$MissionUtil_Settlement_Target_Turret;", "Target_Localised":"Установка", "Reward":348806, "CommodityReward":[ { "Name":"ArticulationMotors", "Count":4 } ] }
{ "timestamp":"2017-12-27T17:15:16Z", "event":"MaterialCollected", "Category":"Encoded", "Name":"legacyfirmware", "Count":1 }
{ "timestamp":"2017-12-27T17:15:19Z", "event":"MissionCompleted", "Faction":"Amarak Silver Family", "Name":"Mission_Disable_HighTech_name", "MissionID":272140801, "Target":"$MissionUtil_Settlement_Target_Turret;", "Target_Localised":"Установка", "Reward":197117 }
{ "timestamp":"2017-12-27T17:15:25Z", "event":"MissionCompleted", "Faction":"Syndicate of LHS 3385", "Name":"Mission_Disable_HighTech_name", "MissionID":272140642, "Target":"$MissionUtil_Settlement_Target_Turret;", "Target_Localised":"Установка", "Reward":155575, "CommodityReward":[ { "Name":"ArticulationMotors", "Count":4 } ] }
{ "timestamp":"2017-12-27T17:15:28Z", "event":"MissionCompleted", "Faction":"Syndicate of LHS 3385", "Name":"Mission_Disable_HighTech_name", "MissionID":272140665, "Target":"$MissionUtil_Settlement_Target_Turret;", "Target_Localised":"Установка", "Reward":332796, "CommodityReward":[ { "Name":"InsulatingMembrane", "Count":4 } ] }
{ "timestamp":"2017-12-27T17:15:28Z", "event":"MaterialCollected", "Category":"Manufactured", "Name":"mechanicalscrap", "Count":1 }
{ "timestamp":"2017-12-27T17:15:48Z", "event":"MarketSell", "Type":"articulationmotors", "Count":8, "SellPrice":7534, "TotalSale":60272, "AvgPricePaid":0 }
{ "timestamp":"2017-12-27T17:15:58Z", "event":"MarketSell", "Type":"insulatingmembrane", "Count":4, "SellPrice":11655, "TotalSale":46620, "AvgPricePaid":0 }
{ "timestamp":"2017-12-27T17:16:05Z", "event":"MarketSell", "Type":"microcontrollers", "Count":4, "SellPrice":5426, "TotalSale":21704, "AvgPricePaid":0 }
{ "timestamp":"2017-12-27T17:16:25Z", "event":"MissionCompleted", "Faction":"Syndicate of LHS 3385", "Name":"Mission_Disable_HighTech_name", "MissionID":272140678, "Target":"$MissionUtil_Settlement_Target_Turret;", "Target_Localised":"Установка", "Reward":157570, "CommodityReward":[ { "Name":"NeofabricInsulation", "Count":4 } ] }
{ "timestamp":"2017-12-27T17:16:27Z", "event":"MissionCompleted", "Faction":"Syndicate of LHS 3385", "Name":"Mission_Disable_HighTech_name", "MissionID":272215498, "Target":"$MissionUtil_Settlement_Target_Turret;", "Target_Localised":"Установка", "Reward":355832, "CommodityReward":[ { "Name":"NeofabricInsulation", "Count":4 } ] }
{ "timestamp":"2017-12-27T17:16:31Z", "event":"MissionCompleted", "Faction":"Syndicate of LHS 3385", "Name":"Mission_Disable_HighTech_name", "MissionID":272215517, "Target":"$MissionUtil_Settlement_Target_Turret;", "Target_Localised":"Установка", "Reward":347538, "CommodityReward":[ { "Name":"ArticulationMotors", "Count":4 } ] }
{ "timestamp":"2017-12-27T17:16:35Z", "event":"MissionCompleted", "Faction":"Syndicate of LHS 3385", "Name":"Mission_Disable_HighTech_name", "MissionID":272215542, "Target":"$MissionUtil_Settlement_Target_Turret;", "Target_Localised":"Установка", "Reward":574665 }
{ "timestamp":"2017-12-27T17:16:39Z", "event":"MissionCompleted", "Faction":"Syndicate of LHS 3385", "Name":"Mission_Disable_HighTech_name", "MissionID":272215571, "Target":"$MissionUtil_Settlement_Target_Turret;", "Target_Localised":"Установка", "Reward":140273, "CommodityReward":[ { "Name":"InsulatingMembrane", "Count":4 } ] }
{ "timestamp":"2017-12-27T17:16:43Z", "event":"MissionCompleted", "Faction":"Syndicate of LHS 3385", "Name":"Mission_Disable_HighTech_name", "MissionID":272215585, "Target":"$MissionUtil_Settlement_Target_Turret;", "Target_Localised":"Установка", "Reward":150277, "CommodityReward":[ { "Name":"ArticulationMotors", "Count":0 } ] }
{ "timestamp":"2017-12-27T17:16:58Z", "event":"MarketSell", "Type":"articulationmotors", "Count":4, "SellPrice":7534, "TotalSale":30136, "AvgPricePaid":0 }
{ "timestamp":"2017-12-27T17:17:11Z", "event":"MarketSell", "Type":"neofabricinsulation", "Count":8, "SellPrice":5877, "TotalSale":47016, "AvgPricePaid":0 }
{ "timestamp":"2017-12-27T17:17:19Z", "event":"MarketSell", "Type":"insulatingmembrane", "Count":4, "SellPrice":11655, "TotalSale":46620, "AvgPricePaid":0 }
{ "timestamp":"2017-12-27T17:18:10Z", "event":"PayLegacyFines", "Amount":400 }
{ "timestamp":"2017-12-27T17:19:26Z", "event":"MissionAccepted", "Faction":"Syndicate of LHS 3385", "Name":"Mission_Disable_War", "LocalisedName":"Отключите электросеть цели. Это: Поселение", "Target":"$MissionUtil_Settlement_Target_Building;", "Target_Localised":"Поселение", "Expiry":"2018-01-01T11:08:35Z", "Influence":"Med", "Reputation":"Med", "Reward":973095, "MissionID":272319334 }
{ "timestamp":"2017-12-27T17:19:34Z", "event":"MissionAccepted", "Faction":"Syndicate of LHS 3385", "Name":"Mission_Disable_War", "LocalisedName":"Отключите электросеть цели. Это: Установка", "Target":"$MissionUtil_Settlement_Target_Turret;", "Target_Localised":"Установка", "Expiry":"2017-12-28T08:20:35Z", "Influence":"Med", "Reputation":"Med", "Reward":158957, "MissionID":272319450 }
{ "timestamp":"2017-12-27T17:19:38Z", "event":"MissionAccepted", "Faction":"Syndicate of LHS 3385", "Name":"Mission_Disable_War", "LocalisedName":"Отключите электросеть цели. Это: Установка", "Target":"$MissionUtil_Settlement_Target_Turret;", "Target_Localised":"Установка", "Expiry":"2017-12-28T16:30:52Z", "Influence":"Med", "Reputation":"Med", "Reward":170940, "MissionID":272319498 }
{ "timestamp":"2017-12-27T17:19:42Z", "event":"MissionAccepted", "Faction":"Syndicate of LHS 3385", "Name":"Mission_Disable_War", "LocalisedName":"Отключите электросеть цели. Это: Установка", "Target":"$MissionUtil_Settlement_Target_Turret;", "Target_Localised":"Установка", "Expiry":"2017-12-28T07:49:22Z", "Influence":"Med", "Reputation":"Med", "Reward":173829, "MissionID":272319566 }
{ "timestamp":"2017-12-27T17:20:18Z", "event":"MissionAccepted", "Faction":"Amarak Silver Family", "Name":"Mission_Disable_HighTech", "LocalisedName":"Отключите электросеть цели. Это: Установка", "Target":"$MissionUtil_Settlement_Target_Turret;", "Target_Localised":"Установка", "Expiry":"2017-12-28T10:36:59Z", "Influence":"Med", "Reputation":"Med", "Reward":151451, "MissionID":272320028 }
{ "timestamp":"2017-12-27T17:20:25Z", "event":"MissionAccepted", "Faction":"Amarak Silver Family", "Name":"Mission_Disable_HighTech", "LocalisedName":"Отключите электросеть цели. Это: Установка", "Target":"$MissionUtil_Settlement_Target_Turret;", "Target_Localised":"Установка", "Expiry":"2017-12-28T21:23:41Z", "Influence":"Med", "Reputation":"Med", "Reward":369362, "MissionID":272320069 }
{ "timestamp":"2017-12-27T17:20:28Z", "event":"MissionAccepted", "Faction":"Amarak Silver Family", "Name":"Mission_Disable_HighTech", "LocalisedName":"Отключите электросеть цели. Это: Установка", "Target":"$MissionUtil_Settlement_Target_Turret;", "Target_Localised":"Установка", "Expiry":"2017-12-30T21:36:59Z", "Influence":"Med", "Reputation":"Med", "Reward":773532, "MissionID":272320136 }
{ "timestamp":"2017-12-27T17:20:31Z", "event":"MissionAccepted", "Faction":"Amarak Silver Family", "Name":"Mission_Disable_HighTech", "LocalisedName":"Отключите электросеть цели. Это: Установка", "Target":"$MissionUtil_Settlement_Target_Turret;", "Target_Localised":"Установка", "Expiry":"2017-12-28T11:35:06Z", "Influence":"Med", "Reputation":"Med", "Reward":175195, "MissionID":272320159 }
{ "timestamp":"2017-12-27T17:21:20Z", "event":"Music", "MusicTrack":"GalaxyMap" }
{ "timestamp":"2017-12-27T17:21:36Z", "event":"Music", "MusicTrack":"SystemMap" }
{ "timestamp":"2017-12-27T17:21:48Z", "event":"Music", "MusicTrack":"GalaxyMap" }
{ "timestamp":"2017-12-27T17:21:48Z", "event":"Music", "MusicTrack":"Exploration" }
{ "timestamp":"2017-12-27T17:22:01Z", "event":"Undocked", "StationName":"Werner von Siemens Vision", "StationType":"Outpost" }
{ "timestamp":"2017-12-27T17:22:35Z", "event":"ReceiveText", "From":"Werner von Siemens Vision", "Message":"$STATION_NoFireZone_exited;", "Message_Localised":"Вы вышли из зоны запрета огня", "Channel":"npc" }
{ "timestamp":"2017-12-27T17:22:39Z", "event":"StartJump", "JumpType":"Hyperspace", "StarSystem":"LHS 3385", "StarClass":"K" }
{ "timestamp":"2017-12-27T17:22:44Z", "event":"Music", "MusicTrack":"NoTrack" }
{ "timestamp":"2017-12-27T17:22:58Z", "event":"FSDJump", "StarSystem":"LHS 3385", "StarPos":[-69.219,28.813,30.250], "SystemAllegiance":"Federation", "SystemEconomy":"$economy_Military;", "SystemEconomy_Localised":"Военная", "SystemGovernment":"$government_Corporate;", "SystemGovernment_Localised":"Корпоративная", "SystemSecurity":"$SYSTEM_SECURITY_medium;", "SystemSecurity_Localised":"Средн. ур. безопасности", "Population":129822, "JumpDist":4.777, "FuelUsed":0.377282, "FuelLevel":15.622719, "Factions":[ { "Name":"LHS 3385 People's Party", "FactionState":"CivilWar", "Government":"Communism", "Influence":0.093000, "Allegiance":"Independent" }, { "Name":"Pilots Federation Local Branch", "FactionState":"None", "Government":"Democracy", "Influence":0.000000, "Allegiance":"PilotsFederation" }, { "Name":"Halai Republic Party", "FactionState":"None", "Government":"Democracy", "Influence":0.067000, "Allegiance":"Federation", "PendingStates":[ { "State":"Boom", "Trend":1 }, { "State":"Lockdown", "Trend":-1 } ] }, { "Name":"Amarak Comms Partners", "FactionState":"None", "Government":"Corporate", "Influence":0.430000, "Allegiance":"Federation", "RecoveringStates":[ { "State":"Boom", "Trend":0 } ] }, { "Name":"LHS 3385 Dynamic Industries", "FactionState":"Boom", "Government":"Corporate", "Influence":0.224000, "Allegiance":"Federation" }, { "Name":"LHS 3385 Regulatory State", "FactionState":"CivilWar", "Government":"Dictatorship", "Influence":0.166000, "Allegiance":"Independent", "RecoveringStates":[ { "State":"Boom", "Trend":0 } ] }, { "Name":"Syndicate of LHS 3385", "FactionState":"None", "Government":"Anarchy", "Influence":0.010000, "Allegiance":"Independent", "PendingStates":[ { "State":"Boom", "Trend":1 } ], "RecoveringStates":[ { "State":"War", "Trend":0 } ] }, { "Name":"Amarak Republic Party", "FactionState":"None", "Government":"Democracy", "Influence":0.010000, "Allegiance":"Federation", "PendingStates":[ { "State":"Boom", "Trend":1 } ], "RecoveringStates":[ { "State":"War", "Trend":0 } ] } ], "SystemFaction":"Amarak Comms Partners" }
{ "timestamp":"2017-12-27T17:22:58Z", "event":"Music", "MusicTrack":"DestinationFromHyperspace" }
{ "timestamp":"2017-12-27T17:23:03Z", "event":"Music", "MusicTrack":"Supercruise" }
{ "timestamp":"2017-12-27T17:23:11Z", "event":"FuelScoop", "Scooped":0.377279, "Total":16.000000 }
{ "timestamp":"2017-12-27T17:23:46Z", "event":"Music", "MusicTrack":"GalaxyMap" }
{ "timestamp":"2017-12-27T17:23:50Z", "event":"Music", "MusicTrack":"SystemMap" }
{ "timestamp":"2017-12-27T17:23:58Z", "event":"Music", "MusicTrack":"GalaxyMap" }
{ "timestamp":"2017-12-27T17:23:58Z", "event":"Music", "MusicTrack":"Supercruise" }
{ "timestamp":"2017-12-27T17:24:50Z", "event":"Scan", "BodyName":"LHS 3385", "DistanceFromArrivalLS":0.000000, "StarType":"K", "StellarMass":0.398438, "Radius":396885792.000000, "AbsoluteMagnitude":9.469711, "Age_MY":5292, "SurfaceTemperature":3223.000000, "Luminosity":"V", "RotationPeriod":240548.421875, "AxialTilt":0.000000 }
{ "timestamp":"2017-12-27T17:25:47Z", "event":"SupercruiseExit", "StarSystem":"LHS 3385", "Body":"LHS 3385 1", "BodyType":"Planet" }
{ "timestamp":"2017-12-27T17:25:47Z", "event":"Music", "MusicTrack":"Exploration" }
{ "timestamp":"2017-12-27T17:26:05Z", "event":"Scan", "BodyName":"LHS 3385 1", "DistanceFromArrivalLS":9.018392, "PlanetClass":"High metal content body", "MassEM":1.661268, "Radius":7060543.500000, "SurfaceGravity":13.282286, "SemiMajorAxis":2703646464.000000, "Eccentricity":0.000000, "OrbitalInclination":0.001288, "Periapsis":284.226898, "OrbitalPeriod":120706.171875, "RotationPeriod":121457.265625, "AxialTilt":0.439106 }
{ "timestamp":"2017-12-27T17:26:13Z", "event":"Music", "MusicTrack":"SystemMap" }
{ "timestamp":"2017-12-27T17:26:20Z", "event":"Music", "MusicTrack":"Exploration" }
{ "timestamp":"2017-12-27T17:26:50Z", "event":"StartJump", "JumpType":"Supercruise" }
{ "timestamp":"2017-12-27T17:26:55Z", "event":"SupercruiseEntry", "StarSystem":"LHS 3385" }
{ "timestamp":"2017-12-27T17:26:55Z", "event":"Music", "MusicTrack":"Supercruise" }
{ "timestamp":"2017-12-27T17:30:46Z", "event":"Scan", "BodyName":"LHS 3385 2", "DistanceFromArrivalLS":16.518145, "PlanetClass":"High metal content body", "MassEM":1.910266, "Radius":7351316.500000, "SurfaceGravity":14.088771, "SemiMajorAxis":4952014848.000000, "Eccentricity":0.000000, "OrbitalInclination":0.002783, "Periapsis":115.147705, "OrbitalPeriod":299210.968750, "RotationPeriod":301072.843750, "AxialTilt":0.373205 }
{ "timestamp":"2017-12-27T17:32:23Z", "event":"StartJump", "JumpType":"Hyperspace", "StarSystem":"Halai", "StarClass":"G" }
{ "timestamp":"2017-12-27T17:32:28Z", "event":"Music", "MusicTrack":"NoTrack" }
{ "timestamp":"2017-12-27T17:32:41Z", "event":"FSDJump", "StarSystem":"Halai", "StarPos":[-63.500,24.656,32.375], "SystemAllegiance":"Federation", "SystemEconomy":"$economy_Industrial;", "SystemEconomy_Localised":"Промышленность", "SystemGovernment":"$government_Democracy;", "SystemGovernment_Localised":"Демократия", "SystemSecurity":"$SYSTEM_SECURITY_high;", "SystemSecurity_Localised":"Высок. ур. безопасности", "Population":17337033, "JumpDist":7.382, "FuelUsed":1.026694, "FuelLevel":14.973307, "Factions":[ { "Name":"Pilots Federation Local Branch", "FactionState":"None", "Government":"Democracy", "Influence":0.000000, "Allegiance":"PilotsFederation" }, { "Name":"Halai Republic Party", "FactionState":"None", "Government":"Democracy", "Influence":0.293000, "Allegiance":"Federation", "PendingStates":[ { "State":"Boom", "Trend":1 }, { "State":"Lockdown", "Trend":-1 } ] }, { "Name":"Nationals of Halai", "FactionState":"CivilWar", "Government":"Dictatorship", "Influence":0.203000, "Allegiance":"Independent", "PendingStates":[ { "State":"Outbreak", "Trend":0 } ], "RecoveringStates":[ { "State":"Boom", "Trend":0 } ] }, { "Name":"Halai Dynamic Network", "FactionState":"Boom", "Government":"Corporate", "Influence":0.214000, "Allegiance":"Independent" }, { "Name":"Syndicate of LHS 3385", "FactionState":"None", "Government":"Anarchy", "Influence":0.034000, "Allegiance":"Independent", "PendingStates":[ { "State":"Boom", "Trend":1 } ] }, { "Name":"Halai Bureau", "FactionState":"Boom", "Government":"Dictatorship", "Influence":0.159000, "Allegiance":"Independent" }, { "Name":"Halai Purple Cartel", "FactionState":"CivilWar", "Government":"Anarchy", "Influence":0.097000, "Allegiance":"Independent", "PendingStates":[ { "State":"Boom", "Trend":0 } ] } ], "SystemFaction":"Halai Republic Party" }
{ "timestamp":"2017-12-27T17:32:42Z", "event":"Music", "MusicTrack":"Supercruise" }
{ "timestamp":"2017-12-27T17:33:03Z", "event":"FuelScoop", "Scooped":1.026701, "Total":16.000000 }
{ "timestamp":"2017-12-27T17:34:32Z", "event":"ApproachSettlement", "Name":"al-Khayyam Enterprise" }
{ "timestamp":"2017-12-27T17:34:32Z", "event":"ApproachSettlement", "Name":"Stokes Vision ++" }
{ "timestamp":"2017-12-27T17:34:43Z", "event":"ApproachSettlement", "Name":"al-Khayyam Enterprise" }
{ "timestamp":"2017-12-27T17:35:32Z", "event":"ApproachSettlement", "Name":"Stokes Vision ++" }
{ "timestamp":"2017-12-27T17:35:35Z", "event":"SupercruiseExit", "StarSystem":"Halai", "Body":"Halai A 3", "BodyType":"Planet" }
{ "timestamp":"2017-12-27T17:35:35Z", "event":"Music", "MusicTrack":"Exploration" }
{ "timestamp":"2017-12-27T17:36:52Z", "event":"ShieldState", "ShieldsUp":false }
{ "timestamp":"2017-12-27T17:37:15Z", "event":"Touchdown", "PlayerControlled":true, "Latitude":38.498310, "Longitude":75.001396 }
{ "timestamp":"2017-12-27T17:37:26Z", "event":"ShieldState", "ShieldsUp":true }
{ "timestamp":"2017-12-27T17:37:29Z", "event":"LaunchSRV", "Loadout":"starter", "PlayerControlled":true }
{ "timestamp":"2017-12-27T17:37:46Z", "event":"Liftoff", "PlayerControlled":false }
{ "timestamp":"2017-12-27T17:39:54Z", "event":"HullDamage", "Health":0.770972, "PlayerPilot":true }
{ "timestamp":"2017-12-27T17:41:42Z", "event":"Music", "MusicTrack":"Combat_SRV" }
{ "timestamp":"2017-12-27T17:41:42Z", "event":"CommitCrime", "CrimeType":"assault", "Faction":"Halai Republic Party", "Victim":"$poi_generator_name;", "Victim_Localised":"Генератор", "Bounty":200 }
{ "timestamp":"2017-12-27T17:41:47Z", "event":"MissionRedirected", "MissionID":272320136, "Name":"Mission_Disable_HighTech_name", "NewDestinationStation":"Werner von Siemens Vision", "NewDestinationSystem":"Amarak", "OldDestinationStation":"Stokes Vision ++", "OldDestinationSystem":"Halai" }
{ "timestamp":"2017-12-27T17:41:47Z", "event":"CommitCrime", "CrimeType":"dockingMinorTresspass", "Faction":"Halai Republic Party", "Fine":400 }
{ "timestamp":"2017-12-27T17:42:33Z", "event":"Music", "MusicTrack":"Exploration" }
{ "timestamp":"2017-12-27T17:43:13Z", "event":"HullDamage", "Health":0.598623, "PlayerPilot":true }
{ "timestamp":"2017-12-27T17:44:46Z", "event":"Music", "MusicTrack":"GalaxyMap" }
{ "timestamp":"2017-12-27T17:44:52Z", "event":"Music", "MusicTrack":"SystemMap" }
{ "timestamp":"2017-12-27T17:44:56Z", "event":"Music", "MusicTrack":"GalaxyMap" }
{ "timestamp":"2017-12-27T17:44:56Z", "event":"Music", "MusicTrack":"Exploration" }
{ "timestamp":"2017-12-27T17:47:20Z", "event":"Touchdown", "PlayerControlled":false }
{ "timestamp":"2017-12-27T17:48:06Z", "event":"DockSRV" }
{ "timestamp":"2017-12-27T17:48:21Z", "event":"Music", "MusicTrack":"GalaxyMap" }
{ "timestamp":"2017-12-27T17:48:23Z", "event":"Music", "MusicTrack":"SystemMap" }
{ "timestamp":"2017-12-27T17:48:26Z", "event":"Music", "MusicTrack":"GalaxyMap" }
{ "timestamp":"2017-12-27T17:48:38Z", "event":"Music", "MusicTrack":"SystemMap" }
{ "timestamp":"2017-12-27T17:48:51Z", "event":"Music", "MusicTrack":"GalaxyMap" }
{ "timestamp":"2017-12-27T17:49:00Z", "event":"Music", "MusicTrack":"SystemMap" }
{ "timestamp":"2017-12-27T17:49:10Z", "event":"Music", "MusicTrack":"GalaxyMap" }
{ "timestamp":"2017-12-27T17:49:23Z", "event":"Music", "MusicTrack":"Exploration" }
{ "timestamp":"2017-12-27T17:50:02Z", "event":"Music", "MusicTrack":"GalaxyMap" }
{ "timestamp":"2017-12-27T17:50:04Z", "event":"Music", "MusicTrack":"SystemMap" }
{ "timestamp":"2017-12-27T17:50:10Z", "event":"Music", "MusicTrack":"GalaxyMap" }
{ "timestamp":"2017-12-27T17:50:15Z", "event":"Music", "MusicTrack":"SystemMap" }
{ "timestamp":"2017-12-27T17:50:18Z", "event":"Music", "MusicTrack":"GalaxyMap" }
{ "timestamp":"2017-12-27T17:50:24Z", "event":"Music", "MusicTrack":"Exploration" }
{ "timestamp":"2017-12-27T17:50:33Z", "event":"Liftoff", "PlayerControlled":true, "Latitude":38.482101, "Longitude":75.154655 }
{ "timestamp":"2017-12-27T17:51:11Z", "event":"StartJump", "JumpType":"Hyperspace", "StarSystem":"LFT 1425", "StarClass":"K" }
{ "timestamp":"2017-12-27T17:51:16Z", "event":"Music", "MusicTrack":"NoTrack" }
{ "timestamp":"2017-12-27T17:51:30Z", "event":"FSDJump", "StarSystem":"LFT 1425", "StarPos":[-64.656,20.500,36.000], "SystemAllegiance":"Independent", "SystemEconomy":"$economy_Agri;", "SystemEconomy_Localised":"Сельское хозяйство", "SystemGovernment":"$government_Dictatorship;", "SystemGovernment_Localised":"Диктатура", "SystemSecurity":"$SYSTEM_SECURITY_medium;", "SystemSecurity_Localised":"Средн. ур. безопасности", "Population":568171763, "JumpDist":5.635, "FuelUsed":0.551664, "FuelLevel":15.448336, "Factions":[ { "Name":"Movement for Venetic Progressive Party", "FactionState":"None", "Government":"Democracy", "Influence":0.120000, "Allegiance":"Federation", "RecoveringStates":[ { "State":"Boom", "Trend":0 } ] }, { "Name":"Pilots Federation Local Branch", "FactionState":"None", "Government":"Democracy", "Influence":0.000000, "Allegiance":"PilotsFederation" }, { "Name":"Social LFT 1425 Free", "FactionState":"Boom", "Government":"Democracy", "Influence":0.135000, "Allegiance":"Federation" }, { "Name":"Halai Republic Party", "FactionState":"None", "Government":"Democracy", "Influence":0.059000, "Allegiance":"Federation", "PendingStates":[ { "State":"Boom", "Trend":1 }, { "State":"Lockdown", "Trend":-1 } ] }, { "Name":"LFT 1425 Gold Life Company", "FactionState":"CivilWar", "Government":"Corporate", "Influence":0.062000, "Allegiance":"Independent" }, { "Name":"Natural LFT 1425 Movement", "FactionState":"Boom", "Government":"Dictatorship", "Influence":0.376000, "Allegiance":"Independent", "PendingStates":[ { "State":"Outbreak", "Trend":1 } ] }, { "Name":"Raiders of LFT 1425", "FactionState":"CivilWar", "Government":"Anarchy", "Influence":0.076000, "Allegiance":"Independent" }, { "Name":"LFT 1425 Organisation", "FactionState":"Boom", "Government":"Corporate", "Influence":0.172000, "Allegiance":"Federation", "PendingStates":[ { "State":"Outbreak", "Trend":0 } ] } ], "SystemFaction":"Natural LFT 1425 Movement", "FactionState":"Boom" }
{ "timestamp":"2017-12-27T17:51:30Z", "event":"Music", "MusicTrack":"Supercruise" }
{ "timestamp":"2017-12-27T17:51:45Z", "event":"FuelScoop", "Scooped":0.551668, "Total":16.000000 }
{ "timestamp":"2017-12-27T17:52:21Z", "event":"StartJump", "JumpType":"Hyperspace", "StarSystem":"Alrai Sector BQ-Y c25", "StarClass":"K" }
{ "timestamp":"2017-12-27T17:52:27Z", "event":"Music", "MusicTrack":"NoTrack" }
{ "timestamp":"2017-12-27T17:52:40Z", "event":"FSDJump", "StarSystem":"Alrai Sector BQ-Y c25", "StarPos":[-71.844,19.156,35.938], "SystemAllegiance":"", "SystemEconomy":"$economy_None;", "SystemEconomy_Localised":"Нет", "SystemGovernment":"$government_None;", "SystemGovernment_Localised":"Нет", "SystemSecurity":"$GAlAXY_MAP_INFO_state_anarchy;", "SystemSecurity_Localised":"Анархия", "Population":0, "JumpDist":7.312, "FuelUsed":1.004400, "FuelLevel":14.995600 }
{ "timestamp":"2017-12-27T17:52:40Z", "event":"Music", "MusicTrack":"Supercruise" }
