{ "timestamp":"2018-01-27T20:31:53Z", "event":"Fileheader", "part":1, "language":"Russian\\RU", "gameversion":"2.4", "build":"r160439/r0 " }
{ "timestamp":"2018-01-27T20:31:53Z", "event":"Music", "MusicTrack":"NoTrack" }
{ "timestamp":"2018-01-27T20:31:53Z", "event":"Music", "MusicTrack":"MainMenu" }
{ "timestamp":"2018-01-27T20:32:36Z", "event":"Cargo", "Inventory":[ { "Name":"cmmcomposite", "Count":4 }, { "Name":"survivalequipment", "Count":6 }, { "Name":"domesticappliances", "Count":2 } ] }
{ "timestamp":"2018-01-27T20:32:36Z", "event":"Loadout", "Ship":"CobraMkIII", "ShipID":1, "ShipName":"SLEEPY-ONE", "ShipIdent":"#SLEEP", "Modules":[ { "Slot":"MediumHardpoint1", "Item":"Hpt_PulseLaser_Gimbal_Medium", "On":true, "Priority":0, "Health":1.000000, "Value":35400 }, { "Slot":"MediumHardpoint2", "Item":"Hpt_PulseLaser_Gimbal_Medium", "On":true, "Priority":0, "Health":1.000000, "Value":35400 }, { "Slot":"SmallHardpoint1", "Item":"Hpt_MultiCannon_Gimbal_Small", "On":true, "Priority":0, "AmmoInClip":90, "AmmoInHopper":2100, "Health":1.000000, "Value":12825 }, { "Slot":"SmallHardpoint2", "Item":"Hpt_MultiCannon_Gimbal_Small", "On":true, "Priority":0, "AmmoInClip":90, "AmmoInHopper":2100, "Health":1.000000, "Value":12825 }, { "Slot":"TinyHardpoint1", "Item":"Hpt_ShieldBooster_Size0_Class5", "On":true, "Priority":0, "Health":1.000000, "Value":281000 }, { "Slot":"TinyHardpoint2", "Item":"Hpt_CrimeScanner_Size0_Class2", "On":true, "Priority":0, "Health":1.000000, "Value":40633 }, { "Slot":"PaintJob", "Item":"PaintJob_CobraMkIII_Militaire_Sand", "On":true, "Priority":1, "Health":1.000000, "Value":0 }, { "Slot":"Armour", "Item":"CobraMkIII_Armour_Reactive", "On":true, "Priority":1, "Health":1.000000, "Value":824285 }, { "Slot":"PowerPlant", "Item":"Int_Powerplant_Size4_Class5", "On":true, "Priority":1, "Health":1.000000, "Value":1610080 }, { "Slot":"MainEngines", "Item":"Int_Engine_Size4_Class5", "On":true, "Priority":0, "Health":1.000000, "Value":1610080 }, { "Slot":"FrameShiftDrive", "Item":"Int_Hyperdrive_Size4_Class5", "On":true, "Priority":0, "Health":1.000000, "Value":1610080 }, { "Slot":"LifeSupport", "Item":"Int_LifeSupport_Size3_Class1", "On":true, "Priority":2, "Health":1.000000, "Value":4053 }, { "Slot":"PowerDistributor", "Item":"Int_PowerDistributor_Size3_Class5", "On":true, "Priority":0, "Health":1.000000, "Value":158331 }, { "Slot":"Radar", "Item":"Int_Sensors_Size3_Class5", "On":true, "Priority":0, "Health":1.000000, "Value":158331 }, { "Slot":"FuelTank", "Item":"Int_FuelTank_Size4_Class3", "On":true, "Priority":1, "Health":1.000000, "Value":24734 }, { "Slot":"Slot01_Size4", "Item":"Int_CargoRack_Size4_Class1", "On":true, "Priority":1, "Health":1.000000, "Value":34328 }, { "Slot":"Slot02_Size4", "Item":"Int_FuelScoop_Size2_Class5", "On":true, "Priority":0, "Health":1.000000, "Value":284844 }, { "Slot":"Slot03_Size4", "Item":"Int_ShieldGenerator_Size4_Class5", "On":true, "Priority":0, "Health":1.000000, "Value":1610080 }, { "Slot":"Slot04_Size2", "Item":"Int_BuggyBay_Size2_Class1", "On":true, "Priority":0, "Health":1.000000, "Value":18000 }, { "Slot":"Slot05_Size2", "Item":"Int_FSDInterdictor_Size1_Class2", "On":true, "Priority":0, "Health":1.000000, "Value":36000 }, { "Slot":"Slot06_Size2", "Item":"Int_StellarBodyDiscoveryScanner_Advanced", "On":true, "Priority":1, "Health":1.000000, "Value":1545000 }, { "Slot":"PlanetaryApproachSuite", "Item":"Int_PlanetApproachSuite", "On":true, "Priority":1, "Health":1.000000, "Value":500 }, { "Slot":"ShipCockpit", "Item":"CobraMkIII_Cockpit", "On":true, "Priority":1, "Health":1.000000, "Value":0 }, { "Slot":"CargoHatch", "Item":"ModularCargoBayDoor", "On":true, "Priority":2, "Health":1.000000, "Value":0 } ] }
{ "timestamp":"2018-01-27T20:32:36Z", "event":"Materials", "Raw":[ { "Name":"phosphorus", "Count":14 }, { "Name":"iron", "Count":24 }, { "Name":"sulphur", "Count":16 }, { "Name":"nickel", "Count":21 }, { "Name":"carbon", "Count":15 }, { "Name":"chromium", "Count":6 }, { "Name":"molybdenum", "Count":3 }, { "Name":"manganese", "Count":6 }, { "Name":"cadmium", "Count":3 }, { "Name":"germanium", "Count":3 } ], "Manufactured":[ { "Name":"gridresistors", "Count":13 }, { "Name":"mechanicalscrap", "Count":13 }, { "Name":"mechanicalequipment", "Count":9 }, { "Name":"heatconductionwiring", "Count":6 }, { "Name":"focuscrystals", "Count":22 }, { "Name":"salvagedalloys", "Count":39 }, { "Name":"chemicalprocessors", "Count":24 }, { "Name":"heatdispersionplate", "Count":3 }, { "Name":"phasealloys", "Count":15 }, { "Name":"shieldingsensors", "Count":24 }, { "Name":"wornshieldemitters", "Count":57 }, { "Name":"galvanisingalloys", "Count":33 }, { "Name":"uncutfocuscrystals", "Count":1 }, { "Name":"hybridcapacitors", "Count":1 }, { "Name":"configurablecomponents", "Count":6 }, { "Name":"highdensitycomposites", "Count":12 }, { "Name":"mechanicalcomponents", "Count":3 }, { "Name":"fedproprietarycomposites", "Count":12 }, { "Name":"fedcorecomposites", "Count":3 }, { "Name":"shieldemitters", "Count":6 }, { "Name":"conductivecomponents", "Count":1 }, { "Name":"refinedfocuscrystals", "Count":18 }, { "Name":"chemicaldistillery", "Count":6 }, { "Name":"protolightalloys", "Count":6 }, { "Name":"conductiveceramics", "Count":1 }, { "Name":"precipitatedalloys", "Count":4 }, { "Name":"biotechconductors", "Count":1 } ], "Encoded":[ { "Name":"decodedemissiondata", "Count":3 }, { "Name":"emissiondata", "Count":6 }, { "Name":"shieldsoakanalysis", "Count":15 }, { "Name":"shielddensityreports", "Count":24 }, { "Name":"scanarchives", "Count":15 }, { "Name":"shieldpatternanalysis", "Count":12 }, { "Name":"shieldcyclerecordings", "Count":45 }, { "Name":"encodedscandata", "Count":9 }, { "Name":"fsdtelemetry", "Count":5 }, { "Name":"scandatabanks", "Count":4 }, { "Name":"legacyfirmware", "Count":8 }, { "Name":"archivedemissiondata", "Count":3 }, { "Name":"disruptedwakeechoes", "Count":5 }, { "Name":"industrialfirmware", "Count":2 }, { "Name":"bulkscandata", "Count":16 }, { "Name":"embeddedfirmware", "Count":1 }, { "Name":"scrambledemissiondata", "Count":3 } ] }
{ "timestamp":"2018-01-27T20:32:36Z", "event":"LoadGame", "Commander":"Sleep Runner", "Ship":"CobraMkIII", "ShipID":1, "ShipName":"SLEEPY-ONE", "ShipIdent":"#SLEEP", "FuelLevel":16.000000, "FuelCapacity":16.000000, "GameMode":"Open", "Credits":69306, "Loan":513617 }
{ "timestamp":"2018-01-27T20:32:36Z", "event":"Rank", "Combat":1, "Trade":3, "Explore":3, "Empire":0, "Federation":1, "CQC":0 }
{ "timestamp":"2018-01-27T20:32:36Z", "event":"Progress", "Combat":10, "Trade":50, "Explore":2, "Empire":0, "Federation":81, "CQC":0 }
{ "timestamp":"2018-01-27T20:32:50Z", "event":"Location", "Docked":true, "StationName":"Lehtonen Dock", "StationType":"Bernal", "StarSystem":"BD+33 3582", "StarPos":[-64.125,5.094,24.688], "SystemAllegiance":"Federation", "SystemEconomy":"$economy_Agri;", "SystemEconomy_Localised":"Сельское хозяйство", "SystemGovernment":"$government_Corporate;", "SystemGovernment_Localised":"Корпоративная", "SystemSecurity":"$SYSTEM_SECURITY_high;", "SystemSecurity_Localised":"Высок. ур. безопасности", "Population":508029216, "Body":"Lehtonen Dock", "BodyType":"Station", "Factions":[ { "Name":"Values Party of Lalande 38451", "FactionState":"None", "Government":"Democracy", "Influence":0.053053, "Allegiance":"Federation", "PendingStates":[ { "State":"Boom", "Trend":0 } ] }, { "Name":"Pilots Federation Local Branch", "FactionState":"None", "Government":"Democracy", "Influence":0.000000, "Allegiance":"PilotsFederation" }, { "Name":"BD+33 3582 Values Party", "FactionState":"Boom", "Government":"Democracy", "Influence":0.097097, "Allegiance":"Independent", "PendingStates":[ { "State":"CivilWar", "Trend":0 } ] }, { "Name":"Lalande 38451 Creative PLC", "FactionState":"None", "Government":"Corporate", "Influence":0.050050, "Allegiance":"Federation", "RecoveringStates":[ { "State":"Boom", "Trend":0 } ] }, { "Name":"BD+33 3582 Gold Public Int", "FactionState":"None", "Government":"Corporate", "Influence":0.416416, "Allegiance":"Federation", "RecoveringStates":[ { "State":"Boom", "Trend":0 } ] }, { "Name":"Allied BD+33 3582 League", "FactionState":"Boom", "Government":"Dictatorship", "Influence":0.041041, "Allegiance":"Independent" }, { "Name":"BD+33 3582 Jet Society", "FactionState":"Boom", "Government":"Anarchy", "Influence":0.111111, "Allegiance":"Independent", "PendingStates":[ { "State":"CivilWar", "Trend":0 } ] }, { "Name":"BD+33 3582 Crimson Natural Ex", "FactionState":"Boom", "Government":"Corporate", "Influence":0.231231, "Allegiance":"Federation" } ], "SystemFaction":"BD+33 3582 Gold Public Int" }
{ "timestamp":"2018-01-27T20:32:51Z", "event":"Music", "MusicTrack":"NoTrack" }
{ "timestamp":"2018-01-27T20:32:51Z", "event":"Docked", "StationName":"Lehtonen Dock", "StationType":"Bernal", "StarSystem":"BD+33 3582", "StationFaction":"BD+33 3582 Gold Public Int", "StationGovernment":"$government_Corporate;", "StationGovernment_Localised":"Корпоративная", "StationAllegiance":"Federation", "StationServices":[ "Dock", "Autodock", "Commodities", "Contacts", "Exploration", "Missions", "Outfitting", "CrewLounge", "Rearm", "Refuel", "Repair", "Shipyard", "Tuning", "MissionsGenerated", "FlightController", "StationOperations", "Powerplay", "SearchAndRescue" ], "StationEconomy":"$economy_Refinery;", "StationEconomy_Localised":"Переработка", "DistFromStarLS":13661.705078 }
{ "timestamp":"2018-01-27T20:32:51Z", "event":"Music", "MusicTrack":"Starport" }
{ "timestamp":"2018-01-27T20:33:02Z", "event":"MissionAbandoned", "Name":"Mission_Courier_Boom_name", "MissionID":301632191 }
{ "timestamp":"2018-01-27T20:33:06Z", "event":"MissionAbandoned", "Name":"Mission_Courier_Boom_name", "MissionID":301632159 }
{ "timestamp":"2018-01-27T20:33:08Z", "event":"MissionAbandoned", "Name":"Mission_Courier_Boom_name", "MissionID":301632037 }
{ "timestamp":"2018-01-27T20:33:13Z", "event":"MissionAbandoned", "Name":"Mission_Courier_Boom_name", "MissionID":301632018 }
{ "timestamp":"2018-01-27T20:33:17Z", "event":"MissionAbandoned", "Name":"Mission_Courier_Boom_name", "MissionID":301631749 }
{ "timestamp":"2018-01-27T20:33:19Z", "event":"MissionAbandoned", "Name":"Mission_Courier_Boom_name", "MissionID":301631729 }
{ "timestamp":"2018-01-27T20:33:23Z", "event":"MissionAbandoned", "Name":"Mission_Courier_Boom_name", "MissionID":301631701 }
{ "timestamp":"2018-01-27T20:33:26Z", "event":"MissionAbandoned", "Name":"Mission_Courier_Boom_name", "MissionID":301631675 }
{ "timestamp":"2018-01-27T20:33:28Z", "event":"MissionAbandoned", "Name":"Mission_Courier_Boom_name", "MissionID":301615224 }
{ "timestamp":"2018-01-27T20:33:31Z", "event":"MissionAbandoned", "Name":"Mission_Courier_Boom_name", "MissionID":301614598 }
{ "timestamp":"2018-01-27T20:33:36Z", "event":"MissionAbandoned", "Name":"Mission_Courier_Boom_name", "MissionID":301613880 }
{ "timestamp":"2018-01-27T20:33:40Z", "event":"MissionAbandoned", "Name":"Mission_Courier_Boom_name", "MissionID":301613852 }
{ "timestamp":"2018-01-27T20:34:19Z", "event":"Music", "MusicTrack":"GalaxyMap" }
{ "timestamp":"2018-01-27T20:34:24Z", "event":"Music", "MusicTrack":"SystemMap" }
{ "timestamp":"2018-01-27T20:34:25Z", "event":"ReceiveText", "From":"$npc_name_decorate:#name=Dougal McTiddly;", "From_Localised":"Dougal McTiddly", "Message":"$Commuter_AuthorityScan02;", "Message_Localised":"Чем могу быть полезен?", "Channel":"npc" }
{ "timestamp":"2018-01-27T20:34:30Z", "event":"Music", "MusicTrack":"GalaxyMap" }
{ "timestamp":"2018-01-27T20:34:30Z", "event":"Music", "MusicTrack":"Starport" }
{ "timestamp":"2018-01-27T20:34:58Z", "event":"Undocked", "StationName":"Lehtonen Dock", "StationType":"Bernal" }
{ "timestamp":"2018-01-27T20:35:07Z", "event":"ReceiveText", "From":"$npc_name_decorate:#name=Silvia Lasanom;", "From_Localised":"Silvia Lasanom", "Message":"$Commuter_AuthorityScan01;", "Message_Localised":"Мы что-то нарушили, командир?", "Channel":"npc" }
{ "timestamp":"2018-01-27T20:35:13Z", "event":"Music", "MusicTrack":"NoTrack" }
{ "timestamp":"2018-01-27T20:35:46Z", "event":"ReceiveText", "From":"Lehtonen Dock", "Message":"$STATION_NoFireZone_exited;", "Message_Localised":"Вы вышли из зоны запрета огня", "Channel":"npc" }
{ "timestamp":"2018-01-27T20:36:10Z", "event":"StartJump", "JumpType":"Hyperspace", "StarSystem":"Ross 163", "StarClass":"M" }
{ "timestamp":"2018-01-27T20:36:28Z", "event":"FSDJump", "StarSystem":"Ross 163", "StarPos":[-64.250,8.000,34.000], "SystemAllegiance":"Federation", "SystemEconomy":"$economy_Industrial;", "SystemEconomy_Localised":"Промышленность", "SystemGovernment":"$government_Corporate;", "SystemGovernment_Localised":"Корпоративная", "SystemSecurity":"$SYSTEM_SECURITY_medium;", "SystemSecurity_Localised":"Средн. ур. безопасности", "Population":3082024, "JumpDist":9.756, "FuelUsed":0.705333, "FuelLevel":15.294666, "Factions":[ { "Name":"Ross 163 Liberals", "FactionState":"None", "Government":"Democracy", "Influence":0.050000, "Allegiance":"Federation", "PendingStates":[ { "State":"Boom", "Trend":1 }, { "State":"CivilUnrest", "Trend":-1 }, { "State":"Lockdown", "Trend":-1 } ] }, { "Name":"Movement for Venetic Progressive Party", "FactionState":"Boom", "Government":"Democracy", "Influence":0.156000, "Allegiance":"Federation", "PendingStates":[ { "State":"War", "Trend":0 } ] }, { "Name":"Pilots Federation Local Branch", "FactionState":"None", "Government":"Democracy", "Influence":0.000000, "Allegiance":"PilotsFederation" }, { "Name":"Ross 163 Vision Solutions", "FactionState":"Boom", "Government":"Corporate", "Influence":0.144000, "Allegiance":"Independent", "RecoveringStates":[ { "State":"Famine", "Trend":0 } ] }, { "Name":"Nationals of Ross 163", "FactionState":"Boom", "Government":"Dictatorship", "Influence":0.180000, "Allegiance":"Independent" }, { "Name":"Ross 163 Jet Family", "FactionState":"Boom", "Government":"Anarchy", "Influence":0.230000, "Allegiance":"Independent", "PendingStates":[ { "State":"Famine", "Trend":0 }, { "State":"War", "Trend":0 } ] }, { "Name":"Ross 163 Blue Dynamic Limited", "FactionState":"None", "Government":"Corporate", "Influence":0.240000, "Allegiance":"Federation", "PendingStates":[ { "State":"Boom", "Trend":1 } ] } ], "SystemFaction":"Ross 163 Blue Dynamic Limited" }
{ "timestamp":"2018-01-27T20:36:28Z", "event":"Music", "MusicTrack":"DestinationFromHyperspace" }
{ "timestamp":"2018-01-27T20:36:33Z", "event":"Music", "MusicTrack":"Supercruise" }
{ "timestamp":"2018-01-27T20:36:46Z", "event":"FuelScoop", "Scooped":0.705336, "Total":16.000000 }
{ "timestamp":"2018-01-27T20:38:50Z", "event":"SupercruiseExit", "StarSystem":"Ross 163", "Body":"Tarelkin City", "BodyType":"Station" }
{ "timestamp":"2018-01-27T20:38:50Z", "event":"Music", "MusicTrack":"DestinationFromSupercruise" }
{ "timestamp":"2018-01-27T20:38:55Z", "event":"Music", "MusicTrack":"NoTrack" }
{ "timestamp":"2018-01-27T20:38:58Z", "event":"ReceiveText", "From":"Tarelkin City", "Message":"$STATION_NoFireZone_entered;", "Message_Localised":"Вы вошли в зону запрета огня", "Channel":"npc" }
{ "timestamp":"2018-01-27T20:39:00Z", "event":"DockingRequested", "StationName":"Tarelkin City" }
{ "timestamp":"2018-01-27T20:39:00Z", "event":"ReceiveText", "From":"Tarelkin City", "Message":"$DockingChatter_Neutral;", "Message_Localised":"Строго соблюдайте правила поведения в порту, пилот.", "Channel":"npc" }
{ "timestamp":"2018-01-27T20:39:02Z", "event":"ReceiveText", "From":"Tarelkin City", "Message":"$STATION_docking_granted;", "Message_Localised":"Стыковка разрешена", "Channel":"npc" }
{ "timestamp":"2018-01-27T20:39:02Z", "event":"DockingGranted", "LandingPad":43, "StationName":"Tarelkin City" }
{ "timestamp":"2018-01-27T20:39:45Z", "event":"Scanned", "ScanType":"Cargo" }
{ "timestamp":"2018-01-27T20:39:45Z", "event":"ReceiveText", "From":"$ShipName_Police_Federation;", "From_Localised":"Федеральная служба безопасности", "Message":"$Police_ThankYouPassedStopAndSearch04;", "Message_Localised":"Преступлений не выявлено. Вы свободны, командир.", "Channel":"npc" }
{ "timestamp":"2018-01-27T20:39:48Z", "event":"Music", "MusicTrack":"Starport" }
{ "timestamp":"2018-01-27T20:40:08Z", "event":"Docked", "StationName":"Tarelkin City", "StationType":"Coriolis", "StarSystem":"Ross 163", "StationFaction":"Ross 163 Blue Dynamic Limited", "StationGovernment":"$government_Corporate;", "StationGovernment_Localised":"Корпоративная", "StationAllegiance":"Federation", "StationServices":[ "Dock", "Autodock", "BlackMarket", "Commodities", "Contacts", "Exploration", "Missions", "Outfitting", "CrewLounge", "Rearm", "Refuel", "Repair", "Shipyard", "Tuning", "MissionsGenerated", "FlightController", "StationOperations", "Powerplay", "SearchAndRescue" ], "StationEconomy":"$economy_Industrial;", "StationEconomy_Localised":"Промышленность", "DistFromStarLS":666.913818 }
{ "timestamp":"2018-01-27T20:41:05Z", "event":"MissionCompleted", "Faction":"Ross 163 Liberals", "Name":"Mission_Delivery_name", "MissionID":301635973, "Commodity":"$SurvivalEquipment_Name;", "Commodity_Localised":"Снаряжение для выживания", "Count":6, "TargetFaction":"BD+33 3582 Crimson Natural Ex", "DestinationSystem":"BD+33 3582", "DestinationStation":"Shunn Point", "Reward":84012 }
{ "timestamp":"2018-01-27T20:41:21Z", "event":"Music", "MusicTrack":"GalaxyMap" }
{ "timestamp":"2018-01-27T20:41:28Z", "event":"Music", "MusicTrack":"Starport" }
{ "timestamp":"2018-01-27T20:41:33Z", "event":"Music", "MusicTrack":"GalaxyMap" }
{ "timestamp":"2018-01-27T20:41:36Z", "event":"Music", "MusicTrack":"SystemMap" }
{ "timestamp":"2018-01-27T20:41:41Z", "event":"Music", "MusicTrack":"GalaxyMap" }
{ "timestamp":"2018-01-27T20:41:42Z", "event":"Music", "MusicTrack":"Starport" }
{ "timestamp":"2018-01-27T20:41:54Z", "event":"Undocked", "StationName":"Tarelkin City", "StationType":"Coriolis" }
{ "timestamp":"2018-01-27T20:42:20Z", "event":"ReceiveText", "From":"$npc_name_decorate:#name=Strangely Brown;", "From_Localised":"Strangely Brown", "Message":"$Commuter_AuthorityScan03;", "Message_Localised":"Сколько времени это займет? У меня плотный график. ", "Channel":"npc" }
{ "timestamp":"2018-01-27T20:42:31Z", "event":"Music", "MusicTrack":"NoTrack" }
{ "timestamp":"2018-01-27T20:43:13Z", "event":"ReceiveText", "From":"Tarelkin City", "Message":"$STATION_NoFireZone_exited;", "Message_Localised":"Вы вышли из зоны запрета огня", "Channel":"npc" }
{ "timestamp":"2018-01-27T20:43:18Z", "event":"StartJump", "JumpType":"Hyperspace", "StarSystem":"BD+33 3582", "StarClass":"K" }
{ "timestamp":"2018-01-27T20:43:37Z", "event":"FSDJump", "StarSystem":"BD+33 3582", "StarPos":[-64.125,5.094,24.688], "SystemAllegiance":"Federation", "SystemEconomy":"$economy_Agri;", "SystemEconomy_Localised":"Сельское хозяйство", "SystemGovernment":"$government_Corporate;", "SystemGovernment_Localised":"Корпоративная", "SystemSecurity":"$SYSTEM_SECURITY_high;", "SystemSecurity_Localised":"Высок. ур. безопасности", "Population":508029216, "JumpDist":9.756, "FuelUsed":0.674939, "FuelLevel":15.325061, "Factions":[ { "Name":"Values Party of Lalande 38451", "FactionState":"None", "Government":"Democracy", "Influence":0.053053, "Allegiance":"Federation", "PendingStates":[ { "State":"Boom", "Trend":0 } ] }, { "Name":"Pilots Federation Local Branch", "FactionState":"None", "Government":"Democracy", "Influence":0.000000, "Allegiance":"PilotsFederation" }, { "Name":"BD+33 3582 Values Party", "FactionState":"Boom", "Government":"Democracy", "Influence":0.097097, "Allegiance":"Independent", "PendingStates":[ { "State":"CivilWar", "Trend":0 } ] }, { "Name":"Lalande 38451 Creative PLC", "FactionState":"None", "Government":"Corporate", "Influence":0.050050, "Allegiance":"Federation", "RecoveringStates":[ { "State":"Boom", "Trend":0 } ] }, { "Name":"BD+33 3582 Gold Public Int", "FactionState":"None", "Government":"Corporate", "Influence":0.416416, "Allegiance":"Federation", "RecoveringStates":[ { "State":"Boom", "Trend":0 } ] }, { "Name":"Allied BD+33 3582 League", "FactionState":"Boom", "Government":"Dictatorship", "Influence":0.041041, "Allegiance":"Independent" }, { "Name":"BD+33 3582 Jet Society", "FactionState":"Boom", "Government":"Anarchy", "Influence":0.111111, "Allegiance":"Independent", "PendingStates":[ { "State":"CivilWar", "Trend":0 } ] }, { "Name":"BD+33 3582 Crimson Natural Ex", "FactionState":"Boom", "Government":"Corporate", "Influence":0.231231, "Allegiance":"Federation" } ], "SystemFaction":"BD+33 3582 Gold Public Int" }
{ "timestamp":"2018-01-27T20:43:37Z", "event":"Music", "MusicTrack":"Supercruise" }
{ "timestamp":"2018-01-27T20:43:52Z", "event":"FuelScoop", "Scooped":0.329307, "Total":15.654353 }
{ "timestamp":"2018-01-27T20:45:00Z", "event":"Music", "MusicTrack":"GalaxyMap" }
{ "timestamp":"2018-01-27T20:45:11Z", "event":"Music", "MusicTrack":"SystemMap" }
{ "timestamp":"2018-01-27T20:45:20Z", "event":"Music", "MusicTrack":"GalaxyMap" }
{ "timestamp":"2018-01-27T20:45:21Z", "event":"Music", "MusicTrack":"Supercruise" }
{ "timestamp":"2018-01-27T20:47:32Z", "event":"SendText", "To":"local", "Message":"Тазовая кость!" }
{ "timestamp":"2018-01-27T20:49:31Z", "event":"ApproachSettlement", "Name":"Ballard Vista +++" }
{ "timestamp":"2018-01-27T20:49:33Z", "event":"ApproachSettlement", "Name":"McBride Installation" }
{ "timestamp":"2018-01-27T20:49:46Z", "event":"SupercruiseExit", "StarSystem":"BD+33 3582", "Body":"Lehtonen Dock", "BodyType":"Station" }
{ "timestamp":"2018-01-27T20:49:46Z", "event":"Music", "MusicTrack":"DestinationFromSupercruise" }
{ "timestamp":"2018-01-27T20:49:51Z", "event":"Music", "MusicTrack":"NoTrack" }
{ "timestamp":"2018-01-27T20:49:52Z", "event":"ReceiveText", "From":"Lehtonen Dock", "Message":"$STATION_NoFireZone_entered;", "Message_Localised":"Вы вошли в зону запрета огня", "Channel":"npc" }
{ "timestamp":"2018-01-27T20:49:56Z", "event":"DockingRequested", "StationName":"Lehtonen Dock" }
{ "timestamp":"2018-01-27T20:49:56Z", "event":"ReceiveText", "From":"Lehtonen Dock", "Message":"$DockingChatter_Neutral;", "Message_Localised":"Строго соблюдайте правила поведения в порту, пилот.", "Channel":"npc" }
{ "timestamp":"2018-01-27T20:49:57Z", "event":"ReceiveText", "From":"Lehtonen Dock", "Message":"$STATION_docking_granted;", "Message_Localised":"Стыковка разрешена", "Channel":"npc" }
{ "timestamp":"2018-01-27T20:49:57Z", "event":"DockingGranted", "LandingPad":34, "StationName":"Lehtonen Dock" }
{ "timestamp":"2018-01-27T20:50:31Z", "event":"Music", "MusicTrack":"Starport" }
{ "timestamp":"2018-01-27T20:51:00Z", "event":"Docked", "StationName":"Lehtonen Dock", "StationType":"Bernal", "StarSystem":"BD+33 3582", "StationFaction":"BD+33 3582 Gold Public Int", "StationGovernment":"$government_Corporate;", "StationGovernment_Localised":"Корпоративная", "StationAllegiance":"Federation", "StationServices":[ "Dock", "Autodock", "Commodities", "Contacts", "Exploration", "Missions", "Outfitting", "CrewLounge", "Rearm", "Refuel", "Repair", "Shipyard", "Tuning", "MissionsGenerated", "FlightController", "StationOperations", "Powerplay", "SearchAndRescue" ], "StationEconomy":"$economy_Refinery;", "StationEconomy_Localised":"Переработка", "DistFromStarLS":13661.728516 }
{ "timestamp":"2018-01-27T20:51:15Z", "event":"MissionCompleted", "Faction":"BD+33 3582 Crimson Natural Ex", "Name":"Mission_Delivery_Boom_name", "MissionID":301631921, "Commodity":"$DomesticAppliances_Name;", "Commodity_Localised":"Бытовая техника", "Count":2, "TargetFaction":"BD+33 3582 Crimson Natural Ex", "DestinationSystem":"BD+33 3582", "DestinationStation":"Lehtonen Dock", "Reward":12500, "CommodityReward":[ { "Name":"InsulatingMembrane", "Count":4 } ] }
{ "timestamp":"2018-01-27T20:51:15Z", "event":"MaterialCollected", "Category":"Manufactured", "Name":"mechanicalscrap", "Count":1 }
{ "timestamp":"2018-01-27T20:51:34Z", "event":"Music", "MusicTrack":"GalaxyMap" }
{ "timestamp":"2018-01-27T20:51:47Z", "event":"Music", "MusicTrack":"SystemMap" }
{ "timestamp":"2018-01-27T20:52:03Z", "event":"Music", "MusicTrack":"GalaxyMap" }
{ "timestamp":"2018-01-27T20:52:12Z", "event":"Music", "MusicTrack":"Starport" }
{ "timestamp":"2018-01-27T20:52:26Z", "event":"Undocked", "StationName":"Lehtonen Dock", "StationType":"Bernal" }
{ "timestamp":"2018-01-27T20:52:48Z", "event":"Music", "MusicTrack":"NoTrack" }
{ "timestamp":"2018-01-27T20:53:08Z", "event":"ReceiveText", "From":"Lehtonen Dock", "Message":"$STATION_NoFireZone_exited;", "Message_Localised":"Вы вышли из зоны запрета огня", "Channel":"npc" }
{ "timestamp":"2018-01-27T20:53:44Z", "event":"StartJump", "JumpType":"Hyperspace", "StarSystem":"Nintu", "StarClass":"M" }
{ "timestamp":"2018-01-27T20:54:03Z", "event":"FSDJump", "StarSystem":"Nintu", "StarPos":[-60.281,12.313,28.844], "SystemAllegiance":"", "SystemEconomy":"$economy_None;", "SystemEconomy_Localised":"Нет", "SystemGovernment":"$government_None;", "SystemGovernment_Localised":"Нет", "SystemSecurity":"$GAlAXY_MAP_INFO_state_anarchy;", "SystemSecurity_Localised":"Анархия", "Population":0, "JumpDist":9.174, "FuelUsed":0.593049, "FuelLevel":15.061304 }
{ "timestamp":"2018-01-27T20:54:03Z", "event":"Music", "MusicTrack":"Supercruise" }
{ "timestamp":"2018-01-27T20:54:23Z", "event":"FuelScoop", "Scooped":0.725123, "Total":15.786435 }
{ "timestamp":"2018-01-27T20:54:39Z", "event":"StartJump", "JumpType":"Hyperspace", "StarSystem":"LP 280-9", "StarClass":"M" }
{ "timestamp":"2018-01-27T20:54:44Z", "event":"Music", "MusicTrack":"NoTrack" }
{ "timestamp":"2018-01-27T20:54:57Z", "event":"FSDJump", "StarSystem":"LP 280-9", "StarPos":[-56.500,19.156,29.531], "SystemAllegiance":"Federation", "SystemEconomy":"$economy_Refinery;", "SystemEconomy_Localised":"Переработка", "SystemGovernment":"$government_Corporate;", "SystemGovernment_Localised":"Корпоративная", "SystemSecurity":"$SYSTEM_SECURITY_medium;", "SystemSecurity_Localised":"Средн. ур. безопасности", "Population":155056, "JumpDist":7.849, "FuelUsed":0.414673, "FuelLevel":15.371762, "Factions":[ { "Name":"Ross 163 Liberals", "FactionState":"None", "Government":"Democracy", "Influence":0.077451, "Allegiance":"Federation", "PendingStates":[ { "State":"Boom", "Trend":1 }, { "State":"CivilUnrest", "Trend":-1 }, { "State":"Lockdown", "Trend":-1 } ] }, { "Name":"BD+35 3145 Company", "FactionState":"War", "Government":"Corporate", "Influence":0.009804, "Allegiance":"Federation", "PendingStates":[ { "State":"Boom", "Trend":1 } ] }, { "Name":"Pilots Federation Local Branch", "FactionState":"None", "Government":"Democracy", "Influence":0.000000, "Allegiance":"PilotsFederation" }, { "Name":"Independents of LP 280-9", "FactionState":"CivilWar", "Government":"Democracy", "Influence":0.164706, "Allegiance":"Independent" }, { "Name":"LP 280-9 United Holdings", "FactionState":"None", "Government":"Corporate", "Influence":0.296078, "Allegiance":"Federation", "PendingStates":[ { "State":"Boom", "Trend":1 } ] }, { "Name":"LFT 1492 Bridge Co", "FactionState":"None", "Government":"Corporate", "Influence":0.288235, "Allegiance":"Independent" }, { "Name":"New LP 280-9 Bureau", "FactionState":"War", "Government":"Dictatorship", "Influence":0.009804, "Allegiance":"Independent" }, { "Name":"LP 280-9 Crimson Mafia", "FactionState":"CivilWar", "Government":"Anarchy", "Influence":0.153922, "Allegiance":"Independent" } ], "SystemFaction":"LP 280-9 United Holdings" }
{ "timestamp":"2018-01-27T20:54:57Z", "event":"Music", "MusicTrack":"Supercruise" }
{ "timestamp":"2018-01-27T20:55:14Z", "event":"FuelScoop", "Scooped":0.628233, "Total":16.000000 }
{ "timestamp":"2018-01-27T20:55:39Z", "event":"StartJump", "JumpType":"Hyperspace", "StarSystem":"Alrai Sector ZZ-Y b4", "StarClass":"M" }
{ "timestamp":"2018-01-27T20:55:44Z", "event":"Music", "MusicTrack":"NoTrack" }
{ "timestamp":"2018-01-27T20:55:57Z", "event":"FSDJump", "StarSystem":"Alrai Sector ZZ-Y b4", "StarPos":[-57.625,22.938,26.719], "SystemAllegiance":"", "SystemEconomy":"$economy_None;", "SystemEconomy_Localised":"Нет", "SystemGovernment":"$government_None;", "SystemGovernment_Localised":"Нет", "SystemSecurity":"$GAlAXY_MAP_INFO_state_anarchy;", "SystemSecurity_Localised":"Анархия", "Population":0, "JumpDist":4.845, "FuelUsed":0.136920, "FuelLevel":15.863080 }
{ "timestamp":"2018-01-27T20:55:58Z", "event":"Music", "MusicTrack":"Supercruise" }
{ "timestamp":"2018-01-27T20:56:08Z", "event":"FuelScoop", "Scooped":0.136923, "Total":16.000000 }
{ "timestamp":"2018-01-27T20:56:27Z", "event":"Music", "MusicTrack":"GalaxyMap" }
{ "timestamp":"2018-01-27T20:56:32Z", "event":"Music", "MusicTrack":"Supercruise" }
{ "timestamp":"2018-01-27T20:56:34Z", "event":"StartJump", "JumpType":"Hyperspace", "StarSystem":"NLTT 46709", "StarClass":"M" }
{ "timestamp":"2018-01-27T20:56:39Z", "event":"Music", "MusicTrack":"NoTrack" }
{ "timestamp":"2018-01-27T20:56:52Z", "event":"FSDJump", "StarSystem":"NLTT 46709", "StarPos":[-65.313,25.875,23.688], "SystemAllegiance":"Federation", "SystemEconomy":"$economy_Colony;", "SystemEconomy_Localised":"Колония", "SystemGovernment":"$government_Confederacy;", "SystemGovernment_Localised":"Конфедерация", "SystemSecurity":"$SYSTEM_SECURITY_low;", "SystemSecurity_Localised":"Низк. ур. безопасности", "Population":1431, "JumpDist":8.770, "FuelUsed":0.536035, "FuelLevel":15.463964, "Factions":[ { "Name":"Partnership of NLTT 46709", "FactionState":"Boom", "Government":"Confederacy", "Influence":0.458000, "Allegiance":"Federation" }, { "Name":"Pilots Federation Local Branch", "FactionState":"None", "Government":"Democracy", "Influence":0.000000, "Allegiance":"PilotsFederation" }, { "Name":"Amarak Comms Partners", "FactionState":"None", "Government":"Corporate", "Influence":0.265000, "Allegiance":"Federation" }, { "Name":"Crimson Central Company", "FactionState":"Boom", "Government":"Corporate", "Influence":0.173000, "Allegiance":"Independent" }, { "Name":"Icontia Partnership", "FactionState":"Boom", "Government":"Confederacy", "Influence":0.079000, "Allegiance":"Federation" }, { "Name":"Ronin of Amarak", "FactionState":"None", "Government":"Anarchy", "Influence":0.025000, "Allegiance":"Independent", "PendingStates":[ { "State":"Boom", "Trend":1 } ] } ], "SystemFaction":"Partnership of NLTT 46709", "FactionState":"Boom" }
{ "timestamp":"2018-01-27T20:56:52Z", "event":"Music", "MusicTrack":"Supercruise" }
{ "timestamp":"2018-01-27T20:57:05Z", "event":"ReceiveText", "From":"$npc_name_decorate:#name=Gervais Brook Hampster;", "From_Localised":"Gervais Brook Hampster", "Message":"$Pirate_HunterHostileSC_Relevant05;", "Message_Localised":"Слухи не врали... Хорошо, что никто до тебя не добрался раньше меня.", "Channel":"npc" }
{ "timestamp":"2018-01-27T20:57:06Z", "event":"FuelScoop", "Scooped":0.272858, "Total":15.736827 }
{ "timestamp":"2018-01-27T20:57:16Z", "event":"Music", "MusicTrack":"GalaxyMap" }
{ "timestamp":"2018-01-27T20:57:21Z", "event":"StartJump", "JumpType":"Hyperspace", "StarSystem":"Aritimi", "StarClass":"G" }
{ "timestamp":"2018-01-27T20:57:21Z", "event":"Music", "MusicTrack":"Supercruise" }
{ "timestamp":"2018-01-27T20:57:27Z", "event":"Music", "MusicTrack":"NoTrack" }
{ "timestamp":"2018-01-27T20:57:40Z", "event":"FSDJump", "StarSystem":"Aritimi", "StarPos":[-64.656,31.063,19.875], "SystemAllegiance":"Federation", "SystemEconomy":"$economy_Agri;", "SystemEconomy_Localised":"Сельское хозяйство", "SystemGovernment":"$government_Corporate;", "SystemGovernment_Localised":"Корпоративная", "SystemSecurity":"$SYSTEM_SECURITY_medium;", "SystemSecurity_Localised":"Средн. ур. безопасности", "Population":680115139, "JumpDist":6.471, "FuelUsed":0.265900, "FuelLevel":15.470926, "Factions":[ { "Name":"Aritimi Free", "FactionState":"Boom", "Government":"Democracy", "Influence":0.180180, "Allegiance":"Federation" }, { "Name":"Pilots Federation Local Branch", "FactionState":"None", "Government":"Democracy", "Influence":0.000000, "Allegiance":"PilotsFederation" }, { "Name":"Nootkenk People's Co-operative", "FactionState":"Boom", "Government":"Cooperative", "Influence":0.079079, "Allegiance":"Independent", "RecoveringStates":[ { "State":"Famine", "Trend":0 } ] }, { "Name":"Future of Bhumatz", "FactionState":"Boom", "Government":"Democracy", "Influence":0.078078, "Allegiance":"Federation" }, { "Name":"Aritimi Exchange", "FactionState":"Boom", "Government":"Corporate", "Influence":0.463463, "Allegiance":"Federation" }, { "Name":"Natural Aritimi League", "FactionState":"Boom", "Government":"Dictatorship", "Influence":0.046046, "Allegiance":"Independent" }, { "Name":"Aritimi Services", "FactionState":"None", "Government":"Corporate", "Influence":0.103103, "Allegiance":"Independent", "PendingStates":[ { "State":"Boom", "Trend":1 } ], "RecoveringStates":[ { "State":"Famine", "Trend":0 }, { "State":"Outbreak", "Trend":0 } ] }, { "Name":"Partnership of Aritimi", "FactionState":"None", "Government":"Anarchy", "Influence":0.050050, "Allegiance":"Independent", "RecoveringStates":[ { "State":"Boom", "Trend":0 } ] } ], "SystemFaction":"Aritimi Exchange", "FactionState":"Boom" }
{ "timestamp":"2018-01-27T20:57:40Z", "event":"Music", "MusicTrack":"DestinationFromHyperspace" }
{ "timestamp":"2018-01-27T20:57:45Z", "event":"Music", "MusicTrack":"Supercruise" }
{ "timestamp":"2018-01-27T20:57:52Z", "event":"FuelScoop", "Scooped":0.105140, "Total":15.576061 }
{ "timestamp":"2018-01-27T21:00:57Z", "event":"ApproachSettlement", "Name":"Aguirre Hub" }
{ "timestamp":"2018-01-27T21:00:58Z", "event":"ApproachSettlement", "Name":"Clapperton Enterprise ++" }
{ "timestamp":"2018-01-27T21:00:58Z", "event":"ApproachSettlement", "Name":"Bisson Installation" }
{ "timestamp":"2018-01-27T21:00:59Z", "event":"ApproachSettlement", "Name":"Haller Point" }
{ "timestamp":"2018-01-27T21:02:05Z", "event":"ApproachSettlement", "Name":"Bisson Installation" }
{ "timestamp":"2018-01-27T21:02:05Z", "event":"ApproachSettlement", "Name":"Clapperton Enterprise ++" }
{ "timestamp":"2018-01-27T21:02:07Z", "event":"SupercruiseExit", "StarSystem":"Aritimi", "Body":"Aritimi 9 c", "BodyType":"Planet" }
{ "timestamp":"2018-01-27T21:02:08Z", "event":"Music", "MusicTrack":"Exploration" }
{ "timestamp":"2018-01-27T21:03:32Z", "event":"Touchdown", "PlayerControlled":true, "Latitude":-6.473975, "Longitude":-95.959755 }
{ "timestamp":"2018-01-27T21:03:51Z", "event":"LaunchSRV", "Loadout":"starter", "PlayerControlled":true }
{ "timestamp":"2018-01-27T21:04:07Z", "event":"Liftoff", "PlayerControlled":false }
{ "timestamp":"2018-01-27T21:05:53Z", "event":"Music", "MusicTrack":"Combat_SRV" }
{ "timestamp":"2018-01-27T21:05:53Z", "event":"CommitCrime", "CrimeType":"assault", "Faction":"Natural Aritimi League", "Victim":"$poi_turretbasea_name;", "Victim_Localised":"Оборонительная турель", "Bounty":360 }
{ "timestamp":"2018-01-27T21:06:06Z", "event":"CommitCrime", "CrimeType":"assault", "Faction":"Natural Aritimi League", "Victim":"$poi_turretbasea_name;", "Victim_Localised":"Оборонительная турель", "Bounty":360 }
{ "timestamp":"2018-01-27T21:06:21Z", "event":"CommitCrime", "CrimeType":"assault", "Faction":"Natural Aritimi League", "Victim":"$poi_generator_name;", "Victim_Localised":"Генератор", "Bounty":360 }
{ "timestamp":"2018-01-27T21:06:25Z", "event":"Music", "MusicTrack":"Exploration" }
{ "timestamp":"2018-01-27T21:06:25Z", "event":"MissionRedirected", "MissionID":301614383, "Name":"Mission_Disable_HighTech_name", "NewDestinationStation":"Vela Port", "NewDestinationSystem":"Amarak", "OldDestinationStation":"Bisson Installation", "OldDestinationSystem":"Aritimi" }
{ "timestamp":"2018-01-27T21:06:36Z", "event":"Music", "MusicTrack":"SystemMap" }
{ "timestamp":"2018-01-27T21:06:42Z", "event":"Music", "MusicTrack":"Exploration" }
{ "timestamp":"2018-01-27T21:09:55Z", "event":"Touchdown", "PlayerControlled":false }
{ "timestamp":"2018-01-27T21:10:21Z", "event":"DockSRV" }
{ "timestamp":"2018-01-27T21:10:43Z", "event":"Music", "MusicTrack":"GalaxyMap" }
{ "timestamp":"2018-01-27T21:10:47Z", "event":"Music", "MusicTrack":"SystemMap" }
{ "timestamp":"2018-01-27T21:10:57Z", "event":"Music", "MusicTrack":"GalaxyMap" }
{ "timestamp":"2018-01-27T21:11:00Z", "event":"Music", "MusicTrack":"Exploration" }
{ "timestamp":"2018-01-27T21:11:25Z", "event":"Music", "MusicTrack":"GalaxyMap" }
{ "timestamp":"2018-01-27T21:11:29Z", "event":"Music", "MusicTrack":"SystemMap" }
{ "timestamp":"2018-01-27T21:11:39Z", "event":"Music", "MusicTrack":"GalaxyMap" }
{ "timestamp":"2018-01-27T21:11:39Z", "event":"Music", "MusicTrack":"Exploration" }
