{ "timestamp":"2017-12-05T21:13:04Z", "event":"Fileheader", "part":1, "language":"Russian\\RU", "gameversion":"2.4", "build":"r159510/r0 " }
{ "timestamp":"2017-12-05T21:13:04Z", "event":"Music", "MusicTrack":"NoTrack" }
{ "timestamp":"2017-12-05T21:13:04Z", "event":"Music", "MusicTrack":"MainMenu" }
{ "timestamp":"2017-12-05T22:20:25Z", "event":"Music", "MusicTrack":"MainMenu" }
{ "timestamp":"2017-12-05T22:20:38Z", "event":"Cargo", "Inventory":[  ] }
{ "timestamp":"2017-12-05T22:20:38Z", "event":"Loadout", "Ship":"SideWinder", "ShipID":0, "ShipName":"SLEEPY-ONE", "ShipIdent":"", "Modules":[ { "Slot":"SmallHardpoint1", "Item":"Hpt_PulseLaser_Gimbal_Small", "On":true, "Priority":2, "Health":1.000000, "Value":0 }, { "Slot":"SmallHardpoint2", "Item":"Hpt_PulseLaser_Gimbal_Small", "On":true, "Priority":2, "Health":1.000000, "Value":0 }, { "Slot":"Armour", "Item":"SideWinder_Armour_Grade1", "On":true, "Priority":2, "Health":1.000000, "Value":0 }, { "Slot":"PowerPlant", "Item":"Int_PowerPlant_Size2_Class1", "On":true, "Priority":2, "Health":1.000000, "Value":0 }, { "Slot":"MainEngines", "Item":"Int_Engine_Size2_Class1", "On":true, "Priority":2, "Health":1.000000, "Value":0 }, { "Slot":"FrameShiftDrive", "Item":"Int_Hyperdrive_Size2_Class1", "On":true, "Priority":2, "Health":1.000000, "Value":0 }, { "Slot":"LifeSupport", "Item":"Int_LifeSupport_Size1_Class1", "On":true, "Priority":2, "Health":1.000000, "Value":0 }, { "Slot":"PowerDistributor", "Item":"Int_PowerDistributor_Size1_Class1", "On":true, "Priority":2, "Health":1.000000, "Value":0 }, { "Slot":"Radar", "Item":"Int_Sensors_Size1_Class1", "On":true, "Priority":2, "Health":1.000000, "Value":0 }, { "Slot":"FuelTank", "Item":"Int_FuelTank_Size1_Class3", "On":true, "Priority":2, "Health":1.000000, "Value":0 }, { "Slot":"Slot01_Size2", "Item":"Int_ShieldGenerator_Size2_Class1", "On":true, "Priority":2, "Health":1.000000, "Value":0 }, { "Slot":"Slot02_Size2", "Item":"Int_CargoRack_Size2_Class1", "On":true, "Priority":2, "Health":1.000000, "Value":0 }, { "Slot":"Slot03_Size1", "Item":"Int_StellarBodyDiscoveryScanner_Standard", "On":true, "Priority":2, "Health":1.000000, "Value":0 }, { "Slot":"PlanetaryApproachSuite", "Item":"Int_PlanetApproachSuite", "On":true, "Priority":2, "Health":1.000000, "Value":0 }, { "Slot":"ShipCockpit", "Item":"Sidewinder_Cockpit", "On":true, "Priority":2, "Health":1.000000, "Value":0 }, { "Slot":"CargoHatch", "Item":"ModularCargoBayDoor", "On":true, "Priority":2, "Health":1.000000, "Value":0 } ] }
{ "timestamp":"2017-12-05T22:20:38Z", "event":"Materials", "Raw":[  ], "Manufactured":[  ], "Encoded":[  ] }
{ "timestamp":"2017-12-05T22:20:38Z", "event":"LoadGame", "Commander":"Sleep Runner", "Ship":"SideWinder", "ShipID":0, "ShipName":"SLEEPY-ONE", "ShipIdent":"", "FuelLevel":2.000000, "FuelCapacity":2.000000, "GameMode":"Solo", "Credits":1000, "Loan":0 }
{ "timestamp":"2017-12-05T22:20:38Z", "event":"Rank", "Combat":0, "Trade":0, "Explore":0, "Empire":0, "Federation":0, "CQC":0 }
{ "timestamp":"2017-12-05T22:20:38Z", "event":"Progress", "Combat":0, "Trade":0, "Explore":0, "Empire":0, "Federation":0, "CQC":0 }
{ "timestamp":"2017-12-05T22:20:43Z", "event":"Location", "Docked":true, "StationName":"Trevithick Dock", "StationType":"Outpost", "StarSystem":"LHS 3447", "StarPos":[-43.188,-5.281,56.156], "SystemAllegiance":"PilotsFederation", "SystemEconomy":"$economy_Agri;", "SystemEconomy_Localised":"Сельское хозяйство", "SystemGovernment":"$government_Democracy;", "SystemGovernment_Localised":"Демократия", "SystemSecurity":"$SYSTEM_SECURITY_high;", "SystemSecurity_Localised":"Высок. ур. безопасности", "Population":1148206412, "Body":"Trevithick Dock", "BodyType":"Station", "Factions":[ { "Name":"LHS 3447 Academy for Novitiate Pilots", "FactionState":"None", "Government":"Cooperative", "Influence":0.097804, "Allegiance":"Independent", "PendingStates":[ { "State":"CivilWar", "Trend":0 } ] }, { "Name":"LTT 18486 Jet Energy Company", "FactionState":"None", "Government":"Corporate", "Influence":0.113772, "Allegiance":"Federation", "PendingStates":[ { "State":"Boom", "Trend":1 }, { "State":"Bust", "Trend":-1 }, { "State":"CivilUnrest", "Trend":0 } ], "RecoveringStates":[ { "State":"Lockdown", "Trend":0 } ] }, { "Name":"Pilots Federation Local Branch", "FactionState":"None", "Government":"Democracy", "Influence":0.000000, "Allegiance":"PilotsFederation" }, { "Name":"Future of LHS 3447", "FactionState":"Lockdown", "Government":"Democracy", "Influence":0.275449, "Allegiance":"Federation", "PendingStates":[ { "State":"CivilUnrest", "Trend":-1 }, { "State":"Outbreak", "Trend":1 } ], "RecoveringStates":[ { "State":"Boom", "Trend":0 } ] }, { "Name":"Liberty Party of GD 219", "FactionState":"None", "Government":"Dictatorship", "Influence":0.009980, "Allegiance":"Independent", "PendingStates":[ { "State":"Boom", "Trend":1 }, { "State":"Retreat", "Trend":0 } ] }, { "Name":"LHS 3447 Co", "FactionState":"Boom", "Government":"Corporate", "Influence":0.219561, "Allegiance":"Independent", "PendingStates":[ { "State":"Outbreak", "Trend":0 } ] }, { "Name":"Freedom Party of LHS 3447", "FactionState":"Boom", "Government":"Dictatorship", "Influence":0.184631, "Allegiance":"Independent", "RecoveringStates":[ { "State":"Outbreak", "Trend":1 } ] }, { "Name":"LHS 3447 Cartel", "FactionState":"None", "Government":"Anarchy", "Influence":0.064870, "Allegiance":"Independent", "PendingStates":[ { "State":"Boom", "Trend":1 }, { "State":"Bust", "Trend":0 }, { "State":"Lockdown", "Trend":1 }, { "State":"Outbreak", "Trend":1 } ], "RecoveringStates":[ { "State":"CivilUnrest", "Trend":1 } ] }, { "Name":"LHS 3447 Dynamic & Co", "FactionState":"None", "Government":"Corporate", "Influence":0.033932, "Allegiance":"Federation", "PendingStates":[ { "State":"Boom", "Trend":1 }, { "State":"CivilUnrest", "Trend":1 } ] } ], "SystemFaction":"Pilots Federation Local Branch" }
{ "timestamp":"2017-12-05T22:20:43Z", "event":"Music", "MusicTrack":"NoTrack" }
{ "timestamp":"2017-12-05T22:20:43Z", "event":"Docked", "StationName":"Trevithick Dock", "StationType":"Outpost", "StarSystem":"LHS 3447", "StationFaction":"Pilots Federation Local Branch", "StationGovernment":"$government_Democracy;", "StationGovernment_Localised":"Демократия", "StationAllegiance":"PilotsFederation", "StationServices":[ "Dock", "Autodock", "BlackMarket", "Contacts", "Exploration", "Missions", "Outfitting", "CrewLounge", "Refuel", "Repair", "Tuning", "MissionsGenerated", "FlightController", "StationOperations", "Powerplay", "SearchAndRescue" ], "StationEconomy":"$economy_Extraction;", "StationEconomy_Localised":"Добыча ископаемых", "DistFromStarLS":91739.148438 }
{ "timestamp":"2017-12-05T22:20:43Z", "event":"Music", "MusicTrack":"Exploration" }
{ "timestamp":"2017-12-05T22:20:44Z", "event":"MissionRedirected", "MissionID":258266138, "Name":"Mission_Welcome_name", "NewDestinationStation":"Russell Ring", "NewDestinationSystem":"Eravate", "OldDestinationStation":"", "OldDestinationSystem":"" }
{ "timestamp":"2017-12-05T22:32:49Z", "event":"MissionAccepted", "Faction":"LHS 3447 Academy for Novitiate Pilots", "Name":"Mission_Assassinate", "LocalisedName":"Убейте пилота пиратский лорд: Selia Lahugeea", "TargetType":"$MissionUtil_FactionTag_PirateLord;", "TargetType_Localised":"пиратский лорд", "TargetFaction":"Chamunda Crimson Gang", "DestinationSystem":"Chamunda", "DestinationStation":"Gidzenko Ring", "Target":"Selia Lahugeea", "Expiry":"2017-12-06T22:20:11Z", "Influence":"Med", "Reputation":"Med", "Reward":42797, "MissionID":258272515 }
{ "timestamp":"2017-12-05T22:32:58Z", "event":"MissionAccepted", "Faction":"LHS 3447 Academy for Novitiate Pilots", "Name":"Mission_Courier", "LocalisedName":"Есть курьерское задание", "TargetFaction":"Democrats of Chamunda", "DestinationSystem":"Chamunda", "DestinationStation":"Gidzenko Ring", "Expiry":"2017-12-06T22:02:09Z", "Influence":"Low", "Reputation":"Med", "MissionID":258272595 }
{ "timestamp":"2017-12-05T22:33:02Z", "event":"MissionAccepted", "Faction":"LHS 3447 Academy for Novitiate Pilots", "Name":"Mission_Collect", "LocalisedName":"Найдите и верните 2 шт. товара Стимуляторы", "Commodity":"$PerformanceEnhancers_Name;", "Commodity_Localised":"Стимуляторы", "Count":2, "DestinationSystem":"LHS 3447", "DestinationStation":"Trevithick Dock", "Expiry":"2017-12-07T02:55:54Z", "Influence":"Med", "Reputation":"Low", "Reward":2315, "MissionID":258272635 }
{ "timestamp":"2017-12-05T22:34:36Z", "event":"Undocked", "StationName":"Trevithick Dock", "StationType":"Outpost" }
{ "timestamp":"2017-12-05T22:36:03Z", "event":"Scanned", "ScanType":"Cargo" }
{ "timestamp":"2017-12-05T22:37:52Z", "event":"ReceiveText", "From":"Trevithick Dock", "Message":"$STATION_NoFireZone_exited;", "Message_Localised":"Вы вышли из зоны запрета огня", "Channel":"npc" }
{ "timestamp":"2017-12-05T22:38:12Z", "event":"Music", "MusicTrack":"GalaxyMap" }
{ "timestamp":"2017-12-05T22:39:18Z", "event":"Music", "MusicTrack":"Exploration" }
{ "timestamp":"2017-12-05T22:39:47Z", "event":"Music", "MusicTrack":"GalaxyMap" }
{ "timestamp":"2017-12-05T22:39:59Z", "event":"Music", "MusicTrack":"Exploration" }
{ "timestamp":"2017-12-05T22:40:28Z", "event":"StartJump", "JumpType":"Hyperspace", "StarSystem":"Chamunda", "StarClass":"K" }
{ "timestamp":"2017-12-05T22:40:33Z", "event":"Music", "MusicTrack":"NoTrack" }
{ "timestamp":"2017-12-05T22:40:47Z", "event":"FSDJump", "StarSystem":"Chamunda", "StarPos":[-47.219,-6.781,62.125], "SystemAllegiance":"Federation", "SystemEconomy":"$economy_Industrial;", "SystemEconomy_Localised":"Промышленность", "SystemGovernment":"$government_Democracy;", "SystemGovernment_Localised":"Демократия", "SystemSecurity":"$SYSTEM_SECURITY_medium;", "SystemSecurity_Localised":"Средн. ур. безопасности", "Population":5132804, "JumpDist":7.357, "FuelUsed":0.568420, "FuelLevel":1.431580, "Factions":[ { "Name":"United LHS 3479 Green Party", "FactionState":"War", "Government":"Democracy", "Influence":0.163184, "Allegiance":"Federation" }, { "Name":"Pilots Federation Local Branch", "FactionState":"None", "Government":"Democracy", "Influence":0.000000, "Allegiance":"PilotsFederation" }, { "Name":"Revolutionary Party of Chamunda", "FactionState":"None", "Government":"Democracy", "Influence":0.160199, "Allegiance":"Federation", "PendingStates":[ { "State":"Boom", "Trend":1 } ] }, { "Name":"Unionists of Sun Takush", "FactionState":"Boom", "Government":"Communism", "Influence":0.259701, "Allegiance":"Independent", "PendingStates":[ { "State":"War", "Trend":0 } ] }, { "Name":"Traditional Chamunda Nationalists", "FactionState":"CivilWar", "Government":"Dictatorship", "Influence":0.009950, "Allegiance":"Independent" }, { "Name":"Chamunda Crimson Travel Exchange", "FactionState":"War", "Government":"Corporate", "Influence":0.109453, "Allegiance":"Federation" }, { "Name":"Chamunda Crimson Gang", "FactionState":"Boom", "Government":"Anarchy", "Influence":0.282587, "Allegiance":"Independent", "PendingStates":[ { "State":"CivilUnrest", "Trend":0 }, { "State":"Lockdown", "Trend":0 }, { "State":"War", "Trend":0 } ] }, { "Name":"Democrats of Chamunda", "FactionState":"CivilWar", "Government":"Democracy", "Influence":0.014925, "Allegiance":"Independent" } ], "SystemFaction":"Revolutionary Party of Chamunda" }
{ "timestamp":"2017-12-05T22:40:47Z", "event":"Music", "MusicTrack":"DestinationFromHyperspace" }
{ "timestamp":"2017-12-05T22:40:52Z", "event":"Music", "MusicTrack":"Supercruise" }
{ "timestamp":"2017-12-05T22:40:56Z", "event":"HeatWarning" }
{ "timestamp":"2017-12-05T22:40:57Z", "event":"SupercruiseExit", "StarSystem":"Chamunda", "Body":"Chamunda A", "BodyType":"Star" }
{ "timestamp":"2017-12-05T22:40:58Z", "event":"HeatWarning" }
{ "timestamp":"2017-12-05T22:40:58Z", "event":"Music", "MusicTrack":"Exploration" }
{ "timestamp":"2017-12-05T22:41:10Z", "event":"HeatWarning" }
{ "timestamp":"2017-12-05T22:42:52Z", "event":"StartJump", "JumpType":"Supercruise" }
{ "timestamp":"2017-12-05T22:42:52Z", "event":"HeatWarning" }
{ "timestamp":"2017-12-05T22:42:57Z", "event":"SupercruiseEntry", "StarSystem":"Chamunda" }
{ "timestamp":"2017-12-05T22:42:57Z", "event":"HeatWarning" }
{ "timestamp":"2017-12-05T22:42:57Z", "event":"Music", "MusicTrack":"Supercruise" }
{ "timestamp":"2017-12-05T22:43:29Z", "event":"Music", "MusicTrack":"GalaxyMap" }
{ "timestamp":"2017-12-05T22:43:42Z", "event":"Music", "MusicTrack":"Supercruise" }
{ "timestamp":"2017-12-05T22:45:43Z", "event":"SendText", "To":"local", "Message":"hey" }
{ "timestamp":"2017-12-05T22:46:02Z", "event":"SendText", "To":"local", "Message":"can anyone hear me ?" }
{ "timestamp":"2017-12-05T22:50:44Z", "event":"SupercruiseExit", "StarSystem":"Chamunda", "Body":"Chamunda A", "BodyType":"Star" }
{ "timestamp":"2017-12-05T22:50:44Z", "event":"Music", "MusicTrack":"Exploration" }
{ "timestamp":"2017-12-05T22:51:40Z", "event":"Music", "MusicTrack":"GalaxyMap" }
{ "timestamp":"2017-12-05T22:51:49Z", "event":"Music", "MusicTrack":"SystemMap" }
{ "timestamp":"2017-12-05T22:52:12Z", "event":"Music", "MusicTrack":"Exploration" }
{ "timestamp":"2017-12-05T22:52:48Z", "event":"StartJump", "JumpType":"Supercruise" }
{ "timestamp":"2017-12-05T22:52:53Z", "event":"SupercruiseEntry", "StarSystem":"Chamunda" }
{ "timestamp":"2017-12-05T22:52:53Z", "event":"Music", "MusicTrack":"Supercruise" }
{ "timestamp":"2017-12-05T22:55:03Z", "event":"SupercruiseExit", "StarSystem":"Chamunda", "Body":"Chamunda A", "BodyType":"Star" }
{ "timestamp":"2017-12-05T22:55:04Z", "event":"Music", "MusicTrack":"Exploration" }
{ "timestamp":"2017-12-05T22:55:55Z", "event":"NavBeaconScan", "NumBodies":3 }
{ "timestamp":"2017-12-05T22:55:55Z", "event":"Scan", "BodyName":"Chamunda A", "DistanceFromArrivalLS":0.000000, "StarType":"K", "StellarMass":0.796875, "Radius":548262336.000000, "AbsoluteMagnitude":6.170395, "Age_MY":5604, "SurfaceTemperature":4780.000000, "Luminosity":"Vab", "SemiMajorAxis":225982873600.000000, "Eccentricity":0.020976, "OrbitalInclination":-8.802595, "Periapsis":145.354156, "OrbitalPeriod":372027424.000000, "RotationPeriod":269791.812500, "AxialTilt":0.000000 }
{ "timestamp":"2017-12-05T22:55:55Z", "event":"Scan", "BodyName":"Chamunda B", "DistanceFromArrivalLS":2692.018799, "StarType":"M", "StellarMass":0.312500, "Radius":368592896.000000, "AbsoluteMagnitude":9.041901, "Age_MY":5604, "SurfaceTemperature":3010.000000, "Luminosity":"Va", "SemiMajorAxis":576234061824.000000, "Eccentricity":0.020976, "OrbitalInclination":-8.802595, "Periapsis":325.354156, "OrbitalPeriod":372027424.000000, "RotationPeriod":168939.250000, "AxialTilt":0.000000 }
{ "timestamp":"2017-12-05T22:55:55Z", "event":"Scan", "BodyName":"Chamunda B 1", "DistanceFromArrivalLS":2808.354492, "TidalLock":true, "TerraformState":"", "PlanetClass":"High metal content body", "Atmosphere":"hot thick carbon dioxide atmosphere", "AtmosphereType":"CarbonDioxide", "AtmosphereComposition":[ { "Name":"CarbonDioxide", "Percent":91.134933 }, { "Name":"Nitrogen", "Percent":7.881025 }, { "Name":"SulphurDioxide", "Percent":0.911349 } ], "Volcanism":"major silicate vapour geysers volcanism", "MassEM":4.008070, "Radius":9104847.000000, "SurfaceGravity":19.270784, "SurfaceTemperature":1377.595215, "SurfacePressure":287372352.000000, "Landable":false, "SemiMajorAxis":23766196224.000000, "Eccentricity":0.611133, "OrbitalInclination":71.115242, "Periapsis":340.713440, "OrbitalPeriod":3574250.000000, "RotationPeriod":3574319.000000, "AxialTilt":0.193242 }
{ "timestamp":"2017-12-05T22:57:53Z", "event":"MaterialDiscovered", "Category":"Encoded", "Name":"decodedemissiondata", "DiscoveryNumber":1 }
{ "timestamp":"2017-12-05T22:57:53Z", "event":"MaterialCollected", "Category":"Encoded", "Name":"decodedemissiondata", "Count":3 }
{ "timestamp":"2017-12-05T23:00:09Z", "event":"Scanned", "ScanType":"Crime" }
{ "timestamp":"2017-12-05T23:01:58Z", "event":"ReceiveText", "From":"$ShipName_Police_Federation;", "From_Localised":"Федеральная служба безопасности", "Message":"$Police_ArriveReinforcement05;", "Message_Localised":"Идет развертывание сил экстренного резерва.", "Channel":"npc" }
{ "timestamp":"2017-12-05T23:02:13Z", "event":"ReceiveText", "From":"$npc_name_decorate:#name=Torak;", "From_Localised":"Torak", "Message":"$BadKarmaCriticalDamage06;", "Message_Localised":"Черт, неожиданно!", "Channel":"npc" }
{ "timestamp":"2017-12-05T23:05:51Z", "event":"MaterialDiscovered", "Category":"Encoded", "Name":"emissiondata", "DiscoveryNumber":2 }
{ "timestamp":"2017-12-05T23:05:51Z", "event":"MaterialCollected", "Category":"Encoded", "Name":"emissiondata", "Count":3 }
{ "timestamp":"2017-12-05T23:05:59Z", "event":"ReceiveText", "From":"$npc_name_decorate:#name=Sandeep Twentyseven;", "From_Localised":"Sandeep Twentyseven", "Message":"$Smuggler_NearDeath01;", "Message_Localised":"Ладно, ладно, весь груз твой... Эта работа не стоит моей жизни.", "Channel":"npc" }
{ "timestamp":"2017-12-05T23:07:47Z", "event":"MissionAbandoned", "Name":"Mission_Assassinate_name", "MissionID":258272515 }
{ "timestamp":"2017-12-05T23:07:53Z", "event":"Music", "MusicTrack":"GalaxyMap" }
{ "timestamp":"2017-12-05T23:08:08Z", "event":"Music", "MusicTrack":"SystemMap" }
{ "timestamp":"2017-12-05T23:08:21Z", "event":"Music", "MusicTrack":"Exploration" }
{ "timestamp":"2017-12-05T23:09:02Z", "event":"StartJump", "JumpType":"Supercruise" }
{ "timestamp":"2017-12-05T23:09:07Z", "event":"SupercruiseEntry", "StarSystem":"Chamunda" }
{ "timestamp":"2017-12-05T23:09:07Z", "event":"Music", "MusicTrack":"Supercruise" }
{ "timestamp":"2017-12-05T23:10:04Z", "event":"SupercruiseExit", "StarSystem":"Chamunda", "Body":"Chamunda A", "BodyType":"Star" }
{ "timestamp":"2017-12-05T23:10:04Z", "event":"Music", "MusicTrack":"Exploration" }
{ "timestamp":"2017-12-05T23:10:26Z", "event":"StartJump", "JumpType":"Supercruise" }
{ "timestamp":"2017-12-05T23:10:31Z", "event":"SupercruiseEntry", "StarSystem":"Chamunda" }
{ "timestamp":"2017-12-05T23:10:31Z", "event":"Music", "MusicTrack":"Supercruise" }
{ "timestamp":"2017-12-05T23:13:48Z", "event":"USSDrop", "USSType":"$USS_Type_Convoy;", "USSType_Localised":"Зарегистрировано рассредоточение конвоя", "USSThreat":1 }
{ "timestamp":"2017-12-05T23:13:49Z", "event":"SupercruiseExit", "StarSystem":"Chamunda", "Body":"Chamunda A", "BodyType":"Star" }
{ "timestamp":"2017-12-05T23:13:50Z", "event":"Music", "MusicTrack":"Exploration" }
{ "timestamp":"2017-12-05T23:14:49Z", "event":"StartJump", "JumpType":"Supercruise" }
{ "timestamp":"2017-12-05T23:14:54Z", "event":"SupercruiseEntry", "StarSystem":"Chamunda" }
{ "timestamp":"2017-12-05T23:14:54Z", "event":"Music", "MusicTrack":"Supercruise" }
{ "timestamp":"2017-12-05T23:15:10Z", "event":"Music", "MusicTrack":"GalaxyMap" }
{ "timestamp":"2017-12-05T23:15:23Z", "event":"Music", "MusicTrack":"SystemMap" }
{ "timestamp":"2017-12-05T23:15:44Z", "event":"Music", "MusicTrack":"Supercruise" }
{ "timestamp":"2017-12-05T23:16:18Z", "event":"StartJump", "JumpType":"Hyperspace", "StarSystem":"LHS 3447", "StarClass":"K" }
{ "timestamp":"2017-12-05T23:16:23Z", "event":"Music", "MusicTrack":"NoTrack" }
{ "timestamp":"2017-12-05T23:16:36Z", "event":"FSDJump", "StarSystem":"LHS 3447", "StarPos":[-43.188,-5.281,56.156], "SystemAllegiance":"PilotsFederation", "SystemEconomy":"$economy_Agri;", "SystemEconomy_Localised":"Сельское хозяйство", "SystemGovernment":"$government_Democracy;", "SystemGovernment_Localised":"Демократия", "SystemSecurity":"$SYSTEM_SECURITY_high;", "SystemSecurity_Localised":"Высок. ур. безопасности", "Population":1148206412, "JumpDist":7.357, "FuelUsed":0.547565, "FuelLevel":0.584015, "Factions":[ { "Name":"LHS 3447 Academy for Novitiate Pilots", "FactionState":"None", "Government":"Cooperative", "Influence":0.097804, "Allegiance":"Independent", "PendingStates":[ { "State":"CivilWar", "Trend":0 } ] }, { "Name":"LTT 18486 Jet Energy Company", "FactionState":"None", "Government":"Corporate", "Influence":0.113772, "Allegiance":"Federation", "PendingStates":[ { "State":"Boom", "Trend":1 }, { "State":"Bust", "Trend":-1 }, { "State":"CivilUnrest", "Trend":0 } ], "RecoveringStates":[ { "State":"Lockdown", "Trend":0 } ] }, { "Name":"Pilots Federation Local Branch", "FactionState":"None", "Government":"Democracy", "Influence":0.000000, "Allegiance":"PilotsFederation" }, { "Name":"Future of LHS 3447", "FactionState":"Lockdown", "Government":"Democracy", "Influence":0.275449, "Allegiance":"Federation", "PendingStates":[ { "State":"CivilUnrest", "Trend":-1 }, { "State":"Outbreak", "Trend":1 } ], "RecoveringStates":[ { "State":"Boom", "Trend":0 } ] }, { "Name":"Liberty Party of GD 219", "FactionState":"None", "Government":"Dictatorship", "Influence":0.009980, "Allegiance":"Independent", "PendingStates":[ { "State":"Boom", "Trend":1 }, { "State":"Retreat", "Trend":0 } ] }, { "Name":"LHS 3447 Co", "FactionState":"Boom", "Government":"Corporate", "Influence":0.219561, "Allegiance":"Independent", "PendingStates":[ { "State":"Outbreak", "Trend":0 } ] }, { "Name":"Freedom Party of LHS 3447", "FactionState":"Boom", "Government":"Dictatorship", "Influence":0.184631, "Allegiance":"Independent", "RecoveringStates":[ { "State":"Outbreak", "Trend":1 } ] }, { "Name":"LHS 3447 Cartel", "FactionState":"None", "Government":"Anarchy", "Influence":0.064870, "Allegiance":"Independent", "PendingStates":[ { "State":"Boom", "Trend":1 }, { "State":"Bust", "Trend":0 }, { "State":"Lockdown", "Trend":1 }, { "State":"Outbreak", "Trend":1 } ], "RecoveringStates":[ { "State":"CivilUnrest", "Trend":1 } ] }, { "Name":"LHS 3447 Dynamic & Co", "FactionState":"None", "Government":"Corporate", "Influence":0.033932, "Allegiance":"Federation", "PendingStates":[ { "State":"Boom", "Trend":1 }, { "State":"CivilUnrest", "Trend":1 } ] } ], "SystemFaction":"Pilots Federation Local Branch" }
{ "timestamp":"2017-12-05T23:16:37Z", "event":"Music", "MusicTrack":"Supercruise" }
{ "timestamp":"2017-12-05T23:18:17Z", "event":"USSDrop", "USSType":"$USS_Type_Convoy;", "USSType_Localised":"Зарегистрировано рассредоточение конвоя", "USSThreat":3 }
{ "timestamp":"2017-12-05T23:18:18Z", "event":"SupercruiseExit", "StarSystem":"LHS 3447", "Body":"Gliese 748.2 B", "BodyType":"Star" }
{ "timestamp":"2017-12-05T23:18:19Z", "event":"Music", "MusicTrack":"Exploration" }
{ "timestamp":"2017-12-05T23:19:45Z", "event":"StartJump", "JumpType":"Supercruise" }
{ "timestamp":"2017-12-05T23:19:50Z", "event":"SupercruiseEntry", "StarSystem":"LHS 3447" }
{ "timestamp":"2017-12-05T23:19:50Z", "event":"Music", "MusicTrack":"Supercruise" }
