{ "timestamp":"2017-12-12T01:00:42Z", "event":"Fileheader", "part":1, "language":"Russian\\RU", "gameversion":"2.4", "build":"r160439/r0 " }
{ "timestamp":"2017-12-12T01:00:42Z", "event":"Music", "MusicTrack":"NoTrack" }
{ "timestamp":"2017-12-12T01:00:42Z", "event":"Music", "MusicTrack":"MainMenu" }
{ "timestamp":"2017-12-12T01:01:19Z", "event":"Cargo", "Inventory":[ { "Name":"neofabricinsulation", "Count":4 } ] }
{ "timestamp":"2017-12-12T01:01:19Z", "event":"Loadout", "Ship":"CobraMkIII", "ShipID":1, "ShipName":"SLEEPY-ONE", "ShipIdent":"#SLEEP", "Modules":[ { "Slot":"MediumHardpoint1", "Item":"Hpt_PulseLaser_Gimbal_Medium", "On":true, "Priority":0, "Health":0.997020, "Value":35400 }, { "Slot":"MediumHardpoint2", "Item":"Hpt_PulseLaser_Gimbal_Medium", "On":true, "Priority":0, "Health":0.992559, "Value":35400 }, { "Slot":"SmallHardpoint1", "Item":"Hpt_MultiCannon_Gimbal_Small", "On":true, "Priority":0, "AmmoInClip":90, "AmmoInHopper":2100, "Health":0.994683, "Value":12825 }, { "Slot":"SmallHardpoint2", "Item":"Hpt_MultiCannon_Gimbal_Small", "On":true, "Priority":0, "AmmoInClip":90, "AmmoInHopper":2100, "Health":0.992513, "Value":12825 }, { "Slot":"TinyHardpoint1", "Item":"Hpt_CloudScanner_Size0_Class2", "On":true, "Priority":0, "Health":0.993100, "Value":40633 }, { "Slot":"TinyHardpoint2", "Item":"Hpt_CrimeScanner_Size0_Class2", "On":true, "Priority":0, "Health":0.982914, "Value":40633 }, { "Slot":"PaintJob", "Item":"PaintJob_CobraMkIII_Militaire_Sand", "On":true, "Priority":1, "Health":1.000000, "Value":0 }, { "Slot":"Armour", "Item":"CobraMkIII_Armour_Grade1", "On":true, "Priority":1, "Health":1.000000, "Value":0 }, { "Slot":"PowerPlant", "Item":"Int_Powerplant_Size4_Class5", "On":true, "Priority":1, "Health":0.983058, "Value":1610080 }, { "Slot":"MainEngines", "Item":"Int_Engine_Size4_Class1", "On":true, "Priority":2, "Health":0.980742, "Value":19878 }, { "Slot":"FrameShiftDrive", "Item":"Int_Hyperdrive_Size4_Class1", "On":true, "Priority":2, "Health":0.992519, "Value":19878 }, { "Slot":"LifeSupport", "Item":"Int_LifeSupport_Size3_Class1", "On":true, "Priority":2, "Health":0.991120, "Value":4053 }, { "Slot":"PowerDistributor", "Item":"Int_PowerDistributor_Size3_Class5", "On":true, "Priority":0, "Health":0.992647, "Value":158331 }, { "Slot":"Radar", "Item":"Int_Sensors_Size3_Class1", "On":true, "Priority":2, "Health":0.981209, "Value":4053 }, { "Slot":"FuelTank", "Item":"Int_FuelTank_Size4_Class3", "On":true, "Priority":1, "Health":1.000000, "Value":24734 }, { "Slot":"Slot01_Size4", "Item":"Int_CargoRack_Size3_Class1", "On":true, "Priority":1, "Health":1.000000, "Value":10563 }, { "Slot":"Slot02_Size4", "Item":"Int_CargoRack_Size3_Class1", "On":true, "Priority":1, "Health":1.000000, "Value":10563 }, { "Slot":"Slot03_Size4", "Item":"Int_ShieldGenerator_Size4_Class1", "On":true, "Priority":2, "Health":0.986557, "Value":19878 }, { "Slot":"Slot04_Size2", "Item":"Int_BuggyBay_Size2_Class1", "On":true, "Priority":0, "Health":0.986946, "Value":18000 }, { "Slot":"Slot05_Size2", "Item":"Int_Refinery_Size2_Class3", "On":true, "Priority":0, "Health":0.981833, "Value":113400 }, { "Slot":"Slot06_Size2", "Item":"Int_StellarBodyDiscoveryScanner_Standard", "On":true, "Priority":1, "Health":0.991218, "Value":1000 }, { "Slot":"PlanetaryApproachSuite", "Item":"Int_PlanetApproachSuite", "On":true, "Priority":1, "Health":1.000000, "Value":500 }, { "Slot":"ShipCockpit", "Item":"CobraMkIII_Cockpit", "On":true, "Priority":1, "Health":1.000000, "Value":0 }, { "Slot":"CargoHatch", "Item":"ModularCargoBayDoor", "On":true, "Priority":2, "Health":0.984871, "Value":0 } ] }
{ "timestamp":"2017-12-12T01:01:19Z", "event":"Materials", "Raw":[ { "Name":"phosphorus", "Count":3 } ], "Manufactured":[ { "Name":"gridresistors", "Count":9 }, { "Name":"mechanicalscrap", "Count":9 }, { "Name":"mechanicalequipment", "Count":9 }, { "Name":"heatconductionwiring", "Count":6 }, { "Name":"focuscrystals", "Count":9 }, { "Name":"salvagedalloys", "Count":27 }, { "Name":"chemicalprocessors", "Count":9 }, { "Name":"heatdispersionplate", "Count":3 }, { "Name":"phasealloys", "Count":6 }, { "Name":"shieldingsensors", "Count":3 }, { "Name":"wornshieldemitters", "Count":21 }, { "Name":"galvanisingalloys", "Count":18 }, { "Name":"uncutfocuscrystals", "Count":1 }, { "Name":"hybridcapacitors", "Count":1 }, { "Name":"configurablecomponents", "Count":6 }, { "Name":"highdensitycomposites", "Count":6 }, { "Name":"mechanicalcomponents", "Count":3 }, { "Name":"fedproprietarycomposites", "Count":12 }, { "Name":"fedcorecomposites", "Count":3 }, { "Name":"shieldemitters", "Count":3 }, { "Name":"conductivecomponents", "Count":1 }, { "Name":"refinedfocuscrystals", "Count":3 }, { "Name":"chemicaldistillery", "Count":3 } ], "Encoded":[ { "Name":"decodedemissiondata", "Count":3 }, { "Name":"emissiondata", "Count":6 }, { "Name":"shieldsoakanalysis", "Count":12 }, { "Name":"shielddensityreports", "Count":18 }, { "Name":"scanarchives", "Count":6 }, { "Name":"shieldpatternanalysis", "Count":9 }, { "Name":"shieldcyclerecordings", "Count":30 }, { "Name":"encodedscandata", "Count":9 }, { "Name":"fsdtelemetry", "Count":5 }, { "Name":"scandatabanks", "Count":4 }, { "Name":"legacyfirmware", "Count":4 }, { "Name":"archivedemissiondata", "Count":3 }, { "Name":"disruptedwakeechoes", "Count":3 }, { "Name":"industrialfirmware", "Count":1 }, { "Name":"bulkscandata", "Count":4 } ] }
{ "timestamp":"2017-12-12T01:01:19Z", "event":"LoadGame", "Commander":"Sleep Runner", "Ship":"CobraMkIII", "ShipID":1, "ShipName":"SLEEPY-ONE", "ShipIdent":"#SLEEP", "FuelLevel":12.113997, "FuelCapacity":16.000000, "GameMode":"Open", "Credits":152621, "Loan":71401 }
{ "timestamp":"2017-12-12T01:01:19Z", "event":"Rank", "Combat":0, "Trade":2, "Explore":2, "Empire":0, "Federation":0, "CQC":0 }
{ "timestamp":"2017-12-12T01:01:19Z", "event":"Progress", "Combat":58, "Trade":51, "Explore":15, "Empire":0, "Federation":100, "CQC":0 }
{ "timestamp":"2017-12-12T01:01:29Z", "event":"Location", "Docked":false, "StarSystem":"NLTT 48633", "StarPos":[-72.969,-9.094,43.125], "SystemAllegiance":"", "SystemEconomy":"$economy_None;", "SystemEconomy_Localised":"Нет", "SystemGovernment":"$government_None;", "SystemGovernment_Localised":"Нет", "SystemSecurity":"$GAlAXY_MAP_INFO_state_anarchy;", "SystemSecurity_Localised":"Анархия", "Population":0, "Body":"NLTT 48633 AB", "BodyType":"Null" }
{ "timestamp":"2017-12-12T01:01:29Z", "event":"Music", "MusicTrack":"NoTrack" }
{ "timestamp":"2017-12-12T01:01:29Z", "event":"Music", "MusicTrack":"Exploration" }
{ "timestamp":"2017-12-12T01:01:40Z", "event":"Music", "MusicTrack":"GalaxyMap" }
{ "timestamp":"2017-12-12T01:01:52Z", "event":"Music", "MusicTrack":"Exploration" }
{ "timestamp":"2017-12-12T01:02:10Z", "event":"StartJump", "JumpType":"Hyperspace", "StarSystem":"Chimba", "StarClass":"M" }
{ "timestamp":"2017-12-12T01:02:15Z", "event":"Music", "MusicTrack":"NoTrack" }
{ "timestamp":"2017-12-12T01:02:28Z", "event":"FSDJump", "StarSystem":"Chimba", "StarPos":[-68.594,-7.031,49.688], "SystemAllegiance":"Federation", "SystemEconomy":"$economy_Agri;", "SystemEconomy_Localised":"Сельское хозяйство", "SystemGovernment":"$government_Democracy;", "SystemGovernment_Localised":"Демократия", "SystemSecurity":"$SYSTEM_SECURITY_high;", "SystemSecurity_Localised":"Высок. ур. безопасности", "Population":3929920077, "JumpDist":8.152, "FuelUsed":1.313126, "FuelLevel":10.800872, "Factions":[ { "Name":"Pilots Federation Local Branch", "FactionState":"None", "Government":"Democracy", "Influence":0.000000, "Allegiance":"PilotsFederation" }, { "Name":"Independents of Chimba", "FactionState":"None", "Government":"Democracy", "Influence":0.435564, "Allegiance":"Federation", "RecoveringStates":[ { "State":"Boom", "Trend":0 } ] }, { "Name":"Lazdones Values Party", "FactionState":"Boom", "Government":"Democracy", "Influence":0.082917, "Allegiance":"Federation" }, { "Name":"Chimba Exchange", "FactionState":"CivilWar", "Government":"Corporate", "Influence":0.061938, "Allegiance":"Independent" }, { "Name":"United Chimba League", "FactionState":"Boom", "Government":"Dictatorship", "Influence":0.047952, "Allegiance":"Independent" }, { "Name":"Chimba Public Industries", "FactionState":"None", "Government":"Corporate", "Influence":0.257742, "Allegiance":"Federation", "PendingStates":[ { "State":"Boom", "Trend":1 } ] }, { "Name":"Chimba Raiders", "FactionState":"Boom", "Government":"Anarchy", "Influence":0.052947, "Allegiance":"Independent" }, { "Name":"Pension Plan Commandos", "FactionState":"CivilWar", "Government":"Confederacy", "Influence":0.060939, "Allegiance":"Independent" } ], "SystemFaction":"Independents of Chimba" }
{ "timestamp":"2017-12-12T01:02:29Z", "event":"Music", "MusicTrack":"Supercruise" }
{ "timestamp":"2017-12-12T01:02:51Z", "event":"Music", "MusicTrack":"GalaxyMap" }
{ "timestamp":"2017-12-12T01:03:03Z", "event":"Music", "MusicTrack":"SystemMap" }
{ "timestamp":"2017-12-12T01:03:16Z", "event":"Music", "MusicTrack":"GalaxyMap" }
{ "timestamp":"2017-12-12T01:03:16Z", "event":"Music", "MusicTrack":"Supercruise" }
{ "timestamp":"2017-12-12T01:03:35Z", "event":"StartJump", "JumpType":"Hyperspace", "StarSystem":"Freng", "StarClass":"M" }
{ "timestamp":"2017-12-12T01:03:40Z", "event":"Music", "MusicTrack":"NoTrack" }
{ "timestamp":"2017-12-12T01:03:54Z", "event":"FSDJump", "StarSystem":"Freng", "StarPos":[-74.938,-10.969,54.125], "SystemAllegiance":"Independent", "SystemEconomy":"$economy_Refinery;", "SystemEconomy_Localised":"Переработка", "SystemGovernment":"$government_Dictatorship;", "SystemGovernment_Localised":"Диктатура", "SystemSecurity":"$SYSTEM_SECURITY_medium;", "SystemSecurity_Localised":"Средн. ур. безопасности", "Population":2876891, "JumpDist":8.686, "FuelUsed":1.502452, "FuelLevel":9.298419, "Factions":[ { "Name":"Contegus Holdings", "FactionState":"None", "Government":"Corporate", "Influence":0.022977, "Allegiance":"Federation", "PendingStates":[ { "State":"Boom", "Trend":1 } ] }, { "Name":"Pilots Federation Local Branch", "FactionState":"None", "Government":"Democracy", "Influence":0.000000, "Allegiance":"PilotsFederation" }, { "Name":"Verbigeni Electronics Industry", "FactionState":"Boom", "Government":"Corporate", "Influence":0.156843, "Allegiance":"Federation" }, { "Name":"Freng Gold Legal Partners", "FactionState":"CivilWar", "Government":"Corporate", "Influence":0.069930, "Allegiance":"Independent" }, { "Name":"Freng Freedom Party", "FactionState":"None", "Government":"Dictatorship", "Influence":0.478521, "Allegiance":"Independent", "RecoveringStates":[ { "State":"Boom", "Trend":0 } ] }, { "Name":"Social Freng Independents", "FactionState":"None", "Government":"Democracy", "Influence":0.229770, "Allegiance":"Federation", "RecoveringStates":[ { "State":"Boom", "Trend":0 } ] }, { "Name":"Freng Organisation", "FactionState":"CivilWar", "Government":"Anarchy", "Influence":0.041958, "Allegiance":"Independent" } ], "SystemFaction":"Freng Freedom Party" }
{ "timestamp":"2017-12-12T01:03:54Z", "event":"Music", "MusicTrack":"DestinationFromHyperspace" }
{ "timestamp":"2017-12-12T01:03:59Z", "event":"Music", "MusicTrack":"Supercruise" }
{ "timestamp":"2017-12-12T01:06:02Z", "event":"ApproachSettlement", "Name":"Holberg's Progress +++" }
{ "timestamp":"2017-12-12T01:07:17Z", "event":"ApproachSettlement", "Name":"Holberg's Progress +++" }
{ "timestamp":"2017-12-12T01:07:20Z", "event":"SupercruiseExit", "StarSystem":"Freng", "Body":"Freng 5 e", "BodyType":"Planet" }
{ "timestamp":"2017-12-12T01:07:20Z", "event":"Music", "MusicTrack":"Exploration" }
{ "timestamp":"2017-12-12T01:08:49Z", "event":"Touchdown", "PlayerControlled":true, "Latitude":-17.849842, "Longitude":-16.674259 }
{ "timestamp":"2017-12-12T01:08:54Z", "event":"LaunchSRV", "Loadout":"starter", "PlayerControlled":true }
{ "timestamp":"2017-12-12T01:09:16Z", "event":"Liftoff", "PlayerControlled":false }
{ "timestamp":"2017-12-12T01:17:15Z", "event":"HullDamage", "Health":0.799984, "PlayerPilot":true }
{ "timestamp":"2017-12-12T01:17:53Z", "event":"CommitCrime", "CrimeType":"dockingMinorTresspass", "Faction":"Social Freng Independents", "Fine":400 }
{ "timestamp":"2017-12-12T01:18:48Z", "event":"CommitCrime", "CrimeType":"assault", "Faction":"Social Freng Independents", "Victim":"$poi_generator_name;", "Victim_Localised":"Генератор", "Bounty":200 }
{ "timestamp":"2017-12-12T01:18:48Z", "event":"Music", "MusicTrack":"Combat_SRV" }
{ "timestamp":"2017-12-12T01:18:55Z", "event":"HullDamage", "Health":0.560281, "PlayerPilot":true }
{ "timestamp":"2017-12-12T01:18:57Z", "event":"MissionRedirected", "MissionID":261720793, "Name":"Mission_Disable_War_name", "NewDestinationStation":"Dana Gateway", "NewDestinationSystem":"Ross 754", "OldDestinationStation":"Holberg's Progress +++", "OldDestinationSystem":"Freng" }
{ "timestamp":"2017-12-12T01:19:33Z", "event":"ShieldState", "ShieldsUp":true }
{ "timestamp":"2017-12-12T01:20:54Z", "event":"ShieldState", "ShieldsUp":true }
{ "timestamp":"2017-12-12T01:21:59Z", "event":"ShieldState", "ShieldsUp":true }
{ "timestamp":"2017-12-12T01:22:07Z", "event":"HullDamage", "Health":0.344847, "PlayerPilot":true }
{ "timestamp":"2017-12-12T01:22:47Z", "event":"ShieldState", "ShieldsUp":true }
{ "timestamp":"2017-12-12T01:22:59Z", "event":"HullDamage", "Health":0.191761, "PlayerPilot":true }
{ "timestamp":"2017-12-12T01:25:03Z", "event":"Music", "MusicTrack":"Exploration" }
{ "timestamp":"2017-12-12T01:25:04Z", "event":"Music", "MusicTrack":"NoTrack" }
{ "timestamp":"2017-12-12T01:25:05Z", "event":"ApproachSettlement", "Name":"Holberg's Progress +++" }
{ "timestamp":"2017-12-12T01:25:09Z", "event":"Location", "Docked":false, "StarSystem":"Freng", "StarPos":[-74.938,-10.969,54.125], "SystemAllegiance":"Independent", "SystemEconomy":"$economy_Refinery;", "SystemEconomy_Localised":"Переработка", "SystemGovernment":"$government_Dictatorship;", "SystemGovernment_Localised":"Диктатура", "SystemSecurity":"$SYSTEM_SECURITY_medium;", "SystemSecurity_Localised":"Средн. ур. безопасности", "Population":2876891, "Body":"Freng 5 e", "BodyType":"Planet", "Factions":[ { "Name":"Contegus Holdings", "FactionState":"None", "Government":"Corporate", "Influence":0.022977, "Allegiance":"Federation", "PendingStates":[ { "State":"Boom", "Trend":1 } ] }, { "Name":"Pilots Federation Local Branch", "FactionState":"None", "Government":"Democracy", "Influence":0.000000, "Allegiance":"PilotsFederation" }, { "Name":"Verbigeni Electronics Industry", "FactionState":"Boom", "Government":"Corporate", "Influence":0.156843, "Allegiance":"Federation" }, { "Name":"Freng Gold Legal Partners", "FactionState":"CivilWar", "Government":"Corporate", "Influence":0.069930, "Allegiance":"Independent" }, { "Name":"Freng Freedom Party", "FactionState":"None", "Government":"Dictatorship", "Influence":0.478521, "Allegiance":"Independent", "RecoveringStates":[ { "State":"Boom", "Trend":0 } ] }, { "Name":"Social Freng Independents", "FactionState":"None", "Government":"Democracy", "Influence":0.229770, "Allegiance":"Federation", "RecoveringStates":[ { "State":"Boom", "Trend":0 } ] }, { "Name":"Freng Organisation", "FactionState":"CivilWar", "Government":"Anarchy", "Influence":0.041958, "Allegiance":"Independent" } ], "SystemFaction":"Freng Freedom Party" }
{ "timestamp":"2017-12-12T01:25:09Z", "event":"Music", "MusicTrack":"Exploration" }
{ "timestamp":"2017-12-12T01:25:28Z", "event":"StartJump", "JumpType":"Supercruise" }
{ "timestamp":"2017-12-12T01:25:28Z", "event":"ApproachSettlement", "Name":"Holberg's Progress +++" }
{ "timestamp":"2017-12-12T01:25:33Z", "event":"SupercruiseEntry", "StarSystem":"Freng" }
{ "timestamp":"2017-12-12T01:25:33Z", "event":"Music", "MusicTrack":"Supercruise" }
{ "timestamp":"2017-12-12T01:25:54Z", "event":"MissionAbandoned", "Name":"Mission_Salvage_Planet_name", "MissionID":261715924 }
{ "timestamp":"2017-12-12T01:25:59Z", "event":"Music", "MusicTrack":"GalaxyMap" }
{ "timestamp":"2017-12-12T01:26:05Z", "event":"Music", "MusicTrack":"SystemMap" }
{ "timestamp":"2017-12-12T01:26:14Z", "event":"Music", "MusicTrack":"Supercruise" }
{ "timestamp":"2017-12-12T01:26:40Z", "event":"StartJump", "JumpType":"Hyperspace", "StarSystem":"Ceramix", "StarClass":"G" }
{ "timestamp":"2017-12-12T01:26:45Z", "event":"Music", "MusicTrack":"NoTrack" }
{ "timestamp":"2017-12-12T01:26:58Z", "event":"FSDJump", "StarSystem":"Ceramix", "StarPos":[-66.531,-12.469,54.375], "SystemAllegiance":"", "SystemEconomy":"$economy_None;", "SystemEconomy_Localised":"Нет", "SystemGovernment":"$government_None;", "SystemGovernment_Localised":"Нет", "SystemSecurity":"$GAlAXY_MAP_INFO_state_anarchy;", "SystemSecurity_Localised":"Анархия", "Population":0, "JumpDist":8.543, "FuelUsed":1.428013, "FuelLevel":7.870406 }
{ "timestamp":"2017-12-12T01:26:58Z", "event":"Music", "MusicTrack":"Supercruise" }
{ "timestamp":"2017-12-12T01:27:26Z", "event":"StartJump", "JumpType":"Hyperspace", "StarSystem":"Ross 754", "StarClass":"M" }
{ "timestamp":"2017-12-12T01:27:32Z", "event":"Music", "MusicTrack":"NoTrack" }
{ "timestamp":"2017-12-12T01:27:45Z", "event":"FSDJump", "StarSystem":"Ross 754", "StarPos":[-68.438,-17.594,47.781], "SystemAllegiance":"Federation", "SystemEconomy":"$economy_Industrial;", "SystemEconomy_Localised":"Промышленность", "SystemGovernment":"$government_Democracy;", "SystemGovernment_Localised":"Демократия", "SystemSecurity":"$SYSTEM_SECURITY_high;", "SystemSecurity_Localised":"Высок. ур. безопасности", "Population":11468232, "JumpDist":8.566, "FuelUsed":1.419705, "FuelLevel":6.450701, "Factions":[ { "Name":"Ross 754 Labour", "FactionState":"None", "Government":"Democracy", "Influence":0.116000, "Allegiance":"Federation", "PendingStates":[ { "State":"Boom", "Trend":1 } ] }, { "Name":"Pilots Federation Local Branch", "FactionState":"None", "Government":"Democracy", "Influence":0.000000, "Allegiance":"PilotsFederation" }, { "Name":"League of Ross 754 Order", "FactionState":"Boom", "Government":"Dictatorship", "Influence":0.126000, "Allegiance":"Independent" }, { "Name":"LHS 3564 Conservatives", "FactionState":"War", "Government":"Dictatorship", "Influence":0.033000, "Allegiance":"Independent", "PendingStates":[ { "State":"Boom", "Trend":1 }, { "State":"Lockdown", "Trend":-1 } ] }, { "Name":"Ross 754 Universal & Co", "FactionState":"Boom", "Government":"Corporate", "Influence":0.317000, "Allegiance":"Federation" }, { "Name":"Ross 754 Cartel", "FactionState":"War", "Government":"Anarchy", "Influence":0.029000, "Allegiance":"Independent", "PendingStates":[ { "State":"Boom", "Trend":1 } ] }, { "Name":"Order of Ross 754", "FactionState":"Boom", "Government":"Dictatorship", "Influence":0.223000, "Allegiance":"Independent" }, { "Name":"Official HR 7793 Order", "FactionState":"Boom", "Government":"Dictatorship", "Influence":0.156000, "Allegiance":"Independent" } ], "SystemFaction":"Ross 754 Labour" }
{ "timestamp":"2017-12-12T01:27:45Z", "event":"Music", "MusicTrack":"DestinationFromHyperspace" }
{ "timestamp":"2017-12-12T01:27:50Z", "event":"Music", "MusicTrack":"Supercruise" }
{ "timestamp":"2017-12-12T01:31:52Z", "event":"SupercruiseExit", "StarSystem":"Ross 754", "Body":"Dana Gateway", "BodyType":"Station" }
{ "timestamp":"2017-12-12T01:31:52Z", "event":"Music", "MusicTrack":"DestinationFromSupercruise" }
{ "timestamp":"2017-12-12T01:31:57Z", "event":"Music", "MusicTrack":"NoTrack" }
{ "timestamp":"2017-12-12T01:31:58Z", "event":"ReceiveText", "From":"Dana Gateway", "Message":"$STATION_NoFireZone_entered;", "Message_Localised":"Вы вошли в зону запрета огня", "Channel":"npc" }
{ "timestamp":"2017-12-12T01:32:16Z", "event":"DockingRequested", "StationName":"Dana Gateway" }
{ "timestamp":"2017-12-12T01:32:16Z", "event":"ReceiveText", "From":"Dana Gateway", "Message":"$DockingChatter_Neutral;", "Message_Localised":"Строго соблюдайте правила поведения в порту, пилот.", "Channel":"npc" }
{ "timestamp":"2017-12-12T01:32:17Z", "event":"ReceiveText", "From":"Dana Gateway", "Message":"$STATION_docking_granted;", "Message_Localised":"Стыковка разрешена", "Channel":"npc" }
{ "timestamp":"2017-12-12T01:32:17Z", "event":"DockingGranted", "LandingPad":1, "StationName":"Dana Gateway" }
{ "timestamp":"2017-12-12T01:33:06Z", "event":"Music", "MusicTrack":"Starport" }
{ "timestamp":"2017-12-12T01:33:41Z", "event":"Docked", "StationName":"Dana Gateway", "StationType":"Coriolis", "StarSystem":"Ross 754", "StationFaction":"Ross 754 Labour", "StationGovernment":"$government_Democracy;", "StationGovernment_Localised":"Демократия", "StationAllegiance":"Federation", "StationServices":[ "Dock", "Autodock", "BlackMarket", "Commodities", "Contacts", "Exploration", "Missions", "Outfitting", "CrewLounge", "Rearm", "Refuel", "Repair", "Shipyard", "Tuning", "MissionsGenerated", "FlightController", "StationOperations", "Powerplay", "SearchAndRescue" ], "StationEconomy":"$economy_Industrial;", "StationEconomy_Localised":"Промышленность", "DistFromStarLS":8127.376465 }
{ "timestamp":"2017-12-12T01:33:57Z", "event":"MissionCompleted", "Faction":"Ross 754 Cartel", "Name":"Mission_Disable_War_name", "MissionID":261720793, "Target":"$MissionUtil_Settlement_Target_Building;", "Target_Localised":"Поселение", "Reward":972470 }
{ "timestamp":"2017-12-12T01:34:03Z", "event":"MissionCompleted", "Faction":"Ross 754 Cartel", "Name":"Mission_Disable_War_name", "MissionID":261720754, "Target":"$MissionUtil_Settlement_Target_Turret;", "Target_Localised":"Установка", "Reward":180020, "CommodityReward":[ { "Name":"HNShockMount", "Count":4 } ] }
{ "timestamp":"2017-12-12T01:34:03Z", "event":"MaterialCollected", "Category":"Encoded", "Name":"disruptedwakeechoes", "Count":1 }
{ "timestamp":"2017-12-12T01:37:35Z", "event":"RefuelAll", "Cost":506, "Amount":10.117429 }
{ "timestamp":"2017-12-12T01:37:36Z", "event":"RepairAll", "Cost":346 }
{ "timestamp":"2017-12-12T01:37:37Z", "event":"RestockVehicle", "Type":"testbuggy", "Loadout":"starter", "Cost":1030, "Count":1 }
{ "timestamp":"2017-12-12T01:38:54Z", "event":"PayFines", "Amount":400 }
{ "timestamp":"2017-12-12T01:39:43Z", "event":"SellExplorationData", "Systems":[ "15 Delphini" ], "Discovered":[  ], "BaseValue":1225, "Bonus":0 }
{ "timestamp":"2017-12-12T01:41:20Z", "event":"ReceiveText", "From":"$npc_name_decorate:#name=Rej Nosnerual;", "From_Localised":"Rej Nosnerual", "Message":"$Commuter_AuthorityScan09;", "Message_Localised":"Инспектор, можно это как-то ускорить?", "Channel":"npc" }
{ "timestamp":"2017-12-12T01:42:09Z", "event":"ModuleBuy", "Slot":"Armour", "SellItem":"$cobramkiii_armour_grade1_name;", "SellItem_Localised":"Легкие сплавы", "SellPrice":0, "BuyItem":"$cobramkiii_armour_grade3_name;", "BuyItem_Localised":"Композит военного класса", "BuyPrice":314746, "Ship":"cobramkiii", "ShipID":1 }
{ "timestamp":"2017-12-12T01:48:05Z", "event":"ModuleBuy", "Slot":"Armour", "SellItem":"$cobramkiii_armour_grade3_name;", "SellItem_Localised":"Композит военного класса", "SellPrice":314746, "BuyItem":"$cobramkiii_armour_grade1_name;", "BuyItem_Localised":"Легкие сплавы", "BuyPrice":0, "Ship":"cobramkiii", "ShipID":1 }
{ "timestamp":"2017-12-12T01:53:29Z", "event":"ReceiveText", "From":"$npc_name_decorate:#name=Jaenn Averon;", "From_Localised":"Jaenn Averon", "Message":"$Commuter_HostileScan01;", "Message_Localised":"Требую прекратить это незаконное сканирование.", "Channel":"npc" }
{ "timestamp":"2017-12-12T01:55:00Z", "event":"ModuleBuy", "Slot":"PowerPlant", "SellItem":"$int_powerplant_size4_class5_name;", "SellItem_Localised":"Силовая установка", "SellPrice":1610080, "BuyItem":"$int_powerplant_size3_class5_name;", "BuyItem_Localised":"Силовая установка", "BuyPrice":507912, "Ship":"cobramkiii", "ShipID":1 }
{ "timestamp":"2017-12-12T01:57:39Z", "event":"ReceiveText", "From":"$npc_name_decorate:#name=Nick Grech;", "From_Localised":"Nick Grech", "Message":"$Commuter_AuthorityScan02;", "Message_Localised":"Чем могу быть полезен?", "Channel":"npc" }
{ "timestamp":"2017-12-12T02:01:17Z", "event":"ModuleStore", "Slot":"Slot05_Size2", "StoredItem":"$int_refinery_size2_class3_name;", "StoredItem_Localised":"Устройство переработки", "Ship":"cobramkiii", "ShipID":1 }
{ "timestamp":"2017-12-12T02:03:12Z", "event":"ModuleBuy", "Slot":"Slot05_Size2", "BuyItem":"$int_fsdinterdictor_size1_class2_name;", "BuyItem_Localised":"FSD-перехватчик", "BuyPrice":36000, "Ship":"cobramkiii", "ShipID":1 }
{ "timestamp":"2017-12-12T02:03:34Z", "event":"ModuleStore", "Slot":"Slot02_Size4", "StoredItem":"$int_cargorack_size3_class1_name;", "StoredItem_Localised":"Груз. стеллаж", "Ship":"cobramkiii", "ShipID":1 }
{ "timestamp":"2017-12-12T02:06:38Z", "event":"ModuleBuy", "Slot":"Slot02_Size4", "BuyItem":"$int_fuelscoop_size2_class5_name;", "BuyItem_Localised":"Топливозаборник", "BuyPrice":284844, "Ship":"cobramkiii", "ShipID":1 }
{ "timestamp":"2017-12-12T02:07:20Z", "event":"ModuleStore", "Slot":"Slot02_Size4", "StoredItem":"$int_fuelscoop_size2_class5_name;", "StoredItem_Localised":"Топливозаборник", "Ship":"cobramkiii", "ShipID":1 }
{ "timestamp":"2017-12-12T02:07:53Z", "event":"ModuleRetrieve", "Slot":"Slot02_Size4", "RetrievedItem":"$int_fuelscoop_size2_class5_name;", "RetrievedItem_Localised":"Топливозаборник", "Ship":"cobramkiii", "ShipID":1 }
{ "timestamp":"2017-12-12T02:09:36Z", "event":"MarketSell", "Type":"hnshockmount", "Count":4, "SellPrice":1664, "TotalSale":6656, "AvgPricePaid":0 }
{ "timestamp":"2017-12-12T02:09:48Z", "event":"MarketSell", "Type":"neofabricinsulation", "Count":4, "SellPrice":3424, "TotalSale":13696, "AvgPricePaid":0 }
{ "timestamp":"2017-12-12T02:14:20Z", "event":"ShipyardBuy", "ShipType":"type6", "ShipPrice":1045945, "StoreOldShip":"CobraMkIII", "StoreShipID":1 }
{ "timestamp":"2017-12-12T02:14:21Z", "event":"Cargo", "Inventory":[  ] }
{ "timestamp":"2017-12-12T02:14:21Z", "event":"Loadout", "Ship":"Type6", "ShipID":3, "ShipName":"", "ShipIdent":"", "Modules":[ { "Slot":"SmallHardpoint1", "Item":"Hpt_PulseLaser_Fixed_Small", "On":true, "Priority":2, "Health":1.000000, "Value":2200 }, { "Slot":"SmallHardpoint2", "Item":"Hpt_PulseLaser_Fixed_Small", "On":true, "Priority":2, "Health":1.000000, "Value":2200 }, { "Slot":"Armour", "Item":"Type6_Armour_Grade1", "On":true, "Priority":2, "Health":1.000000, "Value":0 }, { "Slot":"PowerPlant", "Item":"Int_PowerPlant_Size3_Class1", "On":true, "Priority":2, "Health":1.000000, "Value":6271 }, { "Slot":"MainEngines", "Item":"Int_Engine_Size4_Class1", "On":true, "Priority":2, "Health":1.000000, "Value":19878 }, { "Slot":"FrameShiftDrive", "Item":"Int_Hyperdrive_Size4_Class1", "On":true, "Priority":2, "Health":1.000000, "Value":19878 }, { "Slot":"LifeSupport", "Item":"Int_LifeSupport_Size2_Class1", "On":true, "Priority":2, "Health":1.000000, "Value":1448 }, { "Slot":"PowerDistributor", "Item":"Int_PowerDistributor_Size3_Class1", "On":true, "Priority":2, "Health":1.000000, "Value":4053 }, { "Slot":"Radar", "Item":"Int_Sensors_Size2_Class1", "On":true, "Priority":2, "Health":1.000000, "Value":1448 }, { "Slot":"FuelTank", "Item":"Int_FuelTank_Size4_Class3", "On":true, "Priority":2, "Health":1.000000, "Value":24734 }, { "Slot":"Slot01_Size5", "Item":"Int_CargoRack_Size4_Class1", "On":true, "Priority":2, "Health":1.000000, "Value":34328 }, { "Slot":"Slot02_Size5", "Item":"Int_CargoRack_Size4_Class1", "On":true, "Priority":2, "Health":1.000000, "Value":34328 }, { "Slot":"Slot03_Size4", "Item":"Int_CargoRack_Size3_Class1", "On":true, "Priority":2, "Health":1.000000, "Value":10563 }, { "Slot":"Slot04_Size4", "Item":"Int_CargoRack_Size3_Class1", "On":true, "Priority":2, "Health":1.000000, "Value":10563 }, { "Slot":"Slot05_Size3", "Item":"Int_ShieldGenerator_Size3_Class1", "On":true, "Priority":2, "Health":1.000000, "Value":6271 }, { "Slot":"Slot06_Size2", "Item":"Int_CargoRack_Size1_Class1", "On":true, "Priority":2, "Health":1.000000, "Value":1000 }, { "Slot":"Slot07_Size2", "Item":"Int_StellarBodyDiscoveryScanner_Standard", "On":true, "Priority":2, "Health":1.000000, "Value":1000 }, { "Slot":"PlanetaryApproachSuite", "Item":"Int_PlanetApproachSuite", "On":true, "Priority":2, "Health":1.000000, "Value":500 }, { "Slot":"ShipCockpit", "Item":"Type6_Cockpit", "On":true, "Priority":2, "Health":1.000000, "Value":0 }, { "Slot":"CargoHatch", "Item":"ModularCargoBayDoor", "On":true, "Priority":2, "Health":1.000000, "Value":0 } ] }
{ "timestamp":"2017-12-12T02:14:21Z", "event":"ShipyardNew", "ShipType":"type6", "NewShipID":3 }
{ "timestamp":"2017-12-12T02:14:21Z", "event":"Music", "MusicTrack":"NoTrack" }
{ "timestamp":"2017-12-12T02:14:31Z", "event":"Docked", "StationName":"Dana Gateway", "StationType":"Coriolis", "StarSystem":"Ross 754", "StationFaction":"Ross 754 Labour", "StationGovernment":"$government_Democracy;", "StationGovernment_Localised":"Демократия", "StationAllegiance":"Federation", "StationServices":[ "Dock", "Autodock", "BlackMarket", "Commodities", "Contacts", "Exploration", "Missions", "Outfitting", "CrewLounge", "Rearm", "Refuel", "Repair", "Shipyard", "Tuning", "MissionsGenerated", "FlightController", "StationOperations", "Powerplay", "SearchAndRescue" ], "StationEconomy":"$economy_Industrial;", "StationEconomy_Localised":"Промышленность", "DistFromStarLS":8127.384277 }
{ "timestamp":"2017-12-12T02:14:31Z", "event":"Music", "MusicTrack":"Starport" }
{ "timestamp":"2017-12-12T02:14:58Z", "event":"ModuleSell", "Slot":"SmallHardpoint1", "SellItem":"$hpt_pulselaser_fixed_small_name;", "SellItem_Localised":"Импульсный лазер", "SellPrice":2200, "Ship":"type6", "ShipID":3 }
{ "timestamp":"2017-12-12T02:15:08Z", "event":"ModuleSell", "Slot":"SmallHardpoint2", "SellItem":"$hpt_pulselaser_fixed_small_name;", "SellItem_Localised":"Импульсный лазер", "SellPrice":2200, "Ship":"type6", "ShipID":3 }
{ "timestamp":"2017-12-12T02:16:32Z", "event":"ModuleBuy", "Slot":"TinyHardpoint1", "BuyItem":"$hpt_electroniccountermeasure_tiny_name;", "BuyItem_Localised":"ЭПД", "BuyPrice":12500, "Ship":"type6", "ShipID":3 }
{ "timestamp":"2017-12-12T02:16:53Z", "event":"ModuleBuy", "Slot":"TinyHardpoint2", "BuyItem":"$hpt_plasmapointdefence_turret_tiny_name;", "BuyItem_Localised":"Точечная оборона", "BuyPrice":18546, "Ship":"type6", "ShipID":3 }
{ "timestamp":"2017-12-12T02:17:25Z", "event":"ModuleBuy", "Slot":"TinyHardpoint3", "BuyItem":"$hpt_shieldbooster_size0_class5_name;", "BuyItem_Localised":"Усилитель щита", "BuyPrice":281000, "Ship":"type6", "ShipID":3 }
{ "timestamp":"2017-12-12T02:18:31Z", "event":"ModuleRetrieve", "Slot":"Slot06_Size2", "RetrievedItem":"$int_refinery_size2_class3_name;", "RetrievedItem_Localised":"Устройство переработки", "Ship":"type6", "ShipID":3, "SwapOutItem":"$int_cargorack_size1_class1_name;", "SwapOutItem_Localised":"Груз. стеллаж", "Cost":0 }
{ "timestamp":"2017-12-12T02:18:31Z", "event":"ShieldState", "ShieldsUp":false }
{ "timestamp":"2017-12-12T02:18:44Z", "event":"FetchRemoteModule", "StorageSlot":60, "StoredItem":"$hpt_mininglaser_fixed_small_name;", "StoredItem_Localised":"Проходочный лазер", "ServerId":128049525, "TransferCost":113, "TransferTime":593, "Ship":"type6", "ShipID":3 }
{ "timestamp":"2017-12-12T02:18:48Z", "event":"ModuleSellRemote", "StorageSlot":58, "SellItem":"$int_cargorack_size3_class1_name;", "SellItem_Localised":"Груз. стеллаж", "ServerId":128064340, "SellPrice":10563, "Ship":"type6", "ShipID":3 }
{ "timestamp":"2017-12-12T02:18:52Z", "event":"ModuleSellRemote", "StorageSlot":59, "SellItem":"$int_cargorack_size1_class1_name;", "SellItem_Localised":"Груз. стеллаж", "ServerId":128064338, "SellPrice":1000, "Ship":"type6", "ShipID":3 }
{ "timestamp":"2017-12-12T02:21:52Z", "event":"ModuleBuy", "Slot":"Slot04_Size4", "StoredItem":"$int_cargorack_size3_class1_name;", "StoredItem_Localised":"Груз. стеллаж", "BuyItem":"$int_dronecontrol_collection_size3_class5_name;", "BuyItem_Localised":"«Сборщик»", "BuyPrice":86400, "Ship":"type6", "ShipID":3 }
{ "timestamp":"2017-12-12T02:23:40Z", "event":"ModuleBuy", "Slot":"PowerPlant", "SellItem":"$int_powerplant_size3_class1_name;", "SellItem_Localised":"Силовая установка", "SellPrice":6271, "BuyItem":"$int_powerplant_size3_class2_name;", "BuyItem_Localised":"Силовая установка", "BuyPrice":18812, "Ship":"type6", "ShipID":3 }
{ "timestamp":"2017-12-12T02:24:11Z", "event":"ModuleBuy", "Slot":"PowerDistributor", "StoredItem":"$int_powerdistributor_size3_class1_name;", "StoredItem_Localised":"Распределитель питания", "BuyItem":"$int_powerdistributor_size3_class2_name;", "BuyItem_Localised":"Распределитель питания", "BuyPrice":10133, "Ship":"type6", "ShipID":3 }
{ "timestamp":"2017-12-12T02:24:38Z", "event":"ModuleBuy", "Slot":"Radar", "SellItem":"$int_sensors_size2_class1_name;", "SellItem_Localised":"Сенсоры", "SellPrice":1448, "BuyItem":"$int_sensors_size2_class5_name;", "BuyItem_Localised":"Сенсоры", "BuyPrice":56547, "Ship":"type6", "ShipID":3 }
{ "timestamp":"2017-12-12T02:25:35Z", "event":"ModuleSellRemote", "StorageSlot":58, "SellItem":"$int_powerdistributor_size3_class1_name;", "SellItem_Localised":"Распределитель питания", "ServerId":128064188, "SellPrice":4053, "Ship":"type6", "ShipID":3 }
{ "timestamp":"2017-12-12T02:25:39Z", "event":"ModuleSellRemote", "StorageSlot":59, "SellItem":"$int_cargorack_size3_class1_name;", "SellItem_Localised":"Груз. стеллаж", "ServerId":128064340, "SellPrice":10563, "Ship":"type6", "ShipID":3 }
{ "timestamp":"2017-12-12T02:27:20Z", "event":"ModuleBuy", "Slot":"SmallHardpoint2", "BuyItem":"$hpt_beamlaser_gimbal_small_name;", "BuyItem_Localised":"Пучковый лазер", "BuyPrice":74650, "Ship":"type6", "ShipID":3 }
{ "timestamp":"2017-12-12T02:32:48Z", "event":"ModuleRetrieve", "Slot":"SmallHardpoint1", "RetrievedItem":"$hpt_mininglaser_fixed_small_name;", "RetrievedItem_Localised":"Проходочный лазер", "Ship":"type6", "ShipID":3 }
{ "timestamp":"2017-12-12T02:36:08Z", "event":"MissionAccepted", "Faction":"Ross 754 Universal & Co", "Name":"Mission_Delivery_Boom", "LocalisedName":"Срочно доставьте 33 шт. товара Снаряжение для выживания", "Commodity":"$SurvivalEquipment_Name;", "Commodity_Localised":"Снаряжение для выживания", "Count":33, "TargetFaction":"Vector Security Solutions", "DestinationSystem":"Brani", "DestinationStation":"Akiyama Market", "Expiry":"2017-12-13T02:34:49Z", "Influence":"Low", "Reputation":"Low", "Reward":161064, "MissionID":261784017 }
{ "timestamp":"2017-12-12T02:36:21Z", "event":"Music", "MusicTrack":"GalaxyMap" }
{ "timestamp":"2017-12-12T02:36:57Z", "event":"Music", "MusicTrack":"SystemMap" }
{ "timestamp":"2017-12-12T02:37:09Z", "event":"Music", "MusicTrack":"GalaxyMap" }
{ "timestamp":"2017-12-12T02:37:10Z", "event":"Music", "MusicTrack":"Starport" }
{ "timestamp":"2017-12-12T02:37:32Z", "event":"Undocked", "StationName":"Dana Gateway", "StationType":"Coriolis" }
{ "timestamp":"2017-12-12T02:37:56Z", "event":"Music", "MusicTrack":"NoTrack" }
{ "timestamp":"2017-12-12T02:37:58Z", "event":"HeatWarning" }
{ "timestamp":"2017-12-12T02:38:27Z", "event":"HeatDamage" }
{ "timestamp":"2017-12-12T02:39:08Z", "event":"ReceiveText", "From":"$npc_name_decorate:#name=Freddie Sunnyhill;", "From_Localised":"Freddie Sunnyhill", "Message":"$Commuter_AuthorityScan04;", "Message_Localised":"А без этого нельзя обойтись?", "Channel":"npc" }
{ "timestamp":"2017-12-12T02:39:09Z", "event":"HullDamage", "Health":0.793883, "PlayerPilot":true, "Fighter":false }
{ "timestamp":"2017-12-12T02:39:23Z", "event":"ReceiveText", "From":"Dana Gateway", "Message":"$STATION_NoFireZone_exited;", "Message_Localised":"Вы вышли из зоны запрета огня", "Channel":"npc" }
{ "timestamp":"2017-12-12T02:39:39Z", "event":"HullDamage", "Health":0.599364, "PlayerPilot":true, "Fighter":false }
{ "timestamp":"2017-12-12T02:39:40Z", "event":"ReceiveText", "From":"Dana Gateway", "Message":"$DockingFailed_Distance:#distance=7500;", "Message_Localised":"В запросе на стыковку отказано, приблизьтесь на 7500 м", "Channel":"npc" }
{ "timestamp":"2017-12-12T02:39:40Z", "event":"DockingDenied", "Reason":"Distance", "StationName":"Dana Gateway" }
{ "timestamp":"2017-12-12T02:40:04Z", "event":"ReceiveText", "From":"Dana Gateway", "Message":"$DockingFailed_Distance:#distance=7500;", "Message_Localised":"В запросе на стыковку отказано, приблизьтесь на 7500 м", "Channel":"npc" }
{ "timestamp":"2017-12-12T02:40:04Z", "event":"DockingDenied", "Reason":"Distance", "StationName":"Dana Gateway" }
{ "timestamp":"2017-12-12T02:40:08Z", "event":"ReceiveText", "From":"Dana Gateway", "Message":"$STATION_NoFireZone_entered;", "Message_Localised":"Вы вошли в зону запрета огня", "Channel":"npc" }
{ "timestamp":"2017-12-12T02:40:11Z", "event":"HullDamage", "Health":0.391929, "PlayerPilot":true, "Fighter":false }
{ "timestamp":"2017-12-12T02:40:13Z", "event":"DockingRequested", "StationName":"Dana Gateway" }
{ "timestamp":"2017-12-12T02:40:13Z", "event":"ReceiveText", "From":"Dana Gateway", "Message":"$DockingChatter_Neutral;", "Message_Localised":"Строго соблюдайте правила поведения в порту, пилот.", "Channel":"npc" }
{ "timestamp":"2017-12-12T02:40:15Z", "event":"ReceiveText", "From":"Dana Gateway", "Message":"$STATION_docking_granted;", "Message_Localised":"Стыковка разрешена", "Channel":"npc" }
{ "timestamp":"2017-12-12T02:40:15Z", "event":"DockingGranted", "LandingPad":20, "StationName":"Dana Gateway" }
{ "timestamp":"2017-12-12T02:40:38Z", "event":"ReceiveText", "From":"$npc_name_decorate:#name=Ruthilla;", "From_Localised":"Ruthilla", "Message":"$Commuter_AuthorityScan05;", "Message_Localised":"На каких основаниях вы сканируете мой корабль?", "Channel":"npc" }
{ "timestamp":"2017-12-12T02:40:40Z", "event":"Music", "MusicTrack":"Starport" }
{ "timestamp":"2017-12-12T02:40:41Z", "event":"HullDamage", "Health":0.197584, "PlayerPilot":true, "Fighter":false }
{ "timestamp":"2017-12-12T02:40:59Z", "event":"Died" }
{ "timestamp":"2017-12-12T02:41:04Z", "event":"Music", "MusicTrack":"MainMenu" }
{ "timestamp":"2017-12-12T02:41:22Z", "event":"Resurrect", "Option":"rebuy", "Cost":84850, "Bankrupt":false }
{ "timestamp":"2017-12-12T02:41:29Z", "event":"Location", "Docked":true, "StationName":"Dana Gateway", "StationType":"Coriolis", "StarSystem":"Ross 754", "StarPos":[-68.438,-17.594,47.781], "SystemAllegiance":"Federation", "SystemEconomy":"$economy_Industrial;", "SystemEconomy_Localised":"Промышленность", "SystemGovernment":"$government_Democracy;", "SystemGovernment_Localised":"Демократия", "SystemSecurity":"$SYSTEM_SECURITY_high;", "SystemSecurity_Localised":"Высок. ур. безопасности", "Population":11468232, "Body":"Dana Gateway", "BodyType":"Station", "Factions":[ { "Name":"Ross 754 Labour", "FactionState":"None", "Government":"Democracy", "Influence":0.116000, "Allegiance":"Federation", "PendingStates":[ { "State":"Boom", "Trend":1 } ] }, { "Name":"Pilots Federation Local Branch", "FactionState":"None", "Government":"Democracy", "Influence":0.000000, "Allegiance":"PilotsFederation" }, { "Name":"League of Ross 754 Order", "FactionState":"Boom", "Government":"Dictatorship", "Influence":0.126000, "Allegiance":"Independent" }, { "Name":"LHS 3564 Conservatives", "FactionState":"War", "Government":"Dictatorship", "Influence":0.033000, "Allegiance":"Independent", "PendingStates":[ { "State":"Boom", "Trend":1 }, { "State":"Lockdown", "Trend":-1 } ] }, { "Name":"Ross 754 Universal & Co", "FactionState":"Boom", "Government":"Corporate", "Influence":0.317000, "Allegiance":"Federation" }, { "Name":"Ross 754 Cartel", "FactionState":"War", "Government":"Anarchy", "Influence":0.029000, "Allegiance":"Independent", "PendingStates":[ { "State":"Boom", "Trend":1 } ] }, { "Name":"Order of Ross 754", "FactionState":"Boom", "Government":"Dictatorship", "Influence":0.223000, "Allegiance":"Independent" }, { "Name":"Official HR 7793 Order", "FactionState":"Boom", "Government":"Dictatorship", "Influence":0.156000, "Allegiance":"Independent" } ], "SystemFaction":"Ross 754 Labour" }
{ "timestamp":"2017-12-12T02:41:29Z", "event":"Music", "MusicTrack":"NoTrack" }
{ "timestamp":"2017-12-12T02:41:30Z", "event":"Docked", "StationName":"Dana Gateway", "StationType":"Coriolis", "StarSystem":"Ross 754", "StationFaction":"Ross 754 Labour", "StationGovernment":"$government_Democracy;", "StationGovernment_Localised":"Демократия", "StationAllegiance":"Federation", "StationServices":[ "Dock", "Autodock", "BlackMarket", "Commodities", "Contacts", "Exploration", "Missions", "Outfitting", "CrewLounge", "Rearm", "Refuel", "Repair", "Shipyard", "Tuning", "MissionsGenerated", "FlightController", "StationOperations", "Powerplay", "SearchAndRescue" ], "StationEconomy":"$economy_Industrial;", "StationEconomy_Localised":"Промышленность", "DistFromStarLS":8127.380859 }
{ "timestamp":"2017-12-12T02:41:30Z", "event":"Music", "MusicTrack":"Starport" }
{ "timestamp":"2017-12-12T02:41:32Z", "event":"ShieldState", "ShieldsUp":false }
{ "timestamp":"2017-12-12T02:41:52Z", "event":"Undocked", "StationName":"Dana Gateway", "StationType":"Coriolis" }
{ "timestamp":"2017-12-12T02:42:45Z", "event":"Music", "MusicTrack":"NoTrack" }
{ "timestamp":"2017-12-12T02:42:50Z", "event":"ShieldState", "ShieldsUp":true }
{ "timestamp":"2017-12-12T02:43:05Z", "event":"DockingRequested", "StationName":"Dana Gateway" }
{ "timestamp":"2017-12-12T02:43:05Z", "event":"ReceiveText", "From":"Dana Gateway", "Message":"$DockingChatter_Neutral;", "Message_Localised":"Строго соблюдайте правила поведения в порту, пилот.", "Channel":"npc" }
{ "timestamp":"2017-12-12T02:43:08Z", "event":"ReceiveText", "From":"Dana Gateway", "Message":"$STATION_docking_granted;", "Message_Localised":"Стыковка разрешена", "Channel":"npc" }
{ "timestamp":"2017-12-12T02:43:08Z", "event":"DockingGranted", "LandingPad":38, "StationName":"Dana Gateway" }
{ "timestamp":"2017-12-12T02:43:52Z", "event":"Music", "MusicTrack":"Starport" }
{ "timestamp":"2017-12-12T02:44:30Z", "event":"Docked", "StationName":"Dana Gateway", "StationType":"Coriolis", "StarSystem":"Ross 754", "StationFaction":"Ross 754 Labour", "StationGovernment":"$government_Democracy;", "StationGovernment_Localised":"Демократия", "StationAllegiance":"Federation", "StationServices":[ "Dock", "Autodock", "BlackMarket", "Commodities", "Contacts", "Exploration", "Missions", "Outfitting", "CrewLounge", "Rearm", "Refuel", "Repair", "Shipyard", "Tuning", "MissionsGenerated", "FlightController", "StationOperations", "Powerplay", "SearchAndRescue" ], "StationEconomy":"$economy_Industrial;", "StationEconomy_Localised":"Промышленность", "DistFromStarLS":8127.380371 }
{ "timestamp":"2017-12-12T02:45:22Z", "event":"ModuleSell", "Slot":"TinyHardpoint3", "SellItem":"$hpt_shieldbooster_size0_class5_name;", "SellItem_Localised":"Усилитель щита", "SellPrice":281000, "Ship":"type6", "ShipID":3 }
{ "timestamp":"2017-12-12T02:45:31Z", "event":"ModuleSell", "Slot":"TinyHardpoint1", "SellItem":"$hpt_electroniccountermeasure_tiny_name;", "SellItem_Localised":"ЭПД", "SellPrice":12500, "Ship":"type6", "ShipID":3 }
{ "timestamp":"2017-12-12T02:45:40Z", "event":"ModuleSell", "Slot":"TinyHardpoint2", "SellItem":"$hpt_plasmapointdefence_turret_tiny_name;", "SellItem_Localised":"Точечная оборона", "SellPrice":18546, "Ship":"type6", "ShipID":3 }
{ "timestamp":"2017-12-12T02:47:26Z", "event":"ModuleBuy", "Slot":"PowerPlant", "SellItem":"$int_powerplant_size3_class2_name;", "SellItem_Localised":"Силовая установка", "SellPrice":18812, "BuyItem":"$int_powerplant_size3_class5_name;", "BuyItem_Localised":"Силовая установка", "BuyPrice":507912, "Ship":"type6", "ShipID":3 }
{ "timestamp":"2017-12-12T02:47:26Z", "event":"ShieldState", "ShieldsUp":false }
{ "timestamp":"2017-12-12T02:47:28Z", "event":"ShieldState", "ShieldsUp":true }
{ "timestamp":"2017-12-12T02:47:41Z", "event":"ModuleBuy", "Slot":"TinyHardpoint2", "BuyItem":"$hpt_plasmapointdefence_turret_tiny_name;", "BuyItem_Localised":"Точечная оборона", "BuyPrice":18546, "Ship":"type6", "ShipID":3 }
{ "timestamp":"2017-12-12T02:47:48Z", "event":"ModuleBuy", "Slot":"TinyHardpoint1", "BuyItem":"$hpt_electroniccountermeasure_tiny_name;", "BuyItem_Localised":"ЭПД", "BuyPrice":12500, "Ship":"type6", "ShipID":3 }
{ "timestamp":"2017-12-12T02:48:07Z", "event":"ModuleBuy", "Slot":"TinyHardpoint3", "BuyItem":"$hpt_shieldbooster_size0_class4_name;", "BuyItem_Localised":"Усилитель щита", "BuyPrice":122000, "Ship":"type6", "ShipID":3 }
{ "timestamp":"2017-12-12T02:50:10Z", "event":"RefuelAll", "Cost":10, "Amount":0.026120 }
{ "timestamp":"2017-12-12T02:50:31Z", "event":"BuyDrones", "Type":"Drones", "Count":40, "BuyPrice":101, "TotalCost":4040 }
{ "timestamp":"2017-12-12T02:50:41Z", "event":"SellDrones", "Type":"Drones", "Count":40, "SellPrice":101, "TotalSale":4040 }
{ "timestamp":"2017-12-12T02:51:00Z", "event":"BuyDrones", "Type":"Drones", "Count":2, "BuyPrice":101, "TotalCost":202 }
{ "timestamp":"2017-12-12T02:51:18Z", "event":"ReceiveText", "From":"$npc_name_decorate:#name=Rej Nosnerual;", "From_Localised":"Rej Nosnerual", "Message":"$Commuter_HostileScan03;", "Message_Localised":"Просьба прекратить сканирование, мы не везем ценностей.", "Channel":"npc" }
{ "timestamp":"2017-12-12T02:51:49Z", "event":"ModuleBuy", "Slot":"Slot03_Size4", "SellItem":"$int_cargorack_size3_class1_name;", "SellItem_Localised":"Груз. стеллаж", "SellPrice":10563, "BuyItem":"$int_cargorack_size4_class1_name;", "BuyItem_Localised":"Груз. стеллаж", "BuyPrice":34328, "Ship":"type6", "ShipID":3 }
{ "timestamp":"2017-12-12T02:53:22Z", "event":"Undocked", "StationName":"Dana Gateway", "StationType":"Coriolis" }
{ "timestamp":"2017-12-12T02:53:50Z", "event":"Music", "MusicTrack":"NoTrack" }
{ "timestamp":"2017-12-12T02:54:02Z", "event":"MissionFailed", "Name":"Mission_Delivery_Boom_name", "MissionID":261784017 }
{ "timestamp":"2017-12-12T02:56:07Z", "event":"ReceiveText", "From":"$npc_name_decorate:#name=Tirza Tizzula;", "From_Localised":"Tirza Tizzula", "Message":"$Commuter_AuthorityScan02;", "Message_Localised":"Чем могу быть полезен?", "Channel":"npc" }
{ "timestamp":"2017-12-12T02:56:32Z", "event":"Scanned", "ScanType":"Cargo" }
{ "timestamp":"2017-12-12T02:56:32Z", "event":"ReceiveText", "From":"$ShipName_Police_Federation;", "From_Localised":"Федеральная служба безопасности", "Message":"$Police_ThankYouPassedStopAndSearch05;", "Message_Localised":"Сканирование завершено. Занимайтесь своими делами.", "Channel":"npc" }
{ "timestamp":"2017-12-12T02:56:39Z", "event":"CommitCrime", "CrimeType":"fireInNoFireZone", "Faction":"Ross 754 Labour", "Fine":100 }
{ "timestamp":"2017-12-12T02:58:37Z", "event":"ReceiveText", "From":"$npc_name_decorate:#name=Edward Stewart;", "From_Localised":"Edward Stewart", "Message":"$Smuggler_NearDeath04;", "Message_Localised":"Ты совершаешь большую ошибку!", "Channel":"npc" }
{ "timestamp":"2017-12-12T03:01:22Z", "event":"ReceiveText", "From":"Dana Gateway", "Message":"$STATION_NoFireZone_exited;", "Message_Localised":"Вы вышли из зоны запрета огня", "Channel":"npc" }
{ "timestamp":"2017-12-12T03:01:30Z", "event":"ReceiveText", "From":"Dana Gateway", "Message":"$DockingFailed_Distance:#distance=7500;", "Message_Localised":"В запросе на стыковку отказано, приблизьтесь на 7500 м", "Channel":"npc" }
{ "timestamp":"2017-12-12T03:01:30Z", "event":"DockingDenied", "Reason":"Distance", "StationName":"Dana Gateway" }
{ "timestamp":"2017-12-12T03:01:40Z", "event":"ReceiveText", "From":"Dana Gateway", "Message":"$STATION_NoFireZone_entered;", "Message_Localised":"Вы вошли в зону запрета огня", "Channel":"npc" }
{ "timestamp":"2017-12-12T03:01:47Z", "event":"DockingRequested", "StationName":"Dana Gateway" }
{ "timestamp":"2017-12-12T03:01:47Z", "event":"ReceiveText", "From":"Dana Gateway", "Message":"$DockingChatter_Neutral;", "Message_Localised":"Строго соблюдайте правила поведения в порту, пилот.", "Channel":"npc" }
{ "timestamp":"2017-12-12T03:01:48Z", "event":"ReceiveText", "From":"Dana Gateway", "Message":"$STATION_docking_granted;", "Message_Localised":"Стыковка разрешена", "Channel":"npc" }
{ "timestamp":"2017-12-12T03:01:48Z", "event":"DockingGranted", "LandingPad":38, "StationName":"Dana Gateway" }
{ "timestamp":"2017-12-12T03:02:28Z", "event":"Music", "MusicTrack":"Starport" }
{ "timestamp":"2017-12-12T03:03:30Z", "event":"Docked", "StationName":"Dana Gateway", "StationType":"Coriolis", "StarSystem":"Ross 754", "StationFaction":"Ross 754 Labour", "StationGovernment":"$government_Democracy;", "StationGovernment_Localised":"Демократия", "StationAllegiance":"Federation", "StationServices":[ "Dock", "Autodock", "BlackMarket", "Commodities", "Contacts", "Exploration", "Missions", "Outfitting", "CrewLounge", "Rearm", "Refuel", "Repair", "Shipyard", "Tuning", "MissionsGenerated", "FlightController", "StationOperations", "Powerplay", "SearchAndRescue" ], "StationEconomy":"$economy_Industrial;", "StationEconomy_Localised":"Промышленность", "DistFromStarLS":8127.373535 }
{ "timestamp":"2017-12-12T03:03:40Z", "event":"ReceiveText", "From":"$npc_name_decorate:#name=Artemis;", "From_Localised":"Artemis", "Message":"$Commuter_AuthorityScan03;", "Message_Localised":"Сколько времени это займет? У меня плотный график. ", "Channel":"npc" }
{ "timestamp":"2017-12-12T03:03:43Z", "event":"RefuelAll", "Cost":10, "Amount":0.128931 }
{ "timestamp":"2017-12-12T03:03:49Z", "event":"Repair", "Item":"Wear", "Cost":10 }
{ "timestamp":"2017-12-12T03:04:00Z", "event":"BuyDrones", "Type":"Drones", "Count":48, "BuyPrice":101, "TotalCost":4848 }
{ "timestamp":"2017-12-12T03:04:15Z", "event":"Undocked", "StationName":"Dana Gateway", "StationType":"Coriolis" }
{ "timestamp":"2017-12-12T03:04:18Z", "event":"Music", "MusicTrack":"GalaxyMap" }
{ "timestamp":"2017-12-12T03:04:28Z", "event":"Music", "MusicTrack":"SystemMap" }
{ "timestamp":"2017-12-12T03:04:42Z", "event":"Music", "MusicTrack":"GalaxyMap" }
{ "timestamp":"2017-12-12T03:04:44Z", "event":"Music", "MusicTrack":"Starport" }
{ "timestamp":"2017-12-12T03:05:13Z", "event":"Music", "MusicTrack":"NoTrack" }
{ "timestamp":"2017-12-12T03:05:30Z", "event":"Music", "MusicTrack":"SystemMap" }
{ "timestamp":"2017-12-12T03:05:46Z", "event":"Music", "MusicTrack":"NoTrack" }
{ "timestamp":"2017-12-12T03:06:24Z", "event":"Music", "MusicTrack":"GalaxyMap" }
{ "timestamp":"2017-12-12T03:06:34Z", "event":"Music", "MusicTrack":"SystemMap" }
{ "timestamp":"2017-12-12T03:06:44Z", "event":"Music", "MusicTrack":"GalaxyMap" }
{ "timestamp":"2017-12-12T03:06:45Z", "event":"Music", "MusicTrack":"NoTrack" }
{ "timestamp":"2017-12-12T03:07:04Z", "event":"StartJump", "JumpType":"Hyperspace", "StarSystem":"HR 7793", "StarClass":"F" }
{ "timestamp":"2017-12-12T03:07:22Z", "event":"FSDJump", "StarSystem":"HR 7793", "StarPos":[-70.188,-19.406,45.063], "SystemAllegiance":"Independent", "SystemEconomy":"$economy_Industrial;", "SystemEconomy_Localised":"Промышленность", "SystemGovernment":"$government_Dictatorship;", "SystemGovernment_Localised":"Диктатура", "SystemSecurity":"$SYSTEM_SECURITY_high;", "SystemSecurity_Localised":"Высок. ур. безопасности", "Population":8557556, "JumpDist":3.707, "FuelUsed":0.209989, "FuelLevel":15.790011, "Factions":[ { "Name":"HR 7793 Independents", "FactionState":"None", "Government":"Democracy", "Influence":0.139000, "Allegiance":"Independent", "PendingStates":[ { "State":"Boom", "Trend":1 } ], "RecoveringStates":[ { "State":"Election", "Trend":0 } ] }, { "Name":"United Pontus League", "FactionState":"Boom", "Government":"Confederacy", "Influence":0.210000, "Allegiance":"Federation", "PendingStates":[ { "State":"Expansion", "Trend":0 } ] }, { "Name":"Pilots Federation Local Branch", "FactionState":"None", "Government":"Democracy", "Influence":0.000000, "Allegiance":"PilotsFederation" }, { "Name":"Liberals of Wolf 871", "FactionState":"None", "Government":"Democracy", "Influence":0.162000, "Allegiance":"Federation", "PendingStates":[ { "State":"Boom", "Trend":1 } ], "RecoveringStates":[ { "State":"Election", "Trend":0 } ] }, { "Name":"HR 7793 Order of Heroes", "FactionState":"CivilWar", "Government":"Dictatorship", "Influence":0.032000, "Allegiance":"Independent", "PendingStates":[ { "State":"Boom", "Trend":0 } ] }, { "Name":"HR 7793 Energy Corp.", "FactionState":"CivilWar", "Government":"Corporate", "Influence":0.044000, "Allegiance":"Federation" }, { "Name":"HR 7793 Gold Cartel", "FactionState":"Boom", "Government":"Anarchy", "Influence":0.066000, "Allegiance":"Independent" }, { "Name":"Official HR 7793 Order", "FactionState":"Boom", "Government":"Dictatorship", "Influence":0.347000, "Allegiance":"Independent" } ], "SystemFaction":"Official HR 7793 Order", "FactionState":"Boom" }
{ "timestamp":"2017-12-12T03:07:23Z", "event":"Music", "MusicTrack":"DestinationFromHyperspace" }
{ "timestamp":"2017-12-12T03:07:28Z", "event":"Music", "MusicTrack":"Supercruise" }
{ "timestamp":"2017-12-12T03:10:31Z", "event":"SupercruiseExit", "StarSystem":"HR 7793", "Body":"HR 7793 1 A Ring", "BodyType":"PlanetaryRing" }
{ "timestamp":"2017-12-12T03:10:32Z", "event":"Music", "MusicTrack":"Exploration" }
{ "timestamp":"2017-12-12T03:13:01Z", "event":"MiningRefined", "Type":"$indite_name;", "Type_Localised":"Индит" }
{ "timestamp":"2017-12-12T03:13:04Z", "event":"Scanned", "ScanType":"Cargo" }
{ "timestamp":"2017-12-12T03:13:04Z", "event":"ReceiveText", "From":"$ShipName_Police_Independent;", "From_Localised":"Корабль властей системы", "Message":"$Police_ThankYouPassedStopAndSearch06;", "Message_Localised":"Мы закончили, пилот, можете лететь.", "Channel":"npc" }
{ "timestamp":"2017-12-12T03:14:02Z", "event":"MiningRefined", "Type":"$indite_name;", "Type_Localised":"Индит" }
{ "timestamp":"2017-12-12T03:14:21Z", "event":"MaterialDiscovered", "Category":"Raw", "Name":"iron", "DiscoveryNumber":2 }
{ "timestamp":"2017-12-12T03:14:21Z", "event":"MaterialCollected", "Category":"Raw", "Name":"iron", "Count":3 }
{ "timestamp":"2017-12-12T03:15:11Z", "event":"MiningRefined", "Type":"$indite_name;", "Type_Localised":"Индит" }
{ "timestamp":"2017-12-12T03:17:50Z", "event":"EjectCargo", "Type":"drones", "Count":10, "Abandoned":false }
{ "timestamp":"2017-12-12T03:21:51Z", "event":"MiningRefined", "Type":"$rutile_name;", "Type_Localised":"Рутил" }
{ "timestamp":"2017-12-12T03:26:50Z", "event":"MaterialDiscovered", "Category":"Raw", "Name":"sulphur", "DiscoveryNumber":3 }
{ "timestamp":"2017-12-12T03:26:50Z", "event":"MaterialCollected", "Category":"Raw", "Name":"sulphur", "Count":3 }
{ "timestamp":"2017-12-12T03:27:09Z", "event":"MiningRefined", "Type":"$lepidolite_name;", "Type_Localised":"Лепидолит" }
{ "timestamp":"2017-12-12T03:27:58Z", "event":"MaterialDiscovered", "Category":"Raw", "Name":"nickel", "DiscoveryNumber":4 }
{ "timestamp":"2017-12-12T03:27:58Z", "event":"MaterialCollected", "Category":"Raw", "Name":"nickel", "Count":3 }
{ "timestamp":"2017-12-12T03:28:18Z", "event":"MiningRefined", "Type":"$lepidolite_name;", "Type_Localised":"Лепидолит" }
{ "timestamp":"2017-12-12T03:28:43Z", "event":"MiningRefined", "Type":"$bauxite_name;", "Type_Localised":"Боксит" }
{ "timestamp":"2017-12-12T03:29:23Z", "event":"MiningRefined", "Type":"$bauxite_name;", "Type_Localised":"Боксит" }
{ "timestamp":"2017-12-12T03:30:20Z", "event":"MiningRefined", "Type":"$indite_name;", "Type_Localised":"Индит" }
{ "timestamp":"2017-12-12T03:31:52Z", "event":"MiningRefined", "Type":"$indite_name;", "Type_Localised":"Индит" }
{ "timestamp":"2017-12-12T03:34:25Z", "event":"MiningRefined", "Type":"$lepidolite_name;", "Type_Localised":"Лепидолит" }
{ "timestamp":"2017-12-12T03:34:32Z", "event":"MaterialCollected", "Category":"Raw", "Name":"iron", "Count":3 }
{ "timestamp":"2017-12-12T03:34:52Z", "event":"MaterialDiscovered", "Category":"Raw", "Name":"carbon", "DiscoveryNumber":5 }
{ "timestamp":"2017-12-12T03:34:52Z", "event":"MaterialCollected", "Category":"Raw", "Name":"carbon", "Count":3 }
{ "timestamp":"2017-12-12T03:35:18Z", "event":"Music", "MusicTrack":"GalaxyMap" }
{ "timestamp":"2017-12-12T03:35:20Z", "event":"Music", "MusicTrack":"Exploration" }
{ "timestamp":"2017-12-12T03:37:01Z", "event":"StartJump", "JumpType":"Supercruise" }
{ "timestamp":"2017-12-12T03:37:06Z", "event":"SupercruiseEntry", "StarSystem":"HR 7793" }
{ "timestamp":"2017-12-12T03:37:06Z", "event":"Music", "MusicTrack":"Supercruise" }
