{ "timestamp":"2018-02-05T01:01:17Z", "event":"Fileheader", "part":1, "language":"Russian\\RU", "gameversion":"2.4", "build":"r160439/r0 " }
{ "timestamp":"2018-02-05T01:01:17Z", "event":"Music", "MusicTrack":"NoTrack" }
{ "timestamp":"2018-02-05T01:01:17Z", "event":"Music", "MusicTrack":"MainMenu" }
{ "timestamp":"2018-02-05T01:02:06Z", "event":"Friends", "Status":"Online", "Name":"Mar.Meow" }
{ "timestamp":"2018-02-05T01:02:10Z", "event":"Cargo", "Inventory":[  ] }
{ "timestamp":"2018-02-05T01:02:10Z", "event":"Loadout", "Ship":"Asp", "ShipID":8, "ShipName":"A-BUG", "ShipIdent":"BUGGED", "Modules":[ { "Slot":"SmallHardpoint1", "Item":"Hpt_BeamLaser_Gimbal_Small", "On":true, "Priority":0, "Health":0.968996, "Value":67185 }, { "Slot":"SmallHardpoint2", "Item":"Hpt_BeamLaser_Gimbal_Small", "On":true, "Priority":0, "Health":0.943466, "Value":67185 }, { "Slot":"SmallHardpoint3", "Item":"Hpt_BeamLaser_Gimbal_Small", "On":true, "Priority":0, "Health":0.996710, "Value":67185 }, { "Slot":"SmallHardpoint4", "Item":"Hpt_BeamLaser_Gimbal_Small", "On":true, "Priority":0, "Health":0.987518, "Value":67185 }, { "Slot":"MediumHardpoint1", "Item":"Hpt_MultiCannon_Gimbal_Medium", "On":true, "Priority":0, "AmmoInClip":42, "AmmoInHopper":1230, "Health":0.976877, "Value":51300, "EngineerBlueprint":"Weapon_Efficient", "EngineerLevel":1 }, { "Slot":"MediumHardpoint2", "Item":"Hpt_MultiCannon_Gimbal_Medium", "On":true, "Priority":0, "AmmoInClip":51, "AmmoInHopper":1230, "Health":0.988144, "Value":51300, "EngineerBlueprint":"Weapon_Efficient", "EngineerLevel":2 }, { "Slot":"TinyHardpoint1", "Item":"Hpt_ChaffLauncher_Tiny", "On":true, "Priority":3, "AmmoInClip":1, "AmmoInHopper":9, "Health":0.998462, "Value":8500 }, { "Slot":"TinyHardpoint2", "Item":"Hpt_HeatSinkLauncher_Turret_Tiny", "On":true, "Priority":0, "AmmoInClip":1, "AmmoInHopper":2, "Health":0.988913, "Value":3500 }, { "Slot":"TinyHardpoint3", "Item":"Hpt_ShieldBooster_Size0_Class5", "On":true, "Priority":0, "Health":0.973044, "Value":281000, "EngineerBlueprint":"ShieldBooster_Resistive", "EngineerLevel":1 }, { "Slot":"TinyHardpoint4", "Item":"Hpt_PlasmaPointDefence_Turret_Tiny", "On":true, "Priority":3, "AmmoInClip":12, "AmmoInHopper":10000, "Health":0.996723, "Value":18546 }, { "Slot":"Armour", "Item":"Asp_Armour_Grade3", "On":true, "Priority":1, "Health":1.000000, "Value":5995038 }, { "Slot":"PowerPlant", "Item":"Int_Powerplant_Size5_Class5", "On":true, "Priority":1, "Health":0.987400, "Value":5103953, "EngineerBlueprint":"PowerPlant_Armoured", "EngineerLevel":1 }, { "Slot":"MainEngines", "Item":"Int_Engine_Size5_Class5", "On":true, "Priority":0, "Health":0.990244, "Value":5103953, "EngineerBlueprint":"Engine_Reinforced", "EngineerLevel":1 }, { "Slot":"FrameShiftDrive", "Item":"Int_Hyperdrive_Size5_Class5", "On":true, "Priority":0, "Health":0.981863, "Value":5103953, "EngineerBlueprint":"FSD_FastBoot", "EngineerLevel":1 }, { "Slot":"LifeSupport", "Item":"Int_LifeSupport_Size4_Class1", "On":true, "Priority":0, "Health":0.996807, "Value":11349 }, { "Slot":"PowerDistributor", "Item":"Int_PowerDistributor_Size4_Class5", "On":true, "Priority":0, "Health":0.973864, "Value":443328 }, { "Slot":"Radar", "Item":"Int_Sensors_Size5_Class4", "On":true, "Priority":1, "Health":0.982347, "Value":496527 }, { "Slot":"FuelTank", "Item":"Int_FuelTank_Size5_Class3", "On":true, "Priority":1, "Health":1.000000, "Value":97754 }, { "Slot":"Slot01_Size6", "Item":"Int_BuggyBay_Size6_Class1", "On":true, "Priority":0, "Health":0.915652, "Value":576000 }, { "Slot":"Slot02_Size5", "Item":"Int_ShieldGenerator_Size5_Class5", "On":true, "Priority":0, "Health":0.998152, "Value":5103953 }, { "Slot":"Slot03_Size3", "Item":"Int_BuggyBay_Size2_Class1", "On":true, "Priority":4, "Health":0.996420, "Value":18000 }, { "Slot":"Slot04_Size3", "Item":"Int_FuelScoop_Size3_Class5", "On":true, "Priority":4, "Health":0.974767, "Value":902954 }, { "Slot":"Slot05_Size3", "Item":"Int_StellarBodyDiscoveryScanner_Advanced", "On":true, "Priority":1, "Health":0.980640, "Value":1545000 }, { "Slot":"Slot06_Size2", "Item":"Int_DetailedSurfaceScanner_Tiny", "On":true, "Priority":1, "Health":1.000000, "Value":250000, "EngineerBlueprint":"Sensor_SurfaceScanner_LongRange", "EngineerLevel":3 }, { "Slot":"Slot07_Size2", "Item":"Int_CargoRack_Size2_Class1", "On":true, "Priority":1, "Health":1.000000, "Value":3250 }, { "Slot":"PlanetaryApproachSuite", "Item":"Int_PlanetApproachSuite", "On":true, "Priority":1, "Health":1.000000, "Value":500 }, { "Slot":"ShipCockpit", "Item":"Asp_Cockpit", "On":true, "Priority":1, "Health":0.994263, "Value":0 }, { "Slot":"CargoHatch", "Item":"ModularCargoBayDoor", "On":true, "Priority":2, "Health":0.931146, "Value":0 } ] }
{ "timestamp":"2018-02-05T01:02:10Z", "event":"Materials", "Raw":[ { "Name":"phosphorus", "Count":26 }, { "Name":"iron", "Count":1 }, { "Name":"nickel", "Count":48 }, { "Name":"carbon", "Count":17 }, { "Name":"chromium", "Count":27 }, { "Name":"molybdenum", "Count":1 }, { "Name":"manganese", "Count":17 }, { "Name":"cadmium", "Count":3 }, { "Name":"germanium", "Count":3 }, { "Name":"tin", "Count":3 }, { "Name":"selenium", "Count":14 }, { "Name":"niobium", "Count":6 }, { "Name":"vanadium", "Count":7 }, { "Name":"tungsten", "Count":3 } ], "Manufactured":[ { "Name":"gridresistors", "Count":9 }, { "Name":"mechanicalscrap", "Count":14 }, { "Name":"mechanicalequipment", "Count":11 }, { "Name":"focuscrystals", "Count":64 }, { "Name":"salvagedalloys", "Count":82 }, { "Name":"chemicalprocessors", "Count":31 }, { "Name":"phasealloys", "Count":51 }, { "Name":"shieldingsensors", "Count":48 }, { "Name":"wornshieldemitters", "Count":46 }, { "Name":"galvanisingalloys", "Count":69 }, { "Name":"uncutfocuscrystals", "Count":2 }, { "Name":"configurablecomponents", "Count":6 }, { "Name":"highdensitycomposites", "Count":24 }, { "Name":"mechanicalcomponents", "Count":3 }, { "Name":"fedproprietarycomposites", "Count":21 }, { "Name":"fedcorecomposites", "Count":6 }, { "Name":"shieldemitters", "Count":42 }, { "Name":"conductivecomponents", "Count":4 }, { "Name":"refinedfocuscrystals", "Count":21 }, { "Name":"chemicaldistillery", "Count":6 }, { "Name":"protolightalloys", "Count":15 }, { "Name":"precipitatedalloys", "Count":22 }, { "Name":"biotechconductors", "Count":2 }, { "Name":"compoundshielding", "Count":6 }, { "Name":"conductiveceramics", "Count":2 }, { "Name":"unknownorganiccircuitry", "Count":24 }, { "Name":"unknownenergysource", "Count":22 }, { "Name":"unknowncarapace", "Count":18 }, { "Name":"unknowntechnologycomponents", "Count":12 }, { "Name":"unknownenergycell", "Count":6 }, { "Name":"hybridcapacitors", "Count":2 } ], "Encoded":[ { "Name":"decodedemissiondata", "Count":27 }, { "Name":"emissiondata", "Count":4 }, { "Name":"shieldsoakanalysis", "Count":21 }, { "Name":"shielddensityreports", "Count":39 }, { "Name":"scanarchives", "Count":18 }, { "Name":"shieldpatternanalysis", "Count":24 }, { "Name":"shieldcyclerecordings", "Count":29 }, { "Name":"encodedscandata", "Count":9 }, { "Name":"fsdtelemetry", "Count":6 }, { "Name":"scandatabanks", "Count":5 }, { "Name":"legacyfirmware", "Count":15 }, { "Name":"archivedemissiondata", "Count":4 }, { "Name":"industrialfirmware", "Count":3 }, { "Name":"bulkscandata", "Count":33 }, { "Name":"embeddedfirmware", "Count":1 }, { "Name":"scrambledemissiondata", "Count":6 }, { "Name":"encryptioncodes", "Count":3 }, { "Name":"consumerfirmware", "Count":3 }, { "Name":"encryptionarchives", "Count":3 }, { "Name":"disruptedwakeechoes", "Count":2 } ] }
{ "timestamp":"2018-02-05T01:02:10Z", "event":"LoadGame", "Commander":"Sleep Runner", "Ship":"Asp", "ShipID":8, "ShipName":"A-BUG", "ShipIdent":"BUGGED", "FuelLevel":30.929852, "FuelCapacity":32.000000, "GameMode":"Open", "Credits":59523156, "Loan":0 }
{ "timestamp":"2018-02-05T01:02:10Z", "event":"Rank", "Combat":2, "Trade":4, "Explore":4, "Empire":0, "Federation":2, "CQC":0 }
{ "timestamp":"2018-02-05T01:02:10Z", "event":"Progress", "Combat":37, "Trade":1, "Explore":20, "Empire":3, "Federation":32, "CQC":0 }
{ "timestamp":"2018-02-05T01:02:19Z", "event":"Location", "Docked":false, "StarSystem":"Ho Hsien", "StarPos":[-76.031,21.906,38.094], "SystemAllegiance":"Federation", "SystemEconomy":"$economy_HighTech;", "SystemEconomy_Localised":"Высокие технологии", "SystemGovernment":"$government_Corporate;", "SystemGovernment_Localised":"Корпоративная", "SystemSecurity":"$SYSTEM_SECURITY_high;", "SystemSecurity_Localised":"Высок. ур. безопасности", "Population":7437159, "Body":"Ho Hsien 7", "BodyType":"Planet", "Factions":[ { "Name":"HR 7079 Exchange", "FactionState":"None", "Government":"Corporate", "Influence":0.105000, "Allegiance":"Federation", "PendingStates":[ { "State":"Outbreak", "Trend":0 } ], "RecoveringStates":[ { "State":"Boom", "Trend":1 } ] }, { "Name":"Pilots Federation Local Branch", "FactionState":"None", "Government":"Democracy", "Influence":0.000000, "Allegiance":"PilotsFederation" }, { "Name":"Tarutaalli Group", "FactionState":"Boom", "Government":"Corporate", "Influence":0.065000, "Allegiance":"Federation" }, { "Name":"Ho Hsien Corporation", "FactionState":"Boom", "Government":"Corporate", "Influence":0.397000, "Allegiance":"Federation", "PendingStates":[ { "State":"Lockdown", "Trend":1 } ] }, { "Name":"Official Ho Hsien Liberty Party", "FactionState":"CivilWar", "Government":"Dictatorship", "Influence":0.123000, "Allegiance":"Independent", "RecoveringStates":[ { "State":"Outbreak", "Trend":0 } ] }, { "Name":"Ho Hsien Values Party", "FactionState":"CivilWar", "Government":"Democracy", "Influence":0.170000, "Allegiance":"Independent" }, { "Name":"Ho Hsien Purple Clan", "FactionState":"None", "Government":"Anarchy", "Influence":0.066000, "Allegiance":"Independent" }, { "Name":"Ho Hsien Legal Group", "FactionState":"None", "Government":"Corporate", "Influence":0.074000, "Allegiance":"Independent", "PendingStates":[ { "State":"Boom", "Trend":0 } ] } ], "SystemFaction":"Ho Hsien Corporation", "FactionState":"Boom" }
{ "timestamp":"2018-02-05T01:02:20Z", "event":"Music", "MusicTrack":"NoTrack" }
{ "timestamp":"2018-02-05T01:02:20Z", "event":"Music", "MusicTrack":"Exploration" }
{ "timestamp":"2018-02-05T01:02:40Z", "event":"StartJump", "JumpType":"Supercruise" }
{ "timestamp":"2018-02-05T01:02:40Z", "event":"ApproachSettlement", "Name":"Onufriyenko Hub" }
{ "timestamp":"2018-02-05T01:02:40Z", "event":"ApproachSettlement", "Name":"Moseley Base +" }
{ "timestamp":"2018-02-05T01:02:45Z", "event":"SupercruiseEntry", "StarSystem":"Ho Hsien" }
{ "timestamp":"2018-02-05T01:02:45Z", "event":"Music", "MusicTrack":"Supercruise" }
{ "timestamp":"2018-02-05T01:03:32Z", "event":"ApproachSettlement", "Name":"Moseley Base +" }
{ "timestamp":"2018-02-05T01:03:35Z", "event":"SupercruiseExit", "StarSystem":"Ho Hsien", "Body":"Ho Hsien 7", "BodyType":"Planet" }
{ "timestamp":"2018-02-05T01:03:35Z", "event":"Music", "MusicTrack":"Exploration" }
{ "timestamp":"2018-02-05T01:04:06Z", "event":"Friends", "Status":"Online", "Name":"Mar.Meow" }
{ "timestamp":"2018-02-05T01:04:55Z", "event":"WingJoin", "Others":[] }
{ "timestamp":"2018-02-05T01:04:55Z", "event":"WingAdd", "Name":"Mar.Meow" }
{ "timestamp":"2018-02-05T01:05:27Z", "event":"CommitCrime", "CrimeType":"dockingMinorTresspass", "Faction":"Ho Hsien Corporation", "Fine":400 }
{ "timestamp":"2018-02-05T01:05:28Z", "event":"Touchdown", "PlayerControlled":true, "Latitude":-22.578962, "Longitude":-177.367645 }
{ "timestamp":"2018-02-05T01:05:32Z", "event":"LaunchSRV", "Loadout":"starter", "PlayerControlled":true }
{ "timestamp":"2018-02-05T01:05:37Z", "event":"Music", "MusicTrack":"Combat_SRV" }
{ "timestamp":"2018-02-05T01:05:37Z", "event":"CommitCrime", "CrimeType":"dockingMajorTresspass", "Faction":"Ho Hsien Corporation", "Bounty":500 }
{ "timestamp":"2018-02-05T01:05:58Z", "event":"CommitCrime", "CrimeType":"assault", "Faction":"Ho Hsien Corporation", "Victim":"$poi_turretbasea_name;", "Victim_Localised":"Оборонительная турель", "Bounty":400 }
{ "timestamp":"2018-02-05T01:06:07Z", "event":"CommitCrime", "CrimeType":"assault", "Faction":"Ho Hsien Corporation", "Victim":"$poi_turretbasea_name;", "Victim_Localised":"Оборонительная турель", "Bounty":400 }
{ "timestamp":"2018-02-05T01:06:20Z", "event":"CommitCrime", "CrimeType":"assault", "Faction":"Ho Hsien Corporation", "Victim":"$poi_turretplatforma_name;", "Victim_Localised":"Оборонительная турель", "Bounty":400 }
{ "timestamp":"2018-02-05T01:07:13Z", "event":"DatalinkScan", "Message":"$DataLink_ScannedInfo_Comms;", "Message_Localised":"Есть доступ к сети связи" }
{ "timestamp":"2018-02-05T01:07:14Z", "event":"CommitCrime", "CrimeType":"dockingMajorTresspass", "Faction":"Ho Hsien Corporation", "Bounty":500 }
{ "timestamp":"2018-02-05T01:07:20Z", "event":"CommitCrime", "CrimeType":"assault", "Faction":"Ho Hsien Corporation", "Victim":"$poi_generator_name;", "Victim_Localised":"Генератор", "Bounty":400 }
{ "timestamp":"2018-02-05T01:07:27Z", "event":"MissionRedirected", "MissionID":308385277, "Name":"Mission_Disable_War_name", "NewDestinationStation":"Vela Port", "NewDestinationSystem":"Amarak", "OldDestinationStation":"Moseley Base +", "OldDestinationSystem":"Ho Hsien" }
{ "timestamp":"2018-02-05T01:07:27Z", "event":"Music", "MusicTrack":"Exploration" }
{ "timestamp":"2018-02-05T01:07:56Z", "event":"DatalinkScan", "Message":"$DataLink_ScannedInfo_Operations;", "Message_Localised":"Есть доступ к военной сети" }
{ "timestamp":"2018-02-05T01:08:24Z", "event":"DatalinkScan", "Message":"$DataLink_ScannedInfo_Postbox;", "Message_Localised":"Есть доступ к терминалу" }
{ "timestamp":"2018-02-05T01:10:26Z", "event":"Music", "MusicTrack":"Combat_SRV" }
{ "timestamp":"2018-02-05T01:11:07Z", "event":"Music", "MusicTrack":"Exploration" }
{ "timestamp":"2018-02-05T01:11:07Z", "event":"MissionRedirected", "MissionID":308635555, "Name":"Mission_Disable_War_name", "NewDestinationStation":"Vela Port", "NewDestinationSystem":"Amarak", "OldDestinationStation":"Moseley Base +", "OldDestinationSystem":"Ho Hsien" }
{ "timestamp":"2018-02-05T01:14:06Z", "event":"Music", "MusicTrack":"Combat_SRV" }
{ "timestamp":"2018-02-05T01:14:25Z", "event":"MissionRedirected", "MissionID":308631013, "Name":"Mission_Disable_HighTech_name", "NewDestinationStation":"Werner von Siemens Vision", "NewDestinationSystem":"Amarak", "OldDestinationStation":"Moseley Base +", "OldDestinationSystem":"Ho Hsien" }
{ "timestamp":"2018-02-05T01:14:25Z", "event":"Music", "MusicTrack":"Exploration" }
{ "timestamp":"2018-02-05T01:17:24Z", "event":"Music", "MusicTrack":"Combat_SRV" }
{ "timestamp":"2018-02-05T01:18:11Z", "event":"Music", "MusicTrack":"Exploration" }
{ "timestamp":"2018-02-05T01:18:13Z", "event":"MissionRedirected", "MissionID":308630910, "Name":"Mission_Disable_HighTech_name", "NewDestinationStation":"Werner von Siemens Vision", "NewDestinationSystem":"Amarak", "OldDestinationStation":"Moseley Base +", "OldDestinationSystem":"Ho Hsien" }
{ "timestamp":"2018-02-05T01:21:10Z", "event":"Music", "MusicTrack":"Combat_SRV" }
{ "timestamp":"2018-02-05T01:21:24Z", "event":"Music", "MusicTrack":"Exploration" }
{ "timestamp":"2018-02-05T01:21:24Z", "event":"MissionRedirected", "MissionID":308387087, "Name":"Mission_Disable_HighTech_name", "NewDestinationStation":"Vela Port", "NewDestinationSystem":"Amarak", "OldDestinationStation":"Moseley Base +", "OldDestinationSystem":"Ho Hsien" }
{ "timestamp":"2018-02-05T01:24:24Z", "event":"Music", "MusicTrack":"Combat_SRV" }
{ "timestamp":"2018-02-05T01:25:53Z", "event":"MissionRedirected", "MissionID":308387031, "Name":"Mission_Disable_HighTech_name", "NewDestinationStation":"Vela Port", "NewDestinationSystem":"Amarak", "OldDestinationStation":"Moseley Base +", "OldDestinationSystem":"Ho Hsien" }
{ "timestamp":"2018-02-05T01:25:53Z", "event":"Music", "MusicTrack":"Exploration" }
{ "timestamp":"2018-02-05T01:26:57Z", "event":"DockSRV" }
{ "timestamp":"2018-02-05T01:27:13Z", "event":"Liftoff", "PlayerControlled":true, "Latitude":-22.578962, "Longitude":-177.367645 }
{ "timestamp":"2018-02-05T01:31:55Z", "event":"Music", "MusicTrack":"GalaxyMap" }
{ "timestamp":"2018-02-05T01:32:04Z", "event":"Music", "MusicTrack":"SystemMap" }
{ "timestamp":"2018-02-05T01:32:15Z", "event":"Music", "MusicTrack":"GalaxyMap" }
{ "timestamp":"2018-02-05T01:32:15Z", "event":"Music", "MusicTrack":"Exploration" }
{ "timestamp":"2018-02-05T01:34:03Z", "event":"HeatWarning" }
{ "timestamp":"2018-02-05T01:34:12Z", "event":"StartJump", "JumpType":"Hyperspace", "StarSystem":"Amarak", "StarClass":"M" }
{ "timestamp":"2018-02-05T01:34:17Z", "event":"Music", "MusicTrack":"NoTrack" }
{ "timestamp":"2018-02-05T01:34:30Z", "event":"FSDJump", "StarSystem":"Amarak", "StarPos":[-68.438,26.000,26.469], "SystemAllegiance":"Federation", "SystemEconomy":"$economy_HighTech;", "SystemEconomy_Localised":"Высокие технологии", "SystemGovernment":"$government_Corporate;", "SystemGovernment_Localised":"Корпоративная", "SystemSecurity":"$SYSTEM_SECURITY_high;", "SystemSecurity_Localised":"Высок. ур. безопасности", "Population":10248421, "JumpDist":14.476, "FuelUsed":1.702109, "FuelLevel":28.597744, "Factions":[ { "Name":"Pilots Federation Local Branch", "FactionState":"None", "Government":"Democracy", "Influence":0.000000, "Allegiance":"PilotsFederation" }, { "Name":"Tarutaalli Group", "FactionState":"Boom", "Government":"Corporate", "Influence":0.123752, "Allegiance":"Federation" }, { "Name":"Amarak Comms Partners", "FactionState":"None", "Government":"Corporate", "Influence":0.583832, "Allegiance":"Federation", "RecoveringStates":[ { "State":"Boom", "Trend":0 } ] }, { "Name":"Amarak Dominion", "FactionState":"Boom", "Government":"Dictatorship", "Influence":0.058882, "Allegiance":"Independent" }, { "Name":"Amarak Silver Family", "FactionState":"War", "Government":"Anarchy", "Influence":0.047904, "Allegiance":"Independent", "PendingStates":[ { "State":"Boom", "Trend":1 } ] }, { "Name":"Syndicate of LHS 3385", "FactionState":"War", "Government":"Anarchy", "Influence":0.010978, "Allegiance":"Independent", "PendingStates":[ { "State":"Boom", "Trend":1 } ] }, { "Name":"Amarak Republic Party", "FactionState":"None", "Government":"Democracy", "Influence":0.164671, "Allegiance":"Federation", "PendingStates":[ { "State":"CivilUnrest", "Trend":-1 } ] }, { "Name":"Ronin of Amarak", "FactionState":"None", "Government":"Anarchy", "Influence":0.009980, "Allegiance":"Independent", "PendingStates":[ { "State":"Boom", "Trend":1 } ] } ], "SystemFaction":"Amarak Comms Partners" }
{ "timestamp":"2018-02-05T01:34:30Z", "event":"HeatWarning" }
{ "timestamp":"2018-02-05T01:34:30Z", "event":"Music", "MusicTrack":"DestinationFromHyperspace" }
{ "timestamp":"2018-02-05T01:34:35Z", "event":"Music", "MusicTrack":"Supercruise" }
{ "timestamp":"2018-02-05T01:36:48Z", "event":"SupercruiseExit", "StarSystem":"Amarak", "Body":"Werner von Siemens Vision", "BodyType":"Station" }
{ "timestamp":"2018-02-05T01:36:48Z", "event":"Music", "MusicTrack":"DestinationFromSupercruise" }
{ "timestamp":"2018-02-05T01:36:53Z", "event":"Music", "MusicTrack":"Exploration" }
{ "timestamp":"2018-02-05T01:36:55Z", "event":"ReceiveText", "From":"Werner von Siemens Vision", "Message":"$STATION_NoFireZone_entered;", "Message_Localised":"Вы вошли в зону запрета огня", "Channel":"npc" }
{ "timestamp":"2018-02-05T01:36:55Z", "event":"ReceiveText", "From":"Werner von Siemens Vision", "Message":"$DockingFailed_Distance:#distance=7500;", "Message_Localised":"В запросе на стыковку отказано, приблизьтесь на 7500 м", "Channel":"npc" }
{ "timestamp":"2018-02-05T01:36:55Z", "event":"DockingDenied", "Reason":"Distance", "StationName":"Werner von Siemens Vision" }
{ "timestamp":"2018-02-05T01:37:10Z", "event":"DockingRequested", "StationName":"Werner von Siemens Vision" }
{ "timestamp":"2018-02-05T01:37:10Z", "event":"ReceiveText", "From":"Werner von Siemens Vision", "Message":"$DockingChatter_Cordial;", "Message_Localised":"С возвращением, командир.", "Channel":"npc" }
{ "timestamp":"2018-02-05T01:37:11Z", "event":"ReceiveText", "From":"Werner von Siemens Vision", "Message":"$STATION_docking_granted;", "Message_Localised":"Стыковка разрешена", "Channel":"npc" }
{ "timestamp":"2018-02-05T01:37:11Z", "event":"DockingGranted", "LandingPad":4, "StationName":"Werner von Siemens Vision" }
{ "timestamp":"2018-02-05T01:37:43Z", "event":"Docked", "StationName":"Werner von Siemens Vision", "StationType":"Outpost", "StarSystem":"Amarak", "StationFaction":"Tarutaalli Group", "FactionState":"Boom", "StationGovernment":"$government_Corporate;", "StationGovernment_Localised":"Корпоративная", "StationAllegiance":"Federation", "StationServices":[ "Dock", "Autodock", "BlackMarket", "Commodities", "Contacts", "Exploration", "Missions", "Outfitting", "CrewLounge", "Rearm", "Refuel", "Repair", "MissionsGenerated", "FlightController", "StationOperations", "Powerplay", "SearchAndRescue" ], "StationEconomy":"$economy_HighTech;", "StationEconomy_Localised":"Высокие технологии", "DistFromStarLS":1605.911865 }
{ "timestamp":"2018-02-05T01:37:51Z", "event":"RefuelAll", "Cost":184, "Amount":3.658703 }
{ "timestamp":"2018-02-05T01:37:52Z", "event":"RepairAll", "Cost":7345 }
{ "timestamp":"2018-02-05T01:37:53Z", "event":"BuyAmmo", "Cost":1454 }
{ "timestamp":"2018-02-05T01:37:53Z", "event":"RestockVehicle", "Type":"testbuggy", "Loadout":"starter", "Cost":1030, "Count":1 }
{ "timestamp":"2018-02-05T01:37:53Z", "event":"RestockVehicle", "Type":"testbuggy", "Loadout":"starter", "Cost":1030, "Count":1 }
{ "timestamp":"2018-02-05T01:38:02Z", "event":"MissionCompleted", "Faction":"Amarak Dominion", "Name":"Mission_Massacre_Skimmer_Refinery_name", "MissionID":308628413, "TargetType":"$MissionUtil_FactionTag_Skimmer;", "TargetType_Localised":"Оборонный беспилотник с автотурелью", "TargetFaction":"Aritimi Exchange", "KillCount":3, "DestinationSystem":"Aritimi", "Reward":380627 }
{ "timestamp":"2018-02-05T01:38:07Z", "event":"MissionCompleted", "Faction":"Syndicate of LHS 3385", "Name":"Mission_Disable_HighTech_name", "MissionID":308630910, "Target":"$MissionUtil_Settlement_Target_Turret;", "Target_Localised":"Установка", "Reward":368370, "CommodityReward":[ { "Name":"CoolingHoses", "Count":4 } ] }
{ "timestamp":"2018-02-05T01:38:13Z", "event":"MissionCompleted", "Faction":"Ronin of Amarak", "Name":"Mission_Disable_HighTech_name", "MissionID":308631013, "Target":"$MissionUtil_Settlement_Target_Turret;", "Target_Localised":"Установка", "Reward":344272, "CommodityReward":[ { "Name":"ArticulationMotors", "Count":0 } ] }
{ "timestamp":"2018-02-05T01:38:13Z", "event":"MaterialCollected", "Category":"Encoded", "Name":"scrambledemissiondata", "Count":1 }
{ "timestamp":"2018-02-05T01:38:33Z", "event":"Music", "MusicTrack":"SystemMap" }
{ "timestamp":"2018-02-05T01:38:40Z", "event":"Music", "MusicTrack":"Exploration" }
{ "timestamp":"2018-02-05T01:38:54Z", "event":"Undocked", "StationName":"Werner von Siemens Vision", "StationType":"Outpost" }
{ "timestamp":"2018-02-05T01:39:10Z", "event":"ReceiveText", "From":"Werner von Siemens Vision", "Message":"$DockingPadBlockWarningComms;", "Message_Localised":"Обнаружено нарушение – промедление, немедленно очистите подход к площадке во избежание летального ответа", "Channel":"npc" }
{ "timestamp":"2018-02-05T01:39:14Z", "event":"ReceiveText", "From":"Werner von Siemens Vision", "Message":"$DockingOffenceCleared;", "Message_Localised":"Нарушения правил космопорта сняты, привилегии на стыковку восстановлены", "Channel":"npc" }
{ "timestamp":"2018-02-05T01:39:26Z", "event":"ReceiveText", "From":"Werner von Siemens Vision", "Message":"$DockingPadBlockWarningComms;", "Message_Localised":"Обнаружено нарушение – промедление, немедленно очистите подход к площадке во избежание летального ответа", "Channel":"npc" }
{ "timestamp":"2018-02-05T01:39:36Z", "event":"CommitCrime", "CrimeType":"dockingMinorBlockingLandingPad", "Faction":"Tarutaalli Group", "Fine":400 }
{ "timestamp":"2018-02-05T01:39:56Z", "event":"ReceiveText", "From":"Werner von Siemens Vision", "Message":"$DockingPadBlockHostileComms;", "Message_Localised":"Нарушение правил стыковки, разрешен летальный ответ.", "Channel":"npc" }
{ "timestamp":"2018-02-05T01:39:56Z", "event":"Music", "MusicTrack":"Combat_Dogfight" }
{ "timestamp":"2018-02-05T01:39:57Z", "event":"CommitCrime", "CrimeType":"dockingMajorBlockingLandingPad", "Faction":"Tarutaalli Group", "Bounty":500 }
{ "timestamp":"2018-02-05T01:39:57Z", "event":"ShieldState", "ShieldsUp":false }
{ "timestamp":"2018-02-05T01:39:59Z", "event":"HullDamage", "Health":0.729684, "PlayerPilot":true, "Fighter":false }
{ "timestamp":"2018-02-05T01:39:59Z", "event":"HullDamage", "Health":0.511416, "PlayerPilot":true, "Fighter":false }
{ "timestamp":"2018-02-05T01:39:59Z", "event":"HullDamage", "Health":0.293147, "PlayerPilot":true, "Fighter":false }
{ "timestamp":"2018-02-05T01:39:59Z", "event":"HullDamage", "Health":0.184013, "PlayerPilot":true, "Fighter":false }
{ "timestamp":"2018-02-05T01:40:01Z", "event":"Died" }
{ "timestamp":"2018-02-05T01:40:03Z", "event":"Music", "MusicTrack":"MainMenu" }
{ "timestamp":"2018-02-05T01:40:36Z", "event":"Resurrect", "Option":"rebuy", "Cost":1879578, "Bankrupt":false }
{ "timestamp":"2018-02-05T01:40:42Z", "event":"Location", "Docked":true, "StationName":"Werner von Siemens Vision", "StationType":"Outpost", "StarSystem":"Amarak", "StarPos":[-68.438,26.000,26.469], "SystemAllegiance":"Federation", "SystemEconomy":"$economy_HighTech;", "SystemEconomy_Localised":"Высокие технологии", "SystemGovernment":"$government_Corporate;", "SystemGovernment_Localised":"Корпоративная", "SystemSecurity":"$SYSTEM_SECURITY_high;", "SystemSecurity_Localised":"Высок. ур. безопасности", "Population":10248421, "Body":"Werner von Siemens Vision", "BodyType":"Station", "Factions":[ { "Name":"Pilots Federation Local Branch", "FactionState":"None", "Government":"Democracy", "Influence":0.000000, "Allegiance":"PilotsFederation" }, { "Name":"Tarutaalli Group", "FactionState":"Boom", "Government":"Corporate", "Influence":0.123752, "Allegiance":"Federation" }, { "Name":"Amarak Comms Partners", "FactionState":"None", "Government":"Corporate", "Influence":0.583832, "Allegiance":"Federation", "RecoveringStates":[ { "State":"Boom", "Trend":0 } ] }, { "Name":"Amarak Dominion", "FactionState":"Boom", "Government":"Dictatorship", "Influence":0.058882, "Allegiance":"Independent" }, { "Name":"Amarak Silver Family", "FactionState":"War", "Government":"Anarchy", "Influence":0.047904, "Allegiance":"Independent", "PendingStates":[ { "State":"Boom", "Trend":1 } ] }, { "Name":"Syndicate of LHS 3385", "FactionState":"War", "Government":"Anarchy", "Influence":0.010978, "Allegiance":"Independent", "PendingStates":[ { "State":"Boom", "Trend":1 } ] }, { "Name":"Amarak Republic Party", "FactionState":"None", "Government":"Democracy", "Influence":0.164671, "Allegiance":"Federation", "PendingStates":[ { "State":"CivilUnrest", "Trend":-1 } ] }, { "Name":"Ronin of Amarak", "FactionState":"None", "Government":"Anarchy", "Influence":0.009980, "Allegiance":"Independent", "PendingStates":[ { "State":"Boom", "Trend":1 } ] } ], "SystemFaction":"Amarak Comms Partners" }
{ "timestamp":"2018-02-05T01:40:42Z", "event":"Music", "MusicTrack":"NoTrack" }
{ "timestamp":"2018-02-05T01:40:42Z", "event":"Docked", "StationName":"Werner von Siemens Vision", "StationType":"Outpost", "StarSystem":"Amarak", "StationFaction":"Tarutaalli Group", "FactionState":"Boom", "StationGovernment":"$government_Corporate;", "StationGovernment_Localised":"Корпоративная", "StationAllegiance":"Federation", "StationServices":[ "Dock", "Autodock", "BlackMarket", "Commodities", "Contacts", "Exploration", "Missions", "Outfitting", "CrewLounge", "Rearm", "Refuel", "Repair", "MissionsGenerated", "FlightController", "StationOperations", "Powerplay", "SearchAndRescue" ], "StationEconomy":"$economy_HighTech;", "StationEconomy_Localised":"Высокие технологии", "DistFromStarLS":1605.911377 }
{ "timestamp":"2018-02-05T01:41:25Z", "event":"Music", "MusicTrack":"SystemMap" }
{ "timestamp":"2018-02-05T01:41:29Z", "event":"Music", "MusicTrack":"NoTrack" }
{ "timestamp":"2018-02-05T01:41:34Z", "event":"Undocked", "StationName":"Werner von Siemens Vision", "StationType":"Outpost" }
{ "timestamp":"2018-02-05T01:42:06Z", "event":"StartJump", "JumpType":"Supercruise" }
{ "timestamp":"2018-02-05T01:42:11Z", "event":"SupercruiseEntry", "StarSystem":"Amarak" }
{ "timestamp":"2018-02-05T01:42:12Z", "event":"Music", "MusicTrack":"Supercruise" }
{ "timestamp":"2018-02-05T01:43:12Z", "event":"USSDrop", "USSType":"$USS_Type_WeaponsFire;", "USSType_Localised":"Зарегистрирован огонь из орудий", "USSThreat":4 }
{ "timestamp":"2018-02-05T01:43:13Z", "event":"SupercruiseExit", "StarSystem":"Amarak", "Body":"Amarak A 1", "BodyType":"Planet" }
{ "timestamp":"2018-02-05T01:43:14Z", "event":"Music", "MusicTrack":"Exploration" }
{ "timestamp":"2018-02-05T01:43:24Z", "event":"ReceiveText", "From":"$npc_name_decorate:#name=Ben Bloss;", "From_Localised":"Ben Bloss", "Message":"$Pirate_OnStartScanCargo04;", "Message_Localised":"Интересно, что ты везешь?", "Channel":"npc" }
{ "timestamp":"2018-02-05T01:43:33Z", "event":"StartJump", "JumpType":"Supercruise" }
{ "timestamp":"2018-02-05T01:43:38Z", "event":"SupercruiseEntry", "StarSystem":"Amarak" }
{ "timestamp":"2018-02-05T01:43:38Z", "event":"Music", "MusicTrack":"Supercruise" }
{ "timestamp":"2018-02-05T01:44:37Z", "event":"SupercruiseExit", "StarSystem":"Amarak", "Body":"Vela Port", "BodyType":"Station" }
{ "timestamp":"2018-02-05T01:44:37Z", "event":"Music", "MusicTrack":"DestinationFromSupercruise" }
{ "timestamp":"2018-02-05T01:44:42Z", "event":"Music", "MusicTrack":"NoTrack" }
{ "timestamp":"2018-02-05T01:44:44Z", "event":"ReceiveText", "From":"Vela Port", "Message":"$STATION_NoFireZone_entered;", "Message_Localised":"Вы вошли в зону запрета огня", "Channel":"npc" }
{ "timestamp":"2018-02-05T01:44:54Z", "event":"DockingRequested", "StationName":"Vela Port" }
{ "timestamp":"2018-02-05T01:44:54Z", "event":"ReceiveText", "From":"Vela Port", "Message":"$DockingChatter_Allied;", "Message_Localised":"Такому союзнику, как вы, мы всегда рады.", "Channel":"npc" }
{ "timestamp":"2018-02-05T01:44:56Z", "event":"ReceiveText", "From":"Vela Port", "Message":"$STATION_docking_granted;", "Message_Localised":"Стыковка разрешена", "Channel":"npc" }
{ "timestamp":"2018-02-05T01:44:56Z", "event":"DockingGranted", "LandingPad":35, "StationName":"Vela Port" }
{ "timestamp":"2018-02-05T01:45:16Z", "event":"Music", "MusicTrack":"Starport" }
{ "timestamp":"2018-02-05T01:45:47Z", "event":"Docked", "StationName":"Vela Port", "StationType":"Coriolis", "StarSystem":"Amarak", "StationFaction":"Amarak Comms Partners", "StationGovernment":"$government_Corporate;", "StationGovernment_Localised":"Корпоративная", "StationAllegiance":"Federation", "StationServices":[ "Dock", "Autodock", "BlackMarket", "Commodities", "Contacts", "Exploration", "Missions", "Outfitting", "CrewLounge", "Rearm", "Refuel", "Repair", "Shipyard", "Tuning", "MissionsGenerated", "FlightController", "StationOperations", "Powerplay", "SearchAndRescue" ], "StationEconomy":"$economy_HighTech;", "StationEconomy_Localised":"Высокие технологии", "DistFromStarLS":1178.858887 }
{ "timestamp":"2018-02-05T01:45:56Z", "event":"RefuelAll", "Cost":10, "Amount":0.107864 }
{ "timestamp":"2018-02-05T01:46:21Z", "event":"MissionCompleted", "Faction":"Amarak Silver Family", "Name":"Mission_Disable_War_name", "MissionID":308385277, "Target":"$MissionUtil_Settlement_Target_Turret;", "Target_Localised":"Установка", "Reward":1153086 }
{ "timestamp":"2018-02-05T01:46:21Z", "event":"MaterialCollected", "Category":"Manufactured", "Name":"mechanicalcomponents", "Count":1 }
{ "timestamp":"2018-02-05T01:46:23Z", "event":"MissionCompleted", "Faction":"Amarak Silver Family", "Name":"Mission_Disable_War_name", "MissionID":308635555, "Target":"$MissionUtil_Settlement_Target_Turret;", "Target_Localised":"Установка", "Reward":959055 }
{ "timestamp":"2018-02-05T01:46:41Z", "event":"MissionCompleted", "Faction":"Ronin of Amarak", "Name":"Mission_Disable_HighTech_name", "MissionID":308387031, "Target":"$MissionUtil_Settlement_Target_Turret;", "Target_Localised":"Установка", "Reward":366824, "CommodityReward":[ { "Name":"CoolingHoses", "Count":4 } ] }
{ "timestamp":"2018-02-05T01:46:43Z", "event":"MissionCompleted", "Faction":"Ronin of Amarak", "Name":"Mission_Disable_HighTech_name", "MissionID":308387087, "Target":"$MissionUtil_Settlement_Target_Turret;", "Target_Localised":"Установка", "Reward":362516, "CommodityReward":[ { "Name":"TelemetrySuite", "Count":0 } ] }
{ "timestamp":"2018-02-05T01:49:21Z", "event":"MarketSell", "Type":"coolinghoses", "Count":4, "SellPrice":667, "TotalSale":2668, "AvgPricePaid":0 }
{ "timestamp":"2018-02-05T01:54:21Z", "event":"ReceiveText", "From":"$npc_name_decorate:#name=Craig Bull;", "From_Localised":"Craig Bull", "Message":"$Commuter_HostileScan02;", "Message_Localised":"Никто, кроме сотрудников системной безопасности, не имеет права сканировать наш корабль.", "Channel":"npc" }
{ "timestamp":"2018-02-05T01:56:10Z", "event":"ModuleSell", "Slot":"Slot01_Size6", "SellItem":"$int_buggybay_size6_class1_name;", "SellItem_Localised":"Гараж планет. трансп.", "SellPrice":597080, "Ship":"asp", "ShipID":8 }
{ "timestamp":"2018-02-05T01:56:21Z", "event":"ModuleSell", "Slot":"Slot07_Size2", "SellItem":"$int_cargorack_size2_class1_name;", "SellItem_Localised":"Груз. стеллаж", "SellPrice":3250, "Ship":"asp", "ShipID":8 }
{ "timestamp":"2018-02-05T01:56:28Z", "event":"ModuleSwap", "FromSlot":"Slot05_Size3", "ToSlot":"Slot07_Size2", "FromItem":"$int_stellarbodydiscoveryscanner_advanced_name;", "FromItem_Localised":"Сканер-детектор", "ToItem":"Null", "Ship":"asp", "ShipID":8 }
{ "timestamp":"2018-02-05T01:56:36Z", "event":"ModuleRetrieve", "Slot":"Slot05_Size3", "RetrievedItem":"$int_fsdinterdictor_size2_class5_name;", "RetrievedItem_Localised":"FSD-перехватчик", "Ship":"asp", "ShipID":8 }
{ "timestamp":"2018-02-05T01:56:53Z", "event":"ModuleStore", "Slot":"Slot06_Size2", "StoredItem":"$int_detailedsurfacescanner_tiny_name;", "StoredItem_Localised":"Сканер поверхностей", "Ship":"asp", "ShipID":8, "EngineerModifications":"Sensor_SurfaceScanner_LongRange" }
{ "timestamp":"2018-02-05T01:56:58Z", "event":"ModuleStore", "Slot":"Slot07_Size2", "StoredItem":"$int_stellarbodydiscoveryscanner_advanced_name;", "StoredItem_Localised":"Сканер-детектор", "Ship":"asp", "ShipID":8 }
{ "timestamp":"2018-02-05T01:57:10Z", "event":"ModuleStore", "Slot":"Slot04_Size3", "StoredItem":"$int_fuelscoop_size3_class5_name;", "StoredItem_Localised":"Топливозаборник", "Ship":"asp", "ShipID":8 }
{ "timestamp":"2018-02-05T01:57:21Z", "event":"ModuleSwap", "FromSlot":"Slot05_Size3", "ToSlot":"Slot07_Size2", "FromItem":"$int_fsdinterdictor_size2_class5_name;", "FromItem_Localised":"FSD-перехватчик", "ToItem":"Null", "Ship":"asp", "ShipID":8 }
{ "timestamp":"2018-02-05T01:57:32Z", "event":"ModuleStore", "Slot":"Slot03_Size3", "StoredItem":"$int_buggybay_size2_class1_name;", "StoredItem_Localised":"Гараж планет. трансп.", "Ship":"asp", "ShipID":8 }
{ "timestamp":"2018-02-05T01:58:04Z", "event":"ModuleStore", "Slot":"Slot02_Size5", "StoredItem":"$int_shieldgenerator_size5_class5_name;", "StoredItem_Localised":"Щитогенератор", "Ship":"asp", "ShipID":8 }
{ "timestamp":"2018-02-05T01:58:33Z", "event":"ModuleRetrieve", "Slot":"Slot01_Size6", "RetrievedItem":"$int_shieldgenerator_size5_class5_name;", "RetrievedItem_Localised":"Щитогенератор", "Ship":"asp", "ShipID":8 }
{ "timestamp":"2018-02-05T01:59:47Z", "event":"ModuleSwap", "FromSlot":"Slot01_Size6", "ToSlot":"Slot02_Size5", "FromItem":"$int_shieldgenerator_size5_class5_name;", "FromItem_Localised":"Щитогенератор", "ToItem":"Null", "Ship":"asp", "ShipID":8 }
{ "timestamp":"2018-02-05T02:02:53Z", "event":"ModuleBuy", "Slot":"Slot03_Size3", "BuyItem":"$int_dronecontrol_collection_size3_class4_name;", "BuyItem_Localised":"«Сборщик»", "BuyPrice":43200, "Ship":"asp", "ShipID":8 }
{ "timestamp":"2018-02-05T02:04:17Z", "event":"ModuleBuy", "Slot":"Slot04_Size3", "BuyItem":"$int_shieldcellbank_size3_class4_name;", "BuyItem_Localised":"Щитонакопитель", "BuyPrice":63333, "Ship":"asp", "ShipID":8 }
{ "timestamp":"2018-02-05T02:04:42Z", "event":"ModuleBuy", "Slot":"Slot05_Size3", "BuyItem":"$int_hullreinforcement_size3_class2_name;", "BuyItem_Localised":"Усилитель корпуса", "BuyPrice":84000, "Ship":"asp", "ShipID":8 }
{ "timestamp":"2018-02-05T02:04:51Z", "event":"ModuleBuy", "Slot":"Slot06_Size2", "BuyItem":"$int_modulereinforcement_size2_class2_name;", "BuyItem_Localised":"Усилитель для модуля", "BuyPrice":36000, "Ship":"asp", "ShipID":8 }
{ "timestamp":"2018-02-05T02:05:44Z", "event":"ModuleRetrieve", "Slot":"Slot01_Size6", "RetrievedItem":"$int_cargorack_size6_class1_name;", "RetrievedItem_Localised":"Груз. стеллаж", "Ship":"asp", "ShipID":8 }
{ "timestamp":"2018-02-05T02:12:12Z", "event":"ReceiveText", "From":"$npc_name_decorate:#name=Garrett Filip;", "From_Localised":"Garrett Filip", "Message":"$Commuter_HostileScan05;", "Message_Localised":"Ваш корабль идентифицирован, в случае агрессивных действий вас привлекут к уголовной ответственности.", "Channel":"npc" }
{ "timestamp":"2018-02-05T02:13:01Z", "event":"Undocked", "StationName":"Vela Port", "StationType":"Coriolis" }
{ "timestamp":"2018-02-05T02:13:12Z", "event":"Music", "MusicTrack":"NoTrack" }
{ "timestamp":"2018-02-05T02:13:54Z", "event":"ReceiveText", "From":"Vela Port", "Message":"$STATION_NoFireZone_exited;", "Message_Localised":"Вы вышли из зоны запрета огня", "Channel":"npc" }
{ "timestamp":"2018-02-05T02:14:05Z", "event":"StartJump", "JumpType":"Supercruise" }
{ "timestamp":"2018-02-05T02:14:05Z", "event":"Music", "MusicTrack":"Exploration" }
{ "timestamp":"2018-02-05T02:14:10Z", "event":"SupercruiseEntry", "StarSystem":"Amarak" }
{ "timestamp":"2018-02-05T02:14:10Z", "event":"Music", "MusicTrack":"Supercruise" }
{ "timestamp":"2018-02-05T02:18:57Z", "event":"Interdiction", "Success":true, "IsPlayer":false, "Faction":"Amarak Silver Family" }
{ "timestamp":"2018-02-05T02:18:58Z", "event":"SupercruiseExit", "StarSystem":"Amarak", "Body":"Amarak A", "BodyType":"Star" }
{ "timestamp":"2018-02-05T02:18:58Z", "event":"Music", "MusicTrack":"Interdiction" }
{ "timestamp":"2018-02-05T02:18:59Z", "event":"ReceiveText", "From":"$npc_name_decorate:#name=Pinkus Xtreme;", "From_Localised":"Pinkus Xtreme", "Message":"$Pirate_OnArriveAfterBeingInterdicted05;", "Message_Localised":"Не думаю, что ты понимаешь, с кем связываешься.", "Channel":"npc" }
{ "timestamp":"2018-02-05T02:19:32Z", "event":"Music", "MusicTrack":"Exploration" }
{ "timestamp":"2018-02-05T02:19:37Z", "event":"Music", "MusicTrack":"Combat_Dogfight" }
{ "timestamp":"2018-02-05T02:19:40Z", "event":"ReceiveText", "From":"$npc_name_decorate:#name=Pinkus Xtreme;", "From_Localised":"Pinkus Xtreme", "Message":"$Pirate_OnDeclarePiracyAttack05;", "Message_Localised":"Теперь у тебя нет шансов.", "Channel":"npc" }
{ "timestamp":"2018-02-05T02:19:54Z", "event":"ReceiveText", "From":"$ShipName_Police_Federation;", "From_Localised":"Федеральная служба безопасности", "Message":"$Police_ArriveInvestigate02;", "Message_Localised":"Силы срочного реагирования уже на станции.", "Channel":"npc" }
{ "timestamp":"2018-02-05T02:20:45Z", "event":"Bounty", "Rewards":[ { "Faction":"Amarak Comms Partners", "Reward":31400 }, { "Faction":"Federation", "Reward":30600 } ], "Target":"asp_scout", "TotalReward":62000, "VictimFaction":"Amarak Silver Family", "SharedWithOthers":1 }
{ "timestamp":"2018-02-05T02:20:53Z", "event":"ReceiveText", "From":"$ShipName_Police_Federation;", "From_Localised":"Федеральная служба безопасности", "Message":"$Police_ArrivedAtInvestigationLocation06;", "Message_Localised":"Антикриминальное подразделение на месте. Приступаем к сканированию и прочесыванию района.", "Channel":"npc" }
{ "timestamp":"2018-02-05T02:21:00Z", "event":"Music", "MusicTrack":"Exploration" }
{ "timestamp":"2018-02-05T02:24:13Z", "event":"StartJump", "JumpType":"Supercruise" }
{ "timestamp":"2018-02-05T02:24:18Z", "event":"SupercruiseEntry", "StarSystem":"Amarak" }
{ "timestamp":"2018-02-05T02:24:18Z", "event":"Music", "MusicTrack":"Supercruise" }
{ "timestamp":"2018-02-05T02:26:02Z", "event":"Interdiction", "Success":false, "IsPlayer":false, "Interdicted":"Samire", "Faction":"Syndicate of LHS 3385" }
{ "timestamp":"2018-02-05T02:26:03Z", "event":"SupercruiseExit", "StarSystem":"Amarak", "Body":"Amarak A", "BodyType":"Star" }
{ "timestamp":"2018-02-05T02:26:03Z", "event":"Music", "MusicTrack":"Exploration" }
{ "timestamp":"2018-02-05T02:26:59Z", "event":"StartJump", "JumpType":"Supercruise" }
{ "timestamp":"2018-02-05T02:27:04Z", "event":"SupercruiseEntry", "StarSystem":"Amarak" }
{ "timestamp":"2018-02-05T02:27:05Z", "event":"Music", "MusicTrack":"Supercruise" }
{ "timestamp":"2018-02-05T02:27:23Z", "event":"Music", "MusicTrack":"SystemMap" }
{ "timestamp":"2018-02-05T02:27:29Z", "event":"Music", "MusicTrack":"Supercruise" }
{ "timestamp":"2018-02-05T02:30:13Z", "event":"SupercruiseExit", "StarSystem":"Amarak", "Body":"Amarak A 1", "BodyType":"Planet" }
{ "timestamp":"2018-02-05T02:30:13Z", "event":"Music", "MusicTrack":"Exploration" }
{ "timestamp":"2018-02-05T02:30:44Z", "event":"ReceiveText", "From":"$npc_name_decorate:#name=Malark;", "From_Localised":"Malark", "Message":"$Pirate_OnStartScanCargo01;", "Message_Localised":"Я все вижу!", "Channel":"npc" }
{ "timestamp":"2018-02-05T02:30:54Z", "event":"ReceiveText", "From":"$npc_name_decorate:#name=Malark;", "From_Localised":"Malark", "Message":"$Pirate_OnStartScanCargo02;", "Message_Localised":"Везешь что-нибудь ценное?", "Channel":"npc" }
{ "timestamp":"2018-02-05T02:31:06Z", "event":"ReceiveText", "From":"$npc_name_decorate:#name=Malark;", "From_Localised":"Malark", "Message":"$Pirate_OnStartScanCargo03;", "Message_Localised":"Что в кузове?", "Channel":"npc" }
{ "timestamp":"2018-02-05T02:31:16Z", "event":"ReceiveText", "From":"$npc_name_decorate:#name=Malark;", "From_Localised":"Malark", "Message":"$Pirate_OnStartScanCargo01;", "Message_Localised":"Я все вижу!", "Channel":"npc" }
{ "timestamp":"2018-02-05T02:31:26Z", "event":"ReceiveText", "From":"$npc_name_decorate:#name=Malark;", "From_Localised":"Malark", "Message":"$Pirate_OnNoCargoFound05;", "Message_Localised":"На что вы живете, дураки?", "Channel":"npc" }
{ "timestamp":"2018-02-05T02:31:26Z", "event":"Scanned", "ScanType":"Cargo" }
{ "timestamp":"2018-02-05T02:31:32Z", "event":"Music", "MusicTrack":"Combat_Dogfight" }
{ "timestamp":"2018-02-05T02:31:49Z", "event":"ShieldState", "ShieldsUp":false }
{ "timestamp":"2018-02-05T02:31:53Z", "event":"ReceiveText", "From":"$ShipName_Police_Federation;", "From_Localised":"Федеральная служба безопасности", "Message":"$Police_ArriveInvestigate04;", "Message_Localised":"Отряд экстренного реагирования прибыл.", "Channel":"npc" }
{ "timestamp":"2018-02-05T02:31:55Z", "event":"ReceiveText", "From":"$ShipName_Police_Federation;", "From_Localised":"Федеральная служба безопасности", "Message":"$Police_ArrivedAtInvestigationLocation02;", "Message_Localised":"Прекратить действия! Немедленно пройдите законное сканирование!", "Channel":"npc" }
{ "timestamp":"2018-02-05T02:32:01Z", "event":"ReceiveText", "From":"$ShipName_Police_Federation;", "From_Localised":"Федеральная служба безопасности", "Message":"$Police_ArriveInvestigate01;", "Message_Localised":"Изучение криминальных отчетов", "Channel":"npc" }
{ "timestamp":"2018-02-05T02:32:02Z", "event":"ReceiveText", "From":"$ShipName_Police_Federation;", "From_Localised":"Федеральная служба безопасности", "Message":"$Police_ArrivedAtInvestigationLocation04;", "Message_Localised":"Команда быстрого реагирования готова действовать. Начинаем сканирование всех кораблей в секторе.", "Channel":"npc" }
{ "timestamp":"2018-02-05T02:32:26Z", "event":"ReceiveText", "From":"$ShipName_Police_Federation;", "From_Localised":"Федеральная служба безопасности", "Message":"$Police_FinishedAtInvestigationLocation03;", "Message_Localised":"Оцепление снято. Продолжайте свой путь.", "Channel":"npc" }
{ "timestamp":"2018-02-05T02:33:38Z", "event":"ReceiveText", "From":"$npc_name_decorate:#name=Kerbsten;", "From_Localised":"Kerbsten", "Message":"$Escort_AttackDutyStart05;", "Message_Localised":"Замечен враг. Вступаю в бой.", "Channel":"npc" }
{ "timestamp":"2018-02-05T02:34:46Z", "event":"ShieldState", "ShieldsUp":true }
{ "timestamp":"2018-02-05T02:36:06Z", "event":"WingLeave" }
