{ "timestamp":"2017-12-27T18:20:58Z", "event":"Fileheader", "part":1, "language":"Russian\\RU", "gameversion":"2.4", "build":"r160439/r0 " }
{ "timestamp":"2017-12-27T18:20:58Z", "event":"Music", "MusicTrack":"NoTrack" }
{ "timestamp":"2017-12-27T18:20:58Z", "event":"Music", "MusicTrack":"MainMenu" }
{ "timestamp":"2017-12-27T18:28:07Z", "event":"Cargo", "Inventory":[  ] }
{ "timestamp":"2017-12-27T18:28:07Z", "event":"Loadout", "Ship":"CobraMkIII", "ShipID":1, "ShipName":"SLEEPY-ONE", "ShipIdent":"#SLEEP", "Modules":[ { "Slot":"MediumHardpoint1", "Item":"Hpt_PulseLaser_Gimbal_Medium", "On":true, "Priority":0, "Health":1.000000, "Value":35400 }, { "Slot":"MediumHardpoint2", "Item":"Hpt_PulseLaser_Gimbal_Medium", "On":true, "Priority":0, "Health":1.000000, "Value":35400 }, { "Slot":"SmallHardpoint1", "Item":"Hpt_MultiCannon_Gimbal_Small", "On":true, "Priority":0, "AmmoInClip":90, "AmmoInHopper":2100, "Health":1.000000, "Value":12825 }, { "Slot":"SmallHardpoint2", "Item":"Hpt_MultiCannon_Gimbal_Small", "On":true, "Priority":0, "AmmoInClip":90, "AmmoInHopper":2100, "Health":1.000000, "Value":12825 }, { "Slot":"TinyHardpoint1", "Item":"Hpt_CloudScanner_Size0_Class2", "On":true, "Priority":0, "Health":1.000000, "Value":40633 }, { "Slot":"TinyHardpoint2", "Item":"Hpt_CrimeScanner_Size0_Class2", "On":true, "Priority":0, "Health":1.000000, "Value":40633 }, { "Slot":"PaintJob", "Item":"PaintJob_CobraMkIII_Militaire_Sand", "On":true, "Priority":1, "Health":1.000000, "Value":0 }, { "Slot":"Armour", "Item":"CobraMkIII_Armour_Grade1", "On":true, "Priority":1, "Health":1.000000, "Value":0 }, { "Slot":"PowerPlant", "Item":"Int_Powerplant_Size3_Class5", "On":true, "Priority":1, "Health":1.000000, "Value":507912 }, { "Slot":"MainEngines", "Item":"Int_Engine_Size4_Class1", "On":true, "Priority":2, "Health":1.000000, "Value":19878 }, { "Slot":"FrameShiftDrive", "Item":"Int_Hyperdrive_Size4_Class1", "On":true, "Priority":2, "Health":1.000000, "Value":19878 }, { "Slot":"LifeSupport", "Item":"Int_LifeSupport_Size3_Class1", "On":true, "Priority":2, "Health":1.000000, "Value":4053 }, { "Slot":"PowerDistributor", "Item":"Int_PowerDistributor_Size3_Class5", "On":true, "Priority":0, "Health":1.000000, "Value":158331 }, { "Slot":"Radar", "Item":"Int_Sensors_Size3_Class1", "On":true, "Priority":2, "Health":1.000000, "Value":4053 }, { "Slot":"FuelTank", "Item":"Int_FuelTank_Size4_Class3", "On":true, "Priority":1, "Health":1.000000, "Value":24734 }, { "Slot":"Slot01_Size4", "Item":"Int_CargoRack_Size4_Class1", "On":true, "Priority":1, "Health":1.000000, "Value":34328 }, { "Slot":"Slot02_Size4", "Item":"Int_FuelScoop_Size2_Class5", "On":true, "Priority":0, "Health":1.000000, "Value":284844 }, { "Slot":"Slot03_Size4", "Item":"Int_ShieldGenerator_Size4_Class1", "On":true, "Priority":2, "Health":1.000000, "Value":19878 }, { "Slot":"Slot04_Size2", "Item":"Int_BuggyBay_Size2_Class1", "On":true, "Priority":0, "Health":1.000000, "Value":18000 }, { "Slot":"Slot05_Size2", "Item":"Int_FSDInterdictor_Size1_Class2", "On":true, "Priority":0, "Health":1.000000, "Value":36000 }, { "Slot":"Slot06_Size2", "Item":"Int_StellarBodyDiscoveryScanner_Standard", "On":true, "Priority":1, "Health":1.000000, "Value":1000 }, { "Slot":"PlanetaryApproachSuite", "Item":"Int_PlanetApproachSuite", "On":true, "Priority":1, "Health":1.000000, "Value":500 }, { "Slot":"ShipCockpit", "Item":"CobraMkIII_Cockpit", "On":true, "Priority":1, "Health":1.000000, "Value":0 }, { "Slot":"CargoHatch", "Item":"ModularCargoBayDoor", "On":true, "Priority":2, "Health":1.000000, "Value":0 } ] }
{ "timestamp":"2017-12-27T18:28:07Z", "event":"Materials", "Raw":[ { "Name":"phosphorus", "Count":12 }, { "Name":"iron", "Count":21 }, { "Name":"sulphur", "Count":18 }, { "Name":"nickel", "Count":21 }, { "Name":"carbon", "Count":12 }, { "Name":"chromium", "Count":6 }, { "Name":"molybdenum", "Count":3 }, { "Name":"manganese", "Count":6 } ], "Manufactured":[ { "Name":"gridresistors", "Count":9 }, { "Name":"mechanicalscrap", "Count":10 }, { "Name":"mechanicalequipment", "Count":9 }, { "Name":"heatconductionwiring", "Count":6 }, { "Name":"focuscrystals", "Count":12 }, { "Name":"salvagedalloys", "Count":30 }, { "Name":"chemicalprocessors", "Count":15 }, { "Name":"heatdispersionplate", "Count":3 }, { "Name":"phasealloys", "Count":9 }, { "Name":"shieldingsensors", "Count":12 }, { "Name":"wornshieldemitters", "Count":45 }, { "Name":"galvanisingalloys", "Count":24 }, { "Name":"uncutfocuscrystals", "Count":1 }, { "Name":"hybridcapacitors", "Count":1 }, { "Name":"configurablecomponents", "Count":6 }, { "Name":"highdensitycomposites", "Count":6 }, { "Name":"mechanicalcomponents", "Count":3 }, { "Name":"fedproprietarycomposites", "Count":12 }, { "Name":"fedcorecomposites", "Count":3 }, { "Name":"shieldemitters", "Count":3 }, { "Name":"conductivecomponents", "Count":1 }, { "Name":"refinedfocuscrystals", "Count":6 }, { "Name":"chemicaldistillery", "Count":3 }, { "Name":"protolightalloys", "Count":3 }, { "Name":"conductiveceramics", "Count":1 }, { "Name":"precipitatedalloys", "Count":1 } ], "Encoded":[ { "Name":"decodedemissiondata", "Count":3 }, { "Name":"emissiondata", "Count":6 }, { "Name":"shieldsoakanalysis", "Count":15 }, { "Name":"shielddensityreports", "Count":24 }, { "Name":"scanarchives", "Count":9 }, { "Name":"shieldpatternanalysis", "Count":9 }, { "Name":"shieldcyclerecordings", "Count":30 }, { "Name":"encodedscandata", "Count":9 }, { "Name":"fsdtelemetry", "Count":5 }, { "Name":"scandatabanks", "Count":4 }, { "Name":"legacyfirmware", "Count":6 }, { "Name":"archivedemissiondata", "Count":3 }, { "Name":"disruptedwakeechoes", "Count":5 }, { "Name":"industrialfirmware", "Count":1 }, { "Name":"bulkscandata", "Count":7 }, { "Name":"embeddedfirmware", "Count":1 }, { "Name":"scrambledemissiondata", "Count":1 } ] }
{ "timestamp":"2017-12-27T18:28:07Z", "event":"LoadGame", "Commander":"Sleep Runner", "Ship":"CobraMkIII", "ShipID":1, "ShipName":"SLEEPY-ONE", "ShipIdent":"#SLEEP", "FuelLevel":15.329728, "FuelCapacity":16.000000, "GameMode":"Open", "Credits":5806378, "Loan":0 }
{ "timestamp":"2017-12-27T18:28:07Z", "event":"Rank", "Combat":0, "Trade":3, "Explore":2, "Empire":0, "Federation":1, "CQC":0 }
{ "timestamp":"2017-12-27T18:28:07Z", "event":"Progress", "Combat":80, "Trade":16, "Explore":31, "Empire":0, "Federation":70, "CQC":0 }
{ "timestamp":"2017-12-27T18:28:18Z", "event":"Location", "Docked":false, "StarSystem":"Alrai Sector BQ-Y c25", "StarPos":[-71.844,19.156,35.938], "SystemAllegiance":"", "SystemEconomy":"$economy_None;", "SystemEconomy_Localised":"Нет", "SystemGovernment":"$government_None;", "SystemGovernment_Localised":"Нет", "SystemSecurity":"$GAlAXY_MAP_INFO_state_anarchy;", "SystemSecurity_Localised":"Анархия", "Population":0, "Body":"Alrai Sector BQ-Y c25", "BodyType":"Star" }
{ "timestamp":"2017-12-27T18:28:18Z", "event":"Music", "MusicTrack":"NoTrack" }
{ "timestamp":"2017-12-27T18:28:18Z", "event":"Music", "MusicTrack":"Exploration" }
{ "timestamp":"2017-12-27T18:28:29Z", "event":"StartJump", "JumpType":"Supercruise" }
{ "timestamp":"2017-12-27T18:28:34Z", "event":"SupercruiseEntry", "StarSystem":"Alrai Sector BQ-Y c25" }
{ "timestamp":"2017-12-27T18:28:34Z", "event":"Music", "MusicTrack":"Supercruise" }
{ "timestamp":"2017-12-27T18:28:46Z", "event":"FuelScoop", "Scooped":0.474207, "Total":15.803938 }
{ "timestamp":"2017-12-27T18:28:56Z", "event":"Music", "MusicTrack":"GalaxyMap" }
{ "timestamp":"2017-12-27T18:29:01Z", "event":"Music", "MusicTrack":"SystemMap" }
{ "timestamp":"2017-12-27T18:29:15Z", "event":"Music", "MusicTrack":"GalaxyMap" }
{ "timestamp":"2017-12-27T18:29:15Z", "event":"Music", "MusicTrack":"Supercruise" }
{ "timestamp":"2017-12-27T18:29:33Z", "event":"Music", "MusicTrack":"GalaxyMap" }
{ "timestamp":"2017-12-27T18:29:46Z", "event":"Music", "MusicTrack":"Supercruise" }
{ "timestamp":"2017-12-27T18:30:03Z", "event":"StartJump", "JumpType":"Hyperspace", "StarSystem":"Ho Hsien", "StarClass":"K" }
{ "timestamp":"2017-12-27T18:30:09Z", "event":"Music", "MusicTrack":"NoTrack" }
{ "timestamp":"2017-12-27T18:30:22Z", "event":"FSDJump", "StarSystem":"Ho Hsien", "StarPos":[-76.031,21.906,38.094], "SystemAllegiance":"Federation", "SystemEconomy":"$economy_HighTech;", "SystemEconomy_Localised":"Высокие технологии", "SystemGovernment":"$government_Corporate;", "SystemGovernment_Localised":"Корпоративная", "SystemSecurity":"$SYSTEM_SECURITY_high;", "SystemSecurity_Localised":"Высок. ур. безопасности", "Population":7437159, "JumpDist":5.454, "FuelUsed":0.510934, "FuelLevel":15.293003, "Factions":[ { "Name":"HR 7079 Exchange", "FactionState":"Boom", "Government":"Corporate", "Influence":0.110000, "Allegiance":"Federation", "PendingStates":[ { "State":"Outbreak", "Trend":1 } ] }, { "Name":"Pilots Federation Local Branch", "FactionState":"None", "Government":"Democracy", "Influence":0.000000, "Allegiance":"PilotsFederation" }, { "Name":"Tarutaalli Group", "FactionState":"War", "Government":"Corporate", "Influence":0.010000, "Allegiance":"Federation", "PendingStates":[ { "State":"Boom", "Trend":1 }, { "State":"CivilUnrest", "Trend":0 }, { "State":"Lockdown", "Trend":0 } ] }, { "Name":"Ho Hsien Corporation", "FactionState":"Boom", "Government":"Corporate", "Influence":0.451000, "Allegiance":"Federation" }, { "Name":"Official Ho Hsien Liberty Party", "FactionState":"CivilWar", "Government":"Dictatorship", "Influence":0.166000, "Allegiance":"Independent" }, { "Name":"Ho Hsien Values Party", "FactionState":"CivilWar", "Government":"Democracy", "Influence":0.092000, "Allegiance":"Independent", "RecoveringStates":[ { "State":"Famine", "Trend":0 } ] }, { "Name":"Ho Hsien Purple Clan", "FactionState":"War", "Government":"Anarchy", "Influence":0.010000, "Allegiance":"Independent", "PendingStates":[ { "State":"Boom", "Trend":0 } ] }, { "Name":"Ho Hsien Legal Group", "FactionState":"Boom", "Government":"Corporate", "Influence":0.161000, "Allegiance":"Independent" } ], "SystemFaction":"Ho Hsien Corporation", "FactionState":"Boom" }
{ "timestamp":"2017-12-27T18:30:22Z", "event":"Music", "MusicTrack":"DestinationFromHyperspace" }
{ "timestamp":"2017-12-27T18:30:27Z", "event":"Music", "MusicTrack":"Supercruise" }
{ "timestamp":"2017-12-27T18:30:43Z", "event":"FuelScoop", "Scooped":0.707005, "Total":16.000000 }
{ "timestamp":"2017-12-27T18:34:19Z", "event":"ApproachSettlement", "Name":"Moseley Base +" }
{ "timestamp":"2017-12-27T18:34:20Z", "event":"ApproachSettlement", "Name":"Onufriyenko Hub" }
{ "timestamp":"2017-12-27T18:34:55Z", "event":"ReceiveText", "From":"$ShipName_PassengerLiner_Wedding;", "From_Localised":"Свадебное судно", "Message":"$ConvoyWedding_Patrol01;", "Message_Localised":"Помогите нам отпраздновать это счастливое событие!", "Channel":"npc" }
{ "timestamp":"2017-12-27T18:35:18Z", "event":"ApproachSettlement", "Name":"Moseley Base +" }
{ "timestamp":"2017-12-27T18:35:20Z", "event":"SupercruiseExit", "StarSystem":"Ho Hsien", "Body":"Ho Hsien 7", "BodyType":"Planet" }
{ "timestamp":"2017-12-27T18:35:21Z", "event":"Music", "MusicTrack":"Exploration" }
{ "timestamp":"2017-12-27T18:36:29Z", "event":"Touchdown", "PlayerControlled":true, "Latitude":-22.607521, "Longitude":-177.371094 }
{ "timestamp":"2017-12-27T18:36:36Z", "event":"LaunchSRV", "Loadout":"starter", "PlayerControlled":true }
{ "timestamp":"2017-12-27T18:37:03Z", "event":"Liftoff", "PlayerControlled":false }
{ "timestamp":"2017-12-27T18:39:20Z", "event":"Music", "MusicTrack":"Combat_SRV" }
{ "timestamp":"2017-12-27T18:39:20Z", "event":"CommitCrime", "CrimeType":"assault", "Faction":"Ho Hsien Corporation", "Victim":"$poi_turretbasea_name;", "Victim_Localised":"Оборонительная турель", "Bounty":400 }
{ "timestamp":"2017-12-27T18:39:37Z", "event":"CommitCrime", "CrimeType":"assault", "Faction":"Ho Hsien Corporation", "Victim":"$poi_turretbasea_name;", "Victim_Localised":"Оборонительная турель", "Bounty":400 }
{ "timestamp":"2017-12-27T18:39:49Z", "event":"CommitCrime", "CrimeType":"assault", "Faction":"Ho Hsien Corporation", "Victim":"$poi_generator_name;", "Victim_Localised":"Генератор", "Bounty":400 }
{ "timestamp":"2017-12-27T18:39:54Z", "event":"MissionRedirected", "MissionID":272319450, "Name":"Mission_Disable_War_name", "NewDestinationStation":"Werner von Siemens Vision", "NewDestinationSystem":"Amarak", "OldDestinationStation":"Moseley Base +", "OldDestinationSystem":"Ho Hsien" }
{ "timestamp":"2017-12-27T18:39:54Z", "event":"Music", "MusicTrack":"Exploration" }
{ "timestamp":"2017-12-27T18:40:19Z", "event":"Music", "MusicTrack":"SystemMap" }
{ "timestamp":"2017-12-27T18:40:25Z", "event":"Music", "MusicTrack":"Exploration" }
{ "timestamp":"2017-12-27T18:42:53Z", "event":"Music", "MusicTrack":"Combat_SRV" }
{ "timestamp":"2017-12-27T18:42:56Z", "event":"DatalinkScan", "Message":"$DataLink_ScannedInfo_Postbox;", "Message_Localised":"Есть доступ к терминалу" }
{ "timestamp":"2017-12-27T18:43:14Z", "event":"DatalinkScan", "Message":"$DataLink_ScannedInfo_Operations;", "Message_Localised":"Есть доступ к военной сети" }
{ "timestamp":"2017-12-27T18:43:30Z", "event":"MissionRedirected", "MissionID":272320159, "Name":"Mission_Disable_HighTech_name", "NewDestinationStation":"Werner von Siemens Vision", "NewDestinationSystem":"Amarak", "OldDestinationStation":"Moseley Base +", "OldDestinationSystem":"Ho Hsien" }
{ "timestamp":"2017-12-27T18:43:30Z", "event":"Music", "MusicTrack":"Exploration" }
{ "timestamp":"2017-12-27T18:46:29Z", "event":"Music", "MusicTrack":"Combat_SRV" }
{ "timestamp":"2017-12-27T18:46:35Z", "event":"MissionRedirected", "MissionID":272320069, "Name":"Mission_Disable_HighTech_name", "NewDestinationStation":"Werner von Siemens Vision", "NewDestinationSystem":"Amarak", "OldDestinationStation":"Moseley Base +", "OldDestinationSystem":"Ho Hsien" }
{ "timestamp":"2017-12-27T18:46:35Z", "event":"Music", "MusicTrack":"Exploration" }
{ "timestamp":"2017-12-27T18:50:49Z", "event":"Music", "MusicTrack":"Combat_SRV" }
{ "timestamp":"2017-12-27T18:50:55Z", "event":"HullDamage", "Health":0.691527, "PlayerPilot":true }
{ "timestamp":"2017-12-27T18:51:44Z", "event":"Music", "MusicTrack":"Exploration" }
{ "timestamp":"2017-12-27T18:51:44Z", "event":"MissionRedirected", "MissionID":272320028, "Name":"Mission_Disable_HighTech_name", "NewDestinationStation":"Werner von Siemens Vision", "NewDestinationSystem":"Amarak", "OldDestinationStation":"Moseley Base +", "OldDestinationSystem":"Ho Hsien" }
{ "timestamp":"2017-12-27T18:53:57Z", "event":"HullDamage", "Health":0.596662, "PlayerPilot":true }
{ "timestamp":"2017-12-27T18:54:43Z", "event":"Music", "MusicTrack":"Combat_SRV" }
{ "timestamp":"2017-12-27T18:54:47Z", "event":"Music", "MusicTrack":"Exploration" }
{ "timestamp":"2017-12-27T18:54:48Z", "event":"MissionRedirected", "MissionID":272319566, "Name":"Mission_Disable_War_name", "NewDestinationStation":"Werner von Siemens Vision", "NewDestinationSystem":"Amarak", "OldDestinationStation":"Moseley Base +", "OldDestinationSystem":"Ho Hsien" }
{ "timestamp":"2017-12-27T18:57:46Z", "event":"Music", "MusicTrack":"Combat_SRV" }
{ "timestamp":"2017-12-27T18:57:52Z", "event":"Music", "MusicTrack":"Exploration" }
{ "timestamp":"2017-12-27T18:57:54Z", "event":"MissionRedirected", "MissionID":272319498, "Name":"Mission_Disable_War_name", "NewDestinationStation":"Werner von Siemens Vision", "NewDestinationSystem":"Amarak", "OldDestinationStation":"Moseley Base +", "OldDestinationSystem":"Ho Hsien" }
{ "timestamp":"2017-12-27T18:58:09Z", "event":"Music", "MusicTrack":"GalaxyMap" }
{ "timestamp":"2017-12-27T18:58:22Z", "event":"Music", "MusicTrack":"SystemMap" }
{ "timestamp":"2017-12-27T18:58:38Z", "event":"Music", "MusicTrack":"GalaxyMap" }
{ "timestamp":"2017-12-27T18:58:39Z", "event":"Music", "MusicTrack":"Exploration" }
{ "timestamp":"2017-12-27T19:01:18Z", "event":"Touchdown", "PlayerControlled":false }
{ "timestamp":"2017-12-27T19:01:46Z", "event":"DockSRV" }
{ "timestamp":"2017-12-27T19:01:54Z", "event":"Liftoff", "PlayerControlled":true, "Latitude":-22.572399, "Longitude":-177.332184 }
{ "timestamp":"2017-12-27T19:02:16Z", "event":"StartJump", "JumpType":"Supercruise" }
{ "timestamp":"2017-12-27T19:02:16Z", "event":"ApproachSettlement", "Name":"Onufriyenko Hub" }
{ "timestamp":"2017-12-27T19:02:16Z", "event":"ApproachSettlement", "Name":"Moseley Base +" }
{ "timestamp":"2017-12-27T19:02:21Z", "event":"SupercruiseEntry", "StarSystem":"Ho Hsien" }
{ "timestamp":"2017-12-27T19:02:21Z", "event":"Music", "MusicTrack":"Supercruise" }
{ "timestamp":"2017-12-27T19:02:36Z", "event":"Music", "MusicTrack":"GalaxyMap" }
{ "timestamp":"2017-12-27T19:02:43Z", "event":"Music", "MusicTrack":"SystemMap" }
{ "timestamp":"2017-12-27T19:02:51Z", "event":"Music", "MusicTrack":"GalaxyMap" }
{ "timestamp":"2017-12-27T19:02:57Z", "event":"Music", "MusicTrack":"Supercruise" }
{ "timestamp":"2017-12-27T19:03:43Z", "event":"StartJump", "JumpType":"Hyperspace", "StarSystem":"Alrai Sector BQ-Y c25", "StarClass":"K" }
{ "timestamp":"2017-12-27T19:03:48Z", "event":"Music", "MusicTrack":"NoTrack" }
{ "timestamp":"2017-12-27T19:04:01Z", "event":"FSDJump", "StarSystem":"Alrai Sector BQ-Y c25", "StarPos":[-71.844,19.156,35.938], "SystemAllegiance":"", "SystemEconomy":"$economy_None;", "SystemEconomy_Localised":"Нет", "SystemGovernment":"$government_None;", "SystemGovernment_Localised":"Нет", "SystemSecurity":"$GAlAXY_MAP_INFO_state_anarchy;", "SystemSecurity_Localised":"Анархия", "Population":0, "JumpDist":5.454, "FuelUsed":0.509685, "FuelLevel":15.000315 }
{ "timestamp":"2017-12-27T19:04:02Z", "event":"Music", "MusicTrack":"Supercruise" }
{ "timestamp":"2017-12-27T19:04:20Z", "event":"FuelScoop", "Scooped":0.638889, "Total":15.639199 }
{ "timestamp":"2017-12-27T19:04:30Z", "event":"StartJump", "JumpType":"Hyperspace", "StarSystem":"LFT 1425", "StarClass":"K" }
{ "timestamp":"2017-12-27T19:04:35Z", "event":"Music", "MusicTrack":"NoTrack" }
{ "timestamp":"2017-12-27T19:04:48Z", "event":"FSDJump", "StarSystem":"LFT 1425", "StarPos":[-64.656,20.500,36.000], "SystemAllegiance":"Independent", "SystemEconomy":"$economy_Agri;", "SystemEconomy_Localised":"Сельское хозяйство", "SystemGovernment":"$government_Dictatorship;", "SystemGovernment_Localised":"Диктатура", "SystemSecurity":"$SYSTEM_SECURITY_medium;", "SystemSecurity_Localised":"Средн. ур. безопасности", "Population":568171763, "JumpDist":7.312, "FuelUsed":0.999710, "FuelLevel":14.639489, "Factions":[ { "Name":"Movement for Venetic Progressive Party", "FactionState":"None", "Government":"Democracy", "Influence":0.120000, "Allegiance":"Federation", "RecoveringStates":[ { "State":"Boom", "Trend":0 } ] }, { "Name":"Pilots Federation Local Branch", "FactionState":"None", "Government":"Democracy", "Influence":0.000000, "Allegiance":"PilotsFederation" }, { "Name":"Social LFT 1425 Free", "FactionState":"Boom", "Government":"Democracy", "Influence":0.135000, "Allegiance":"Federation" }, { "Name":"Halai Republic Party", "FactionState":"None", "Government":"Democracy", "Influence":0.059000, "Allegiance":"Federation", "PendingStates":[ { "State":"Boom", "Trend":1 }, { "State":"Lockdown", "Trend":-1 } ] }, { "Name":"LFT 1425 Gold Life Company", "FactionState":"CivilWar", "Government":"Corporate", "Influence":0.062000, "Allegiance":"Independent" }, { "Name":"Natural LFT 1425 Movement", "FactionState":"Boom", "Government":"Dictatorship", "Influence":0.376000, "Allegiance":"Independent", "PendingStates":[ { "State":"Outbreak", "Trend":1 } ] }, { "Name":"Raiders of LFT 1425", "FactionState":"CivilWar", "Government":"Anarchy", "Influence":0.076000, "Allegiance":"Independent" }, { "Name":"LFT 1425 Organisation", "FactionState":"Boom", "Government":"Corporate", "Influence":0.172000, "Allegiance":"Federation", "PendingStates":[ { "State":"Outbreak", "Trend":0 } ] } ], "SystemFaction":"Natural LFT 1425 Movement", "FactionState":"Boom" }
{ "timestamp":"2017-12-27T19:04:48Z", "event":"Music", "MusicTrack":"Supercruise" }
{ "timestamp":"2017-12-27T19:05:14Z", "event":"FuelScoop", "Scooped":1.360514, "Total":16.000000 }
{ "timestamp":"2017-12-27T19:05:36Z", "event":"StartJump", "JumpType":"Hyperspace", "StarSystem":"Halai", "StarClass":"G" }
{ "timestamp":"2017-12-27T19:05:42Z", "event":"Music", "MusicTrack":"NoTrack" }
{ "timestamp":"2017-12-27T19:05:55Z", "event":"FSDJump", "StarSystem":"Halai", "StarPos":[-63.500,24.656,32.375], "SystemAllegiance":"Federation", "SystemEconomy":"$economy_Industrial;", "SystemEconomy_Localised":"Промышленность", "SystemGovernment":"$government_Democracy;", "SystemGovernment_Localised":"Демократия", "SystemSecurity":"$SYSTEM_SECURITY_high;", "SystemSecurity_Localised":"Высок. ур. безопасности", "Population":17337033, "JumpDist":5.635, "FuelUsed":0.551610, "FuelLevel":15.448390, "Factions":[ { "Name":"Pilots Federation Local Branch", "FactionState":"None", "Government":"Democracy", "Influence":0.000000, "Allegiance":"PilotsFederation" }, { "Name":"Halai Republic Party", "FactionState":"None", "Government":"Democracy", "Influence":0.293000, "Allegiance":"Federation", "PendingStates":[ { "State":"Boom", "Trend":1 }, { "State":"Lockdown", "Trend":-1 } ] }, { "Name":"Nationals of Halai", "FactionState":"CivilWar", "Government":"Dictatorship", "Influence":0.203000, "Allegiance":"Independent", "PendingStates":[ { "State":"Outbreak", "Trend":0 } ], "RecoveringStates":[ { "State":"Boom", "Trend":0 } ] }, { "Name":"Halai Dynamic Network", "FactionState":"Boom", "Government":"Corporate", "Influence":0.214000, "Allegiance":"Independent" }, { "Name":"Syndicate of LHS 3385", "FactionState":"None", "Government":"Anarchy", "Influence":0.034000, "Allegiance":"Independent", "PendingStates":[ { "State":"Boom", "Trend":1 } ] }, { "Name":"Halai Bureau", "FactionState":"Boom", "Government":"Dictatorship", "Influence":0.159000, "Allegiance":"Independent" }, { "Name":"Halai Purple Cartel", "FactionState":"CivilWar", "Government":"Anarchy", "Influence":0.097000, "Allegiance":"Independent", "PendingStates":[ { "State":"Boom", "Trend":0 } ] } ], "SystemFaction":"Halai Republic Party" }
{ "timestamp":"2017-12-27T19:05:55Z", "event":"Music", "MusicTrack":"Supercruise" }
{ "timestamp":"2017-12-27T19:06:10Z", "event":"FuelScoop", "Scooped":0.551611, "Total":16.000000 }
{ "timestamp":"2017-12-27T19:06:21Z", "event":"HeatWarning" }
{ "timestamp":"2017-12-27T19:06:30Z", "event":"StartJump", "JumpType":"Hyperspace", "StarSystem":"Amarak", "StarClass":"M" }
{ "timestamp":"2017-12-27T19:06:36Z", "event":"Music", "MusicTrack":"NoTrack" }
{ "timestamp":"2017-12-27T19:06:49Z", "event":"FSDJump", "StarSystem":"Amarak", "StarPos":[-68.438,26.000,26.469], "SystemAllegiance":"Federation", "SystemEconomy":"$economy_HighTech;", "SystemEconomy_Localised":"Высокие технологии", "SystemGovernment":"$government_Corporate;", "SystemGovernment_Localised":"Корпоративная", "SystemSecurity":"$SYSTEM_SECURITY_high;", "SystemSecurity_Localised":"Высок. ур. безопасности", "Population":10248421, "JumpDist":7.815, "FuelUsed":1.170238, "FuelLevel":14.829762, "Factions":[ { "Name":"Pilots Federation Local Branch", "FactionState":"None", "Government":"Democracy", "Influence":0.000000, "Allegiance":"PilotsFederation" }, { "Name":"Tarutaalli Group", "FactionState":"None", "Government":"Corporate", "Influence":0.053000, "Allegiance":"Federation", "PendingStates":[ { "State":"Boom", "Trend":1 }, { "State":"CivilUnrest", "Trend":0 }, { "State":"Lockdown", "Trend":0 } ] }, { "Name":"Amarak Comms Partners", "FactionState":"None", "Government":"Corporate", "Influence":0.615000, "Allegiance":"Federation", "RecoveringStates":[ { "State":"Boom", "Trend":0 } ] }, { "Name":"Amarak Dominion", "FactionState":"None", "Government":"Dictatorship", "Influence":0.156000, "Allegiance":"Independent", "PendingStates":[ { "State":"Boom", "Trend":1 } ] }, { "Name":"Amarak Silver Family", "FactionState":"None", "Government":"Anarchy", "Influence":0.063000, "Allegiance":"Independent", "PendingStates":[ { "State":"Boom", "Trend":1 } ] }, { "Name":"Syndicate of LHS 3385", "FactionState":"None", "Government":"Anarchy", "Influence":0.010000, "Allegiance":"Independent", "PendingStates":[ { "State":"Boom", "Trend":1 } ] }, { "Name":"Amarak Republic Party", "FactionState":"None", "Government":"Democracy", "Influence":0.051000, "Allegiance":"Federation", "PendingStates":[ { "State":"Boom", "Trend":1 } ] }, { "Name":"Ronin of Amarak", "FactionState":"Boom", "Government":"Anarchy", "Influence":0.052000, "Allegiance":"Independent" } ], "SystemFaction":"Amarak Comms Partners" }
{ "timestamp":"2017-12-27T19:06:49Z", "event":"Music", "MusicTrack":"DestinationFromHyperspace" }
{ "timestamp":"2017-12-27T19:06:54Z", "event":"Music", "MusicTrack":"Supercruise" }
{ "timestamp":"2017-12-27T19:09:36Z", "event":"SupercruiseExit", "StarSystem":"Amarak", "Body":"Werner von Siemens Vision", "BodyType":"Station" }
{ "timestamp":"2017-12-27T19:09:37Z", "event":"Music", "MusicTrack":"DestinationFromSupercruise" }
{ "timestamp":"2017-12-27T19:09:42Z", "event":"Music", "MusicTrack":"Exploration" }
{ "timestamp":"2017-12-27T19:09:44Z", "event":"ReceiveText", "From":"Werner von Siemens Vision", "Message":"$STATION_NoFireZone_entered;", "Message_Localised":"Вы вошли в зону запрета огня", "Channel":"npc" }
