{ "timestamp":"2017-12-06T22:30:24Z", "event":"Fileheader", "part":1, "language":"Russian\\RU", "gameversion":"2.4", "build":"r160439/r0 " }
{ "timestamp":"2017-12-06T22:30:24Z", "event":"Music", "MusicTrack":"NoTrack" }
{ "timestamp":"2017-12-06T22:30:25Z", "event":"Music", "MusicTrack":"MainMenu" }
{ "timestamp":"2017-12-06T22:46:29Z", "event":"Cargo", "Inventory":[ { "Name":"telemetrysuite", "Count":4 } ] }
{ "timestamp":"2017-12-06T22:46:29Z", "event":"Loadout", "Ship":"SideWinder", "ShipID":0, "ShipName":"SLEEPY-ONE", "ShipIdent":"SLEEPY", "Modules":[ { "Slot":"SmallHardpoint1", "Item":"Hpt_MiningLaser_Fixed_Small", "On":true, "Priority":0, "Health":1.000000, "Value":6800 }, { "Slot":"SmallHardpoint2", "Item":"Hpt_PulseLaser_Gimbal_Small", "On":true, "Priority":2, "Health":1.000000, "Value":0 }, { "Slot":"Armour", "Item":"SideWinder_Armour_Grade1", "On":true, "Priority":1, "Health":1.000000, "Value":0 }, { "Slot":"PaintJob", "Item":"PaintJob_sidewinder_vibrant_orange", "On":true, "Priority":1, "Health":1.000000, "Value":0 }, { "Slot":"PowerPlant", "Item":"Int_PowerPlant_Size2_Class1", "On":true, "Priority":1, "Health":1.000000, "Value":0 }, { "Slot":"MainEngines", "Item":"Int_Engine_Size2_Class1", "On":true, "Priority":3, "Health":1.000000, "Value":0 }, { "Slot":"FrameShiftDrive", "Item":"Int_Hyperdrive_Size2_Class1", "On":true, "Priority":2, "Health":1.000000, "Value":0 }, { "Slot":"LifeSupport", "Item":"Int_LifeSupport_Size1_Class1", "On":true, "Priority":2, "Health":1.000000, "Value":0 }, { "Slot":"PowerDistributor", "Item":"Int_PowerDistributor_Size1_Class1", "On":true, "Priority":2, "Health":1.000000, "Value":0 }, { "Slot":"Radar", "Item":"Int_Sensors_Size1_Class1", "On":true, "Priority":2, "Health":1.000000, "Value":0 }, { "Slot":"FuelTank", "Item":"Int_FuelTank_Size1_Class3", "On":true, "Priority":1, "Health":1.000000, "Value":0 }, { "Slot":"Slot01_Size2", "Item":"Int_ShieldGenerator_Size2_Class1", "On":true, "Priority":2, "Health":1.000000, "Value":0 }, { "Slot":"Slot02_Size2", "Item":"Int_CargoRack_Size2_Class1", "On":true, "Priority":1, "Health":1.000000, "Value":0 }, { "Slot":"Slot03_Size1", "Item":"Int_StellarBodyDiscoveryScanner_Standard", "On":true, "Priority":1, "Health":1.000000, "Value":0 }, { "Slot":"Slot04_Size1", "Item":"Int_Refinery_Size1_Class2", "On":true, "Priority":0, "Health":1.000000, "Value":18000 }, { "Slot":"PlanetaryApproachSuite", "Item":"Int_PlanetApproachSuite", "On":true, "Priority":1, "Health":1.000000, "Value":0 }, { "Slot":"ShipCockpit", "Item":"Sidewinder_Cockpit", "On":true, "Priority":1, "Health":1.000000, "Value":0 }, { "Slot":"CargoHatch", "Item":"ModularCargoBayDoor", "On":true, "Priority":2, "Health":1.000000, "Value":0 } ] }
{ "timestamp":"2017-12-06T22:46:29Z", "event":"Materials", "Raw":[  ], "Manufactured":[  ], "Encoded":[ { "Name":"decodedemissiondata", "Count":3 }, { "Name":"emissiondata", "Count":3 }, { "Name":"shieldsoakanalysis", "Count":3 }, { "Name":"shielddensityreports", "Count":3 }, { "Name":"scanarchives", "Count":6 } ] }
{ "timestamp":"2017-12-06T22:46:29Z", "event":"LoadGame", "Commander":"Sleep Runner", "Ship":"SideWinder", "ShipID":0, "ShipName":"SLEEPY-ONE", "ShipIdent":"SLEEPY", "FuelLevel":1.400000, "FuelCapacity":2.000000, "GameMode":"Solo", "Credits":3323, "Loan":0 }
{ "timestamp":"2017-12-06T22:46:29Z", "event":"Rank", "Combat":0, "Trade":1, "Explore":0, "Empire":0, "Federation":0, "CQC":0 }
{ "timestamp":"2017-12-06T22:46:29Z", "event":"Progress", "Combat":0, "Trade":7, "Explore":0, "Empire":0, "Federation":5, "CQC":0 }
{ "timestamp":"2017-12-06T22:46:30Z", "event":"ApproachSettlement", "Name":"Linenger's Inheritance ++" }
{ "timestamp":"2017-12-06T22:46:40Z", "event":"Location", "Docked":false, "StarSystem":"Eravate", "StarPos":[-42.438,-3.156,59.656], "SystemAllegiance":"Federation", "SystemEconomy":"$economy_Agri;", "SystemEconomy_Localised":"Сельское хозяйство", "SystemGovernment":"$government_Corporate;", "SystemGovernment_Localised":"Корпоративная", "SystemSecurity":"$SYSTEM_SECURITY_high;", "SystemSecurity_Localised":"Высок. ур. безопасности", "Population":740380179, "Body":"Eravate 2", "BodyType":"Planet", "Factions":[ { "Name":"Eravate School of Commerce", "FactionState":"None", "Government":"Cooperative", "Influence":0.117000, "Allegiance":"Independent", "PendingStates":[ { "State":"CivilWar", "Trend":0 } ] }, { "Name":"Pilots Federation Local Branch", "FactionState":"None", "Government":"Democracy", "Influence":0.000000, "Allegiance":"PilotsFederation" }, { "Name":"Independent Eravate Free", "FactionState":"Outbreak", "Government":"Democracy", "Influence":0.114000, "Allegiance":"Independent", "PendingStates":[ { "State":"Boom", "Trend":0 } ] }, { "Name":"Eravate Network", "FactionState":"Boom", "Government":"Corporate", "Influence":0.166000, "Allegiance":"Federation", "PendingStates":[ { "State":"Outbreak", "Trend":1 } ] }, { "Name":"Traditional Eravate Autocracy", "FactionState":"Boom", "Government":"Dictatorship", "Influence":0.101000, "Allegiance":"Independent", "PendingStates":[ { "State":"Outbreak", "Trend":1 } ] }, { "Name":"Eravate Life Services", "FactionState":"Boom", "Government":"Corporate", "Influence":0.115000, "Allegiance":"Independent", "PendingStates":[ { "State":"Outbreak", "Trend":1 } ] }, { "Name":"Official Eravate Flag", "FactionState":"Boom", "Government":"Dictatorship", "Influence":0.093000, "Allegiance":"Independent", "PendingStates":[ { "State":"Outbreak", "Trend":1 } ] }, { "Name":"Adle's Armada", "FactionState":"Boom", "Government":"Corporate", "Influence":0.294000, "Allegiance":"Federation" } ], "SystemFaction":"Adle's Armada", "FactionState":"Boom" }
{ "timestamp":"2017-12-06T22:46:41Z", "event":"Music", "MusicTrack":"NoTrack" }
{ "timestamp":"2017-12-06T22:46:41Z", "event":"Music", "MusicTrack":"Exploration" }
{ "timestamp":"2017-12-06T22:50:09Z", "event":"StartJump", "JumpType":"Supercruise" }
{ "timestamp":"2017-12-06T22:50:10Z", "event":"ApproachSettlement", "Name":"Tiptree Gateway" }
{ "timestamp":"2017-12-06T22:50:10Z", "event":"ApproachSettlement", "Name":"Toll Holdings" }
{ "timestamp":"2017-12-06T22:50:10Z", "event":"ApproachSettlement", "Name":"Linenger's Inheritance ++" }
{ "timestamp":"2017-12-06T22:50:10Z", "event":"ApproachSettlement", "Name":"Scott Prospect ++" }
{ "timestamp":"2017-12-06T22:50:10Z", "event":"ApproachSettlement", "Name":"Bradshaw Vision ++" }
{ "timestamp":"2017-12-06T22:50:14Z", "event":"SupercruiseEntry", "StarSystem":"Eravate" }
{ "timestamp":"2017-12-06T22:50:15Z", "event":"Music", "MusicTrack":"Supercruise" }
{ "timestamp":"2017-12-06T22:51:54Z", "event":"ReceiveText", "From":"$ShipName_PassengerLiner_Cruise;", "From_Localised":"Круизное судно", "Message":"$CruiseLiner_SCPatrol01;", "Message_Localised":"И не забывайте, этот лайнер – в числе 1% лучших лайнеров.", "Channel":"npc" }
{ "timestamp":"2017-12-06T22:52:39Z", "event":"ReceiveText", "From":"$ShipName_PassengerLiner_Cruise;", "From_Localised":"Круизное судно", "Message":"$CruiseLiner_SCPatrol04;", "Message_Localised":"Прошу внимания: сейчас стюарды ознакомят вас с краткой техникой безопасности.", "Channel":"npc" }
{ "timestamp":"2017-12-06T22:53:22Z", "event":"ReceiveText", "From":"$ShipName_PassengerLiner_Cruise;", "From_Localised":"Круизное судно", "Message":"$CruiseLiner_SCPatrol01;", "Message_Localised":"И не забывайте, этот лайнер – в числе 1% лучших лайнеров.", "Channel":"npc" }
{ "timestamp":"2017-12-06T22:53:41Z", "event":"SupercruiseExit", "StarSystem":"Eravate", "Body":"Russell Ring", "BodyType":"Station" }
{ "timestamp":"2017-12-06T22:53:41Z", "event":"Music", "MusicTrack":"DestinationFromSupercruise" }
{ "timestamp":"2017-12-06T22:53:42Z", "event":"ReceiveText", "From":"Russell Ring", "Message":"$STATION_NoFireZone_entered;", "Message_Localised":"Вы вошли в зону запрета огня", "Channel":"npc" }
{ "timestamp":"2017-12-06T22:53:46Z", "event":"Music", "MusicTrack":"NoTrack" }
{ "timestamp":"2017-12-06T22:54:24Z", "event":"ReceiveText", "From":"$npc_name_decorate:#name=Diane Gill;", "From_Localised":"Diane Gill", "Message":"$Commuter_AuthorityScan05;", "Message_Localised":"На каких основаниях вы сканируете мой корабль?", "Channel":"npc" }
{ "timestamp":"2017-12-06T22:55:09Z", "event":"DockingRequested", "StationName":"Russell Ring" }
{ "timestamp":"2017-12-06T22:55:09Z", "event":"ReceiveText", "From":"Russell Ring", "Message":"$DockingChatter_Neutral;", "Message_Localised":"Строго соблюдайте правила поведения в порту, пилот.", "Channel":"npc" }
{ "timestamp":"2017-12-06T22:55:11Z", "event":"ReceiveText", "From":"Russell Ring", "Message":"$STATION_docking_granted;", "Message_Localised":"Стыковка разрешена", "Channel":"npc" }
{ "timestamp":"2017-12-06T22:55:11Z", "event":"DockingGranted", "LandingPad":28, "StationName":"Russell Ring" }
{ "timestamp":"2017-12-06T22:55:51Z", "event":"Music", "MusicTrack":"Starport" }
{ "timestamp":"2017-12-06T22:56:36Z", "event":"Docked", "StationName":"Russell Ring", "StationType":"Orbis", "StarSystem":"Eravate", "StationFaction":"Pilots Federation Local Branch", "StationGovernment":"$government_Democracy;", "StationGovernment_Localised":"Демократия", "StationAllegiance":"PilotsFederation", "StationServices":[ "Dock", "Autodock", "Commodities", "Contacts", "Exploration", "Missions", "Outfitting", "CrewLounge", "Rearm", "Refuel", "Repair", "Shipyard", "Tuning", "MissionsGenerated", "FlightController", "StationOperations", "Powerplay", "SearchAndRescue" ], "StationEconomy":"$economy_Industrial;", "StationEconomy_Localised":"Промышленность", "DistFromStarLS":99.503273 }
{ "timestamp":"2017-12-06T23:00:28Z", "event":"ReceiveText", "From":"$npc_name_decorate:#name=Vortex;", "From_Localised":"Vortex", "Message":"$Commuter_AuthorityScan02;", "Message_Localised":"Чем могу быть полезен?", "Channel":"npc" }
{ "timestamp":"2017-12-06T23:00:35Z", "event":"MarketSell", "Type":"telemetrysuite", "Count":4, "SellPrice":1588, "TotalSale":6352, "AvgPricePaid":0 }
{ "timestamp":"2017-12-06T23:00:35Z", "event":"MiningRefined", "Type":"$uraninite_name;", "Type_Localised":"Уранинит" }
{ "timestamp":"2017-12-06T23:01:27Z", "event":"ReceiveText", "From":"$npc_name_decorate:#name=Jette Pürsing;", "From_Localised":"Jette Pürsing", "Message":"$Commuter_AuthorityScan02;", "Message_Localised":"Чем могу быть полезен?", "Channel":"npc" }
{ "timestamp":"2017-12-06T23:07:13Z", "event":"Music", "MusicTrack":"GalaxyMap" }
{ "timestamp":"2017-12-06T23:07:22Z", "event":"BuyExplorationData", "System":"Potriti", "Cost":3091 }
{ "timestamp":"2017-12-06T23:07:24Z", "event":"Music", "MusicTrack":"SystemMap" }
{ "timestamp":"2017-12-06T23:08:11Z", "event":"Music", "MusicTrack":"GalaxyMap" }
{ "timestamp":"2017-12-06T23:08:11Z", "event":"Music", "MusicTrack":"Starport" }
{ "timestamp":"2017-12-06T23:08:15Z", "event":"Music", "MusicTrack":"GalaxyMap" }
{ "timestamp":"2017-12-06T23:08:18Z", "event":"Music", "MusicTrack":"SystemMap" }
{ "timestamp":"2017-12-06T23:08:28Z", "event":"Music", "MusicTrack":"GalaxyMap" }
{ "timestamp":"2017-12-06T23:08:37Z", "event":"Music", "MusicTrack":"Starport" }
{ "timestamp":"2017-12-06T23:09:11Z", "event":"MarketSell", "Type":"uraninite", "Count":1, "SellPrice":500, "TotalSale":500, "AvgPricePaid":0 }
{ "timestamp":"2017-12-06T23:09:27Z", "event":"RefuelAll", "Cost":39, "Amount":0.748575 }
{ "timestamp":"2017-12-06T23:09:47Z", "event":"Undocked", "StationName":"Russell Ring", "StationType":"Orbis" }
{ "timestamp":"2017-12-06T23:10:10Z", "event":"Music", "MusicTrack":"NoTrack" }
{ "timestamp":"2017-12-06T23:11:27Z", "event":"StartJump", "JumpType":"Hyperspace", "StarSystem":"Potriti", "StarClass":"F" }
{ "timestamp":"2017-12-06T23:11:46Z", "event":"FSDJump", "StarSystem":"Potriti", "StarPos":[-39.625,-6.594,62.594], "SystemAllegiance":"Federation", "SystemEconomy":"$economy_Refinery;", "SystemEconomy_Localised":"Переработка", "SystemGovernment":"$government_Democracy;", "SystemGovernment_Localised":"Демократия", "SystemSecurity":"$SYSTEM_SECURITY_medium;", "SystemSecurity_Localised":"Средн. ур. безопасности", "Population":197263, "JumpDist":5.325, "FuelUsed":0.297778, "FuelLevel":1.702222, "Factions":[ { "Name":"Potriti Expeditionary Institute", "FactionState":"None", "Government":"Cooperative", "Influence":0.182000, "Allegiance":"Independent", "PendingStates":[ { "State":"CivilWar", "Trend":0 } ] }, { "Name":"Social Potriti Future", "FactionState":"None", "Government":"Democracy", "Influence":0.183000, "Allegiance":"Federation", "PendingStates":[ { "State":"Boom", "Trend":1 } ] }, { "Name":"Pilots Federation Local Branch", "FactionState":"None", "Government":"Democracy", "Influence":0.000000, "Allegiance":"PilotsFederation" }, { "Name":"Bureau of Potriti", "FactionState":"Boom", "Government":"Dictatorship", "Influence":0.154000, "Allegiance":"Independent" }, { "Name":"Potriti Public Partners", "FactionState":"CivilWar", "Government":"Corporate", "Influence":0.134000, "Allegiance":"Federation" }, { "Name":"Kremainn Corp.", "FactionState":"Boom", "Government":"Corporate", "Influence":0.248000, "Allegiance":"Federation" }, { "Name":"Potriti Gold Mafia", "FactionState":"CivilWar", "Government":"Anarchy", "Influence":0.038000, "Allegiance":"Independent", "PendingStates":[ { "State":"Boom", "Trend":0 }, { "State":"Bust", "Trend":0 }, { "State":"CivilUnrest", "Trend":1 } ] }, { "Name":"Potriti Flag", "FactionState":"CivilWar", "Government":"Dictatorship", "Influence":0.026000, "Allegiance":"Independent", "PendingStates":[ { "State":"Boom", "Trend":0 } ] }, { "Name":"The Order of Justice", "FactionState":"CivilWar", "Government":"Corporate", "Influence":0.035000, "Allegiance":"Independent" } ], "SystemFaction":"Social Potriti Future" }
{ "timestamp":"2017-12-06T23:11:46Z", "event":"Music", "MusicTrack":"DestinationFromHyperspace" }
{ "timestamp":"2017-12-06T23:11:51Z", "event":"Music", "MusicTrack":"Supercruise" }
{ "timestamp":"2017-12-06T23:16:25Z", "event":"SupercruiseExit", "StarSystem":"Potriti", "Body":"Potriti 7 A Ring", "BodyType":"PlanetaryRing" }
{ "timestamp":"2017-12-06T23:16:25Z", "event":"Music", "MusicTrack":"Exploration" }
{ "timestamp":"2017-12-06T23:19:14Z", "event":"Scanned", "ScanType":"Cargo" }
{ "timestamp":"2017-12-06T23:19:14Z", "event":"ReceiveText", "From":"$ShipName_Police_Federation;", "From_Localised":"Федеральная служба безопасности", "Message":"$Police_ThankYouPassedStopAndSearch05;", "Message_Localised":"Сканирование завершено. Занимайтесь своими делами.", "Channel":"npc" }
{ "timestamp":"2017-12-06T23:19:52Z", "event":"ShieldState", "ShieldsUp":false }
{ "timestamp":"2017-12-06T23:20:06Z", "event":"ReceiveText", "From":"$ShipName_Police_Federation;", "From_Localised":"Федеральная служба безопасности", "Message":"$Police_ArriveReinforcement01;", "Message_Localised":"Подкрепления на подходе", "Channel":"npc" }
{ "timestamp":"2017-12-06T23:35:55Z", "event":"MaterialDiscovered", "Category":"Raw", "Name":"phosphorus", "DiscoveryNumber":1 }
{ "timestamp":"2017-12-06T23:35:55Z", "event":"MaterialCollected", "Category":"Raw", "Name":"phosphorus", "Count":3 }
{ "timestamp":"2017-12-06T23:36:21Z", "event":"MiningRefined", "Type":"$hydrogenperoxide_name;", "Type_Localised":"Пероксид водорода" }
{ "timestamp":"2017-12-06T23:50:15Z", "event":"MiningRefined", "Type":"$bromellite_name;", "Type_Localised":"Бромеллит" }
{ "timestamp":"2017-12-06T23:54:05Z", "event":"StartJump", "JumpType":"Supercruise" }
{ "timestamp":"2017-12-06T23:54:10Z", "event":"SupercruiseEntry", "StarSystem":"Potriti" }
{ "timestamp":"2017-12-06T23:54:11Z", "event":"Music", "MusicTrack":"Supercruise" }
{ "timestamp":"2017-12-06T23:54:16Z", "event":"SupercruiseExit", "StarSystem":"Potriti", "Body":"Potriti 7 A Ring", "BodyType":"PlanetaryRing" }
{ "timestamp":"2017-12-06T23:54:16Z", "event":"Music", "MusicTrack":"Exploration" }
{ "timestamp":"2017-12-06T23:54:36Z", "event":"StartJump", "JumpType":"Supercruise" }
{ "timestamp":"2017-12-06T23:54:41Z", "event":"SupercruiseEntry", "StarSystem":"Potriti" }
{ "timestamp":"2017-12-06T23:54:41Z", "event":"Music", "MusicTrack":"Supercruise" }
{ "timestamp":"2017-12-06T23:54:56Z", "event":"SupercruiseExit", "StarSystem":"Potriti", "Body":"Potriti 7 A Ring", "BodyType":"PlanetaryRing" }
{ "timestamp":"2017-12-06T23:54:56Z", "event":"Music", "MusicTrack":"Exploration" }
{ "timestamp":"2017-12-06T23:57:34Z", "event":"ReceiveText", "From":"$npc_name_decorate:#name=daniel link;", "From_Localised":"daniel link", "Message":"$BadKarmaCriticalDamage05;", "Message_Localised":"Нет, нет!", "Channel":"npc" }
{ "timestamp":"2017-12-07T00:00:30Z", "event":"ReceiveText", "From":"$ShipName_Police_Federation;", "From_Localised":"Федеральная служба безопасности", "Message":"$Police_ArriveInvestigate01;", "Message_Localised":"Изучение криминальных отчетов", "Channel":"npc" }
{ "timestamp":"2017-12-07T00:00:31Z", "event":"ReceiveText", "From":"$npc_name_decorate:#name=Paul skevington;", "From_Localised":"Paul skevington", "Message":"$BadKarmaCriticalDamage04;", "Message_Localised":"Я не верю!", "Channel":"npc" }
{ "timestamp":"2017-12-07T00:00:55Z", "event":"ReceiveText", "From":"$ShipName_Police_Federation;", "From_Localised":"Федеральная служба безопасности", "Message":"$Police_ArrivedAtInvestigationLocation06;", "Message_Localised":"Антикриминальное подразделение на месте. Приступаем к сканированию и прочесыванию района.", "Channel":"npc" }
{ "timestamp":"2017-12-07T00:04:50Z", "event":"ReceiveText", "From":"$npc_name_decorate:#name=Papier McArdell;", "From_Localised":"Papier McArdell", "Message":"$BadKarmaCriticalDamage05;", "Message_Localised":"Нет, нет!", "Channel":"npc" }
{ "timestamp":"2017-12-07T00:05:29Z", "event":"ReceiveText", "From":"$ShipName_Police_Federation;", "From_Localised":"Федеральная служба безопасности", "Message":"$Police_ArrivedAtInvestigationLocation06;", "Message_Localised":"Антикриминальное подразделение на месте. Приступаем к сканированию и прочесыванию района.", "Channel":"npc" }
{ "timestamp":"2017-12-07T00:06:50Z", "event":"ReceiveText", "From":"$ShipName_Police_Federation;", "From_Localised":"Федеральная служба безопасности", "Message":"$Police_FinishedAtInvestigationLocation05;", "Message_Localised":"Сканирование завершено. Все суда свободны.", "Channel":"npc" }
{ "timestamp":"2017-12-07T00:06:52Z", "event":"ReceiveText", "From":"$ShipName_Police_Federation;", "From_Localised":"Федеральная служба безопасности", "Message":"$Police_FinishedAtInvestigationLocation06;", "Message_Localised":"Следственная группа завершила ускоренное сканирование. Можете возвращаться к своим делам.", "Channel":"npc" }
{ "timestamp":"2017-12-07T00:10:32Z", "event":"ReceiveText", "From":"$npc_name_decorate:#name=Beta Indigo;", "From_Localised":"Beta Indigo", "Message":"$BadKarmaCriticalDamage09;", "Message_Localised":"Я умею проигрывать.", "Channel":"npc" }
{ "timestamp":"2017-12-07T00:12:15Z", "event":"MiningRefined", "Type":"$lithiumhydroxide_name;", "Type_Localised":"Гидроксид лития" }
{ "timestamp":"2017-12-07T00:13:05Z", "event":"ReceiveText", "From":"$ShipName_Police_Federation;", "From_Localised":"Федеральная служба безопасности", "Message":"$Police_ArrivedAtInvestigationLocation01;", "Message_Localised":"Законное сканирование обязаны проходить все. Не пытайтесь сбежать!", "Channel":"npc" }
{ "timestamp":"2017-12-07T00:13:34Z", "event":"ShieldState", "ShieldsUp":true }
{ "timestamp":"2017-12-07T00:13:55Z", "event":"ReceiveText", "From":"$npc_name_decorate:#name=Bruce Warren;", "From_Localised":"Bruce Warren", "Message":"$BadKarmaCriticalDamage01;", "Message_Localised":"Как это происходит?!", "Channel":"npc" }
{ "timestamp":"2017-12-07T00:14:05Z", "event":"ReceiveText", "From":"$npc_name_decorate:#name=Chris Long;", "From_Localised":"Chris Long", "Message":"$BadKarmaCriticalDamage02;", "Message_Localised":"Невозможно!", "Channel":"npc" }
{ "timestamp":"2017-12-07T00:14:09Z", "event":"ReceiveText", "From":"$ShipName_Police_Federation;", "From_Localised":"Федеральная служба безопасности", "Message":"$Police_ArrivedAtInvestigationLocation06;", "Message_Localised":"Антикриминальное подразделение на месте. Приступаем к сканированию и прочесыванию района.", "Channel":"npc" }
{ "timestamp":"2017-12-07T00:15:00Z", "event":"ReceiveText", "From":"$ShipName_Police_Federation;", "From_Localised":"Федеральная служба безопасности", "Message":"$Police_FinishedAtInvestigationLocation05;", "Message_Localised":"Сканирование завершено. Все суда свободны.", "Channel":"npc" }
{ "timestamp":"2017-12-07T00:15:16Z", "event":"ReceiveText", "From":"$ShipName_Police_Federation;", "From_Localised":"Федеральная служба безопасности", "Message":"$Police_FinishedAtInvestigationLocation04;", "Message_Localised":"Антикриминальная проверка проведена. Все корабли могут продолжить путь.", "Channel":"npc" }
{ "timestamp":"2017-12-07T00:17:45Z", "event":"StartJump", "JumpType":"Supercruise" }
{ "timestamp":"2017-12-07T00:17:50Z", "event":"SupercruiseEntry", "StarSystem":"Potriti" }
{ "timestamp":"2017-12-07T00:17:50Z", "event":"Music", "MusicTrack":"Supercruise" }
{ "timestamp":"2017-12-07T00:18:06Z", "event":"Music", "MusicTrack":"GalaxyMap" }
{ "timestamp":"2017-12-07T00:19:47Z", "event":"Music", "MusicTrack":"Supercruise" }
{ "timestamp":"2017-12-07T00:20:18Z", "event":"StartJump", "JumpType":"Hyperspace", "StarSystem":"Eravate", "StarClass":"K" }
{ "timestamp":"2017-12-07T00:20:24Z", "event":"Music", "MusicTrack":"NoTrack" }
{ "timestamp":"2017-12-07T00:20:37Z", "event":"FSDJump", "StarSystem":"Eravate", "StarPos":[-42.438,-3.156,59.656], "SystemAllegiance":"Federation", "SystemEconomy":"$economy_Agri;", "SystemEconomy_Localised":"Сельское хозяйство", "SystemGovernment":"$government_Corporate;", "SystemGovernment_Localised":"Корпоративная", "SystemSecurity":"$SYSTEM_SECURITY_high;", "SystemSecurity_Localised":"Высок. ур. безопасности", "Population":740380179, "JumpDist":5.325, "FuelUsed":0.329064, "FuelLevel":1.073158, "Factions":[ { "Name":"Eravate School of Commerce", "FactionState":"None", "Government":"Cooperative", "Influence":0.117000, "Allegiance":"Independent", "PendingStates":[ { "State":"CivilWar", "Trend":0 } ] }, { "Name":"Pilots Federation Local Branch", "FactionState":"None", "Government":"Democracy", "Influence":0.000000, "Allegiance":"PilotsFederation" }, { "Name":"Independent Eravate Free", "FactionState":"Outbreak", "Government":"Democracy", "Influence":0.114000, "Allegiance":"Independent", "PendingStates":[ { "State":"Boom", "Trend":0 } ] }, { "Name":"Eravate Network", "FactionState":"Boom", "Government":"Corporate", "Influence":0.166000, "Allegiance":"Federation", "PendingStates":[ { "State":"Outbreak", "Trend":1 } ] }, { "Name":"Traditional Eravate Autocracy", "FactionState":"Boom", "Government":"Dictatorship", "Influence":0.101000, "Allegiance":"Independent", "PendingStates":[ { "State":"Outbreak", "Trend":1 } ] }, { "Name":"Eravate Life Services", "FactionState":"Boom", "Government":"Corporate", "Influence":0.115000, "Allegiance":"Independent", "PendingStates":[ { "State":"Outbreak", "Trend":1 } ] }, { "Name":"Official Eravate Flag", "FactionState":"Boom", "Government":"Dictatorship", "Influence":0.093000, "Allegiance":"Independent", "PendingStates":[ { "State":"Outbreak", "Trend":1 } ] }, { "Name":"Adle's Armada", "FactionState":"Boom", "Government":"Corporate", "Influence":0.294000, "Allegiance":"Federation" } ], "SystemFaction":"Adle's Armada", "FactionState":"Boom" }
{ "timestamp":"2017-12-07T00:20:38Z", "event":"Music", "MusicTrack":"Supercruise" }
{ "timestamp":"2017-12-07T00:21:36Z", "event":"StartJump", "JumpType":"Hyperspace", "StarSystem":"Alrai Sector KH-V b2-3", "StarClass":"M" }
{ "timestamp":"2017-12-07T00:21:42Z", "event":"Music", "MusicTrack":"NoTrack" }
{ "timestamp":"2017-12-07T00:21:55Z", "event":"FSDJump", "StarSystem":"Alrai Sector KH-V b2-3", "StarPos":[-38.875,-1.750,56.969], "SystemAllegiance":"", "SystemEconomy":"$economy_None;", "SystemEconomy_Localised":"Нет", "SystemGovernment":"$government_None;", "SystemGovernment_Localised":"Нет", "SystemSecurity":"$GAlAXY_MAP_INFO_state_anarchy;", "SystemSecurity_Localised":"Анархия", "Population":0, "JumpDist":4.679, "FuelUsed":0.250671, "FuelLevel":0.822487 }
{ "timestamp":"2017-12-07T00:21:55Z", "event":"Music", "MusicTrack":"DestinationFromHyperspace" }
{ "timestamp":"2017-12-07T00:22:00Z", "event":"Music", "MusicTrack":"Supercruise" }
{ "timestamp":"2017-12-07T00:25:37Z", "event":"Music", "MusicTrack":"SystemMap" }
{ "timestamp":"2017-12-07T00:25:45Z", "event":"Music", "MusicTrack":"Supercruise" }
{ "timestamp":"2017-12-07T00:25:49Z", "event":"Music", "MusicTrack":"GalaxyMap" }
{ "timestamp":"2017-12-07T00:26:09Z", "event":"Music", "MusicTrack":"SystemMap" }
{ "timestamp":"2017-12-07T00:26:17Z", "event":"Music", "MusicTrack":"Supercruise" }
{ "timestamp":"2017-12-07T00:26:24Z", "event":"Music", "MusicTrack":"GalaxyMap" }
{ "timestamp":"2017-12-07T00:26:33Z", "event":"Music", "MusicTrack":"SystemMap" }
{ "timestamp":"2017-12-07T00:26:47Z", "event":"Music", "MusicTrack":"GalaxyMap" }
{ "timestamp":"2017-12-07T00:28:07Z", "event":"Music", "MusicTrack":"SystemMap" }
{ "timestamp":"2017-12-07T00:28:13Z", "event":"Music", "MusicTrack":"GalaxyMap" }
{ "timestamp":"2017-12-07T00:28:30Z", "event":"Music", "MusicTrack":"SystemMap" }
{ "timestamp":"2017-12-07T00:28:37Z", "event":"Music", "MusicTrack":"GalaxyMap" }
{ "timestamp":"2017-12-07T00:28:44Z", "event":"Music", "MusicTrack":"SystemMap" }
{ "timestamp":"2017-12-07T00:29:27Z", "event":"Music", "MusicTrack":"GalaxyMap" }
{ "timestamp":"2017-12-07T00:29:28Z", "event":"Music", "MusicTrack":"Supercruise" }
{ "timestamp":"2017-12-07T00:29:56Z", "event":"Music", "MusicTrack":"GalaxyMap" }
{ "timestamp":"2017-12-07T00:30:01Z", "event":"Music", "MusicTrack":"SystemMap" }
{ "timestamp":"2017-12-07T00:30:10Z", "event":"Music", "MusicTrack":"Supercruise" }
{ "timestamp":"2017-12-07T00:30:34Z", "event":"StartJump", "JumpType":"Hyperspace", "StarSystem":"Eravate", "StarClass":"K" }
{ "timestamp":"2017-12-07T00:30:39Z", "event":"Music", "MusicTrack":"NoTrack" }
{ "timestamp":"2017-12-07T00:30:52Z", "event":"FSDJump", "StarSystem":"Eravate", "StarPos":[-42.438,-3.156,59.656], "SystemAllegiance":"Federation", "SystemEconomy":"$economy_Agri;", "SystemEconomy_Localised":"Сельское хозяйство", "SystemGovernment":"$government_Corporate;", "SystemGovernment_Localised":"Корпоративная", "SystemSecurity":"$SYSTEM_SECURITY_high;", "SystemSecurity_Localised":"Высок. ур. безопасности", "Population":740380179, "JumpDist":4.679, "FuelUsed":0.245065, "FuelLevel":0.277422, "Factions":[ { "Name":"Eravate School of Commerce", "FactionState":"None", "Government":"Cooperative", "Influence":0.117000, "Allegiance":"Independent", "PendingStates":[ { "State":"CivilWar", "Trend":0 } ] }, { "Name":"Pilots Federation Local Branch", "FactionState":"None", "Government":"Democracy", "Influence":0.000000, "Allegiance":"PilotsFederation" }, { "Name":"Independent Eravate Free", "FactionState":"Outbreak", "Government":"Democracy", "Influence":0.114000, "Allegiance":"Independent", "PendingStates":[ { "State":"Boom", "Trend":0 } ] }, { "Name":"Eravate Network", "FactionState":"Boom", "Government":"Corporate", "Influence":0.166000, "Allegiance":"Federation", "PendingStates":[ { "State":"Outbreak", "Trend":1 } ] }, { "Name":"Traditional Eravate Autocracy", "FactionState":"Boom", "Government":"Dictatorship", "Influence":0.101000, "Allegiance":"Independent", "PendingStates":[ { "State":"Outbreak", "Trend":1 } ] }, { "Name":"Eravate Life Services", "FactionState":"Boom", "Government":"Corporate", "Influence":0.115000, "Allegiance":"Independent", "PendingStates":[ { "State":"Outbreak", "Trend":1 } ] }, { "Name":"Official Eravate Flag", "FactionState":"Boom", "Government":"Dictatorship", "Influence":0.093000, "Allegiance":"Independent", "PendingStates":[ { "State":"Outbreak", "Trend":1 } ] }, { "Name":"Adle's Armada", "FactionState":"Boom", "Government":"Corporate", "Influence":0.294000, "Allegiance":"Federation" } ], "SystemFaction":"Adle's Armada", "FactionState":"Boom" }
{ "timestamp":"2017-12-07T00:30:53Z", "event":"Music", "MusicTrack":"Supercruise" }
{ "timestamp":"2017-12-07T00:33:16Z", "event":"SupercruiseExit", "StarSystem":"Eravate", "Body":"Ackerman Market", "BodyType":"Station" }
{ "timestamp":"2017-12-07T00:33:16Z", "event":"Music", "MusicTrack":"DestinationFromSupercruise" }
{ "timestamp":"2017-12-07T00:33:17Z", "event":"ReceiveText", "From":"Ackerman Market", "Message":"$STATION_NoFireZone_entered;", "Message_Localised":"Вы вошли в зону запрета огня", "Channel":"npc" }
{ "timestamp":"2017-12-07T00:33:21Z", "event":"Music", "MusicTrack":"NoTrack" }
{ "timestamp":"2017-12-07T00:33:41Z", "event":"DockingRequested", "StationName":"Ackerman Market" }
{ "timestamp":"2017-12-07T00:33:41Z", "event":"ReceiveText", "From":"Ackerman Market", "Message":"$DockingChatter_Neutral;", "Message_Localised":"Строго соблюдайте правила поведения в порту, пилот.", "Channel":"npc" }
{ "timestamp":"2017-12-07T00:33:42Z", "event":"ReceiveText", "From":"Ackerman Market", "Message":"$STATION_docking_granted;", "Message_Localised":"Стыковка разрешена", "Channel":"npc" }
{ "timestamp":"2017-12-07T00:33:42Z", "event":"DockingGranted", "LandingPad":28, "StationName":"Ackerman Market" }
{ "timestamp":"2017-12-07T00:34:29Z", "event":"Music", "MusicTrack":"Starport" }
{ "timestamp":"2017-12-07T00:35:12Z", "event":"Docked", "StationName":"Ackerman Market", "StationType":"Orbis", "StarSystem":"Eravate", "StationFaction":"Adle's Armada", "FactionState":"Boom", "StationGovernment":"$government_Corporate;", "StationGovernment_Localised":"Корпоративная", "StationAllegiance":"Federation", "StationServices":[ "Dock", "Autodock", "BlackMarket", "Commodities", "Contacts", "Exploration", "Missions", "Outfitting", "CrewLounge", "Rearm", "Refuel", "Repair", "Shipyard", "Tuning", "MissionsGenerated", "FlightController", "StationOperations", "Powerplay", "SearchAndRescue" ], "StationEconomy":"$economy_Agri;", "StationEconomy_Localised":"Сельское хозяйство", "DistFromStarLS":273.262421 }
{ "timestamp":"2017-12-07T00:36:05Z", "event":"RefuelAll", "Cost":96, "Amount":1.883674 }
{ "timestamp":"2017-12-07T00:36:58Z", "event":"MarketSell", "Type":"lithiumhydroxide", "Count":1, "SellPrice":3302, "TotalSale":3302, "AvgPricePaid":0 }
{ "timestamp":"2017-12-07T00:37:07Z", "event":"MarketSell", "Type":"bromellite", "Count":1, "SellPrice":5516, "TotalSale":5516, "AvgPricePaid":0 }
{ "timestamp":"2017-12-07T00:38:04Z", "event":"MarketSell", "Type":"hydrogenperoxide", "Count":1, "SellPrice":299, "TotalSale":299, "AvgPricePaid":0 }
{ "timestamp":"2017-12-07T00:41:46Z", "event":"ModuleBuy", "Slot":"PowerDistributor", "SellItem":"$int_powerdistributor_size1_class1_name;", "SellItem_Localised":"Распределитель питания", "SellPrice":0, "BuyItem":"$int_powerdistributor_size1_class2_name;", "BuyItem_Localised":"Распределитель питания", "BuyPrice":1293, "Ship":"sidewinder", "ShipID":0 }
{ "timestamp":"2017-12-07T00:48:51Z", "event":"ModuleSell", "Slot":"SmallHardpoint2", "SellItem":"$hpt_pulselaser_gimbal_small_name;", "SellItem_Localised":"Импульсный лазер", "SellPrice":0, "Ship":"sidewinder", "ShipID":0 }
{ "timestamp":"2017-12-07T00:49:45Z", "event":"ModuleBuy", "Slot":"SmallHardpoint2", "BuyItem":"$hpt_multicannon_gimbal_small_name;", "BuyItem_Localised":"Многоствольное орудие", "BuyPrice":12825, "Ship":"sidewinder", "ShipID":0 }
{ "timestamp":"2017-12-07T00:50:31Z", "event":"ModuleSellRemote", "StorageSlot":60, "SellItem":"$hpt_pulselaser_gimbal_small_name;", "SellItem_Localised":"Импульсный лазер", "ServerId":128049385, "SellPrice":0, "Ship":"sidewinder", "ShipID":0 }
{ "timestamp":"2017-12-07T00:51:58Z", "event":"ReceiveText", "From":"$npc_name_decorate:#name=Silverthorn;", "From_Localised":"Silverthorn", "Message":"$Commuter_HostileScan02;", "Message_Localised":"Никто, кроме сотрудников системной безопасности, не имеет права сканировать наш корабль.", "Channel":"npc" }
{ "timestamp":"2017-12-07T00:52:30Z", "event":"Undocked", "StationName":"Ackerman Market", "StationType":"Orbis" }
{ "timestamp":"2017-12-07T00:52:39Z", "event":"Music", "MusicTrack":"GalaxyMap" }
{ "timestamp":"2017-12-07T00:52:45Z", "event":"Music", "MusicTrack":"Starport" }
{ "timestamp":"2017-12-07T00:53:06Z", "event":"HeatWarning" }
{ "timestamp":"2017-12-07T00:53:27Z", "event":"Music", "MusicTrack":"NoTrack" }
{ "timestamp":"2017-12-07T00:53:37Z", "event":"HeatDamage" }
{ "timestamp":"2017-12-07T00:53:57Z", "event":"HullDamage", "Health":0.651455, "PlayerPilot":true, "Fighter":false }
{ "timestamp":"2017-12-07T00:53:57Z", "event":"HullDamage", "Health":0.447314, "PlayerPilot":true, "Fighter":false }
{ "timestamp":"2017-12-07T00:54:03Z", "event":"HullDamage", "Health":0.381445, "PlayerPilot":true, "Fighter":false }
{ "timestamp":"2017-12-07T00:54:11Z", "event":"Scanned", "ScanType":"Cargo" }
{ "timestamp":"2017-12-07T00:54:11Z", "event":"ReceiveText", "From":"$ShipName_Police_Federation;", "From_Localised":"Федеральная служба безопасности", "Message":"$Police_ThankYouPassedStopAndSearch06;", "Message_Localised":"Мы закончили, пилот, можете лететь.", "Channel":"npc" }
{ "timestamp":"2017-12-07T00:54:13Z", "event":"DockingRequested", "StationName":"Ackerman Market" }
{ "timestamp":"2017-12-07T00:54:13Z", "event":"ReceiveText", "From":"Ackerman Market", "Message":"$DockingChatter_Neutral;", "Message_Localised":"Строго соблюдайте правила поведения в порту, пилот.", "Channel":"npc" }
{ "timestamp":"2017-12-07T00:54:14Z", "event":"ReceiveText", "From":"Ackerman Market", "Message":"$STATION_docking_granted;", "Message_Localised":"Стыковка разрешена", "Channel":"npc" }
{ "timestamp":"2017-12-07T00:54:14Z", "event":"DockingGranted", "LandingPad":31, "StationName":"Ackerman Market" }
{ "timestamp":"2017-12-07T00:54:17Z", "event":"HullDamage", "Health":0.194522, "PlayerPilot":true, "Fighter":false }
{ "timestamp":"2017-12-07T00:54:31Z", "event":"Died" }
{ "timestamp":"2017-12-07T00:54:35Z", "event":"Music", "MusicTrack":"MainMenu" }
{ "timestamp":"2017-12-07T00:55:35Z", "event":"Resurrect", "Option":"rebuy", "Cost":1946, "Bankrupt":false }
{ "timestamp":"2017-12-07T00:55:39Z", "event":"Location", "Docked":true, "StationName":"Ackerman Market", "StationType":"Orbis", "StarSystem":"Eravate", "StarPos":[-42.438,-3.156,59.656], "SystemAllegiance":"Federation", "SystemEconomy":"$economy_Agri;", "SystemEconomy_Localised":"Сельское хозяйство", "SystemGovernment":"$government_Corporate;", "SystemGovernment_Localised":"Корпоративная", "SystemSecurity":"$SYSTEM_SECURITY_high;", "SystemSecurity_Localised":"Высок. ур. безопасности", "Population":740380179, "Body":"Ackerman Market", "BodyType":"Station", "Factions":[ { "Name":"Eravate School of Commerce", "FactionState":"None", "Government":"Cooperative", "Influence":0.117000, "Allegiance":"Independent", "PendingStates":[ { "State":"CivilWar", "Trend":0 } ] }, { "Name":"Pilots Federation Local Branch", "FactionState":"None", "Government":"Democracy", "Influence":0.000000, "Allegiance":"PilotsFederation" }, { "Name":"Independent Eravate Free", "FactionState":"Outbreak", "Government":"Democracy", "Influence":0.114000, "Allegiance":"Independent", "PendingStates":[ { "State":"Boom", "Trend":0 } ] }, { "Name":"Eravate Network", "FactionState":"Boom", "Government":"Corporate", "Influence":0.166000, "Allegiance":"Federation", "PendingStates":[ { "State":"Outbreak", "Trend":1 } ] }, { "Name":"Traditional Eravate Autocracy", "FactionState":"Boom", "Government":"Dictatorship", "Influence":0.101000, "Allegiance":"Independent", "PendingStates":[ { "State":"Outbreak", "Trend":1 } ] }, { "Name":"Eravate Life Services", "FactionState":"Boom", "Government":"Corporate", "Influence":0.115000, "Allegiance":"Independent", "PendingStates":[ { "State":"Outbreak", "Trend":1 } ] }, { "Name":"Official Eravate Flag", "FactionState":"Boom", "Government":"Dictatorship", "Influence":0.093000, "Allegiance":"Independent", "PendingStates":[ { "State":"Outbreak", "Trend":1 } ] }, { "Name":"Adle's Armada", "FactionState":"Boom", "Government":"Corporate", "Influence":0.294000, "Allegiance":"Federation" } ], "SystemFaction":"Adle's Armada", "FactionState":"Boom" }
{ "timestamp":"2017-12-07T00:55:39Z", "event":"Music", "MusicTrack":"NoTrack" }
{ "timestamp":"2017-12-07T00:55:39Z", "event":"Docked", "StationName":"Ackerman Market", "StationType":"Orbis", "StarSystem":"Eravate", "StationFaction":"Adle's Armada", "FactionState":"Boom", "StationGovernment":"$government_Corporate;", "StationGovernment_Localised":"Корпоративная", "StationAllegiance":"Federation", "StationServices":[ "Dock", "Autodock", "BlackMarket", "Commodities", "Contacts", "Exploration", "Missions", "Outfitting", "CrewLounge", "Rearm", "Refuel", "Repair", "Shipyard", "Tuning", "MissionsGenerated", "FlightController", "StationOperations", "Powerplay", "SearchAndRescue" ], "StationEconomy":"$economy_Agri;", "StationEconomy_Localised":"Сельское хозяйство", "DistFromStarLS":273.258698 }
{ "timestamp":"2017-12-07T00:55:39Z", "event":"Music", "MusicTrack":"Starport" }
{ "timestamp":"2017-12-07T00:57:10Z", "event":"Music", "MusicTrack":"GalaxyMap" }
{ "timestamp":"2017-12-07T00:57:16Z", "event":"Music", "MusicTrack":"SystemMap" }
{ "timestamp":"2017-12-07T00:57:29Z", "event":"Music", "MusicTrack":"Starport" }
{ "timestamp":"2017-12-07T00:57:49Z", "event":"Undocked", "StationName":"Ackerman Market", "StationType":"Orbis" }
{ "timestamp":"2017-12-07T00:58:14Z", "event":"Music", "MusicTrack":"NoTrack" }
{ "timestamp":"2017-12-07T00:59:09Z", "event":"Scanned", "ScanType":"Cargo" }
{ "timestamp":"2017-12-07T00:59:09Z", "event":"ReceiveText", "From":"$ShipName_Police_Federation;", "From_Localised":"Федеральная служба безопасности", "Message":"$Police_ThankYouPassedStopAndSearch10;", "Message_Localised":"Все в полном порядке, командир. Приятного вам дня.", "Channel":"npc" }
{ "timestamp":"2017-12-07T00:59:31Z", "event":"StartJump", "JumpType":"Hyperspace", "StarSystem":"Potriti", "StarClass":"F" }
{ "timestamp":"2017-12-07T00:59:50Z", "event":"FSDJump", "StarSystem":"Potriti", "StarPos":[-39.625,-6.594,62.594], "SystemAllegiance":"Federation", "SystemEconomy":"$economy_Refinery;", "SystemEconomy_Localised":"Переработка", "SystemGovernment":"$government_Democracy;", "SystemGovernment_Localised":"Демократия", "SystemSecurity":"$SYSTEM_SECURITY_medium;", "SystemSecurity_Localised":"Средн. ур. безопасности", "Population":197263, "JumpDist":5.325, "FuelUsed":0.287706, "FuelLevel":1.712294, "Factions":[ { "Name":"Potriti Expeditionary Institute", "FactionState":"None", "Government":"Cooperative", "Influence":0.182000, "Allegiance":"Independent", "PendingStates":[ { "State":"CivilWar", "Trend":0 } ] }, { "Name":"Social Potriti Future", "FactionState":"None", "Government":"Democracy", "Influence":0.183000, "Allegiance":"Federation", "PendingStates":[ { "State":"Boom", "Trend":1 } ] }, { "Name":"Pilots Federation Local Branch", "FactionState":"None", "Government":"Democracy", "Influence":0.000000, "Allegiance":"PilotsFederation" }, { "Name":"Bureau of Potriti", "FactionState":"Boom", "Government":"Dictatorship", "Influence":0.154000, "Allegiance":"Independent" }, { "Name":"Potriti Public Partners", "FactionState":"CivilWar", "Government":"Corporate", "Influence":0.134000, "Allegiance":"Federation" }, { "Name":"Kremainn Corp.", "FactionState":"Boom", "Government":"Corporate", "Influence":0.248000, "Allegiance":"Federation" }, { "Name":"Potriti Gold Mafia", "FactionState":"CivilWar", "Government":"Anarchy", "Influence":0.038000, "Allegiance":"Independent", "PendingStates":[ { "State":"Boom", "Trend":0 }, { "State":"Bust", "Trend":0 }, { "State":"CivilUnrest", "Trend":1 } ] }, { "Name":"Potriti Flag", "FactionState":"CivilWar", "Government":"Dictatorship", "Influence":0.026000, "Allegiance":"Independent", "PendingStates":[ { "State":"Boom", "Trend":0 } ] }, { "Name":"The Order of Justice", "FactionState":"CivilWar", "Government":"Corporate", "Influence":0.035000, "Allegiance":"Independent" } ], "SystemFaction":"Social Potriti Future" }
{ "timestamp":"2017-12-07T00:59:50Z", "event":"Music", "MusicTrack":"Supercruise" }
{ "timestamp":"2017-12-07T01:01:20Z", "event":"Music", "MusicTrack":"GalaxyMap" }
{ "timestamp":"2017-12-07T01:01:32Z", "event":"Music", "MusicTrack":"SystemMap" }
{ "timestamp":"2017-12-07T01:01:42Z", "event":"Music", "MusicTrack":"GalaxyMap" }
{ "timestamp":"2017-12-07T01:01:57Z", "event":"Music", "MusicTrack":"SystemMap" }
{ "timestamp":"2017-12-07T01:02:05Z", "event":"Music", "MusicTrack":"Supercruise" }
{ "timestamp":"2017-12-07T01:05:25Z", "event":"Music", "MusicTrack":"GalaxyMap" }
{ "timestamp":"2017-12-07T01:05:26Z", "event":"Music", "MusicTrack":"Supercruise" }
{ "timestamp":"2017-12-07T01:05:39Z", "event":"Music", "MusicTrack":"GalaxyMap" }
{ "timestamp":"2017-12-07T01:05:41Z", "event":"Music", "MusicTrack":"Supercruise" }
