{ "timestamp":"2017-12-11T19:59:40Z", "event":"Fileheader", "part":1, "language":"Russian\\RU", "gameversion":"2.4", "build":"r160439/r0 " }
{ "timestamp":"2017-12-11T19:59:40Z", "event":"Music", "MusicTrack":"NoTrack" }
{ "timestamp":"2017-12-11T19:59:40Z", "event":"Music", "MusicTrack":"MainMenu" }
{ "timestamp":"2017-12-11T20:00:52Z", "event":"Cargo", "Inventory":[ { "Name":"hnshockmount", "Count":4 } ] }
{ "timestamp":"2017-12-11T20:00:52Z", "event":"Loadout", "Ship":"CobraMkIII", "ShipID":1, "ShipName":"SLEEPY-ONE", "ShipIdent":"#SLEEP", "Modules":[ { "Slot":"MediumHardpoint1", "Item":"Hpt_PulseLaser_Fixed_Small", "On":true, "Priority":0, "Health":1.000000, "Value":2200 }, { "Slot":"MediumHardpoint2", "Item":"Hpt_PulseLaser_Fixed_Small", "On":true, "Priority":0, "Health":1.000000, "Value":2200 }, { "Slot":"SmallHardpoint1", "Item":"Hpt_MultiCannon_Gimbal_Small", "On":true, "Priority":0, "AmmoInClip":90, "AmmoInHopper":2100, "Health":1.000000, "Value":12825 }, { "Slot":"SmallHardpoint2", "Item":"Hpt_MultiCannon_Gimbal_Small", "On":true, "Priority":0, "AmmoInClip":90, "AmmoInHopper":2100, "Health":1.000000, "Value":12825 }, { "Slot":"TinyHardpoint1", "Item":"Hpt_CloudScanner_Size0_Class2", "On":true, "Priority":0, "Health":1.000000, "Value":40633 }, { "Slot":"TinyHardpoint2", "Item":"Hpt_CrimeScanner_Size0_Class2", "On":true, "Priority":0, "Health":1.000000, "Value":40633 }, { "Slot":"PaintJob", "Item":"PaintJob_CobraMkIII_Militaire_Sand", "On":true, "Priority":1, "Health":1.000000, "Value":0 }, { "Slot":"Armour", "Item":"CobraMkIII_Armour_Grade1", "On":true, "Priority":1, "Health":1.000000, "Value":0 }, { "Slot":"PowerPlant", "Item":"Int_PowerPlant_Size4_Class1", "On":true, "Priority":1, "Health":1.000000, "Value":19878 }, { "Slot":"MainEngines", "Item":"Int_Engine_Size4_Class1", "On":true, "Priority":2, "Health":1.000000, "Value":19878 }, { "Slot":"FrameShiftDrive", "Item":"Int_Hyperdrive_Size4_Class1", "On":true, "Priority":2, "Health":1.000000, "Value":19878 }, { "Slot":"LifeSupport", "Item":"Int_LifeSupport_Size3_Class1", "On":true, "Priority":2, "Health":1.000000, "Value":4053 }, { "Slot":"PowerDistributor", "Item":"Int_PowerDistributor_Size3_Class1", "On":true, "Priority":2, "Health":1.000000, "Value":4053 }, { "Slot":"Radar", "Item":"Int_Sensors_Size3_Class1", "On":true, "Priority":2, "Health":1.000000, "Value":4053 }, { "Slot":"FuelTank", "Item":"Int_FuelTank_Size4_Class3", "On":true, "Priority":1, "Health":1.000000, "Value":24734 }, { "Slot":"Slot01_Size4", "Item":"Int_CargoRack_Size3_Class1", "On":true, "Priority":1, "Health":1.000000, "Value":10563 }, { "Slot":"Slot02_Size4", "Item":"Int_CargoRack_Size3_Class1", "On":true, "Priority":1, "Health":1.000000, "Value":10563 }, { "Slot":"Slot03_Size4", "Item":"Int_ShieldGenerator_Size4_Class1", "On":true, "Priority":2, "Health":1.000000, "Value":19878 }, { "Slot":"Slot04_Size2", "Item":"Int_BuggyBay_Size2_Class1", "On":true, "Priority":0, "Health":1.000000, "Value":18000 }, { "Slot":"Slot05_Size2", "Item":"Int_Refinery_Size2_Class3", "On":true, "Priority":0, "Health":1.000000, "Value":113400 }, { "Slot":"Slot06_Size2", "Item":"Int_StellarBodyDiscoveryScanner_Standard", "On":true, "Priority":1, "Health":1.000000, "Value":1000 }, { "Slot":"PlanetaryApproachSuite", "Item":"Int_PlanetApproachSuite", "On":true, "Priority":1, "Health":1.000000, "Value":500 }, { "Slot":"ShipCockpit", "Item":"CobraMkIII_Cockpit", "On":true, "Priority":1, "Health":1.000000, "Value":0 }, { "Slot":"CargoHatch", "Item":"ModularCargoBayDoor", "On":true, "Priority":2, "Health":1.000000, "Value":0 } ] }
{ "timestamp":"2017-12-11T20:00:52Z", "event":"Materials", "Raw":[ { "Name":"phosphorus", "Count":3 } ], "Manufactured":[ { "Name":"gridresistors", "Count":9 }, { "Name":"mechanicalscrap", "Count":9 }, { "Name":"mechanicalequipment", "Count":9 }, { "Name":"heatconductionwiring", "Count":6 }, { "Name":"focuscrystals", "Count":9 }, { "Name":"salvagedalloys", "Count":21 }, { "Name":"chemicalprocessors", "Count":9 }, { "Name":"heatdispersionplate", "Count":3 }, { "Name":"phasealloys", "Count":6 }, { "Name":"shieldingsensors", "Count":3 }, { "Name":"wornshieldemitters", "Count":21 }, { "Name":"galvanisingalloys", "Count":15 }, { "Name":"uncutfocuscrystals", "Count":1 }, { "Name":"hybridcapacitors", "Count":1 }, { "Name":"configurablecomponents", "Count":6 }, { "Name":"highdensitycomposites", "Count":6 }, { "Name":"mechanicalcomponents", "Count":3 }, { "Name":"fedproprietarycomposites", "Count":12 }, { "Name":"fedcorecomposites", "Count":3 }, { "Name":"shieldemitters", "Count":3 }, { "Name":"conductivecomponents", "Count":1 } ], "Encoded":[ { "Name":"decodedemissiondata", "Count":3 }, { "Name":"emissiondata", "Count":6 }, { "Name":"shieldsoakanalysis", "Count":12 }, { "Name":"shielddensityreports", "Count":15 }, { "Name":"scanarchives", "Count":6 }, { "Name":"shieldpatternanalysis", "Count":9 }, { "Name":"shieldcyclerecordings", "Count":30 }, { "Name":"encodedscandata", "Count":9 }, { "Name":"fsdtelemetry", "Count":5 }, { "Name":"scandatabanks", "Count":4 }, { "Name":"legacyfirmware", "Count":4 }, { "Name":"archivedemissiondata", "Count":3 }, { "Name":"disruptedwakeechoes", "Count":3 }, { "Name":"industrialfirmware", "Count":1 }, { "Name":"bulkscandata", "Count":3 } ] }
{ "timestamp":"2017-12-11T20:00:52Z", "event":"LoadGame", "Commander":"Sleep Runner", "Ship":"CobraMkIII", "ShipID":1, "ShipName":"SLEEPY-ONE", "ShipIdent":"#SLEEP", "FuelLevel":16.000000, "FuelCapacity":16.000000, "GameMode":"Open", "Credits":1014319, "Loan":0 }
{ "timestamp":"2017-12-11T20:00:52Z", "event":"Rank", "Combat":0, "Trade":2, "Explore":2, "Empire":0, "Federation":0, "CQC":0 }
{ "timestamp":"2017-12-11T20:00:52Z", "event":"Progress", "Combat":39, "Trade":51, "Explore":15, "Empire":0, "Federation":100, "CQC":0 }
{ "timestamp":"2017-12-11T20:00:56Z", "event":"ApproachSettlement", "Name":"Roberts Hub" }
{ "timestamp":"2017-12-11T20:01:28Z", "event":"Location", "Docked":true, "StationName":"Roberts Hub", "StationType":"SurfaceStation", "StarSystem":"Ross 754", "StarPos":[-68.438,-17.594,47.781], "SystemAllegiance":"Federation", "SystemEconomy":"$economy_Industrial;", "SystemEconomy_Localised":"Промышленность", "SystemGovernment":"$government_Democracy;", "SystemGovernment_Localised":"Демократия", "SystemSecurity":"$SYSTEM_SECURITY_high;", "SystemSecurity_Localised":"Высок. ур. безопасности", "Population":11468232, "Body":"Ross 754 B 1", "BodyType":"Planet", "Factions":[ { "Name":"Ross 754 Labour", "FactionState":"None", "Government":"Democracy", "Influence":0.116000, "Allegiance":"Federation", "PendingStates":[ { "State":"Boom", "Trend":1 } ] }, { "Name":"Pilots Federation Local Branch", "FactionState":"None", "Government":"Democracy", "Influence":0.000000, "Allegiance":"PilotsFederation" }, { "Name":"League of Ross 754 Order", "FactionState":"Boom", "Government":"Dictatorship", "Influence":0.126000, "Allegiance":"Independent" }, { "Name":"LHS 3564 Conservatives", "FactionState":"War", "Government":"Dictatorship", "Influence":0.033000, "Allegiance":"Independent", "PendingStates":[ { "State":"Boom", "Trend":1 }, { "State":"Lockdown", "Trend":-1 } ] }, { "Name":"Ross 754 Universal & Co", "FactionState":"Boom", "Government":"Corporate", "Influence":0.317000, "Allegiance":"Federation" }, { "Name":"Ross 754 Cartel", "FactionState":"War", "Government":"Anarchy", "Influence":0.029000, "Allegiance":"Independent", "PendingStates":[ { "State":"Boom", "Trend":1 } ] }, { "Name":"Order of Ross 754", "FactionState":"Boom", "Government":"Dictatorship", "Influence":0.223000, "Allegiance":"Independent" }, { "Name":"Official HR 7793 Order", "FactionState":"Boom", "Government":"Dictatorship", "Influence":0.156000, "Allegiance":"Independent" } ], "SystemFaction":"Ross 754 Labour" }
{ "timestamp":"2017-12-11T20:01:29Z", "event":"Music", "MusicTrack":"NoTrack" }
{ "timestamp":"2017-12-11T20:01:29Z", "event":"Docked", "StationName":"Roberts Hub", "StationType":"SurfaceStation", "StarSystem":"Ross 754", "StationFaction":"Ross 754 Labour", "StationGovernment":"$government_Democracy;", "StationGovernment_Localised":"Демократия", "StationAllegiance":"Federation", "StationServices":[ "Dock", "Autodock", "Commodities", "Contacts", "Exploration", "Missions", "Outfitting", "CrewLounge", "Rearm", "Refuel", "Repair", "Tuning", "MissionsGenerated", "FlightController", "StationOperations", "Powerplay", "SearchAndRescue" ], "StationEconomy":"$economy_Military;", "StationEconomy_Localised":"Военная", "DistFromStarLS":411684.406250 }
{ "timestamp":"2017-12-11T20:03:04Z", "event":"MissionAccepted", "Faction":"Ross 754 Cartel", "Name":"Mission_Hack_War", "LocalisedName":"Проникните в канал передачи данных (Поселение)", "Target":"$MissionUtil_Settlement_Target_Building;", "Target_Localised":"Поселение", "Expiry":"2017-12-14T18:20:41Z", "Influence":"High", "Reputation":"Med", "Reward":867456, "MissionID":261602925 }
{ "timestamp":"2017-12-11T20:03:26Z", "event":"Undocked", "StationName":"Roberts Hub", "StationType":"SurfaceStation" }
{ "timestamp":"2017-12-11T20:03:30Z", "event":"ReceiveText", "From":"$ShipName_Police_Federation;", "From_Localised":"Федеральная служба безопасности", "Message":"$Police_EndPatrol05;", "Message_Localised":"Штаб, патрулирование завершено, я возвращаюсь.", "Channel":"npc" }
{ "timestamp":"2017-12-11T20:04:01Z", "event":"Music", "MusicTrack":"GalaxyMap" }
{ "timestamp":"2017-12-11T20:04:05Z", "event":"ReceiveText", "From":"Roberts Hub", "Message":"$STATION_NoFireZone_exited;", "Message_Localised":"Вы вышли из зоны запрета огня", "Channel":"npc" }
{ "timestamp":"2017-12-11T20:04:08Z", "event":"Music", "MusicTrack":"SystemMap" }
{ "timestamp":"2017-12-11T20:04:25Z", "event":"Music", "MusicTrack":"NoTrack" }
{ "timestamp":"2017-12-11T20:04:53Z", "event":"StartJump", "JumpType":"Hyperspace", "StarSystem":"Ceramix", "StarClass":"G" }
{ "timestamp":"2017-12-11T20:05:12Z", "event":"FSDJump", "StarSystem":"Ceramix", "StarPos":[-66.531,-12.469,54.375], "SystemAllegiance":"", "SystemEconomy":"$economy_None;", "SystemEconomy_Localised":"Нет", "SystemGovernment":"$government_None;", "SystemGovernment_Localised":"Нет", "SystemSecurity":"$GAlAXY_MAP_INFO_state_anarchy;", "SystemSecurity_Localised":"Анархия", "Population":0, "JumpDist":8.566, "FuelUsed":1.532351, "FuelLevel":14.467649 }
{ "timestamp":"2017-12-11T20:05:12Z", "event":"Music", "MusicTrack":"Supercruise" }
{ "timestamp":"2017-12-11T20:06:43Z", "event":"StartJump", "JumpType":"Hyperspace", "StarSystem":"Cupis", "StarClass":"F" }
{ "timestamp":"2017-12-11T20:06:48Z", "event":"Music", "MusicTrack":"NoTrack" }
{ "timestamp":"2017-12-11T20:07:01Z", "event":"FSDJump", "StarSystem":"Cupis", "StarPos":[-72.656,-16.094,56.531], "SystemAllegiance":"Independent", "SystemEconomy":"$economy_Agri;", "SystemEconomy_Localised":"Сельское хозяйство", "SystemGovernment":"$government_Dictatorship;", "SystemGovernment_Localised":"Диктатура", "SystemSecurity":"$SYSTEM_SECURITY_high;", "SystemSecurity_Localised":"Высок. ур. безопасности", "Population":11677913665, "JumpDist":7.437, "FuelUsed":1.093101, "FuelLevel":13.374548, "Factions":[ { "Name":"Ross 754 Labour", "FactionState":"None", "Government":"Democracy", "Influence":0.072072, "Allegiance":"Federation", "PendingStates":[ { "State":"Boom", "Trend":1 } ] }, { "Name":"Independent Cupis Revolutionary Party", "FactionState":"CivilWar", "Government":"Democracy", "Influence":0.104104, "Allegiance":"Federation" }, { "Name":"Pilots Federation Local Branch", "FactionState":"None", "Government":"Democracy", "Influence":0.000000, "Allegiance":"PilotsFederation" }, { "Name":"Freng Gold Legal Partners", "FactionState":"None", "Government":"Corporate", "Influence":0.061061, "Allegiance":"Independent" }, { "Name":"Allied Cupis Justice Party", "FactionState":"CivilWar", "Government":"Dictatorship", "Influence":0.093093, "Allegiance":"Independent", "RecoveringStates":[ { "State":"Boom", "Trend":-1 } ] }, { "Name":"Cupis Power Corp.", "FactionState":"Boom", "Government":"Corporate", "Influence":0.427427, "Allegiance":"Federation" }, { "Name":"League of Cupis Nationalists", "FactionState":"CivilWar", "Government":"Dictatorship", "Influence":0.147147, "Allegiance":"Independent" }, { "Name":"Cupis Vision Network", "FactionState":"CivilWar", "Government":"Corporate", "Influence":0.095095, "Allegiance":"Independent", "RecoveringStates":[ { "State":"Boom", "Trend":0 } ] } ], "SystemFaction":"League of Cupis Nationalists", "FactionState":"CivilWar" }
{ "timestamp":"2017-12-11T20:07:02Z", "event":"Music", "MusicTrack":"DestinationFromHyperspace" }
{ "timestamp":"2017-12-11T20:07:07Z", "event":"Music", "MusicTrack":"Supercruise" }
{ "timestamp":"2017-12-11T20:09:16Z", "event":"ApproachSettlement", "Name":"Andree Installation +" }
{ "timestamp":"2017-12-11T20:09:19Z", "event":"ApproachSettlement", "Name":"Yang's Progress" }
{ "timestamp":"2017-12-11T20:09:21Z", "event":"ApproachSettlement", "Name":"Walker Landing ++" }
{ "timestamp":"2017-12-11T20:09:41Z", "event":"ApproachSettlement", "Name":"Gloss Legacy" }
{ "timestamp":"2017-12-11T20:09:53Z", "event":"ApproachSettlement", "Name":"Hendel Landing ++" }
{ "timestamp":"2017-12-11T20:09:54Z", "event":"ApproachSettlement", "Name":"Poindexter's Claim" }
{ "timestamp":"2017-12-11T20:10:01Z", "event":"ApproachSettlement", "Name":"Silverberg Horizons" }
{ "timestamp":"2017-12-11T20:11:41Z", "event":"ApproachSettlement", "Name":"Walker Landing ++" }
{ "timestamp":"2017-12-11T20:11:44Z", "event":"SupercruiseExit", "StarSystem":"Cupis", "Body":"Cupis 3", "BodyType":"Planet" }
{ "timestamp":"2017-12-11T20:11:44Z", "event":"Music", "MusicTrack":"Exploration" }
{ "timestamp":"2017-12-11T20:14:09Z", "event":"Touchdown", "PlayerControlled":true, "Latitude":-69.201324, "Longitude":19.693062 }
{ "timestamp":"2017-12-11T20:14:22Z", "event":"LaunchSRV", "Loadout":"starter", "PlayerControlled":true }
{ "timestamp":"2017-12-11T20:19:02Z", "event":"DatalinkScan", "Message":"$DataLink_ScannedInfo_Operations;", "Message_Localised":"Есть доступ к военной сети" }
{ "timestamp":"2017-12-11T20:19:03Z", "event":"Music", "MusicTrack":"Combat_SRV" }
{ "timestamp":"2017-12-11T20:19:04Z", "event":"MissionRedirected", "MissionID":261602925, "Name":"Mission_Hack_War_name", "NewDestinationStation":"Roberts Hub", "NewDestinationSystem":"Ross 754", "OldDestinationStation":"Walker Landing ++", "OldDestinationSystem":"Cupis" }
{ "timestamp":"2017-12-11T20:20:28Z", "event":"Music", "MusicTrack":"Exploration" }
{ "timestamp":"2017-12-11T20:21:04Z", "event":"ShieldState", "ShieldsUp":true }
{ "timestamp":"2017-12-11T20:21:09Z", "event":"DockSRV" }
{ "timestamp":"2017-12-11T20:21:12Z", "event":"ShieldState", "ShieldsUp":false }
{ "timestamp":"2017-12-11T20:21:19Z", "event":"Liftoff", "PlayerControlled":true, "Latitude":-69.201317, "Longitude":19.693062 }
{ "timestamp":"2017-12-11T20:21:20Z", "event":"HullDamage", "Health":0.747969, "PlayerPilot":true, "Fighter":false }
{ "timestamp":"2017-12-11T20:21:22Z", "event":"HullDamage", "Health":0.573571, "PlayerPilot":true, "Fighter":false }
{ "timestamp":"2017-12-11T20:21:23Z", "event":"HullDamage", "Health":0.399172, "PlayerPilot":true, "Fighter":false }
{ "timestamp":"2017-12-11T20:21:23Z", "event":"HullDamage", "Health":0.166640, "PlayerPilot":true, "Fighter":false }
{ "timestamp":"2017-12-11T20:21:25Z", "event":"Died" }
{ "timestamp":"2017-12-11T20:21:26Z", "event":"Music", "MusicTrack":"MainMenu" }
{ "timestamp":"2017-12-11T20:22:01Z", "event":"Resurrect", "Option":"rebuy", "Cost":29353, "Bankrupt":false }
{ "timestamp":"2017-12-11T20:22:02Z", "event":"ApproachSettlement", "Name":"Roberts Hub" }
{ "timestamp":"2017-12-11T20:22:33Z", "event":"Location", "Docked":true, "StationName":"Roberts Hub", "StationType":"SurfaceStation", "StarSystem":"Ross 754", "StarPos":[-68.438,-17.594,47.781], "SystemAllegiance":"Federation", "SystemEconomy":"$economy_Industrial;", "SystemEconomy_Localised":"Промышленность", "SystemGovernment":"$government_Democracy;", "SystemGovernment_Localised":"Демократия", "SystemSecurity":"$SYSTEM_SECURITY_high;", "SystemSecurity_Localised":"Высок. ур. безопасности", "Population":11468232, "Body":"Ross 754 B 1", "BodyType":"Planet", "Factions":[ { "Name":"Ross 754 Labour", "FactionState":"None", "Government":"Democracy", "Influence":0.116000, "Allegiance":"Federation", "PendingStates":[ { "State":"Boom", "Trend":1 } ] }, { "Name":"Pilots Federation Local Branch", "FactionState":"None", "Government":"Democracy", "Influence":0.000000, "Allegiance":"PilotsFederation" }, { "Name":"League of Ross 754 Order", "FactionState":"Boom", "Government":"Dictatorship", "Influence":0.126000, "Allegiance":"Independent" }, { "Name":"LHS 3564 Conservatives", "FactionState":"War", "Government":"Dictatorship", "Influence":0.033000, "Allegiance":"Independent", "PendingStates":[ { "State":"Boom", "Trend":1 }, { "State":"Lockdown", "Trend":-1 } ] }, { "Name":"Ross 754 Universal & Co", "FactionState":"Boom", "Government":"Corporate", "Influence":0.317000, "Allegiance":"Federation" }, { "Name":"Ross 754 Cartel", "FactionState":"War", "Government":"Anarchy", "Influence":0.029000, "Allegiance":"Independent", "PendingStates":[ { "State":"Boom", "Trend":1 } ] }, { "Name":"Order of Ross 754", "FactionState":"Boom", "Government":"Dictatorship", "Influence":0.223000, "Allegiance":"Independent" }, { "Name":"Official HR 7793 Order", "FactionState":"Boom", "Government":"Dictatorship", "Influence":0.156000, "Allegiance":"Independent" } ], "SystemFaction":"Ross 754 Labour" }
{ "timestamp":"2017-12-11T20:22:33Z", "event":"Music", "MusicTrack":"NoTrack" }
{ "timestamp":"2017-12-11T20:22:33Z", "event":"Docked", "StationName":"Roberts Hub", "StationType":"SurfaceStation", "StarSystem":"Ross 754", "StationFaction":"Ross 754 Labour", "StationGovernment":"$government_Democracy;", "StationGovernment_Localised":"Демократия", "StationAllegiance":"Federation", "StationServices":[ "Dock", "Autodock", "Commodities", "Contacts", "Exploration", "Missions", "Outfitting", "CrewLounge", "Rearm", "Refuel", "Repair", "Tuning", "MissionsGenerated", "FlightController", "StationOperations", "Powerplay", "SearchAndRescue" ], "StationEconomy":"$economy_Military;", "StationEconomy_Localised":"Военная", "DistFromStarLS":411683.968750 }
{ "timestamp":"2017-12-11T20:22:51Z", "event":"Music", "MusicTrack":"GalaxyMap" }
{ "timestamp":"2017-12-11T20:22:57Z", "event":"Music", "MusicTrack":"SystemMap" }
{ "timestamp":"2017-12-11T20:23:05Z", "event":"ReceiveText", "From":"$ShipName_Police_Federation;", "From_Localised":"Федеральная служба безопасности", "Message":"$Police_StartPatrol03;", "Message_Localised":"Слышу вас отлично, я в воздухе, начинаю патрулирование.", "Channel":"npc" }
{ "timestamp":"2017-12-11T20:23:10Z", "event":"Music", "MusicTrack":"NoTrack" }
{ "timestamp":"2017-12-11T20:23:34Z", "event":"Undocked", "StationName":"Roberts Hub", "StationType":"SurfaceStation" }
{ "timestamp":"2017-12-11T20:24:13Z", "event":"ReceiveText", "From":"Roberts Hub", "Message":"$STATION_NoFireZone_exited;", "Message_Localised":"Вы вышли из зоны запрета огня", "Channel":"npc" }
{ "timestamp":"2017-12-11T20:24:55Z", "event":"Music", "MusicTrack":"Exploration" }
{ "timestamp":"2017-12-11T20:25:13Z", "event":"StartJump", "JumpType":"Supercruise" }
{ "timestamp":"2017-12-11T20:25:13Z", "event":"ApproachSettlement", "Name":"Anderson Holdings" }
{ "timestamp":"2017-12-11T20:25:13Z", "event":"ApproachSettlement", "Name":"Roberts Hub" }
{ "timestamp":"2017-12-11T20:25:13Z", "event":"ApproachSettlement", "Name":"Barnes Terminal +" }
{ "timestamp":"2017-12-11T20:25:13Z", "event":"ApproachSettlement", "Name":"McMullen Vision" }
{ "timestamp":"2017-12-11T20:25:18Z", "event":"SupercruiseEntry", "StarSystem":"Ross 754" }
{ "timestamp":"2017-12-11T20:25:18Z", "event":"Music", "MusicTrack":"Supercruise" }
{ "timestamp":"2017-12-11T20:25:25Z", "event":"Music", "MusicTrack":"GalaxyMap" }
{ "timestamp":"2017-12-11T20:25:29Z", "event":"Music", "MusicTrack":"SystemMap" }
{ "timestamp":"2017-12-11T20:25:38Z", "event":"Music", "MusicTrack":"GalaxyMap" }
{ "timestamp":"2017-12-11T20:25:38Z", "event":"Music", "MusicTrack":"Supercruise" }
{ "timestamp":"2017-12-11T20:26:00Z", "event":"ApproachSettlement", "Name":"Roberts Hub" }
{ "timestamp":"2017-12-11T20:26:02Z", "event":"SupercruiseExit", "StarSystem":"Ross 754", "Body":"Ross 754 B 1", "BodyType":"Planet" }
{ "timestamp":"2017-12-11T20:26:03Z", "event":"Music", "MusicTrack":"Exploration" }
{ "timestamp":"2017-12-11T20:26:53Z", "event":"Music", "MusicTrack":"NoTrack" }
{ "timestamp":"2017-12-11T20:27:13Z", "event":"ReceiveText", "From":"Roberts Hub", "Message":"$STATION_NoFireZone_entered;", "Message_Localised":"Вы вошли в зону запрета огня", "Channel":"npc" }
{ "timestamp":"2017-12-11T20:27:17Z", "event":"DockingRequested", "StationName":"Roberts Hub" }
{ "timestamp":"2017-12-11T20:27:17Z", "event":"ReceiveText", "From":"Roberts Hub", "Message":"$DockingChatter_Neutral;", "Message_Localised":"Строго соблюдайте правила поведения в порту, пилот.", "Channel":"npc" }
{ "timestamp":"2017-12-11T20:27:18Z", "event":"ReceiveText", "From":"Roberts Hub", "Message":"$STATION_docking_granted;", "Message_Localised":"Стыковка разрешена", "Channel":"npc" }
{ "timestamp":"2017-12-11T20:27:18Z", "event":"DockingGranted", "LandingPad":1, "StationName":"Roberts Hub" }
{ "timestamp":"2017-12-11T20:27:58Z", "event":"ReceiveText", "From":"$ShipName_Police_Federation;", "From_Localised":"Федеральная служба безопасности", "Message":"$Police_EndPatrol03;", "Message_Localised":"Диспетчер, это патруль. Иду на приземление.", "Channel":"npc" }
{ "timestamp":"2017-12-11T20:28:09Z", "event":"Docked", "StationName":"Roberts Hub", "StationType":"SurfaceStation", "StarSystem":"Ross 754", "StationFaction":"Ross 754 Labour", "StationGovernment":"$government_Democracy;", "StationGovernment_Localised":"Демократия", "StationAllegiance":"Federation", "StationServices":[ "Dock", "Autodock", "Commodities", "Contacts", "Exploration", "Missions", "Outfitting", "CrewLounge", "Rearm", "Refuel", "Repair", "Tuning", "MissionsGenerated", "FlightController", "StationOperations", "Powerplay", "SearchAndRescue" ], "StationEconomy":"$economy_Military;", "StationEconomy_Localised":"Военная", "DistFromStarLS":411683.843750 }
{ "timestamp":"2017-12-11T20:28:21Z", "event":"RefuelAll", "Cost":10, "Amount":0.049656 }
{ "timestamp":"2017-12-11T20:28:36Z", "event":"MissionCompleted", "Faction":"Ross 754 Cartel", "Name":"Mission_Hack_War_name", "MissionID":261602925, "Target":"$MissionUtil_Settlement_Target_Building;", "Target_Localised":"Поселение", "Reward":867456 }
{ "timestamp":"2017-12-11T20:30:13Z", "event":"ReceiveText", "From":"$ShipName_Police_Federation;", "From_Localised":"Федеральная служба безопасности", "Message":"$Police_EndPatrol04;", "Message_Localised":"Никак нет, диспетчер, топливо на исходе, возвращаюсь на базу.", "Channel":"npc" }
{ "timestamp":"2017-12-11T20:31:16Z", "event":"ReceiveText", "From":"$ShipName_Police_Federation;", "From_Localised":"Федеральная служба безопасности", "Message":"$Police_StartPatrol04;", "Message_Localised":"Ухожу на маршрут патрулирования «альфа».", "Channel":"npc" }
{ "timestamp":"2017-12-11T20:33:04Z", "event":"ReceiveText", "From":"$ShipName_Police_Federation;", "From_Localised":"Федеральная служба безопасности", "Message":"$Police_EndPatrol01;", "Message_Localised":"Парни, смена окончена, возвращаюсь на базу.", "Channel":"npc" }
{ "timestamp":"2017-12-11T20:33:24Z", "event":"ReceiveText", "From":"$ShipName_Police_Federation;", "From_Localised":"Федеральная служба безопасности", "Message":"$Police_StartPatrol02;", "Message_Localised":"Диспетчер, это патруль. Запуск выполнен.", "Channel":"npc" }
{ "timestamp":"2017-12-11T20:34:07Z", "event":"Undocked", "StationName":"Roberts Hub", "StationType":"SurfaceStation" }
{ "timestamp":"2017-12-11T20:34:50Z", "event":"StartJump", "JumpType":"Supercruise" }
{ "timestamp":"2017-12-11T20:34:51Z", "event":"ApproachSettlement", "Name":"Anderson Holdings" }
{ "timestamp":"2017-12-11T20:34:51Z", "event":"ApproachSettlement", "Name":"Roberts Hub" }
{ "timestamp":"2017-12-11T20:34:51Z", "event":"ApproachSettlement", "Name":"Barnes Terminal +" }
{ "timestamp":"2017-12-11T20:34:51Z", "event":"ApproachSettlement", "Name":"McMullen Vision" }
{ "timestamp":"2017-12-11T20:34:55Z", "event":"SupercruiseEntry", "StarSystem":"Ross 754" }
{ "timestamp":"2017-12-11T20:34:56Z", "event":"Music", "MusicTrack":"Supercruise" }
{ "timestamp":"2017-12-11T20:35:48Z", "event":"USSDrop", "USSType":"$USS_Type_Aftermath;", "USSType_Localised":"Обнаружены последствия боя", "USSThreat":0 }
{ "timestamp":"2017-12-11T20:35:49Z", "event":"ApproachSettlement", "Name":"Roberts Hub" }
{ "timestamp":"2017-12-11T20:35:50Z", "event":"SupercruiseExit", "StarSystem":"Ross 754", "Body":"Ross 754 B 1", "BodyType":"Planet" }
{ "timestamp":"2017-12-11T20:35:50Z", "event":"Music", "MusicTrack":"Exploration" }
{ "timestamp":"2017-12-11T20:36:34Z", "event":"StartJump", "JumpType":"Supercruise" }
{ "timestamp":"2017-12-11T20:36:34Z", "event":"ApproachSettlement", "Name":"Anderson Holdings" }
{ "timestamp":"2017-12-11T20:36:34Z", "event":"ApproachSettlement", "Name":"Roberts Hub" }
{ "timestamp":"2017-12-11T20:36:34Z", "event":"ApproachSettlement", "Name":"Barnes Terminal +" }
{ "timestamp":"2017-12-11T20:36:34Z", "event":"ApproachSettlement", "Name":"McMullen Vision" }
{ "timestamp":"2017-12-11T20:36:39Z", "event":"SupercruiseEntry", "StarSystem":"Ross 754" }
{ "timestamp":"2017-12-11T20:36:39Z", "event":"Music", "MusicTrack":"Supercruise" }
{ "timestamp":"2017-12-11T20:37:25Z", "event":"Music", "MusicTrack":"GalaxyMap" }
{ "timestamp":"2017-12-11T20:37:31Z", "event":"Music", "MusicTrack":"SystemMap" }
{ "timestamp":"2017-12-11T20:38:02Z", "event":"Music", "MusicTrack":"GalaxyMap" }
{ "timestamp":"2017-12-11T20:38:03Z", "event":"Music", "MusicTrack":"Supercruise" }
{ "timestamp":"2017-12-11T20:38:24Z", "event":"StartJump", "JumpType":"Hyperspace", "StarSystem":"HR 7793", "StarClass":"F" }
{ "timestamp":"2017-12-11T20:38:29Z", "event":"Music", "MusicTrack":"NoTrack" }
{ "timestamp":"2017-12-11T20:38:42Z", "event":"FSDJump", "StarSystem":"HR 7793", "StarPos":[-70.188,-19.406,45.063], "SystemAllegiance":"Independent", "SystemEconomy":"$economy_Industrial;", "SystemEconomy_Localised":"Промышленность", "SystemGovernment":"$government_Dictatorship;", "SystemGovernment_Localised":"Диктатура", "SystemSecurity":"$SYSTEM_SECURITY_high;", "SystemSecurity_Localised":"Высок. ур. безопасности", "Population":8557556, "JumpDist":3.707, "FuelUsed":0.215888, "FuelLevel":15.784112, "Factions":[ { "Name":"HR 7793 Independents", "FactionState":"None", "Government":"Democracy", "Influence":0.139000, "Allegiance":"Independent", "PendingStates":[ { "State":"Boom", "Trend":1 } ], "RecoveringStates":[ { "State":"Election", "Trend":0 } ] }, { "Name":"United Pontus League", "FactionState":"Boom", "Government":"Confederacy", "Influence":0.210000, "Allegiance":"Federation", "PendingStates":[ { "State":"Expansion", "Trend":0 } ] }, { "Name":"Pilots Federation Local Branch", "FactionState":"None", "Government":"Democracy", "Influence":0.000000, "Allegiance":"PilotsFederation" }, { "Name":"Liberals of Wolf 871", "FactionState":"None", "Government":"Democracy", "Influence":0.162000, "Allegiance":"Federation", "PendingStates":[ { "State":"Boom", "Trend":1 } ], "RecoveringStates":[ { "State":"Election", "Trend":0 } ] }, { "Name":"HR 7793 Order of Heroes", "FactionState":"CivilWar", "Government":"Dictatorship", "Influence":0.032000, "Allegiance":"Independent", "PendingStates":[ { "State":"Boom", "Trend":0 } ] }, { "Name":"HR 7793 Energy Corp.", "FactionState":"CivilWar", "Government":"Corporate", "Influence":0.044000, "Allegiance":"Federation" }, { "Name":"HR 7793 Gold Cartel", "FactionState":"Boom", "Government":"Anarchy", "Influence":0.066000, "Allegiance":"Independent" }, { "Name":"Official HR 7793 Order", "FactionState":"Boom", "Government":"Dictatorship", "Influence":0.347000, "Allegiance":"Independent" } ], "SystemFaction":"Official HR 7793 Order", "FactionState":"Boom" }
{ "timestamp":"2017-12-11T20:38:42Z", "event":"Music", "MusicTrack":"DestinationFromHyperspace" }
{ "timestamp":"2017-12-11T20:38:47Z", "event":"Music", "MusicTrack":"Supercruise" }
{ "timestamp":"2017-12-11T20:42:20Z", "event":"SupercruiseExit", "StarSystem":"HR 7793", "Body":"Benyovszky Ring", "BodyType":"Station" }
{ "timestamp":"2017-12-11T20:42:20Z", "event":"Music", "MusicTrack":"DestinationFromSupercruise" }
{ "timestamp":"2017-12-11T20:42:25Z", "event":"Music", "MusicTrack":"NoTrack" }
{ "timestamp":"2017-12-11T20:42:26Z", "event":"ReceiveText", "From":"Benyovszky Ring", "Message":"$STATION_NoFireZone_entered;", "Message_Localised":"Вы вошли в зону запрета огня", "Channel":"npc" }
{ "timestamp":"2017-12-11T20:42:29Z", "event":"DockingRequested", "StationName":"Benyovszky Ring" }
{ "timestamp":"2017-12-11T20:42:29Z", "event":"ReceiveText", "From":"Benyovszky Ring", "Message":"$DockingChatter_Neutral;", "Message_Localised":"Строго соблюдайте правила поведения в порту, пилот.", "Channel":"npc" }
{ "timestamp":"2017-12-11T20:42:30Z", "event":"ReceiveText", "From":"Benyovszky Ring", "Message":"$STATION_docking_granted;", "Message_Localised":"Стыковка разрешена", "Channel":"npc" }
{ "timestamp":"2017-12-11T20:42:30Z", "event":"DockingGranted", "LandingPad":12, "StationName":"Benyovszky Ring" }
{ "timestamp":"2017-12-11T20:42:55Z", "event":"Music", "MusicTrack":"Starport" }
{ "timestamp":"2017-12-11T20:43:04Z", "event":"ReceiveText", "From":"Benyovszky Ring", "Message":"$DockingPadBlockWarningComms;", "Message_Localised":"Обнаружено нарушение – промедление, немедленно очистите подход к площадке во избежание летального ответа", "Channel":"npc" }
{ "timestamp":"2017-12-11T20:43:06Z", "event":"ReceiveText", "From":"Benyovszky Ring", "Message":"$DockingOffenceCleared;", "Message_Localised":"Нарушения правил космопорта сняты, привилегии на стыковку восстановлены", "Channel":"npc" }
{ "timestamp":"2017-12-11T20:43:27Z", "event":"Docked", "StationName":"Benyovszky Ring", "StationType":"Coriolis", "StarSystem":"HR 7793", "StationFaction":"Official HR 7793 Order", "FactionState":"Boom", "StationGovernment":"$government_Dictatorship;", "StationGovernment_Localised":"Диктатура", "StationServices":[ "Dock", "Autodock", "BlackMarket", "Commodities", "Contacts", "Exploration", "Missions", "Outfitting", "CrewLounge", "Rearm", "Refuel", "Repair", "Shipyard", "Tuning", "MissionsGenerated", "FlightController", "StationOperations", "Powerplay", "SearchAndRescue" ], "StationEconomy":"$economy_Industrial;", "StationEconomy_Localised":"Промышленность", "DistFromStarLS":3664.009277 }
{ "timestamp":"2017-12-11T20:43:38Z", "event":"RefuelAll", "Cost":20, "Amount":0.376507 }
{ "timestamp":"2017-12-11T20:50:14Z", "event":"ModuleBuy", "Slot":"MediumHardpoint1", "SellItem":"$hpt_pulselaser_fixed_small_name;", "SellItem_Localised":"Импульсный лазер", "SellPrice":2200, "BuyItem":"$hpt_pulselaser_gimbal_medium_name;", "BuyItem_Localised":"Импульсный лазер", "BuyPrice":35400, "Ship":"cobramkiii", "ShipID":1 }
{ "timestamp":"2017-12-11T20:51:37Z", "event":"ModuleBuy", "Slot":"MediumHardpoint2", "SellItem":"$hpt_pulselaser_fixed_small_name;", "SellItem_Localised":"Импульсный лазер", "SellPrice":2200, "BuyItem":"$hpt_pulselaser_gimbal_medium_name;", "BuyItem_Localised":"Импульсный лазер", "BuyPrice":35400, "Ship":"cobramkiii", "ShipID":1 }
{ "timestamp":"2017-12-11T20:52:15Z", "event":"ModuleBuy", "Slot":"SmallHardpoint1", "SellItem":"$hpt_multicannon_gimbal_small_name;", "SellItem_Localised":"Многоствольное орудие", "SellPrice":12825, "BuyItem":"$hpt_multicannon_fixed_small_name;", "BuyItem_Localised":"Многоствольное орудие", "BuyPrice":9500, "Ship":"cobramkiii", "ShipID":1 }
{ "timestamp":"2017-12-11T20:53:38Z", "event":"ModuleBuy", "Slot":"SmallHardpoint1", "SellItem":"$hpt_multicannon_fixed_small_name;", "SellItem_Localised":"Многоствольное орудие", "SellPrice":9500, "BuyItem":"$hpt_multicannon_gimbal_small_name;", "BuyItem_Localised":"Многоствольное орудие", "BuyPrice":12825, "Ship":"cobramkiii", "ShipID":1 }
{ "timestamp":"2017-12-11T20:58:25Z", "event":"ModuleBuy", "Slot":"PowerPlant", "SellItem":"$int_powerplant_size4_class1_name;", "SellItem_Localised":"Силовая установка", "SellPrice":19878, "BuyItem":"$int_powerplant_size4_class5_name;", "BuyItem_Localised":"Силовая установка", "BuyPrice":1610080, "Ship":"cobramkiii", "ShipID":1 }
{ "timestamp":"2017-12-11T20:58:26Z", "event":"ShieldState", "ShieldsUp":false }
{ "timestamp":"2017-12-11T20:58:28Z", "event":"ShieldState", "ShieldsUp":true }
{ "timestamp":"2017-12-11T20:59:42Z", "event":"ModuleBuy", "Slot":"PowerDistributor", "SellItem":"$int_powerdistributor_size3_class1_name;", "SellItem_Localised":"Распределитель питания", "SellPrice":4053, "BuyItem":"$int_powerdistributor_size3_class5_name;", "BuyItem_Localised":"Распределитель питания", "BuyPrice":158331, "Ship":"cobramkiii", "ShipID":1 }
{ "timestamp":"2017-12-11T21:02:11Z", "event":"MissionAccepted", "Faction":"Liberals of Wolf 871", "Name":"Mission_Collect_Industrial", "LocalisedName":"Для производства требуется 14 шт. товара Индий", "Commodity":"$Indium_Name;", "Commodity_Localised":"Индий", "Count":14, "DestinationSystem":"HR 7793", "DestinationStation":"Benyovszky Ring", "Expiry":"2017-12-13T15:55:08Z", "Influence":"Med", "Reputation":"Low", "Reward":220129, "MissionID":261639901 }
{ "timestamp":"2017-12-11T21:02:22Z", "event":"MissionAbandoned", "Name":"Mission_Collect_Industrial_name", "MissionID":261639901 }
{ "timestamp":"2017-12-11T21:02:54Z", "event":"MissionAccepted", "Faction":"Official HR 7793 Order", "Name":"Mission_Assassinate", "LocalisedName":"Убейте пилота пиратский лорд: Roscoe Thomas", "TargetType":"$MissionUtil_FactionTag_PirateLord;", "TargetType_Localised":"пиратский лорд", "TargetFaction":"Pirates of Pontus", "DestinationSystem":"Pontus", "DestinationStation":"Bolotov Plant", "Target":"Roscoe Thomas", "Expiry":"2017-12-12T21:00:01Z", "Influence":"Med", "Reputation":"Med", "Reward":43396, "MissionID":261640347 }
{ "timestamp":"2017-12-11T21:03:16Z", "event":"Music", "MusicTrack":"GalaxyMap" }
{ "timestamp":"2017-12-11T21:03:28Z", "event":"Music", "MusicTrack":"Starport" }
{ "timestamp":"2017-12-11T21:03:38Z", "event":"MissionAbandoned", "Name":"Mission_Assassinate_name", "MissionID":261640347 }
{ "timestamp":"2017-12-11T21:03:52Z", "event":"Music", "MusicTrack":"SystemMap" }
{ "timestamp":"2017-12-11T21:03:56Z", "event":"Undocked", "StationName":"Benyovszky Ring", "StationType":"Coriolis" }
{ "timestamp":"2017-12-11T21:04:16Z", "event":"Music", "MusicTrack":"Starport" }
{ "timestamp":"2017-12-11T21:04:31Z", "event":"Music", "MusicTrack":"NoTrack" }
{ "timestamp":"2017-12-11T21:05:00Z", "event":"Music", "MusicTrack":"GalaxyMap" }
{ "timestamp":"2017-12-11T21:05:36Z", "event":"ReceiveText", "From":"Benyovszky Ring", "Message":"$STATION_NoFireZone_exited;", "Message_Localised":"Вы вышли из зоны запрета огня", "Channel":"npc" }
{ "timestamp":"2017-12-11T21:06:06Z", "event":"Music", "MusicTrack":"SystemMap" }
{ "timestamp":"2017-12-11T21:06:17Z", "event":"Music", "MusicTrack":"GalaxyMap" }
{ "timestamp":"2017-12-11T21:06:29Z", "event":"Music", "MusicTrack":"Exploration" }
{ "timestamp":"2017-12-11T21:06:53Z", "event":"StartJump", "JumpType":"Hyperspace", "StarSystem":"Attach", "StarClass":"M" }
{ "timestamp":"2017-12-11T21:06:58Z", "event":"Music", "MusicTrack":"NoTrack" }
{ "timestamp":"2017-12-11T21:07:11Z", "event":"FSDJump", "StarSystem":"Attach", "StarPos":[-74.344,-24.250,49.594], "SystemAllegiance":"Independent", "SystemEconomy":"$economy_Industrial;", "SystemEconomy_Localised":"Промышленность", "SystemGovernment":"$government_Dictatorship;", "SystemGovernment_Localised":"Диктатура", "SystemSecurity":"$SYSTEM_SECURITY_medium;", "SystemSecurity_Localised":"Средн. ур. безопасности", "Population":2283927, "JumpDist":7.827, "FuelUsed":1.194713, "FuelLevel":14.805286, "Factions":[ { "Name":"Confederation of 7 Kappa Delphini", "FactionState":"Lockdown", "Government":"Confederacy", "Influence":0.083083, "Allegiance":"Federation", "PendingStates":[ { "State":"Boom", "Trend":1 }, { "State":"CivilUnrest", "Trend":-1 } ] }, { "Name":"Pilots Federation Local Branch", "FactionState":"None", "Government":"Democracy", "Influence":0.000000, "Allegiance":"PilotsFederation" }, { "Name":"Attach Federal & Co", "FactionState":"Boom", "Government":"Corporate", "Influence":0.263263, "Allegiance":"Federation" }, { "Name":"Revolutionary Turd Wura Future", "FactionState":"None", "Government":"Democracy", "Influence":0.016016, "Allegiance":"Independent", "PendingStates":[ { "State":"Boom", "Trend":1 } ] }, { "Name":"Attach Focus", "FactionState":"Boom", "Government":"Dictatorship", "Influence":0.430430, "Allegiance":"Independent" }, { "Name":"Attach Democrats", "FactionState":"CivilWar", "Government":"Democracy", "Influence":0.038038, "Allegiance":"Federation" }, { "Name":"Attach Hand Gang", "FactionState":"CivilWar", "Government":"Anarchy", "Influence":0.023023, "Allegiance":"Independent" }, { "Name":"Traditional Attach Dominion", "FactionState":"Boom", "Government":"Dictatorship", "Influence":0.146146, "Allegiance":"Independent" } ], "SystemFaction":"Attach Focus", "FactionState":"Boom" }
{ "timestamp":"2017-12-11T21:07:12Z", "event":"Music", "MusicTrack":"Supercruise" }
{ "timestamp":"2017-12-11T21:07:42Z", "event":"StartJump", "JumpType":"Hyperspace", "StarSystem":"Alrai Sector TO-R a4-1", "StarClass":"T" }
{ "timestamp":"2017-12-11T21:07:47Z", "event":"Music", "MusicTrack":"NoTrack" }
{ "timestamp":"2017-12-11T21:08:00Z", "event":"FSDJump", "StarSystem":"Alrai Sector TO-R a4-1", "StarPos":[-76.969,-25.281,50.125], "SystemAllegiance":"", "SystemEconomy":"$economy_None;", "SystemEconomy_Localised":"Нет", "SystemGovernment":"$government_None;", "SystemGovernment_Localised":"Нет", "SystemSecurity":"$GAlAXY_MAP_INFO_state_anarchy;", "SystemSecurity_Localised":"Анархия", "Population":0, "JumpDist":2.870, "FuelUsed":0.117674, "FuelLevel":14.687613 }
{ "timestamp":"2017-12-11T21:08:01Z", "event":"Music", "MusicTrack":"Supercruise" }
{ "timestamp":"2017-12-11T21:08:36Z", "event":"Scan", "BodyName":"Alrai Sector TO-R a4-1", "DistanceFromArrivalLS":0.000000, "StarType":"T", "StellarMass":0.054688, "Radius":113574840.000000, "AbsoluteMagnitude":17.025742, "Age_MY":4546, "SurfaceTemperature":863.000000, "Luminosity":"V", "RotationPeriod":49523.804688, "AxialTilt":0.000000 }
{ "timestamp":"2017-12-11T21:09:01Z", "event":"Music", "MusicTrack":"SystemMap" }
{ "timestamp":"2017-12-11T21:09:05Z", "event":"Music", "MusicTrack":"Supercruise" }
{ "timestamp":"2017-12-11T21:09:43Z", "event":"Music", "MusicTrack":"GalaxyMap" }
{ "timestamp":"2017-12-11T21:09:51Z", "event":"Music", "MusicTrack":"Supercruise" }
{ "timestamp":"2017-12-11T21:10:51Z", "event":"StartJump", "JumpType":"Hyperspace", "StarSystem":"Rotanev", "StarClass":"F" }
{ "timestamp":"2017-12-11T21:10:56Z", "event":"Music", "MusicTrack":"NoTrack" }
{ "timestamp":"2017-12-11T21:11:09Z", "event":"FSDJump", "StarSystem":"Rotanev", "StarPos":[-83.438,-27.844,49.406], "SystemAllegiance":"Independent", "SystemEconomy":"$economy_HighTech;", "SystemEconomy_Localised":"Высокие технологии", "SystemGovernment":"$government_Dictatorship;", "SystemGovernment_Localised":"Диктатура", "SystemSecurity":"$SYSTEM_SECURITY_high;", "SystemSecurity_Localised":"Высок. ур. безопасности", "Population":9525842, "JumpDist":6.995, "FuelUsed":0.912312, "FuelLevel":13.775301, "Factions":[ { "Name":"Ross 754 Labour", "FactionState":"War", "Government":"Democracy", "Influence":0.022931, "Allegiance":"Federation", "PendingStates":[ { "State":"Boom", "Trend":1 } ] }, { "Name":"Rotanev Energy Exchange", "FactionState":"Retreat", "Government":"Corporate", "Influence":0.048853, "Allegiance":"Federation" }, { "Name":"15 Delphini Co", "FactionState":"War", "Government":"Corporate", "Influence":0.009970, "Allegiance":"Federation", "PendingStates":[ { "State":"Boom", "Trend":1 } ] }, { "Name":"Pilots Federation Local Branch", "FactionState":"None", "Government":"Democracy", "Influence":0.000000, "Allegiance":"PilotsFederation" }, { "Name":"Bureau of Rotanev Regulatory State", "FactionState":"War", "Government":"Dictatorship", "Influence":0.034895, "Allegiance":"Independent", "PendingStates":[ { "State":"Boom", "Trend":0 } ] }, { "Name":"United Rotanev Liberals", "FactionState":"Boom", "Government":"Democracy", "Influence":0.157527, "Allegiance":"Federation" }, { "Name":"Rotanev Gold Syndicate", "FactionState":"Boom", "Government":"Anarchy", "Influence":0.054835, "Allegiance":"Independent", "PendingStates":[ { "State":"Outbreak", "Trend":0 } ] }, { "Name":"Defence Party of Rotanev", "FactionState":"Boom", "Government":"Dictatorship", "Influence":0.661017, "Allegiance":"Independent" }, { "Name":"Kyrev Security Conglomerate", "FactionState":"War", "Government":"Democracy", "Influence":0.009970, "Allegiance":"Independent", "PendingStates":[ { "State":"Boom", "Trend":0 }, { "State":"Outbreak", "Trend":0 } ] } ], "SystemFaction":"Defence Party of Rotanev", "FactionState":"Boom" }
{ "timestamp":"2017-12-11T21:11:10Z", "event":"Music", "MusicTrack":"Supercruise" }
{ "timestamp":"2017-12-11T21:12:20Z", "event":"USSDrop", "USSType":"$USS_Type_WeaponsFire;", "USSType_Localised":"Зарегистрирован огонь из орудий", "USSThreat":1 }
{ "timestamp":"2017-12-11T21:12:21Z", "event":"SupercruiseExit", "StarSystem":"Rotanev", "Body":"Rotanev A", "BodyType":"Star" }
{ "timestamp":"2017-12-11T21:12:21Z", "event":"Music", "MusicTrack":"Exploration" }
{ "timestamp":"2017-12-11T21:12:52Z", "event":"Music", "MusicTrack":"Combat_Dogfight" }
{ "timestamp":"2017-12-11T21:13:13Z", "event":"ReceiveText", "From":"$npc_name_decorate:#name=Toby Grenfell Welsh;", "From_Localised":"Toby Grenfell Welsh", "Message":"$MisfortuneCriticalDamage01;", "Message_Localised":"Черт, как это случилось?", "Channel":"npc" }
{ "timestamp":"2017-12-11T21:13:14Z", "event":"Music", "MusicTrack":"Exploration" }
{ "timestamp":"2017-12-11T21:13:14Z", "event":"Music", "MusicTrack":"Combat_Dogfight" }
{ "timestamp":"2017-12-11T21:13:20Z", "event":"Bounty", "Rewards":[ { "Faction":"Defence Party of Rotanev", "Reward":350 } ], "Target":"viper", "TotalReward":350, "VictimFaction":"United Rotanev Liberals" }
{ "timestamp":"2017-12-11T21:13:35Z", "event":"Music", "MusicTrack":"Exploration" }
{ "timestamp":"2017-12-11T21:13:52Z", "event":"Music", "MusicTrack":"Combat_Dogfight" }
{ "timestamp":"2017-12-11T21:13:55Z", "event":"MaterialCollected", "Category":"Encoded", "Name":"shielddensityreports", "Count":3 }
{ "timestamp":"2017-12-11T21:14:01Z", "event":"ReceiveText", "From":"$npc_name_decorate:#name=Edward Nickerson;", "From_Localised":"Edward Nickerson", "Message":"$MisfortuneCriticalDamage05;", "Message_Localised":"Я бывал и не в таких переделках.", "Channel":"npc" }
{ "timestamp":"2017-12-11T21:14:19Z", "event":"Bounty", "Rewards":[ { "Faction":"Defence Party of Rotanev", "Reward":150 } ], "Target":"cobramkiii", "TotalReward":150, "VictimFaction":"United Rotanev Liberals" }
{ "timestamp":"2017-12-11T21:14:34Z", "event":"Music", "MusicTrack":"Exploration" }
{ "timestamp":"2017-12-11T21:18:11Z", "event":"StartJump", "JumpType":"Hyperspace", "StarSystem":"Col 285 Sector LB-M a37-2", "StarClass":"TTS" }
{ "timestamp":"2017-12-11T21:18:16Z", "event":"Music", "MusicTrack":"NoTrack" }
{ "timestamp":"2017-12-11T21:18:29Z", "event":"FSDJump", "StarSystem":"Col 285 Sector LB-M a37-2", "StarPos":[-88.500,-32.000,51.344], "SystemAllegiance":"", "SystemEconomy":"$economy_None;", "SystemEconomy_Localised":"Нет", "SystemGovernment":"$government_None;", "SystemGovernment_Localised":"Нет", "SystemSecurity":"$GAlAXY_MAP_INFO_state_anarchy;", "SystemSecurity_Localised":"Анархия", "Population":0, "JumpDist":6.831, "FuelUsed":0.857179, "FuelLevel":12.918121 }
{ "timestamp":"2017-12-11T21:18:29Z", "event":"Music", "MusicTrack":"Supercruise" }
{ "timestamp":"2017-12-11T21:19:35Z", "event":"Scan", "BodyName":"Col 285 Sector LB-M a37-2 A", "DistanceFromArrivalLS":0.000000, "StarType":"TTS", "StellarMass":0.152344, "Radius":232837968.000000, "AbsoluteMagnitude":12.936768, "Age_MY":98, "SurfaceTemperature":1545.000000, "Luminosity":"VI", "SemiMajorAxis":255431507968.000000, "Eccentricity":0.050610, "OrbitalInclination":-20.983324, "Periapsis":190.174423, "OrbitalPeriod":899670272.000000, "RotationPeriod":130151.781250, "AxialTilt":0.000000 }
{ "timestamp":"2017-12-11T21:19:48Z", "event":"Music", "MusicTrack":"SystemMap" }
{ "timestamp":"2017-12-11T21:20:00Z", "event":"Music", "MusicTrack":"Supercruise" }
{ "timestamp":"2017-12-11T21:23:02Z", "event":"Scan", "BodyName":"Col 285 Sector LB-M a37-2 B", "DistanceFromArrivalLS":2937.373291, "StarType":"TTS", "StellarMass":0.066406, "Radius":136391680.000000, "AbsoluteMagnitude":16.724823, "Age_MY":98, "SurfaceTemperature":844.000000, "Luminosity":"VI", "SemiMajorAxis":585830105088.000000, "Eccentricity":0.050610, "OrbitalInclination":-20.983324, "Periapsis":10.174420, "OrbitalPeriod":899670272.000000, "RotationPeriod":85818.687500, "AxialTilt":0.000000 }
{ "timestamp":"2017-12-11T21:23:08Z", "event":"Music", "MusicTrack":"SystemMap" }
{ "timestamp":"2017-12-11T21:23:12Z", "event":"Music", "MusicTrack":"Supercruise" }
{ "timestamp":"2017-12-11T21:24:40Z", "event":"USSDrop", "USSType":"$USS_Type_Salvage;", "USSType_Localised":"Зарегистрирован слабый сигнал", "USSThreat":0 }
{ "timestamp":"2017-12-11T21:24:41Z", "event":"SupercruiseExit", "StarSystem":"Col 285 Sector LB-M a37-2", "Body":"Col 285 Sector LB-M a37-2 B", "BodyType":"Star" }
{ "timestamp":"2017-12-11T21:24:41Z", "event":"Music", "MusicTrack":"Exploration" }
{ "timestamp":"2017-12-11T21:25:06Z", "event":"CollectCargo", "Type":"OccupiedCryoPod", "Stolen":false }
{ "timestamp":"2017-12-11T21:25:29Z", "event":"CollectCargo", "Type":"OccupiedCryoPod", "Stolen":false }
{ "timestamp":"2017-12-11T21:25:40Z", "event":"CollectCargo", "Type":"OccupiedCryoPod", "Stolen":false }
{ "timestamp":"2017-12-11T21:25:57Z", "event":"CollectCargo", "Type":"OccupiedCryoPod", "Stolen":false }
{ "timestamp":"2017-12-11T21:26:10Z", "event":"CollectCargo", "Type":"OccupiedCryoPod", "Stolen":false }
{ "timestamp":"2017-12-11T21:26:28Z", "event":"Music", "MusicTrack":"SystemMap" }
{ "timestamp":"2017-12-11T21:26:33Z", "event":"Music", "MusicTrack":"Exploration" }
{ "timestamp":"2017-12-11T21:26:56Z", "event":"StartJump", "JumpType":"Supercruise" }
{ "timestamp":"2017-12-11T21:27:01Z", "event":"SupercruiseEntry", "StarSystem":"Col 285 Sector LB-M a37-2" }
{ "timestamp":"2017-12-11T21:27:01Z", "event":"Music", "MusicTrack":"Supercruise" }
{ "timestamp":"2017-12-11T21:28:29Z", "event":"Music", "MusicTrack":"GalaxyMap" }
{ "timestamp":"2017-12-11T21:29:02Z", "event":"Music", "MusicTrack":"Supercruise" }
{ "timestamp":"2017-12-11T21:30:49Z", "event":"Music", "MusicTrack":"GalaxyMap" }
{ "timestamp":"2017-12-11T21:30:59Z", "event":"Music", "MusicTrack":"Supercruise" }
{ "timestamp":"2017-12-11T21:31:24Z", "event":"Music", "MusicTrack":"SystemMap" }
{ "timestamp":"2017-12-11T21:31:30Z", "event":"Music", "MusicTrack":"Supercruise" }
{ "timestamp":"2017-12-11T21:32:45Z", "event":"Scan", "BodyName":"Col 285 Sector LB-M a37-2 C", "DistanceFromArrivalLS":12654.739258, "StarType":"TTS", "StellarMass":0.046875, "Radius":110858032.000000, "AbsoluteMagnitude":17.883438, "Age_MY":98, "SurfaceTemperature":717.000000, "Luminosity":"VI", "SemiMajorAxis":3567218589696.000000, "Eccentricity":0.260374, "OrbitalInclination":13.291713, "Periapsis":282.090698, "OrbitalPeriod":9538863104.000000, "RotationPeriod":50736.785156, "AxialTilt":0.000000 }
{ "timestamp":"2017-12-11T21:33:15Z", "event":"Music", "MusicTrack":"GalaxyMap" }
{ "timestamp":"2017-12-11T21:33:19Z", "event":"Music", "MusicTrack":"SystemMap" }
{ "timestamp":"2017-12-11T21:33:33Z", "event":"Music", "MusicTrack":"Supercruise" }
{ "timestamp":"2017-12-11T21:34:03Z", "event":"Music", "MusicTrack":"GalacticPowers" }
{ "timestamp":"2017-12-11T21:34:49Z", "event":"Music", "MusicTrack":"Supercruise" }
{ "timestamp":"2017-12-11T21:34:49Z", "event":"Music", "MusicTrack":"GalacticPowers" }
{ "timestamp":"2017-12-11T21:36:03Z", "event":"Music", "MusicTrack":"Supercruise" }
{ "timestamp":"2017-12-11T21:36:21Z", "event":"StartJump", "JumpType":"Hyperspace", "StarSystem":"Col 285 Sector MB-M a37-0", "StarClass":"T" }
{ "timestamp":"2017-12-11T21:36:26Z", "event":"Music", "MusicTrack":"NoTrack" }
{ "timestamp":"2017-12-11T21:36:40Z", "event":"FSDJump", "StarSystem":"Col 285 Sector MB-M a37-0", "StarPos":[-84.281,-33.031,47.531], "SystemAllegiance":"", "SystemEconomy":"$economy_None;", "SystemEconomy_Localised":"Нет", "SystemGovernment":"$government_None;", "SystemGovernment_Localised":"Нет", "SystemSecurity":"$GAlAXY_MAP_INFO_state_anarchy;", "SystemSecurity_Localised":"Анархия", "Population":0, "JumpDist":5.779, "FuelUsed":0.601697, "FuelLevel":11.826425 }
{ "timestamp":"2017-12-11T21:36:40Z", "event":"Music", "MusicTrack":"Supercruise" }
{ "timestamp":"2017-12-11T21:36:50Z", "event":"ReceiveText", "From":"$npc_name_decorate:#name=Noother Destiny;", "From_Localised":"Noother Destiny", "Message":"$Pirate_HunterHostileSC_Relevant04;", "Message_Localised":"И как такая махина забралась так далеко...", "Channel":"npc" }
{ "timestamp":"2017-12-11T21:37:27Z", "event":"Scan", "BodyName":"Col 285 Sector MB-M a37-0", "DistanceFromArrivalLS":0.000000, "StarType":"T", "StellarMass":0.046875, "Radius":111155192.000000, "AbsoluteMagnitude":17.534103, "Age_MY":1048, "SurfaceTemperature":776.000000, "Luminosity":"V", "RotationPeriod":60206.890625, "AxialTilt":0.000000 }
{ "timestamp":"2017-12-11T21:37:29Z", "event":"Music", "MusicTrack":"SystemMap" }
{ "timestamp":"2017-12-11T21:37:33Z", "event":"Music", "MusicTrack":"Supercruise" }
{ "timestamp":"2017-12-11T21:39:18Z", "event":"ReceiveText", "From":"$npc_name_decorate:#name=Noother Destiny;", "From_Localised":"Noother Destiny", "Message":"$Pirate_StartInterdiction01;", "Message_Localised":"Ну все, ты мой, командир. ", "Channel":"npc" }
{ "timestamp":"2017-12-11T21:39:23Z", "event":"Interdicted", "Submitted":true, "Interdictor":"Noother Destiny", "IsPlayer":false, "Faction":"" }
{ "timestamp":"2017-12-11T21:39:24Z", "event":"SupercruiseExit", "StarSystem":"Col 285 Sector MB-M a37-0", "Body":"Col 285 Sector MB-M a37-0", "BodyType":"Star" }
{ "timestamp":"2017-12-11T21:39:24Z", "event":"Music", "MusicTrack":"Interdiction" }
{ "timestamp":"2017-12-11T21:39:26Z", "event":"ReceiveText", "From":"$npc_name_decorate:#name=Noother Destiny;", "From_Localised":"Noother Destiny", "Message":"$Pirate_Arrival09;", "Message_Localised":"Все, что меня интересует, – это твой груз.", "Channel":"npc" }
{ "timestamp":"2017-12-11T21:39:26Z", "event":"ReceiveText", "From":"$npc_name_decorate:#name=Noother Destiny;", "From_Localised":"Noother Destiny", "Message":"$Pirate_ThreatenValue01:#value=12500;", "Message_Localised":"Отдай мне груза на 12 500 КР., если хочешь жить.", "Channel":"npc" }
{ "timestamp":"2017-12-11T21:39:27Z", "event":"ReceiveText", "From":"$npc_name_decorate:#name=Noother Destiny;", "From_Localised":"Noother Destiny", "Message":"$Pirate_ThreatenTimer02:#seconds=10;", "Message_Localised":"Даю тебе 10 сек., чтобы сбросить что-нибудь стоящее.", "Channel":"npc" }
{ "timestamp":"2017-12-11T21:39:37Z", "event":"ReceiveText", "From":"$npc_name_decorate:#name=Noother Destiny;", "From_Localised":"Noother Destiny", "Message":"$Pirate_OnDeclarePiracyAttack11;", "Message_Localised":"Это был твой последний прыжок, космическая пыль.", "Channel":"npc" }
{ "timestamp":"2017-12-11T21:39:38Z", "event":"Music", "MusicTrack":"Combat_Dogfight" }
{ "timestamp":"2017-12-11T21:39:51Z", "event":"ShieldState", "ShieldsUp":false }
{ "timestamp":"2017-12-11T21:40:04Z", "event":"ReceiveText", "From":"$npc_name_decorate:#name=Noother Destiny;", "From_Localised":"Noother Destiny", "Message":"$Pirate_ReminderValue01:#value=12000;", "Message_Localised":"Все это прекратится, если ты просто отдашь мне груза на 12 000 КР..", "Channel":"npc" }
{ "timestamp":"2017-12-11T21:40:10Z", "event":"HullDamage", "Health":0.797375, "PlayerPilot":true, "Fighter":false }
{ "timestamp":"2017-12-11T21:40:11Z", "event":"ReceiveText", "From":"$npc_name_decorate:#name=Noother Destiny;", "From_Localised":"Noother Destiny", "Message":"$Pirate_OnDeclarePiracyAttack09;", "Message_Localised":"Я тебя прикончу!", "Channel":"npc" }
{ "timestamp":"2017-12-11T21:40:28Z", "event":"Bounty", "Target":"asp", "TotalReward":0, "VictimFaction":"$faction_none;", "VictimFaction_Localised":"Нет" }
{ "timestamp":"2017-12-11T21:40:42Z", "event":"ShieldState", "ShieldsUp":true }
{ "timestamp":"2017-12-11T21:40:43Z", "event":"Music", "MusicTrack":"Exploration" }
{ "timestamp":"2017-12-11T21:41:18Z", "event":"MaterialCollected", "Category":"Manufactured", "Name":"salvagedalloys", "Count":3 }
{ "timestamp":"2017-12-11T21:41:44Z", "event":"MaterialCollected", "Category":"Manufactured", "Name":"salvagedalloys", "Count":3 }
{ "timestamp":"2017-12-11T21:42:05Z", "event":"MaterialDiscovered", "Category":"Manufactured", "Name":"refinedfocuscrystals", "DiscoveryNumber":22 }
{ "timestamp":"2017-12-11T21:42:05Z", "event":"MaterialCollected", "Category":"Manufactured", "Name":"refinedfocuscrystals", "Count":3 }
{ "timestamp":"2017-12-11T21:42:18Z", "event":"MaterialCollected", "Category":"Manufactured", "Name":"galvanisingalloys", "Count":3 }
{ "timestamp":"2017-12-11T21:42:38Z", "event":"MaterialDiscovered", "Category":"Manufactured", "Name":"chemicaldistillery", "DiscoveryNumber":23 }
{ "timestamp":"2017-12-11T21:42:38Z", "event":"MaterialCollected", "Category":"Manufactured", "Name":"chemicaldistillery", "Count":3 }
{ "timestamp":"2017-12-11T21:43:08Z", "event":"Music", "MusicTrack":"GalaxyMap" }
{ "timestamp":"2017-12-11T21:43:21Z", "event":"Music", "MusicTrack":"Exploration" }
{ "timestamp":"2017-12-11T21:44:05Z", "event":"StartJump", "JumpType":"Hyperspace", "StarSystem":"15 Delphini", "StarClass":"F" }
{ "timestamp":"2017-12-11T21:44:10Z", "event":"Music", "MusicTrack":"NoTrack" }
{ "timestamp":"2017-12-11T21:44:23Z", "event":"FSDJump", "StarSystem":"15 Delphini", "StarPos":[-80.969,-33.500,47.906], "SystemAllegiance":"Independent", "SystemEconomy":"$economy_Refinery;", "SystemEconomy_Localised":"Переработка", "SystemGovernment":"$government_Feudal;", "SystemGovernment_Localised":"Феодальная", "SystemSecurity":"$SYSTEM_SECURITY_low;", "SystemSecurity_Localised":"Низк. ур. безопасности", "Population":23629, "JumpDist":3.366, "FuelUsed":0.172758, "FuelLevel":11.653666, "Factions":[ { "Name":"Confederation of 7 Kappa Delphini", "FactionState":"Lockdown", "Government":"Confederacy", "Influence":0.259740, "Allegiance":"Federation", "PendingStates":[ { "State":"Boom", "Trend":1 }, { "State":"CivilUnrest", "Trend":-1 } ] }, { "Name":"15 Delphini Co", "FactionState":"None", "Government":"Corporate", "Influence":0.075924, "Allegiance":"Federation", "PendingStates":[ { "State":"Boom", "Trend":1 } ] }, { "Name":"Pilots Federation Local Branch", "FactionState":"None", "Government":"Democracy", "Influence":0.000000, "Allegiance":"PilotsFederation" }, { "Name":"Kokojas Electronics Incorporated", "FactionState":"Boom", "Government":"Corporate", "Influence":0.152847, "Allegiance":"Federation" }, { "Name":"Coalition of 15 Delphini", "FactionState":"None", "Government":"Confederacy", "Influence":0.045954, "Allegiance":"Federation" }, { "Name":"15 Delphini Purple Raiders", "FactionState":"None", "Government":"Anarchy", "Influence":0.104895, "Allegiance":"Independent" }, { "Name":"Barons of 15 Delphini", "FactionState":"Boom", "Government":"Feudal", "Influence":0.360639, "Allegiance":"Independent" } ], "SystemFaction":"Barons of 15 Delphini", "FactionState":"Boom" }
{ "timestamp":"2017-12-11T21:44:23Z", "event":"Music", "MusicTrack":"Supercruise" }
{ "timestamp":"2017-12-11T21:45:10Z", "event":"Scan", "BodyName":"15 Delphini", "DistanceFromArrivalLS":0.000000, "StarType":"F", "StellarMass":1.382813, "Radius":838513856.000000, "AbsoluteMagnitude":3.751144, "Age_MY":3128, "SurfaceTemperature":7128.000000, "Luminosity":"V", "RotationPeriod":235079.890625, "AxialTilt":0.000000 }
{ "timestamp":"2017-12-11T21:45:29Z", "event":"Music", "MusicTrack":"SystemMap" }
{ "timestamp":"2017-12-11T21:45:36Z", "event":"Music", "MusicTrack":"Supercruise" }
{ "timestamp":"2017-12-11T21:47:50Z", "event":"Music", "MusicTrack":"SystemMap" }
{ "timestamp":"2017-12-11T21:47:56Z", "event":"Music", "MusicTrack":"Supercruise" }
{ "timestamp":"2017-12-11T21:48:51Z", "event":"SupercruiseExit", "StarSystem":"15 Delphini", "Body":"Johnson Vision", "BodyType":"Station" }
{ "timestamp":"2017-12-11T21:48:51Z", "event":"Music", "MusicTrack":"DestinationFromSupercruise" }
{ "timestamp":"2017-12-11T21:48:56Z", "event":"Music", "MusicTrack":"Exploration" }
{ "timestamp":"2017-12-11T21:48:59Z", "event":"ReceiveText", "From":"Johnson Vision", "Message":"$STATION_NoFireZone_entered;", "Message_Localised":"Вы вошли в зону запрета огня", "Channel":"npc" }
{ "timestamp":"2017-12-11T21:49:06Z", "event":"DockingRequested", "StationName":"Johnson Vision" }
{ "timestamp":"2017-12-11T21:49:06Z", "event":"ReceiveText", "From":"Johnson Vision", "Message":"$DockingChatter_Neutral;", "Message_Localised":"Строго соблюдайте правила поведения в порту, пилот.", "Channel":"npc" }
{ "timestamp":"2017-12-11T21:49:07Z", "event":"ReceiveText", "From":"Johnson Vision", "Message":"$STATION_docking_granted;", "Message_Localised":"Стыковка разрешена", "Channel":"npc" }
{ "timestamp":"2017-12-11T21:49:07Z", "event":"DockingGranted", "LandingPad":1, "StationName":"Johnson Vision" }
{ "timestamp":"2017-12-11T21:50:03Z", "event":"Docked", "StationName":"Johnson Vision", "StationType":"Outpost", "StarSystem":"15 Delphini", "StationFaction":"Barons of 15 Delphini", "FactionState":"Boom", "StationGovernment":"$government_Feudal;", "StationGovernment_Localised":"Феодальная", "StationServices":[ "Dock", "Autodock", "Commodities", "Contacts", "Exploration", "Missions", "Outfitting", "CrewLounge", "Rearm", "Refuel", "Repair", "MissionsGenerated", "Facilitator", "FlightController", "StationOperations", "Powerplay", "SearchAndRescue" ], "StationEconomy":"$economy_Refinery;", "StationEconomy_Localised":"Переработка", "DistFromStarLS":3823.141113 }
{ "timestamp":"2017-12-11T21:50:12Z", "event":"RefuelAll", "Cost":234, "Amount":4.655831 }
{ "timestamp":"2017-12-11T21:50:13Z", "event":"BuyAmmo", "Cost":286 }
{ "timestamp":"2017-12-11T21:50:14Z", "event":"RepairAll", "Cost":352 }
{ "timestamp":"2017-12-11T21:54:49Z", "event":"Music", "MusicTrack":"GalacticPowers" }
{ "timestamp":"2017-12-11T21:55:57Z", "event":"Music", "MusicTrack":"Exploration" }
{ "timestamp":"2017-12-11T21:55:58Z", "event":"Music", "MusicTrack":"GalacticPowers" }
{ "timestamp":"2017-12-11T21:56:13Z", "event":"Music", "MusicTrack":"GalaxyMap" }
{ "timestamp":"2017-12-11T21:56:33Z", "event":"Music", "MusicTrack":"GalacticPowers" }
{ "timestamp":"2017-12-11T21:59:33Z", "event":"Music", "MusicTrack":"Exploration" }
