{ "timestamp":"2018-01-03T01:42:15Z", "event":"Fileheader", "part":1, "language":"Russian\\RU", "gameversion":"2.4", "build":"r160439/r0 " }
{ "timestamp":"2018-01-03T01:42:15Z", "event":"Music", "MusicTrack":"NoTrack" }
{ "timestamp":"2018-01-03T01:42:15Z", "event":"Music", "MusicTrack":"MainMenu" }
{ "timestamp":"2018-01-03T01:43:12Z", "event":"Cargo", "Inventory":[  ] }
{ "timestamp":"2018-01-03T01:43:12Z", "event":"Loadout", "Ship":"CobraMkIII", "ShipID":1, "ShipName":"SLEEPY-ONE", "ShipIdent":"#SLEEP", "Modules":[ { "Slot":"MediumHardpoint1", "Item":"Hpt_PulseLaser_Gimbal_Medium", "On":true, "Priority":0, "Health":1.000000, "Value":35400 }, { "Slot":"MediumHardpoint2", "Item":"Hpt_PulseLaser_Gimbal_Medium", "On":true, "Priority":0, "Health":1.000000, "Value":35400 }, { "Slot":"SmallHardpoint1", "Item":"Hpt_MultiCannon_Gimbal_Small", "On":true, "Priority":0, "AmmoInClip":90, "AmmoInHopper":2100, "Health":1.000000, "Value":12825 }, { "Slot":"SmallHardpoint2", "Item":"Hpt_MultiCannon_Gimbal_Small", "On":true, "Priority":0, "AmmoInClip":90, "AmmoInHopper":2100, "Health":1.000000, "Value":12825 }, { "Slot":"TinyHardpoint1", "Item":"Hpt_ShieldBooster_Size0_Class5", "On":false, "Priority":0, "Health":1.000000, "Value":281000 }, { "Slot":"TinyHardpoint2", "Item":"Hpt_CrimeScanner_Size0_Class2", "On":true, "Priority":0, "Health":1.000000, "Value":40633 }, { "Slot":"PaintJob", "Item":"PaintJob_CobraMkIII_Militaire_Sand", "On":true, "Priority":1, "Health":1.000000, "Value":0 }, { "Slot":"Armour", "Item":"CobraMkIII_Armour_Reactive", "On":true, "Priority":1, "Health":1.000000, "Value":824285 }, { "Slot":"PowerPlant", "Item":"Int_Powerplant_Size4_Class5", "On":true, "Priority":1, "Health":1.000000, "Value":1610080 }, { "Slot":"MainEngines", "Item":"Int_Engine_Size4_Class5", "On":true, "Priority":0, "Health":1.000000, "Value":1610080 }, { "Slot":"FrameShiftDrive", "Item":"Int_Hyperdrive_Size4_Class5", "On":true, "Priority":0, "Health":1.000000, "Value":1610080 }, { "Slot":"LifeSupport", "Item":"Int_LifeSupport_Size3_Class1", "On":true, "Priority":2, "Health":1.000000, "Value":4053 }, { "Slot":"PowerDistributor", "Item":"Int_PowerDistributor_Size3_Class5", "On":true, "Priority":0, "Health":1.000000, "Value":158331 }, { "Slot":"Radar", "Item":"Int_Sensors_Size3_Class5", "On":true, "Priority":0, "Health":1.000000, "Value":158331 }, { "Slot":"FuelTank", "Item":"Int_FuelTank_Size4_Class3", "On":true, "Priority":1, "Health":1.000000, "Value":24734 }, { "Slot":"Slot01_Size4", "Item":"Int_CargoRack_Size4_Class1", "On":true, "Priority":1, "Health":1.000000, "Value":34328 }, { "Slot":"Slot02_Size4", "Item":"Int_FuelScoop_Size2_Class5", "On":true, "Priority":0, "Health":1.000000, "Value":284844 }, { "Slot":"Slot03_Size4", "Item":"Int_ShieldGenerator_Size4_Class5", "On":true, "Priority":0, "Health":1.000000, "Value":1610080 }, { "Slot":"Slot04_Size2", "Item":"Int_BuggyBay_Size2_Class1", "On":true, "Priority":0, "Health":1.000000, "Value":18000 }, { "Slot":"Slot05_Size2", "Item":"Int_FSDInterdictor_Size1_Class2", "On":true, "Priority":0, "Health":1.000000, "Value":36000 }, { "Slot":"Slot06_Size2", "Item":"Int_StellarBodyDiscoveryScanner_Advanced", "On":true, "Priority":1, "Health":1.000000, "Value":1545000 }, { "Slot":"PlanetaryApproachSuite", "Item":"Int_PlanetApproachSuite", "On":true, "Priority":1, "Health":1.000000, "Value":500 }, { "Slot":"ShipCockpit", "Item":"CobraMkIII_Cockpit", "On":true, "Priority":1, "Health":1.000000, "Value":0 }, { "Slot":"CargoHatch", "Item":"ModularCargoBayDoor", "On":true, "Priority":2, "Health":1.000000, "Value":0 } ] }
{ "timestamp":"2018-01-03T01:43:12Z", "event":"Materials", "Raw":[ { "Name":"phosphorus", "Count":15 }, { "Name":"iron", "Count":24 }, { "Name":"sulphur", "Count":18 }, { "Name":"nickel", "Count":21 }, { "Name":"carbon", "Count":15 }, { "Name":"chromium", "Count":6 }, { "Name":"molybdenum", "Count":3 }, { "Name":"manganese", "Count":6 }, { "Name":"cadmium", "Count":3 }, { "Name":"germanium", "Count":3 } ], "Manufactured":[ { "Name":"gridresistors", "Count":10 }, { "Name":"mechanicalscrap", "Count":10 }, { "Name":"mechanicalequipment", "Count":9 }, { "Name":"heatconductionwiring", "Count":6 }, { "Name":"focuscrystals", "Count":16 }, { "Name":"salvagedalloys", "Count":36 }, { "Name":"chemicalprocessors", "Count":21 }, { "Name":"heatdispersionplate", "Count":3 }, { "Name":"phasealloys", "Count":15 }, { "Name":"shieldingsensors", "Count":18 }, { "Name":"wornshieldemitters", "Count":48 }, { "Name":"galvanisingalloys", "Count":33 }, { "Name":"uncutfocuscrystals", "Count":1 }, { "Name":"hybridcapacitors", "Count":1 }, { "Name":"configurablecomponents", "Count":6 }, { "Name":"highdensitycomposites", "Count":6 }, { "Name":"mechanicalcomponents", "Count":3 }, { "Name":"fedproprietarycomposites", "Count":12 }, { "Name":"fedcorecomposites", "Count":3 }, { "Name":"shieldemitters", "Count":6 }, { "Name":"conductivecomponents", "Count":1 }, { "Name":"refinedfocuscrystals", "Count":6 }, { "Name":"chemicaldistillery", "Count":3 }, { "Name":"protolightalloys", "Count":3 }, { "Name":"conductiveceramics", "Count":1 }, { "Name":"precipitatedalloys", "Count":1 } ], "Encoded":[ { "Name":"decodedemissiondata", "Count":3 }, { "Name":"emissiondata", "Count":6 }, { "Name":"shieldsoakanalysis", "Count":15 }, { "Name":"shielddensityreports", "Count":24 }, { "Name":"scanarchives", "Count":12 }, { "Name":"shieldpatternanalysis", "Count":12 }, { "Name":"shieldcyclerecordings", "Count":36 }, { "Name":"encodedscandata", "Count":9 }, { "Name":"fsdtelemetry", "Count":5 }, { "Name":"scandatabanks", "Count":4 }, { "Name":"legacyfirmware", "Count":7 }, { "Name":"archivedemissiondata", "Count":3 }, { "Name":"disruptedwakeechoes", "Count":5 }, { "Name":"industrialfirmware", "Count":2 }, { "Name":"bulkscandata", "Count":7 }, { "Name":"embeddedfirmware", "Count":1 }, { "Name":"scrambledemissiondata", "Count":1 } ] }
{ "timestamp":"2018-01-03T01:43:12Z", "event":"LoadGame", "Commander":"Sleep Runner", "Ship":"CobraMkIII", "ShipID":1, "ShipName":"SLEEPY-ONE", "ShipIdent":"#SLEEP", "FuelLevel":15.445661, "FuelCapacity":16.000000, "GameMode":"Open", "Credits":277644, "Loan":0 }
{ "timestamp":"2018-01-03T01:43:12Z", "event":"Rank", "Combat":1, "Trade":3, "Explore":3, "Empire":0, "Federation":1, "CQC":0 }
{ "timestamp":"2018-01-03T01:43:12Z", "event":"Progress", "Combat":2, "Trade":23, "Explore":2, "Empire":0, "Federation":81, "CQC":0 }
{ "timestamp":"2018-01-03T01:43:17Z", "event":"ApproachSettlement", "Name":"Bisson Installation" }
{ "timestamp":"2018-01-03T01:43:17Z", "event":"ApproachSettlement", "Name":"Clapperton Enterprise ++" }
{ "timestamp":"2018-01-03T01:43:23Z", "event":"Location", "Docked":false, "StarSystem":"Aritimi", "StarPos":[-64.656,31.063,19.875], "SystemAllegiance":"Federation", "SystemEconomy":"$economy_Agri;", "SystemEconomy_Localised":"Сельское хозяйство", "SystemGovernment":"$government_Corporate;", "SystemGovernment_Localised":"Корпоративная", "SystemSecurity":"$SYSTEM_SECURITY_medium;", "SystemSecurity_Localised":"Средн. ур. безопасности", "Population":680115139, "Body":"Aritimi 9 c", "BodyType":"Planet", "Factions":[ { "Name":"Aritimi Free", "FactionState":"Boom", "Government":"Democracy", "Influence":0.164000, "Allegiance":"Federation" }, { "Name":"Pilots Federation Local Branch", "FactionState":"None", "Government":"Democracy", "Influence":0.000000, "Allegiance":"PilotsFederation" }, { "Name":"Nootkenk People's Co-operative", "FactionState":"None", "Government":"Cooperative", "Influence":0.109000, "Allegiance":"Independent", "PendingStates":[ { "State":"Outbreak", "Trend":0 } ], "RecoveringStates":[ { "State":"Boom", "Trend":-1 } ] }, { "Name":"Future of Bhumatz", "FactionState":"Boom", "Government":"Democracy", "Influence":0.075000, "Allegiance":"Federation", "PendingStates":[ { "State":"War", "Trend":0 }, { "State":"Retreat", "Trend":0 } ] }, { "Name":"Aritimi Exchange", "FactionState":"Boom", "Government":"Corporate", "Influence":0.442000, "Allegiance":"Federation" }, { "Name":"Natural Aritimi League", "FactionState":"Boom", "Government":"Dictatorship", "Influence":0.075000, "Allegiance":"Independent", "PendingStates":[ { "State":"War", "Trend":0 } ], "RecoveringStates":[ { "State":"Famine", "Trend":0 } ] }, { "Name":"Aritimi Services", "FactionState":"Boom", "Government":"Corporate", "Influence":0.097000, "Allegiance":"Independent", "PendingStates":[ { "State":"Famine", "Trend":0 } ] }, { "Name":"Partnership of Aritimi", "FactionState":"None", "Government":"Anarchy", "Influence":0.038000, "Allegiance":"Independent" } ], "SystemFaction":"Aritimi Exchange", "FactionState":"Boom" }
{ "timestamp":"2018-01-03T01:43:23Z", "event":"Music", "MusicTrack":"NoTrack" }
{ "timestamp":"2018-01-03T01:43:23Z", "event":"Music", "MusicTrack":"Exploration" }
{ "timestamp":"2018-01-03T01:43:33Z", "event":"Music", "MusicTrack":"SystemMap" }
{ "timestamp":"2018-01-03T01:43:46Z", "event":"Music", "MusicTrack":"Exploration" }
{ "timestamp":"2018-01-03T01:43:58Z", "event":"StartJump", "JumpType":"Supercruise" }
{ "timestamp":"2018-01-03T01:43:58Z", "event":"ApproachSettlement", "Name":"Haller Point" }
{ "timestamp":"2018-01-03T01:43:58Z", "event":"ApproachSettlement", "Name":"Aguirre Hub" }
{ "timestamp":"2018-01-03T01:43:58Z", "event":"ApproachSettlement", "Name":"Bisson Installation" }
{ "timestamp":"2018-01-03T01:43:58Z", "event":"ApproachSettlement", "Name":"Clapperton Enterprise ++" }
{ "timestamp":"2018-01-03T01:44:03Z", "event":"SupercruiseEntry", "StarSystem":"Aritimi" }
{ "timestamp":"2018-01-03T01:44:03Z", "event":"Music", "MusicTrack":"Supercruise" }
{ "timestamp":"2018-01-03T01:46:21Z", "event":"ApproachSettlement", "Name":"Bernoulli Oasis" }
{ "timestamp":"2018-01-03T01:46:22Z", "event":"ApproachSettlement", "Name":"Leestma Stop +++" }
{ "timestamp":"2018-01-03T01:46:22Z", "event":"ApproachSettlement", "Name":"Bartoe Installation +" }
{ "timestamp":"2018-01-03T01:46:29Z", "event":"SupercruiseExit", "StarSystem":"Aritimi", "Body":"Aritimi 9 b", "BodyType":"Planet" }
{ "timestamp":"2018-01-03T01:46:29Z", "event":"Music", "MusicTrack":"Exploration" }
{ "timestamp":"2018-01-03T01:47:37Z", "event":"StartJump", "JumpType":"Supercruise" }
{ "timestamp":"2018-01-03T01:47:37Z", "event":"ApproachSettlement", "Name":"Bartoe Installation +" }
{ "timestamp":"2018-01-03T01:47:37Z", "event":"ApproachSettlement", "Name":"Leestma Stop +++" }
{ "timestamp":"2018-01-03T01:47:37Z", "event":"ApproachSettlement", "Name":"Bernoulli Oasis" }
{ "timestamp":"2018-01-03T01:47:42Z", "event":"SupercruiseEntry", "StarSystem":"Aritimi" }
{ "timestamp":"2018-01-03T01:47:42Z", "event":"Music", "MusicTrack":"Supercruise" }
{ "timestamp":"2018-01-03T01:48:37Z", "event":"ApproachSettlement", "Name":"Bartoe Installation +" }
{ "timestamp":"2018-01-03T01:48:39Z", "event":"SupercruiseExit", "StarSystem":"Aritimi", "Body":"Aritimi 9 b", "BodyType":"Planet" }
{ "timestamp":"2018-01-03T01:48:39Z", "event":"Music", "MusicTrack":"Exploration" }
{ "timestamp":"2018-01-03T01:50:13Z", "event":"StartJump", "JumpType":"Supercruise" }
{ "timestamp":"2018-01-03T01:50:13Z", "event":"ApproachSettlement", "Name":"Bartoe Installation +" }
{ "timestamp":"2018-01-03T01:50:13Z", "event":"ApproachSettlement", "Name":"Leestma Stop +++" }
{ "timestamp":"2018-01-03T01:50:13Z", "event":"ApproachSettlement", "Name":"Bernoulli Oasis" }
{ "timestamp":"2018-01-03T01:50:18Z", "event":"SupercruiseEntry", "StarSystem":"Aritimi" }
{ "timestamp":"2018-01-03T01:50:18Z", "event":"Music", "MusicTrack":"Supercruise" }
{ "timestamp":"2018-01-03T01:50:23Z", "event":"ApproachSettlement", "Name":"Bartoe Installation +" }
{ "timestamp":"2018-01-03T01:50:26Z", "event":"SupercruiseExit", "StarSystem":"Aritimi", "Body":"Aritimi 9 b", "BodyType":"Planet" }
{ "timestamp":"2018-01-03T01:50:26Z", "event":"Music", "MusicTrack":"Exploration" }
{ "timestamp":"2018-01-03T01:52:19Z", "event":"Touchdown", "PlayerControlled":true, "Latitude":-17.599018, "Longitude":-84.099525 }
{ "timestamp":"2018-01-03T01:55:34Z", "event":"LaunchSRV", "Loadout":"starter", "PlayerControlled":true }
{ "timestamp":"2018-01-03T01:55:53Z", "event":"Liftoff", "PlayerControlled":false }
{ "timestamp":"2018-01-03T01:58:13Z", "event":"Music", "MusicTrack":"Combat_SRV" }
{ "timestamp":"2018-01-03T01:58:13Z", "event":"CommitCrime", "CrimeType":"assault", "Faction":"Aritimi Exchange", "Victim":"$poi_generator_name;", "Victim_Localised":"Генератор", "Bounty":400 }
{ "timestamp":"2018-01-03T01:58:16Z", "event":"MissionRedirected", "MissionID":278520079, "Name":"Mission_Disable_CivilWar_name", "NewDestinationStation":"Vela Port", "NewDestinationSystem":"Amarak", "OldDestinationStation":"Bartoe Installation +", "OldDestinationSystem":"Aritimi" }
{ "timestamp":"2018-01-03T01:58:28Z", "event":"CommitCrime", "CrimeType":"assault", "Faction":"Aritimi Exchange", "Victim":"$poi_turretbasea_name;", "Victim_Localised":"Оборонительная турель", "Bounty":400 }
{ "timestamp":"2018-01-03T01:58:30Z", "event":"HullDamage", "Health":0.798360, "PlayerPilot":true }
{ "timestamp":"2018-01-03T01:58:53Z", "event":"SelfDestruct" }
{ "timestamp":"2018-01-03T01:58:54Z", "event":"Music", "MusicTrack":"Exploration" }
{ "timestamp":"2018-01-03T01:58:55Z", "event":"HeatWarning" }
{ "timestamp":"2018-01-03T01:58:57Z", "event":"HeatDamage" }
{ "timestamp":"2018-01-03T01:59:12Z", "event":"HullDamage", "Health":0.589997, "PlayerPilot":true }
{ "timestamp":"2018-01-03T01:59:26Z", "event":"Music", "MusicTrack":"NoTrack" }
{ "timestamp":"2018-01-03T01:59:27Z", "event":"ApproachSettlement", "Name":"Bartoe Installation +" }
{ "timestamp":"2018-01-03T01:59:33Z", "event":"Location", "Docked":false, "StarSystem":"Aritimi", "StarPos":[-64.656,31.063,19.875], "SystemAllegiance":"Federation", "SystemEconomy":"$economy_Agri;", "SystemEconomy_Localised":"Сельское хозяйство", "SystemGovernment":"$government_Corporate;", "SystemGovernment_Localised":"Корпоративная", "SystemSecurity":"$SYSTEM_SECURITY_medium;", "SystemSecurity_Localised":"Средн. ур. безопасности", "Population":680115139, "Body":"Aritimi 9 b", "BodyType":"Planet", "Factions":[ { "Name":"Aritimi Free", "FactionState":"Boom", "Government":"Democracy", "Influence":0.164000, "Allegiance":"Federation" }, { "Name":"Pilots Federation Local Branch", "FactionState":"None", "Government":"Democracy", "Influence":0.000000, "Allegiance":"PilotsFederation" }, { "Name":"Nootkenk People's Co-operative", "FactionState":"None", "Government":"Cooperative", "Influence":0.109000, "Allegiance":"Independent", "PendingStates":[ { "State":"Outbreak", "Trend":0 } ], "RecoveringStates":[ { "State":"Boom", "Trend":-1 } ] }, { "Name":"Future of Bhumatz", "FactionState":"Boom", "Government":"Democracy", "Influence":0.075000, "Allegiance":"Federation", "PendingStates":[ { "State":"War", "Trend":0 }, { "State":"Retreat", "Trend":0 } ] }, { "Name":"Aritimi Exchange", "FactionState":"Boom", "Government":"Corporate", "Influence":0.442000, "Allegiance":"Federation" }, { "Name":"Natural Aritimi League", "FactionState":"Boom", "Government":"Dictatorship", "Influence":0.075000, "Allegiance":"Independent", "PendingStates":[ { "State":"War", "Trend":0 } ], "RecoveringStates":[ { "State":"Famine", "Trend":0 } ] }, { "Name":"Aritimi Services", "FactionState":"Boom", "Government":"Corporate", "Influence":0.097000, "Allegiance":"Independent", "PendingStates":[ { "State":"Famine", "Trend":0 } ] }, { "Name":"Partnership of Aritimi", "FactionState":"None", "Government":"Anarchy", "Influence":0.038000, "Allegiance":"Independent" } ], "SystemFaction":"Aritimi Exchange", "FactionState":"Boom" }
{ "timestamp":"2018-01-03T01:59:33Z", "event":"Music", "MusicTrack":"Exploration" }
{ "timestamp":"2018-01-03T01:59:53Z", "event":"StartJump", "JumpType":"Supercruise" }
{ "timestamp":"2018-01-03T01:59:53Z", "event":"ApproachSettlement", "Name":"Bartoe Installation +" }
{ "timestamp":"2018-01-03T01:59:53Z", "event":"ApproachSettlement", "Name":"Leestma Stop +++" }
{ "timestamp":"2018-01-03T01:59:53Z", "event":"ApproachSettlement", "Name":"Bernoulli Oasis" }
{ "timestamp":"2018-01-03T01:59:58Z", "event":"SupercruiseEntry", "StarSystem":"Aritimi" }
{ "timestamp":"2018-01-03T01:59:58Z", "event":"Music", "MusicTrack":"Supercruise" }
{ "timestamp":"2018-01-03T02:00:19Z", "event":"Music", "MusicTrack":"GalaxyMap" }
{ "timestamp":"2018-01-03T02:00:25Z", "event":"Music", "MusicTrack":"SystemMap" }
{ "timestamp":"2018-01-03T02:00:50Z", "event":"Music", "MusicTrack":"Supercruise" }
{ "timestamp":"2018-01-03T02:01:08Z", "event":"StartJump", "JumpType":"Hyperspace", "StarSystem":"Herculis Sector KM-W b1-5", "StarClass":"M" }
{ "timestamp":"2018-01-03T02:01:13Z", "event":"Music", "MusicTrack":"NoTrack" }
{ "timestamp":"2018-01-03T02:01:27Z", "event":"FSDJump", "StarSystem":"Herculis Sector KM-W b1-5", "StarPos":[-67.813,27.531,22.938], "SystemAllegiance":"", "SystemEconomy":"$economy_None;", "SystemEconomy_Localised":"Нет", "SystemGovernment":"$government_None;", "SystemGovernment_Localised":"Нет", "SystemSecurity":"$GAlAXY_MAP_INFO_state_anarchy;", "SystemSecurity_Localised":"Анархия", "Population":0, "JumpDist":5.640, "FuelUsed":0.182199, "FuelLevel":15.263462 }
{ "timestamp":"2018-01-03T02:01:27Z", "event":"Music", "MusicTrack":"Supercruise" }
{ "timestamp":"2018-01-03T02:01:46Z", "event":"FuelScoop", "Scooped":0.736539, "Total":16.000000 }
{ "timestamp":"2018-01-03T02:03:14Z", "event":"StartJump", "JumpType":"Hyperspace", "StarSystem":"Amarak", "StarClass":"M" }
{ "timestamp":"2018-01-03T02:03:20Z", "event":"Music", "MusicTrack":"NoTrack" }
{ "timestamp":"2018-01-03T02:03:33Z", "event":"FSDJump", "StarSystem":"Amarak", "StarPos":[-68.438,26.000,26.469], "SystemAllegiance":"Federation", "SystemEconomy":"$economy_HighTech;", "SystemEconomy_Localised":"Высокие технологии", "SystemGovernment":"$government_Corporate;", "SystemGovernment_Localised":"Корпоративная", "SystemSecurity":"$SYSTEM_SECURITY_high;", "SystemSecurity_Localised":"Высок. ур. безопасности", "Population":10248421, "JumpDist":3.899, "FuelUsed":0.077999, "FuelLevel":15.432002, "Factions":[ { "Name":"Pilots Federation Local Branch", "FactionState":"None", "Government":"Democracy", "Influence":0.000000, "Allegiance":"PilotsFederation" }, { "Name":"Tarutaalli Group", "FactionState":"None", "Government":"Corporate", "Influence":0.087000, "Allegiance":"Federation", "PendingStates":[ { "State":"Boom", "Trend":1 }, { "State":"CivilUnrest", "Trend":0 } ], "RecoveringStates":[ { "State":"Lockdown", "Trend":0 } ] }, { "Name":"Amarak Comms Partners", "FactionState":"Boom", "Government":"Corporate", "Influence":0.500000, "Allegiance":"Federation" }, { "Name":"Amarak Dominion", "FactionState":"Boom", "Government":"Dictatorship", "Influence":0.152000, "Allegiance":"Independent" }, { "Name":"Amarak Silver Family", "FactionState":"CivilWar", "Government":"Anarchy", "Influence":0.073000, "Allegiance":"Independent", "RecoveringStates":[ { "State":"Boom", "Trend":0 } ] }, { "Name":"Syndicate of LHS 3385", "FactionState":"Boom", "Government":"Anarchy", "Influence":0.070000, "Allegiance":"Independent" }, { "Name":"Amarak Republic Party", "FactionState":"CivilWar", "Government":"Democracy", "Influence":0.073000, "Allegiance":"Federation", "PendingStates":[ { "State":"Boom", "Trend":0 } ] }, { "Name":"Ronin of Amarak", "FactionState":"None", "Government":"Anarchy", "Influence":0.045000, "Allegiance":"Independent" } ], "SystemFaction":"Amarak Comms Partners", "FactionState":"Boom" }
{ "timestamp":"2018-01-03T02:03:33Z", "event":"Music", "MusicTrack":"Supercruise" }
{ "timestamp":"2018-01-03T02:03:48Z", "event":"FuelScoop", "Scooped":0.567991, "Total":16.000000 }
{ "timestamp":"2018-01-03T02:04:07Z", "event":"StartJump", "JumpType":"Hyperspace", "StarSystem":"LHS 3385", "StarClass":"K" }
{ "timestamp":"2018-01-03T02:04:12Z", "event":"Music", "MusicTrack":"NoTrack" }
{ "timestamp":"2018-01-03T02:04:25Z", "event":"FSDJump", "StarSystem":"LHS 3385", "StarPos":[-69.219,28.813,30.250], "SystemAllegiance":"Federation", "SystemEconomy":"$economy_Military;", "SystemEconomy_Localised":"Военная", "SystemGovernment":"$government_Corporate;", "SystemGovernment_Localised":"Корпоративная", "SystemSecurity":"$SYSTEM_SECURITY_medium;", "SystemSecurity_Localised":"Средн. ур. безопасности", "Population":129822, "JumpDist":4.777, "FuelUsed":0.124855, "FuelLevel":15.875145, "Factions":[ { "Name":"LHS 3385 People's Party", "FactionState":"Boom", "Government":"Communism", "Influence":0.095000, "Allegiance":"Independent", "PendingStates":[ { "State":"CivilWar", "Trend":0 } ] }, { "Name":"Pilots Federation Local Branch", "FactionState":"None", "Government":"Democracy", "Influence":0.000000, "Allegiance":"PilotsFederation" }, { "Name":"Halai Republic Party", "FactionState":"None", "Government":"Democracy", "Influence":0.031000, "Allegiance":"Federation", "PendingStates":[ { "State":"Boom", "Trend":1 }, { "State":"Lockdown", "Trend":1 } ] }, { "Name":"Amarak Comms Partners", "FactionState":"Boom", "Government":"Corporate", "Influence":0.432000, "Allegiance":"Federation" }, { "Name":"LHS 3385 Dynamic Industries", "FactionState":"None", "Government":"Corporate", "Influence":0.247000, "Allegiance":"Federation" }, { "Name":"LHS 3385 Regulatory State", "FactionState":"None", "Government":"Dictatorship", "Influence":0.072000, "Allegiance":"Independent", "PendingStates":[ { "State":"Famine", "Trend":0 }, { "State":"CivilWar", "Trend":0 } ] }, { "Name":"Syndicate of LHS 3385", "FactionState":"Boom", "Government":"Anarchy", "Influence":0.054000, "Allegiance":"Independent" }, { "Name":"Amarak Republic Party", "FactionState":"None", "Government":"Democracy", "Influence":0.069000, "Allegiance":"Federation", "PendingStates":[ { "State":"Boom", "Trend":0 } ] } ], "SystemFaction":"Amarak Comms Partners", "FactionState":"Boom" }
{ "timestamp":"2018-01-03T02:04:25Z", "event":"Music", "MusicTrack":"Supercruise" }
{ "timestamp":"2018-01-03T02:04:34Z", "event":"FuelScoop", "Scooped":0.124852, "Total":16.000000 }
{ "timestamp":"2018-01-03T02:04:52Z", "event":"StartJump", "JumpType":"Hyperspace", "StarSystem":"Ho Hsien", "StarClass":"K" }
{ "timestamp":"2018-01-03T02:04:58Z", "event":"Music", "MusicTrack":"NoTrack" }
{ "timestamp":"2018-01-03T02:05:11Z", "event":"FSDJump", "StarSystem":"Ho Hsien", "StarPos":[-76.031,21.906,38.094], "SystemAllegiance":"Federation", "SystemEconomy":"$economy_HighTech;", "SystemEconomy_Localised":"Высокие технологии", "SystemGovernment":"$government_Corporate;", "SystemGovernment_Localised":"Корпоративная", "SystemSecurity":"$SYSTEM_SECURITY_high;", "SystemSecurity_Localised":"Высок. ур. безопасности", "Population":7437159, "JumpDist":12.475, "FuelUsed":1.135827, "FuelLevel":14.864173, "Factions":[ { "Name":"HR 7079 Exchange", "FactionState":"None", "Government":"Corporate", "Influence":0.079000, "Allegiance":"Federation", "PendingStates":[ { "State":"Outbreak", "Trend":1 } ] }, { "Name":"Pilots Federation Local Branch", "FactionState":"None", "Government":"Democracy", "Influence":0.000000, "Allegiance":"PilotsFederation" }, { "Name":"Tarutaalli Group", "FactionState":"None", "Government":"Corporate", "Influence":0.067000, "Allegiance":"Federation", "PendingStates":[ { "State":"Boom", "Trend":1 }, { "State":"CivilUnrest", "Trend":0 } ], "RecoveringStates":[ { "State":"Lockdown", "Trend":0 } ] }, { "Name":"Ho Hsien Corporation", "FactionState":"Boom", "Government":"Corporate", "Influence":0.525000, "Allegiance":"Federation" }, { "Name":"Official Ho Hsien Liberty Party", "FactionState":"Famine", "Government":"Dictatorship", "Influence":0.117000, "Allegiance":"Independent", "PendingStates":[ { "State":"Boom", "Trend":0 }, { "State":"CivilWar", "Trend":0 } ] }, { "Name":"Ho Hsien Values Party", "FactionState":"None", "Government":"Democracy", "Influence":0.046000, "Allegiance":"Independent" }, { "Name":"Ho Hsien Purple Clan", "FactionState":"Boom", "Government":"Anarchy", "Influence":0.049000, "Allegiance":"Independent" }, { "Name":"Ho Hsien Legal Group", "FactionState":"Boom", "Government":"Corporate", "Influence":0.117000, "Allegiance":"Independent", "PendingStates":[ { "State":"CivilWar", "Trend":0 } ] } ], "SystemFaction":"Ho Hsien Corporation", "FactionState":"Boom" }
{ "timestamp":"2018-01-03T02:05:11Z", "event":"Music", "MusicTrack":"DestinationFromHyperspace" }
{ "timestamp":"2018-01-03T02:05:16Z", "event":"Music", "MusicTrack":"Supercruise" }
{ "timestamp":"2018-01-03T02:05:19Z", "event":"FuelScoop", "Scooped":0.007322, "Total":14.871491 }
{ "timestamp":"2018-01-03T02:06:56Z", "event":"SupercruiseExit", "StarSystem":"Ho Hsien", "Body":"Bushnell Enterprise", "BodyType":"Station" }
{ "timestamp":"2018-01-03T02:06:56Z", "event":"Music", "MusicTrack":"Exploration" }
{ "timestamp":"2018-01-03T02:07:21Z", "event":"StartJump", "JumpType":"Supercruise" }
{ "timestamp":"2018-01-03T02:07:26Z", "event":"SupercruiseEntry", "StarSystem":"Ho Hsien" }
{ "timestamp":"2018-01-03T02:07:27Z", "event":"Music", "MusicTrack":"Supercruise" }
{ "timestamp":"2018-01-03T02:07:31Z", "event":"SupercruiseExit", "StarSystem":"Ho Hsien", "Body":"Bushnell Enterprise", "BodyType":"Station" }
{ "timestamp":"2018-01-03T02:07:31Z", "event":"Music", "MusicTrack":"DestinationFromSupercruise" }
{ "timestamp":"2018-01-03T02:07:36Z", "event":"Music", "MusicTrack":"Exploration" }
{ "timestamp":"2018-01-03T02:07:39Z", "event":"ReceiveText", "From":"Bushnell Enterprise", "Message":"$DockingFailed_Distance:#distance=7500;", "Message_Localised":"В запросе на стыковку отказано, приблизьтесь на 7500 м", "Channel":"npc" }
{ "timestamp":"2018-01-03T02:07:39Z", "event":"DockingDenied", "Reason":"Distance", "StationName":"Bushnell Enterprise" }
{ "timestamp":"2018-01-03T02:07:48Z", "event":"StartJump", "JumpType":"Supercruise" }
{ "timestamp":"2018-01-03T02:07:53Z", "event":"SupercruiseEntry", "StarSystem":"Ho Hsien" }
{ "timestamp":"2018-01-03T02:07:53Z", "event":"Music", "MusicTrack":"Supercruise" }
{ "timestamp":"2018-01-03T02:08:26Z", "event":"SupercruiseExit", "StarSystem":"Ho Hsien", "Body":"Bushnell Enterprise", "BodyType":"Station" }
{ "timestamp":"2018-01-03T02:08:26Z", "event":"Music", "MusicTrack":"DestinationFromSupercruise" }
{ "timestamp":"2018-01-03T02:08:31Z", "event":"Music", "MusicTrack":"Exploration" }
{ "timestamp":"2018-01-03T02:08:32Z", "event":"ReceiveText", "From":"Bushnell Enterprise", "Message":"$STATION_NoFireZone_entered;", "Message_Localised":"Вы вошли в зону запрета огня", "Channel":"npc" }
{ "timestamp":"2018-01-03T02:08:34Z", "event":"DockingRequested", "StationName":"Bushnell Enterprise" }
{ "timestamp":"2018-01-03T02:08:34Z", "event":"ReceiveText", "From":"Bushnell Enterprise", "Message":"$DockingChatter_Neutral;", "Message_Localised":"Строго соблюдайте правила поведения в порту, пилот.", "Channel":"npc" }
{ "timestamp":"2018-01-03T02:08:35Z", "event":"ReceiveText", "From":"Bushnell Enterprise", "Message":"$STATION_docking_granted;", "Message_Localised":"Стыковка разрешена", "Channel":"npc" }
{ "timestamp":"2018-01-03T02:08:35Z", "event":"DockingGranted", "LandingPad":2, "StationName":"Bushnell Enterprise" }
{ "timestamp":"2018-01-03T02:09:26Z", "event":"Docked", "StationName":"Bushnell Enterprise", "StationType":"Outpost", "StarSystem":"Ho Hsien", "StationFaction":"Ho Hsien Corporation", "FactionState":"Boom", "StationGovernment":"$government_Corporate;", "StationGovernment_Localised":"Корпоративная", "StationAllegiance":"Federation", "StationServices":[ "Dock", "Autodock", "BlackMarket", "Commodities", "Contacts", "Exploration", "Missions", "Rearm", "Refuel", "MissionsGenerated", "FlightController", "StationOperations", "Powerplay", "SearchAndRescue" ], "StationEconomy":"$economy_HighTech;", "StationEconomy_Localised":"Высокие технологии", "DistFromStarLS":664.647400 }
{ "timestamp":"2018-01-03T02:09:35Z", "event":"RestockVehicle", "Type":"testbuggy", "Loadout":"starter", "Cost":1030, "Count":1 }
{ "timestamp":"2018-01-03T02:09:36Z", "event":"RefuelAll", "Cost":65, "Amount":1.280041 }
{ "timestamp":"2018-01-03T02:09:56Z", "event":"Undocked", "StationName":"Bushnell Enterprise", "StationType":"Outpost" }
{ "timestamp":"2018-01-03T02:10:35Z", "event":"Music", "MusicTrack":"GalaxyMap" }
{ "timestamp":"2018-01-03T02:10:39Z", "event":"Music", "MusicTrack":"SystemMap" }
{ "timestamp":"2018-01-03T02:10:43Z", "event":"ReceiveText", "From":"Bushnell Enterprise", "Message":"$STATION_NoFireZone_exited;", "Message_Localised":"Вы вышли из зоны запрета огня", "Channel":"npc" }
{ "timestamp":"2018-01-03T02:10:48Z", "event":"Music", "MusicTrack":"Exploration" }
{ "timestamp":"2018-01-03T02:11:05Z", "event":"StartJump", "JumpType":"Supercruise" }
{ "timestamp":"2018-01-03T02:11:10Z", "event":"SupercruiseEntry", "StarSystem":"Ho Hsien" }
{ "timestamp":"2018-01-03T02:11:10Z", "event":"Music", "MusicTrack":"Supercruise" }
{ "timestamp":"2018-01-03T02:14:10Z", "event":"ApproachSettlement", "Name":"Moseley Base +" }
{ "timestamp":"2018-01-03T02:14:11Z", "event":"ApproachSettlement", "Name":"Onufriyenko Hub" }
{ "timestamp":"2018-01-03T02:14:15Z", "event":"ApproachSettlement", "Name":"Moseley Base +" }
{ "timestamp":"2018-01-03T02:14:15Z", "event":"SupercruiseExit", "StarSystem":"Ho Hsien", "Body":"Ho Hsien 7", "BodyType":"Planet" }
{ "timestamp":"2018-01-03T02:14:16Z", "event":"Music", "MusicTrack":"Exploration" }
{ "timestamp":"2018-01-03T02:15:32Z", "event":"StartJump", "JumpType":"Supercruise" }
{ "timestamp":"2018-01-03T02:15:32Z", "event":"ApproachSettlement", "Name":"Onufriyenko Hub" }
{ "timestamp":"2018-01-03T02:15:32Z", "event":"ApproachSettlement", "Name":"Moseley Base +" }
{ "timestamp":"2018-01-03T02:15:37Z", "event":"SupercruiseEntry", "StarSystem":"Ho Hsien" }
{ "timestamp":"2018-01-03T02:15:37Z", "event":"Music", "MusicTrack":"Supercruise" }
{ "timestamp":"2018-01-03T02:16:24Z", "event":"ApproachSettlement", "Name":"Moseley Base +" }
{ "timestamp":"2018-01-03T02:16:26Z", "event":"SupercruiseExit", "StarSystem":"Ho Hsien", "Body":"Ho Hsien 7", "BodyType":"Planet" }
{ "timestamp":"2018-01-03T02:16:27Z", "event":"Music", "MusicTrack":"Exploration" }
{ "timestamp":"2018-01-03T02:17:14Z", "event":"ShieldState", "ShieldsUp":false }
{ "timestamp":"2018-01-03T02:17:29Z", "event":"HullDamage", "Health":0.785149, "PlayerPilot":true, "Fighter":false }
{ "timestamp":"2018-01-03T02:17:58Z", "event":"ShieldState", "ShieldsUp":true }
{ "timestamp":"2018-01-03T02:18:45Z", "event":"Touchdown", "PlayerControlled":true, "Latitude":-22.588305, "Longitude":-177.381775 }
{ "timestamp":"2018-01-03T02:18:49Z", "event":"LaunchSRV", "Loadout":"starter", "PlayerControlled":true }
{ "timestamp":"2018-01-03T02:19:38Z", "event":"Liftoff", "PlayerControlled":false }
{ "timestamp":"2018-01-03T02:20:46Z", "event":"Music", "MusicTrack":"Combat_SRV" }
{ "timestamp":"2018-01-03T02:20:46Z", "event":"CommitCrime", "CrimeType":"assault", "Faction":"Ho Hsien Corporation", "Victim":"$poi_turretbasea_name;", "Victim_Localised":"Оборонительная турель", "Bounty":400 }
{ "timestamp":"2018-01-03T02:20:57Z", "event":"CommitCrime", "CrimeType":"assault", "Faction":"Ho Hsien Corporation", "Victim":"$poi_turretbasea_name;", "Victim_Localised":"Оборонительная турель", "Bounty":400 }
{ "timestamp":"2018-01-03T02:21:11Z", "event":"CommitCrime", "CrimeType":"assault", "Faction":"Ho Hsien Corporation", "Victim":"$poi_generator_name;", "Victim_Localised":"Генератор", "Bounty":400 }
{ "timestamp":"2018-01-03T02:21:14Z", "event":"MissionRedirected", "MissionID":278520100, "Name":"Mission_Disable_CivilWar_name", "NewDestinationStation":"Vela Port", "NewDestinationSystem":"Amarak", "OldDestinationStation":"Moseley Base +", "OldDestinationSystem":"Ho Hsien" }
{ "timestamp":"2018-01-03T02:21:14Z", "event":"Music", "MusicTrack":"Exploration" }
{ "timestamp":"2018-01-03T02:21:41Z", "event":"SelfDestruct" }
{ "timestamp":"2018-01-03T02:21:43Z", "event":"HeatWarning" }
{ "timestamp":"2018-01-03T02:21:45Z", "event":"HeatDamage" }
{ "timestamp":"2018-01-03T02:22:01Z", "event":"HullDamage", "Health":0.775070, "PlayerPilot":true }
{ "timestamp":"2018-01-03T02:22:14Z", "event":"Music", "MusicTrack":"NoTrack" }
{ "timestamp":"2018-01-03T02:22:14Z", "event":"ApproachSettlement", "Name":"Moseley Base +" }
{ "timestamp":"2018-01-03T02:22:17Z", "event":"Location", "Docked":false, "StarSystem":"Ho Hsien", "StarPos":[-76.031,21.906,38.094], "SystemAllegiance":"Federation", "SystemEconomy":"$economy_HighTech;", "SystemEconomy_Localised":"Высокие технологии", "SystemGovernment":"$government_Corporate;", "SystemGovernment_Localised":"Корпоративная", "SystemSecurity":"$SYSTEM_SECURITY_high;", "SystemSecurity_Localised":"Высок. ур. безопасности", "Population":7437159, "Body":"Ho Hsien 7", "BodyType":"Planet", "Factions":[ { "Name":"HR 7079 Exchange", "FactionState":"None", "Government":"Corporate", "Influence":0.079000, "Allegiance":"Federation", "PendingStates":[ { "State":"Outbreak", "Trend":1 } ] }, { "Name":"Pilots Federation Local Branch", "FactionState":"None", "Government":"Democracy", "Influence":0.000000, "Allegiance":"PilotsFederation" }, { "Name":"Tarutaalli Group", "FactionState":"None", "Government":"Corporate", "Influence":0.067000, "Allegiance":"Federation", "PendingStates":[ { "State":"Boom", "Trend":1 }, { "State":"CivilUnrest", "Trend":0 } ], "RecoveringStates":[ { "State":"Lockdown", "Trend":0 } ] }, { "Name":"Ho Hsien Corporation", "FactionState":"Boom", "Government":"Corporate", "Influence":0.525000, "Allegiance":"Federation" }, { "Name":"Official Ho Hsien Liberty Party", "FactionState":"Famine", "Government":"Dictatorship", "Influence":0.117000, "Allegiance":"Independent", "PendingStates":[ { "State":"Boom", "Trend":0 }, { "State":"CivilWar", "Trend":0 } ] }, { "Name":"Ho Hsien Values Party", "FactionState":"None", "Government":"Democracy", "Influence":0.046000, "Allegiance":"Independent" }, { "Name":"Ho Hsien Purple Clan", "FactionState":"Boom", "Government":"Anarchy", "Influence":0.049000, "Allegiance":"Independent" }, { "Name":"Ho Hsien Legal Group", "FactionState":"Boom", "Government":"Corporate", "Influence":0.117000, "Allegiance":"Independent", "PendingStates":[ { "State":"CivilWar", "Trend":0 } ] } ], "SystemFaction":"Ho Hsien Corporation", "FactionState":"Boom" }
{ "timestamp":"2018-01-03T02:22:17Z", "event":"Music", "MusicTrack":"Exploration" }
{ "timestamp":"2018-01-03T02:22:29Z", "event":"StartJump", "JumpType":"Supercruise" }
{ "timestamp":"2018-01-03T02:22:30Z", "event":"ApproachSettlement", "Name":"Onufriyenko Hub" }
{ "timestamp":"2018-01-03T02:22:30Z", "event":"ApproachSettlement", "Name":"Moseley Base +" }
{ "timestamp":"2018-01-03T02:22:35Z", "event":"SupercruiseEntry", "StarSystem":"Ho Hsien" }
{ "timestamp":"2018-01-03T02:22:35Z", "event":"Music", "MusicTrack":"Supercruise" }
{ "timestamp":"2018-01-03T02:23:53Z", "event":"Music", "MusicTrack":"GalaxyMap" }
{ "timestamp":"2018-01-03T02:23:57Z", "event":"Music", "MusicTrack":"SystemMap" }
{ "timestamp":"2018-01-03T02:24:10Z", "event":"Music", "MusicTrack":"GalaxyMap" }
{ "timestamp":"2018-01-03T02:24:10Z", "event":"Music", "MusicTrack":"Supercruise" }
{ "timestamp":"2018-01-03T02:24:30Z", "event":"StartJump", "JumpType":"Hyperspace", "StarSystem":"Alrai Sector BQ-Y c25", "StarClass":"K" }
{ "timestamp":"2018-01-03T02:24:35Z", "event":"Music", "MusicTrack":"NoTrack" }
{ "timestamp":"2018-01-03T02:24:49Z", "event":"FSDJump", "StarSystem":"Alrai Sector BQ-Y c25", "StarPos":[-71.844,19.156,35.938], "SystemAllegiance":"", "SystemEconomy":"$economy_None;", "SystemEconomy_Localised":"Нет", "SystemGovernment":"$government_None;", "SystemGovernment_Localised":"Нет", "SystemSecurity":"$GAlAXY_MAP_INFO_state_anarchy;", "SystemSecurity_Localised":"Анархия", "Population":0, "JumpDist":5.454, "FuelUsed":0.169383, "FuelLevel":15.830617 }
{ "timestamp":"2018-01-03T02:24:49Z", "event":"Music", "MusicTrack":"Supercruise" }
{ "timestamp":"2018-01-03T02:25:00Z", "event":"FuelScoop", "Scooped":0.169376, "Total":16.000000 }
{ "timestamp":"2018-01-03T02:25:14Z", "event":"StartJump", "JumpType":"Hyperspace", "StarSystem":"Amarak", "StarClass":"M" }
{ "timestamp":"2018-01-03T02:25:20Z", "event":"Music", "MusicTrack":"NoTrack" }
{ "timestamp":"2018-01-03T02:25:33Z", "event":"FSDJump", "StarSystem":"Amarak", "StarPos":[-68.438,26.000,26.469], "SystemAllegiance":"Federation", "SystemEconomy":"$economy_HighTech;", "SystemEconomy_Localised":"Высокие технологии", "SystemGovernment":"$government_Corporate;", "SystemGovernment_Localised":"Корпоративная", "SystemSecurity":"$SYSTEM_SECURITY_high;", "SystemSecurity_Localised":"Высок. ур. безопасности", "Population":10248421, "JumpDist":12.169, "FuelUsed":1.072623, "FuelLevel":14.927378, "Factions":[ { "Name":"Pilots Federation Local Branch", "FactionState":"None", "Government":"Democracy", "Influence":0.000000, "Allegiance":"PilotsFederation" }, { "Name":"Tarutaalli Group", "FactionState":"None", "Government":"Corporate", "Influence":0.087000, "Allegiance":"Federation", "PendingStates":[ { "State":"Boom", "Trend":1 }, { "State":"CivilUnrest", "Trend":0 } ], "RecoveringStates":[ { "State":"Lockdown", "Trend":0 } ] }, { "Name":"Amarak Comms Partners", "FactionState":"Boom", "Government":"Corporate", "Influence":0.500000, "Allegiance":"Federation" }, { "Name":"Amarak Dominion", "FactionState":"Boom", "Government":"Dictatorship", "Influence":0.152000, "Allegiance":"Independent" }, { "Name":"Amarak Silver Family", "FactionState":"CivilWar", "Government":"Anarchy", "Influence":0.073000, "Allegiance":"Independent", "RecoveringStates":[ { "State":"Boom", "Trend":0 } ] }, { "Name":"Syndicate of LHS 3385", "FactionState":"Boom", "Government":"Anarchy", "Influence":0.070000, "Allegiance":"Independent" }, { "Name":"Amarak Republic Party", "FactionState":"CivilWar", "Government":"Democracy", "Influence":0.073000, "Allegiance":"Federation", "PendingStates":[ { "State":"Boom", "Trend":0 } ] }, { "Name":"Ronin of Amarak", "FactionState":"None", "Government":"Anarchy", "Influence":0.045000, "Allegiance":"Independent" } ], "SystemFaction":"Amarak Comms Partners", "FactionState":"Boom" }
{ "timestamp":"2018-01-03T02:25:33Z", "event":"Music", "MusicTrack":"Supercruise" }
{ "timestamp":"2018-01-03T02:25:40Z", "event":"FuelScoop", "Scooped":0.008206, "Total":14.935589 }
{ "timestamp":"2018-01-03T02:25:47Z", "event":"SupercruiseExit", "StarSystem":"Amarak", "Body":"Amarak A", "BodyType":"Star" }
{ "timestamp":"2018-01-03T02:25:48Z", "event":"Music", "MusicTrack":"Exploration" }
{ "timestamp":"2018-01-03T02:26:53Z", "event":"StartJump", "JumpType":"Supercruise" }
{ "timestamp":"2018-01-03T02:26:58Z", "event":"SupercruiseEntry", "StarSystem":"Amarak" }
{ "timestamp":"2018-01-03T02:26:59Z", "event":"Music", "MusicTrack":"Supercruise" }
{ "timestamp":"2018-01-03T02:29:14Z", "event":"SupercruiseExit", "StarSystem":"Amarak", "Body":"Vela Port", "BodyType":"Station" }
{ "timestamp":"2018-01-03T02:29:14Z", "event":"Music", "MusicTrack":"DestinationFromSupercruise" }
{ "timestamp":"2018-01-03T02:29:19Z", "event":"Music", "MusicTrack":"NoTrack" }
{ "timestamp":"2018-01-03T02:29:20Z", "event":"ReceiveText", "From":"Vela Port", "Message":"$STATION_NoFireZone_entered;", "Message_Localised":"Вы вошли в зону запрета огня", "Channel":"npc" }
{ "timestamp":"2018-01-03T02:29:22Z", "event":"DockingRequested", "StationName":"Vela Port" }
{ "timestamp":"2018-01-03T02:29:22Z", "event":"ReceiveText", "From":"Vela Port", "Message":"$DockingChatter_Neutral;", "Message_Localised":"Строго соблюдайте правила поведения в порту, пилот.", "Channel":"npc" }
{ "timestamp":"2018-01-03T02:29:23Z", "event":"ReceiveText", "From":"Vela Port", "Message":"$STATION_docking_granted;", "Message_Localised":"Стыковка разрешена", "Channel":"npc" }
{ "timestamp":"2018-01-03T02:29:23Z", "event":"DockingGranted", "LandingPad":27, "StationName":"Vela Port" }
{ "timestamp":"2018-01-03T02:29:54Z", "event":"Music", "MusicTrack":"Starport" }
{ "timestamp":"2018-01-03T02:30:28Z", "event":"Docked", "StationName":"Vela Port", "StationType":"Coriolis", "StarSystem":"Amarak", "StationFaction":"Amarak Comms Partners", "FactionState":"Boom", "StationGovernment":"$government_Corporate;", "StationGovernment_Localised":"Корпоративная", "StationAllegiance":"Federation", "StationServices":[ "Dock", "Autodock", "BlackMarket", "Commodities", "Contacts", "Exploration", "Missions", "Outfitting", "CrewLounge", "Rearm", "Refuel", "Repair", "Shipyard", "Tuning", "MissionsGenerated", "FlightController", "StationOperations", "Powerplay", "SearchAndRescue" ], "StationEconomy":"$economy_HighTech;", "StationEconomy_Localised":"Высокие технологии", "DistFromStarLS":1161.569824 }
{ "timestamp":"2018-01-03T02:30:50Z", "event":"MissionCompleted", "Faction":"Amarak Silver Family", "Name":"Mission_Disable_CivilWar_name", "MissionID":278520039, "Target":"$MissionUtil_Settlement_Target_Turret;", "Target_Localised":"Установка", "Reward":396026 }
{ "timestamp":"2018-01-03T02:30:50Z", "event":"MaterialCollected", "Category":"Encoded", "Name":"legacyfirmware", "Count":1 }
{ "timestamp":"2018-01-03T02:30:52Z", "event":"MissionCompleted", "Faction":"Amarak Silver Family", "Name":"Mission_Disable_CivilWar_name", "MissionID":278520079, "Target":"$MissionUtil_Settlement_Target_Building;", "Target_Localised":"Поселение", "Reward":521800, "CommodityReward":[ { "Name":"InsulatingMembrane", "Count":4 } ] }
{ "timestamp":"2018-01-03T02:30:56Z", "event":"MissionCompleted", "Faction":"Amarak Silver Family", "Name":"Mission_Disable_CivilWar_name", "MissionID":278520100, "Target":"$MissionUtil_Settlement_Target_Turret;", "Target_Localised":"Установка", "Reward":1164564 }
{ "timestamp":"2018-01-03T02:30:58Z", "event":"MissionCompleted", "Faction":"Amarak Silver Family", "Name":"Mission_Disable_CivilWar_name", "MissionID":278520125, "Target":"$MissionUtil_Settlement_Target_Turret;", "Target_Localised":"Установка", "Reward":175234, "CommodityReward":[ { "Name":"Nanobreakers", "Count":4 } ] }
{ "timestamp":"2018-01-03T02:30:58Z", "event":"MaterialCollected", "Category":"Manufactured", "Name":"mechanicalscrap", "Count":1 }
{ "timestamp":"2018-01-03T02:31:04Z", "event":"ReceiveText", "From":"$npc_name_decorate:#name=Nergal;", "From_Localised":"Nergal", "Message":"$Commuter_AuthorityScan04;", "Message_Localised":"А без этого нельзя обойтись?", "Channel":"npc" }
{ "timestamp":"2018-01-03T02:31:07Z", "event":"MissionCompleted", "Faction":"Ronin of Amarak", "Name":"Mission_Disable_HighTech_name", "MissionID":278520356, "Target":"$MissionUtil_Settlement_Target_Turret;", "Target_Localised":"Установка", "Reward":153396, "CommodityReward":[ { "Name":"ArticulationMotors", "Count":4 } ] }
{ "timestamp":"2018-01-03T02:31:07Z", "event":"MaterialCollected", "Category":"Encoded", "Name":"bulkscandata", "Count":1 }
{ "timestamp":"2018-01-03T02:31:09Z", "event":"MissionCompleted", "Faction":"Ronin of Amarak", "Name":"Mission_Disable_HighTech_name", "MissionID":278520378, "Target":"$MissionUtil_Settlement_Target_Turret;", "Target_Localised":"Установка", "Reward":153674, "CommodityReward":[ { "Name":"ArticulationMotors", "Count":4 } ] }
{ "timestamp":"2018-01-03T02:31:16Z", "event":"MissionCompleted", "Faction":"Ronin of Amarak", "Name":"Mission_Disable_HighTech_name", "MissionID":278520410, "Target":"$MissionUtil_Settlement_Target_Turret;", "Target_Localised":"Установка", "Reward":175280, "CommodityReward":[ { "Name":"TelemetrySuite", "Count":0 } ] }
{ "timestamp":"2018-01-03T02:31:16Z", "event":"MaterialCollected", "Category":"Encoded", "Name":"bulkscandata", "Count":1 }
{ "timestamp":"2018-01-03T02:31:19Z", "event":"MissionCompleted", "Faction":"Ronin of Amarak", "Name":"Mission_Disable_HighTech_name", "MissionID":278520432, "Target":"$MissionUtil_Settlement_Target_Turret;", "Target_Localised":"Установка", "Reward":176106, "CommodityReward":[ { "Name":"CoolingHoses", "Count":0 } ] }
{ "timestamp":"2018-01-03T02:31:22Z", "event":"MissionCompleted", "Faction":"Ronin of Amarak", "Name":"Mission_Disable_HighTech_name", "MissionID":278520458, "Target":"$MissionUtil_Settlement_Target_Turret;", "Target_Localised":"Установка", "Reward":174460, "CommodityReward":[ { "Name":"CoolingHoses", "Count":0 } ] }
{ "timestamp":"2018-01-03T02:32:08Z", "event":"MarketSell", "Type":"articulationmotors", "Count":8, "SellPrice":7486, "TotalSale":59888, "AvgPricePaid":0 }
{ "timestamp":"2018-01-03T02:32:18Z", "event":"MarketSell", "Type":"insulatingmembrane", "Count":4, "SellPrice":11547, "TotalSale":46188, "AvgPricePaid":0 }
{ "timestamp":"2018-01-03T02:32:24Z", "event":"MarketSell", "Type":"nanobreakers", "Count":4, "SellPrice":2119, "TotalSale":8476, "AvgPricePaid":0 }
{ "timestamp":"2018-01-03T02:32:44Z", "event":"RefuelAll", "Cost":73, "Amount":1.432823 }
{ "timestamp":"2018-01-03T02:32:47Z", "event":"RepairAll", "Cost":4348 }
{ "timestamp":"2018-01-03T02:32:48Z", "event":"RestockVehicle", "Type":"testbuggy", "Loadout":"starter", "Cost":1030, "Count":1 }
{ "timestamp":"2018-01-03T02:33:00Z", "event":"Repair", "Item":"Wear", "Cost":264 }
{ "timestamp":"2018-01-03T02:33:04Z", "event":"Repair", "Item":"Paint", "Cost":8 }
{ "timestamp":"2018-01-03T02:34:41Z", "event":"Music", "MusicTrack":"Exploration" }
