{ "timestamp":"2018-02-05T02:36:42Z", "event":"Fileheader", "part":1, "language":"Russian\\RU", "gameversion":"2.4", "build":"r160439/r0 " }
{ "timestamp":"2018-02-05T02:36:42Z", "event":"Music", "MusicTrack":"NoTrack" }
{ "timestamp":"2018-02-05T02:36:42Z", "event":"Music", "MusicTrack":"MainMenu" }
{ "timestamp":"2018-02-05T02:37:14Z", "event":"Friends", "Status":"Online", "Name":"Mar.Meow" }
{ "timestamp":"2018-02-05T02:37:41Z", "event":"Cargo", "Inventory":[  ] }
{ "timestamp":"2018-02-05T02:37:41Z", "event":"Loadout", "Ship":"Asp", "ShipID":8, "ShipName":"A-BUG", "ShipIdent":"BUGGED", "Modules":[ { "Slot":"SmallHardpoint1", "Item":"Hpt_BeamLaser_Gimbal_Small", "On":true, "Priority":0, "Health":0.990131, "Value":67185 }, { "Slot":"SmallHardpoint2", "Item":"Hpt_BeamLaser_Gimbal_Small", "On":true, "Priority":0, "Health":0.993388, "Value":67185 }, { "Slot":"SmallHardpoint3", "Item":"Hpt_BeamLaser_Gimbal_Small", "On":true, "Priority":0, "Health":0.995601, "Value":67185 }, { "Slot":"SmallHardpoint4", "Item":"Hpt_BeamLaser_Gimbal_Small", "On":true, "Priority":0, "Health":0.985299, "Value":67185 }, { "Slot":"MediumHardpoint1", "Item":"Hpt_MultiCannon_Gimbal_Medium", "On":true, "Priority":0, "AmmoInClip":37, "AmmoInHopper":1320, "Health":0.987669, "Value":51300, "EngineerBlueprint":"Weapon_Efficient", "EngineerLevel":1 }, { "Slot":"MediumHardpoint2", "Item":"Hpt_MultiCannon_Gimbal_Medium", "On":true, "Priority":0, "AmmoInClip":36, "AmmoInHopper":1320, "Health":0.989300, "Value":51300, "EngineerBlueprint":"Weapon_Efficient", "EngineerLevel":2 }, { "Slot":"TinyHardpoint1", "Item":"Hpt_ChaffLauncher_Tiny", "On":true, "Priority":3, "AmmoInClip":1, "AmmoInHopper":10, "Health":0.991129, "Value":8500 }, { "Slot":"TinyHardpoint2", "Item":"Hpt_HeatSinkLauncher_Turret_Tiny", "On":true, "Priority":0, "AmmoInClip":1, "AmmoInHopper":2, "Health":0.983088, "Value":3500 }, { "Slot":"TinyHardpoint3", "Item":"Hpt_ShieldBooster_Size0_Class5", "On":true, "Priority":0, "Health":0.993123, "Value":281000, "EngineerBlueprint":"ShieldBooster_Resistive", "EngineerLevel":1 }, { "Slot":"TinyHardpoint4", "Item":"Hpt_PlasmaPointDefence_Turret_Tiny", "On":true, "Priority":3, "AmmoInClip":8, "AmmoInHopper":9976, "Health":0.995634, "Value":18546 }, { "Slot":"Armour", "Item":"Asp_Armour_Grade3", "On":true, "Priority":1, "Health":1.000000, "Value":5995038 }, { "Slot":"PowerPlant", "Item":"Int_Powerplant_Size5_Class5", "On":true, "Priority":1, "Health":0.987322, "Value":5103953, "EngineerBlueprint":"PowerPlant_Armoured", "EngineerLevel":1 }, { "Slot":"MainEngines", "Item":"Int_Engine_Size5_Class5", "On":true, "Priority":0, "Health":0.982085, "Value":5103953, "EngineerBlueprint":"Engine_Reinforced", "EngineerLevel":1 }, { "Slot":"FrameShiftDrive", "Item":"Int_Hyperdrive_Size5_Class5", "On":true, "Priority":0, "Health":0.990333, "Value":5103953, "EngineerBlueprint":"FSD_FastBoot", "EngineerLevel":1 }, { "Slot":"LifeSupport", "Item":"Int_LifeSupport_Size4_Class1", "On":true, "Priority":0, "Health":0.993377, "Value":11349 }, { "Slot":"PowerDistributor", "Item":"Int_PowerDistributor_Size4_Class5", "On":true, "Priority":0, "Health":0.985690, "Value":443328 }, { "Slot":"Radar", "Item":"Int_Sensors_Size5_Class4", "On":true, "Priority":1, "Health":0.996339, "Value":496527 }, { "Slot":"FuelTank", "Item":"Int_FuelTank_Size5_Class3", "On":true, "Priority":1, "Health":1.000000, "Value":97754 }, { "Slot":"Slot01_Size6", "Item":"Int_CargoRack_Size6_Class1", "On":true, "Priority":1, "Health":1.000000, "Value":362591 }, { "Slot":"Slot02_Size5", "Item":"Int_ShieldGenerator_Size5_Class5", "On":true, "Priority":0, "Health":0.988504, "Value":5103953 }, { "Slot":"Slot03_Size3", "Item":"Int_DroneControl_Collection_Size3_Class4", "On":true, "Priority":0, "Health":0.997786, "Value":43200 }, { "Slot":"Slot04_Size3", "Item":"Int_ShieldCellBank_Size3_Class4", "On":true, "Priority":0, "AmmoInClip":1, "AmmoInHopper":4, "Health":0.986356, "Value":63333 }, { "Slot":"Slot05_Size3", "Item":"Int_HullReinforcement_Size3_Class2", "On":true, "Priority":1, "Health":1.000000, "Value":84000 }, { "Slot":"Slot06_Size2", "Item":"Int_ModuleReinforcement_Size2_Class2", "On":true, "Priority":1, "Health":0.998677, "Value":36000 }, { "Slot":"Slot07_Size2", "Item":"Int_FSDInterdictor_Size2_Class5", "On":true, "Priority":0, "Health":0.989818, "Value":2721600 }, { "Slot":"PlanetaryApproachSuite", "Item":"Int_PlanetApproachSuite", "On":true, "Priority":1, "Health":1.000000, "Value":500 }, { "Slot":"ShipCockpit", "Item":"Asp_Cockpit", "On":true, "Priority":1, "Health":0.989955, "Value":0 }, { "Slot":"CargoHatch", "Item":"ModularCargoBayDoor", "On":true, "Priority":2, "Health":0.984813, "Value":0 } ] }
{ "timestamp":"2018-02-05T02:37:41Z", "event":"Materials", "Raw":[ { "Name":"phosphorus", "Count":26 }, { "Name":"iron", "Count":1 }, { "Name":"nickel", "Count":48 }, { "Name":"carbon", "Count":17 }, { "Name":"chromium", "Count":27 }, { "Name":"molybdenum", "Count":1 }, { "Name":"manganese", "Count":17 }, { "Name":"cadmium", "Count":3 }, { "Name":"germanium", "Count":3 }, { "Name":"tin", "Count":3 }, { "Name":"selenium", "Count":14 }, { "Name":"niobium", "Count":6 }, { "Name":"vanadium", "Count":7 }, { "Name":"tungsten", "Count":3 } ], "Manufactured":[ { "Name":"gridresistors", "Count":9 }, { "Name":"mechanicalscrap", "Count":14 }, { "Name":"mechanicalequipment", "Count":11 }, { "Name":"focuscrystals", "Count":64 }, { "Name":"salvagedalloys", "Count":82 }, { "Name":"chemicalprocessors", "Count":31 }, { "Name":"phasealloys", "Count":51 }, { "Name":"shieldingsensors", "Count":48 }, { "Name":"wornshieldemitters", "Count":46 }, { "Name":"galvanisingalloys", "Count":69 }, { "Name":"uncutfocuscrystals", "Count":2 }, { "Name":"configurablecomponents", "Count":6 }, { "Name":"highdensitycomposites", "Count":24 }, { "Name":"mechanicalcomponents", "Count":4 }, { "Name":"fedproprietarycomposites", "Count":21 }, { "Name":"fedcorecomposites", "Count":6 }, { "Name":"shieldemitters", "Count":42 }, { "Name":"conductivecomponents", "Count":4 }, { "Name":"refinedfocuscrystals", "Count":21 }, { "Name":"chemicaldistillery", "Count":6 }, { "Name":"protolightalloys", "Count":15 }, { "Name":"precipitatedalloys", "Count":22 }, { "Name":"biotechconductors", "Count":2 }, { "Name":"compoundshielding", "Count":6 }, { "Name":"conductiveceramics", "Count":2 }, { "Name":"unknownorganiccircuitry", "Count":24 }, { "Name":"unknownenergysource", "Count":22 }, { "Name":"unknowncarapace", "Count":18 }, { "Name":"unknowntechnologycomponents", "Count":12 }, { "Name":"unknownenergycell", "Count":6 }, { "Name":"hybridcapacitors", "Count":2 } ], "Encoded":[ { "Name":"decodedemissiondata", "Count":27 }, { "Name":"emissiondata", "Count":4 }, { "Name":"shieldsoakanalysis", "Count":21 }, { "Name":"shielddensityreports", "Count":39 }, { "Name":"scanarchives", "Count":18 }, { "Name":"shieldpatternanalysis", "Count":24 }, { "Name":"shieldcyclerecordings", "Count":29 }, { "Name":"encodedscandata", "Count":9 }, { "Name":"fsdtelemetry", "Count":6 }, { "Name":"scandatabanks", "Count":5 }, { "Name":"legacyfirmware", "Count":15 }, { "Name":"archivedemissiondata", "Count":4 }, { "Name":"industrialfirmware", "Count":3 }, { "Name":"bulkscandata", "Count":33 }, { "Name":"embeddedfirmware", "Count":1 }, { "Name":"scrambledemissiondata", "Count":7 }, { "Name":"encryptioncodes", "Count":3 }, { "Name":"consumerfirmware", "Count":3 }, { "Name":"encryptionarchives", "Count":3 }, { "Name":"disruptedwakeechoes", "Count":2 } ] }
{ "timestamp":"2018-02-05T02:37:41Z", "event":"LoadGame", "Commander":"Sleep Runner", "Ship":"Asp", "ShipID":8, "ShipName":"A-BUG", "ShipIdent":"BUGGED", "FuelLevel":31.370001, "FuelCapacity":32.000000, "GameMode":"Open", "Credits":61943692, "Loan":0 }
{ "timestamp":"2018-02-05T02:37:41Z", "event":"Rank", "Combat":2, "Trade":4, "Explore":4, "Empire":0, "Federation":2, "CQC":0 }
{ "timestamp":"2018-02-05T02:37:41Z", "event":"Progress", "Combat":37, "Trade":1, "Explore":20, "Empire":3, "Federation":32, "CQC":0 }
{ "timestamp":"2018-02-05T02:37:49Z", "event":"Location", "Docked":false, "StarSystem":"Amarak", "StarPos":[-68.438,26.000,26.469], "SystemAllegiance":"Federation", "SystemEconomy":"$economy_HighTech;", "SystemEconomy_Localised":"Высокие технологии", "SystemGovernment":"$government_Corporate;", "SystemGovernment_Localised":"Корпоративная", "SystemSecurity":"$SYSTEM_SECURITY_high;", "SystemSecurity_Localised":"Высок. ур. безопасности", "Population":10248421, "Body":"Amarak A 1", "BodyType":"Planet", "Factions":[ { "Name":"Pilots Federation Local Branch", "FactionState":"None", "Government":"Democracy", "Influence":0.000000, "Allegiance":"PilotsFederation" }, { "Name":"Tarutaalli Group", "FactionState":"Boom", "Government":"Corporate", "Influence":0.123752, "Allegiance":"Federation" }, { "Name":"Amarak Comms Partners", "FactionState":"None", "Government":"Corporate", "Influence":0.583832, "Allegiance":"Federation", "RecoveringStates":[ { "State":"Boom", "Trend":0 } ] }, { "Name":"Amarak Dominion", "FactionState":"Boom", "Government":"Dictatorship", "Influence":0.058882, "Allegiance":"Independent" }, { "Name":"Amarak Silver Family", "FactionState":"War", "Government":"Anarchy", "Influence":0.047904, "Allegiance":"Independent", "PendingStates":[ { "State":"Boom", "Trend":1 } ] }, { "Name":"Syndicate of LHS 3385", "FactionState":"War", "Government":"Anarchy", "Influence":0.010978, "Allegiance":"Independent", "PendingStates":[ { "State":"Boom", "Trend":1 } ] }, { "Name":"Amarak Republic Party", "FactionState":"None", "Government":"Democracy", "Influence":0.164671, "Allegiance":"Federation", "PendingStates":[ { "State":"CivilUnrest", "Trend":-1 } ] }, { "Name":"Ronin of Amarak", "FactionState":"None", "Government":"Anarchy", "Influence":0.009980, "Allegiance":"Independent", "PendingStates":[ { "State":"Boom", "Trend":1 } ] } ], "SystemFaction":"Amarak Comms Partners" }
{ "timestamp":"2018-02-05T02:37:49Z", "event":"Music", "MusicTrack":"NoTrack" }
{ "timestamp":"2018-02-05T02:37:49Z", "event":"Music", "MusicTrack":"Exploration" }
{ "timestamp":"2018-02-05T02:37:59Z", "event":"StartJump", "JumpType":"Supercruise" }
{ "timestamp":"2018-02-05T02:38:04Z", "event":"SupercruiseEntry", "StarSystem":"Amarak" }
{ "timestamp":"2018-02-05T02:38:04Z", "event":"Music", "MusicTrack":"Supercruise" }
{ "timestamp":"2018-02-05T02:39:14Z", "event":"Friends", "Status":"Online", "Name":"Mar.Meow" }
{ "timestamp":"2018-02-05T02:39:15Z", "event":"SupercruiseExit", "StarSystem":"Amarak", "Body":"Vela Port", "BodyType":"Station" }
{ "timestamp":"2018-02-05T02:39:16Z", "event":"Music", "MusicTrack":"DestinationFromSupercruise" }
{ "timestamp":"2018-02-05T02:39:21Z", "event":"Music", "MusicTrack":"NoTrack" }
{ "timestamp":"2018-02-05T02:39:24Z", "event":"ReceiveText", "From":"Vela Port", "Message":"$STATION_NoFireZone_entered;", "Message_Localised":"Вы вошли в зону запрета огня", "Channel":"npc" }
{ "timestamp":"2018-02-05T02:39:29Z", "event":"DockingRequested", "StationName":"Vela Port" }
{ "timestamp":"2018-02-05T02:39:29Z", "event":"ReceiveText", "From":"Vela Port", "Message":"$DockingChatter_Allied;", "Message_Localised":"Такому союзнику, как вы, мы всегда рады.", "Channel":"npc" }
{ "timestamp":"2018-02-05T02:39:30Z", "event":"ReceiveText", "From":"Vela Port", "Message":"$STATION_docking_granted;", "Message_Localised":"Стыковка разрешена", "Channel":"npc" }
{ "timestamp":"2018-02-05T02:39:30Z", "event":"DockingGranted", "LandingPad":26, "StationName":"Vela Port" }
{ "timestamp":"2018-02-05T02:39:48Z", "event":"Music", "MusicTrack":"Starport" }
{ "timestamp":"2018-02-05T02:40:27Z", "event":"Docked", "StationName":"Vela Port", "StationType":"Coriolis", "StarSystem":"Amarak", "StationFaction":"Amarak Comms Partners", "StationGovernment":"$government_Corporate;", "StationGovernment_Localised":"Корпоративная", "StationAllegiance":"Federation", "StationServices":[ "Dock", "Autodock", "BlackMarket", "Commodities", "Contacts", "Exploration", "Missions", "Outfitting", "CrewLounge", "Rearm", "Refuel", "Repair", "Shipyard", "Tuning", "MissionsGenerated", "FlightController", "StationOperations", "Powerplay", "SearchAndRescue" ], "StationEconomy":"$economy_HighTech;", "StationEconomy_Localised":"Высокие технологии", "DistFromStarLS":1178.865356 }
{ "timestamp":"2018-02-05T02:40:36Z", "event":"RefuelAll", "Cost":37, "Amount":0.718168 }
{ "timestamp":"2018-02-05T02:40:37Z", "event":"RepairAll", "Cost":3624 }
{ "timestamp":"2018-02-05T02:40:37Z", "event":"BuyAmmo", "Cost":855 }
{ "timestamp":"2018-02-05T02:40:41Z", "event":"Repair", "Item":"Wear", "Cost":114 }
{ "timestamp":"2018-02-05T02:40:55Z", "event":"Undocked", "StationName":"Vela Port", "StationType":"Coriolis" }
{ "timestamp":"2018-02-05T02:41:01Z", "event":"Music", "MusicTrack":"Exploration" }
{ "timestamp":"2018-02-05T02:41:02Z", "event":"Music", "MusicTrack":"MainMenu" }
{ "timestamp":"2018-02-05T02:41:06Z", "event":"Cargo", "Inventory":[  ] }
{ "timestamp":"2018-02-05T02:41:06Z", "event":"Loadout", "Ship":"Asp", "ShipID":8, "ShipName":"A-BUG", "ShipIdent":"BUGGED", "Modules":[ { "Slot":"SmallHardpoint1", "Item":"Hpt_BeamLaser_Gimbal_Small", "On":true, "Priority":0, "Health":1.000000, "Value":67185 }, { "Slot":"SmallHardpoint2", "Item":"Hpt_BeamLaser_Gimbal_Small", "On":true, "Priority":0, "Health":1.000000, "Value":67185 }, { "Slot":"SmallHardpoint3", "Item":"Hpt_BeamLaser_Gimbal_Small", "On":true, "Priority":0, "Health":1.000000, "Value":67185 }, { "Slot":"SmallHardpoint4", "Item":"Hpt_BeamLaser_Gimbal_Small", "On":true, "Priority":0, "Health":1.000000, "Value":67185 }, { "Slot":"MediumHardpoint1", "Item":"Hpt_MultiCannon_Gimbal_Medium", "On":true, "Priority":0, "AmmoInClip":90, "AmmoInHopper":1680, "Health":1.000000, "Value":51300, "EngineerBlueprint":"Weapon_Efficient", "EngineerLevel":1 }, { "Slot":"MediumHardpoint2", "Item":"Hpt_MultiCannon_Gimbal_Medium", "On":true, "Priority":0, "AmmoInClip":90, "AmmoInHopper":1680, "Health":1.000000, "Value":51300, "EngineerBlueprint":"Weapon_Efficient", "EngineerLevel":2 }, { "Slot":"TinyHardpoint1", "Item":"Hpt_ChaffLauncher_Tiny", "On":true, "Priority":3, "AmmoInClip":1, "AmmoInHopper":10, "Health":1.000000, "Value":8500 }, { "Slot":"TinyHardpoint2", "Item":"Hpt_HeatSinkLauncher_Turret_Tiny", "On":true, "Priority":0, "AmmoInClip":1, "AmmoInHopper":2, "Health":1.000000, "Value":3500 }, { "Slot":"TinyHardpoint3", "Item":"Hpt_ShieldBooster_Size0_Class5", "On":true, "Priority":0, "Health":1.000000, "Value":281000, "EngineerBlueprint":"ShieldBooster_Resistive", "EngineerLevel":1 }, { "Slot":"TinyHardpoint4", "Item":"Hpt_PlasmaPointDefence_Turret_Tiny", "On":true, "Priority":3, "AmmoInClip":12, "AmmoInHopper":10000, "Health":1.000000, "Value":18546 }, { "Slot":"Armour", "Item":"Asp_Armour_Grade3", "On":true, "Priority":1, "Health":1.000000, "Value":5995038 }, { "Slot":"PowerPlant", "Item":"Int_Powerplant_Size5_Class5", "On":true, "Priority":1, "Health":1.000000, "Value":5103953, "EngineerBlueprint":"PowerPlant_Armoured", "EngineerLevel":1 }, { "Slot":"MainEngines", "Item":"Int_Engine_Size5_Class5", "On":true, "Priority":0, "Health":1.000000, "Value":5103953, "EngineerBlueprint":"Engine_Reinforced", "EngineerLevel":1 }, { "Slot":"FrameShiftDrive", "Item":"Int_Hyperdrive_Size5_Class5", "On":true, "Priority":0, "Health":1.000000, "Value":5103953, "EngineerBlueprint":"FSD_FastBoot", "EngineerLevel":1 }, { "Slot":"LifeSupport", "Item":"Int_LifeSupport_Size4_Class1", "On":true, "Priority":0, "Health":1.000000, "Value":11349 }, { "Slot":"PowerDistributor", "Item":"Int_PowerDistributor_Size4_Class5", "On":true, "Priority":0, "Health":1.000000, "Value":443328 }, { "Slot":"Radar", "Item":"Int_Sensors_Size5_Class4", "On":true, "Priority":1, "Health":1.000000, "Value":496527 }, { "Slot":"FuelTank", "Item":"Int_FuelTank_Size5_Class3", "On":true, "Priority":1, "Health":1.000000, "Value":97754 }, { "Slot":"Slot01_Size6", "Item":"Int_CargoRack_Size6_Class1", "On":true, "Priority":1, "Health":1.000000, "Value":362591 }, { "Slot":"Slot02_Size5", "Item":"Int_ShieldGenerator_Size5_Class5", "On":true, "Priority":0, "Health":1.000000, "Value":5103953 }, { "Slot":"Slot03_Size3", "Item":"Int_DroneControl_Collection_Size3_Class4", "On":true, "Priority":0, "Health":1.000000, "Value":43200 }, { "Slot":"Slot04_Size3", "Item":"Int_ShieldCellBank_Size3_Class4", "On":true, "Priority":0, "AmmoInClip":1, "AmmoInHopper":4, "Health":1.000000, "Value":63333 }, { "Slot":"Slot05_Size3", "Item":"Int_HullReinforcement_Size3_Class2", "On":true, "Priority":1, "Health":1.000000, "Value":84000 }, { "Slot":"Slot06_Size2", "Item":"Int_ModuleReinforcement_Size2_Class2", "On":true, "Priority":1, "Health":1.000000, "Value":36000 }, { "Slot":"Slot07_Size2", "Item":"Int_FSDInterdictor_Size2_Class5", "On":true, "Priority":0, "Health":1.000000, "Value":2721600 }, { "Slot":"PlanetaryApproachSuite", "Item":"Int_PlanetApproachSuite", "On":true, "Priority":1, "Health":1.000000, "Value":500 }, { "Slot":"ShipCockpit", "Item":"Asp_Cockpit", "On":true, "Priority":1, "Health":1.000000, "Value":0 }, { "Slot":"CargoHatch", "Item":"ModularCargoBayDoor", "On":true, "Priority":2, "Health":1.000000, "Value":0 } ] }
{ "timestamp":"2018-02-05T02:41:06Z", "event":"Materials", "Raw":[ { "Name":"phosphorus", "Count":26 }, { "Name":"iron", "Count":1 }, { "Name":"nickel", "Count":48 }, { "Name":"carbon", "Count":17 }, { "Name":"chromium", "Count":27 }, { "Name":"molybdenum", "Count":1 }, { "Name":"manganese", "Count":17 }, { "Name":"cadmium", "Count":3 }, { "Name":"germanium", "Count":3 }, { "Name":"tin", "Count":3 }, { "Name":"selenium", "Count":14 }, { "Name":"niobium", "Count":6 }, { "Name":"vanadium", "Count":7 }, { "Name":"tungsten", "Count":3 } ], "Manufactured":[ { "Name":"gridresistors", "Count":9 }, { "Name":"mechanicalscrap", "Count":14 }, { "Name":"mechanicalequipment", "Count":11 }, { "Name":"focuscrystals", "Count":64 }, { "Name":"salvagedalloys", "Count":82 }, { "Name":"chemicalprocessors", "Count":31 }, { "Name":"phasealloys", "Count":51 }, { "Name":"shieldingsensors", "Count":48 }, { "Name":"wornshieldemitters", "Count":46 }, { "Name":"galvanisingalloys", "Count":69 }, { "Name":"uncutfocuscrystals", "Count":2 }, { "Name":"configurablecomponents", "Count":6 }, { "Name":"highdensitycomposites", "Count":24 }, { "Name":"mechanicalcomponents", "Count":4 }, { "Name":"fedproprietarycomposites", "Count":21 }, { "Name":"fedcorecomposites", "Count":6 }, { "Name":"shieldemitters", "Count":42 }, { "Name":"conductivecomponents", "Count":4 }, { "Name":"refinedfocuscrystals", "Count":21 }, { "Name":"chemicaldistillery", "Count":6 }, { "Name":"protolightalloys", "Count":15 }, { "Name":"precipitatedalloys", "Count":22 }, { "Name":"biotechconductors", "Count":2 }, { "Name":"compoundshielding", "Count":6 }, { "Name":"conductiveceramics", "Count":2 }, { "Name":"unknownorganiccircuitry", "Count":24 }, { "Name":"unknownenergysource", "Count":22 }, { "Name":"unknowncarapace", "Count":18 }, { "Name":"unknowntechnologycomponents", "Count":12 }, { "Name":"unknownenergycell", "Count":6 }, { "Name":"hybridcapacitors", "Count":2 } ], "Encoded":[ { "Name":"decodedemissiondata", "Count":27 }, { "Name":"emissiondata", "Count":4 }, { "Name":"shieldsoakanalysis", "Count":21 }, { "Name":"shielddensityreports", "Count":39 }, { "Name":"scanarchives", "Count":18 }, { "Name":"shieldpatternanalysis", "Count":24 }, { "Name":"shieldcyclerecordings", "Count":29 }, { "Name":"encodedscandata", "Count":9 }, { "Name":"fsdtelemetry", "Count":6 }, { "Name":"scandatabanks", "Count":5 }, { "Name":"legacyfirmware", "Count":15 }, { "Name":"archivedemissiondata", "Count":4 }, { "Name":"industrialfirmware", "Count":3 }, { "Name":"bulkscandata", "Count":33 }, { "Name":"embeddedfirmware", "Count":1 }, { "Name":"scrambledemissiondata", "Count":7 }, { "Name":"encryptioncodes", "Count":3 }, { "Name":"consumerfirmware", "Count":3 }, { "Name":"encryptionarchives", "Count":3 }, { "Name":"disruptedwakeechoes", "Count":2 } ] }
{ "timestamp":"2018-02-05T02:41:06Z", "event":"LoadGame", "Commander":"Sleep Runner", "Ship":"Asp", "ShipID":8, "ShipName":"A-BUG", "ShipIdent":"BUGGED", "FuelLevel":32.000000, "FuelCapacity":32.000000, "GameMode":"Open", "Credits":61938970, "Loan":0 }
{ "timestamp":"2018-02-05T02:41:06Z", "event":"Rank", "Combat":2, "Trade":4, "Explore":4, "Empire":0, "Federation":2, "CQC":0 }
{ "timestamp":"2018-02-05T02:41:06Z", "event":"Progress", "Combat":37, "Trade":1, "Explore":20, "Empire":3, "Federation":32, "CQC":0 }
{ "timestamp":"2018-02-05T02:41:12Z", "event":"Location", "Docked":true, "StationName":"Vela Port", "StationType":"Coriolis", "StarSystem":"Amarak", "StarPos":[-68.438,26.000,26.469], "SystemAllegiance":"Federation", "SystemEconomy":"$economy_HighTech;", "SystemEconomy_Localised":"Высокие технологии", "SystemGovernment":"$government_Corporate;", "SystemGovernment_Localised":"Корпоративная", "SystemSecurity":"$SYSTEM_SECURITY_high;", "SystemSecurity_Localised":"Высок. ур. безопасности", "Population":10248421, "Body":"Vela Port", "BodyType":"Station", "Factions":[ { "Name":"Pilots Federation Local Branch", "FactionState":"None", "Government":"Democracy", "Influence":0.000000, "Allegiance":"PilotsFederation" }, { "Name":"Tarutaalli Group", "FactionState":"Boom", "Government":"Corporate", "Influence":0.123752, "Allegiance":"Federation" }, { "Name":"Amarak Comms Partners", "FactionState":"None", "Government":"Corporate", "Influence":0.583832, "Allegiance":"Federation", "RecoveringStates":[ { "State":"Boom", "Trend":0 } ] }, { "Name":"Amarak Dominion", "FactionState":"Boom", "Government":"Dictatorship", "Influence":0.058882, "Allegiance":"Independent" }, { "Name":"Amarak Silver Family", "FactionState":"War", "Government":"Anarchy", "Influence":0.047904, "Allegiance":"Independent", "PendingStates":[ { "State":"Boom", "Trend":1 } ] }, { "Name":"Syndicate of LHS 3385", "FactionState":"War", "Government":"Anarchy", "Influence":0.010978, "Allegiance":"Independent", "PendingStates":[ { "State":"Boom", "Trend":1 } ] }, { "Name":"Amarak Republic Party", "FactionState":"None", "Government":"Democracy", "Influence":0.164671, "Allegiance":"Federation", "PendingStates":[ { "State":"CivilUnrest", "Trend":-1 } ] }, { "Name":"Ronin of Amarak", "FactionState":"None", "Government":"Anarchy", "Influence":0.009980, "Allegiance":"Independent", "PendingStates":[ { "State":"Boom", "Trend":1 } ] } ], "SystemFaction":"Amarak Comms Partners" }
{ "timestamp":"2018-02-05T02:41:12Z", "event":"Music", "MusicTrack":"NoTrack" }
{ "timestamp":"2018-02-05T02:41:12Z", "event":"Docked", "StationName":"Vela Port", "StationType":"Coriolis", "StarSystem":"Amarak", "StationFaction":"Amarak Comms Partners", "StationGovernment":"$government_Corporate;", "StationGovernment_Localised":"Корпоративная", "StationAllegiance":"Federation", "StationServices":[ "Dock", "Autodock", "BlackMarket", "Commodities", "Contacts", "Exploration", "Missions", "Outfitting", "CrewLounge", "Rearm", "Refuel", "Repair", "Shipyard", "Tuning", "MissionsGenerated", "FlightController", "StationOperations", "Powerplay", "SearchAndRescue" ], "StationEconomy":"$economy_HighTech;", "StationEconomy_Localised":"Высокие технологии", "DistFromStarLS":1178.865479 }
{ "timestamp":"2018-02-05T02:41:12Z", "event":"Music", "MusicTrack":"Starport" }
{ "timestamp":"2018-02-05T02:41:21Z", "event":"RefuelAll", "Cost":10, "Amount":0.002196 }
{ "timestamp":"2018-02-05T02:41:29Z", "event":"Repair", "Item":"Paint", "Cost":1 }
{ "timestamp":"2018-02-05T02:41:40Z", "event":"BuyDrones", "Type":"Drones", "Count":25, "BuyPrice":101, "TotalCost":2525 }
{ "timestamp":"2018-02-05T02:42:01Z", "event":"Undocked", "StationName":"Vela Port", "StationType":"Coriolis" }
{ "timestamp":"2018-02-05T02:42:05Z", "event":"Music", "MusicTrack":"SystemMap" }
{ "timestamp":"2018-02-05T02:42:11Z", "event":"Music", "MusicTrack":"Starport" }
{ "timestamp":"2018-02-05T02:42:25Z", "event":"Music", "MusicTrack":"NoTrack" }
{ "timestamp":"2018-02-05T02:43:18Z", "event":"ReceiveText", "From":"Vela Port", "Message":"$STATION_NoFireZone_exited;", "Message_Localised":"Вы вышли из зоны запрета огня", "Channel":"npc" }
{ "timestamp":"2018-02-05T02:43:23Z", "event":"WingJoin", "Others":[] }
{ "timestamp":"2018-02-05T02:43:23Z", "event":"WingAdd", "Name":"Mar.Meow" }
{ "timestamp":"2018-02-05T02:44:10Z", "event":"StartJump", "JumpType":"Supercruise" }
{ "timestamp":"2018-02-05T02:44:10Z", "event":"Music", "MusicTrack":"Exploration" }
{ "timestamp":"2018-02-05T02:44:15Z", "event":"SupercruiseEntry", "StarSystem":"Amarak" }
{ "timestamp":"2018-02-05T02:44:15Z", "event":"Music", "MusicTrack":"Supercruise" }
{ "timestamp":"2018-02-05T02:48:19Z", "event":"Interdiction", "Success":true, "IsPlayer":false, "Faction":"Ronin of Amarak" }
{ "timestamp":"2018-02-05T02:48:21Z", "event":"SupercruiseExit", "StarSystem":"Amarak", "Body":"Amarak A", "BodyType":"Star" }
{ "timestamp":"2018-02-05T02:48:21Z", "event":"Music", "MusicTrack":"Interdiction" }
{ "timestamp":"2018-02-05T02:48:22Z", "event":"ReceiveText", "From":"$npc_name_decorate:#name=Burton-Williams;", "From_Localised":"Burton-Williams", "Message":"$Pirate_OnArriveAfterBeingInterdicted03;", "Message_Localised":"Я здесь не затем, чтобы тебя развлекать.", "Channel":"npc" }
{ "timestamp":"2018-02-05T02:48:35Z", "event":"Music", "MusicTrack":"Combat_Dogfight" }
{ "timestamp":"2018-02-05T02:48:54Z", "event":"ReceiveText", "From":"$ShipName_Police_Federation;", "From_Localised":"Федеральная служба безопасности", "Message":"$Police_ArriveInvestigate01;", "Message_Localised":"Изучение криминальных отчетов", "Channel":"npc" }
{ "timestamp":"2018-02-05T02:49:21Z", "event":"ReceiveText", "From":"$npc_name_decorate:#name=Randolph Carter;", "From_Localised":"Randolph Carter", "Message":"$Escort_AttackRun01;", "Message_Localised":"Ускоряемся до скорости атаки.", "Channel":"npc" }
{ "timestamp":"2018-02-05T02:50:29Z", "event":"ReceiveText", "From":"$npc_name_decorate:#name=Burton-Williams;", "From_Localised":"Burton-Williams", "Message":"$BadKarmaCriticalDamage02;", "Message_Localised":"Невозможно!", "Channel":"npc" }
{ "timestamp":"2018-02-05T02:50:43Z", "event":"Bounty", "Rewards":[ { "Faction":"Amarak Comms Partners", "Reward":63484 } ], "Target":"vulture", "TotalReward":63484, "VictimFaction":"Ronin of Amarak", "SharedWithOthers":1 }
{ "timestamp":"2018-02-05T02:50:58Z", "event":"Music", "MusicTrack":"Exploration" }
{ "timestamp":"2018-02-05T02:51:01Z", "event":"MaterialCollected", "Category":"Manufactured", "Name":"highdensitycomposites", "Count":3 }
{ "timestamp":"2018-02-05T02:51:02Z", "event":"MaterialCollected", "Category":"Manufactured", "Name":"chemicaldistillery", "Count":3 }
{ "timestamp":"2018-02-05T02:51:15Z", "event":"MaterialCollected", "Category":"Manufactured", "Name":"phasealloys", "Count":3 }
{ "timestamp":"2018-02-05T02:51:17Z", "event":"MaterialCollected", "Category":"Manufactured", "Name":"salvagedalloys", "Count":3 }
{ "timestamp":"2018-02-05T02:51:36Z", "event":"MaterialCollected", "Category":"Manufactured", "Name":"salvagedalloys", "Count":3 }
{ "timestamp":"2018-02-05T02:51:37Z", "event":"MaterialCollected", "Category":"Manufactured", "Name":"protolightalloys", "Count":3 }
{ "timestamp":"2018-02-05T02:51:52Z", "event":"MaterialCollected", "Category":"Manufactured", "Name":"focuscrystals", "Count":3 }
{ "timestamp":"2018-02-05T02:52:20Z", "event":"StartJump", "JumpType":"Supercruise" }
{ "timestamp":"2018-02-05T02:52:25Z", "event":"SupercruiseEntry", "StarSystem":"Amarak" }
{ "timestamp":"2018-02-05T02:52:26Z", "event":"Music", "MusicTrack":"Supercruise" }
{ "timestamp":"2018-02-05T02:54:50Z", "event":"Music", "MusicTrack":"SystemMap" }
{ "timestamp":"2018-02-05T02:54:58Z", "event":"Music", "MusicTrack":"Supercruise" }
{ "timestamp":"2018-02-05T02:58:08Z", "event":"SupercruiseExit", "StarSystem":"Amarak", "Body":"Amarak A 2 B Ring", "BodyType":"PlanetaryRing" }
{ "timestamp":"2018-02-05T02:58:08Z", "event":"Music", "MusicTrack":"Exploration" }
{ "timestamp":"2018-02-05T02:58:46Z", "event":"ReceiveText", "From":"$npc_name_decorate:#name=Alou Do;", "From_Localised":"Alou Do", "Message":"$Pirate_OnDeclarePiracyAttack03;", "Message_Localised":"Теперь ты умрешь, жертва.", "Channel":"npc" }
{ "timestamp":"2018-02-05T02:58:46Z", "event":"Music", "MusicTrack":"Combat_Dogfight" }
{ "timestamp":"2018-02-05T02:59:13Z", "event":"ReceiveText", "From":"$ShipName_Police_Federation;", "From_Localised":"Федеральная служба безопасности", "Message":"$Police_ArriveInvestigate03;", "Message_Localised":"Антикриминальная группа готова к работе.", "Channel":"npc" }
{ "timestamp":"2018-02-05T02:59:14Z", "event":"ReceiveText", "From":"$ShipName_Police_Federation;", "From_Localised":"Федеральная служба безопасности", "Message":"$Police_ArrivedAtInvestigationLocation02;", "Message_Localised":"Прекратить действия! Немедленно пройдите законное сканирование!", "Channel":"npc" }
{ "timestamp":"2018-02-05T02:59:19Z", "event":"Scanned", "ScanType":"Cargo" }
{ "timestamp":"2018-02-05T02:59:19Z", "event":"ReceiveText", "From":"$npc_name_decorate:#name=Федеральный агент;", "From_Localised":"Федеральный агент", "Message":"$Generic_NoAttackGeneric04;", "Message_Localised":"Проклятье! И ты туда же! А говорили, что в этом секторе одни толстосумы.", "Channel":"npc" }
{ "timestamp":"2018-02-05T03:00:19Z", "event":"Bounty", "Rewards":[ { "Faction":"Amarak Comms Partners", "Reward":36100 } ], "Target":"cobramkiv", "TotalReward":36100, "VictimFaction":"Amarak Silver Family", "SharedWithOthers":1 }
{ "timestamp":"2018-02-05T03:00:47Z", "event":"ReceiveText", "From":"$npc_name_decorate:#name=JoJo;", "From_Localised":"JoJo", "Message":"$BadKarmaCriticalDamage03;", "Message_Localised":"Ты неплохо дерешься!", "Channel":"npc" }
{ "timestamp":"2018-02-05T03:01:10Z", "event":"Bounty", "Rewards":[ { "Faction":"Amarak Comms Partners", "Reward":62697 } ], "Target":"asp_scout", "TotalReward":62697, "VictimFaction":"Amarak Republic Party", "SharedWithOthers":1 }
{ "timestamp":"2018-02-05T03:01:25Z", "event":"Music", "MusicTrack":"Exploration" }
{ "timestamp":"2018-02-05T03:02:04Z", "event":"Scanned", "ScanType":"Cargo" }
{ "timestamp":"2018-02-05T03:02:04Z", "event":"ReceiveText", "From":"$npc_name_decorate:#name=Федеральный агент;", "From_Localised":"Федеральный агент", "Message":"$Generic_NoAttackGeneric02;", "Message_Localised":"Что ж, только зря потратил на тебя время и силы.", "Channel":"npc" }
{ "timestamp":"2018-02-05T03:02:08Z", "event":"CollectCargo", "Type":"syntheticmeat", "Stolen":true }
{ "timestamp":"2018-02-05T03:02:20Z", "event":"ReceiveText", "From":"$npc_name_decorate:#name=Mark Boothroyd;", "From_Localised":"Mark Boothroyd", "Message":"$BadKarmaCriticalDamage10;", "Message_Localised":"Эй, теперь у меня корпус поцарапан!", "Channel":"npc" }
{ "timestamp":"2018-02-05T03:02:31Z", "event":"MaterialCollected", "Category":"Manufactured", "Name":"wornshieldemitters", "Count":3 }
{ "timestamp":"2018-02-05T03:02:35Z", "event":"Music", "MusicTrack":"Combat_Dogfight" }
{ "timestamp":"2018-02-05T03:02:40Z", "event":"Bounty", "Rewards":[ { "Faction":"Amarak Comms Partners", "Reward":400 }, { "Faction":"Federation", "Reward":142155 } ], "Target":"python", "TotalReward":142555, "VictimFaction":"Syndicate of LHS 3385", "SharedWithOthers":1 }
{ "timestamp":"2018-02-05T03:02:55Z", "event":"Music", "MusicTrack":"Exploration" }
{ "timestamp":"2018-02-05T03:03:02Z", "event":"Music", "MusicTrack":"Combat_Dogfight" }
{ "timestamp":"2018-02-05T03:03:18Z", "event":"ReceiveText", "From":"$npc_name_decorate:#name=Neil Ttenkrah;", "From_Localised":"Neil Ttenkrah", "Message":"$BadKarmaCriticalDamage03;", "Message_Localised":"Ты неплохо дерешься!", "Channel":"npc" }
{ "timestamp":"2018-02-05T03:03:30Z", "event":"Bounty", "Rewards":[ { "Faction":"Amarak Comms Partners", "Reward":800 }, { "Faction":"Federation", "Reward":48089 } ], "Target":"viper", "TotalReward":48889, "VictimFaction":"Amarak Republic Party", "SharedWithOthers":1 }
{ "timestamp":"2018-02-05T03:03:45Z", "event":"Music", "MusicTrack":"Exploration" }
{ "timestamp":"2018-02-05T03:03:59Z", "event":"Music", "MusicTrack":"Combat_Dogfight" }
{ "timestamp":"2018-02-05T03:04:19Z", "event":"ReceiveText", "From":"$npc_name_decorate:#name=Matt Edgson;", "From_Localised":"Matt Edgson", "Message":"$Escort_NearDeath03;", "Message_Localised":"У меня неприятности... Прошу помощи.", "Channel":"npc" }
{ "timestamp":"2018-02-05T03:04:44Z", "event":"Bounty", "Rewards":[ { "Faction":"Federation", "Reward":53340 } ], "Target":"cobramkiv", "TotalReward":53340, "VictimFaction":"Syndicate of LHS 3385", "SharedWithOthers":1 }
{ "timestamp":"2018-02-05T03:04:59Z", "event":"Music", "MusicTrack":"Exploration" }
{ "timestamp":"2018-02-05T03:05:02Z", "event":"Music", "MusicTrack":"Combat_Dogfight" }
{ "timestamp":"2018-02-05T03:05:24Z", "event":"Bounty", "Rewards":[ { "Faction":"Amarak Comms Partners", "Reward":400 }, { "Faction":"Federation", "Reward":10462 } ], "Target":"eagle", "TotalReward":10862, "VictimFaction":"Syndicate of LHS 3385", "SharedWithOthers":1 }
{ "timestamp":"2018-02-05T03:05:41Z", "event":"Music", "MusicTrack":"Exploration" }
{ "timestamp":"2018-02-05T03:06:15Z", "event":"ReceiveText", "From":"$ShipName_Police_Federation;", "From_Localised":"Федеральная служба безопасности", "Message":"$Police_ArrivedAtInvestigationLocation03;", "Message_Localised":"Место преступления оцеплено, полиция сканирует все корабли.", "Channel":"npc" }
{ "timestamp":"2018-02-05T03:07:06Z", "event":"MaterialCollected", "Category":"Manufactured", "Name":"chemicalprocessors", "Count":3 }
{ "timestamp":"2018-02-05T03:07:34Z", "event":"MaterialCollected", "Category":"Manufactured", "Name":"wornshieldemitters", "Count":3 }
{ "timestamp":"2018-02-05T03:08:01Z", "event":"Music", "MusicTrack":"Combat_Dogfight" }
{ "timestamp":"2018-02-05T03:08:42Z", "event":"ReceiveText", "From":"$npc_name_decorate:#name=Pakke Paviaani;", "From_Localised":"Pakke Paviaani", "Message":"$BadKarmaCriticalDamage04;", "Message_Localised":"Я не верю!", "Channel":"npc" }
{ "timestamp":"2018-02-05T03:08:57Z", "event":"Bounty", "Rewards":[ { "Faction":"Amarak Comms Partners", "Reward":89920 } ], "Target":"federation_dropship", "TotalReward":89920, "VictimFaction":"Syndicate of LHS 3385", "SharedWithOthers":1 }
{ "timestamp":"2018-02-05T03:09:12Z", "event":"Music", "MusicTrack":"Exploration" }
{ "timestamp":"2018-02-05T03:10:39Z", "event":"ReceiveText", "From":"$npc_name_decorate:#name=Varloss;", "From_Localised":"Varloss", "Message":"$BadKarmaCriticalDamage09;", "Message_Localised":"Я умею проигрывать.", "Channel":"npc" }
{ "timestamp":"2018-02-05T03:10:46Z", "event":"Scanned", "ScanType":"Cargo" }
{ "timestamp":"2018-02-05T03:12:43Z", "event":"ReceiveText", "From":"$npc_name_decorate:#name=Eos;", "From_Localised":"Eos", "Message":"$BadKarmaCriticalDamage04;", "Message_Localised":"Я не верю!", "Channel":"npc" }
{ "timestamp":"2018-02-05T03:15:48Z", "event":"Music", "MusicTrack":"Combat_Dogfight" }
{ "timestamp":"2018-02-05T03:16:50Z", "event":"Bounty", "Rewards":[ { "Faction":"Amarak Comms Partners", "Reward":400 }, { "Faction":"Federation", "Reward":18187 } ], "Target":"empire_courier", "TotalReward":18587, "VictimFaction":"Ronin of Amarak", "SharedWithOthers":1 }
{ "timestamp":"2018-02-05T03:16:52Z", "event":"ReceiveText", "From":"$npc_name_decorate:#name=Ken Goodwin;", "From_Localised":"Ken Goodwin", "Message":"$BadKarmaCriticalDamage08;", "Message_Localised":"Корабль больше не выдержит!", "Channel":"npc" }
{ "timestamp":"2018-02-05T03:16:55Z", "event":"ReceiveText", "From":"$npc_name_decorate:#name=Stephen Figg;", "From_Localised":"Stephen Figg", "Message":"$BadKarmaCriticalDamage02;", "Message_Localised":"Невозможно!", "Channel":"npc" }
{ "timestamp":"2018-02-05T03:17:16Z", "event":"ReceiveText", "From":"$ShipName_Police_Federation;", "From_Localised":"Федеральная служба безопасности", "Message":"$Military_AccidentalDamage07;", "Message_Localised":"Вы стреляете не в того, командир!", "Channel":"npc" }
{ "timestamp":"2018-02-05T03:17:27Z", "event":"Bounty", "Rewards":[ { "Faction":"Amarak Comms Partners", "Reward":1200 }, { "Faction":"Federation", "Reward":208844 } ], "Target":"ferdelance", "TotalReward":210044, "VictimFaction":"Ronin of Amarak" }
{ "timestamp":"2018-02-05T03:17:42Z", "event":"Music", "MusicTrack":"Exploration" }
{ "timestamp":"2018-02-05T03:18:04Z", "event":"ReceiveText", "From":"$npc_name_decorate:#name=Lille Skutt;", "From_Localised":"Lille Skutt", "Message":"$Pirate_OnStartScanCargo06;", "Message_Localised":"Давай-ка проверим, что ты перевозишь...", "Channel":"npc" }
{ "timestamp":"2018-02-05T03:18:11Z", "event":"ReceiveText", "From":"$npc_name_decorate:#name=Lille Skutt;", "From_Localised":"Lille Skutt", "Message":"$Pirate_OnStartScanCargo08;", "Message_Localised":"Что у тебя в грузовом отсеке?", "Channel":"npc" }
{ "timestamp":"2018-02-05T03:18:21Z", "event":"Scanned", "ScanType":"Cargo" }
{ "timestamp":"2018-02-05T03:18:21Z", "event":"ReceiveText", "From":"$npc_name_decorate:#name=Lille Skutt;", "From_Localised":"Lille Skutt", "Message":"$Pirate_NotEnoughCargo07;", "Message_Localised":"Еще одна мелкая рыбешка. Куда девалась вся нормальная добыча?", "Channel":"npc" }
{ "timestamp":"2018-02-05T03:18:27Z", "event":"Music", "MusicTrack":"Combat_Dogfight" }
{ "timestamp":"2018-02-05T03:18:37Z", "event":"ReceiveText", "From":"$npc_name_decorate:#name=Michael Kenney;", "From_Localised":"Michael Kenney", "Message":"$Escort_AttackDutyStart09;", "Message_Localised":"Все системы в норме. Готовлюсь начать атаку.", "Channel":"npc" }
{ "timestamp":"2018-02-05T03:19:03Z", "event":"ReceiveText", "From":"$npc_name_decorate:#name=Lille Skutt;", "From_Localised":"Lille Skutt", "Message":"$BadKarmaCriticalDamage04;", "Message_Localised":"Я не верю!", "Channel":"npc" }
{ "timestamp":"2018-02-05T03:19:06Z", "event":"ReceiveText", "From":"$npc_name_decorate:#name=TIm Maycock;", "From_Localised":"TIm Maycock", "Message":"$BadKarmaCriticalDamage06;", "Message_Localised":"Черт, неожиданно!", "Channel":"npc" }
{ "timestamp":"2018-02-05T03:19:16Z", "event":"ReceiveText", "From":"$npc_name_decorate:#name=Michael Kenney;", "From_Localised":"Michael Kenney", "Message":"$Escort_NearDeath03;", "Message_Localised":"У меня неприятности... Прошу помощи.", "Channel":"npc" }
{ "timestamp":"2018-02-05T03:19:21Z", "event":"Bounty", "Rewards":[ { "Faction":"Amarak Comms Partners", "Reward":800 }, { "Faction":"Federation", "Reward":3825 } ], "Target":"sidewinder", "TotalReward":4625, "VictimFaction":"Syndicate of LHS 3385" }
{ "timestamp":"2018-02-05T03:19:41Z", "event":"ReceiveText", "From":"$ShipName_Police_Federation;", "From_Localised":"Федеральная служба безопасности", "Message":"$Police_ArrivedAtInvestigationLocation05;", "Message_Localised":"Нам сообщили, что здесь произошло преступление. Все корабли будут просканированы.", "Channel":"npc" }
{ "timestamp":"2018-02-05T03:19:44Z", "event":"Music", "MusicTrack":"Exploration" }
{ "timestamp":"2018-02-05T03:20:54Z", "event":"Music", "MusicTrack":"Combat_Dogfight" }
{ "timestamp":"2018-02-05T03:21:20Z", "event":"ReceiveText", "From":"$npc_name_decorate:#name=Rama Krishna;", "From_Localised":"Rama Krishna", "Message":"$BadKarmaCriticalDamage10;", "Message_Localised":"Эй, теперь у меня корпус поцарапан!", "Channel":"npc" }
{ "timestamp":"2018-02-05T03:21:32Z", "event":"Bounty", "Rewards":[ { "Faction":"Amarak Comms Partners", "Reward":31360 } ], "Target":"viper_mkiv", "TotalReward":31360, "VictimFaction":"Tarutaalli Group", "SharedWithOthers":1 }
{ "timestamp":"2018-02-05T03:21:47Z", "event":"Music", "MusicTrack":"Exploration" }
{ "timestamp":"2018-02-05T03:21:59Z", "event":"ReceiveText", "From":"$npc_name_decorate:#name=Jojo Minnesota;", "From_Localised":"Jojo Minnesota", "Message":"$Pirate_OnDeclarePiracyAttack05;", "Message_Localised":"Теперь у тебя нет шансов.", "Channel":"npc" }
{ "timestamp":"2018-02-05T03:21:59Z", "event":"Music", "MusicTrack":"Combat_Dogfight" }
{ "timestamp":"2018-02-05T03:22:07Z", "event":"ReceiveText", "From":"$npc_name_decorate:#name=Jojo Minnesota;", "From_Localised":"Jojo Minnesota", "Message":"$Pirate_OnDeclarePiracyAttack08;", "Message_Localised":"Сдохни!", "Channel":"npc" }
{ "timestamp":"2018-02-05T03:22:36Z", "event":"Bounty", "Rewards":[ { "Faction":"Amarak Comms Partners", "Reward":400 }, { "Faction":"Federation", "Reward":63157 } ], "Target":"federation_dropship", "TotalReward":63557, "VictimFaction":"Amarak Silver Family" }
{ "timestamp":"2018-02-05T03:22:54Z", "event":"Music", "MusicTrack":"Exploration" }
{ "timestamp":"2018-02-05T03:22:55Z", "event":"Music", "MusicTrack":"Combat_Dogfight" }
{ "timestamp":"2018-02-05T03:23:17Z", "event":"ShieldState", "ShieldsUp":false }
{ "timestamp":"2018-02-05T03:23:24Z", "event":"Bounty", "Rewards":[ { "Faction":"Amarak Comms Partners", "Reward":53260 } ], "Target":"asp_scout", "TotalReward":53260, "VictimFaction":"Syndicate of LHS 3385", "SharedWithOthers":1 }
{ "timestamp":"2018-02-05T03:23:37Z", "event":"ReceiveText", "From":"$npc_name_decorate:#name=Sagima Aldegoth;", "From_Localised":"Sagima Aldegoth", "Message":"$Escort_NearDeath03;", "Message_Localised":"У меня неприятности... Прошу помощи.", "Channel":"npc" }
{ "timestamp":"2018-02-05T03:24:07Z", "event":"ReceiveText", "From":"$npc_name_decorate:#name=Nik Webster;", "From_Localised":"Nik Webster", "Message":"$BadKarmaCriticalDamage06;", "Message_Localised":"Черт, неожиданно!", "Channel":"npc" }
{ "timestamp":"2018-02-05T03:24:20Z", "event":"Bounty", "Rewards":[ { "Faction":"Amarak Comms Partners", "Reward":400 }, { "Faction":"Federation", "Reward":45254 } ], "Target":"viper_mkiv", "TotalReward":45654, "VictimFaction":"Syndicate of LHS 3385" }
{ "timestamp":"2018-02-05T03:24:26Z", "event":"ReceiveText", "From":"$npc_name_decorate:#name=Boo The Magic Pirate;", "From_Localised":"Boo The Magic Pirate", "Message":"$MinerCriticalDamage04;", "Message_Localised":"Я обычный шахтер!", "Channel":"npc" }
{ "timestamp":"2018-02-05T03:24:39Z", "event":"Music", "MusicTrack":"Exploration" }
{ "timestamp":"2018-02-05T03:25:02Z", "event":"ShieldState", "ShieldsUp":true }
{ "timestamp":"2018-02-05T03:25:20Z", "event":"Music", "MusicTrack":"Combat_Dogfight" }
{ "timestamp":"2018-02-05T03:26:15Z", "event":"ReceiveText", "From":"$npc_name_decorate:#name=TikTik;", "From_Localised":"TikTik", "Message":"$BadKarmaCriticalDamage06;", "Message_Localised":"Черт, неожиданно!", "Channel":"npc" }
{ "timestamp":"2018-02-05T03:26:24Z", "event":"Bounty", "Rewards":[ { "Faction":"Amarak Comms Partners", "Reward":400 }, { "Faction":"Federation", "Reward":27000 } ], "Target":"viper_mkiv", "TotalReward":27400, "VictimFaction":"Syndicate of LHS 3385", "SharedWithOthers":1 }
{ "timestamp":"2018-02-05T03:26:39Z", "event":"Music", "MusicTrack":"Exploration" }
{ "timestamp":"2018-02-05T03:27:15Z", "event":"ReceiveText", "From":"$npc_name_decorate:#name=Joe Stronach;", "From_Localised":"Joe Stronach", "Message":"$Pirate_OnDeclarePiracyAttack02;", "Message_Localised":"Итак, ты выбрал смерть. Очень хорошо.", "Channel":"npc" }
{ "timestamp":"2018-02-05T03:27:16Z", "event":"Music", "MusicTrack":"Combat_Dogfight" }
{ "timestamp":"2018-02-05T03:27:56Z", "event":"Music", "MusicTrack":"Exploration" }
{ "timestamp":"2018-02-05T03:28:50Z", "event":"Music", "MusicTrack":"Combat_Dogfight" }
{ "timestamp":"2018-02-05T03:29:02Z", "event":"ShieldState", "ShieldsUp":false }
{ "timestamp":"2018-02-05T03:29:46Z", "event":"Bounty", "Rewards":[ { "Faction":"Amarak Comms Partners", "Reward":71130 } ], "Target":"federation_dropship_mkii", "TotalReward":71130, "VictimFaction":"Amarak Silver Family", "SharedWithOthers":1 }
{ "timestamp":"2018-02-05T03:29:46Z", "event":"HullDamage", "Health":0.771741, "PlayerPilot":true, "Fighter":false }
{ "timestamp":"2018-02-05T03:30:01Z", "event":"Music", "MusicTrack":"Exploration" }
{ "timestamp":"2018-02-05T03:30:23Z", "event":"Music", "MusicTrack":"Combat_Dogfight" }
{ "timestamp":"2018-02-05T03:31:21Z", "event":"ReceiveText", "From":"$npc_name_decorate:#name=Lee Donovan;", "From_Localised":"Lee Donovan", "Message":"$BadKarmaCriticalDamage06;", "Message_Localised":"Черт, неожиданно!", "Channel":"npc" }
{ "timestamp":"2018-02-05T03:31:28Z", "event":"Bounty", "Rewards":[ { "Faction":"Amarak Comms Partners", "Reward":16327 } ], "Target":"empire_courier", "TotalReward":16327, "VictimFaction":"Syndicate of LHS 3385", "SharedWithOthers":1 }
{ "timestamp":"2018-02-05T03:31:31Z", "event":"ShieldState", "ShieldsUp":true }
{ "timestamp":"2018-02-05T03:31:43Z", "event":"Music", "MusicTrack":"Exploration" }
{ "timestamp":"2018-02-05T03:32:32Z", "event":"ReceiveText", "From":"$npc_name_decorate:#name=Guru Birdsall;", "From_Localised":"Guru Birdsall", "Message":"$BadKarmaCriticalDamage09;", "Message_Localised":"Я умею проигрывать.", "Channel":"npc" }
{ "timestamp":"2018-02-05T03:33:04Z", "event":"MaterialCollected", "Category":"Encoded", "Name":"shieldpatternanalysis", "Count":3 }
{ "timestamp":"2018-02-05T03:33:08Z", "event":"Music", "MusicTrack":"Combat_Dogfight" }
{ "timestamp":"2018-02-05T03:33:47Z", "event":"ReceiveText", "From":"$npc_name_decorate:#name=Protocube;", "From_Localised":"Protocube", "Message":"$BadKarmaCriticalDamage02;", "Message_Localised":"Невозможно!", "Channel":"npc" }
{ "timestamp":"2018-02-05T03:34:09Z", "event":"Bounty", "Rewards":[ { "Faction":"Amarak Comms Partners", "Reward":236550 } ], "Target":"ferdelance", "TotalReward":236550, "VictimFaction":"Amarak Silver Family", "SharedWithOthers":1 }
{ "timestamp":"2018-02-05T03:34:24Z", "event":"Music", "MusicTrack":"Exploration" }
{ "timestamp":"2018-02-05T03:34:26Z", "event":"MaterialCollected", "Category":"Encoded", "Name":"scandatabanks", "Count":3 }
{ "timestamp":"2018-02-05T03:34:43Z", "event":"Music", "MusicTrack":"Combat_Dogfight" }
{ "timestamp":"2018-02-05T03:35:34Z", "event":"WingLeave" }
{ "timestamp":"2018-02-05T03:35:43Z", "event":"ReceiveText", "From":"$ShipName_Police_Federation;", "From_Localised":"Федеральная служба безопасности", "Message":"$OverwatchAttackRun02;", "Message_Localised":"Начинаю атакующий рывок.", "Channel":"npc" }
{ "timestamp":"2018-02-05T03:35:53Z", "event":"ReceiveText", "From":"$ShipName_Police_Federation;", "From_Localised":"Федеральная служба безопасности", "Message":"$OverwatchAttackRun01;", "Message_Localised":"Вступаю в бой.", "Channel":"npc" }
{ "timestamp":"2018-02-05T03:35:53Z", "event":"ReceiveText", "From":"$npc_name_decorate:#name=Marcel Hoogeveen;", "From_Localised":"Marcel Hoogeveen", "Message":"$Escort_EscortJump06;", "Message_Localised":"Я не собираюсь тут подыхать!", "Channel":"npc" }
{ "timestamp":"2018-02-05T03:36:23Z", "event":"ReceiveText", "From":"$ShipName_Police_Federation;", "From_Localised":"Федеральная служба безопасности", "Message":"$OverwatchAttackRun06;", "Message_Localised":"Готовлюсь открыть огонь.", "Channel":"npc" }
{ "timestamp":"2018-02-05T03:36:38Z", "event":"EjectCargo", "Type":"syntheticmeat", "Count":1, "Abandoned":false }
{ "timestamp":"2018-02-05T03:36:45Z", "event":"ReceiveText", "From":"$ShipName_Police_Federation;", "From_Localised":"Федеральная служба безопасности", "Message":"$OverwatchAttackRun06;", "Message_Localised":"Готовлюсь открыть огонь.", "Channel":"npc" }
{ "timestamp":"2018-02-05T03:36:56Z", "event":"ReceiveText", "From":"$npc_name_decorate:#name=Colin Reeds;", "From_Localised":"Colin Reeds", "Message":"$Escort_EscortJump06;", "Message_Localised":"Я не собираюсь тут подыхать!", "Channel":"npc" }
{ "timestamp":"2018-02-05T03:37:08Z", "event":"Music", "MusicTrack":"Exploration" }
{ "timestamp":"2018-02-05T03:37:11Z", "event":"Music", "MusicTrack":"Combat_Dogfight" }
{ "timestamp":"2018-02-05T03:37:19Z", "event":"StartJump", "JumpType":"Supercruise" }
{ "timestamp":"2018-02-05T03:37:24Z", "event":"SupercruiseEntry", "StarSystem":"Amarak" }
{ "timestamp":"2018-02-05T03:37:24Z", "event":"Music", "MusicTrack":"Supercruise" }
