{ "timestamp":"2018-03-25T22:59:10Z", "event":"Fileheader", "part":1, "language":"English\\UK", "gameversion":"3.0.3.402 EDH", "build":"r167515/r0 " }
{ "timestamp":"2018-03-25T22:59:10Z", "event":"Music", "MusicTrack":"NoTrack" }
{ "timestamp":"2018-03-25T22:59:10Z", "event":"Music", "MusicTrack":"MainMenu" }
{ "timestamp":"2018-03-25T22:59:25Z", "event":"Friends", "Status":"Online", "Name":"Mar.Meow" }
{ "timestamp":"2018-03-25T22:59:44Z", "event":"Commander", "Name":"Sleep Runner" }
{ "timestamp":"2018-03-25T22:59:44Z", "event":"Materials", "Raw":[ { "Name":"phosphorus", "Count":167 }, { "Name":"carbon", "Count":287 }, { "Name":"chromium", "Count":197 }, { "Name":"molybdenum", "Count":25 }, { "Name":"manganese", "Count":149 }, { "Name":"cadmium", "Count":94 }, { "Name":"selenium", "Count":65 }, { "Name":"sulphur", "Count":298 }, { "Name":"antimony", "Count":27 }, { "Name":"arsenic", "Count":28 }, { "Name":"zinc", "Count":91 }, { "Name":"nickel", "Count":244 }, { "Name":"iron", "Count":209 }, { "Name":"germanium", "Count":44 }, { "Name":"tin", "Count":10 }, { "Name":"niobium", "Count":12 }, { "Name":"vanadium", "Count":71 }, { "Name":"tungsten", "Count":30 }, { "Name":"mercury", "Count":17 }, { "Name":"yttrium", "Count":51 }, { "Name":"ruthenium", "Count":30 }, { "Name":"tellurium", "Count":9 }, { "Name":"technetium", "Count":9 } ], "Manufactured":[ { "Name":"gridresistors", "Name_Localised":"Grid Resistors", "Count":34 }, { "Name":"mechanicalequipment", "Name_Localised":"Mechanical Equipment", "Count":15 }, { "Name":"focuscrystals", "Name_Localised":"Focus Crystals", "Count":200 }, { "Name":"salvagedalloys", "Name_Localised":"Salvaged Alloys", "Count":88 }, { "Name":"chemicalprocessors", "Name_Localised":"Chemical Processors", "Count":28 }, { "Name":"phasealloys", "Name_Localised":"Phase Alloys", "Count":150 }, { "Name":"shieldingsensors", "Name_Localised":"Shielding Sensors", "Count":107 }, { "Name":"wornshieldemitters", "Name_Localised":"Worn Shield Emitters", "Count":188 }, { "Name":"galvanisingalloys", "Name_Localised":"Galvanising Alloys", "Count":195 }, { "Name":"configurablecomponents", "Name_Localised":"Configurable Components", "Count":10 }, { "Name":"highdensitycomposites", "Name_Localised":"High Density Composites", "Count":124 }, { "Name":"mechanicalcomponents", "Name_Localised":"Mechanical Components", "Count":6 }, { "Name":"fedproprietarycomposites", "Name_Localised":"Proprietary Composites", "Count":47 }, { "Name":"fedcorecomposites", "Name_Localised":"Core Dynamics Composites", "Count":12 }, { "Name":"shieldemitters", "Name_Localised":"Shield Emitters", "Count":95 }, { "Name":"refinedfocuscrystals", "Name_Localised":"Refined Focus Crystals", "Count":51 }, { "Name":"chemicaldistillery", "Name_Localised":"Chemical Distillery", "Count":30 }, { "Name":"protolightalloys", "Name_Localised":"Proto Light Alloys", "Count":82 }, { "Name":"precipitatedalloys", "Name_Localised":"Precipitated Alloys", "Count":26 }, { "Name":"compoundshielding", "Name_Localised":"Compound Shielding", "Count":103 }, { "Name":"unknownorganiccircuitry", "Name_Localised":"Thargoid Organic Circuitry", "Count":66 }, { "Name":"unknownenergysource", "Name_Localised":"Sensor Fragment", "Count":67 }, { "Name":"unknowncarapace", "Name_Localised":"Thargoid Carapace", "Count":57 }, { "Name":"unknowntechnologycomponents", "Name_Localised":"Thargoid Technological Components", "Count":45 }, { "Name":"unknownenergycell", "Name_Localised":"Thargoid Energy Cell", "Count":39 }, { "Name":"hybridcapacitors", "Name_Localised":"Hybrid Capacitors", "Count":32 }, { "Name":"electrochemicalarrays", "Name_Localised":"Electrochemical Arrays", "Count":2 }, { "Name":"heatdispersionplate", "Name_Localised":"Heat Dispersion Plate", "Count":10 }, { "Name":"conductivepolymers", "Name_Localised":"Conductive Polymers", "Count":5 }, { "Name":"mechanicalscrap", "Name_Localised":"Mechanical Scrap", "Count":58 }, { "Name":"heatconductionwiring", "Name_Localised":"Heat Conduction Wiring", "Count":5 }, { "Name":"conductiveceramics", "Name_Localised":"Conductive Ceramics", "Count":5 }, { "Name":"biotechconductors", "Name_Localised":"Biotech Conductors", "Count":2 }, { "Name":"exquisitefocuscrystals", "Name_Localised":"Exquisite Focus Crystals", "Count":6 }, { "Name":"protoradiolicalloys", "Name_Localised":"Proto Radiolic Alloys", "Count":8 }, { "Name":"uncutfocuscrystals", "Name_Localised":"Flawed Focus Crystals", "Count":123 }, { "Name":"crystalshards", "Name_Localised":"Crystal Shards", "Count":63 }, { "Name":"filamentcomposites", "Name_Localised":"Filament Composites", "Count":78 }, { "Name":"compactcomposites", "Name_Localised":"Compact Composites", "Count":19 }, { "Name":"polymercapacitors", "Name_Localised":"Polymer Capacitors", "Count":2 }, { "Name":"thermicalloys", "Name_Localised":"Thermic Alloys", "Count":31 }, { "Name":"chemicalmanipulators", "Name_Localised":"Chemical Manipulators", "Count":7 }, { "Name":"temperedalloys", "Name_Localised":"Tempered Alloys", "Count":12 }, { "Name":"heatresistantceramics", "Name_Localised":"Heat Resistant Ceramics", "Count":12 }, { "Name":"pharmaceuticalisolators", "Name_Localised":"Pharmaceutical Isolators", "Count":2 }, { "Name":"chemicalstorageunits", "Name_Localised":"Chemical Storage Units", "Count":36 }, { "Name":"imperialshielding", "Name_Localised":"Imperial Shielding", "Count":11 }, { "Name":"militarysupercapacitors", "Name_Localised":"Military Supercapacitors", "Count":3 }, { "Name":"heatvanes", "Name_Localised":"Heat Vanes", "Count":3 }, { "Name":"guardian_sentinel_wreckagecomponents", "Name_Localised":"Guardian Sentinel Wreckage Components", "Count":9 }, { "Name":"guardian_powerconduit", "Name_Localised":"Guardian Power Conduit", "Count":33 }, { "Name":"guardian_powercell", "Name_Localised":"Guardian Power Cell", "Count":45 }, { "Name":"guardian_techcomponent", "Name_Localised":"Guardian Technology Component", "Count":18 }, { "Name":"guardian_sentinel_weaponparts", "Name_Localised":"Guardian Sentinel Weapon Parts", "Count":15 } ], "Encoded":[ { "Name":"decodedemissiondata", "Name_Localised":"Decoded Emission Data", "Count":6 }, { "Name":"emissiondata", "Name_Localised":"Unexpected Emission Data", "Count":43 }, { "Name":"shieldsoakanalysis", "Name_Localised":"Inconsistent Shield Soak Analysis", "Count":34 }, { "Name":"shielddensityreports", "Name_Localised":"Untypical Shield Scans ", "Count":75 }, { "Name":"scanarchives", "Name_Localised":"Unidentified Scan Archives", "Count":16 }, { "Name":"shieldpatternanalysis", "Name_Localised":"Aberrant Shield Pattern Analysis", "Count":5 }, { "Name":"shieldcyclerecordings", "Name_Localised":"Distorted Shield Cycle Recordings", "Count":22 }, { "Name":"encodedscandata", "Name_Localised":"Divergent Scan Data", "Count":20 }, { "Name":"fsdtelemetry", "Name_Localised":"Anomalous FSD Telemetry", "Count":22 }, { "Name":"scandatabanks", "Name_Localised":"Classified Scan Databanks", "Count":29 }, { "Name":"archivedemissiondata", "Name_Localised":"Irregular Emission Data", "Count":12 }, { "Name":"industrialfirmware", "Name_Localised":"Cracked Industrial Firmware", "Count":6 }, { "Name":"bulkscandata", "Name_Localised":"Anomalous Bulk Scan Data", "Count":50 }, { "Name":"embeddedfirmware", "Name_Localised":"Modified Embedded Firmware", "Count":2 }, { "Name":"encryptioncodes", "Name_Localised":"Tagged Encryption Codes", "Count":3 }, { "Name":"encryptionarchives", "Name_Localised":"Atypical Encryption Archives", "Count":3 }, { "Name":"shieldfrequencydata", "Name_Localised":"Peculiar Shield Frequency Data", "Count":3 }, { "Name":"compactemissionsdata", "Name_Localised":"Abnormal Compact Emissions Data", "Count":5 }, { "Name":"disruptedwakeechoes", "Name_Localised":"Atypical Disrupted Wake Echoes", "Count":32 }, { "Name":"classifiedscandata", "Name_Localised":"Classified Scan Fragment", "Count":6 }, { "Name":"legacyfirmware", "Name_Localised":"Specialised Legacy Firmware", "Count":1 }, { "Name":"consumerfirmware", "Name_Localised":"Modified Consumer Firmware", "Count":4 }, { "Name":"hyperspacetrajectories", "Name_Localised":"Eccentric Hyperspace Trajectories", "Count":5 }, { "Name":"ancienthistoricaldata", "Name_Localised":"Pattern Gamma Obelisk Data", "Count":42 }, { "Name":"ancientbiologicaldata", "Name_Localised":"Pattern Alpha Obelisk Data", "Count":30 }, { "Name":"ancientlanguagedata", "Name_Localised":"Pattern Delta Obelisk Data", "Count":15 }, { "Name":"ancientculturaldata", "Name_Localised":"Pattern Beta Obelisk Data", "Count":33 }, { "Name":"ancienttechnologicaldata", "Name_Localised":"Pattern Epsilon Obelisk Data", "Count":12 }, { "Name":"wakesolutions", "Name_Localised":"Strange Wake Solutions", "Count":4 }, { "Name":"tg_compositiondata", "Name_Localised":"Thargoid Material Composition Data", "Count":9 }, { "Name":"tg_residuedata", "Name_Localised":"Thargoid Residue Data", "Count":6 }, { "Name":"guardian_moduleblueprint", "Name_Localised":"Guardian Module Blueprint Segment", "Count":2 } ] }
{ "timestamp":"2018-03-25T22:59:44Z", "event":"LoadGame", "Commander":"Sleep Runner", "Horizons":true, "Ship":"DiamondBackXL", "Ship_Localised":"Diamondback Explorer", "ShipID":24, "ShipName":"", "ShipIdent":"", "FuelLevel":15.236370, "FuelCapacity":32.000000, "GameMode":"Group", "Group":"Mar.Meow", "Credits":126140440, "Loan":0 }
{ "timestamp":"2018-03-25T22:59:44Z", "event":"Rank", "Combat":4, "Trade":5, "Explore":7, "Empire":0, "Federation":2, "CQC":0 }
{ "timestamp":"2018-03-25T22:59:44Z", "event":"Progress", "Combat":37, "Trade":0, "Explore":16, "Empire":33, "Federation":100, "CQC":0 }
{ "timestamp":"2018-03-25T22:59:44Z", "event":"Reputation", "Empire":7.728950, "Federation":89.473000, "Alliance":34.928799 }
{ "timestamp":"2018-03-25T22:59:49Z", "event":"Loadout", "Ship":"DiamondBackXL", "ShipID":24, "ShipName":"", "ShipIdent":"SL-14D", "HullValue":1637277, "ModulesValue":15616309, "Rebuy":862681, "Modules":[ { "Slot":"TinyHardpoint1", "Item":"Hpt_XenoScanner_Basic_Tiny", "On":true, "Priority":3, "Health":0.983445, "Value":365698 }, { "Slot":"TinyHardpoint2", "Item":"Hpt_CloudScanner_Size0_Class5", "On":true, "Priority":3, "Health":0.981471, "Value":1097095, "Engineering":{ "Engineer":"Juri Ishmaak", "EngineerID":300250, "BlueprintID":128740094, "BlueprintName":"Sensor_LongRange", "Level":3, "Quality":1.000000, "Modifiers":[ { "Label":"PowerDraw", "Value":4.160000, "OriginalValue":3.200000, "LessIsGood":1 }, { "Label":"ScannerRange", "Value":6880.000000, "OriginalValue":4000.000000, "LessIsGood":0 }, { "Label":"MaxAngle", "Value":12.000000, "OriginalValue":15.000000, "LessIsGood":0 } ] } }, { "Slot":"TinyHardpoint3", "Item":"Hpt_HeatSinkLauncher_Turret_Tiny", "On":true, "Priority":2, "AmmoInClip":1, "AmmoInHopper":2, "Health":0.986801, "Value":3500 }, { "Slot":"TinyHardpoint4", "Item":"Hpt_HeatSinkLauncher_Turret_Tiny", "On":true, "Priority":2, "AmmoInClip":1, "AmmoInHopper":1, "Health":0.982680, "Value":3500 }, { "Slot":"Armour", "Item":"DiamondBackXL_Armour_Grade1", "On":true, "Priority":1, "Health":1.000000 }, { "Slot":"PowerPlant", "Item":"Int_Powerplant_Size4_Class5", "On":true, "Priority":1, "Health":0.999045, "Value":1441233, "Engineering":{ "Engineer":"Felicity Farseer", "EngineerID":300100, "BlueprintID":128673765, "BlueprintName":"PowerPlant_Boosted", "Level":1, "Quality":1.000000, "ExperimentalEffect":"special_powerplant_lightweight", "ExperimentalEffect_Localised":"Stripped Down", "Modifiers":[ { "Label":"Mass", "Value":4.500000, "OriginalValue":5.000000, "LessIsGood":1 }, { "Label":"Integrity", "Value":83.599998, "OriginalValue":88.000000, "LessIsGood":0 }, { "Label":"PowerCapacity", "Value":17.472000, "OriginalValue":15.600000, "LessIsGood":0 }, { "Label":"HeatEfficiency", "Value":0.420000, "OriginalValue":0.400000, "LessIsGood":1 } ] } }, { "Slot":"MainEngines", "Item":"Int_Engine_Size4_Class5", "On":true, "Priority":0, "Health":0.991033, "Value":1610080, "Engineering":{ "Engineer":"Felicity Farseer", "EngineerID":300100, "BlueprintID":128673665, "BlueprintName":"Engine_Tuned", "Level":1, "Quality":1.000000, "ExperimentalEffect":"special_engine_lightweight", "ExperimentalEffect_Localised":"Stripped Down", "Modifiers":[ { "Label":"Mass", "Value":9.000000, "OriginalValue":10.000000, "LessIsGood":1 }, { "Label":"EngineOptimalMass", "Value":411.600037, "OriginalValue":420.000000, "LessIsGood":0 }, { "Label":"EngineOptPerformance", "Value":108.000015, "OriginalValue":100.000000, "LessIsGood":0 }, { "Label":"EngineHeatRate", "Value":1.040000, "OriginalValue":1.300000, "LessIsGood":1 } ] } }, { "Slot":"FrameShiftDrive", "Item":"Int_Hyperdrive_Size5_Class5", "On":true, "Priority":0, "Health":0.999726, "Value":5103953, "Engineering":{ "Engineer":"Felicity Farseer", "EngineerID":300100, "BlueprintID":128673694, "BlueprintName":"FSD_LongRange", "Level":5, "Quality":0.979000, "ExperimentalEffect":"special_fsd_fuelcapacity", "ExperimentalEffect_Localised":"Deep Charge", "Modifiers":[ { "Label":"Mass", "Value":26.000000, "OriginalValue":20.000000, "LessIsGood":1 }, { "Label":"Integrity", "Value":102.000000, "OriginalValue":120.000000, "LessIsGood":0 }, { "Label":"PowerDraw", "Value":0.724500, "OriginalValue":0.600000, "LessIsGood":1 }, { "Label":"FSDOptimalMass", "Value":1625.294922, "OriginalValue":1050.000000, "LessIsGood":0 }, { "Label":"MaxFuelPerJump", "Value":5.500000, "OriginalValue":5.000000, "LessIsGood":0 } ] } }, { "Slot":"LifeSupport", "Item":"Int_LifeSupport_Size3_Class2", "On":true, "Priority":0, "Health":0.998709, "Value":10133 }, { "Slot":"PowerDistributor", "Item":"Int_PowerDistributor_Size4_Class5", "On":true, "Priority":0, "Health":0.981984, "Value":443328, "Engineering":{ "Engineer":"The Dweller", "EngineerID":300180, "BlueprintID":128673740, "BlueprintName":"PowerDistributor_PriorityEngines", "Level":1, "Quality":1.000000, "ExperimentalEffect":"special_powerdistributor_lightweight", "ExperimentalEffect_Localised":"Stripped Down", "Modifiers":[ { "Label":"Mass", "Value":9.000000, "OriginalValue":10.000000, "LessIsGood":1 }, { "Label":"WeaponsCapacity", "Value":31.040001, "OriginalValue":32.000000, "LessIsGood":0 }, { "Label":"WeaponsRecharge", "Value":3.465000, "OriginalValue":3.500000, "LessIsGood":0 }, { "Label":"EnginesCapacity", "Value":27.600000, "OriginalValue":23.000000, "LessIsGood":0 }, { "Label":"EnginesRecharge", "Value":2.204000, "OriginalValue":1.900000, "LessIsGood":0 }, { "Label":"SystemsCapacity", "Value":22.310001, "OriginalValue":23.000000, "LessIsGood":0 }, { "Label":"SystemsRecharge", "Value":1.843000, "OriginalValue":1.900000, "LessIsGood":0 } ] } }, { "Slot":"Radar", "Item":"Int_Sensors_Size3_Class5", "On":true, "Priority":0, "Health":0.991109, "Value":158331, "Engineering":{ "Engineer":"Felicity Farseer", "EngineerID":300100, "BlueprintID":128740671, "BlueprintName":"Sensor_LightWeight", "Level":3, "Quality":1.000000, "Modifiers":[ { "Label":"Mass", "Value":2.500000, "OriginalValue":5.000000, "LessIsGood":1 }, { "Label":"Integrity", "Value":49.000000, "OriginalValue":70.000000, "LessIsGood":0 }, { "Label":"SensorTargetScanAngle", "Value":25.500000, "OriginalValue":30.000000, "LessIsGood":0 } ] } }, { "Slot":"FuelTank", "Item":"Int_FuelTank_Size5_Class3", "On":true, "Priority":1, "Health":1.000000, "Value":97754 }, { "Slot":"Slot01_Size4", "Item":"Int_CorrosionProofCargoRack_Size4_Class1", "On":true, "Priority":1, "Health":1.000000, "Value":94328 }, { "Slot":"Slot02_Size4", "Item":"Int_FuelScoop_Size4_Class5", "On":true, "Priority":1, "Health":0.980530, "Value":2862364 }, { "Slot":"Slot03_Size3", "Item":"Int_ShieldGenerator_Size3_Class5", "On":true, "Priority":0, "Health":0.973820, "Value":507912, "Engineering":{ "Engineer":"Elvira Martuuk", "EngineerID":300160, "BlueprintID":128673827, "BlueprintName":"ShieldGenerator_Optimised", "Level":3, "Quality":1.000000, "ExperimentalEffect":"special_shield_lightweight", "ExperimentalEffect_Localised":"Stripped Down", "Modifiers":[ { "Label":"Mass", "Value":2.970000, "OriginalValue":5.000000, "LessIsGood":1 }, { "Label":"Integrity", "Value":65.450005, "OriginalValue":77.000000, "LessIsGood":0 }, { "Label":"PowerDraw", "Value":1.764000, "OriginalValue":2.520000, "LessIsGood":1 }, { "Label":"ShieldGenOptimalMass", "Value":158.399994, "OriginalValue":165.000000, "LessIsGood":0 }, { "Label":"ShieldGenStrength", "Value":130.800003, "OriginalValue":120.000008, "LessIsGood":0 } ] } }, { "Slot":"Slot04_Size3", "Item":"Int_BuggyBay_Size2_Class2", "On":true, "Priority":2, "Health":0.998381, "Value":21600 }, { "Slot":"Slot05_Size2", "Item":"Int_DetailedSurfaceScanner_Tiny", "On":true, "Priority":1, "Health":1.000000, "Value":250000, "Engineering":{ "Engineer":"Juri Ishmaak", "EngineerID":300250, "BlueprintID":128740146, "BlueprintName":"Sensor_LongRange", "Level":5, "Quality":1.000000, "Modifiers":[ { "Label":"Mass", "Value":2.600000, "OriginalValue":1.300000, "LessIsGood":1 }, { "Label":"DSS_RangeMult", "Value":200.000000, "OriginalValue":0.000000, "LessIsGood":0 } ] } }, { "Slot":"Slot06_Size2", "Item":"Int_StellarBodyDiscoveryScanner_Advanced", "On":true, "Priority":1, "Health":0.981417, "Value":1545000 }, { "Slot":"PlanetaryApproachSuite", "Item":"Int_PlanetApproachSuite", "On":true, "Priority":1, "Health":1.000000, "Value":500 }, { "Slot":"VesselVoice", "Item":"VoicePack_Verity", "On":true, "Priority":1, "Health":1.000000 }, { "Slot":"ShipCockpit", "Item":"DiamondBackXL_Cockpit", "On":true, "Priority":1, "Health":1.000000 }, { "Slot":"CargoHatch", "Item":"ModularCargoBayDoor", "On":true, "Priority":3, "Health":0.987902 } ] }
{ "timestamp":"2018-03-25T22:59:54Z", "event":"Location", "Docked":false, "StarSystem":"Prai Hypoo RP-Z b4-0", "SystemAddress":548546556457, "StarPos":[-9122.78125,-420.93750,7997.96875], "SystemAllegiance":"", "SystemEconomy":"$economy_None;", "SystemEconomy_Localised":"None", "SystemSecondEconomy":"$economy_None;", "SystemSecondEconomy_Localised":"None", "SystemGovernment":"$government_None;", "SystemGovernment_Localised":"None", "SystemSecurity":"$GAlAXY_MAP_INFO_state_anarchy;", "SystemSecurity_Localised":"Anarchy", "Population":0, "Body":"Prai Hypoo RP-Z b4-0 A 1 a", "BodyID":4, "BodyType":"Planet" }
{ "timestamp":"2018-03-25T22:59:54Z", "event":"Music", "MusicTrack":"NoTrack" }
{ "timestamp":"2018-03-25T22:59:54Z", "event":"Missions", "Active":[  ], "Failed":[  ], "Complete":[  ] }
{ "timestamp":"2018-03-25T22:59:54Z", "event":"Cargo", "Inventory":[ { "Name":"occupiedcryopod", "Name_Localised":"Occupied Escape Pod", "Count":2, "Stolen":0 } ] }
{ "timestamp":"2018-03-25T22:59:54Z", "event":"Music", "MusicTrack":"Exploration" }
{ "timestamp":"2018-03-25T22:59:54Z", "event":"Statistics", "Bank_Account":{ "Current_Wealth":326698405, "Spent_On_Ships":239129422, "Spent_On_Outfitting":541877085, "Spent_On_Repairs":3429593, "Spent_On_Fuel":103084, "Spent_On_Ammo_Consumables":2324039, "Insurance_Claims":35, "Spent_On_Insurance":35927847 }, "Combat":{ "Bounties_Claimed":576, "Bounty_Hunting_Profit":36121239, "Combat_Bonds":128, "Combat_Bond_Profits":4556050, "Assassinations":3, "Assassination_Profits":1689911, "Highest_Single_Reward":281407, "Skimmers_Killed":61 }, "Crime":{ "Notoriety":0, "Fines":142, "Total_Fines":51145, "Bounties_Received":523, "Total_Bounties":314286, "Highest_Bounty":10295 }, "Smuggling":{ "Black_Markets_Traded_With":5, "Black_Markets_Profits":400749, "Resources_Smuggled":29, "Average_Profit":28624.928571429, "Highest_Single_Transaction":347544 }, "Trading":{ "Markets_Traded_With":51, "Market_Profits":9462426, "Resources_Traded":4437, "Average_Profit":36534.463320463, "Highest_Single_Transaction":1822160 }, "Mining":{ "Mining_Profits":1595707, "Quantity_Mined":641, "Materials_Collected":9442 }, "Exploration":{ "Systems_Visited":1932, "Exploration_Profits":143872445, "Planets_Scanned_To_Level_2":60, "Planets_Scanned_To_Level_3":1502, "Highest_Payout":3073852, "Total_Hyperspace_Distance":66431, "Total_Hyperspace_Jumps":2628, "Greatest_Distance_From_Start":12104.559908042, "Time_Played":1539360 }, "Passengers":{ "Passengers_Missions_Accepted":56, "Passengers_Missions_Disgruntled":19, "Passengers_Missions_Bulk":277, "Passengers_Missions_VIP":80, "Passengers_Missions_Delivered":357, "Passengers_Missions_Ejected":11 }, "Search_And_Rescue":{ "SearchRescue_Traded":8, "SearchRescue_Profit":25500, "SearchRescue_Count":4 }, "TG_ENCOUNTERS":{ "TG_ENCOUNTER_IMPRINT":2 }, "Crafting":{ "Count_Of_Used_Engineers":8, "Recipes_Generated":631, "Recipes_Generated_Rank_1":248, "Recipes_Generated_Rank_2":132, "Recipes_Generated_Rank_3":147, "Recipes_Generated_Rank_4":64, "Recipes_Generated_Rank_5":40 }, "Crew":{ "NpcCrew_Hired":1, "NpcCrew_Fired":1 }, "Multicrew":{ "Multicrew_Time_Total":1057, "Multicrew_Gunner_Time_Total":92, "Multicrew_Fighter_Time_Total":0, "Multicrew_Credits_Total":0, "Multicrew_Fines_Total":0 }, "Material_Trader_Stats":{ "Trades_Completed":30, "Materials_Traded":1069, "Encoded_Materials_Traded":140, "Grade_1_Materials_Traded":94, "Grade_2_Materials_Traded":234, "Grade_3_Materials_Traded":423, "Grade_4_Materials_Traded":286, "Grade_5_Materials_Traded":32 } }
{ "timestamp":"2018-03-25T23:00:20Z", "event":"StartJump", "JumpType":"Supercruise" }
{ "timestamp":"2018-03-25T23:00:25Z", "event":"SupercruiseEntry", "StarSystem":"Prai Hypoo RP-Z b4-0", "SystemAddress":548546556457 }
{ "timestamp":"2018-03-25T23:00:26Z", "event":"Music", "MusicTrack":"Supercruise" }
{ "timestamp":"2018-03-25T23:01:00Z", "event":"LeaveBody", "StarSystem":"Prai Hypoo RP-Z b4-0", "SystemAddress":548546556457, "Body":"Prai Hypoo RP-Z b4-0 A 1 a", "BodyID":4 }
{ "timestamp":"2018-03-25T23:01:15Z", "event":"ApproachBody", "StarSystem":"Prai Hypoo RP-Z b4-0", "SystemAddress":548546556457, "Body":"Prai Hypoo RP-Z b4-0 A 1 a", "BodyID":4 }
{ "timestamp":"2018-03-25T23:01:27Z", "event":"Friends", "Status":"Online", "Name":"Mar.Meow" }
{ "timestamp":"2018-03-25T23:01:32Z", "event":"Music", "MusicTrack":"SystemMap" }
{ "timestamp":"2018-03-25T23:02:00Z", "event":"Music", "MusicTrack":"Supercruise" }
{ "timestamp":"2018-03-25T23:02:17Z", "event":"LeaveBody", "StarSystem":"Prai Hypoo RP-Z b4-0", "SystemAddress":548546556457, "Body":"Prai Hypoo RP-Z b4-0 A 1 a", "BodyID":4 }
{ "timestamp":"2018-03-25T23:02:37Z", "event":"ApproachBody", "StarSystem":"Prai Hypoo RP-Z b4-0", "SystemAddress":548546556457, "Body":"Prai Hypoo RP-Z b4-0 A 1", "BodyID":3 }
{ "timestamp":"2018-03-25T23:03:13Z", "event":"SupercruiseExit", "StarSystem":"Prai Hypoo RP-Z b4-0", "SystemAddress":548546556457, "Body":"Prai Hypoo RP-Z b4-0 A 1", "BodyID":3, "BodyType":"Planet" }
{ "timestamp":"2018-03-25T23:03:13Z", "event":"Music", "MusicTrack":"Exploration" }
{ "timestamp":"2018-03-25T23:04:33Z", "event":"StartJump", "JumpType":"Supercruise" }
{ "timestamp":"2018-03-25T23:04:38Z", "event":"SupercruiseEntry", "StarSystem":"Prai Hypoo RP-Z b4-0", "SystemAddress":548546556457 }
{ "timestamp":"2018-03-25T23:04:38Z", "event":"Music", "MusicTrack":"Supercruise" }
{ "timestamp":"2018-03-25T23:05:36Z", "event":"LeaveBody", "StarSystem":"Prai Hypoo RP-Z b4-0", "SystemAddress":548546556457, "Body":"Prai Hypoo RP-Z b4-0 A 1", "BodyID":3 }
{ "timestamp":"2018-03-25T23:06:18Z", "event":"ApproachBody", "StarSystem":"Prai Hypoo RP-Z b4-0", "SystemAddress":548546556457, "Body":"Prai Hypoo RP-Z b4-0 A 1 a", "BodyID":4 }
{ "timestamp":"2018-03-25T23:06:38Z", "event":"SupercruiseExit", "StarSystem":"Prai Hypoo RP-Z b4-0", "SystemAddress":548546556457, "Body":"Prai Hypoo RP-Z b4-0 A 1 a", "BodyID":4, "BodyType":"Planet" }
{ "timestamp":"2018-03-25T23:06:38Z", "event":"Music", "MusicTrack":"Exploration" }
{ "timestamp":"2018-03-25T23:21:58Z", "event":"Touchdown", "PlayerControlled":true, "Latitude":-4.372582, "Longitude":-48.634346 }
{ "timestamp":"2018-03-25T23:22:02Z", "event":"LaunchSRV", "Loadout":"starter", "PlayerControlled":true }
{ "timestamp":"2018-03-25T23:22:20Z", "event":"Liftoff", "PlayerControlled":false }
{ "timestamp":"2018-03-25T23:27:03Z", "event":"MaterialCollected", "Category":"Raw", "Name":"sulphur", "Count":2 }
{ "timestamp":"2018-03-25T23:27:05Z", "event":"MaterialCollected", "Category":"Raw", "Name":"phosphorus", "Count":3 }
{ "timestamp":"2018-03-25T23:27:14Z", "event":"MaterialCollected", "Category":"Raw", "Name":"chromium", "Count":3 }
{ "timestamp":"2018-03-25T23:28:30Z", "event":"ShipTargeted", "TargetLocked":true, "Ship":"diamondbackxl", "Ship_Localised":"Diamondback Explorer", "ScanStage":0 }
{ "timestamp":"2018-03-25T23:28:30Z", "event":"ShipTargeted", "TargetLocked":true, "Ship":"diamondbackxl", "Ship_Localised":"Diamondback Explorer", "ScanStage":3, "PilotName":"$RolePanel2_unmanned; $cmdr_decorate:#name=Sleep Runner;", "PilotName_Localised":"unmanned CMDR Sleep Runner", "PilotRank":"Harmless", "ShieldHealth":100.000000, "HullHealth":89.527802, "LegalStatus":"Lawless" }
{ "timestamp":"2018-03-25T23:28:45Z", "event":"Touchdown", "PlayerControlled":false }
{ "timestamp":"2018-03-25T23:29:26Z", "event":"HullDamage", "Health":0.777258, "PlayerPilot":true }
{ "timestamp":"2018-03-25T23:31:27Z", "event":"Liftoff", "PlayerControlled":false }
{ "timestamp":"2018-03-25T23:31:45Z", "event":"ShipTargeted", "TargetLocked":false }
{ "timestamp":"2018-03-25T23:32:28Z", "event":"HullDamage", "Health":0.557068, "PlayerPilot":true }
{ "timestamp":"2018-03-25T23:33:08Z", "event":"ShipTargeted", "TargetLocked":true, "Ship":"diamondbackxl", "Ship_Localised":"Diamondback Explorer", "ScanStage":0 }
{ "timestamp":"2018-03-25T23:33:08Z", "event":"ShipTargeted", "TargetLocked":true, "Ship":"diamondbackxl", "Ship_Localised":"Diamondback Explorer", "ScanStage":3, "PilotName":"$RolePanel2_unmanned; $cmdr_decorate:#name=Sleep Runner;", "PilotName_Localised":"unmanned CMDR Sleep Runner", "PilotRank":"Harmless", "ShieldHealth":100.000000, "HullHealth":89.527802, "LegalStatus":"Lawless" }
{ "timestamp":"2018-03-25T23:33:34Z", "event":"Touchdown", "PlayerControlled":false }
{ "timestamp":"2018-03-25T23:33:56Z", "event":"DockSRV" }
{ "timestamp":"2018-03-25T23:34:04Z", "event":"Liftoff", "PlayerControlled":true, "Latitude":-4.302014, "Longitude":-48.831226 }
{ "timestamp":"2018-03-25T23:34:35Z", "event":"StartJump", "JumpType":"Supercruise" }
{ "timestamp":"2018-03-25T23:34:40Z", "event":"SupercruiseEntry", "StarSystem":"Prai Hypoo RP-Z b4-0", "SystemAddress":548546556457 }
{ "timestamp":"2018-03-25T23:34:41Z", "event":"Music", "MusicTrack":"Supercruise" }
{ "timestamp":"2018-03-25T23:36:15Z", "event":"SupercruiseExit", "StarSystem":"Prai Hypoo RP-Z b4-0", "SystemAddress":548546556457, "Body":"Prai Hypoo RP-Z b4-0 A 1 a", "BodyID":4, "BodyType":"Planet" }
{ "timestamp":"2018-03-25T23:36:15Z", "event":"Music", "MusicTrack":"Exploration" }
{ "timestamp":"2018-03-25T23:45:00Z", "event":"Music", "MusicTrack":"GalaxyMap" }
{ "timestamp":"2018-03-25T23:45:09Z", "event":"Music", "MusicTrack":"Exploration" }
{ "timestamp":"2018-03-25T23:45:28Z", "event":"StartJump", "JumpType":"Hyperspace", "StarSystem":"Prai Hypoo KJ-B b4-2", "SystemAddress":4945787761185, "StarClass":"M" }
{ "timestamp":"2018-03-25T23:45:34Z", "event":"Music", "MusicTrack":"NoTrack" }
{ "timestamp":"2018-03-25T23:45:47Z", "event":"FSDJump", "StarSystem":"Prai Hypoo KJ-B b4-2", "SystemAddress":4945787761185, "StarPos":[-9174.93750,-424.46875,7990.62500], "SystemAllegiance":"", "SystemEconomy":"$economy_None;", "SystemEconomy_Localised":"None", "SystemSecondEconomy":"$economy_None;", "SystemSecondEconomy_Localised":"None", "SystemGovernment":"$government_None;", "SystemGovernment_Localised":"None", "SystemSecurity":"$GAlAXY_MAP_INFO_state_anarchy;", "SystemSecurity_Localised":"Anarchy", "Population":0, "JumpDist":52.789, "FuelUsed":4.581244, "FuelLevel":9.615125 }
{ "timestamp":"2018-03-25T23:45:48Z", "event":"Music", "MusicTrack":"Supercruise" }
{ "timestamp":"2018-03-25T23:46:12Z", "event":"FuelScoop", "Scooped":5.001509, "Total":14.616631 }
{ "timestamp":"2018-03-25T23:46:15Z", "event":"FuelScoop", "Scooped":0.572281, "Total":15.188919 }
{ "timestamp":"2018-03-25T23:46:39Z", "event":"FuelScoop", "Scooped":5.004022, "Total":20.192913 }
{ "timestamp":"2018-03-25T23:46:55Z", "event":"FuelScoop", "Scooped":5.001350, "Total":25.194279 }
{ "timestamp":"2018-03-25T23:47:12Z", "event":"FuelScoop", "Scooped":5.002202, "Total":30.196497 }
{ "timestamp":"2018-03-25T23:47:18Z", "event":"FuelScoop", "Scooped":1.803506, "Total":32.000000 }
{ "timestamp":"2018-03-25T23:47:42Z", "event":"StartJump", "JumpType":"Hyperspace", "StarSystem":"Prai Hypoo TX-B d18", "SystemAddress":627023187075, "StarClass":"F" }
{ "timestamp":"2018-03-25T23:47:47Z", "event":"Music", "MusicTrack":"NoTrack" }
{ "timestamp":"2018-03-25T23:48:00Z", "event":"FSDJump", "StarSystem":"Prai Hypoo TX-B d18", "SystemAddress":627023187075, "StarPos":[-9219.06250,-442.75000,7967.40625], "SystemAllegiance":"", "SystemEconomy":"$economy_None;", "SystemEconomy_Localised":"None", "SystemSecondEconomy":"$economy_None;", "SystemSecondEconomy_Localised":"None", "SystemGovernment":"$government_None;", "SystemGovernment_Localised":"None", "SystemSecurity":"$GAlAXY_MAP_INFO_state_anarchy;", "SystemSecurity_Localised":"Anarchy", "Population":0, "JumpDist":53.107, "FuelUsed":5.234234, "FuelLevel":26.765766 }
{ "timestamp":"2018-03-25T23:48:01Z", "event":"Music", "MusicTrack":"Supercruise" }
{ "timestamp":"2018-03-25T23:48:06Z", "event":"DiscoveryScan", "SystemAddress":627023187075, "Bodies":1 }
{ "timestamp":"2018-03-25T23:48:06Z", "event":"DiscoveryScan", "SystemAddress":627023187075, "Bodies":1 }
{ "timestamp":"2018-03-25T23:48:06Z", "event":"DiscoveryScan", "SystemAddress":627023187075, "Bodies":3 }
{ "timestamp":"2018-03-25T23:48:07Z", "event":"DiscoveryScan", "SystemAddress":627023187075, "Bodies":20 }
{ "timestamp":"2018-03-25T23:48:22Z", "event":"Music", "MusicTrack":"SystemMap" }
{ "timestamp":"2018-03-25T23:48:27Z", "event":"FuelScoop", "Scooped":5.000391, "Total":31.766169 }
{ "timestamp":"2018-03-25T23:48:27Z", "event":"FuelScoop", "Scooped":0.011046, "Total":31.777216 }
{ "timestamp":"2018-03-25T23:48:50Z", "event":"Music", "MusicTrack":"Supercruise" }
{ "timestamp":"2018-03-25T23:49:48Z", "event":"Screenshot", "Filename":"\\ED_Pictures\\HighResScreenShot_2018-03-25_23-49-48.bmp", "Width":7680, "Height":4320, "System":"Prai Hypoo TX-B d18", "Body":"Prai Hypoo TX-B d18" }
{ "timestamp":"2018-03-25T23:49:57Z", "event":"StartJump", "JumpType":"Hyperspace", "StarSystem":"Prai Hypoo AS-E b2-2", "SystemAddress":4944713953809, "StarClass":"M" }
{ "timestamp":"2018-03-25T23:50:03Z", "event":"Music", "MusicTrack":"NoTrack" }
{ "timestamp":"2018-03-25T23:50:16Z", "event":"FSDJump", "StarSystem":"Prai Hypoo AS-E b2-2", "SystemAddress":4944713953809, "StarPos":[-9265.00000,-439.09375,7941.46875], "SystemAllegiance":"", "SystemEconomy":"$economy_None;", "SystemEconomy_Localised":"None", "SystemSecondEconomy":"$economy_None;", "SystemSecondEconomy_Localised":"None", "SystemGovernment":"$government_None;", "SystemGovernment_Localised":"None", "SystemSecurity":"$GAlAXY_MAP_INFO_state_anarchy;", "SystemSecurity_Localised":"Anarchy", "Population":0, "JumpDist":52.881, "FuelUsed":5.171820, "FuelLevel":26.605396 }
{ "timestamp":"2018-03-25T23:50:16Z", "event":"Music", "MusicTrack":"Supercruise" }
{ "timestamp":"2018-03-25T23:50:22Z", "event":"DiscoveryScan", "SystemAddress":4944713953809, "Bodies":1 }
{ "timestamp":"2018-03-25T23:50:24Z", "event":"ShipTargeted", "TargetLocked":true, "Ship":"diamondbackxl", "Ship_Localised":"Diamondback Explorer", "ScanStage":1, "PilotName":"$cmdr_decorate:#name=Mar.Meow;", "PilotName_Localised":"CMDR Mar.Meow", "PilotRank":"Master" }
{ "timestamp":"2018-03-25T23:50:27Z", "event":"ShipTargeted", "TargetLocked":true, "Ship":"diamondbackxl", "Ship_Localised":"Diamondback Explorer", "ScanStage":2, "PilotName":"$cmdr_decorate:#name=Mar.Meow;", "PilotName_Localised":"CMDR Mar.Meow", "PilotRank":"Master", "ShieldHealth":100.000000, "HullHealth":100.000000 }
{ "timestamp":"2018-03-25T23:50:29Z", "event":"ShipTargeted", "TargetLocked":true, "Ship":"diamondbackxl", "Ship_Localised":"Diamondback Explorer", "ScanStage":3, "PilotName":"$cmdr_decorate:#name=Mar.Meow;", "PilotName_Localised":"CMDR Mar.Meow", "PilotRank":"Master", "ShieldHealth":100.000000, "HullHealth":100.000000, "LegalStatus":"Lawless" }
{ "timestamp":"2018-03-25T23:50:35Z", "event":"FuelScoop", "Scooped":3.266739, "Total":29.872120 }
{ "timestamp":"2018-03-25T23:50:36Z", "event":"ShipTargeted", "TargetLocked":false }
{ "timestamp":"2018-03-25T23:50:38Z", "event":"ShipTargeted", "TargetLocked":true, "Ship":"diamondbackxl", "Ship_Localised":"Diamondback Explorer", "ScanStage":3, "PilotName":"$cmdr_decorate:#name=Mar.Meow;", "PilotName_Localised":"CMDR Mar.Meow", "PilotRank":"Master", "ShieldHealth":100.000000, "HullHealth":100.000000, "LegalStatus":"Lawless" }
{ "timestamp":"2018-03-25T23:50:48Z", "event":"ShipTargeted", "TargetLocked":false }
{ "timestamp":"2018-03-25T23:51:09Z", "event":"StartJump", "JumpType":"Hyperspace", "StarSystem":"Prai Hypoo IA-E c6", "SystemAddress":1717483247874, "StarClass":"G" }
{ "timestamp":"2018-03-25T23:51:14Z", "event":"Music", "MusicTrack":"NoTrack" }
{ "timestamp":"2018-03-25T23:51:28Z", "event":"FSDJump", "StarSystem":"Prai Hypoo IA-E c6", "SystemAddress":1717483247874, "StarPos":[-9308.34375,-432.31250,7921.81250], "SystemAllegiance":"", "SystemEconomy":"$economy_None;", "SystemEconomy_Localised":"None", "SystemSecondEconomy":"$economy_None;", "SystemSecondEconomy_Localised":"None", "SystemGovernment":"$government_None;", "SystemGovernment_Localised":"None", "SystemSecurity":"$GAlAXY_MAP_INFO_state_anarchy;", "SystemSecurity_Localised":"Anarchy", "Population":0, "JumpDist":48.073, "FuelUsed":4.042853, "FuelLevel":25.829268 }
{ "timestamp":"2018-03-25T23:51:28Z", "event":"Music", "MusicTrack":"DestinationFromHyperspace" }
{ "timestamp":"2018-03-25T23:51:33Z", "event":"Music", "MusicTrack":"Supercruise" }
{ "timestamp":"2018-03-25T23:51:33Z", "event":"DiscoveryScan", "SystemAddress":1717483247874, "Bodies":1 }
{ "timestamp":"2018-03-25T23:51:33Z", "event":"DiscoveryScan", "SystemAddress":1717483247874, "Bodies":2 }
{ "timestamp":"2018-03-25T23:51:33Z", "event":"DiscoveryScan", "SystemAddress":1717483247874, "Bodies":1 }
{ "timestamp":"2018-03-25T23:51:33Z", "event":"DiscoveryScan", "SystemAddress":1717483247874, "Bodies":1 }
{ "timestamp":"2018-03-25T23:51:34Z", "event":"DiscoveryScan", "SystemAddress":1717483247874, "Bodies":18 }
{ "timestamp":"2018-03-25T23:51:38Z", "event":"Music", "MusicTrack":"SystemMap" }
{ "timestamp":"2018-03-25T23:51:49Z", "event":"FuelScoop", "Scooped":3.357753, "Total":29.187002 }
{ "timestamp":"2018-03-25T23:51:57Z", "event":"Music", "MusicTrack":"Supercruise" }
{ "timestamp":"2018-03-25T23:52:03Z", "event":"Music", "MusicTrack":"GalaxyMap" }
{ "timestamp":"2018-03-25T23:53:50Z", "event":"Music", "MusicTrack":"Supercruise" }
{ "timestamp":"2018-03-25T23:54:21Z", "event":"StartJump", "JumpType":"Hyperspace", "StarSystem":"Prai Hypoo TV-H b1", "SystemAddress":2744885260801, "StarClass":"TTS" }
{ "timestamp":"2018-03-25T23:54:26Z", "event":"Music", "MusicTrack":"NoTrack" }
{ "timestamp":"2018-03-25T23:54:39Z", "event":"FSDJump", "StarSystem":"Prai Hypoo TV-H b1", "SystemAddress":2744885260801, "StarPos":[-9315.96875,-465.03125,7914.90625], "SystemAllegiance":"", "SystemEconomy":"$economy_None;", "SystemEconomy_Localised":"None", "SystemSecondEconomy":"$economy_None;", "SystemSecondEconomy_Localised":"None", "SystemGovernment":"$government_None;", "SystemGovernment_Localised":"None", "SystemSecurity":"$GAlAXY_MAP_INFO_state_anarchy;", "SystemSecurity_Localised":"Anarchy", "Population":0, "JumpDist":34.298, "FuelUsed":1.759616, "FuelLevel":27.427385 }
{ "timestamp":"2018-03-25T23:54:40Z", "event":"Music", "MusicTrack":"DestinationFromHyperspace" }
{ "timestamp":"2018-03-25T23:54:45Z", "event":"Music", "MusicTrack":"Supercruise" }
{ "timestamp":"2018-03-25T23:54:45Z", "event":"DiscoveryScan", "SystemAddress":2744885260801, "Bodies":1 }
{ "timestamp":"2018-03-25T23:54:45Z", "event":"DiscoveryScan", "SystemAddress":2744885260801, "Bodies":4 }
{ "timestamp":"2018-03-25T23:54:52Z", "event":"Music", "MusicTrack":"SystemMap" }
{ "timestamp":"2018-03-25T23:55:31Z", "event":"Music", "MusicTrack":"Supercruise" }
{ "timestamp":"2018-03-25T23:55:33Z", "event":"Music", "MusicTrack":"GalaxyMap" }
{ "timestamp":"2018-03-25T23:59:19Z", "event":"Music", "MusicTrack":"Supercruise" }
{ "timestamp":"2018-03-25T23:59:44Z", "event":"StartJump", "JumpType":"Hyperspace", "StarSystem":"Prai Hypoo RQ-G b1-3", "SystemAddress":7142931968521, "StarClass":"M" }
{ "timestamp":"2018-03-25T23:59:49Z", "event":"Music", "MusicTrack":"NoTrack" }
{ "timestamp":"2018-03-26T00:00:02Z", "event":"FSDJump", "StarSystem":"Prai Hypoo RQ-G b1-3", "SystemAddress":7142931968521, "StarPos":[-9306.09375,-414.65625,7930.87500], "SystemAllegiance":"", "SystemEconomy":"$economy_None;", "SystemEconomy_Localised":"None", "SystemSecondEconomy":"$economy_None;", "SystemSecondEconomy_Localised":"None", "SystemGovernment":"$government_None;", "SystemGovernment_Localised":"None", "SystemSecurity":"$GAlAXY_MAP_INFO_state_anarchy;", "SystemSecurity_Localised":"Anarchy", "Population":0, "JumpDist":53.760, "FuelUsed":5.229985, "FuelLevel":22.197399 }
{ "timestamp":"2018-03-26T00:00:03Z", "event":"Music", "MusicTrack":"Supercruise" }
{ "timestamp":"2018-03-26T00:00:08Z", "event":"DiscoveryScan", "SystemAddress":7142931968521, "Bodies":1 }
{ "timestamp":"2018-03-26T00:00:08Z", "event":"DiscoveryScan", "SystemAddress":7142931968521, "Bodies":11 }
{ "timestamp":"2018-03-26T00:00:09Z", "event":"DiscoveryScan", "SystemAddress":7142931968521, "Bodies":7 }
{ "timestamp":"2018-03-26T00:00:13Z", "event":"Music", "MusicTrack":"SystemMap" }
{ "timestamp":"2018-03-26T00:00:18Z", "event":"FuelScoop", "Scooped":2.105093, "Total":24.302500 }
{ "timestamp":"2018-03-26T00:00:28Z", "event":"Music", "MusicTrack":"Supercruise" }
{ "timestamp":"2018-03-26T00:00:36Z", "event":"ShipTargeted", "TargetLocked":true, "Ship":"diamondbackxl", "Ship_Localised":"Diamondback Explorer", "ScanStage":1, "PilotName":"$cmdr_decorate:#name=Mar.Meow;", "PilotName_Localised":"CMDR Mar.Meow", "PilotRank":"Master" }
{ "timestamp":"2018-03-26T00:00:39Z", "event":"ShipTargeted", "TargetLocked":true, "Ship":"diamondbackxl", "Ship_Localised":"Diamondback Explorer", "ScanStage":2, "PilotName":"$cmdr_decorate:#name=Mar.Meow;", "PilotName_Localised":"CMDR Mar.Meow", "PilotRank":"Master", "ShieldHealth":100.000000, "HullHealth":100.000000 }
{ "timestamp":"2018-03-26T00:00:41Z", "event":"ShipTargeted", "TargetLocked":true, "Ship":"diamondbackxl", "Ship_Localised":"Diamondback Explorer", "ScanStage":3, "PilotName":"$cmdr_decorate:#name=Mar.Meow;", "PilotName_Localised":"CMDR Mar.Meow", "PilotRank":"Master", "ShieldHealth":100.000000, "HullHealth":100.000000, "LegalStatus":"Lawless" }
{ "timestamp":"2018-03-26T00:00:46Z", "event":"StartJump", "JumpType":"Hyperspace", "StarSystem":"Prai Hypoo WY-A e9", "SystemAddress":39722133060, "StarClass":"B" }
{ "timestamp":"2018-03-26T00:00:46Z", "event":"ShipTargeted", "TargetLocked":false }
{ "timestamp":"2018-03-26T00:00:51Z", "event":"Music", "MusicTrack":"NoTrack" }
{ "timestamp":"2018-03-26T00:01:04Z", "event":"FSDJump", "StarSystem":"Prai Hypoo WY-A e9", "SystemAddress":39722133060, "StarPos":[-9311.78125,-399.21875,7936.00000], "SystemAllegiance":"", "SystemEconomy":"$economy_None;", "SystemEconomy_Localised":"None", "SystemSecondEconomy":"$economy_None;", "SystemSecondEconomy_Localised":"None", "SystemGovernment":"$government_None;", "SystemGovernment_Localised":"None", "SystemSecurity":"$GAlAXY_MAP_INFO_state_anarchy;", "SystemSecurity_Localised":"Anarchy", "Population":0, "JumpDist":17.232, "FuelUsed":0.315205, "FuelLevel":23.987295 }
{ "timestamp":"2018-03-26T00:01:05Z", "event":"Music", "MusicTrack":"DestinationFromHyperspace" }
{ "timestamp":"2018-03-26T00:01:10Z", "event":"Music", "MusicTrack":"Supercruise" }
{ "timestamp":"2018-03-26T00:01:10Z", "event":"DiscoveryScan", "SystemAddress":39722133060, "Bodies":1 }
{ "timestamp":"2018-03-26T00:01:11Z", "event":"DiscoveryScan", "SystemAddress":39722133060, "Bodies":15 }
{ "timestamp":"2018-03-26T00:01:17Z", "event":"Music", "MusicTrack":"SystemMap" }
{ "timestamp":"2018-03-26T00:01:31Z", "event":"FuelScoop", "Scooped":4.175127, "Total":28.162405 }
{ "timestamp":"2018-03-26T00:02:00Z", "event":"Music", "MusicTrack":"Supercruise" }
{ "timestamp":"2018-03-26T00:02:05Z", "event":"Music", "MusicTrack":"GalaxyMap" }
{ "timestamp":"2018-03-26T00:08:21Z", "event":"Music", "MusicTrack":"Supercruise" }
{ "timestamp":"2018-03-26T00:09:14Z", "event":"ModuleInfo" }
{ "timestamp":"2018-03-26T00:09:15Z", "event":"StartJump", "JumpType":"Hyperspace", "StarSystem":"Prai Hypoo OL-F b2-4", "SystemAddress":9341686985233, "StarClass":"M" }
{ "timestamp":"2018-03-26T00:09:20Z", "event":"Music", "MusicTrack":"NoTrack" }
{ "timestamp":"2018-03-26T00:09:34Z", "event":"FSDJump", "StarSystem":"Prai Hypoo OL-F b2-4", "SystemAddress":9341686985233, "StarPos":[-9339.81250,-359.75000,7953.40625], "SystemAllegiance":"", "SystemEconomy":"$economy_None;", "SystemEconomy_Localised":"None", "SystemSecondEconomy":"$economy_None;", "SystemSecondEconomy_Localised":"None", "SystemGovernment":"$government_None;", "SystemGovernment_Localised":"None", "SystemSecurity":"$GAlAXY_MAP_INFO_state_anarchy;", "SystemSecurity_Localised":"Anarchy", "Population":0, "JumpDist":51.444, "FuelUsed":4.701972, "FuelLevel":22.940434 }
{ "timestamp":"2018-03-26T00:09:34Z", "event":"Music", "MusicTrack":"Supercruise" }
{ "timestamp":"2018-03-26T00:09:40Z", "event":"DiscoveryScan", "SystemAddress":9341686985233, "Bodies":3 }
{ "timestamp":"2018-03-26T00:09:40Z", "event":"DiscoveryScan", "SystemAddress":9341686985233, "Bodies":5 }
{ "timestamp":"2018-03-26T00:09:40Z", "event":"DiscoveryScan", "SystemAddress":9341686985233, "Bodies":1 }
{ "timestamp":"2018-03-26T00:09:40Z", "event":"DiscoveryScan", "SystemAddress":9341686985233, "Bodies":1 }
{ "timestamp":"2018-03-26T00:09:41Z", "event":"DiscoveryScan", "SystemAddress":9341686985233, "Bodies":17 }
{ "timestamp":"2018-03-26T00:09:57Z", "event":"Music", "MusicTrack":"SystemMap" }
{ "timestamp":"2018-03-26T00:09:57Z", "event":"FuelScoop", "Scooped":5.001692, "Total":27.942133 }
{ "timestamp":"2018-03-26T00:10:00Z", "event":"FuelScoop", "Scooped":0.354266, "Total":28.296402 }
{ "timestamp":"2018-03-26T00:10:43Z", "event":"Music", "MusicTrack":"Supercruise" }
{ "timestamp":"2018-03-26T00:10:50Z", "event":"Music", "MusicTrack":"GalaxyMap" }
{ "timestamp":"2018-03-26T00:11:18Z", "event":"Music", "MusicTrack":"Supercruise" }
{ "timestamp":"2018-03-26T00:11:35Z", "event":"StartJump", "JumpType":"Hyperspace", "StarSystem":"Prai Hypoo MB-E b3-3", "SystemAddress":7142126989849, "StarClass":"M" }
{ "timestamp":"2018-03-26T00:11:40Z", "event":"Music", "MusicTrack":"NoTrack" }
{ "timestamp":"2018-03-26T00:11:54Z", "event":"FSDJump", "StarSystem":"Prai Hypoo MB-E b3-3", "SystemAddress":7142126989849, "StarPos":[-9369.21875,-318.53125,7965.78125], "SystemAllegiance":"", "SystemEconomy":"$economy_None;", "SystemEconomy_Localised":"None", "SystemSecondEconomy":"$economy_None;", "SystemSecondEconomy_Localised":"None", "SystemGovernment":"$government_None;", "SystemGovernment_Localised":"None", "SystemSecurity":"$GAlAXY_MAP_INFO_state_anarchy;", "SystemSecurity_Localised":"Anarchy", "Population":0, "JumpDist":52.123, "FuelUsed":4.877053, "FuelLevel":23.419350 }
{ "timestamp":"2018-03-26T00:11:54Z", "event":"Music", "MusicTrack":"Supercruise" }
{ "timestamp":"2018-03-26T00:12:00Z", "event":"DiscoveryScan", "SystemAddress":7142126989849, "Bodies":1 }
{ "timestamp":"2018-03-26T00:12:00Z", "event":"DiscoveryScan", "SystemAddress":7142126989849, "Bodies":2 }
{ "timestamp":"2018-03-26T00:12:03Z", "event":"Music", "MusicTrack":"SystemMap" }
{ "timestamp":"2018-03-26T00:12:05Z", "event":"Music", "MusicTrack":"Supercruise" }
{ "timestamp":"2018-03-26T00:12:09Z", "event":"FuelScoop", "Scooped":1.824121, "Total":25.243496 }
{ "timestamp":"2018-03-26T00:12:26Z", "event":"StartJump", "JumpType":"Hyperspace", "StarSystem":"Prai Hypoo GG-B c2-10", "SystemAddress":2816860789010, "StarClass":"K" }
{ "timestamp":"2018-03-26T00:12:32Z", "event":"Music", "MusicTrack":"NoTrack" }
{ "timestamp":"2018-03-26T00:12:45Z", "event":"FSDJump", "StarSystem":"Prai Hypoo GG-B c2-10", "SystemAddress":2816860789010, "StarPos":[-9399.00000,-280.12500,7986.71875], "SystemAllegiance":"", "SystemEconomy":"$economy_None;", "SystemEconomy_Localised":"None", "SystemSecondEconomy":"$economy_None;", "SystemSecondEconomy_Localised":"None", "SystemGovernment":"$government_None;", "SystemGovernment_Localised":"None", "SystemSecurity":"$GAlAXY_MAP_INFO_state_anarchy;", "SystemSecurity_Localised":"Anarchy", "Population":0, "JumpDist":52.918, "FuelUsed":4.957373, "FuelLevel":20.286123 }
{ "timestamp":"2018-03-26T00:12:45Z", "event":"Music", "MusicTrack":"Supercruise" }
{ "timestamp":"2018-03-26T00:12:51Z", "event":"DiscoveryScan", "SystemAddress":2816860789010, "Bodies":1 }
{ "timestamp":"2018-03-26T00:12:51Z", "event":"DiscoveryScan", "SystemAddress":2816860789010, "Bodies":1 }
{ "timestamp":"2018-03-26T00:12:52Z", "event":"DiscoveryScan", "SystemAddress":2816860789010, "Bodies":29 }
{ "timestamp":"2018-03-26T00:12:57Z", "event":"Music", "MusicTrack":"SystemMap" }
{ "timestamp":"2018-03-26T00:13:10Z", "event":"FuelScoop", "Scooped":5.000632, "Total":25.286785 }
{ "timestamp":"2018-03-26T00:13:15Z", "event":"Music", "MusicTrack":"Supercruise" }
{ "timestamp":"2018-03-26T00:13:26Z", "event":"FuelScoop", "Scooped":5.003735, "Total":30.290524 }
{ "timestamp":"2018-03-26T00:13:33Z", "event":"FuelScoop", "Scooped":1.568389, "Total":31.858921 }
{ "timestamp":"2018-03-26T00:13:39Z", "event":"Music", "MusicTrack":"GalaxyMap" }
{ "timestamp":"2018-03-26T00:13:51Z", "event":"StartJump", "JumpType":"Hyperspace", "StarSystem":"Prai Hypoo ON-Z b5-1", "SystemAddress":2743543870001, "StarClass":"M" }
{ "timestamp":"2018-03-26T00:13:51Z", "event":"Music", "MusicTrack":"Supercruise" }
{ "timestamp":"2018-03-26T00:13:56Z", "event":"Music", "MusicTrack":"NoTrack" }
{ "timestamp":"2018-03-26T00:14:10Z", "event":"FSDJump", "StarSystem":"Prai Hypoo ON-Z b5-1", "SystemAddress":2743543870001, "StarPos":[-9414.37500,-239.34375,8018.03125], "SystemAllegiance":"", "SystemEconomy":"$economy_None;", "SystemEconomy_Localised":"None", "SystemSecondEconomy":"$economy_None;", "SystemSecondEconomy_Localised":"None", "SystemGovernment":"$government_None;", "SystemGovernment_Localised":"None", "SystemSecurity":"$GAlAXY_MAP_INFO_state_anarchy;", "SystemSecurity_Localised":"Anarchy", "Population":0, "JumpDist":53.665, "FuelUsed":5.364830, "FuelLevel":26.494091 }
{ "timestamp":"2018-03-26T00:14:10Z", "event":"Music", "MusicTrack":"Supercruise" }
{ "timestamp":"2018-03-26T00:14:16Z", "event":"DiscoveryScan", "SystemAddress":2743543870001, "Bodies":1 }
{ "timestamp":"2018-03-26T00:14:17Z", "event":"DiscoveryScan", "SystemAddress":2743543870001, "Bodies":1 }
{ "timestamp":"2018-03-26T00:14:28Z", "event":"FuelScoop", "Scooped":2.534713, "Total":29.028793 }
{ "timestamp":"2018-03-26T00:14:44Z", "event":"StartJump", "JumpType":"Hyperspace", "StarSystem":"Prai Hypoo FW-Z c2-14", "SystemAddress":3916305373466, "StarClass":"K" }
{ "timestamp":"2018-03-26T00:14:49Z", "event":"Music", "MusicTrack":"NoTrack" }
{ "timestamp":"2018-03-26T00:15:02Z", "event":"FSDJump", "StarSystem":"Prai Hypoo FW-Z c2-14", "SystemAddress":3916305373466, "StarPos":[-9450.15625,-203.46875,8036.59375], "SystemAllegiance":"", "SystemEconomy":"$economy_None;", "SystemEconomy_Localised":"None", "SystemSecondEconomy":"$economy_None;", "SystemSecondEconomy_Localised":"None", "SystemGovernment":"$government_None;", "SystemGovernment_Localised":"None", "SystemSecurity":"$GAlAXY_MAP_INFO_state_anarchy;", "SystemSecurity_Localised":"Anarchy", "Population":0, "JumpDist":53.962, "FuelUsed":5.335618, "FuelLevel":23.693176 }
{ "timestamp":"2018-03-26T00:15:02Z", "event":"Music", "MusicTrack":"Supercruise" }
{ "timestamp":"2018-03-26T00:15:08Z", "event":"DiscoveryScan", "SystemAddress":3916305373466, "Bodies":1 }
{ "timestamp":"2018-03-26T00:15:27Z", "event":"FuelScoop", "Scooped":4.566398, "Total":28.259567 }
{ "timestamp":"2018-03-26T00:15:40Z", "event":"StartJump", "JumpType":"Hyperspace", "StarSystem":"Prai Hypoo HN-Y b6-0", "SystemAddress":543715570233, "StarClass":"M" }
{ "timestamp":"2018-03-26T00:15:45Z", "event":"Music", "MusicTrack":"NoTrack" }
{ "timestamp":"2018-03-26T00:15:59Z", "event":"FSDJump", "StarSystem":"Prai Hypoo HN-Y b6-0", "SystemAddress":543715570233, "StarPos":[-9473.28125,-156.59375,8050.18750], "SystemAllegiance":"", "SystemEconomy":"$economy_None;", "SystemEconomy_Localised":"None", "SystemSecondEconomy":"$economy_None;", "SystemSecondEconomy_Localised":"None", "SystemGovernment":"$government_None;", "SystemGovernment_Localised":"None", "SystemSecurity":"$GAlAXY_MAP_INFO_state_anarchy;", "SystemSecurity_Localised":"Anarchy", "Population":0, "JumpDist":54.008, "FuelUsed":5.315930, "FuelLevel":22.943638 }
{ "timestamp":"2018-03-26T00:15:59Z", "event":"Music", "MusicTrack":"Supercruise" }
{ "timestamp":"2018-03-26T00:16:04Z", "event":"DiscoveryScan", "SystemAddress":543715570233, "Bodies":1 }
{ "timestamp":"2018-03-26T00:16:06Z", "event":"DiscoveryScan", "SystemAddress":543715570233, "Bodies":7 }
{ "timestamp":"2018-03-26T00:16:10Z", "event":"Music", "MusicTrack":"SystemMap" }
{ "timestamp":"2018-03-26T00:16:15Z", "event":"FuelScoop", "Scooped":2.258748, "Total":25.202354 }
{ "timestamp":"2018-03-26T00:16:31Z", "event":"Music", "MusicTrack":"Supercruise" }
{ "timestamp":"2018-03-26T00:16:38Z", "event":"Music", "MusicTrack":"GalaxyMap" }
{ "timestamp":"2018-03-26T00:16:39Z", "event":"Music", "MusicTrack":"Supercruise" }
{ "timestamp":"2018-03-26T00:17:50Z", "event":"Scan", "ScanType":"Detailed", "BodyName":"Prai Hypoo HN-Y b6-0 2", "BodyID":2, "Parents":[ {"Star":0} ], "DistanceFromArrivalLS":783.403137, "TidalLock":false, "TerraformState":"", "PlanetClass":"Rocky ice body", "Atmosphere":"", "AtmosphereType":"None", "Volcanism":"", "MassEM":0.001240, "Radius":847814.250000, "SurfaceGravity":0.687670, "SurfaceTemperature":74.726753, "SurfacePressure":0.000000, "Landable":true, "Materials":[ { "Name":"sulphur", "Percent":22.686403 }, { "Name":"carbon", "Percent":19.076916 }, { "Name":"iron", "Percent":19.036701 }, { "Name":"nickel", "Percent":14.398564 }, { "Name":"phosphorus", "Percent":12.213368 }, { "Name":"germanium", "Percent":4.006048 }, { "Name":"selenium", "Percent":3.550614 }, { "Name":"zirconium", "Percent":2.210553 }, { "Name":"molybdenum", "Percent":1.243086 }, { "Name":"tungsten", "Percent":1.045306 }, { "Name":"polonium", "Percent":0.532441 } ], "Composition":{ "Ice":0.481725, "Rock":0.348489, "Metal":0.169786 }, "SemiMajorAxis":234857791488.000000, "Eccentricity":0.000005, "OrbitalInclination":-0.001073, "Periapsis":259.000092, "OrbitalPeriod":93841976.000000, "RotationPeriod":149298.781250, "AxialTilt":-0.214347 }
{ "timestamp":"2018-03-26T00:18:18Z", "event":"Music", "MusicTrack":"SystemMap" }
{ "timestamp":"2018-03-26T00:18:25Z", "event":"Music", "MusicTrack":"Supercruise" }
{ "timestamp":"2018-03-26T00:18:59Z", "event":"SupercruiseExit", "StarSystem":"Prai Hypoo HN-Y b6-0", "SystemAddress":543715570233, "Body":"Prai Hypoo HN-Y b6-0 2", "BodyID":2, "BodyType":"Planet" }
{ "timestamp":"2018-03-26T00:18:59Z", "event":"Music", "MusicTrack":"Exploration" }
{ "timestamp":"2018-03-26T00:19:32Z", "event":"Screenshot", "Filename":"\\ED_Pictures\\HighResScreenShot_2018-03-26_00-19-31.bmp", "Width":7680, "Height":4320, "System":"Prai Hypoo HN-Y b6-0", "Body":"Prai Hypoo HN-Y b6-0 2" }
{ "timestamp":"2018-03-26T00:19:40Z", "event":"StartJump", "JumpType":"Supercruise" }
{ "timestamp":"2018-03-26T00:19:45Z", "event":"SupercruiseEntry", "StarSystem":"Prai Hypoo HN-Y b6-0", "SystemAddress":543715570233 }
{ "timestamp":"2018-03-26T00:19:45Z", "event":"Music", "MusicTrack":"Supercruise" }
{ "timestamp":"2018-03-26T00:19:52Z", "event":"ApproachBody", "StarSystem":"Prai Hypoo HN-Y b6-0", "SystemAddress":543715570233, "Body":"Prai Hypoo HN-Y b6-0 2", "BodyID":2 }
{ "timestamp":"2018-03-26T00:20:31Z", "event":"SupercruiseExit", "StarSystem":"Prai Hypoo HN-Y b6-0", "SystemAddress":543715570233, "Body":"Prai Hypoo HN-Y b6-0 2", "BodyID":2, "BodyType":"Planet" }
{ "timestamp":"2018-03-26T00:20:31Z", "event":"Music", "MusicTrack":"Exploration" }
{ "timestamp":"2018-03-26T00:21:49Z", "event":"Screenshot", "Filename":"\\ED_Pictures\\HighResScreenShot_2018-03-26_00-21-49.bmp", "Width":7680, "Height":4320, "System":"Prai Hypoo HN-Y b6-0", "Body":"Prai Hypoo HN-Y b6-0 2", "Latitude":62.234131, "Longitude":41.622326, "Heading":146, "Altitude":4541.048340 }
{ "timestamp":"2018-03-26T00:26:08Z", "event":"StartJump", "JumpType":"Supercruise" }
{ "timestamp":"2018-03-26T00:26:13Z", "event":"SupercruiseEntry", "StarSystem":"Prai Hypoo HN-Y b6-0", "SystemAddress":543715570233 }
{ "timestamp":"2018-03-26T00:26:13Z", "event":"Music", "MusicTrack":"Supercruise" }
{ "timestamp":"2018-03-26T00:26:22Z", "event":"Music", "MusicTrack":"SystemMap" }
{ "timestamp":"2018-03-26T00:26:23Z", "event":"Music", "MusicTrack":"Supercruise" }
{ "timestamp":"2018-03-26T00:26:31Z", "event":"SupercruiseExit", "StarSystem":"Prai Hypoo HN-Y b6-0", "SystemAddress":543715570233, "Body":"Prai Hypoo HN-Y b6-0 2", "BodyID":2, "BodyType":"Planet" }
{ "timestamp":"2018-03-26T00:26:31Z", "event":"Music", "MusicTrack":"Exploration" }
{ "timestamp":"2018-03-26T00:27:01Z", "event":"StartJump", "JumpType":"Supercruise" }
{ "timestamp":"2018-03-26T00:27:06Z", "event":"SupercruiseEntry", "StarSystem":"Prai Hypoo HN-Y b6-0", "SystemAddress":543715570233 }
{ "timestamp":"2018-03-26T00:27:06Z", "event":"Music", "MusicTrack":"Supercruise" }
{ "timestamp":"2018-03-26T00:28:29Z", "event":"SupercruiseExit", "StarSystem":"Prai Hypoo HN-Y b6-0", "SystemAddress":543715570233, "Body":"Prai Hypoo HN-Y b6-0 2", "BodyID":2, "BodyType":"Planet" }
{ "timestamp":"2018-03-26T00:28:29Z", "event":"Music", "MusicTrack":"Exploration" }
{ "timestamp":"2018-03-26T00:30:11Z", "event":"Screenshot", "Filename":"\\ED_Pictures\\HighResScreenShot_2018-03-26_00-30-10.bmp", "Width":7680, "Height":4320, "System":"Prai Hypoo HN-Y b6-0", "Body":"Prai Hypoo HN-Y b6-0 2", "Latitude":32.048496, "Longitude":81.950661, "Heading":262, "Altitude":39846.625000 }
{ "timestamp":"2018-03-26T00:31:31Z", "event":"Screenshot", "Filename":"\\ED_Pictures\\HighResScreenShot_2018-03-26_00-31-30.bmp", "Width":7680, "Height":4320, "System":"Prai Hypoo HN-Y b6-0", "Body":"Prai Hypoo HN-Y b6-0 2", "Latitude":31.840101, "Longitude":80.280678, "Heading":262, "Altitude":40398.750000 }
{ "timestamp":"2018-03-26T00:31:44Z", "event":"StartJump", "JumpType":"Supercruise" }
{ "timestamp":"2018-03-26T00:31:49Z", "event":"SupercruiseEntry", "StarSystem":"Prai Hypoo HN-Y b6-0", "SystemAddress":543715570233 }
{ "timestamp":"2018-03-26T00:31:49Z", "event":"Music", "MusicTrack":"Supercruise" }
{ "timestamp":"2018-03-26T00:32:50Z", "event":"Screenshot", "Filename":"\\ED_Pictures\\HighResScreenShot_2018-03-26_00-32-49.bmp", "Width":7680, "Height":4320, "System":"Prai Hypoo HN-Y b6-0", "Body":"Prai Hypoo HN-Y b6-0 2", "Latitude":13.342432, "Longitude":79.539406, "Heading":178 }
{ "timestamp":"2018-03-26T00:33:08Z", "event":"Screenshot", "Filename":"\\ED_Pictures\\HighResScreenShot_2018-03-26_00-33-07.bmp", "Width":7680, "Height":4320, "System":"Prai Hypoo HN-Y b6-0", "Body":"Prai Hypoo HN-Y b6-0 2", "Latitude":10.018337, "Longitude":79.655945, "Heading":178 }
{ "timestamp":"2018-03-26T00:33:33Z", "event":"LeaveBody", "StarSystem":"Prai Hypoo HN-Y b6-0", "SystemAddress":543715570233, "Body":"Prai Hypoo HN-Y b6-0 2", "BodyID":2 }
{ "timestamp":"2018-03-26T00:33:47Z", "event":"SupercruiseExit", "StarSystem":"Prai Hypoo HN-Y b6-0", "SystemAddress":543715570233, "Body":"Prai Hypoo HN-Y b6-0 2", "BodyID":2, "BodyType":"Planet" }
{ "timestamp":"2018-03-26T00:33:47Z", "event":"Music", "MusicTrack":"Exploration" }
{ "timestamp":"2018-03-26T00:35:17Z", "event":"Screenshot", "Filename":"\\ED_Pictures\\HighResScreenShot_2018-03-26_00-35-17.bmp", "Width":7680, "Height":4320, "System":"Prai Hypoo HN-Y b6-0", "Body":"Prai Hypoo HN-Y b6-0 2" }
{ "timestamp":"2018-03-26T00:35:31Z", "event":"StartJump", "JumpType":"Supercruise" }
{ "timestamp":"2018-03-26T00:35:36Z", "event":"SupercruiseEntry", "StarSystem":"Prai Hypoo HN-Y b6-0", "SystemAddress":543715570233 }
{ "timestamp":"2018-03-26T00:35:36Z", "event":"Music", "MusicTrack":"Supercruise" }
{ "timestamp":"2018-03-26T00:35:58Z", "event":"Music", "MusicTrack":"SystemMap" }
{ "timestamp":"2018-03-26T00:36:13Z", "event":"Music", "MusicTrack":"Supercruise" }
{ "timestamp":"2018-03-26T00:36:18Z", "event":"Music", "MusicTrack":"GalaxyMap" }
{ "timestamp":"2018-03-26T00:36:23Z", "event":"Music", "MusicTrack":"Supercruise" }
{ "timestamp":"2018-03-26T00:37:54Z", "event":"Scan", "ScanType":"Detailed", "BodyName":"Prai Hypoo HN-Y b6-0 1", "BodyID":1, "Parents":[ {"Star":0} ], "DistanceFromArrivalLS":455.214478, "TidalLock":false, "TerraformState":"", "PlanetClass":"Rocky ice body", "Atmosphere":"", "AtmosphereType":"None", "Volcanism":"", "MassEM":0.001802, "Radius":957017.062500, "SurfaceGravity":0.784142, "SurfaceTemperature":98.035530, "SurfacePressure":0.000000, "Landable":true, "Materials":[ { "Name":"sulphur", "Percent":21.119057 }, { "Name":"iron", "Percent":17.851486 }, { "Name":"carbon", "Percent":17.758938 }, { "Name":"nickel", "Percent":13.502115 }, { "Name":"phosphorus", "Percent":11.369578 }, { "Name":"manganese", "Percent":7.372480 }, { "Name":"vanadium", "Percent":4.383703 }, { "Name":"selenium", "Percent":3.305311 }, { "Name":"cadmium", "Percent":1.386249 }, { "Name":"tungsten", "Percent":0.980226 }, { "Name":"tellurium", "Percent":0.970853 } ], "Composition":{ "Ice":0.475068, "Rock":0.351845, "Metal":0.173087 }, "SemiMajorAxis":136455258112.000000, "Eccentricity":0.000140, "OrbitalInclination":0.014248, "Periapsis":156.128708, "OrbitalPeriod":41559960.000000, "RotationPeriod":63080.167969, "AxialTilt":-1.588199 }
{ "timestamp":"2018-03-26T00:38:13Z", "event":"ApproachBody", "StarSystem":"Prai Hypoo HN-Y b6-0", "SystemAddress":543715570233, "Body":"Prai Hypoo HN-Y b6-0 1", "BodyID":1 }
{ "timestamp":"2018-03-26T00:38:21Z", "event":"Music", "MusicTrack":"SystemMap" }
{ "timestamp":"2018-03-26T00:38:31Z", "event":"Music", "MusicTrack":"Supercruise" }
{ "timestamp":"2018-03-26T00:38:55Z", "event":"LeaveBody", "StarSystem":"Prai Hypoo HN-Y b6-0", "SystemAddress":543715570233, "Body":"Prai Hypoo HN-Y b6-0 1", "BodyID":1 }
{ "timestamp":"2018-03-26T00:38:57Z", "event":"StartJump", "JumpType":"Hyperspace", "StarSystem":"Prai Hypoo GD-X b7-11", "SystemAddress":24732703076929, "StarClass":"M" }
{ "timestamp":"2018-03-26T00:39:02Z", "event":"Music", "MusicTrack":"NoTrack" }
{ "timestamp":"2018-03-26T00:39:15Z", "event":"FSDJump", "StarSystem":"Prai Hypoo GD-X b7-11", "SystemAddress":24732703076929, "StarPos":[-9488.68750,-110.00000,8069.68750], "SystemAllegiance":"", "SystemEconomy":"$economy_None;", "SystemEconomy_Localised":"None", "SystemSecondEconomy":"$economy_None;", "SystemSecondEconomy_Localised":"None", "SystemGovernment":"$government_None;", "SystemGovernment_Localised":"None", "SystemSecurity":"$GAlAXY_MAP_INFO_state_anarchy;", "SystemSecurity_Localised":"Anarchy", "Population":0, "JumpDist":52.807, "FuelUsed":4.913022, "FuelLevel":19.769333 }
{ "timestamp":"2018-03-26T00:39:16Z", "event":"Music", "MusicTrack":"Supercruise" }
{ "timestamp":"2018-03-26T00:39:21Z", "event":"DiscoveryScan", "SystemAddress":24732703076929, "Bodies":1 }
{ "timestamp":"2018-03-26T00:39:23Z", "event":"DiscoveryScan", "SystemAddress":24732703076929, "Bodies":2 }
{ "timestamp":"2018-03-26T00:39:33Z", "event":"FuelScoop", "Scooped":2.564786, "Total":22.334112 }
{ "timestamp":"2018-03-26T00:39:52Z", "event":"StartJump", "JumpType":"Hyperspace", "StarSystem":"Prai Hypoo BR-Y c3-23", "SystemAddress":6390072416546, "StarClass":"K" }
{ "timestamp":"2018-03-26T00:39:57Z", "event":"Music", "MusicTrack":"NoTrack" }
{ "timestamp":"2018-03-26T00:40:10Z", "event":"FSDJump", "StarSystem":"Prai Hypoo BR-Y c3-23", "SystemAddress":6390072416546, "StarPos":[-9515.65625,-67.43750,8088.50000], "SystemAllegiance":"", "SystemEconomy":"$economy_None;", "SystemEconomy_Localised":"None", "SystemSecondEconomy":"$economy_None;", "SystemSecondEconomy_Localised":"None", "SystemGovernment":"$government_None;", "SystemGovernment_Localised":"None", "SystemSecurity":"$GAlAXY_MAP_INFO_state_anarchy;", "SystemSecurity_Localised":"Anarchy", "Population":0, "JumpDist":53.785, "FuelUsed":5.056748, "FuelLevel":17.277363 }
{ "timestamp":"2018-03-26T00:40:10Z", "event":"Music", "MusicTrack":"Supercruise" }
{ "timestamp":"2018-03-26T00:40:16Z", "event":"DiscoveryScan", "SystemAddress":6390072416546, "Bodies":1 }
{ "timestamp":"2018-03-26T00:40:20Z", "event":"DiscoveryScan", "SystemAddress":6390072416546, "Bodies":21 }
{ "timestamp":"2018-03-26T00:40:32Z", "event":"FuelScoop", "Scooped":5.002854, "Total":22.280228 }
{ "timestamp":"2018-03-26T00:40:42Z", "event":"Music", "MusicTrack":"SystemMap" }
{ "timestamp":"2018-03-26T00:40:42Z", "event":"FuelScoop", "Scooped":2.346972, "Total":24.627192 }
{ "timestamp":"2018-03-26T00:41:00Z", "event":"Music", "MusicTrack":"Supercruise" }
{ "timestamp":"2018-03-26T00:41:23Z", "event":"StartJump", "JumpType":"Hyperspace", "StarSystem":"Prieleae AL-I b9-7", "SystemAddress":15936073511505, "StarClass":"M" }
{ "timestamp":"2018-03-26T00:41:28Z", "event":"Music", "MusicTrack":"NoTrack" }
{ "timestamp":"2018-03-26T00:41:41Z", "event":"FSDJump", "StarSystem":"Prieleae AL-I b9-7", "SystemAddress":15936073511505, "StarPos":[-9529.37500,-19.18750,8108.90625], "SystemAllegiance":"", "SystemEconomy":"$economy_None;", "SystemEconomy_Localised":"None", "SystemSecondEconomy":"$economy_None;", "SystemSecondEconomy_Localised":"None", "SystemGovernment":"$government_None;", "SystemGovernment_Localised":"None", "SystemSecurity":"$GAlAXY_MAP_INFO_state_anarchy;", "SystemSecurity_Localised":"Anarchy", "Population":0, "JumpDist":54.154, "FuelUsed":5.223333, "FuelLevel":19.403858 }
{ "timestamp":"2018-03-26T00:41:42Z", "event":"Music", "MusicTrack":"Supercruise" }
{ "timestamp":"2018-03-26T00:41:47Z", "event":"DiscoveryScan", "SystemAddress":15936073511505, "Bodies":2 }
{ "timestamp":"2018-03-26T00:41:47Z", "event":"DiscoveryScan", "SystemAddress":15936073511505, "Bodies":2 }
{ "timestamp":"2018-03-26T00:41:47Z", "event":"DiscoveryScan", "SystemAddress":15936073511505, "Bodies":1 }
{ "timestamp":"2018-03-26T00:41:47Z", "event":"DiscoveryScan", "SystemAddress":15936073511505, "Bodies":1 }
{ "timestamp":"2018-03-26T00:41:48Z", "event":"DiscoveryScan", "SystemAddress":15936073511505, "Bodies":1 }
{ "timestamp":"2018-03-26T00:41:48Z", "event":"DiscoveryScan", "SystemAddress":15936073511505, "Bodies":33 }
{ "timestamp":"2018-03-26T00:42:01Z", "event":"FuelScoop", "Scooped":3.337835, "Total":22.741722 }
{ "timestamp":"2018-03-26T00:42:04Z", "event":"Music", "MusicTrack":"SystemMap" }
{ "timestamp":"2018-03-26T00:42:22Z", "event":"Music", "MusicTrack":"Supercruise" }
{ "timestamp":"2018-03-26T00:42:50Z", "event":"Scan", "ScanType":"Detailed", "BodyName":"Prieleae AL-I b9-7 A", "BodyID":1, "Parents":[ {"Null":0} ], "DistanceFromArrivalLS":0.000000, "StarType":"M", "StellarMass":0.425781, "Radius":382834848.000000, "AbsoluteMagnitude":8.762070, "Age_MY":4618, "SurfaceTemperature":3150.000000, "Luminosity":"Va", "SemiMajorAxis":63126061056.000000, "Eccentricity":0.049160, "OrbitalInclination":6.219769, "Periapsis":27.124088, "OrbitalPeriod":59419988.000000, "RotationPeriod":181594.125000, "AxialTilt":0.000000, "Rings":[ { "Name":"Prieleae AL-I b9-7 A A Belt", "RingClass":"eRingClass_Rocky", "MassMT":8.3985e+13, "InnerRad":7.2322e+08, "OuterRad":1.8154e+09 } ] }
{ "timestamp":"2018-03-26T00:43:06Z", "event":"Music", "MusicTrack":"SystemMap" }
{ "timestamp":"2018-03-26T00:43:11Z", "event":"Music", "MusicTrack":"Supercruise" }
{ "timestamp":"2018-03-26T00:43:15Z", "event":"Scan", "ScanType":"Detailed", "BodyName":"Prieleae AL-I b9-7 A 3", "BodyID":11, "Parents":[ {"Star":1}, {"Null":0} ], "DistanceFromArrivalLS":17.451397, "TidalLock":true, "TerraformState":"", "PlanetClass":"High metal content body", "Atmosphere":"", "AtmosphereType":"None", "Volcanism":"", "MassEM":0.009318, "Radius":1379641.750000, "SurfaceGravity":1.951137, "SurfaceTemperature":573.986694, "SurfacePressure":0.000000, "Landable":true, "Materials":[ { "Name":"iron", "Percent":22.804234 }, { "Name":"nickel", "Percent":17.248167 }, { "Name":"sulphur", "Percent":16.114017 }, { "Name":"carbon", "Percent":13.550220 }, { "Name":"chromium", "Percent":10.255822 }, { "Name":"phosphorus", "Percent":8.675084 }, { "Name":"vanadium", "Percent":5.599926 }, { "Name":"arsenic", "Percent":2.138171 }, { "Name":"molybdenum", "Percent":1.489103 }, { "Name":"tin", "Percent":1.483572 }, { "Name":"polonium", "Percent":0.641691 } ], "Composition":{ "Ice":0.000000, "Rock":0.670649, "Metal":0.329351 }, "SemiMajorAxis":5231421440.000000, "Eccentricity":0.000225, "OrbitalInclination":0.000688, "Periapsis":36.188522, "OrbitalPeriod":316238.562500, "RotationPeriod":316238.750000, "AxialTilt":0.030423 }
{ "timestamp":"2018-03-26T00:43:34Z", "event":"Scan", "ScanType":"Detailed", "BodyName":"Prieleae AL-I b9-7 A 2", "BodyID":10, "Parents":[ {"Star":1}, {"Null":0} ], "DistanceFromArrivalLS":12.956077, "TidalLock":true, "TerraformState":"", "PlanetClass":"High metal content body", "Atmosphere":"", "AtmosphereType":"None", "Volcanism":"", "MassEM":0.012302, "Radius":1511044.125000, "SurfaceGravity":2.147479, "SurfaceTemperature":660.931335, "SurfacePressure":0.000000, "Landable":true, "Materials":[ { "Name":"iron", "Percent":22.619438 }, { "Name":"nickel", "Percent":17.108397 }, { "Name":"sulphur", "Percent":15.983436 }, { "Name":"carbon", "Percent":13.440415 }, { "Name":"chromium", "Percent":10.172712 }, { "Name":"phosphorus", "Percent":8.604785 }, { "Name":"vanadium", "Percent":5.554547 }, { "Name":"arsenic", "Percent":2.120844 }, { "Name":"cadmium", "Percent":1.756502 }, { "Name":"ruthenium", "Percent":1.396895 }, { "Name":"tungsten", "Percent":1.242034 } ], "Composition":{ "Ice":0.000000, "Rock":0.670649, "Metal":0.329351 }, "SemiMajorAxis":3882667776.000000, "Eccentricity":0.000402, "OrbitalInclination":-0.114198, "Periapsis":27.908176, "OrbitalPeriod":202199.703125, "RotationPeriod":202199.828125, "AxialTilt":0.337304 }
{ "timestamp":"2018-03-26T00:44:05Z", "event":"Scan", "ScanType":"Detailed", "BodyName":"Prieleae AL-I b9-7 A 1", "BodyID":9, "Parents":[ {"Star":1}, {"Null":0} ], "DistanceFromArrivalLS":9.169700, "TidalLock":true, "TerraformState":"", "PlanetClass":"High metal content body", "Atmosphere":"", "AtmosphereType":"None", "Volcanism":"minor silicate vapour geysers volcanism", "MassEM":0.008307, "Radius":1328671.500000, "SurfaceGravity":1.875531, "SurfaceTemperature":779.276306, "SurfacePressure":0.000000, "Landable":true, "Materials":[ { "Name":"iron", "Percent":22.826706 }, { "Name":"nickel", "Percent":17.265165 }, { "Name":"sulphur", "Percent":16.129898 }, { "Name":"carbon", "Percent":13.563574 }, { "Name":"chromium", "Percent":10.265928 }, { "Name":"phosphorus", "Percent":8.683633 }, { "Name":"germanium", "Percent":4.785808 }, { "Name":"arsenic", "Percent":2.140278 }, { "Name":"molybdenum", "Percent":1.490571 }, { "Name":"tin", "Percent":1.485034 }, { "Name":"yttrium", "Percent":1.363412 } ], "Composition":{ "Ice":0.000000, "Rock":0.670649, "Metal":0.329351 }, "SemiMajorAxis":2748637184.000000, "Eccentricity":0.000140, "OrbitalInclination":-0.299811, "Periapsis":236.517227, "OrbitalPeriod":120437.398438, "RotationPeriod":120437.468750, "AxialTilt":0.422307 }
{ "timestamp":"2018-03-26T00:44:19Z", "event":"Music", "MusicTrack":"SystemMap" }
{ "timestamp":"2018-03-26T00:44:25Z", "event":"Music", "MusicTrack":"Supercruise" }
{ "timestamp":"2018-03-26T00:44:31Z", "event":"Scan", "ScanType":"Detailed", "BodyName":"Prieleae AL-I b9-7 A 4", "BodyID":12, "Parents":[ {"Star":1}, {"Null":0} ], "DistanceFromArrivalLS":33.022007, "TidalLock":true, "TerraformState":"", "PlanetClass":"High metal content body", "Atmosphere":"", "AtmosphereType":"None", "Volcanism":"", "MassEM":0.014419, "Radius":1591565.750000, "SurfaceGravity":2.268836, "SurfaceTemperature":426.351868, "SurfacePressure":0.000000, "Landable":true, "Materials":[ { "Name":"iron", "Percent":22.817926 }, { "Name":"nickel", "Percent":17.258522 }, { "Name":"sulphur", "Percent":16.123711 }, { "Name":"carbon", "Percent":13.558370 }, { "Name":"chromium", "Percent":10.261980 }, { "Name":"phosphorus", "Percent":8.680302 }, { "Name":"germanium", "Percent":4.783972 }, { "Name":"zirconium", "Percent":2.649632 }, { "Name":"niobium", "Percent":1.559484 }, { "Name":"molybdenum", "Percent":1.489997 }, { "Name":"technetium", "Percent":0.816105 } ], "Composition":{ "Ice":0.000000, "Rock":0.670650, "Metal":0.329350 }, "SemiMajorAxis":9897696256.000000, "Eccentricity":0.000369, "OrbitalInclination":-0.160127, "Periapsis":240.708328, "OrbitalPeriod":822974.687500, "RotationPeriod":822975.187500, "AxialTilt":-0.351157 }
{ "timestamp":"2018-03-26T00:44:49Z", "event":"Music", "MusicTrack":"SystemMap" }
{ "timestamp":"2018-03-26T00:45:41Z", "event":"Music", "MusicTrack":"Supercruise" }
{ "timestamp":"2018-03-26T00:45:49Z", "event":"Music", "MusicTrack":"SystemMap" }
{ "timestamp":"2018-03-26T00:45:55Z", "event":"Music", "MusicTrack":"Supercruise" }
{ "timestamp":"2018-03-26T00:46:18Z", "event":"Scan", "ScanType":"Detailed", "BodyName":"Prieleae AL-I b9-7 A 6", "BodyID":15, "Parents":[ {"Null":13}, {"Star":1}, {"Null":0} ], "DistanceFromArrivalLS":45.760475, "TidalLock":true, "TerraformState":"", "PlanetClass":"High metal content body", "Atmosphere":"", "AtmosphereType":"None", "Volcanism":"minor rocky magma volcanism", "MassEM":0.012963, "Radius":1537134.875000, "SurfaceGravity":2.186713, "SurfaceTemperature":367.028076, "SurfacePressure":0.000000, "Landable":true, "Materials":[ { "Name":"iron", "Percent":22.589912 }, { "Name":"nickel", "Percent":17.086061 }, { "Name":"sulphur", "Percent":15.962590 }, { "Name":"carbon", "Percent":13.422884 }, { "Name":"chromium", "Percent":10.159433 }, { "Name":"phosphorus", "Percent":8.593561 }, { "Name":"vanadium", "Percent":5.547296 }, { "Name":"zirconium", "Percent":2.623154 }, { "Name":"niobium", "Percent":1.543900 }, { "Name":"tin", "Percent":1.469629 }, { "Name":"antimony", "Percent":1.001577 } ], "Composition":{ "Ice":0.000000, "Rock":0.670650, "Metal":0.329350 }, "SemiMajorAxis":12573384.000000, "Eccentricity":0.156925, "OrbitalInclination":-6.289233, "Periapsis":317.226898, "OrbitalPeriod":155867.640625, "RotationPeriod":198021.750000, "AxialTilt":0.466144 }
{ "timestamp":"2018-03-26T00:46:37Z", "event":"Scan", "ScanType":"Detailed", "BodyName":"Prieleae AL-I b9-7 A 5", "BodyID":14, "Parents":[ {"Null":13}, {"Star":1}, {"Null":0} ], "DistanceFromArrivalLS":45.809280, "TidalLock":true, "TerraformState":"", "PlanetClass":"High metal content body", "Atmosphere":"", "AtmosphereType":"None", "Volcanism":"", "MassEM":0.021111, "Radius":1802323.125000, "SurfaceGravity":2.590336, "SurfaceTemperature":367.028076, "SurfacePressure":0.000000, "Landable":true, "Materials":[ { "Name":"iron", "Percent":23.354277 }, { "Name":"nickel", "Percent":17.664196 }, { "Name":"sulphur", "Percent":16.502710 }, { "Name":"carbon", "Percent":13.877069 }, { "Name":"chromium", "Percent":10.503195 }, { "Name":"phosphorus", "Percent":8.884338 }, { "Name":"zirconium", "Percent":2.711913 }, { "Name":"arsenic", "Percent":2.189747 }, { "Name":"molybdenum", "Percent":1.525021 }, { "Name":"tin", "Percent":1.519356 }, { "Name":"tellurium", "Percent":1.268183 } ], "Composition":{ "Ice":0.000000, "Rock":0.670650, "Metal":0.329350 }, "SemiMajorAxis":7720519.500000, "Eccentricity":0.156925, "OrbitalInclination":-6.289233, "Periapsis":137.226913, "OrbitalPeriod":155867.640625, "RotationPeriod":252706.062500, "AxialTilt":-0.057413 }
{ "timestamp":"2018-03-26T00:47:21Z", "event":"Music", "MusicTrack":"SystemMap" }
{ "timestamp":"2018-03-26T00:47:32Z", "event":"Music", "MusicTrack":"Supercruise" }
{ "timestamp":"2018-03-26T00:47:36Z", "event":"Music", "MusicTrack":"SystemMap" }
{ "timestamp":"2018-03-26T00:47:59Z", "event":"Music", "MusicTrack":"Supercruise" }
{ "timestamp":"2018-03-26T00:48:21Z", "event":"ApproachBody", "StarSystem":"Prieleae AL-I b9-7", "SystemAddress":15936073511505, "Body":"Prieleae AL-I b9-7 A 6", "BodyID":15 }
{ "timestamp":"2018-03-26T00:50:12Z", "event":"Shutdown" }
