{ "timestamp":"2017-12-12T00:08:30Z", "event":"Fileheader", "part":1, "language":"Russian\\RU", "gameversion":"2.4", "build":"r160439/r0 " }
{ "timestamp":"2017-12-12T00:08:30Z", "event":"Music", "MusicTrack":"NoTrack" }
{ "timestamp":"2017-12-12T00:08:30Z", "event":"Music", "MusicTrack":"MainMenu" }
{ "timestamp":"2017-12-12T00:09:45Z", "event":"Cargo", "Inventory":[  ] }
{ "timestamp":"2017-12-12T00:09:45Z", "event":"Loadout", "Ship":"CobraMkIII", "ShipID":1, "ShipName":"SLEEPY-ONE", "ShipIdent":"#SLEEP", "Modules":[ { "Slot":"MediumHardpoint1", "Item":"Hpt_PulseLaser_Gimbal_Medium", "On":true, "Priority":0, "Health":1.000000, "Value":35400 }, { "Slot":"MediumHardpoint2", "Item":"Hpt_PulseLaser_Gimbal_Medium", "On":true, "Priority":0, "Health":1.000000, "Value":35400 }, { "Slot":"SmallHardpoint1", "Item":"Hpt_MultiCannon_Gimbal_Small", "On":true, "Priority":0, "AmmoInClip":90, "AmmoInHopper":2100, "Health":1.000000, "Value":12825 }, { "Slot":"SmallHardpoint2", "Item":"Hpt_MultiCannon_Gimbal_Small", "On":true, "Priority":0, "AmmoInClip":90, "AmmoInHopper":2100, "Health":1.000000, "Value":12825 }, { "Slot":"TinyHardpoint1", "Item":"Hpt_CloudScanner_Size0_Class2", "On":true, "Priority":0, "Health":1.000000, "Value":40633 }, { "Slot":"TinyHardpoint2", "Item":"Hpt_CrimeScanner_Size0_Class2", "On":true, "Priority":0, "Health":1.000000, "Value":40633 }, { "Slot":"PaintJob", "Item":"PaintJob_CobraMkIII_Militaire_Sand", "On":true, "Priority":1, "Health":1.000000, "Value":0 }, { "Slot":"Armour", "Item":"CobraMkIII_Armour_Grade1", "On":true, "Priority":1, "Health":1.000000, "Value":0 }, { "Slot":"PowerPlant", "Item":"Int_Powerplant_Size4_Class5", "On":true, "Priority":1, "Health":1.000000, "Value":1610080 }, { "Slot":"MainEngines", "Item":"Int_Engine_Size4_Class1", "On":false, "Priority":2, "Health":1.000000, "Value":19878 }, { "Slot":"FrameShiftDrive", "Item":"Int_Hyperdrive_Size4_Class1", "On":true, "Priority":2, "Health":1.000000, "Value":19878 }, { "Slot":"LifeSupport", "Item":"Int_LifeSupport_Size3_Class1", "On":true, "Priority":2, "Health":1.000000, "Value":4053 }, { "Slot":"PowerDistributor", "Item":"Int_PowerDistributor_Size3_Class5", "On":true, "Priority":0, "Health":1.000000, "Value":158331 }, { "Slot":"Radar", "Item":"Int_Sensors_Size3_Class1", "On":true, "Priority":2, "Health":1.000000, "Value":4053 }, { "Slot":"FuelTank", "Item":"Int_FuelTank_Size4_Class3", "On":true, "Priority":1, "Health":1.000000, "Value":24734 }, { "Slot":"Slot01_Size4", "Item":"Int_CargoRack_Size3_Class1", "On":true, "Priority":1, "Health":1.000000, "Value":10563 }, { "Slot":"Slot02_Size4", "Item":"Int_CargoRack_Size3_Class1", "On":true, "Priority":1, "Health":1.000000, "Value":10563 }, { "Slot":"Slot03_Size4", "Item":"Int_ShieldGenerator_Size4_Class1", "On":true, "Priority":2, "Health":1.000000, "Value":19878 }, { "Slot":"Slot04_Size2", "Item":"Int_BuggyBay_Size2_Class1", "On":true, "Priority":0, "Health":1.000000, "Value":18000 }, { "Slot":"Slot05_Size2", "Item":"Int_Refinery_Size2_Class3", "On":true, "Priority":0, "Health":1.000000, "Value":113400 }, { "Slot":"Slot06_Size2", "Item":"Int_StellarBodyDiscoveryScanner_Standard", "On":true, "Priority":1, "Health":1.000000, "Value":1000 }, { "Slot":"PlanetaryApproachSuite", "Item":"Int_PlanetApproachSuite", "On":true, "Priority":1, "Health":1.000000, "Value":500 }, { "Slot":"ShipCockpit", "Item":"CobraMkIII_Cockpit", "On":true, "Priority":1, "Health":1.000000, "Value":0 }, { "Slot":"CargoHatch", "Item":"ModularCargoBayDoor", "On":true, "Priority":2, "Health":1.000000, "Value":0 } ] }
{ "timestamp":"2017-12-12T00:09:45Z", "event":"Materials", "Raw":[ { "Name":"phosphorus", "Count":3 } ], "Manufactured":[ { "Name":"gridresistors", "Count":9 }, { "Name":"mechanicalscrap", "Count":9 }, { "Name":"mechanicalequipment", "Count":9 }, { "Name":"heatconductionwiring", "Count":6 }, { "Name":"focuscrystals", "Count":9 }, { "Name":"salvagedalloys", "Count":27 }, { "Name":"chemicalprocessors", "Count":9 }, { "Name":"heatdispersionplate", "Count":3 }, { "Name":"phasealloys", "Count":6 }, { "Name":"shieldingsensors", "Count":3 }, { "Name":"wornshieldemitters", "Count":21 }, { "Name":"galvanisingalloys", "Count":18 }, { "Name":"uncutfocuscrystals", "Count":1 }, { "Name":"hybridcapacitors", "Count":1 }, { "Name":"configurablecomponents", "Count":6 }, { "Name":"highdensitycomposites", "Count":6 }, { "Name":"mechanicalcomponents", "Count":3 }, { "Name":"fedproprietarycomposites", "Count":12 }, { "Name":"fedcorecomposites", "Count":3 }, { "Name":"shieldemitters", "Count":3 }, { "Name":"conductivecomponents", "Count":1 }, { "Name":"refinedfocuscrystals", "Count":3 }, { "Name":"chemicaldistillery", "Count":3 } ], "Encoded":[ { "Name":"decodedemissiondata", "Count":3 }, { "Name":"emissiondata", "Count":6 }, { "Name":"shieldsoakanalysis", "Count":12 }, { "Name":"shielddensityreports", "Count":18 }, { "Name":"scanarchives", "Count":6 }, { "Name":"shieldpatternanalysis", "Count":9 }, { "Name":"shieldcyclerecordings", "Count":30 }, { "Name":"encodedscandata", "Count":9 }, { "Name":"fsdtelemetry", "Count":5 }, { "Name":"scandatabanks", "Count":4 }, { "Name":"legacyfirmware", "Count":4 }, { "Name":"archivedemissiondata", "Count":3 }, { "Name":"disruptedwakeechoes", "Count":3 }, { "Name":"industrialfirmware", "Count":1 }, { "Name":"bulkscandata", "Count":4 } ] }
{ "timestamp":"2017-12-12T00:09:45Z", "event":"LoadGame", "Commander":"Sleep Runner", "Ship":"TestBuggy", "ShipID":2, "ShipName":"", "ShipIdent":"", "FuelLevel":0.000000, "FuelCapacity":0.000000, "GameMode":"Open", "Credits":7154, "Loan":87589 }
{ "timestamp":"2017-12-12T00:09:45Z", "event":"Rank", "Combat":0, "Trade":2, "Explore":2, "Empire":0, "Federation":0, "CQC":0 }
{ "timestamp":"2017-12-12T00:09:45Z", "event":"Progress", "Combat":58, "Trade":51, "Explore":15, "Empire":0, "Federation":100, "CQC":0 }
{ "timestamp":"2017-12-12T00:09:47Z", "event":"ApproachSettlement", "Name":"Reynolds Landing +" }
{ "timestamp":"2017-12-12T00:09:50Z", "event":"Touchdown", "PlayerControlled":false }
{ "timestamp":"2017-12-12T00:09:54Z", "event":"Location", "Latitude":-5.693352, "Longitude":-43.338287, "Docked":false, "StarSystem":"Wolf 871", "StarPos":[-64.219,-12.344,41.000], "SystemAllegiance":"Federation", "SystemEconomy":"$economy_Extraction;", "SystemEconomy_Localised":"Добыча ископаемых", "SystemGovernment":"$government_Democracy;", "SystemGovernment_Localised":"Демократия", "SystemSecurity":"$SYSTEM_SECURITY_medium;", "SystemSecurity_Localised":"Средн. ур. безопасности", "Population":19653, "Body":"Wolf 871 B 3 f", "BodyType":"Planet", "Factions":[ { "Name":"Ross 754 Labour", "FactionState":"None", "Government":"Democracy", "Influence":0.023976, "Allegiance":"Federation", "PendingStates":[ { "State":"Boom", "Trend":1 } ] }, { "Name":"United Pontus League", "FactionState":"Boom", "Government":"Confederacy", "Influence":0.438561, "Allegiance":"Federation", "PendingStates":[ { "State":"Expansion", "Trend":0 } ] }, { "Name":"Pilots Federation Local Branch", "FactionState":"None", "Government":"Democracy", "Influence":0.000000, "Allegiance":"PilotsFederation" }, { "Name":"Liberals of Wolf 871", "FactionState":"None", "Government":"Democracy", "Influence":0.293706, "Allegiance":"Federation", "PendingStates":[ { "State":"Boom", "Trend":1 } ] }, { "Name":"Ngolibardu Electronics Solutions", "FactionState":"None", "Government":"Corporate", "Influence":0.063936, "Allegiance":"Federation", "PendingStates":[ { "State":"Boom", "Trend":1 }, { "State":"CivilUnrest", "Trend":0 }, { "State":"Lockdown", "Trend":0 } ] }, { "Name":"Wolf 871 Transport Industry", "FactionState":"None", "Government":"Corporate", "Influence":0.111888, "Allegiance":"Federation", "PendingStates":[ { "State":"Boom", "Trend":0 } ] }, { "Name":"Wolf 871 Blue Syndicate", "FactionState":"Boom", "Government":"Anarchy", "Influence":0.067932, "Allegiance":"Independent" } ], "SystemFaction":"Liberals of Wolf 871" }
{ "timestamp":"2017-12-12T00:09:54Z", "event":"Music", "MusicTrack":"NoTrack" }
{ "timestamp":"2017-12-12T00:09:54Z", "event":"Music", "MusicTrack":"Exploration" }
{ "timestamp":"2017-12-12T00:10:23Z", "event":"Liftoff", "PlayerControlled":false }
{ "timestamp":"2017-12-12T00:12:35Z", "event":"DatalinkScan", "Message":"$DataLink_ScannedInfo_Operations;", "Message_Localised":"Есть доступ к военной сети" }
{ "timestamp":"2017-12-12T00:13:44Z", "event":"CommitCrime", "CrimeType":"assault", "Faction":"Liberals of Wolf 871", "Victim":"$poi_generator_name;", "Victim_Localised":"Генератор", "Bounty":200 }
{ "timestamp":"2017-12-12T00:13:44Z", "event":"Music", "MusicTrack":"Combat_SRV" }
{ "timestamp":"2017-12-12T00:13:48Z", "event":"MissionRedirected", "MissionID":261720741, "Name":"Mission_Disable_War_name", "NewDestinationStation":"Dana Gateway", "NewDestinationSystem":"Ross 754", "OldDestinationStation":"Reynolds Landing +", "OldDestinationSystem":"Wolf 871" }
{ "timestamp":"2017-12-12T00:13:58Z", "event":"CommitCrime", "CrimeType":"assault", "Faction":"Liberals of Wolf 871", "Victim":"$poi_turretbasea_name;", "Victim_Localised":"Оборонительная турель", "Bounty":200 }
{ "timestamp":"2017-12-12T00:14:09Z", "event":"CommitCrime", "CrimeType":"assault", "Faction":"Liberals of Wolf 871", "Victim":"$poi_turretbasea_name;", "Victim_Localised":"Оборонительная турель", "Bounty":200 }
{ "timestamp":"2017-12-12T00:14:19Z", "event":"Music", "MusicTrack":"Exploration" }
{ "timestamp":"2017-12-12T00:15:02Z", "event":"ShieldState", "ShieldsUp":true }
{ "timestamp":"2017-12-12T00:15:50Z", "event":"HullDamage", "Health":0.776819, "PlayerPilot":true }
{ "timestamp":"2017-12-12T00:18:52Z", "event":"Music", "MusicTrack":"GalaxyMap" }
{ "timestamp":"2017-12-12T00:18:56Z", "event":"Music", "MusicTrack":"SystemMap" }
{ "timestamp":"2017-12-12T00:19:11Z", "event":"Music", "MusicTrack":"GalaxyMap" }
{ "timestamp":"2017-12-12T00:19:12Z", "event":"Music", "MusicTrack":"Exploration" }
{ "timestamp":"2017-12-12T00:20:02Z", "event":"Touchdown", "PlayerControlled":false }
{ "timestamp":"2017-12-12T00:20:59Z", "event":"DockSRV" }
{ "timestamp":"2017-12-12T00:21:07Z", "event":"Liftoff", "PlayerControlled":true, "Latitude":-5.658778, "Longitude":-43.184544 }
{ "timestamp":"2017-12-12T00:21:59Z", "event":"Music", "MusicTrack":"GalaxyMap" }
{ "timestamp":"2017-12-12T00:22:02Z", "event":"Music", "MusicTrack":"SystemMap" }
{ "timestamp":"2017-12-12T00:22:19Z", "event":"Music", "MusicTrack":"GalaxyMap" }
{ "timestamp":"2017-12-12T00:22:27Z", "event":"Music", "MusicTrack":"SystemMap" }
{ "timestamp":"2017-12-12T00:22:33Z", "event":"Music", "MusicTrack":"GalaxyMap" }
{ "timestamp":"2017-12-12T00:22:34Z", "event":"Music", "MusicTrack":"Exploration" }
{ "timestamp":"2017-12-12T00:22:55Z", "event":"StartJump", "JumpType":"Hyperspace", "StarSystem":"Ross 754", "StarClass":"M" }
{ "timestamp":"2017-12-12T00:23:00Z", "event":"Music", "MusicTrack":"NoTrack" }
{ "timestamp":"2017-12-12T00:23:14Z", "event":"FSDJump", "StarSystem":"Ross 754", "StarPos":[-68.438,-17.594,47.781], "SystemAllegiance":"Federation", "SystemEconomy":"$economy_Industrial;", "SystemEconomy_Localised":"Промышленность", "SystemGovernment":"$government_Democracy;", "SystemGovernment_Localised":"Демократия", "SystemSecurity":"$SYSTEM_SECURITY_high;", "SystemSecurity_Localised":"Высок. ур. безопасности", "Population":11468232, "JumpDist":9.557, "FuelUsed":1.853669, "FuelLevel":11.765157, "Factions":[ { "Name":"Ross 754 Labour", "FactionState":"None", "Government":"Democracy", "Influence":0.116000, "Allegiance":"Federation", "PendingStates":[ { "State":"Boom", "Trend":1 } ] }, { "Name":"Pilots Federation Local Branch", "FactionState":"None", "Government":"Democracy", "Influence":0.000000, "Allegiance":"PilotsFederation" }, { "Name":"League of Ross 754 Order", "FactionState":"Boom", "Government":"Dictatorship", "Influence":0.126000, "Allegiance":"Independent" }, { "Name":"LHS 3564 Conservatives", "FactionState":"War", "Government":"Dictatorship", "Influence":0.033000, "Allegiance":"Independent", "PendingStates":[ { "State":"Boom", "Trend":1 }, { "State":"Lockdown", "Trend":-1 } ] }, { "Name":"Ross 754 Universal & Co", "FactionState":"Boom", "Government":"Corporate", "Influence":0.317000, "Allegiance":"Federation" }, { "Name":"Ross 754 Cartel", "FactionState":"War", "Government":"Anarchy", "Influence":0.029000, "Allegiance":"Independent", "PendingStates":[ { "State":"Boom", "Trend":1 } ] }, { "Name":"Order of Ross 754", "FactionState":"Boom", "Government":"Dictatorship", "Influence":0.223000, "Allegiance":"Independent" }, { "Name":"Official HR 7793 Order", "FactionState":"Boom", "Government":"Dictatorship", "Influence":0.156000, "Allegiance":"Independent" } ], "SystemFaction":"Ross 754 Labour" }
{ "timestamp":"2017-12-12T00:23:14Z", "event":"Music", "MusicTrack":"DestinationFromHyperspace" }
{ "timestamp":"2017-12-12T00:23:19Z", "event":"Music", "MusicTrack":"Supercruise" }
{ "timestamp":"2017-12-12T00:27:26Z", "event":"SupercruiseExit", "StarSystem":"Ross 754", "Body":"Dana Gateway", "BodyType":"Station" }
{ "timestamp":"2017-12-12T00:27:26Z", "event":"Music", "MusicTrack":"DestinationFromSupercruise" }
{ "timestamp":"2017-12-12T00:27:31Z", "event":"Music", "MusicTrack":"NoTrack" }
{ "timestamp":"2017-12-12T00:27:32Z", "event":"ReceiveText", "From":"Dana Gateway", "Message":"$STATION_NoFireZone_entered;", "Message_Localised":"Вы вошли в зону запрета огня", "Channel":"npc" }
{ "timestamp":"2017-12-12T00:27:36Z", "event":"DockingRequested", "StationName":"Dana Gateway" }
{ "timestamp":"2017-12-12T00:27:36Z", "event":"ReceiveText", "From":"Dana Gateway", "Message":"$DockingChatter_Neutral;", "Message_Localised":"Строго соблюдайте правила поведения в порту, пилот.", "Channel":"npc" }
{ "timestamp":"2017-12-12T00:27:37Z", "event":"ReceiveText", "From":"Dana Gateway", "Message":"$STATION_docking_granted;", "Message_Localised":"Стыковка разрешена", "Channel":"npc" }
{ "timestamp":"2017-12-12T00:27:37Z", "event":"DockingGranted", "LandingPad":19, "StationName":"Dana Gateway" }
{ "timestamp":"2017-12-12T00:28:00Z", "event":"Music", "MusicTrack":"Starport" }
{ "timestamp":"2017-12-12T00:28:27Z", "event":"Docked", "StationName":"Dana Gateway", "StationType":"Coriolis", "StarSystem":"Ross 754", "StationFaction":"Ross 754 Labour", "StationGovernment":"$government_Democracy;", "StationGovernment_Localised":"Демократия", "StationAllegiance":"Federation", "StationServices":[ "Dock", "Autodock", "BlackMarket", "Commodities", "Contacts", "Exploration", "Missions", "Outfitting", "CrewLounge", "Rearm", "Refuel", "Repair", "Shipyard", "Tuning", "MissionsGenerated", "FlightController", "StationOperations", "Powerplay", "SearchAndRescue" ], "StationEconomy":"$economy_Industrial;", "StationEconomy_Localised":"Промышленность", "DistFromStarLS":8127.332031 }
{ "timestamp":"2017-12-12T00:28:53Z", "event":"MissionCompleted", "Faction":"Ross 754 Cartel", "Name":"Mission_Disable_War_name", "MissionID":261720741, "Target":"$MissionUtil_Settlement_Target_Turret;", "Target_Localised":"Установка", "Reward":161880, "CommodityReward":[ { "Name":"NeofabricInsulation", "Count":4 } ] }
{ "timestamp":"2017-12-12T00:29:28Z", "event":"RefuelAll", "Cost":225, "Amount":4.484807 }
{ "timestamp":"2017-12-12T00:29:47Z", "event":"Music", "MusicTrack":"GalaxyMap" }
{ "timestamp":"2017-12-12T00:30:02Z", "event":"Music", "MusicTrack":"SystemMap" }
{ "timestamp":"2017-12-12T00:30:19Z", "event":"Music", "MusicTrack":"GalaxyMap" }
{ "timestamp":"2017-12-12T00:30:41Z", "event":"Music", "MusicTrack":"SystemMap" }
{ "timestamp":"2017-12-12T00:30:54Z", "event":"Music", "MusicTrack":"GalaxyMap" }
{ "timestamp":"2017-12-12T00:30:54Z", "event":"Music", "MusicTrack":"Starport" }
{ "timestamp":"2017-12-12T00:31:05Z", "event":"Undocked", "StationName":"Dana Gateway", "StationType":"Coriolis" }
{ "timestamp":"2017-12-12T00:31:19Z", "event":"Music", "MusicTrack":"NoTrack" }
{ "timestamp":"2017-12-12T00:31:49Z", "event":"ReceiveText", "From":"Dana Gateway", "Message":"$DockingTresspassWarningComms;", "Message_Localised":"Обнаружено нарушение – промедление, немедленно покиньте космопорт во избежание летального ответа", "Channel":"npc" }
{ "timestamp":"2017-12-12T00:31:51Z", "event":"ReceiveText", "From":"Dana Gateway", "Message":"$DockingOffenceCleared;", "Message_Localised":"Нарушения правил космопорта сняты, привилегии на стыковку восстановлены", "Channel":"npc" }
{ "timestamp":"2017-12-12T00:31:56Z", "event":"Scanned", "ScanType":"Cargo" }
{ "timestamp":"2017-12-12T00:31:56Z", "event":"ReceiveText", "From":"$ShipName_Police_Federation;", "From_Localised":"Федеральная служба безопасности", "Message":"$Police_ThankYouPassedStopAndSearch07;", "Message_Localised":"Сканирование ничего не выявило. Продолжайте путь, командир.", "Channel":"npc" }
{ "timestamp":"2017-12-12T00:32:19Z", "event":"ReceiveText", "From":"Dana Gateway", "Message":"$STATION_NoFireZone_exited;", "Message_Localised":"Вы вышли из зоны запрета огня", "Channel":"npc" }
{ "timestamp":"2017-12-12T00:32:25Z", "event":"StartJump", "JumpType":"Hyperspace", "StarSystem":"Wolf 871", "StarClass":"G" }
{ "timestamp":"2017-12-12T00:32:44Z", "event":"FSDJump", "StarSystem":"Wolf 871", "StarPos":[-64.219,-12.344,41.000], "SystemAllegiance":"Federation", "SystemEconomy":"$economy_Extraction;", "SystemEconomy_Localised":"Добыча ископаемых", "SystemGovernment":"$government_Democracy;", "SystemGovernment_Localised":"Демократия", "SystemSecurity":"$SYSTEM_SECURITY_medium;", "SystemSecurity_Localised":"Средн. ур. безопасности", "Population":19653, "JumpDist":9.557, "FuelUsed":1.955136, "FuelLevel":14.044864, "Factions":[ { "Name":"Ross 754 Labour", "FactionState":"None", "Government":"Democracy", "Influence":0.023976, "Allegiance":"Federation", "PendingStates":[ { "State":"Boom", "Trend":1 } ] }, { "Name":"United Pontus League", "FactionState":"Boom", "Government":"Confederacy", "Influence":0.438561, "Allegiance":"Federation", "PendingStates":[ { "State":"Expansion", "Trend":0 } ] }, { "Name":"Pilots Federation Local Branch", "FactionState":"None", "Government":"Democracy", "Influence":0.000000, "Allegiance":"PilotsFederation" }, { "Name":"Liberals of Wolf 871", "FactionState":"None", "Government":"Democracy", "Influence":0.293706, "Allegiance":"Federation", "PendingStates":[ { "State":"Boom", "Trend":1 } ] }, { "Name":"Ngolibardu Electronics Solutions", "FactionState":"None", "Government":"Corporate", "Influence":0.063936, "Allegiance":"Federation", "PendingStates":[ { "State":"Boom", "Trend":1 }, { "State":"CivilUnrest", "Trend":0 }, { "State":"Lockdown", "Trend":0 } ] }, { "Name":"Wolf 871 Transport Industry", "FactionState":"None", "Government":"Corporate", "Influence":0.111888, "Allegiance":"Federation", "PendingStates":[ { "State":"Boom", "Trend":0 } ] }, { "Name":"Wolf 871 Blue Syndicate", "FactionState":"Boom", "Government":"Anarchy", "Influence":0.067932, "Allegiance":"Independent" } ], "SystemFaction":"Liberals of Wolf 871" }
{ "timestamp":"2017-12-12T00:32:44Z", "event":"Music", "MusicTrack":"Supercruise" }
{ "timestamp":"2017-12-12T00:33:25Z", "event":"Music", "MusicTrack":"SystemMap" }
{ "timestamp":"2017-12-12T00:33:37Z", "event":"Music", "MusicTrack":"Supercruise" }
{ "timestamp":"2017-12-12T00:38:06Z", "event":"ApproachSettlement", "Name":"Reynolds Landing +" }
{ "timestamp":"2017-12-12T00:38:13Z", "event":"SupercruiseExit", "StarSystem":"Wolf 871", "Body":"Wolf 871 B 3 f", "BodyType":"Planet" }
{ "timestamp":"2017-12-12T00:38:13Z", "event":"Music", "MusicTrack":"Exploration" }
{ "timestamp":"2017-12-12T00:39:22Z", "event":"StartJump", "JumpType":"Supercruise" }
{ "timestamp":"2017-12-12T00:39:22Z", "event":"ApproachSettlement", "Name":"Reynolds Landing +" }
{ "timestamp":"2017-12-12T00:39:27Z", "event":"SupercruiseEntry", "StarSystem":"Wolf 871" }
{ "timestamp":"2017-12-12T00:39:27Z", "event":"Music", "MusicTrack":"Supercruise" }
{ "timestamp":"2017-12-12T00:39:41Z", "event":"ReceiveText", "From":"$npc_name_decorate:#name=Ed Gasket;", "From_Localised":"Ed Gasket", "Message":"$Pirate_HunterHostileSC_Relevant01;", "Message_Localised":"О, именно этот корабль с огромным грузовым отсеком я и ищу...", "Channel":"npc" }
{ "timestamp":"2017-12-12T00:40:25Z", "event":"ApproachSettlement", "Name":"Reynolds Landing +" }
{ "timestamp":"2017-12-12T00:40:25Z", "event":"SupercruiseExit", "StarSystem":"Wolf 871", "Body":"Wolf 871 B 3 f", "BodyType":"Planet" }
{ "timestamp":"2017-12-12T00:40:26Z", "event":"Music", "MusicTrack":"Exploration" }
{ "timestamp":"2017-12-12T00:40:42Z", "event":"StartJump", "JumpType":"Supercruise" }
{ "timestamp":"2017-12-12T00:40:42Z", "event":"ApproachSettlement", "Name":"Reynolds Landing +" }
{ "timestamp":"2017-12-12T00:40:47Z", "event":"SupercruiseEntry", "StarSystem":"Wolf 871" }
{ "timestamp":"2017-12-12T00:40:47Z", "event":"Music", "MusicTrack":"Supercruise" }
{ "timestamp":"2017-12-12T00:41:16Z", "event":"ApproachSettlement", "Name":"Reynolds Landing +" }
{ "timestamp":"2017-12-12T00:41:18Z", "event":"SupercruiseExit", "StarSystem":"Wolf 871", "Body":"Wolf 871 B 3 f", "BodyType":"Planet" }
{ "timestamp":"2017-12-12T00:41:18Z", "event":"Music", "MusicTrack":"Exploration" }
{ "timestamp":"2017-12-12T00:44:29Z", "event":"Touchdown", "PlayerControlled":true, "Latitude":-5.715466, "Longitude":-43.234390 }
{ "timestamp":"2017-12-12T00:44:38Z", "event":"LaunchSRV", "Loadout":"starter", "PlayerControlled":true }
{ "timestamp":"2017-12-12T00:45:24Z", "event":"Liftoff", "PlayerControlled":false }
{ "timestamp":"2017-12-12T00:45:46Z", "event":"Music", "MusicTrack":"SystemMap" }
{ "timestamp":"2017-12-12T00:45:51Z", "event":"Music", "MusicTrack":"Exploration" }
{ "timestamp":"2017-12-12T00:51:10Z", "event":"Music", "MusicTrack":"Combat_SRV" }
{ "timestamp":"2017-12-12T00:51:10Z", "event":"CommitCrime", "CrimeType":"assault", "Faction":"Liberals of Wolf 871", "Victim":"$poi_generator_name;", "Victim_Localised":"Генератор", "Bounty":200 }
{ "timestamp":"2017-12-12T00:51:15Z", "event":"MissionRedirected", "MissionID":261720754, "Name":"Mission_Disable_War_name", "NewDestinationStation":"Dana Gateway", "NewDestinationSystem":"Ross 754", "OldDestinationStation":"Reynolds Landing +", "OldDestinationSystem":"Wolf 871" }
{ "timestamp":"2017-12-12T00:51:34Z", "event":"Music", "MusicTrack":"Exploration" }
{ "timestamp":"2017-12-12T00:51:53Z", "event":"ShieldState", "ShieldsUp":true }
{ "timestamp":"2017-12-12T00:54:39Z", "event":"Touchdown", "PlayerControlled":false }
{ "timestamp":"2017-12-12T00:55:25Z", "event":"DockSRV" }
{ "timestamp":"2017-12-12T00:55:32Z", "event":"Liftoff", "PlayerControlled":true, "Latitude":-5.675752, "Longitude":-43.234123 }
{ "timestamp":"2017-12-12T00:56:17Z", "event":"Music", "MusicTrack":"GalaxyMap" }
{ "timestamp":"2017-12-12T00:56:21Z", "event":"Music", "MusicTrack":"Exploration" }
{ "timestamp":"2017-12-12T00:56:40Z", "event":"Music", "MusicTrack":"GalaxyMap" }
{ "timestamp":"2017-12-12T00:56:52Z", "event":"Music", "MusicTrack":"SystemMap" }
{ "timestamp":"2017-12-12T00:57:08Z", "event":"Music", "MusicTrack":"GalaxyMap" }
{ "timestamp":"2017-12-12T00:57:09Z", "event":"Music", "MusicTrack":"Exploration" }
{ "timestamp":"2017-12-12T00:57:38Z", "event":"StartJump", "JumpType":"Hyperspace", "StarSystem":"NLTT 48633", "StarClass":"M" }
{ "timestamp":"2017-12-12T00:57:43Z", "event":"Music", "MusicTrack":"NoTrack" }
{ "timestamp":"2017-12-12T00:57:56Z", "event":"FSDJump", "StarSystem":"NLTT 48633", "StarPos":[-72.969,-9.094,43.125], "SystemAllegiance":"", "SystemEconomy":"$economy_None;", "SystemEconomy_Localised":"Нет", "SystemGovernment":"$government_None;", "SystemGovernment_Localised":"Нет", "SystemSecurity":"$GAlAXY_MAP_INFO_state_anarchy;", "SystemSecurity_Localised":"Анархия", "Population":0, "JumpDist":9.573, "FuelUsed":1.930866, "FuelLevel":12.113997 }
{ "timestamp":"2017-12-12T00:57:57Z", "event":"Music", "MusicTrack":"Supercruise" }
{ "timestamp":"2017-12-12T00:58:33Z", "event":"Scan", "BodyName":"NLTT 48633 A", "DistanceFromArrivalLS":0.000000, "StarType":"M", "StellarMass":0.484375, "Radius":447337536.000000, "AbsoluteMagnitude":8.646881, "Age_MY":6710, "SurfaceTemperature":3633.000000, "Luminosity":"V", "SemiMajorAxis":1521706752.000000, "Eccentricity":0.007037, "OrbitalInclination":1.048236, "Periapsis":279.516510, "OrbitalPeriod":171573.359375, "RotationPeriod":242040.796875, "AxialTilt":0.000000 }
{ "timestamp":"2017-12-12T00:59:09Z", "event":"Scan", "BodyName":"NLTT 48633 B", "DistanceFromArrivalLS":13.986462, "StarType":"M_RedGiant", "StellarMass":0.273438, "Radius":328520160.000000, "AbsoluteMagnitude":10.411743, "Age_MY":6710, "SurfaceTemperature":2326.000000, "Luminosity":"IVb", "SemiMajorAxis":2695595008.000000, "Eccentricity":0.007037, "OrbitalInclination":1.048236, "Periapsis":99.516510, "OrbitalPeriod":171573.359375, "RotationPeriod":169175.203125, "AxialTilt":0.000000 }
