{ "timestamp":"2018-02-02T23:07:21Z", "event":"Fileheader", "part":1, "language":"Russian\\RU", "gameversion":"2.4", "build":"r160439/r0 " }
{ "timestamp":"2018-02-02T23:07:21Z", "event":"Music", "MusicTrack":"NoTrack" }
{ "timestamp":"2018-02-02T23:07:21Z", "event":"Music", "MusicTrack":"MainMenu" }
{ "timestamp":"2018-02-02T23:07:52Z", "event":"Cargo", "Inventory":[  ] }
{ "timestamp":"2018-02-02T23:07:52Z", "event":"Loadout", "Ship":"Asp", "ShipID":8, "ShipName":"A-BUG", "ShipIdent":"BUGGED", "Modules":[ { "Slot":"SmallHardpoint1", "Item":"Hpt_BeamLaser_Gimbal_Small", "On":true, "Priority":0, "Health":1.000000, "Value":67185 }, { "Slot":"SmallHardpoint2", "Item":"Hpt_BeamLaser_Gimbal_Small", "On":true, "Priority":0, "Health":1.000000, "Value":67185 }, { "Slot":"SmallHardpoint3", "Item":"Hpt_BeamLaser_Gimbal_Small", "On":true, "Priority":0, "Health":1.000000, "Value":67185 }, { "Slot":"SmallHardpoint4", "Item":"Hpt_BeamLaser_Gimbal_Small", "On":true, "Priority":0, "Health":1.000000, "Value":67185 }, { "Slot":"MediumHardpoint1", "Item":"Hpt_MultiCannon_Gimbal_Medium", "On":true, "Priority":0, "AmmoInClip":90, "AmmoInHopper":1680, "Health":1.000000, "Value":51300, "EngineerBlueprint":"Weapon_Efficient", "EngineerLevel":1 }, { "Slot":"MediumHardpoint2", "Item":"Hpt_MultiCannon_Gimbal_Medium", "On":true, "Priority":0, "AmmoInClip":90, "AmmoInHopper":1680, "Health":1.000000, "Value":51300, "EngineerBlueprint":"Weapon_Efficient", "EngineerLevel":2 }, { "Slot":"TinyHardpoint1", "Item":"Hpt_ChaffLauncher_Tiny", "On":true, "Priority":0, "AmmoInClip":1, "AmmoInHopper":10, "Health":1.000000, "Value":8500 }, { "Slot":"TinyHardpoint2", "Item":"Hpt_HeatSinkLauncher_Turret_Tiny", "On":true, "Priority":0, "AmmoInClip":1, "AmmoInHopper":2, "Health":1.000000, "Value":3500 }, { "Slot":"TinyHardpoint3", "Item":"Hpt_ShieldBooster_Size0_Class5", "On":true, "Priority":0, "Health":1.000000, "Value":281000 }, { "Slot":"TinyHardpoint4", "Item":"Hpt_PlasmaPointDefence_Turret_Tiny", "On":true, "Priority":0, "AmmoInClip":12, "AmmoInHopper":10000, "Health":1.000000, "Value":18546 }, { "Slot":"Armour", "Item":"Asp_Armour_Grade3", "On":true, "Priority":1, "Health":1.000000, "Value":5995038 }, { "Slot":"PowerPlant", "Item":"Int_Powerplant_Size5_Class5", "On":true, "Priority":1, "Health":1.000000, "Value":5103953 }, { "Slot":"MainEngines", "Item":"Int_Engine_Size5_Class5", "On":true, "Priority":0, "Health":1.000000, "Value":5103953 }, { "Slot":"FrameShiftDrive", "Item":"Int_Hyperdrive_Size5_Class5", "On":true, "Priority":0, "Health":1.000000, "Value":5103953 }, { "Slot":"LifeSupport", "Item":"Int_LifeSupport_Size4_Class1", "On":true, "Priority":2, "Health":1.000000, "Value":11349 }, { "Slot":"PowerDistributor", "Item":"Int_PowerDistributor_Size4_Class5", "On":true, "Priority":0, "Health":1.000000, "Value":443328 }, { "Slot":"Radar", "Item":"Int_Sensors_Size5_Class4", "On":true, "Priority":0, "Health":1.000000, "Value":496527 }, { "Slot":"FuelTank", "Item":"Int_FuelTank_Size5_Class3", "On":true, "Priority":1, "Health":1.000000, "Value":97754 }, { "Slot":"Slot01_Size6", "Item":"Int_CargoRack_Size6_Class1", "On":true, "Priority":1, "Health":1.000000, "Value":362591 }, { "Slot":"Slot02_Size5", "Item":"Int_ShieldGenerator_Size5_Class5", "On":true, "Priority":0, "Health":1.000000, "Value":5103953 }, { "Slot":"Slot03_Size3", "Item":"Int_StellarBodyDiscoveryScanner_Advanced", "On":true, "Priority":1, "Health":1.000000, "Value":1545000 }, { "Slot":"Slot04_Size3", "Item":"Int_DetailedSurfaceScanner_Tiny", "On":true, "Priority":1, "Health":1.000000, "Value":250000 }, { "Slot":"Slot05_Size3", "Item":"Int_FuelScoop_Size3_Class5", "On":true, "Priority":0, "Health":1.000000, "Value":902954 }, { "Slot":"Slot06_Size2", "Item":"Int_BuggyBay_Size2_Class2", "On":true, "Priority":0, "Health":1.000000, "Value":21600 }, { "Slot":"Slot07_Size2", "Item":"Int_BuggyBay_Size2_Class2", "On":true, "Priority":0, "Health":1.000000, "Value":21600 }, { "Slot":"PlanetaryApproachSuite", "Item":"Int_PlanetApproachSuite", "On":true, "Priority":1, "Health":1.000000, "Value":500 }, { "Slot":"ShipCockpit", "Item":"Asp_Cockpit", "On":true, "Priority":1, "Health":1.000000, "Value":0 }, { "Slot":"CargoHatch", "Item":"ModularCargoBayDoor", "On":true, "Priority":2, "Health":1.000000, "Value":0 } ] }
{ "timestamp":"2018-02-02T23:07:52Z", "event":"Materials", "Raw":[ { "Name":"phosphorus", "Count":8 }, { "Name":"iron", "Count":22 }, { "Name":"sulphur", "Count":18 }, { "Name":"nickel", "Count":20 }, { "Name":"carbon", "Count":26 }, { "Name":"chromium", "Count":15 }, { "Name":"molybdenum", "Count":3 }, { "Name":"manganese", "Count":1 }, { "Name":"cadmium", "Count":3 }, { "Name":"germanium", "Count":3 }, { "Name":"tin", "Count":3 }, { "Name":"selenium", "Count":3 } ], "Manufactured":[ { "Name":"gridresistors", "Count":19 }, { "Name":"mechanicalscrap", "Count":17 }, { "Name":"mechanicalequipment", "Count":11 }, { "Name":"heatconductionwiring", "Count":6 }, { "Name":"focuscrystals", "Count":64 }, { "Name":"salvagedalloys", "Count":79 }, { "Name":"chemicalprocessors", "Count":33 }, { "Name":"phasealloys", "Count":51 }, { "Name":"shieldingsensors", "Count":54 }, { "Name":"wornshieldemitters", "Count":108 }, { "Name":"galvanisingalloys", "Count":69 }, { "Name":"uncutfocuscrystals", "Count":2 }, { "Name":"hybridcapacitors", "Count":4 }, { "Name":"configurablecomponents", "Count":6 }, { "Name":"highdensitycomposites", "Count":21 }, { "Name":"mechanicalcomponents", "Count":3 }, { "Name":"fedproprietarycomposites", "Count":21 }, { "Name":"fedcorecomposites", "Count":6 }, { "Name":"shieldemitters", "Count":42 }, { "Name":"conductivecomponents", "Count":5 }, { "Name":"refinedfocuscrystals", "Count":21 }, { "Name":"chemicaldistillery", "Count":6 }, { "Name":"protolightalloys", "Count":15 }, { "Name":"precipitatedalloys", "Count":22 }, { "Name":"biotechconductors", "Count":1 }, { "Name":"compoundshielding", "Count":6 } ], "Encoded":[ { "Name":"decodedemissiondata", "Count":21 }, { "Name":"emissiondata", "Count":9 }, { "Name":"shieldsoakanalysis", "Count":15 }, { "Name":"shielddensityreports", "Count":33 }, { "Name":"scanarchives", "Count":18 }, { "Name":"shieldpatternanalysis", "Count":24 }, { "Name":"shieldcyclerecordings", "Count":72 }, { "Name":"encodedscandata", "Count":9 }, { "Name":"fsdtelemetry", "Count":6 }, { "Name":"scandatabanks", "Count":4 }, { "Name":"legacyfirmware", "Count":10 }, { "Name":"archivedemissiondata", "Count":3 }, { "Name":"disruptedwakeechoes", "Count":8 }, { "Name":"industrialfirmware", "Count":2 }, { "Name":"bulkscandata", "Count":29 }, { "Name":"embeddedfirmware", "Count":1 }, { "Name":"scrambledemissiondata", "Count":5 }, { "Name":"encryptioncodes", "Count":3 } ] }
{ "timestamp":"2018-02-02T23:07:52Z", "event":"LoadGame", "Commander":"Sleep Runner", "Ship":"Asp", "ShipID":8, "ShipName":"A-BUG", "ShipIdent":"BUGGED", "FuelLevel":32.000000, "FuelCapacity":32.000000, "GameMode":"Open", "Credits":8765712, "Loan":0 }
{ "timestamp":"2018-02-02T23:07:52Z", "event":"Rank", "Combat":2, "Trade":3, "Explore":3, "Empire":0, "Federation":1, "CQC":0 }
{ "timestamp":"2018-02-02T23:07:52Z", "event":"Progress", "Combat":17, "Trade":95, "Explore":20, "Empire":3, "Federation":100, "CQC":0 }
{ "timestamp":"2018-02-02T23:08:04Z", "event":"Location", "Docked":false, "StarSystem":"Adeo", "StarPos":[-81.625,31.406,27.188], "SystemAllegiance":"Federation", "SystemEconomy":"$economy_Agri;", "SystemEconomy_Localised":"Сельское хозяйство", "SystemGovernment":"$government_Democracy;", "SystemGovernment_Localised":"Демократия", "SystemSecurity":"$SYSTEM_SECURITY_high;", "SystemSecurity_Localised":"Высок. ур. безопасности", "Population":8257413685, "Body":"Adeo A 1", "BodyType":"Planet", "Factions":[ { "Name":"Adeo Independents", "FactionState":"None", "Government":"Democracy", "Influence":0.516484, "Allegiance":"Federation", "RecoveringStates":[ { "State":"Boom", "Trend":-1 } ] }, { "Name":"Pilots Federation Local Branch", "FactionState":"None", "Government":"Democracy", "Influence":0.000000, "Allegiance":"PilotsFederation" }, { "Name":"Adeo Purple Vision Corporation", "FactionState":"Boom", "Government":"Corporate", "Influence":0.027972, "Allegiance":"Independent" }, { "Name":"Official Adeo Dominion", "FactionState":"None", "Government":"Dictatorship", "Influence":0.102897, "Allegiance":"Independent" }, { "Name":"Marquis du Slavanibo", "FactionState":"War", "Government":"Feudal", "Influence":0.097902, "Allegiance":"Independent" }, { "Name":"Adeo Vision Industries", "FactionState":"Boom", "Government":"Corporate", "Influence":0.159840, "Allegiance":"Independent" }, { "Name":"Partnership of Adeo", "FactionState":"War", "Government":"Anarchy", "Influence":0.094905, "Allegiance":"Independent" } ], "SystemFaction":"Adeo Independents" }
{ "timestamp":"2018-02-02T23:08:04Z", "event":"Music", "MusicTrack":"NoTrack" }
{ "timestamp":"2018-02-02T23:08:04Z", "event":"Music", "MusicTrack":"Exploration" }
{ "timestamp":"2018-02-02T23:08:48Z", "event":"Friends", "Status":"Online", "Name":"Mar.Meow" }
{ "timestamp":"2018-02-02T23:08:55Z", "event":"Music", "MusicTrack":"GalaxyMap" }
{ "timestamp":"2018-02-02T23:09:12Z", "event":"Music", "MusicTrack":"SystemMap" }
{ "timestamp":"2018-02-02T23:09:22Z", "event":"Music", "MusicTrack":"GalaxyMap" }
{ "timestamp":"2018-02-02T23:09:23Z", "event":"Music", "MusicTrack":"Exploration" }
{ "timestamp":"2018-02-02T23:09:30Z", "event":"StartJump", "JumpType":"Supercruise" }
{ "timestamp":"2018-02-02T23:09:30Z", "event":"ApproachSettlement", "Name":"Egan Landing +" }
{ "timestamp":"2018-02-02T23:09:35Z", "event":"SupercruiseEntry", "StarSystem":"Adeo" }
{ "timestamp":"2018-02-02T23:09:35Z", "event":"Music", "MusicTrack":"Supercruise" }
{ "timestamp":"2018-02-02T23:09:39Z", "event":"Music", "MusicTrack":"GalaxyMap" }
{ "timestamp":"2018-02-02T23:09:51Z", "event":"Music", "MusicTrack":"Supercruise" }
{ "timestamp":"2018-02-02T23:10:09Z", "event":"MissionAbandoned", "Name":"Mission_Hack_BLOPS_War_name", "MissionID":305971789 }
{ "timestamp":"2018-02-02T23:10:15Z", "event":"MissionAbandoned", "Name":"Mission_Disable_HighTech_name", "MissionID":305971249 }
{ "timestamp":"2018-02-02T23:10:25Z", "event":"MissionAbandoned", "Name":"Mission_Disable_HighTech_name", "MissionID":305971033 }
{ "timestamp":"2018-02-02T23:10:30Z", "event":"MissionAbandoned", "Name":"Mission_Disable_HighTech_name", "MissionID":305970990 }
{ "timestamp":"2018-02-02T23:10:51Z", "event":"MissionAbandoned", "Name":"Mission_Disable_HighTech_name", "MissionID":305947073 }
{ "timestamp":"2018-02-02T23:11:00Z", "event":"MissionAbandoned", "Name":"Mission_Disable_HighTech_name", "MissionID":305946919 }
{ "timestamp":"2018-02-02T23:11:24Z", "event":"MissionAbandoned", "Name":"Mission_Disable_BLOPS_War_name", "MissionID":305946694 }
{ "timestamp":"2018-02-02T23:11:31Z", "event":"MissionAbandoned", "Name":"Mission_Hack_War_name", "MissionID":305946773 }
{ "timestamp":"2018-02-02T23:11:39Z", "event":"MissionAbandoned", "Name":"Mission_Disable_War_name", "MissionID":305946809 }
{ "timestamp":"2018-02-02T23:11:49Z", "event":"MissionAbandoned", "Name":"Mission_Disable_War_name", "MissionID":305946845 }
{ "timestamp":"2018-02-02T23:11:55Z", "event":"MissionAbandoned", "Name":"Mission_Disable_War_name", "MissionID":305970936 }
{ "timestamp":"2018-02-02T23:13:06Z", "event":"StartJump", "JumpType":"Hyperspace", "StarSystem":"Amarak", "StarClass":"M" }
{ "timestamp":"2018-02-02T23:13:12Z", "event":"Music", "MusicTrack":"NoTrack" }
{ "timestamp":"2018-02-02T23:13:25Z", "event":"FSDJump", "StarSystem":"Amarak", "StarPos":[-68.438,26.000,26.469], "SystemAllegiance":"Federation", "SystemEconomy":"$economy_HighTech;", "SystemEconomy_Localised":"Высокие технологии", "SystemGovernment":"$government_Corporate;", "SystemGovernment_Localised":"Корпоративная", "SystemSecurity":"$SYSTEM_SECURITY_high;", "SystemSecurity_Localised":"Высок. ур. безопасности", "Population":10248421, "JumpDist":14.271, "FuelUsed":1.402627, "FuelLevel":30.597374, "Factions":[ { "Name":"Pilots Federation Local Branch", "FactionState":"None", "Government":"Democracy", "Influence":0.000000, "Allegiance":"PilotsFederation" }, { "Name":"Tarutaalli Group", "FactionState":"None", "Government":"Corporate", "Influence":0.080000, "Allegiance":"Federation", "PendingStates":[ { "State":"Boom", "Trend":1 } ], "RecoveringStates":[ { "State":"War", "Trend":0 } ] }, { "Name":"Amarak Comms Partners", "FactionState":"None", "Government":"Corporate", "Influence":0.588000, "Allegiance":"Federation", "RecoveringStates":[ { "State":"Boom", "Trend":1 } ] }, { "Name":"Amarak Dominion", "FactionState":"None", "Government":"Dictatorship", "Influence":0.026000, "Allegiance":"Independent", "PendingStates":[ { "State":"Boom", "Trend":0 } ], "RecoveringStates":[ { "State":"War", "Trend":0 } ] }, { "Name":"Amarak Silver Family", "FactionState":"War", "Government":"Anarchy", "Influence":0.041000, "Allegiance":"Independent", "PendingStates":[ { "State":"Boom", "Trend":1 } ] }, { "Name":"Syndicate of LHS 3385", "FactionState":"War", "Government":"Anarchy", "Influence":0.046000, "Allegiance":"Independent", "PendingStates":[ { "State":"Boom", "Trend":1 } ] }, { "Name":"Amarak Republic Party", "FactionState":"None", "Government":"Democracy", "Influence":0.209000, "Allegiance":"Federation", "PendingStates":[ { "State":"CivilUnrest", "Trend":-1 } ], "RecoveringStates":[ { "State":"Boom", "Trend":0 } ] }, { "Name":"Ronin of Amarak", "FactionState":"None", "Government":"Anarchy", "Influence":0.010000, "Allegiance":"Independent", "PendingStates":[ { "State":"Boom", "Trend":1 } ] } ], "SystemFaction":"Amarak Comms Partners" }
{ "timestamp":"2018-02-02T23:13:25Z", "event":"Music", "MusicTrack":"DestinationFromHyperspace" }
{ "timestamp":"2018-02-02T23:13:30Z", "event":"Music", "MusicTrack":"Supercruise" }
{ "timestamp":"2018-02-02T23:13:41Z", "event":"FuelScoop", "Scooped":1.096709, "Total":31.694071 }
{ "timestamp":"2018-02-02T23:16:20Z", "event":"SupercruiseExit", "StarSystem":"Amarak", "Body":"Werner von Siemens Vision", "BodyType":"Station" }
{ "timestamp":"2018-02-02T23:16:21Z", "event":"Music", "MusicTrack":"DestinationFromSupercruise" }
{ "timestamp":"2018-02-02T23:16:26Z", "event":"Music", "MusicTrack":"Exploration" }
{ "timestamp":"2018-02-02T23:16:28Z", "event":"ReceiveText", "From":"Werner von Siemens Vision", "Message":"$STATION_NoFireZone_entered;", "Message_Localised":"Вы вошли в зону запрета огня", "Channel":"npc" }
{ "timestamp":"2018-02-02T23:16:45Z", "event":"DockingRequested", "StationName":"Werner von Siemens Vision" }
{ "timestamp":"2018-02-02T23:16:45Z", "event":"ReceiveText", "From":"Werner von Siemens Vision", "Message":"$DockingChatter_Cordial;", "Message_Localised":"С возвращением, командир.", "Channel":"npc" }
{ "timestamp":"2018-02-02T23:16:48Z", "event":"ReceiveText", "From":"Werner von Siemens Vision", "Message":"$STATION_docking_granted;", "Message_Localised":"Стыковка разрешена", "Channel":"npc" }
{ "timestamp":"2018-02-02T23:16:48Z", "event":"DockingGranted", "LandingPad":4, "StationName":"Werner von Siemens Vision" }
{ "timestamp":"2018-02-02T23:18:02Z", "event":"Docked", "StationName":"Werner von Siemens Vision", "StationType":"Outpost", "StarSystem":"Amarak", "StationFaction":"Tarutaalli Group", "StationGovernment":"$government_Corporate;", "StationGovernment_Localised":"Корпоративная", "StationAllegiance":"Federation", "StationServices":[ "Dock", "Autodock", "BlackMarket", "Commodities", "Contacts", "Exploration", "Missions", "Outfitting", "CrewLounge", "Rearm", "Refuel", "Repair", "MissionsGenerated", "FlightController", "StationOperations", "Powerplay", "SearchAndRescue" ], "StationEconomy":"$economy_HighTech;", "StationEconomy_Localised":"Высокие технологии", "DistFromStarLS":1606.477173 }
{ "timestamp":"2018-02-02T23:18:18Z", "event":"RefuelAll", "Cost":43, "Amount":0.836792 }
{ "timestamp":"2018-02-02T23:18:19Z", "event":"RestockVehicle", "Type":"testbuggy", "Loadout":"starter", "Cost":1030, "Count":1 }
{ "timestamp":"2018-02-02T23:19:26Z", "event":"MissionAccepted", "Faction":"Amarak Silver Family", "Name":"Mission_Disable_War", "LocalisedName":"Отключите электросеть цели. Это: Установка", "Target":"$MissionUtil_Settlement_Target_Turret;", "Target_Localised":"Установка", "Expiry":"2018-02-03T12:27:37Z", "Influence":"Med", "Reputation":"Med", "Reward":137856, "MissionID":306638151 }
{ "timestamp":"2018-02-02T23:19:32Z", "event":"MissionAccepted", "Faction":"Amarak Silver Family", "Name":"Mission_Disable_War", "LocalisedName":"Отключите электросеть цели. Это: Установка", "Target":"$MissionUtil_Settlement_Target_Turret;", "Target_Localised":"Установка", "Expiry":"2018-02-03T13:41:58Z", "Influence":"Med", "Reputation":"Med", "Reward":161036, "MissionID":306638253 }
{ "timestamp":"2018-02-02T23:19:35Z", "event":"MissionAccepted", "Faction":"Amarak Silver Family", "Name":"Mission_Disable_War", "LocalisedName":"Отключите электросеть цели. Это: Установка", "Target":"$MissionUtil_Settlement_Target_Turret;", "Target_Localised":"Установка", "Expiry":"2018-02-05T09:42:27Z", "Influence":"Med", "Reputation":"Med", "Reward":727672, "MissionID":306638292 }
{ "timestamp":"2018-02-02T23:20:03Z", "event":"Undocked", "StationName":"Werner von Siemens Vision", "StationType":"Outpost" }
{ "timestamp":"2018-02-02T23:20:34Z", "event":"StartJump", "JumpType":"Supercruise" }
{ "timestamp":"2018-02-02T23:20:39Z", "event":"SupercruiseEntry", "StarSystem":"Amarak" }
{ "timestamp":"2018-02-02T23:20:39Z", "event":"Music", "MusicTrack":"Supercruise" }
{ "timestamp":"2018-02-02T23:22:07Z", "event":"SupercruiseExit", "StarSystem":"Amarak", "Body":"Vela Port", "BodyType":"Station" }
{ "timestamp":"2018-02-02T23:22:08Z", "event":"Music", "MusicTrack":"DestinationFromSupercruise" }
{ "timestamp":"2018-02-02T23:22:13Z", "event":"Music", "MusicTrack":"NoTrack" }
{ "timestamp":"2018-02-02T23:22:30Z", "event":"ReceiveText", "From":"Vela Port", "Message":"$STATION_NoFireZone_entered;", "Message_Localised":"Вы вошли в зону запрета огня", "Channel":"npc" }
{ "timestamp":"2018-02-02T23:23:05Z", "event":"DockingRequested", "StationName":"Vela Port" }
{ "timestamp":"2018-02-02T23:23:05Z", "event":"ReceiveText", "From":"Vela Port", "Message":"$DockingChatter_Friendly;", "Message_Localised":"Очень приятно видеть вас вновь, командир.", "Channel":"npc" }
{ "timestamp":"2018-02-02T23:23:07Z", "event":"ReceiveText", "From":"Vela Port", "Message":"$STATION_docking_granted;", "Message_Localised":"Стыковка разрешена", "Channel":"npc" }
{ "timestamp":"2018-02-02T23:23:07Z", "event":"DockingGranted", "LandingPad":23, "StationName":"Vela Port" }
{ "timestamp":"2018-02-02T23:23:27Z", "event":"Music", "MusicTrack":"Starport" }
{ "timestamp":"2018-02-02T23:23:45Z", "event":"ReceiveText", "From":"$npc_name_decorate:#name=Aliera Gold;", "From_Localised":"Aliera Gold", "Message":"$Commuter_AuthorityScan10;", "Message_Localised":"Инспектор, я не создам вам каких-либо проблем.", "Channel":"npc" }
{ "timestamp":"2018-02-02T23:23:50Z", "event":"Docked", "StationName":"Vela Port", "StationType":"Coriolis", "StarSystem":"Amarak", "StationFaction":"Amarak Comms Partners", "StationGovernment":"$government_Corporate;", "StationGovernment_Localised":"Корпоративная", "StationAllegiance":"Federation", "StationServices":[ "Dock", "Autodock", "BlackMarket", "Commodities", "Contacts", "Exploration", "Missions", "Outfitting", "CrewLounge", "Rearm", "Refuel", "Repair", "Shipyard", "Tuning", "MissionsGenerated", "FlightController", "StationOperations", "Powerplay", "SearchAndRescue" ], "StationEconomy":"$economy_HighTech;", "StationEconomy_Localised":"Высокие технологии", "DistFromStarLS":1178.437866 }
{ "timestamp":"2018-02-02T23:23:59Z", "event":"RefuelAll", "Cost":10, "Amount":0.098461 }
{ "timestamp":"2018-02-02T23:24:11Z", "event":"MissionCompleted", "Faction":"Syndicate of LHS 3385", "Name":"Mission_Disable_HighTech_name", "MissionID":305947100, "Target":"$MissionUtil_Settlement_Target_Turret;", "Target_Localised":"Установка", "Reward":951115 }
{ "timestamp":"2018-02-02T23:24:13Z", "event":"MissionCompleted", "Faction":"Syndicate of LHS 3385", "Name":"Mission_Disable_HighTech_name", "MissionID":305947143, "Target":"$MissionUtil_Settlement_Target_Building;", "Target_Localised":"Поселение", "Reward":752312, "CommodityReward":[ { "Name":"CoolingHoses", "Count":4 } ] }
{ "timestamp":"2018-02-02T23:24:19Z", "event":"MissionCompleted", "Faction":"Amarak Silver Family", "Name":"Mission_Disable_War_name", "MissionID":305948168, "Target":"$MissionUtil_Settlement_Target_Turret;", "Target_Localised":"Установка", "Reward":1359246 }
{ "timestamp":"2018-02-02T23:24:19Z", "event":"MaterialCollected", "Category":"Manufactured", "Name":"biotechconductors", "Count":1 }
{ "timestamp":"2018-02-02T23:24:29Z", "event":"MissionAccepted", "Faction":"Syndicate of LHS 3385", "Name":"Mission_Disable_HighTech", "LocalisedName":"Отключите электросеть цели. Это: Установка", "Target":"$MissionUtil_Settlement_Target_Turret;", "Target_Localised":"Установка", "Expiry":"2018-02-05T21:55:45Z", "Influence":"Med", "Reputation":"Med", "Reward":593877, "MissionID":306641530 }
{ "timestamp":"2018-02-02T23:24:43Z", "event":"MissionAccepted", "Faction":"Syndicate of LHS 3385", "Name":"Mission_Disable_HighTech", "LocalisedName":"Отключите электросеть цели. Это: Установка", "Target":"$MissionUtil_Settlement_Target_Turret;", "Target_Localised":"Установка", "Expiry":"2018-02-03T18:02:27Z", "Influence":"Med", "Reputation":"Med", "Reward":171681, "MissionID":306641691 }
{ "timestamp":"2018-02-02T23:24:45Z", "event":"MissionAccepted", "Faction":"Syndicate of LHS 3385", "Name":"Mission_Disable_HighTech", "LocalisedName":"Отключите электросеть цели. Это: Установка", "Target":"$MissionUtil_Settlement_Target_Turret;", "Target_Localised":"Установка", "Expiry":"2018-02-03T12:59:26Z", "Influence":"Med", "Reputation":"Med", "Reward":157514, "MissionID":306641716 }
{ "timestamp":"2018-02-02T23:24:48Z", "event":"MissionAccepted", "Faction":"Syndicate of LHS 3385", "Name":"Mission_Disable_HighTech", "LocalisedName":"Отключите электросеть цели. Это: Установка", "Target":"$MissionUtil_Settlement_Target_Turret;", "Target_Localised":"Установка", "Expiry":"2018-02-03T18:57:43Z", "Influence":"Med", "Reputation":"Med", "Reward":173069, "MissionID":306641744 }
{ "timestamp":"2018-02-02T23:24:58Z", "event":"MissionAccepted", "Faction":"Amarak Silver Family", "Name":"Mission_Disable_War", "LocalisedName":"Отключите электросеть цели. Это: Установка", "Target":"$MissionUtil_Settlement_Target_Turret;", "Target_Localised":"Установка", "Expiry":"2018-02-04T02:16:09Z", "Influence":"Med", "Reputation":"Med", "Reward":351570, "MissionID":306641856 }
{ "timestamp":"2018-02-02T23:25:02Z", "event":"MissionAccepted", "Faction":"Amarak Silver Family", "Name":"Mission_Disable_War", "LocalisedName":"Отключите электросеть цели. Это: Установка", "Target":"$MissionUtil_Settlement_Target_Turret;", "Target_Localised":"Установка", "Expiry":"2018-02-03T15:50:25Z", "Influence":"Med", "Reputation":"Med", "Reward":179274, "MissionID":306641906 }
{ "timestamp":"2018-02-02T23:25:23Z", "event":"MissionAccepted", "Faction":"Amarak Silver Family", "Name":"Mission_Disable_War", "LocalisedName":"Отключите электросеть цели. Это: Поселение", "Target":"$MissionUtil_Settlement_Target_Building;", "Target_Localised":"Поселение", "Expiry":"2018-02-06T23:23:45Z", "Influence":"Med", "Reputation":"Med", "Reward":1158588, "MissionID":306642159 }
{ "timestamp":"2018-02-02T23:25:32Z", "event":"MissionAccepted", "Faction":"Amarak Silver Family", "Name":"Mission_Disable_War", "LocalisedName":"Отключите электросеть цели. Это: Установка", "Target":"$MissionUtil_Settlement_Target_Turret;", "Target_Localised":"Установка", "Expiry":"2018-02-03T11:39:52Z", "Influence":"Med", "Reputation":"Med", "Reward":172048, "MissionID":306642252 }
{ "timestamp":"2018-02-02T23:25:35Z", "event":"MissionAccepted", "Faction":"Amarak Silver Family", "Name":"Mission_Disable_War", "LocalisedName":"Отключите электросеть цели. Это: Установка", "Target":"$MissionUtil_Settlement_Target_Turret;", "Target_Localised":"Установка", "Expiry":"2018-02-03T23:02:52Z", "Influence":"Med", "Reputation":"Med", "Reward":160321, "MissionID":306642279 }
{ "timestamp":"2018-02-02T23:25:41Z", "event":"MissionAccepted", "Faction":"Amarak Silver Family", "Name":"Mission_Disable_War", "LocalisedName":"Отключите электросеть цели. Это: Установка", "Target":"$MissionUtil_Settlement_Target_Turret;", "Target_Localised":"Установка", "Expiry":"2018-02-03T13:32:03Z", "Influence":"Med", "Reputation":"Med", "Reward":172545, "MissionID":306642337 }
{ "timestamp":"2018-02-02T23:25:49Z", "event":"MissionAccepted", "Faction":"Syndicate of LHS 3385", "Name":"Mission_Disable_HighTech", "LocalisedName":"Отключите электросеть цели. Это: Установка", "Target":"$MissionUtil_Settlement_Target_Turret;", "Target_Localised":"Установка", "Expiry":"2018-02-08T20:04:45Z", "Influence":"Med", "Reputation":"Med", "Reward":1163580, "MissionID":306642427 }
{ "timestamp":"2018-02-02T23:26:20Z", "event":"Music", "MusicTrack":"GalaxyMap" }
{ "timestamp":"2018-02-02T23:26:23Z", "event":"Undocked", "StationName":"Vela Port", "StationType":"Coriolis" }
{ "timestamp":"2018-02-02T23:26:28Z", "event":"Music", "MusicTrack":"SystemMap" }
{ "timestamp":"2018-02-02T23:26:38Z", "event":"Music", "MusicTrack":"Starport" }
{ "timestamp":"2018-02-02T23:26:57Z", "event":"Music", "MusicTrack":"NoTrack" }
{ "timestamp":"2018-02-02T23:27:21Z", "event":"ReceiveText", "From":"Vela Port", "Message":"$STATION_NoFireZone_exited;", "Message_Localised":"Вы вышли из зоны запрета огня", "Channel":"npc" }
{ "timestamp":"2018-02-02T23:27:28Z", "event":"StartJump", "JumpType":"Hyperspace", "StarSystem":"Ho Hsien", "StarClass":"K" }
{ "timestamp":"2018-02-02T23:27:46Z", "event":"FSDJump", "StarSystem":"Ho Hsien", "StarPos":[-76.031,21.906,38.094], "SystemAllegiance":"Federation", "SystemEconomy":"$economy_HighTech;", "SystemEconomy_Localised":"Высокие технологии", "SystemGovernment":"$government_Corporate;", "SystemGovernment_Localised":"Корпоративная", "SystemSecurity":"$SYSTEM_SECURITY_high;", "SystemSecurity_Localised":"Высок. ур. безопасности", "Population":7437159, "JumpDist":14.476, "FuelUsed":1.480519, "FuelLevel":30.519480, "Factions":[ { "Name":"HR 7079 Exchange", "FactionState":"Boom", "Government":"Corporate", "Influence":0.110889, "Allegiance":"Federation", "PendingStates":[ { "State":"Outbreak", "Trend":1 } ] }, { "Name":"Pilots Federation Local Branch", "FactionState":"None", "Government":"Democracy", "Influence":0.000000, "Allegiance":"PilotsFederation" }, { "Name":"Tarutaalli Group", "FactionState":"None", "Government":"Corporate", "Influence":0.047952, "Allegiance":"Federation", "PendingStates":[ { "State":"Boom", "Trend":1 } ] }, { "Name":"Ho Hsien Corporation", "FactionState":"Boom", "Government":"Corporate", "Influence":0.332667, "Allegiance":"Federation", "PendingStates":[ { "State":"Lockdown", "Trend":0 } ] }, { "Name":"Official Ho Hsien Liberty Party", "FactionState":"CivilWar", "Government":"Dictatorship", "Influence":0.166833, "Allegiance":"Independent", "RecoveringStates":[ { "State":"Outbreak", "Trend":0 } ] }, { "Name":"Ho Hsien Values Party", "FactionState":"CivilWar", "Government":"Democracy", "Influence":0.216783, "Allegiance":"Independent" }, { "Name":"Ho Hsien Purple Clan", "FactionState":"None", "Government":"Anarchy", "Influence":0.041958, "Allegiance":"Independent" }, { "Name":"Ho Hsien Legal Group", "FactionState":"None", "Government":"Corporate", "Influence":0.082917, "Allegiance":"Independent" } ], "SystemFaction":"Ho Hsien Corporation", "FactionState":"Boom" }
{ "timestamp":"2018-02-02T23:27:47Z", "event":"Music", "MusicTrack":"DestinationFromHyperspace" }
{ "timestamp":"2018-02-02T23:27:52Z", "event":"Music", "MusicTrack":"Supercruise" }
{ "timestamp":"2018-02-02T23:28:01Z", "event":"FuelScoop", "Scooped":0.642368, "Total":31.161840 }
{ "timestamp":"2018-02-02T23:31:09Z", "event":"ApproachSettlement", "Name":"Onufriyenko Hub" }
{ "timestamp":"2018-02-02T23:31:12Z", "event":"ApproachSettlement", "Name":"Moseley Base +" }
{ "timestamp":"2018-02-02T23:31:56Z", "event":"ApproachSettlement", "Name":"Moseley Base +" }
{ "timestamp":"2018-02-02T23:31:58Z", "event":"SupercruiseExit", "StarSystem":"Ho Hsien", "Body":"Ho Hsien 7", "BodyType":"Planet" }
{ "timestamp":"2018-02-02T23:31:59Z", "event":"Music", "MusicTrack":"Exploration" }
{ "timestamp":"2018-02-02T23:33:10Z", "event":"Touchdown", "PlayerControlled":true, "Latitude":-22.571695, "Longitude":-177.377487 }
{ "timestamp":"2018-02-02T23:33:16Z", "event":"CommitCrime", "CrimeType":"dockingMinorTresspass", "Faction":"Ho Hsien Corporation", "Fine":400 }
{ "timestamp":"2018-02-02T23:33:26Z", "event":"CommitCrime", "CrimeType":"dockingMajorTresspass", "Faction":"Ho Hsien Corporation", "Bounty":500 }
{ "timestamp":"2018-02-02T23:33:35Z", "event":"LaunchSRV", "Loadout":"starter", "PlayerControlled":true }
{ "timestamp":"2018-02-02T23:33:51Z", "event":"Liftoff", "PlayerControlled":false }
{ "timestamp":"2018-02-02T23:34:15Z", "event":"Music", "MusicTrack":"Combat_SRV" }
{ "timestamp":"2018-02-02T23:35:09Z", "event":"CommitCrime", "CrimeType":"assault", "Faction":"Ho Hsien Corporation", "Victim":"$poi_generator_name;", "Victim_Localised":"Генератор", "Bounty":400 }
{ "timestamp":"2018-02-02T23:35:09Z", "event":"Music", "MusicTrack":"Exploration" }
{ "timestamp":"2018-02-02T23:35:09Z", "event":"MissionRedirected", "MissionID":305946654, "Name":"Mission_Disable_War_name", "NewDestinationStation":"Vela Port", "NewDestinationSystem":"Amarak", "OldDestinationStation":"Moseley Base +", "OldDestinationSystem":"Ho Hsien" }
{ "timestamp":"2018-02-02T23:38:09Z", "event":"Music", "MusicTrack":"Combat_SRV" }
{ "timestamp":"2018-02-02T23:38:30Z", "event":"Music", "MusicTrack":"Exploration" }
{ "timestamp":"2018-02-02T23:38:30Z", "event":"MissionRedirected", "MissionID":305946712, "Name":"Mission_Disable_War_name", "NewDestinationStation":"Vela Port", "NewDestinationSystem":"Amarak", "OldDestinationStation":"Moseley Base +", "OldDestinationSystem":"Ho Hsien" }
{ "timestamp":"2018-02-02T23:38:50Z", "event":"Music", "MusicTrack":"Combat_SRV" }
{ "timestamp":"2018-02-02T23:39:36Z", "event":"DatalinkScan", "Message":"$DataLink_ScannedInfo_Operations;", "Message_Localised":"Есть доступ к военной сети" }
{ "timestamp":"2018-02-02T23:40:36Z", "event":"HullDamage", "Health":0.781202, "PlayerPilot":true }
{ "timestamp":"2018-02-02T23:41:10Z", "event":"DatalinkScan", "Message":"$DataLink_ScannedInfo_Comms;", "Message_Localised":"Есть доступ к сети связи" }
{ "timestamp":"2018-02-02T23:41:10Z", "event":"CommitCrime", "CrimeType":"dockingMajorTresspass", "Faction":"Ho Hsien Corporation", "Bounty":500 }
{ "timestamp":"2018-02-02T23:41:42Z", "event":"MissionRedirected", "MissionID":306642337, "Name":"Mission_Disable_War_name", "NewDestinationStation":"Vela Port", "NewDestinationSystem":"Amarak", "OldDestinationStation":"Moseley Base +", "OldDestinationSystem":"Ho Hsien" }
{ "timestamp":"2018-02-02T23:42:01Z", "event":"DatalinkScan", "Message":"$DataLink_ScannedInfo_Postbox;", "Message_Localised":"Есть доступ к терминалу" }
{ "timestamp":"2018-02-02T23:43:09Z", "event":"HullDamage", "Health":0.599275, "PlayerPilot":true }
{ "timestamp":"2018-02-02T23:45:32Z", "event":"MissionRedirected", "MissionID":306642279, "Name":"Mission_Disable_War_name", "NewDestinationStation":"Vela Port", "NewDestinationSystem":"Amarak", "OldDestinationStation":"Moseley Base +", "OldDestinationSystem":"Ho Hsien" }
{ "timestamp":"2018-02-02T23:46:24Z", "event":"DatalinkScan", "Message":"$DataLink_ScannedInfo_Postbox;", "Message_Localised":"Есть доступ к терминалу" }
{ "timestamp":"2018-02-02T23:48:36Z", "event":"MissionRedirected", "MissionID":306642252, "Name":"Mission_Disable_War_name", "NewDestinationStation":"Vela Port", "NewDestinationSystem":"Amarak", "OldDestinationStation":"Moseley Base +", "OldDestinationSystem":"Ho Hsien" }
{ "timestamp":"2018-02-02T23:51:52Z", "event":"MissionRedirected", "MissionID":305946783, "Name":"Mission_Disable_War_name", "NewDestinationStation":"Vela Port", "NewDestinationSystem":"Amarak", "OldDestinationStation":"Moseley Base +", "OldDestinationSystem":"Ho Hsien" }
{ "timestamp":"2018-02-02T23:55:25Z", "event":"MissionRedirected", "MissionID":306641906, "Name":"Mission_Disable_War_name", "NewDestinationStation":"Vela Port", "NewDestinationSystem":"Amarak", "OldDestinationStation":"Moseley Base +", "OldDestinationSystem":"Ho Hsien" }
{ "timestamp":"2018-02-02T23:59:04Z", "event":"MissionRedirected", "MissionID":306641856, "Name":"Mission_Disable_War_name", "NewDestinationStation":"Vela Port", "NewDestinationSystem":"Amarak", "OldDestinationStation":"Moseley Base +", "OldDestinationSystem":"Ho Hsien" }
{ "timestamp":"2018-02-03T00:02:14Z", "event":"MissionRedirected", "MissionID":306641744, "Name":"Mission_Disable_HighTech_name", "NewDestinationStation":"Vela Port", "NewDestinationSystem":"Amarak", "OldDestinationStation":"Moseley Base +", "OldDestinationSystem":"Ho Hsien" }
{ "timestamp":"2018-02-03T00:05:45Z", "event":"MissionRedirected", "MissionID":306641716, "Name":"Mission_Disable_HighTech_name", "NewDestinationStation":"Vela Port", "NewDestinationSystem":"Amarak", "OldDestinationStation":"Moseley Base +", "OldDestinationSystem":"Ho Hsien" }
{ "timestamp":"2018-02-03T00:09:31Z", "event":"MissionRedirected", "MissionID":306641691, "Name":"Mission_Disable_HighTech_name", "NewDestinationStation":"Vela Port", "NewDestinationSystem":"Amarak", "OldDestinationStation":"Moseley Base +", "OldDestinationSystem":"Ho Hsien" }
{ "timestamp":"2018-02-03T00:12:45Z", "event":"MissionRedirected", "MissionID":306641530, "Name":"Mission_Disable_HighTech_name", "NewDestinationStation":"Vela Port", "NewDestinationSystem":"Amarak", "OldDestinationStation":"Moseley Base +", "OldDestinationSystem":"Ho Hsien" }
{ "timestamp":"2018-02-03T00:13:17Z", "event":"Music", "MusicTrack":"GalaxyMap" }
{ "timestamp":"2018-02-03T00:13:34Z", "event":"Music", "MusicTrack":"Combat_SRV" }
{ "timestamp":"2018-02-03T00:15:53Z", "event":"MissionRedirected", "MissionID":306638292, "Name":"Mission_Disable_War_name", "NewDestinationStation":"Werner von Siemens Vision", "NewDestinationSystem":"Amarak", "OldDestinationStation":"Moseley Base +", "OldDestinationSystem":"Ho Hsien" }
{ "timestamp":"2018-02-03T00:16:10Z", "event":"Music", "MusicTrack":"GalacticPowers" }
{ "timestamp":"2018-02-03T00:19:36Z", "event":"MissionRedirected", "MissionID":306638253, "Name":"Mission_Disable_War_name", "NewDestinationStation":"Werner von Siemens Vision", "NewDestinationSystem":"Amarak", "OldDestinationStation":"Moseley Base +", "OldDestinationSystem":"Ho Hsien" }
{ "timestamp":"2018-02-03T00:21:48Z", "event":"Music", "MusicTrack":"Combat_SRV" }
{ "timestamp":"2018-02-03T00:22:41Z", "event":"MissionRedirected", "MissionID":306638151, "Name":"Mission_Disable_War_name", "NewDestinationStation":"Werner von Siemens Vision", "NewDestinationSystem":"Amarak", "OldDestinationStation":"Moseley Base +", "OldDestinationSystem":"Ho Hsien" }
{ "timestamp":"2018-02-03T00:26:40Z", "event":"MissionRedirected", "MissionID":305972053, "Name":"Mission_Disable_HighTech_name", "NewDestinationStation":"Werner von Siemens Vision", "NewDestinationSystem":"Amarak", "OldDestinationStation":"Moseley Base +", "OldDestinationSystem":"Ho Hsien" }
{ "timestamp":"2018-02-03T00:30:57Z", "event":"MissionRedirected", "MissionID":305971104, "Name":"Mission_Disable_HighTech_name", "NewDestinationStation":"Werner von Siemens Vision", "NewDestinationSystem":"Amarak", "OldDestinationStation":"Moseley Base +", "OldDestinationSystem":"Ho Hsien" }
{ "timestamp":"2018-02-03T00:34:08Z", "event":"MissionRedirected", "MissionID":305946964, "Name":"Mission_Disable_HighTech_name", "NewDestinationStation":"Vela Port", "NewDestinationSystem":"Amarak", "OldDestinationStation":"Moseley Base +", "OldDestinationSystem":"Ho Hsien" }
{ "timestamp":"2018-02-03T00:38:04Z", "event":"WingJoin", "Others":[] }
{ "timestamp":"2018-02-03T00:38:04Z", "event":"WingAdd", "Name":"Mar.Meow" }
{ "timestamp":"2018-02-03T00:38:14Z", "event":"HullDamage", "Health":0.379557, "PlayerPilot":true }
{ "timestamp":"2018-02-03T00:40:07Z", "event":"CollectCargo", "Type":"superconductors", "Stolen":true }
{ "timestamp":"2018-02-03T00:40:33Z", "event":"CollectCargo", "Type":"computercomponents", "Stolen":true }
{ "timestamp":"2018-02-03T00:41:36Z", "event":"Touchdown", "PlayerControlled":false }
{ "timestamp":"2018-02-03T00:43:13Z", "event":"CollectCargo", "Type":"bertrandite", "Stolen":true }
{ "timestamp":"2018-02-03T00:43:37Z", "event":"CollectCargo", "Type":"gold", "Stolen":true }
{ "timestamp":"2018-02-03T00:44:58Z", "event":"CollectCargo", "Type":"moissanite", "Stolen":true }
{ "timestamp":"2018-02-03T00:46:38Z", "event":"Liftoff", "PlayerControlled":false }
{ "timestamp":"2018-02-03T00:48:19Z", "event":"Touchdown", "PlayerControlled":false }
{ "timestamp":"2018-02-03T00:48:48Z", "event":"DockSRV" }
{ "timestamp":"2018-02-03T00:48:49Z", "event":"Music", "MusicTrack":"Exploration" }
{ "timestamp":"2018-02-03T00:48:56Z", "event":"Liftoff", "PlayerControlled":true, "Latitude":-22.595337, "Longitude":-177.421432 }
{ "timestamp":"2018-02-03T00:54:33Z", "event":"StartJump", "JumpType":"Supercruise" }
{ "timestamp":"2018-02-03T00:54:34Z", "event":"ApproachSettlement", "Name":"Onufriyenko Hub" }
{ "timestamp":"2018-02-03T00:54:34Z", "event":"ApproachSettlement", "Name":"Moseley Base +" }
{ "timestamp":"2018-02-03T00:54:38Z", "event":"SupercruiseEntry", "StarSystem":"Ho Hsien" }
{ "timestamp":"2018-02-03T00:54:38Z", "event":"Music", "MusicTrack":"Supercruise" }
{ "timestamp":"2018-02-03T00:55:54Z", "event":"SupercruiseExit", "StarSystem":"Ho Hsien", "Body":"Ho Hsien 7", "BodyType":"Planet" }
{ "timestamp":"2018-02-03T00:55:55Z", "event":"Music", "MusicTrack":"Exploration" }
{ "timestamp":"2018-02-03T00:56:23Z", "event":"Music", "MusicTrack":"GalaxyMap" }
{ "timestamp":"2018-02-03T00:56:27Z", "event":"Music", "MusicTrack":"SystemMap" }
{ "timestamp":"2018-02-03T00:56:41Z", "event":"Music", "MusicTrack":"Exploration" }
{ "timestamp":"2018-02-03T00:56:58Z", "event":"StartJump", "JumpType":"Hyperspace", "StarSystem":"Aritimi", "StarClass":"G" }
{ "timestamp":"2018-02-03T00:57:03Z", "event":"Music", "MusicTrack":"NoTrack" }
{ "timestamp":"2018-02-03T00:57:16Z", "event":"FSDJump", "StarSystem":"Aritimi", "StarPos":[-64.656,31.063,19.875], "SystemAllegiance":"Federation", "SystemEconomy":"$economy_Agri;", "SystemEconomy_Localised":"Сельское хозяйство", "SystemGovernment":"$government_Corporate;", "SystemGovernment_Localised":"Корпоративная", "SystemSecurity":"$SYSTEM_SECURITY_medium;", "SystemSecurity_Localised":"Средн. ур. безопасности", "Population":680115139, "JumpDist":23.348, "FuelUsed":4.870256, "FuelLevel":26.291584, "Factions":[ { "Name":"Aritimi Free", "FactionState":"None", "Government":"Democracy", "Influence":0.172000, "Allegiance":"Federation", "RecoveringStates":[ { "State":"Boom", "Trend":0 } ] }, { "Name":"Pilots Federation Local Branch", "FactionState":"None", "Government":"Democracy", "Influence":0.000000, "Allegiance":"PilotsFederation" }, { "Name":"Nootkenk People's Co-operative", "FactionState":"None", "Government":"Cooperative", "Influence":0.063000, "Allegiance":"Independent" }, { "Name":"Future of Bhumatz", "FactionState":"None", "Government":"Democracy", "Influence":0.092000, "Allegiance":"Federation", "PendingStates":[ { "State":"Boom", "Trend":1 } ] }, { "Name":"Aritimi Exchange", "FactionState":"Boom", "Government":"Corporate", "Influence":0.476000, "Allegiance":"Federation" }, { "Name":"Natural Aritimi League", "FactionState":"Boom", "Government":"Dictatorship", "Influence":0.059000, "Allegiance":"Independent" }, { "Name":"Aritimi Services", "FactionState":"Boom", "Government":"Corporate", "Influence":0.101000, "Allegiance":"Independent", "RecoveringStates":[ { "State":"Outbreak", "Trend":0 } ] }, { "Name":"Partnership of Aritimi", "FactionState":"Boom", "Government":"Anarchy", "Influence":0.037000, "Allegiance":"Independent" } ], "SystemFaction":"Aritimi Exchange", "FactionState":"Boom" }
{ "timestamp":"2018-02-03T00:57:17Z", "event":"Music", "MusicTrack":"DestinationFromHyperspace" }
{ "timestamp":"2018-02-03T00:57:22Z", "event":"Music", "MusicTrack":"Supercruise" }
{ "timestamp":"2018-02-03T00:57:24Z", "event":"FuelScoop", "Scooped":0.031036, "Total":26.322626 }
{ "timestamp":"2018-02-03T00:59:59Z", "event":"ApproachSettlement", "Name":"Clapperton Enterprise ++" }
{ "timestamp":"2018-02-03T01:00:00Z", "event":"ApproachSettlement", "Name":"Bisson Installation" }
{ "timestamp":"2018-02-03T01:00:00Z", "event":"ApproachSettlement", "Name":"Haller Point" }
{ "timestamp":"2018-02-03T01:00:00Z", "event":"ApproachSettlement", "Name":"Aguirre Hub" }
{ "timestamp":"2018-02-03T01:00:15Z", "event":"ApproachSettlement", "Name":"Aguirre Hub" }
{ "timestamp":"2018-02-03T01:00:16Z", "event":"ApproachSettlement", "Name":"Haller Point" }
{ "timestamp":"2018-02-03T01:00:16Z", "event":"ApproachSettlement", "Name":"Bisson Installation" }
{ "timestamp":"2018-02-03T01:00:16Z", "event":"ApproachSettlement", "Name":"Clapperton Enterprise ++" }
{ "timestamp":"2018-02-03T01:01:15Z", "event":"ApproachSettlement", "Name":"Bisson Installation" }
{ "timestamp":"2018-02-03T01:01:15Z", "event":"ApproachSettlement", "Name":"Clapperton Enterprise ++" }
{ "timestamp":"2018-02-03T01:01:17Z", "event":"SupercruiseExit", "StarSystem":"Aritimi", "Body":"Aritimi 9 c", "BodyType":"Planet" }
{ "timestamp":"2018-02-03T01:01:17Z", "event":"Music", "MusicTrack":"Exploration" }
{ "timestamp":"2018-02-03T01:02:37Z", "event":"Touchdown", "PlayerControlled":true, "Latitude":-6.481386, "Longitude":-95.957901 }
{ "timestamp":"2018-02-03T01:02:43Z", "event":"LaunchSRV", "Loadout":"starter", "PlayerControlled":true }
{ "timestamp":"2018-02-03T01:03:29Z", "event":"Liftoff", "PlayerControlled":false }
{ "timestamp":"2018-02-03T01:04:44Z", "event":"DatalinkScan", "Message":"$DataLink_ScannedInfo_Operations;", "Message_Localised":"Есть доступ к военной сети" }
{ "timestamp":"2018-02-03T01:04:52Z", "event":"Music", "MusicTrack":"Combat_SRV" }
{ "timestamp":"2018-02-03T01:04:53Z", "event":"CommitCrime", "CrimeType":"assault", "Faction":"Natural Aritimi League", "Victim":"$poi_turretbasea_name;", "Victim_Localised":"Оборонительная турель", "Bounty":360 }
{ "timestamp":"2018-02-03T01:05:02Z", "event":"CommitCrime", "CrimeType":"assault", "Faction":"Natural Aritimi League", "Victim":"$poi_turretbasea_name;", "Victim_Localised":"Оборонительная турель", "Bounty":360 }
{ "timestamp":"2018-02-03T01:05:18Z", "event":"CommitCrime", "CrimeType":"assault", "Faction":"Natural Aritimi League", "Victim":"$poi_generator_name;", "Victim_Localised":"Генератор", "Bounty":360 }
{ "timestamp":"2018-02-03T01:05:21Z", "event":"Music", "MusicTrack":"Exploration" }
{ "timestamp":"2018-02-03T01:05:21Z", "event":"MissionRedirected", "MissionID":306642427, "Name":"Mission_Disable_HighTech_name", "NewDestinationStation":"Vela Port", "NewDestinationSystem":"Amarak", "OldDestinationStation":"Bisson Installation", "OldDestinationSystem":"Aritimi" }
{ "timestamp":"2018-02-03T01:08:26Z", "event":"Touchdown", "PlayerControlled":false }
{ "timestamp":"2018-02-03T01:09:40Z", "event":"DockSRV" }
{ "timestamp":"2018-02-03T01:09:48Z", "event":"Liftoff", "PlayerControlled":true, "Latitude":-6.500454, "Longitude":-95.936462 }
{ "timestamp":"2018-02-03T01:10:08Z", "event":"Music", "MusicTrack":"GalaxyMap" }
{ "timestamp":"2018-02-03T01:10:24Z", "event":"Music", "MusicTrack":"SystemMap" }
{ "timestamp":"2018-02-03T01:10:37Z", "event":"Music", "MusicTrack":"GalaxyMap" }
{ "timestamp":"2018-02-03T01:10:37Z", "event":"Music", "MusicTrack":"Exploration" }
{ "timestamp":"2018-02-03T01:10:54Z", "event":"StartJump", "JumpType":"Hyperspace", "StarSystem":"Adeo", "StarClass":"K" }
{ "timestamp":"2018-02-03T01:10:59Z", "event":"Music", "MusicTrack":"NoTrack" }
{ "timestamp":"2018-02-03T01:11:12Z", "event":"FSDJump", "StarSystem":"Adeo", "StarPos":[-81.625,31.406,27.188], "SystemAllegiance":"Federation", "SystemEconomy":"$economy_Agri;", "SystemEconomy_Localised":"Сельское хозяйство", "SystemGovernment":"$government_Democracy;", "SystemGovernment_Localised":"Демократия", "SystemSecurity":"$SYSTEM_SECURITY_high;", "SystemSecurity_Localised":"Высок. ур. безопасности", "Population":8257413685, "JumpDist":18.481, "FuelUsed":2.676449, "FuelLevel":23.016178, "Factions":[ { "Name":"Adeo Independents", "FactionState":"None", "Government":"Democracy", "Influence":0.516484, "Allegiance":"Federation", "RecoveringStates":[ { "State":"Boom", "Trend":-1 } ] }, { "Name":"Pilots Federation Local Branch", "FactionState":"None", "Government":"Democracy", "Influence":0.000000, "Allegiance":"PilotsFederation" }, { "Name":"Adeo Purple Vision Corporation", "FactionState":"Boom", "Government":"Corporate", "Influence":0.027972, "Allegiance":"Independent" }, { "Name":"Official Adeo Dominion", "FactionState":"None", "Government":"Dictatorship", "Influence":0.102897, "Allegiance":"Independent" }, { "Name":"Marquis du Slavanibo", "FactionState":"War", "Government":"Feudal", "Influence":0.097902, "Allegiance":"Independent" }, { "Name":"Adeo Vision Industries", "FactionState":"Boom", "Government":"Corporate", "Influence":0.159840, "Allegiance":"Independent" }, { "Name":"Partnership of Adeo", "FactionState":"War", "Government":"Anarchy", "Influence":0.094905, "Allegiance":"Independent" } ], "SystemFaction":"Adeo Independents" }
{ "timestamp":"2018-02-03T01:11:13Z", "event":"Music", "MusicTrack":"Supercruise" }
{ "timestamp":"2018-02-03T01:11:48Z", "event":"FuelScoop", "Scooped":5.002544, "Total":28.018734 }
{ "timestamp":"2018-02-03T01:11:48Z", "event":"HeatWarning" }
{ "timestamp":"2018-02-03T01:12:06Z", "event":"FuelScoop", "Scooped":2.270112, "Total":30.288837 }
{ "timestamp":"2018-02-03T01:12:53Z", "event":"ApproachSettlement", "Name":"Egan Landing +" }
{ "timestamp":"2018-02-03T01:12:53Z", "event":"ApproachSettlement", "Name":"Sverdrup Enterprise" }
{ "timestamp":"2018-02-03T01:13:05Z", "event":"ApproachSettlement", "Name":"Stevin Beacon" }
{ "timestamp":"2018-02-03T01:13:08Z", "event":"ApproachSettlement", "Name":"Egan Landing +" }
{ "timestamp":"2018-02-03T01:13:10Z", "event":"ApproachSettlement", "Name":"Sverdrup Enterprise" }
{ "timestamp":"2018-02-03T01:14:19Z", "event":"ApproachSettlement", "Name":"Egan Landing +" }
{ "timestamp":"2018-02-03T01:14:21Z", "event":"SupercruiseExit", "StarSystem":"Adeo", "Body":"Adeo A 1", "BodyType":"Planet" }
{ "timestamp":"2018-02-03T01:14:22Z", "event":"Music", "MusicTrack":"Exploration" }
{ "timestamp":"2018-02-03T01:20:03Z", "event":"CommitCrime", "CrimeType":"dockingMinorTresspass", "Faction":"Adeo Purple Vision Corporation", "Fine":500 }
{ "timestamp":"2018-02-03T01:20:04Z", "event":"Touchdown", "PlayerControlled":true, "Latitude":-54.720680, "Longitude":95.718666 }
{ "timestamp":"2018-02-03T01:20:08Z", "event":"LaunchSRV", "Loadout":"starter", "PlayerControlled":true }
{ "timestamp":"2018-02-03T01:20:13Z", "event":"Music", "MusicTrack":"Combat_SRV" }
{ "timestamp":"2018-02-03T01:20:13Z", "event":"CommitCrime", "CrimeType":"dockingMajorTresspass", "Faction":"Adeo Purple Vision Corporation", "Bounty":500 }
{ "timestamp":"2018-02-03T01:20:24Z", "event":"Liftoff", "PlayerControlled":false }
{ "timestamp":"2018-02-03T01:20:39Z", "event":"CommitCrime", "CrimeType":"assault", "Faction":"Adeo Purple Vision Corporation", "Victim":"$poi_turretbasea_name;", "Victim_Localised":"Оборонительная турель", "Bounty":550 }
{ "timestamp":"2018-02-03T01:21:08Z", "event":"CommitCrime", "CrimeType":"assault", "Faction":"Adeo Purple Vision Corporation", "Victim":"$poi_generator_name;", "Victim_Localised":"Генератор", "Bounty":550 }
{ "timestamp":"2018-02-03T01:21:14Z", "event":"MissionRedirected", "MissionID":306642159, "Name":"Mission_Disable_War_name", "NewDestinationStation":"Vela Port", "NewDestinationSystem":"Amarak", "OldDestinationStation":"Egan Landing +", "OldDestinationSystem":"Adeo" }
{ "timestamp":"2018-02-03T01:21:18Z", "event":"HullDamage", "Health":0.799494, "PlayerPilot":true }
{ "timestamp":"2018-02-03T01:21:46Z", "event":"HullDamage", "Health":0.597590, "PlayerPilot":true }
{ "timestamp":"2018-02-03T01:21:48Z", "event":"ShieldState", "ShieldsUp":true }
{ "timestamp":"2018-02-03T01:21:55Z", "event":"CommitCrime", "CrimeType":"assault", "Faction":"Adeo Purple Vision Corporation", "Victim":"$poi_turretbasea_name;", "Victim_Localised":"Оборонительная турель", "Bounty":550 }
{ "timestamp":"2018-02-03T01:22:21Z", "event":"HullDamage", "Health":0.133053, "PlayerPilot":true }
{ "timestamp":"2018-02-03T01:22:21Z", "event":"HullDamage", "Health":0.133053, "PlayerPilot":true }
{ "timestamp":"2018-02-03T01:22:40Z", "event":"ShieldState", "ShieldsUp":true }
{ "timestamp":"2018-02-03T01:22:47Z", "event":"Music", "MusicTrack":"Exploration" }
{ "timestamp":"2018-02-03T01:22:48Z", "event":"Music", "MusicTrack":"NoTrack" }
{ "timestamp":"2018-02-03T01:22:49Z", "event":"ApproachSettlement", "Name":"Egan Landing +" }
{ "timestamp":"2018-02-03T01:22:53Z", "event":"Location", "Docked":false, "StarSystem":"Adeo", "StarPos":[-81.625,31.406,27.188], "SystemAllegiance":"Federation", "SystemEconomy":"$economy_Agri;", "SystemEconomy_Localised":"Сельское хозяйство", "SystemGovernment":"$government_Democracy;", "SystemGovernment_Localised":"Демократия", "SystemSecurity":"$SYSTEM_SECURITY_high;", "SystemSecurity_Localised":"Высок. ур. безопасности", "Population":8257413685, "Body":"Adeo A 1", "BodyType":"Planet", "Factions":[ { "Name":"Adeo Independents", "FactionState":"None", "Government":"Democracy", "Influence":0.516484, "Allegiance":"Federation", "RecoveringStates":[ { "State":"Boom", "Trend":-1 } ] }, { "Name":"Pilots Federation Local Branch", "FactionState":"None", "Government":"Democracy", "Influence":0.000000, "Allegiance":"PilotsFederation" }, { "Name":"Adeo Purple Vision Corporation", "FactionState":"Boom", "Government":"Corporate", "Influence":0.027972, "Allegiance":"Independent" }, { "Name":"Official Adeo Dominion", "FactionState":"None", "Government":"Dictatorship", "Influence":0.102897, "Allegiance":"Independent" }, { "Name":"Marquis du Slavanibo", "FactionState":"War", "Government":"Feudal", "Influence":0.097902, "Allegiance":"Independent" }, { "Name":"Adeo Vision Industries", "FactionState":"Boom", "Government":"Corporate", "Influence":0.159840, "Allegiance":"Independent" }, { "Name":"Partnership of Adeo", "FactionState":"War", "Government":"Anarchy", "Influence":0.094905, "Allegiance":"Independent" } ], "SystemFaction":"Adeo Independents" }
{ "timestamp":"2018-02-03T01:22:53Z", "event":"Music", "MusicTrack":"Exploration" }
{ "timestamp":"2018-02-03T01:23:03Z", "event":"StartJump", "JumpType":"Supercruise" }
{ "timestamp":"2018-02-03T01:23:04Z", "event":"ApproachSettlement", "Name":"Egan Landing +" }
{ "timestamp":"2018-02-03T01:23:04Z", "event":"ApproachSettlement", "Name":"Sverdrup Enterprise" }
{ "timestamp":"2018-02-03T01:23:04Z", "event":"ApproachSettlement", "Name":"Stevin Beacon" }
{ "timestamp":"2018-02-03T01:23:08Z", "event":"SupercruiseEntry", "StarSystem":"Adeo" }
{ "timestamp":"2018-02-03T01:23:08Z", "event":"Music", "MusicTrack":"Supercruise" }
{ "timestamp":"2018-02-03T01:24:02Z", "event":"ApproachSettlement", "Name":"Egan Landing +" }
{ "timestamp":"2018-02-03T01:24:05Z", "event":"SupercruiseExit", "StarSystem":"Adeo", "Body":"Adeo A 1", "BodyType":"Planet" }
{ "timestamp":"2018-02-03T01:24:05Z", "event":"Music", "MusicTrack":"Exploration" }
{ "timestamp":"2018-02-03T01:24:23Z", "event":"StartJump", "JumpType":"Supercruise" }
{ "timestamp":"2018-02-03T01:24:24Z", "event":"ApproachSettlement", "Name":"Egan Landing +" }
{ "timestamp":"2018-02-03T01:24:24Z", "event":"ApproachSettlement", "Name":"Sverdrup Enterprise" }
{ "timestamp":"2018-02-03T01:24:24Z", "event":"ApproachSettlement", "Name":"Stevin Beacon" }
{ "timestamp":"2018-02-03T01:24:28Z", "event":"SupercruiseEntry", "StarSystem":"Adeo" }
{ "timestamp":"2018-02-03T01:24:28Z", "event":"Music", "MusicTrack":"Supercruise" }
{ "timestamp":"2018-02-03T01:24:58Z", "event":"StartJump", "JumpType":"Hyperspace", "StarSystem":"Amarak", "StarClass":"M" }
{ "timestamp":"2018-02-03T01:25:03Z", "event":"Music", "MusicTrack":"NoTrack" }
{ "timestamp":"2018-02-03T01:25:16Z", "event":"FSDJump", "StarSystem":"Amarak", "StarPos":[-68.438,26.000,26.469], "SystemAllegiance":"Federation", "SystemEconomy":"$economy_HighTech;", "SystemEconomy_Localised":"Высокие технологии", "SystemGovernment":"$government_Corporate;", "SystemGovernment_Localised":"Корпоративная", "SystemSecurity":"$SYSTEM_SECURITY_high;", "SystemSecurity_Localised":"Высок. ур. безопасности", "Population":10248421, "JumpDist":14.271, "FuelUsed":1.451887, "FuelLevel":28.836950, "Factions":[ { "Name":"Pilots Federation Local Branch", "FactionState":"None", "Government":"Democracy", "Influence":0.000000, "Allegiance":"PilotsFederation" }, { "Name":"Tarutaalli Group", "FactionState":"None", "Government":"Corporate", "Influence":0.080000, "Allegiance":"Federation", "PendingStates":[ { "State":"Boom", "Trend":1 } ], "RecoveringStates":[ { "State":"War", "Trend":0 } ] }, { "Name":"Amarak Comms Partners", "FactionState":"None", "Government":"Corporate", "Influence":0.588000, "Allegiance":"Federation", "RecoveringStates":[ { "State":"Boom", "Trend":1 } ] }, { "Name":"Amarak Dominion", "FactionState":"None", "Government":"Dictatorship", "Influence":0.026000, "Allegiance":"Independent", "PendingStates":[ { "State":"Boom", "Trend":0 } ], "RecoveringStates":[ { "State":"War", "Trend":0 } ] }, { "Name":"Amarak Silver Family", "FactionState":"War", "Government":"Anarchy", "Influence":0.041000, "Allegiance":"Independent", "PendingStates":[ { "State":"Boom", "Trend":1 } ] }, { "Name":"Syndicate of LHS 3385", "FactionState":"War", "Government":"Anarchy", "Influence":0.046000, "Allegiance":"Independent", "PendingStates":[ { "State":"Boom", "Trend":1 } ] }, { "Name":"Amarak Republic Party", "FactionState":"None", "Government":"Democracy", "Influence":0.209000, "Allegiance":"Federation", "PendingStates":[ { "State":"CivilUnrest", "Trend":-1 } ], "RecoveringStates":[ { "State":"Boom", "Trend":0 } ] }, { "Name":"Ronin of Amarak", "FactionState":"None", "Government":"Anarchy", "Influence":0.010000, "Allegiance":"Independent", "PendingStates":[ { "State":"Boom", "Trend":1 } ] } ], "SystemFaction":"Amarak Comms Partners" }
{ "timestamp":"2018-02-03T01:25:16Z", "event":"Music", "MusicTrack":"Supercruise" }
{ "timestamp":"2018-02-03T01:25:44Z", "event":"FuelScoop", "Scooped":3.163030, "Total":32.000000 }
{ "timestamp":"2018-02-03T01:27:30Z", "event":"WingLeave" }
{ "timestamp":"2018-02-03T01:28:43Z", "event":"SupercruiseExit", "StarSystem":"Amarak", "Body":"Vela Port", "BodyType":"Station" }
{ "timestamp":"2018-02-03T01:28:43Z", "event":"Friends", "Status":"Online", "Name":"Mar.Meow" }
{ "timestamp":"2018-02-03T01:28:43Z", "event":"Music", "MusicTrack":"DestinationFromSupercruise" }
{ "timestamp":"2018-02-03T01:28:48Z", "event":"Music", "MusicTrack":"NoTrack" }
{ "timestamp":"2018-02-03T01:28:51Z", "event":"ReceiveText", "From":"Vela Port", "Message":"$STATION_NoFireZone_entered;", "Message_Localised":"Вы вошли в зону запрета огня", "Channel":"npc" }
{ "timestamp":"2018-02-03T01:28:55Z", "event":"DockingRequested", "StationName":"Vela Port" }
{ "timestamp":"2018-02-03T01:28:55Z", "event":"ReceiveText", "From":"Vela Port", "Message":"$DockingChatter_Friendly;", "Message_Localised":"Очень приятно видеть вас вновь, командир.", "Channel":"npc" }
{ "timestamp":"2018-02-03T01:28:57Z", "event":"ReceiveText", "From":"Vela Port", "Message":"$STATION_docking_granted;", "Message_Localised":"Стыковка разрешена", "Channel":"npc" }
{ "timestamp":"2018-02-03T01:28:57Z", "event":"DockingGranted", "LandingPad":11, "StationName":"Vela Port" }
{ "timestamp":"2018-02-03T01:29:19Z", "event":"Music", "MusicTrack":"Starport" }
{ "timestamp":"2018-02-03T01:30:06Z", "event":"Docked", "StationName":"Vela Port", "StationType":"Coriolis", "StarSystem":"Amarak", "StationFaction":"Amarak Comms Partners", "StationGovernment":"$government_Corporate;", "StationGovernment_Localised":"Корпоративная", "StationAllegiance":"Federation", "StationServices":[ "Dock", "Autodock", "BlackMarket", "Commodities", "Contacts", "Exploration", "Missions", "Outfitting", "CrewLounge", "Rearm", "Refuel", "Repair", "Shipyard", "Tuning", "MissionsGenerated", "FlightController", "StationOperations", "Powerplay", "SearchAndRescue" ], "StationEconomy":"$economy_HighTech;", "StationEconomy_Localised":"Высокие технологии", "DistFromStarLS":1178.457642 }
{ "timestamp":"2018-02-03T01:30:14Z", "event":"RefuelAll", "Cost":29, "Amount":0.576645 }
{ "timestamp":"2018-02-03T01:30:15Z", "event":"RepairAll", "Cost":2142 }
{ "timestamp":"2018-02-03T01:30:16Z", "event":"RestockVehicle", "Type":"testbuggy", "Loadout":"starter", "Cost":1030, "Count":1 }
{ "timestamp":"2018-02-03T01:30:25Z", "event":"MissionCompleted", "Faction":"Syndicate of LHS 3385", "Name":"Mission_Disable_HighTech_name", "MissionID":306641530, "Target":"$MissionUtil_Settlement_Target_Turret;", "Target_Localised":"Установка", "Reward":593877 }
{ "timestamp":"2018-02-03T01:30:28Z", "event":"MissionCompleted", "Faction":"Syndicate of LHS 3385", "Name":"Mission_Disable_HighTech_name", "MissionID":306641691, "Target":"$MissionUtil_Settlement_Target_Turret;", "Target_Localised":"Установка", "Reward":171681, "CommodityReward":[ { "Name":"Nanobreakers", "Count":4 } ] }
{ "timestamp":"2018-02-03T01:30:31Z", "event":"MissionCompleted", "Faction":"Syndicate of LHS 3385", "Name":"Mission_Disable_HighTech_name", "MissionID":306641716, "Target":"$MissionUtil_Settlement_Target_Turret;", "Target_Localised":"Установка", "Reward":157514, "CommodityReward":[ { "Name":"NeofabricInsulation", "Count":4 } ] }
{ "timestamp":"2018-02-03T01:30:34Z", "event":"MissionCompleted", "Faction":"Syndicate of LHS 3385", "Name":"Mission_Disable_HighTech_name", "MissionID":306641744, "Target":"$MissionUtil_Settlement_Target_Turret;", "Target_Localised":"Установка", "Reward":173069, "CommodityReward":[ { "Name":"Nanobreakers", "Count":4 } ] }
{ "timestamp":"2018-02-03T01:30:36Z", "event":"MissionCompleted", "Faction":"Syndicate of LHS 3385", "Name":"Mission_Disable_HighTech_name", "MissionID":306642427, "Target":"$MissionUtil_Settlement_Target_Turret;", "Target_Localised":"Установка", "Reward":1163580 }
{ "timestamp":"2018-02-03T01:30:54Z", "event":"ReceiveText", "From":"$npc_name_decorate:#name=Dream Stranger;", "From_Localised":"Dream Stranger", "Message":"$Commuter_HostileScan03;", "Message_Localised":"Просьба прекратить сканирование, мы не везем ценностей.", "Channel":"npc" }
{ "timestamp":"2018-02-03T01:30:59Z", "event":"MissionCompleted", "Faction":"Amarak Silver Family", "Name":"Mission_Disable_War_name", "MissionID":305946654, "Target":"$MissionUtil_Settlement_Target_Turret;", "Target_Localised":"Установка", "Reward":1359645 }
{ "timestamp":"2018-02-03T01:31:02Z", "event":"MissionCompleted", "Faction":"Amarak Silver Family", "Name":"Mission_Disable_War_name", "MissionID":305946712, "Target":"$MissionUtil_Settlement_Target_Turret;", "Target_Localised":"Установка", "Reward":367326, "CommodityReward":[ { "Name":"CoolingHoses", "Count":4 } ] }
{ "timestamp":"2018-02-03T01:31:04Z", "event":"MissionCompleted", "Faction":"Amarak Silver Family", "Name":"Mission_Disable_War_name", "MissionID":305946783, "Target":"$MissionUtil_Settlement_Target_Turret;", "Target_Localised":"Установка", "Reward":728728, "CommodityReward":[ { "Name":"ArticulationMotors", "Count":4 } ] }
{ "timestamp":"2018-02-03T01:31:15Z", "event":"MissionCompleted", "Faction":"Amarak Silver Family", "Name":"Mission_Disable_War_name", "MissionID":306641856, "Target":"$MissionUtil_Settlement_Target_Turret;", "Target_Localised":"Установка", "Reward":351570, "CommodityReward":[ { "Name":"NeofabricInsulation", "Count":4 } ] }
{ "timestamp":"2018-02-03T01:31:15Z", "event":"MaterialCollected", "Category":"Encoded", "Name":"scrambledemissiondata", "Count":1 }
{ "timestamp":"2018-02-03T01:31:16Z", "event":"MissionCompleted", "Faction":"Amarak Silver Family", "Name":"Mission_Disable_War_name", "MissionID":306641906, "Target":"$MissionUtil_Settlement_Target_Turret;", "Target_Localised":"Установка", "Reward":179274, "CommodityReward":[ { "Name":"CoolingHoses", "Count":4 } ] }
{ "timestamp":"2018-02-03T01:31:18Z", "event":"MissionCompleted", "Faction":"Amarak Silver Family", "Name":"Mission_Disable_War_name", "MissionID":306642159, "Target":"$MissionUtil_Settlement_Target_Building;", "Target_Localised":"Поселение", "Reward":1158588 }
{ "timestamp":"2018-02-03T01:31:20Z", "event":"MissionCompleted", "Faction":"Amarak Silver Family", "Name":"Mission_Disable_War_name", "MissionID":306642252, "Target":"$MissionUtil_Settlement_Target_Turret;", "Target_Localised":"Установка", "Reward":172048, "CommodityReward":[ { "Name":"TelemetrySuite", "Count":4 } ] }
{ "timestamp":"2018-02-03T01:31:23Z", "event":"MissionCompleted", "Faction":"Amarak Silver Family", "Name":"Mission_Disable_War_name", "MissionID":306642279, "Target":"$MissionUtil_Settlement_Target_Turret;", "Target_Localised":"Установка", "Reward":160321, "CommodityReward":[ { "Name":"MicroControllers", "Count":4 } ] }
{ "timestamp":"2018-02-03T01:31:25Z", "event":"ReceiveText", "From":"$npc_name_decorate:#name=Dream Stranger;", "From_Localised":"Dream Stranger", "Message":"$Commuter_AuthorityScan04;", "Message_Localised":"А без этого нельзя обойтись?", "Channel":"npc" }
{ "timestamp":"2018-02-03T01:31:26Z", "event":"MissionCompleted", "Faction":"Amarak Silver Family", "Name":"Mission_Disable_War_name", "MissionID":306642337, "Target":"$MissionUtil_Settlement_Target_Turret;", "Target_Localised":"Установка", "Reward":172545, "CommodityReward":[ { "Name":"TelemetrySuite", "Count":4 } ] }
{ "timestamp":"2018-02-03T01:31:40Z", "event":"MissionCompleted", "Faction":"Ronin of Amarak", "Name":"Mission_Disable_HighTech_name", "MissionID":305946964, "Target":"$MissionUtil_Settlement_Target_Turret;", "Target_Localised":"Установка", "Reward":1160514 }
{ "timestamp":"2018-02-03T01:31:57Z", "event":"ShieldState", "ShieldsUp":true }
{ "timestamp":"2018-02-03T01:32:01Z", "event":"ReceiveText", "From":"$npc_name_decorate:#name=Raven;", "From_Localised":"Raven", "Message":"$Commuter_AuthorityScan05;", "Message_Localised":"На каких основаниях вы сканируете мой корабль?", "Channel":"npc" }
{ "timestamp":"2018-02-03T01:33:17Z", "event":"ReceiveText", "From":"$npc_name_decorate:#name=Lee Storm;", "From_Localised":"Lee Storm", "Message":"$Commuter_AuthorityScan06;", "Message_Localised":"Что происходит, инспектор?", "Channel":"npc" }
{ "timestamp":"2018-02-03T01:34:07Z", "event":"ReceiveText", "From":"$npc_name_decorate:#name=Evil Kirstie L;", "From_Localised":"Evil Kirstie L", "Message":"$Commuter_HostileScan03;", "Message_Localised":"Просьба прекратить сканирование, мы не везем ценностей.", "Channel":"npc" }
{ "timestamp":"2018-02-03T01:34:59Z", "event":"MissionAccepted", "Faction":"Amarak Comms Partners", "Name":"Mission_Courier_RankFed", "LocalisedName":"Курьерское задание от Федерального флота", "DestinationSystem":"G 205-47", "DestinationStation":"Bain Horizons", "Expiry":"2018-02-04T00:54:11Z", "Influence":"Low", "Reputation":"Med", "Reward":320260, "MissionID":306718317 }
{ "timestamp":"2018-02-03T01:35:03Z", "event":"MissionAccepted", "Faction":"Amarak Comms Partners", "Name":"Mission_Courier", "LocalisedName":"Есть курьерское задание", "TargetFaction":"Icontia Partnership", "DestinationSystem":"NLTT 46709", "DestinationStation":"Perrin Settlement", "Expiry":"2018-02-04T01:30:19Z", "Influence":"Low", "Reputation":"Med", "Reward":25798, "MissionID":306718343 }
{ "timestamp":"2018-02-03T01:35:05Z", "event":"MissionAccepted", "Faction":"Amarak Comms Partners", "Name":"Mission_Courier", "LocalisedName":"Есть курьерское задание", "TargetFaction":"Amarak Comms Partners", "DestinationSystem":"LHS 3385", "DestinationStation":"Robinson Survey", "Expiry":"2018-02-04T01:30:19Z", "Influence":"Low", "Reputation":"Med", "Reward":18945, "MissionID":306718364 }
{ "timestamp":"2018-02-03T01:35:12Z", "event":"MissionAccepted", "Faction":"Amarak Silver Family", "Name":"Mission_Courier_War", "LocalisedName":"Передача стратегических данных", "TargetFaction":"Halai Bureau", "DestinationSystem":"Halai", "DestinationStation":"Chaudhary Enterprise", "Expiry":"2018-02-04T00:54:11Z", "Influence":"Low", "Reputation":"Med", "Reward":25008, "MissionID":306718424 }
{ "timestamp":"2018-02-03T01:35:18Z", "event":"MissionAccepted", "Faction":"Syndicate of LHS 3385", "Name":"Mission_Courier", "LocalisedName":"Есть курьерское задание", "TargetFaction":"Halai Dynamic Network", "DestinationSystem":"Halai", "DestinationStation":"Bartoe Terminal", "Expiry":"2018-02-04T01:21:58Z", "Influence":"Low", "Reputation":"Med", "Reward":12744, "MissionID":306718465 }
{ "timestamp":"2018-02-03T01:37:29Z", "event":"SellExplorationData", "Systems":[ "Gautama" ], "Discovered":[  ], "BaseValue":25714, "Bonus":0 }
{ "timestamp":"2018-02-03T01:38:08Z", "event":"MarketSell", "Type":"gold", "Count":1, "SellPrice":7668, "TotalSale":7668, "AvgPricePaid":0, "StolenGoods":true, "BlackMarket":true }
{ "timestamp":"2018-02-03T01:38:10Z", "event":"MarketSell", "Type":"bertrandite", "Count":1, "SellPrice":2159, "TotalSale":2159, "AvgPricePaid":0, "StolenGoods":true, "BlackMarket":true }
{ "timestamp":"2018-02-03T01:38:12Z", "event":"MarketSell", "Type":"moissanite", "Count":1, "SellPrice":3711, "TotalSale":3711, "AvgPricePaid":0, "StolenGoods":true, "BlackMarket":true }
{ "timestamp":"2018-02-03T01:38:14Z", "event":"MarketSell", "Type":"superconductors", "Count":1, "SellPrice":5122, "TotalSale":5122, "AvgPricePaid":0, "StolenGoods":true, "BlackMarket":true }
{ "timestamp":"2018-02-03T01:38:16Z", "event":"MarketSell", "Type":"computercomponents", "Count":1, "SellPrice":544, "TotalSale":544, "AvgPricePaid":0, "StolenGoods":true, "BlackMarket":true }
{ "timestamp":"2018-02-03T01:38:25Z", "event":"RedeemVoucher", "Type":"bounty", "Amount":4000, "Factions":[ { "Faction":"Federation", "Amount":1000 }, { "Faction":"Amarak Republic Party", "Amount":3000 } ] }
{ "timestamp":"2018-02-03T01:39:14Z", "event":"Repair", "Item":"Wear", "Cost":200 }
{ "timestamp":"2018-02-03T01:40:09Z", "event":"ModuleStore", "Slot":"Slot03_Size3", "StoredItem":"$int_stellarbodydiscoveryscanner_advanced_name;", "StoredItem_Localised":"Сканер-детектор", "Ship":"asp", "ShipID":8 }
{ "timestamp":"2018-02-03T01:40:23Z", "event":"ModuleStore", "Slot":"Slot04_Size3", "StoredItem":"$int_detailedsurfacescanner_tiny_name;", "StoredItem_Localised":"Сканер поверхностей", "Ship":"asp", "ShipID":8 }
{ "timestamp":"2018-02-03T01:41:22Z", "event":"ModuleSell", "Slot":"Slot06_Size2", "SellItem":"$int_buggybay_size2_class2_name;", "SellItem_Localised":"Гараж планет. трансп.", "SellPrice":26870, "Ship":"asp", "ShipID":8 }
{ "timestamp":"2018-02-03T01:41:54Z", "event":"ModuleRetrieve", "Slot":"Slot06_Size2", "RetrievedItem":"$int_fsdinterdictor_size2_class5_name;", "RetrievedItem_Localised":"FSD-перехватчик", "Ship":"asp", "ShipID":8 }
{ "timestamp":"2018-02-03T01:42:01Z", "event":"ModuleRetrieve", "Slot":"Slot04_Size3", "RetrievedItem":"$int_detailedsurfacescanner_tiny_name;", "RetrievedItem_Localised":"Сканер поверхностей", "Ship":"asp", "ShipID":8 }
{ "timestamp":"2018-02-03T01:42:14Z", "event":"ModuleRetrieve", "Slot":"Slot03_Size3", "RetrievedItem":"$int_stellarbodydiscoveryscanner_advanced_name;", "RetrievedItem_Localised":"Сканер-детектор", "Ship":"asp", "ShipID":8 }
{ "timestamp":"2018-02-03T01:43:30Z", "event":"ModuleSellRemote", "StorageSlot":58, "SellItem":"$int_passengercabin_size6_class3_name;", "SellItem_Localised":"Каюта пассажира ПК", "ServerId":128727928, "SellPrice":552698, "Ship":"asp", "ShipID":8 }
{ "timestamp":"2018-02-03T01:44:14Z", "event":"MarketSell", "Type":"articulationmotors", "Count":4, "SellPrice":7504, "TotalSale":30016, "AvgPricePaid":0 }
{ "timestamp":"2018-02-03T01:44:41Z", "event":"MarketSell", "Type":"coolinghoses", "Count":12, "SellPrice":667, "TotalSale":8004, "AvgPricePaid":0 }
{ "timestamp":"2018-02-03T01:44:49Z", "event":"MarketSell", "Type":"microcontrollers", "Count":4, "SellPrice":5369, "TotalSale":21476, "AvgPricePaid":0 }
{ "timestamp":"2018-02-03T01:44:55Z", "event":"MarketSell", "Type":"nanobreakers", "Count":8, "SellPrice":2100, "TotalSale":16800, "AvgPricePaid":0 }
{ "timestamp":"2018-02-03T01:45:01Z", "event":"MarketSell", "Type":"telemetrysuite", "Count":8, "SellPrice":3003, "TotalSale":24024, "AvgPricePaid":0 }
{ "timestamp":"2018-02-03T01:45:11Z", "event":"MarketSell", "Type":"neofabricinsulation", "Count":8, "SellPrice":5871, "TotalSale":46968, "AvgPricePaid":0 }
{ "timestamp":"2018-02-03T01:49:08Z", "event":"Undocked", "StationName":"Vela Port", "StationType":"Coriolis" }
{ "timestamp":"2018-02-03T01:49:19Z", "event":"Music", "MusicTrack":"NoTrack" }
{ "timestamp":"2018-02-03T01:49:35Z", "event":"Music", "MusicTrack":"SystemMap" }
{ "timestamp":"2018-02-03T01:49:43Z", "event":"Music", "MusicTrack":"NoTrack" }
{ "timestamp":"2018-02-03T01:49:48Z", "event":"Music", "MusicTrack":"GalaxyMap" }
{ "timestamp":"2018-02-03T01:49:49Z", "event":"Music", "MusicTrack":"NoTrack" }
{ "timestamp":"2018-02-03T01:50:19Z", "event":"ReceiveText", "From":"Vela Port", "Message":"$STATION_NoFireZone_exited;", "Message_Localised":"Вы вышли из зоны запрета огня", "Channel":"npc" }
{ "timestamp":"2018-02-03T01:50:19Z", "event":"StartJump", "JumpType":"Supercruise" }
{ "timestamp":"2018-02-03T01:50:20Z", "event":"Music", "MusicTrack":"Exploration" }
{ "timestamp":"2018-02-03T01:50:24Z", "event":"SupercruiseEntry", "StarSystem":"Amarak" }
{ "timestamp":"2018-02-03T01:50:25Z", "event":"Music", "MusicTrack":"Supercruise" }
{ "timestamp":"2018-02-03T01:51:41Z", "event":"Promotion", "Trade":4 }
{ "timestamp":"2018-02-03T01:51:51Z", "event":"SupercruiseExit", "StarSystem":"Amarak", "Body":"Werner von Siemens Vision", "BodyType":"Station" }
{ "timestamp":"2018-02-03T01:51:52Z", "event":"Music", "MusicTrack":"DestinationFromSupercruise" }
{ "timestamp":"2018-02-03T01:51:57Z", "event":"Music", "MusicTrack":"Exploration" }
{ "timestamp":"2018-02-03T01:51:59Z", "event":"ReceiveText", "From":"Werner von Siemens Vision", "Message":"$STATION_NoFireZone_entered;", "Message_Localised":"Вы вошли в зону запрета огня", "Channel":"npc" }
{ "timestamp":"2018-02-03T01:52:10Z", "event":"DockingRequested", "StationName":"Werner von Siemens Vision" }
{ "timestamp":"2018-02-03T01:52:10Z", "event":"ReceiveText", "From":"Werner von Siemens Vision", "Message":"$DockingChatter_Cordial;", "Message_Localised":"С возвращением, командир.", "Channel":"npc" }
{ "timestamp":"2018-02-03T01:52:11Z", "event":"ReceiveText", "From":"Werner von Siemens Vision", "Message":"$STATION_docking_granted;", "Message_Localised":"Стыковка разрешена", "Channel":"npc" }
{ "timestamp":"2018-02-03T01:52:11Z", "event":"DockingGranted", "LandingPad":4, "StationName":"Werner von Siemens Vision" }
{ "timestamp":"2018-02-03T01:52:49Z", "event":"Docked", "StationName":"Werner von Siemens Vision", "StationType":"Outpost", "StarSystem":"Amarak", "StationFaction":"Tarutaalli Group", "StationGovernment":"$government_Corporate;", "StationGovernment_Localised":"Корпоративная", "StationAllegiance":"Federation", "StationServices":[ "Dock", "Autodock", "BlackMarket", "Commodities", "Contacts", "Exploration", "Missions", "Outfitting", "CrewLounge", "Rearm", "Refuel", "Repair", "MissionsGenerated", "FlightController", "StationOperations", "Powerplay", "SearchAndRescue" ], "StationEconomy":"$economy_HighTech;", "StationEconomy_Localised":"Высокие технологии", "DistFromStarLS":1606.447998 }
{ "timestamp":"2018-02-03T01:52:57Z", "event":"RefuelAll", "Cost":10, "Amount":0.093430 }
{ "timestamp":"2018-02-03T01:53:12Z", "event":"MissionCompleted", "Faction":"Syndicate of LHS 3385", "Name":"Mission_Disable_HighTech_name", "MissionID":305971104, "Target":"$MissionUtil_Settlement_Target_Turret;", "Target_Localised":"Установка", "Reward":591567 }
{ "timestamp":"2018-02-03T01:53:18Z", "event":"MissionCompleted", "Faction":"Amarak Silver Family", "Name":"Mission_Disable_War_name", "MissionID":306638151, "Target":"$MissionUtil_Settlement_Target_Turret;", "Target_Localised":"Установка", "Reward":137856, "CommodityReward":[ { "Name":"InsulatingMembrane", "Count":4 } ] }
{ "timestamp":"2018-02-03T01:53:20Z", "event":"MissionCompleted", "Faction":"Amarak Silver Family", "Name":"Mission_Disable_War_name", "MissionID":306638253, "Target":"$MissionUtil_Settlement_Target_Turret;", "Target_Localised":"Установка", "Reward":161036, "CommodityReward":[ { "Name":"NeofabricInsulation", "Count":4 } ] }
{ "timestamp":"2018-02-03T01:53:20Z", "event":"MaterialCollected", "Category":"Manufactured", "Name":"mechanicalscrap", "Count":1 }
{ "timestamp":"2018-02-03T01:53:23Z", "event":"MissionCompleted", "Faction":"Amarak Silver Family", "Name":"Mission_Disable_War_name", "MissionID":306638292, "Target":"$MissionUtil_Settlement_Target_Turret;", "Target_Localised":"Установка", "Reward":727672, "CommodityReward":[ { "Name":"ArticulationMotors", "Count":4 } ] }
{ "timestamp":"2018-02-03T01:53:28Z", "event":"MissionCompleted", "Faction":"Ronin of Amarak", "Name":"Mission_Disable_HighTech_name", "MissionID":305972053, "Target":"$MissionUtil_Settlement_Target_Turret;", "Target_Localised":"Установка", "Reward":953290 }
{ "timestamp":"2018-02-03T01:53:28Z", "event":"MaterialCollected", "Category":"Encoded", "Name":"industrialfirmware", "Count":1 }
{ "timestamp":"2018-02-03T01:54:07Z", "event":"Music", "MusicTrack":"GalaxyMap" }
{ "timestamp":"2018-02-03T01:54:12Z", "event":"Music", "MusicTrack":"SystemMap" }
{ "timestamp":"2018-02-03T01:54:23Z", "event":"Music", "MusicTrack":"Exploration" }
{ "timestamp":"2018-02-03T01:54:39Z", "event":"Undocked", "StationName":"Werner von Siemens Vision", "StationType":"Outpost" }
