{ "timestamp":"2018-02-07T00:58:50Z", "event":"Fileheader", "part":1, "language":"Russian\\RU", "gameversion":"2.4", "build":"r160439/r0 " }
{ "timestamp":"2018-02-07T00:58:50Z", "event":"Music", "MusicTrack":"NoTrack" }
{ "timestamp":"2018-02-07T00:58:50Z", "event":"Music", "MusicTrack":"MainMenu" }
{ "timestamp":"2018-02-07T00:59:28Z", "event":"Cargo", "Inventory":[  ] }
{ "timestamp":"2018-02-07T00:59:28Z", "event":"Passengers", "Manifest":[ { "MissionID":310113516, "Type":"Tourist", "VIP":true, "Wanted":false, "Count":3 } ] }
{ "timestamp":"2018-02-07T00:59:28Z", "event":"Loadout", "Ship":"Asp", "ShipID":8, "ShipName":"A-BUG", "ShipIdent":"BUGGED", "Modules":[ { "Slot":"SmallHardpoint1", "Item":"Hpt_PulseLaserBurst_Gimbal_Small", "On":true, "Priority":0, "Health":1.000000, "Value":7740 }, { "Slot":"SmallHardpoint2", "Item":"Hpt_PulseLaserBurst_Gimbal_Small", "On":true, "Priority":0, "Health":1.000000, "Value":7740 }, { "Slot":"SmallHardpoint3", "Item":"Hpt_PulseLaserBurst_Gimbal_Small", "On":true, "Priority":0, "Health":1.000000, "Value":7740 }, { "Slot":"SmallHardpoint4", "Item":"Hpt_PulseLaserBurst_Gimbal_Small", "On":true, "Priority":0, "Health":1.000000, "Value":7740 }, { "Slot":"MediumHardpoint1", "Item":"Hpt_MultiCannon_Gimbal_Medium", "On":true, "Priority":0, "AmmoInClip":90, "AmmoInHopper":1680, "Health":1.000000, "Value":51300, "EngineerBlueprint":"Weapon_Efficient", "EngineerLevel":1 }, { "Slot":"MediumHardpoint2", "Item":"Hpt_MultiCannon_Gimbal_Medium", "On":true, "Priority":0, "AmmoInClip":90, "AmmoInHopper":1680, "Health":1.000000, "Value":51300, "EngineerBlueprint":"Weapon_Efficient", "EngineerLevel":2 }, { "Slot":"TinyHardpoint1", "Item":"Hpt_HeatSinkLauncher_Turret_Tiny", "On":true, "Priority":0, "AmmoInClip":1, "AmmoInHopper":2, "Health":1.000000, "Value":3500 }, { "Slot":"TinyHardpoint2", "Item":"Hpt_HeatSinkLauncher_Turret_Tiny", "On":true, "Priority":0, "AmmoInClip":1, "AmmoInHopper":2, "Health":1.000000, "Value":3500 }, { "Slot":"TinyHardpoint3", "Item":"Hpt_HeatSinkLauncher_Turret_Tiny", "On":true, "Priority":0, "AmmoInClip":1, "AmmoInHopper":2, "Health":1.000000, "Value":3500 }, { "Slot":"TinyHardpoint4", "Item":"Hpt_ChaffLauncher_Tiny", "On":true, "Priority":0, "AmmoInClip":1, "AmmoInHopper":10, "Health":1.000000, "Value":8500 }, { "Slot":"Armour", "Item":"Asp_Armour_Grade3", "On":true, "Priority":1, "Health":1.000000, "Value":5995038 }, { "Slot":"PowerPlant", "Item":"Int_Powerplant_Size5_Class5", "On":true, "Priority":1, "Health":1.000000, "Value":5103953, "EngineerBlueprint":"PowerPlant_Armoured", "EngineerLevel":1 }, { "Slot":"MainEngines", "Item":"Int_Engine_Size5_Class5", "On":true, "Priority":0, "Health":1.000000, "Value":5103953, "EngineerBlueprint":"Engine_Reinforced", "EngineerLevel":1 }, { "Slot":"FrameShiftDrive", "Item":"Int_Hyperdrive_Size5_Class5", "On":true, "Priority":0, "Health":1.000000, "Value":5103953, "EngineerBlueprint":"FSD_FastBoot", "EngineerLevel":1 }, { "Slot":"LifeSupport", "Item":"Int_LifeSupport_Size4_Class1", "On":true, "Priority":0, "Health":1.000000, "Value":11349 }, { "Slot":"PowerDistributor", "Item":"Int_PowerDistributor_Size4_Class5", "On":true, "Priority":0, "Health":1.000000, "Value":443328 }, { "Slot":"Radar", "Item":"Int_Sensors_Size5_Class4", "On":true, "Priority":1, "Health":1.000000, "Value":496527 }, { "Slot":"FuelTank", "Item":"Int_FuelTank_Size5_Class3", "On":true, "Priority":1, "Health":1.000000, "Value":97754 }, { "Slot":"Decal1", "Item":"Decal_Explorer_Trailblazer", "On":true, "Priority":1, "Health":1.000000, "Value":0 }, { "Slot":"Slot01_Size6", "Item":"Int_PassengerCabin_Size6_Class3", "On":true, "Priority":1, "AmmoInClip":12, "Health":1.000000, "Value":552698 }, { "Slot":"Slot02_Size5", "Item":"Int_PassengerCabin_Size5_Class2", "On":true, "Priority":1, "AmmoInClip":10, "Health":1.000000, "Value":92362 }, { "Slot":"Slot03_Size3", "Item":"Int_PassengerCabin_Size3_Class2", "On":true, "Priority":1, "AmmoInClip":3, "Health":1.000000, "Value":26705 }, { "Slot":"Slot04_Size3", "Item":"Int_PassengerCabin_Size3_Class2", "On":true, "Priority":1, "AmmoInClip":3, "Health":1.000000, "Value":26705 }, { "Slot":"Slot05_Size3", "Item":"Int_CargoRack_Size3_Class1", "On":true, "Priority":1, "Health":1.000000, "Value":10563 }, { "Slot":"Slot06_Size2", "Item":"Int_DockingComputer_Standard", "On":true, "Priority":0, "Health":1.000000, "Value":4500 }, { "Slot":"Slot07_Size2", "Item":"Int_StellarBodyDiscoveryScanner_Advanced", "On":true, "Priority":1, "Health":1.000000, "Value":1545000 }, { "Slot":"PlanetaryApproachSuite", "Item":"Int_PlanetApproachSuite", "On":true, "Priority":1, "Health":1.000000, "Value":500 }, { "Slot":"ShipCockpit", "Item":"Asp_Cockpit", "On":true, "Priority":1, "Health":1.000000, "Value":0 }, { "Slot":"CargoHatch", "Item":"ModularCargoBayDoor", "On":true, "Priority":2, "Health":0.979609, "Value":0 } ] }
{ "timestamp":"2018-02-07T00:59:28Z", "event":"Materials", "Raw":[ { "Name":"phosphorus", "Count":34 }, { "Name":"iron", "Count":20 }, { "Name":"nickel", "Count":47 }, { "Name":"carbon", "Count":44 }, { "Name":"chromium", "Count":81 }, { "Name":"molybdenum", "Count":7 }, { "Name":"manganese", "Count":17 }, { "Name":"cadmium", "Count":16 }, { "Name":"germanium", "Count":18 }, { "Name":"tin", "Count":3 }, { "Name":"selenium", "Count":16 }, { "Name":"niobium", "Count":12 }, { "Name":"vanadium", "Count":18 }, { "Name":"tungsten", "Count":3 }, { "Name":"sulphur", "Count":45 }, { "Name":"antimony", "Count":15 }, { "Name":"mercury", "Count":6 }, { "Name":"arsenic", "Count":9 } ], "Manufactured":[ { "Name":"gridresistors", "Count":9 }, { "Name":"mechanicalscrap", "Count":14 }, { "Name":"mechanicalequipment", "Count":11 }, { "Name":"focuscrystals", "Count":29 }, { "Name":"salvagedalloys", "Count":45 }, { "Name":"chemicalprocessors", "Count":23 }, { "Name":"phasealloys", "Count":36 }, { "Name":"shieldingsensors", "Count":39 }, { "Name":"wornshieldemitters", "Count":27 }, { "Name":"galvanisingalloys", "Count":21 }, { "Name":"uncutfocuscrystals", "Count":2 }, { "Name":"configurablecomponents", "Count":6 }, { "Name":"highdensitycomposites", "Count":27 }, { "Name":"mechanicalcomponents", "Count":4 }, { "Name":"fedproprietarycomposites", "Count":21 }, { "Name":"fedcorecomposites", "Count":6 }, { "Name":"shieldemitters", "Count":51 }, { "Name":"conductivecomponents", "Count":4 }, { "Name":"refinedfocuscrystals", "Count":24 }, { "Name":"chemicaldistillery", "Count":9 }, { "Name":"protolightalloys", "Count":18 }, { "Name":"precipitatedalloys", "Count":22 }, { "Name":"biotechconductors", "Count":2 }, { "Name":"compoundshielding", "Count":6 }, { "Name":"conductiveceramics", "Count":2 }, { "Name":"unknownorganiccircuitry", "Count":24 }, { "Name":"unknownenergysource", "Count":22 }, { "Name":"unknowncarapace", "Count":18 }, { "Name":"unknowntechnologycomponents", "Count":12 }, { "Name":"unknownenergycell", "Count":6 }, { "Name":"hybridcapacitors", "Count":2 }, { "Name":"electrochemicalarrays", "Count":2 } ], "Encoded":[ { "Name":"decodedemissiondata", "Count":27 }, { "Name":"emissiondata", "Count":4 }, { "Name":"shieldsoakanalysis", "Count":21 }, { "Name":"shielddensityreports", "Count":39 }, { "Name":"scanarchives", "Count":18 }, { "Name":"shieldpatternanalysis", "Count":30 }, { "Name":"shieldcyclerecordings", "Count":32 }, { "Name":"encodedscandata", "Count":9 }, { "Name":"fsdtelemetry", "Count":6 }, { "Name":"scandatabanks", "Count":14 }, { "Name":"legacyfirmware", "Count":15 }, { "Name":"archivedemissiondata", "Count":4 }, { "Name":"industrialfirmware", "Count":3 }, { "Name":"bulkscandata", "Count":33 }, { "Name":"embeddedfirmware", "Count":1 }, { "Name":"scrambledemissiondata", "Count":7 }, { "Name":"encryptioncodes", "Count":3 }, { "Name":"consumerfirmware", "Count":3 }, { "Name":"encryptionarchives", "Count":3 }, { "Name":"disruptedwakeechoes", "Count":2 } ] }
{ "timestamp":"2018-02-07T00:59:28Z", "event":"LoadGame", "Commander":"Sleep Runner", "Ship":"Asp", "ShipID":8, "ShipName":"A-BUG", "ShipIdent":"BUGGED", "FuelLevel":31.157455, "FuelCapacity":32.000000, "GameMode":"Open", "Credits":60096222, "Loan":0 }
{ "timestamp":"2018-02-07T00:59:28Z", "event":"Rank", "Combat":2, "Trade":4, "Explore":5, "Empire":0, "Federation":2, "CQC":0 }
{ "timestamp":"2018-02-07T00:59:28Z", "event":"Progress", "Combat":54, "Trade":11, "Explore":4, "Empire":3, "Federation":46, "CQC":0 }
{ "timestamp":"2018-02-07T00:59:36Z", "event":"Location", "Docked":false, "StarSystem":"Ho Hsien", "StarPos":[-76.031,21.906,38.094], "SystemAllegiance":"Federation", "SystemEconomy":"$economy_HighTech;", "SystemEconomy_Localised":"Высокие технологии", "SystemGovernment":"$government_Corporate;", "SystemGovernment_Localised":"Корпоративная", "SystemSecurity":"$SYSTEM_SECURITY_medium;", "SystemSecurity_Localised":"Средн. ур. безопасности", "Population":7437159, "Body":"Dutton Station", "BodyType":"Station", "Factions":[ { "Name":"HR 7079 Exchange", "FactionState":"None", "Government":"Corporate", "Influence":0.092000, "Allegiance":"Federation", "PendingStates":[ { "State":"Outbreak", "Trend":1 } ], "RecoveringStates":[ { "State":"Boom", "Trend":0 } ] }, { "Name":"Pilots Federation Local Branch", "FactionState":"None", "Government":"Democracy", "Influence":0.000000, "Allegiance":"PilotsFederation" }, { "Name":"Tarutaalli Group", "FactionState":"Boom", "Government":"Corporate", "Influence":0.119000, "Allegiance":"Federation" }, { "Name":"Ho Hsien Corporation", "FactionState":"None", "Government":"Corporate", "Influence":0.392000, "Allegiance":"Federation", "PendingStates":[ { "State":"Lockdown", "Trend":0 } ], "RecoveringStates":[ { "State":"Boom", "Trend":-1 } ] }, { "Name":"Official Ho Hsien Liberty Party", "FactionState":"None", "Government":"Dictatorship", "Influence":0.092000, "Allegiance":"Independent", "RecoveringStates":[ { "State":"Outbreak", "Trend":0 }, { "State":"CivilWar", "Trend":0 } ] }, { "Name":"Ho Hsien Values Party", "FactionState":"None", "Government":"Democracy", "Influence":0.145000, "Allegiance":"Independent", "RecoveringStates":[ { "State":"CivilWar", "Trend":0 } ] }, { "Name":"Ho Hsien Purple Clan", "FactionState":"Boom", "Government":"Anarchy", "Influence":0.063000, "Allegiance":"Independent" }, { "Name":"Ho Hsien Legal Group", "FactionState":"Boom", "Government":"Corporate", "Influence":0.097000, "Allegiance":"Independent" } ], "SystemFaction":"Ho Hsien Corporation" }
{ "timestamp":"2018-02-07T00:59:36Z", "event":"Music", "MusicTrack":"NoTrack" }
{ "timestamp":"2018-02-07T01:00:08Z", "event":"ReceiveText", "From":"Dutton Station", "Message":"$DockingFailed_Distance:#distance=7500;", "Message_Localised":"В запросе на стыковку отказано, приблизьтесь на 7500 м", "Channel":"npc" }
{ "timestamp":"2018-02-07T01:00:08Z", "event":"DockingDenied", "Reason":"Distance", "StationName":"Dutton Station" }
{ "timestamp":"2018-02-07T01:00:12Z", "event":"ReceiveText", "From":"Dutton Station", "Message":"$STATION_NoFireZone_entered;", "Message_Localised":"Вы вошли в зону запрета огня", "Channel":"npc" }
{ "timestamp":"2018-02-07T01:00:17Z", "event":"DockingRequested", "StationName":"Dutton Station" }
{ "timestamp":"2018-02-07T01:00:17Z", "event":"ReceiveText", "From":"Dutton Station", "Message":"$DockingChatter_Unfriendly;", "Message_Localised":"Вам лучше не задерживаться здесь, командир.", "Channel":"npc" }
{ "timestamp":"2018-02-07T01:00:18Z", "event":"ReceiveText", "From":"Dutton Station", "Message":"$STATION_docking_granted;", "Message_Localised":"Стыковка разрешена", "Channel":"npc" }
{ "timestamp":"2018-02-07T01:00:18Z", "event":"DockingGranted", "LandingPad":8, "StationName":"Dutton Station" }
{ "timestamp":"2018-02-07T01:00:38Z", "event":"Music", "MusicTrack":"Starport" }
{ "timestamp":"2018-02-07T01:00:38Z", "event":"Music", "MusicTrack":"DockingComputer" }
{ "timestamp":"2018-02-07T01:00:39Z", "event":"Music", "MusicTrack":"Starport" }
{ "timestamp":"2018-02-07T01:00:42Z", "event":"Music", "MusicTrack":"DockingComputer" }
{ "timestamp":"2018-02-07T01:01:06Z", "event":"Docked", "StationName":"Dutton Station", "StationType":"Coriolis", "StarSystem":"Ho Hsien", "StationFaction":"Ho Hsien Corporation", "StationGovernment":"$government_Corporate;", "StationGovernment_Localised":"Корпоративная", "StationAllegiance":"Federation", "StationServices":[ "Dock", "Autodock", "Commodities", "Contacts", "Exploration", "Missions", "Outfitting", "CrewLounge", "Rearm", "Refuel", "Repair", "Shipyard", "Tuning", "MissionsGenerated", "FlightController", "StationOperations", "Powerplay", "SearchAndRescue" ], "StationEconomy":"$economy_HighTech;", "StationEconomy_Localised":"Высокие технологии", "DistFromStarLS":665.339478 }
{ "timestamp":"2018-02-07T01:01:06Z", "event":"Music", "MusicTrack":"Starport" }
{ "timestamp":"2018-02-07T01:01:19Z", "event":"RefuelAll", "Cost":50, "Amount":0.974964 }
{ "timestamp":"2018-02-07T01:01:20Z", "event":"RepairAll", "Cost":490 }
{ "timestamp":"2018-02-07T01:01:30Z", "event":"MissionCompleted", "Faction":"HR 7079 Exchange", "Name":"Mission_PassengerVIP_name", "MissionID":310113516, "Commodity":"$DomesticAppliances_Name;", "Commodity_Localised":"Бытовая техника", "Count":1, "DestinationSystem":"Ho Hsien", "DestinationStation":"Dutton Station", "Reward":138601, "CommodityReward":[ { "Name":"MicroControllers", "Count":4 } ] }
{ "timestamp":"2018-02-07T01:01:44Z", "event":"MissionAccepted", "Faction":"HR 7079 Exchange", "Name":"Mission_PassengerBulk_BUSINESS_ARRIVING", "LocalisedName":"Деловые люди (14) в поиске транспорта ", "DestinationSystem":"LFT 1425", "DestinationStation":"Hirase Market", "Expiry":"2018-02-07T03:45:22Z", "Influence":"High", "Reputation":"Low", "Reward":295260, "PassengerCount":14, "PassengerVIPs":false, "PassengerWanted":false, "PassengerType":"Business", "MissionID":310135674 }
{ "timestamp":"2018-02-07T01:02:01Z", "event":"MissionAccepted", "Faction":"Ho Hsien Values Party", "Name":"Mission_PassengerBulk_AIDWORKER_ARRIVING", "LocalisedName":"Соцработники (10) в поиске транспорта ", "DestinationSystem":"Venetic", "DestinationStation":"Bergerac Gateway", "Expiry":"2018-02-07T03:38:22Z", "Influence":"High", "Reputation":"Low", "Reward":103520, "PassengerCount":10, "PassengerVIPs":false, "PassengerWanted":false, "PassengerType":"AidWorker", "MissionID":310135816 }
{ "timestamp":"2018-02-07T01:02:12Z", "event":"MissionAbandoned", "Name":"Mission_PassengerBulk_AIDWORKER_ARRIVING_name", "MissionID":310135816 }
{ "timestamp":"2018-02-07T01:03:38Z", "event":"Music", "MusicTrack":"GalaxyMap" }
{ "timestamp":"2018-02-07T01:03:46Z", "event":"Music", "MusicTrack":"SystemMap" }
{ "timestamp":"2018-02-07T01:03:54Z", "event":"Music", "MusicTrack":"GalaxyMap" }
{ "timestamp":"2018-02-07T01:03:54Z", "event":"Music", "MusicTrack":"Starport" }
{ "timestamp":"2018-02-07T01:05:10Z", "event":"Undocked", "StationName":"Dutton Station", "StationType":"Coriolis" }
{ "timestamp":"2018-02-07T01:05:25Z", "event":"Music", "MusicTrack":"NoTrack" }
{ "timestamp":"2018-02-07T01:05:27Z", "event":"ReceiveText", "From":"$npc_name_decorate:#name=Taylor;", "From_Localised":"Taylor", "Message":"$Commuter_AuthorityScan08;", "Message_Localised":"Инспектор, у вас нет права сканировать мой корабль!", "Channel":"npc" }
{ "timestamp":"2018-02-07T01:05:44Z", "event":"ReceiveText", "From":"Dutton Station", "Message":"$STATION_NoFireZone_exited;", "Message_Localised":"Вы вышли из зоны запрета огня", "Channel":"npc" }
{ "timestamp":"2018-02-07T01:05:56Z", "event":"StartJump", "JumpType":"Hyperspace", "StarSystem":"LFT 1425", "StarClass":"K" }
{ "timestamp":"2018-02-07T01:06:15Z", "event":"FSDJump", "StarSystem":"LFT 1425", "StarPos":[-64.656,20.500,36.000], "SystemAllegiance":"Independent", "SystemEconomy":"$economy_Agri;", "SystemEconomy_Localised":"Сельское хозяйство", "SystemGovernment":"$government_Dictatorship;", "SystemGovernment_Localised":"Диктатура", "SystemSecurity":"$SYSTEM_SECURITY_medium;", "SystemSecurity_Localised":"Средн. ур. безопасности", "Population":568171763, "JumpDist":11.651, "FuelUsed":1.027056, "FuelLevel":30.972944, "Factions":[ { "Name":"Movement for Venetic Progressive Party", "FactionState":"None", "Government":"Democracy", "Influence":0.131000, "Allegiance":"Federation", "PendingStates":[ { "State":"Lockdown", "Trend":0 } ], "RecoveringStates":[ { "State":"Boom", "Trend":0 } ] }, { "Name":"Pilots Federation Local Branch", "FactionState":"None", "Government":"Democracy", "Influence":0.000000, "Allegiance":"PilotsFederation" }, { "Name":"Social LFT 1425 Free", "FactionState":"CivilWar", "Government":"Democracy", "Influence":0.043000, "Allegiance":"Federation" }, { "Name":"Halai Republic Party", "FactionState":"Boom", "Government":"Democracy", "Influence":0.119000, "Allegiance":"Federation", "PendingStates":[ { "State":"Lockdown", "Trend":1 } ] }, { "Name":"LFT 1425 Gold Life Company", "FactionState":"CivilWar", "Government":"Corporate", "Influence":0.049000, "Allegiance":"Independent" }, { "Name":"Natural LFT 1425 Movement", "FactionState":"Boom", "Government":"Dictatorship", "Influence":0.374000, "Allegiance":"Independent" }, { "Name":"Raiders of LFT 1425", "FactionState":"Boom", "Government":"Anarchy", "Influence":0.118000, "Allegiance":"Independent" }, { "Name":"LFT 1425 Organisation", "FactionState":"Boom", "Government":"Corporate", "Influence":0.166000, "Allegiance":"Federation" } ], "SystemFaction":"Natural LFT 1425 Movement", "FactionState":"Boom" }
{ "timestamp":"2018-02-07T01:06:15Z", "event":"Music", "MusicTrack":"DestinationFromHyperspace" }
{ "timestamp":"2018-02-07T01:06:20Z", "event":"Music", "MusicTrack":"Supercruise" }
{ "timestamp":"2018-02-07T01:07:14Z", "event":"ReceiveText", "From":"$ShipName_PassengerLiner_Cruise;", "From_Localised":"Круизное судно", "Message":"$CruiseLiner_SCPatrol02;", "Message_Localised":"Пока мы движемся в пределах системы, приглашаем воспользоваться нашими бортовыми услугами.", "Channel":"npc" }
{ "timestamp":"2018-02-07T01:07:46Z", "event":"ReceiveText", "From":"$ShipName_PassengerLiner_Cruise;", "From_Localised":"Круизное судно", "Message":"$CruiseLiner_SCPatrol02;", "Message_Localised":"Пока мы движемся в пределах системы, приглашаем воспользоваться нашими бортовыми услугами.", "Channel":"npc" }
{ "timestamp":"2018-02-07T01:08:13Z", "event":"SupercruiseExit", "StarSystem":"LFT 1425", "Body":"Hirase Market", "BodyType":"Station" }
{ "timestamp":"2018-02-07T01:08:13Z", "event":"Music", "MusicTrack":"DestinationFromSupercruise" }
{ "timestamp":"2018-02-07T01:08:14Z", "event":"ReceiveText", "From":"Hirase Market", "Message":"$STATION_NoFireZone_entered;", "Message_Localised":"Вы вошли в зону запрета огня", "Channel":"npc" }
{ "timestamp":"2018-02-07T01:08:18Z", "event":"Music", "MusicTrack":"NoTrack" }
{ "timestamp":"2018-02-07T01:08:18Z", "event":"ReceiveText", "From":"Hirase Market", "Message":"$DockingFailed_Distance:#distance=7500;", "Message_Localised":"В запросе на стыковку отказано, приблизьтесь на 7500 м", "Channel":"npc" }
{ "timestamp":"2018-02-07T01:08:18Z", "event":"DockingDenied", "Reason":"Distance", "StationName":"Hirase Market" }
{ "timestamp":"2018-02-07T01:08:21Z", "event":"DockingRequested", "StationName":"Hirase Market" }
{ "timestamp":"2018-02-07T01:08:21Z", "event":"ReceiveText", "From":"Hirase Market", "Message":"$DockingChatter_Cordial;", "Message_Localised":"С возвращением, командир.", "Channel":"npc" }
{ "timestamp":"2018-02-07T01:08:23Z", "event":"ReceiveText", "From":"Hirase Market", "Message":"$STATION_docking_granted;", "Message_Localised":"Стыковка разрешена", "Channel":"npc" }
{ "timestamp":"2018-02-07T01:08:23Z", "event":"DockingGranted", "LandingPad":45, "StationName":"Hirase Market" }
{ "timestamp":"2018-02-07T01:08:42Z", "event":"Music", "MusicTrack":"DockingComputer" }
{ "timestamp":"2018-02-07T01:09:36Z", "event":"Docked", "StationName":"Hirase Market", "StationType":"Orbis", "StarSystem":"LFT 1425", "StationFaction":"Natural LFT 1425 Movement", "FactionState":"Boom", "StationGovernment":"$government_Dictatorship;", "StationGovernment_Localised":"Диктатура", "StationServices":[ "Dock", "Autodock", "BlackMarket", "Commodities", "Contacts", "Exploration", "Missions", "Outfitting", "CrewLounge", "Rearm", "Refuel", "Repair", "Shipyard", "Tuning", "MissionsGenerated", "FlightController", "StationOperations", "Powerplay", "SearchAndRescue" ], "StationEconomy":"$economy_Agri;", "StationEconomy_Localised":"Сельское хозяйство", "DistFromStarLS":287.910095 }
{ "timestamp":"2018-02-07T01:09:36Z", "event":"Music", "MusicTrack":"Starport" }
{ "timestamp":"2018-02-07T01:10:25Z", "event":"RefuelAll", "Cost":57, "Amount":1.107447 }
{ "timestamp":"2018-02-07T01:10:29Z", "event":"Repair", "Item":"Wear", "Cost":27 }
{ "timestamp":"2018-02-07T01:10:32Z", "event":"Repair", "Item":"Paint", "Cost":1 }
{ "timestamp":"2018-02-07T01:10:46Z", "event":"MissionCompleted", "Faction":"LFT 1425 Organisation", "Name":"Mission_PassengerBulk_BUSINESS_ARRIVING_name", "MissionID":310135674, "DestinationSystem":"LFT 1425", "DestinationStation":"Hirase Market", "Reward":295260 }
{ "timestamp":"2018-02-07T01:12:04Z", "event":"Undocked", "StationName":"Hirase Market", "StationType":"Orbis" }
{ "timestamp":"2018-02-07T01:12:10Z", "event":"ReceiveText", "From":"Hirase Market", "Message":"$DockingPadBlockWarningComms;", "Message_Localised":"Обнаружено нарушение – промедление, немедленно очистите подход к площадке во избежание летального ответа", "Channel":"npc" }
{ "timestamp":"2018-02-07T01:12:18Z", "event":"ReceiveText", "From":"Hirase Market", "Message":"$DockingOffenceCleared;", "Message_Localised":"Нарушения правил космопорта сняты, привилегии на стыковку восстановлены", "Channel":"npc" }
{ "timestamp":"2018-02-07T01:12:30Z", "event":"Music", "MusicTrack":"NoTrack" }
{ "timestamp":"2018-02-07T01:12:58Z", "event":"ReceiveText", "From":"Hirase Market", "Message":"$STATION_NoFireZone_exited;", "Message_Localised":"Вы вышли из зоны запрета огня", "Channel":"npc" }
{ "timestamp":"2018-02-07T01:13:01Z", "event":"StartJump", "JumpType":"Hyperspace", "StarSystem":"Amarak", "StarClass":"M" }
{ "timestamp":"2018-02-07T01:13:20Z", "event":"FSDJump", "StarSystem":"Amarak", "StarPos":[-68.438,26.000,26.469], "SystemAllegiance":"Federation", "SystemEconomy":"$economy_HighTech;", "SystemEconomy_Localised":"Высокие технологии", "SystemGovernment":"$government_Corporate;", "SystemGovernment_Localised":"Корпоративная", "SystemSecurity":"$SYSTEM_SECURITY_high;", "SystemSecurity_Localised":"Высок. ур. безопасности", "Population":10248421, "JumpDist":11.636, "FuelUsed":1.023726, "FuelLevel":30.976274, "Factions":[ { "Name":"Pilots Federation Local Branch", "FactionState":"None", "Government":"Democracy", "Influence":0.000000, "Allegiance":"PilotsFederation" }, { "Name":"Tarutaalli Group", "FactionState":"Boom", "Government":"Corporate", "Influence":0.110228, "Allegiance":"Federation" }, { "Name":"Amarak Comms Partners", "FactionState":"None", "Government":"Corporate", "Influence":0.614697, "Allegiance":"Federation", "PendingStates":[ { "State":"Boom", "Trend":1 } ] }, { "Name":"Amarak Dominion", "FactionState":"Boom", "Government":"Dictatorship", "Influence":0.071500, "Allegiance":"Independent" }, { "Name":"Amarak Silver Family", "FactionState":"War", "Government":"Anarchy", "Influence":0.035750, "Allegiance":"Independent", "PendingStates":[ { "State":"Boom", "Trend":1 } ] }, { "Name":"Syndicate of LHS 3385", "FactionState":"War", "Government":"Anarchy", "Influence":0.009930, "Allegiance":"Independent", "PendingStates":[ { "State":"Boom", "Trend":1 } ] }, { "Name":"Amarak Republic Party", "FactionState":"None", "Government":"Democracy", "Influence":0.112214, "Allegiance":"Federation", "PendingStates":[ { "State":"Boom", "Trend":1 }, { "State":"CivilUnrest", "Trend":-1 } ] }, { "Name":"Ronin of Amarak", "FactionState":"Retreat", "Government":"Anarchy", "Influence":0.045680, "Allegiance":"Independent", "RecoveringStates":[ { "State":"Boom", "Trend":1 } ] } ], "SystemFaction":"Amarak Comms Partners" }
{ "timestamp":"2018-02-07T01:13:20Z", "event":"Music", "MusicTrack":"DestinationFromHyperspace" }
{ "timestamp":"2018-02-07T01:13:25Z", "event":"Music", "MusicTrack":"Supercruise" }
{ "timestamp":"2018-02-07T01:16:07Z", "event":"SupercruiseExit", "StarSystem":"Amarak", "Body":"Vela Port", "BodyType":"Station" }
{ "timestamp":"2018-02-07T01:16:07Z", "event":"Music", "MusicTrack":"DestinationFromSupercruise" }
{ "timestamp":"2018-02-07T01:16:12Z", "event":"Music", "MusicTrack":"NoTrack" }
{ "timestamp":"2018-02-07T01:16:13Z", "event":"ReceiveText", "From":"Vela Port", "Message":"$STATION_NoFireZone_entered;", "Message_Localised":"Вы вошли в зону запрета огня", "Channel":"npc" }
{ "timestamp":"2018-02-07T01:16:15Z", "event":"DockingRequested", "StationName":"Vela Port" }
{ "timestamp":"2018-02-07T01:16:15Z", "event":"ReceiveText", "From":"Vela Port", "Message":"$DockingChatter_Allied;", "Message_Localised":"Такому союзнику, как вы, мы всегда рады.", "Channel":"npc" }
{ "timestamp":"2018-02-07T01:16:17Z", "event":"ReceiveText", "From":"Vela Port", "Message":"$STATION_docking_granted;", "Message_Localised":"Стыковка разрешена", "Channel":"npc" }
{ "timestamp":"2018-02-07T01:16:17Z", "event":"DockingGranted", "LandingPad":8, "StationName":"Vela Port" }
{ "timestamp":"2018-02-07T01:16:20Z", "event":"Music", "MusicTrack":"DockingComputer" }
{ "timestamp":"2018-02-07T01:17:15Z", "event":"Docked", "StationName":"Vela Port", "StationType":"Coriolis", "StarSystem":"Amarak", "StationFaction":"Amarak Comms Partners", "StationGovernment":"$government_Corporate;", "StationGovernment_Localised":"Корпоративная", "StationAllegiance":"Federation", "StationServices":[ "Dock", "Autodock", "BlackMarket", "Commodities", "Contacts", "Exploration", "Missions", "Outfitting", "CrewLounge", "Rearm", "Refuel", "Repair", "Shipyard", "Tuning", "MissionsGenerated", "FlightController", "StationOperations", "Powerplay", "SearchAndRescue" ], "StationEconomy":"$economy_HighTech;", "StationEconomy_Localised":"Высокие технологии", "DistFromStarLS":1179.152344 }
{ "timestamp":"2018-02-07T01:17:15Z", "event":"Music", "MusicTrack":"Starport" }
{ "timestamp":"2018-02-07T01:17:55Z", "event":"RefuelAll", "Cost":58, "Amount":1.124050 }
{ "timestamp":"2018-02-07T01:18:32Z", "event":"ModuleSell", "Slot":"TinyHardpoint1", "SellItem":"$hpt_heatsinklauncher_turret_tiny_name;", "SellItem_Localised":"Теплоотвод", "SellPrice":3500, "Ship":"asp", "ShipID":8 }
{ "timestamp":"2018-02-07T01:18:54Z", "event":"ModuleRetrieve", "Slot":"TinyHardpoint1", "RetrievedItem":"$hpt_shieldbooster_size0_class5_name;", "RetrievedItem_Localised":"Усилитель щита", "Ship":"asp", "ShipID":8, "EngineerModifications":"ShieldBooster_Resistive" }
{ "timestamp":"2018-02-07T01:19:07Z", "event":"ModuleSell", "Slot":"TinyHardpoint4", "SellItem":"$hpt_chafflauncher_tiny_name;", "SellItem_Localised":"Дип. отражатель", "SellPrice":8500, "Ship":"asp", "ShipID":8 }
{ "timestamp":"2018-02-07T01:19:16Z", "event":"ModuleRetrieve", "Slot":"TinyHardpoint4", "RetrievedItem":"$hpt_xenoscanner_basic_tiny_name;", "RetrievedItem_Localised":"Сканер «инопланетянин»", "Ship":"asp", "ShipID":8 }
{ "timestamp":"2018-02-07T01:21:19Z", "event":"ModuleBuy", "Slot":"Armour", "SellItem":"$asp_armour_grade3_name;", "SellItem_Localised":"Композит военного класса", "SellPrice":5995038, "BuyItem":"$asp_armour_grade2_name;", "BuyItem_Localised":"Укрепленный сплав", "BuyPrice":2664461, "Ship":"asp", "ShipID":8 }
{ "timestamp":"2018-02-07T01:23:09Z", "event":"ReceiveText", "From":"$npc_name_decorate:#name=Jess Carey;", "From_Localised":"Jess Carey", "Message":"$Commuter_AuthorityScan04;", "Message_Localised":"А без этого нельзя обойтись?", "Channel":"npc" }
{ "timestamp":"2018-02-07T01:23:20Z", "event":"ModuleBuy", "Slot":"Radar", "SellItem":"$int_sensors_size5_class4_name;", "SellItem_Localised":"Сенсоры", "SellPrice":496527, "BuyItem":"$int_sensors_size5_class2_name;", "BuyItem_Localised":"Сенсоры", "BuyPrice":79444, "Ship":"asp", "ShipID":8 }
{ "timestamp":"2018-02-07T01:24:39Z", "event":"ModuleBuy", "Slot":"LifeSupport", "SellItem":"$int_lifesupport_size4_class1_name;", "SellItem_Localised":"Сист. жизнеобеспечения", "SellPrice":11349, "BuyItem":"$int_lifesupport_size4_class2_name;", "BuyItem_Localised":"Сист. жизнеобеспечения", "BuyPrice":28373, "Ship":"asp", "ShipID":8 }
{ "timestamp":"2018-02-07T01:25:16Z", "event":"ModuleSell", "Slot":"Slot01_Size6", "SellItem":"$int_passengercabin_size6_class3_name;", "SellItem_Localised":"Каюта пассажира ПК", "SellPrice":552698, "Ship":"asp", "ShipID":8 }
{ "timestamp":"2018-02-07T01:25:20Z", "event":"ModuleSell", "Slot":"Slot02_Size5", "SellItem":"$int_passengercabin_size5_class2_name;", "SellItem_Localised":"Каюта пассажира БК", "SellPrice":92362, "Ship":"asp", "ShipID":8 }
{ "timestamp":"2018-02-07T01:25:23Z", "event":"ModuleSell", "Slot":"Slot03_Size3", "SellItem":"$int_passengercabin_size3_class2_name;", "SellItem_Localised":"Каюта пассажира БК", "SellPrice":26705, "Ship":"asp", "ShipID":8 }
{ "timestamp":"2018-02-07T01:25:28Z", "event":"ModuleSell", "Slot":"Slot04_Size3", "SellItem":"$int_passengercabin_size3_class2_name;", "SellItem_Localised":"Каюта пассажира БК", "SellPrice":26705, "Ship":"asp", "ShipID":8 }
{ "timestamp":"2018-02-07T01:25:41Z", "event":"ModuleRetrieve", "Slot":"Slot04_Size3", "RetrievedItem":"$int_buggybay_size2_class1_name;", "RetrievedItem_Localised":"Гараж планет. трансп.", "Ship":"asp", "ShipID":8 }
{ "timestamp":"2018-02-07T01:25:54Z", "event":"ModuleStore", "Slot":"Slot06_Size2", "StoredItem":"$int_dockingcomputer_standard_name;", "StoredItem_Localised":"Стыковочный компьютер", "Ship":"asp", "ShipID":8 }
{ "timestamp":"2018-02-07T01:26:02Z", "event":"ModuleRetrieve", "Slot":"Slot06_Size2", "RetrievedItem":"$int_detailedsurfacescanner_tiny_name;", "RetrievedItem_Localised":"Сканер поверхностей", "Ship":"asp", "ShipID":8, "EngineerModifications":"Sensor_SurfaceScanner_LongRange" }
{ "timestamp":"2018-02-07T01:26:22Z", "event":"ModuleRetrieve", "Slot":"Slot01_Size6", "RetrievedItem":"$int_fuelscoop_size6_class4_name;", "RetrievedItem_Localised":"Топливозаборник", "Ship":"asp", "ShipID":8 }
{ "timestamp":"2018-02-07T01:26:59Z", "event":"ModuleRetrieve", "Slot":"Slot02_Size5", "RetrievedItem":"$int_shieldgenerator_size5_class3_fast_name;", "RetrievedItem_Localised":"Двухпоточный щит", "Ship":"asp", "ShipID":8 }
{ "timestamp":"2018-02-07T01:27:01Z", "event":"ShieldState", "ShieldsUp":true }
{ "timestamp":"2018-02-07T01:27:17Z", "event":"ModuleRetrieve", "Slot":"Slot03_Size3", "RetrievedItem":"$int_repairer_size3_class5_name;", "RetrievedItem_Localised":"АПР-блок", "Ship":"asp", "ShipID":8 }
{ "timestamp":"2018-02-07T01:27:40Z", "event":"ModuleSellRemote", "StorageSlot":54, "SellItem":"$int_dronecontrol_collection_size3_class5_name;", "SellItem_Localised":"«Сборщик»", "ServerId":128671238, "SellPrice":86400, "Ship":"asp", "ShipID":8 }
{ "timestamp":"2018-02-07T01:27:43Z", "event":"ModuleSellRemote", "StorageSlot":60, "SellItem":"$int_cargorack_size6_class1_name;", "SellItem_Localised":"Груз. стеллаж", "ServerId":128064343, "SellPrice":362591, "Ship":"asp", "ShipID":8 }
{ "timestamp":"2018-02-07T01:27:47Z", "event":"ModuleSellRemote", "StorageSlot":52, "SellItem":"$int_fsdinterdictor_size2_class5_name;", "SellItem_Localised":"FSD-перехватчик", "ServerId":128666721, "SellPrice":2721600, "Ship":"asp", "ShipID":8 }
{ "timestamp":"2018-02-07T01:27:52Z", "event":"ModuleSellRemote", "StorageSlot":55, "SellItem":"$int_shieldgenerator_size5_class5_name;", "SellItem_Localised":"Щитогенератор", "ServerId":128064282, "SellPrice":5103953, "Ship":"asp", "ShipID":8 }
{ "timestamp":"2018-02-07T01:27:58Z", "event":"ModuleSellRemote", "StorageSlot":56, "SellItem":"$int_dockingcomputer_standard_name;", "SellItem_Localised":"Стыковочный компьютер", "ServerId":128049549, "SellPrice":4500, "Ship":"asp", "ShipID":8 }
{ "timestamp":"2018-02-07T01:29:56Z", "event":"MarketSell", "Type":"microcontrollers", "Count":4, "SellPrice":4996, "TotalSale":19984, "AvgPricePaid":0 }
{ "timestamp":"2018-02-07T01:31:00Z", "event":"Repair", "Item":"Wear", "Cost":20 }
{ "timestamp":"2018-02-07T01:31:03Z", "event":"Repair", "Item":"Paint", "Cost":1 }
{ "timestamp":"2018-02-07T01:42:20Z", "event":"Music", "MusicTrack":"GalaxyMap" }
{ "timestamp":"2018-02-07T01:42:29Z", "event":"Music", "MusicTrack":"SystemMap" }
{ "timestamp":"2018-02-07T01:42:34Z", "event":"Music", "MusicTrack":"GalaxyMap" }
{ "timestamp":"2018-02-07T01:42:43Z", "event":"Music", "MusicTrack":"SystemMap" }
{ "timestamp":"2018-02-07T01:42:54Z", "event":"Music", "MusicTrack":"GalaxyMap" }
{ "timestamp":"2018-02-07T01:42:55Z", "event":"Music", "MusicTrack":"Starport" }
{ "timestamp":"2018-02-07T01:43:15Z", "event":"Undocked", "StationName":"Vela Port", "StationType":"Coriolis" }
{ "timestamp":"2018-02-07T01:43:46Z", "event":"Music", "MusicTrack":"NoTrack" }
{ "timestamp":"2018-02-07T01:44:06Z", "event":"ReceiveText", "From":"Vela Port", "Message":"$STATION_NoFireZone_exited;", "Message_Localised":"Вы вышли из зоны запрета огня", "Channel":"npc" }
{ "timestamp":"2018-02-07T01:44:29Z", "event":"StartJump", "JumpType":"Hyperspace", "StarSystem":"LP 391-10", "StarClass":"M" }
{ "timestamp":"2018-02-07T01:44:48Z", "event":"FSDJump", "StarSystem":"LP 391-10", "StarPos":[-55.844,13.031,39.094], "SystemAllegiance":"", "SystemEconomy":"$economy_None;", "SystemEconomy_Localised":"Нет", "SystemGovernment":"$government_None;", "SystemGovernment_Localised":"Нет", "SystemSecurity":"$GAlAXY_MAP_INFO_state_anarchy;", "SystemSecurity_Localised":"Анархия", "Population":0, "JumpDist":22.050, "FuelUsed":3.199702, "FuelLevel":28.800299 }
{ "timestamp":"2018-02-07T01:44:48Z", "event":"Music", "MusicTrack":"Supercruise" }
{ "timestamp":"2018-02-07T01:45:01Z", "event":"FuelScoop", "Scooped":3.199728, "Total":32.000000 }
{ "timestamp":"2018-02-07T01:45:22Z", "event":"StartJump", "JumpType":"Hyperspace", "StarSystem":"Neto", "StarClass":"K" }
{ "timestamp":"2018-02-07T01:45:27Z", "event":"Music", "MusicTrack":"NoTrack" }
{ "timestamp":"2018-02-07T01:45:40Z", "event":"FSDJump", "StarSystem":"Neto", "StarPos":[-41.188,7.656,36.313], "SystemAllegiance":"Independent", "SystemEconomy":"$economy_HighTech;", "SystemEconomy_Localised":"Высокие технологии", "SystemGovernment":"$government_Democracy;", "SystemGovernment_Localised":"Демократия", "SystemSecurity":"$SYSTEM_SECURITY_medium;", "SystemSecurity_Localised":"Средн. ур. безопасности", "Population":6856902, "JumpDist":15.857, "FuelUsed":1.426578, "FuelLevel":30.573421, "Factions":[ { "Name":"Neto Blue Power Limited", "FactionState":"Boom", "Government":"Corporate", "Influence":0.107000, "Allegiance":"Federation" }, { "Name":"72 Herculis Free", "FactionState":"Boom", "Government":"Democracy", "Influence":0.096000, "Allegiance":"Federation" }, { "Name":"Pilots Federation Local Branch", "FactionState":"None", "Government":"Democracy", "Influence":0.000000, "Allegiance":"PilotsFederation" }, { "Name":"Wolf 1509 Blue Power Inc", "FactionState":"War", "Government":"Corporate", "Influence":0.021000, "Allegiance":"Federation", "PendingStates":[ { "State":"Boom", "Trend":1 } ] }, { "Name":"G 139-50 Electronics Partners", "FactionState":"War", "Government":"Corporate", "Influence":0.035000, "Allegiance":"Federation", "PendingStates":[ { "State":"Boom", "Trend":1 } ] }, { "Name":"Alliance of V816 Herculis", "FactionState":"War", "Government":"Confederacy", "Influence":0.029000, "Allegiance":"Federation", "PendingStates":[ { "State":"Boom", "Trend":1 } ] }, { "Name":"Neto Regulatory State", "FactionState":"War", "Government":"Dictatorship", "Influence":0.018000, "Allegiance":"Independent", "PendingStates":[ { "State":"Boom", "Trend":1 } ] }, { "Name":"Workers of Neto Progressive Party", "FactionState":"None", "Government":"Democracy", "Influence":0.157000, "Allegiance":"Federation", "PendingStates":[ { "State":"Boom", "Trend":1 } ] }, { "Name":"Neto Mob", "FactionState":"Lockdown", "Government":"Anarchy", "Influence":0.047000, "Allegiance":"Independent", "PendingStates":[ { "State":"Boom", "Trend":1 } ] }, { "Name":"Pixel Bandits Security Force", "FactionState":"None", "Government":"Democracy", "Influence":0.490000, "Allegiance":"Independent", "RecoveringStates":[ { "State":"Boom", "Trend":0 } ] } ], "SystemFaction":"Pixel Bandits Security Force" }
{ "timestamp":"2018-02-07T01:45:40Z", "event":"Music", "MusicTrack":"DestinationFromHyperspace" }
{ "timestamp":"2018-02-07T01:45:45Z", "event":"Music", "MusicTrack":"Supercruise" }
{ "timestamp":"2018-02-07T01:48:35Z", "event":"SupercruiseExit", "StarSystem":"Neto", "Body":"Ising Vision", "BodyType":"Station" }
{ "timestamp":"2018-02-07T01:48:35Z", "event":"Music", "MusicTrack":"DestinationFromSupercruise" }
{ "timestamp":"2018-02-07T01:48:40Z", "event":"Music", "MusicTrack":"NoTrack" }
{ "timestamp":"2018-02-07T01:48:41Z", "event":"ReceiveText", "From":"Ising Vision", "Message":"$STATION_NoFireZone_entered;", "Message_Localised":"Вы вошли в зону запрета огня", "Channel":"npc" }
{ "timestamp":"2018-02-07T01:48:49Z", "event":"DockingRequested", "StationName":"Ising Vision" }
{ "timestamp":"2018-02-07T01:48:49Z", "event":"ReceiveText", "From":"Ising Vision", "Message":"$DockingChatter_Neutral;", "Message_Localised":"Строго соблюдайте правила поведения в порту, пилот.", "Channel":"npc" }
{ "timestamp":"2018-02-07T01:48:50Z", "event":"ReceiveText", "From":"Ising Vision", "Message":"$STATION_docking_granted;", "Message_Localised":"Стыковка разрешена", "Channel":"npc" }
{ "timestamp":"2018-02-07T01:48:50Z", "event":"DockingGranted", "LandingPad":3, "StationName":"Ising Vision" }
{ "timestamp":"2018-02-07T01:49:19Z", "event":"Scanned", "ScanType":"Cargo" }
{ "timestamp":"2018-02-07T01:49:19Z", "event":"ReceiveText", "From":"$ShipName_Police_Independent;", "From_Localised":"Корабль властей системы", "Message":"$Police_ThankYouPassedStopAndSearch04;", "Message_Localised":"Преступлений не выявлено. Вы свободны, командир.", "Channel":"npc" }
{ "timestamp":"2018-02-07T01:49:20Z", "event":"Music", "MusicTrack":"Starport" }
{ "timestamp":"2018-02-07T01:49:40Z", "event":"Docked", "StationName":"Ising Vision", "StationType":"Coriolis", "StarSystem":"Neto", "StationFaction":"Pixel Bandits Security Force", "StationGovernment":"$government_Democracy;", "StationGovernment_Localised":"Демократия", "StationServices":[ "Dock", "Autodock", "Commodities", "Contacts", "Exploration", "Missions", "Outfitting", "CrewLounge", "Rearm", "Refuel", "Repair", "Shipyard", "Tuning", "MissionsGenerated", "FlightController", "StationOperations", "Powerplay", "SearchAndRescue" ], "StationEconomy":"$economy_HighTech;", "StationEconomy_Localised":"Высокие технологии", "DistFromStarLS":666.089355 }
{ "timestamp":"2018-02-07T01:49:48Z", "event":"RefuelAll", "Cost":81, "Amount":1.596540 }
{ "timestamp":"2018-02-07T01:49:51Z", "event":"Repair", "Item":"Wear", "Cost":34 }
{ "timestamp":"2018-02-07T01:49:54Z", "event":"Repair", "Item":"Paint", "Cost":1 }
{ "timestamp":"2018-02-07T01:52:05Z", "event":"ShipyardBuy", "ShipType":"orca", "ShipPrice":48539887, "StoreOldShip":"Asp", "StoreShipID":8 }
{ "timestamp":"2018-02-07T01:52:06Z", "event":"Cargo", "Inventory":[  ] }
{ "timestamp":"2018-02-07T01:52:06Z", "event":"Loadout", "Ship":"Orca", "ShipID":10, "ShipName":"", "ShipIdent":"", "Modules":[ { "Slot":"MediumHardpoint1", "Item":"Hpt_PulseLaser_Fixed_Small", "On":true, "Priority":2, "Health":1.000000, "Value":2200 }, { "Slot":"MediumHardpoint2", "Item":"Hpt_PulseLaser_Fixed_Small", "On":true, "Priority":2, "Health":1.000000, "Value":2200 }, { "Slot":"Armour", "Item":"Orca_Armour_Grade1", "On":true, "Priority":2, "Health":1.000000, "Value":0 }, { "Slot":"PowerPlant", "Item":"Int_PowerPlant_Size5_Class1", "On":true, "Priority":2, "Health":1.000000, "Value":63012 }, { "Slot":"MainEngines", "Item":"Int_Engine_Size6_Class1", "On":true, "Priority":2, "Health":1.000000, "Value":199747 }, { "Slot":"FrameShiftDrive", "Item":"Int_Hyperdrive_Size5_Class1", "On":true, "Priority":2, "Health":1.000000, "Value":63012 }, { "Slot":"LifeSupport", "Item":"Int_LifeSupport_Size6_Class1", "On":true, "Priority":2, "Health":1.000000, "Value":88978 }, { "Slot":"PowerDistributor", "Item":"Int_PowerDistributor_Size5_Class1", "On":true, "Priority":2, "Health":1.000000, "Value":31778 }, { "Slot":"Radar", "Item":"Int_Sensors_Size4_Class1", "On":true, "Priority":2, "Health":1.000000, "Value":11349 }, { "Slot":"FuelTank", "Item":"Int_FuelTank_Size5_Class3", "On":true, "Priority":2, "Health":1.000000, "Value":97754 }, { "Slot":"Slot01_Size6", "Item":"Int_PassengerCabin_Size6_Class1", "On":true, "Priority":2, "AmmoInClip":32, "Health":1.000000, "Value":61410 }, { "Slot":"Slot02_Size5", "Item":"Int_PassengerCabin_Size4_Class1", "On":true, "Priority":2, "AmmoInClip":8, "Health":1.000000, "Value":18954 }, { "Slot":"Slot03_Size5", "Item":"Int_CargoRack_Size4_Class1", "On":true, "Priority":2, "Health":1.000000, "Value":34328 }, { "Slot":"Slot04_Size5", "Item":"Int_ShieldGenerator_Size5_Class1", "On":true, "Priority":2, "Health":1.000000, "Value":63012 }, { "Slot":"Slot05_Size4", "Item":"Int_CargoRack_Size3_Class1", "On":true, "Priority":2, "Health":1.000000, "Value":10563 }, { "Slot":"Slot08_Size2", "Item":"Int_StellarBodyDiscoveryScanner_Standard", "On":true, "Priority":2, "Health":1.000000, "Value":1000 }, { "Slot":"PlanetaryApproachSuite", "Item":"Int_PlanetApproachSuite", "On":true, "Priority":2, "Health":1.000000, "Value":500 }, { "Slot":"ShipCockpit", "Item":"Orca_Cockpit", "On":true, "Priority":2, "Health":1.000000, "Value":0 }, { "Slot":"CargoHatch", "Item":"ModularCargoBayDoor", "On":true, "Priority":2, "Health":1.000000, "Value":0 } ] }
{ "timestamp":"2018-02-07T01:52:06Z", "event":"ShipyardNew", "ShipType":"orca", "NewShipID":10 }
{ "timestamp":"2018-02-07T01:52:06Z", "event":"Music", "MusicTrack":"NoTrack" }
{ "timestamp":"2018-02-07T01:52:15Z", "event":"Docked", "StationName":"Ising Vision", "StationType":"Coriolis", "StarSystem":"Neto", "StationFaction":"Pixel Bandits Security Force", "StationGovernment":"$government_Democracy;", "StationGovernment_Localised":"Демократия", "StationServices":[ "Dock", "Autodock", "Commodities", "Contacts", "Exploration", "Missions", "Outfitting", "CrewLounge", "Rearm", "Refuel", "Repair", "Shipyard", "Tuning", "MissionsGenerated", "FlightController", "StationOperations", "Powerplay", "SearchAndRescue" ], "StationEconomy":"$economy_HighTech;", "StationEconomy_Localised":"Высокие технологии", "DistFromStarLS":666.086975 }
{ "timestamp":"2018-02-07T01:52:15Z", "event":"Music", "MusicTrack":"Starport" }
{ "timestamp":"2018-02-07T01:54:58Z", "event":"ModuleBuy", "Slot":"PowerPlant", "SellItem":"$int_powerplant_size5_class1_name;", "SellItem_Localised":"Силовая установка", "SellPrice":63012, "BuyItem":"$int_powerplant_size3_class5_name;", "BuyItem_Localised":"Силовая установка", "BuyPrice":507912, "Ship":"orca", "ShipID":10 }
{ "timestamp":"2018-02-07T01:54:59Z", "event":"ShieldState", "ShieldsUp":false }
{ "timestamp":"2018-02-07T01:55:01Z", "event":"ShieldState", "ShieldsUp":true }
{ "timestamp":"2018-02-07T01:55:26Z", "event":"ModuleBuy", "Slot":"MainEngines", "SellItem":"$int_engine_size6_class1_name;", "SellItem_Localised":"Маневровые двигатели", "SellPrice":199747, "BuyItem":"$int_engine_size5_class2_name;", "BuyItem_Localised":"Маневровые двигатели", "BuyPrice":189035, "Ship":"orca", "ShipID":10 }
{ "timestamp":"2018-02-07T01:55:41Z", "event":"ModuleBuy", "Slot":"FrameShiftDrive", "SellItem":"$int_hyperdrive_size5_class1_name;", "SellItem_Localised":"FSD", "SellPrice":63012, "BuyItem":"$int_hyperdrive_size5_class5_name;", "BuyItem_Localised":"FSD", "BuyPrice":5103953, "Ship":"orca", "ShipID":10 }
{ "timestamp":"2018-02-07T01:55:55Z", "event":"ModuleBuy", "Slot":"LifeSupport", "SellItem":"$int_lifesupport_size6_class1_name;", "SellItem_Localised":"Сист. жизнеобеспечения", "SellPrice":88978, "BuyItem":"$int_lifesupport_size6_class2_name;", "BuyItem_Localised":"Сист. жизнеобеспечения", "BuyPrice":222444, "Ship":"orca", "ShipID":10 }
{ "timestamp":"2018-02-07T01:56:43Z", "event":"ModuleBuy", "Slot":"PowerDistributor", "SellItem":"$int_powerdistributor_size5_class1_name;", "SellItem_Localised":"Распределитель питания", "SellPrice":31778, "BuyItem":"$int_powerdistributor_size4_class2_name;", "BuyItem_Localised":"Распределитель питания", "BuyPrice":28373, "Ship":"orca", "ShipID":10 }
{ "timestamp":"2018-02-07T01:56:58Z", "event":"ModuleBuy", "Slot":"Radar", "SellItem":"$int_sensors_size4_class1_name;", "SellItem_Localised":"Сенсоры", "SellPrice":11349, "BuyItem":"$int_sensors_size4_class2_name;", "BuyItem_Localised":"Сенсоры", "BuyPrice":28373, "Ship":"orca", "ShipID":10 }
{ "timestamp":"2018-02-07T01:57:16Z", "event":"ReceiveText", "From":"$npc_name_decorate:#name=Abigail Brady;", "From_Localised":"Abigail Brady", "Message":"$Commuter_HostileScan05;", "Message_Localised":"Ваш корабль идентифицирован, в случае агрессивных действий вас привлекут к уголовной ответственности.", "Channel":"npc" }
{ "timestamp":"2018-02-07T01:57:45Z", "event":"ModuleBuy", "Slot":"TinyHardpoint1", "BuyItem":"$hpt_chafflauncher_tiny_name;", "BuyItem_Localised":"Дип. отражатель", "BuyPrice":8500, "Ship":"orca", "ShipID":10 }
{ "timestamp":"2018-02-07T01:58:20Z", "event":"ModuleBuy", "Slot":"TinyHardpoint4", "BuyItem":"$hpt_heatsinklauncher_turret_tiny_name;", "BuyItem_Localised":"Теплоотвод", "BuyPrice":3500, "Ship":"orca", "ShipID":10 }
{ "timestamp":"2018-02-07T01:58:32Z", "event":"ModuleBuy", "Slot":"TinyHardpoint3", "BuyItem":"$hpt_heatsinklauncher_turret_tiny_name;", "BuyItem_Localised":"Теплоотвод", "BuyPrice":3500, "Ship":"orca", "ShipID":10 }
{ "timestamp":"2018-02-07T01:58:56Z", "event":"ModuleBuy", "Slot":"TinyHardpoint2", "BuyItem":"$hpt_plasmapointdefence_turret_tiny_name;", "BuyItem_Localised":"Точечная оборона", "BuyPrice":18546, "Ship":"orca", "ShipID":10 }
{ "timestamp":"2018-02-07T02:00:16Z", "event":"SetUserShipName", "Ship":"orca", "ShipID":10, "UserShipName":"SLEEPY", "UserShipId":"SL-07O" }
{ "timestamp":"2018-02-07T02:00:29Z", "event":"SetUserShipName", "Ship":"orca", "ShipID":10, "UserShipName":"SLEEPY", "UserShipId":"SR-315" }
{ "timestamp":"2018-02-07T02:01:00Z", "event":"ModuleBuy", "Slot":"Slot02_Size5", "SellItem":"$int_passengercabin_size4_class1_name;", "SellItem_Localised":"Каюта пассажира ЭК", "SellPrice":18954, "BuyItem":"$int_passengercabin_size5_class1_name;", "BuyItem_Localised":"Каюта пассажира ЭК", "BuyPrice":34954, "Ship":"orca", "ShipID":10 }
{ "timestamp":"2018-02-07T02:01:30Z", "event":"ModuleBuy", "Slot":"Slot03_Size5", "SellItem":"$int_cargorack_size4_class1_name;", "SellItem_Localised":"Груз. стеллаж", "SellPrice":34328, "BuyItem":"$int_passengercabin_size5_class2_name;", "BuyItem_Localised":"Каюта пассажира БК", "BuyPrice":92362, "Ship":"orca", "ShipID":10 }
{ "timestamp":"2018-02-07T02:02:22Z", "event":"ModuleBuy", "Slot":"Slot03_Size5", "SellItem":"$int_passengercabin_size5_class2_name;", "SellItem_Localised":"Каюта пассажира БК", "SellPrice":92362, "BuyItem":"$int_passengercabin_size5_class1_name;", "BuyItem_Localised":"Каюта пассажира ЭК", "BuyPrice":34954, "Ship":"orca", "ShipID":10 }
{ "timestamp":"2018-02-07T02:02:34Z", "event":"ModuleStore", "Slot":"Slot04_Size5", "StoredItem":"$int_shieldgenerator_size5_class1_name;", "StoredItem_Localised":"Щитогенератор", "Ship":"orca", "ShipID":10 }
{ "timestamp":"2018-02-07T02:02:43Z", "event":"ModuleSell", "Slot":"Slot05_Size4", "SellItem":"$int_cargorack_size3_class1_name;", "SellItem_Localised":"Груз. стеллаж", "SellPrice":10563, "Ship":"orca", "ShipID":10 }
{ "timestamp":"2018-02-07T02:03:01Z", "event":"ModuleBuy", "Slot":"Slot08_Size2", "SellItem":"$int_stellarbodydiscoveryscanner_standard_name;", "SellItem_Localised":"Сканер-детектор", "SellPrice":1000, "BuyItem":"$int_stellarbodydiscoveryscanner_advanced_name;", "BuyItem_Localised":"Сканер-детектор", "BuyPrice":1545000, "Ship":"orca", "ShipID":10 }
{ "timestamp":"2018-02-07T02:03:10Z", "event":"ModuleBuy", "Slot":"Slot07_Size2", "BuyItem":"$int_detailedsurfacescanner_tiny_name;", "BuyItem_Localised":"Сканер поверхностей", "BuyPrice":250000, "Ship":"orca", "ShipID":10 }
{ "timestamp":"2018-02-07T02:03:21Z", "event":"ModuleBuy", "Slot":"Slot06_Size3", "BuyItem":"$int_cargorack_size3_class1_name;", "BuyItem_Localised":"Груз. стеллаж", "BuyPrice":10563, "Ship":"orca", "ShipID":10 }
{ "timestamp":"2018-02-07T02:05:15Z", "event":"ModuleBuy", "Slot":"Slot05_Size4", "BuyItem":"$int_shieldgenerator_size4_class4_name;", "BuyItem_Localised":"Щитогенератор", "BuyPrice":536693, "Ship":"orca", "ShipID":10 }
{ "timestamp":"2018-02-07T02:05:21Z", "event":"ModuleSellRemote", "StorageSlot":60, "SellItem":"$int_shieldgenerator_size5_class1_name;", "SellItem_Localised":"Щитогенератор", "ServerId":128064278, "SellPrice":63012, "Ship":"orca", "ShipID":10 }
{ "timestamp":"2018-02-07T02:05:44Z", "event":"ModuleBuy", "Slot":"Slot04_Size5", "BuyItem":"$int_passengercabin_size5_class1_name;", "BuyItem_Localised":"Каюта пассажира ЭК", "BuyPrice":34954, "Ship":"orca", "ShipID":10 }
{ "timestamp":"2018-02-07T02:07:02Z", "event":"ModuleSell", "Slot":"MediumHardpoint1", "SellItem":"$hpt_pulselaser_fixed_small_name;", "SellItem_Localised":"Импульсный лазер", "SellPrice":2200, "Ship":"orca", "ShipID":10 }
{ "timestamp":"2018-02-07T02:07:10Z", "event":"ModuleSell", "Slot":"MediumHardpoint2", "SellItem":"$hpt_pulselaser_fixed_small_name;", "SellItem_Localised":"Импульсный лазер", "SellPrice":2200, "Ship":"orca", "ShipID":10 }
{ "timestamp":"2018-02-07T02:07:46Z", "event":"Undocked", "StationName":"Ising Vision", "StationType":"Coriolis" }
{ "timestamp":"2018-02-07T02:07:59Z", "event":"Music", "MusicTrack":"NoTrack" }
{ "timestamp":"2018-02-07T02:08:23Z", "event":"ReceiveText", "From":"Ising Vision", "Message":"$STATION_NoFireZone_exited;", "Message_Localised":"Вы вышли из зоны запрета огня", "Channel":"npc" }
{ "timestamp":"2018-02-07T02:09:01Z", "event":"Music", "MusicTrack":"GalaxyMap" }
{ "timestamp":"2018-02-07T02:09:12Z", "event":"Music", "MusicTrack":"SystemMap" }
{ "timestamp":"2018-02-07T02:09:24Z", "event":"Music", "MusicTrack":"GalaxyMap" }
{ "timestamp":"2018-02-07T02:09:27Z", "event":"Music", "MusicTrack":"NoTrack" }
{ "timestamp":"2018-02-07T02:09:33Z", "event":"ReceiveText", "From":"Ising Vision", "Message":"$DockingFailed_Distance:#distance=7500;", "Message_Localised":"В запросе на стыковку отказано, приблизьтесь на 7500 м", "Channel":"npc" }
{ "timestamp":"2018-02-07T02:09:33Z", "event":"DockingDenied", "Reason":"Distance", "StationName":"Ising Vision" }
{ "timestamp":"2018-02-07T02:10:15Z", "event":"ReceiveText", "From":"Ising Vision", "Message":"$STATION_NoFireZone_entered;", "Message_Localised":"Вы вошли в зону запрета огня", "Channel":"npc" }
{ "timestamp":"2018-02-07T02:10:31Z", "event":"DockingRequested", "StationName":"Ising Vision" }
{ "timestamp":"2018-02-07T02:10:31Z", "event":"ReceiveText", "From":"Ising Vision", "Message":"$DockingChatter_Neutral;", "Message_Localised":"Строго соблюдайте правила поведения в порту, пилот.", "Channel":"npc" }
{ "timestamp":"2018-02-07T02:10:34Z", "event":"ReceiveText", "From":"Ising Vision", "Message":"$STATION_docking_granted;", "Message_Localised":"Стыковка разрешена", "Channel":"npc" }
{ "timestamp":"2018-02-07T02:10:34Z", "event":"DockingGranted", "LandingPad":24, "StationName":"Ising Vision" }
{ "timestamp":"2018-02-07T02:10:49Z", "event":"Scanned", "ScanType":"Cargo" }
{ "timestamp":"2018-02-07T02:10:49Z", "event":"ReceiveText", "From":"$ShipName_Police_Independent;", "From_Localised":"Корабль властей системы", "Message":"$Police_ThankYouPassedStopAndSearch02;", "Message_Localised":"Вы чисты. Можете лететь, пилот.", "Channel":"npc" }
{ "timestamp":"2018-02-07T02:11:04Z", "event":"Music", "MusicTrack":"Starport" }
{ "timestamp":"2018-02-07T02:11:49Z", "event":"Docked", "StationName":"Ising Vision", "StationType":"Coriolis", "StarSystem":"Neto", "StationFaction":"Pixel Bandits Security Force", "StationGovernment":"$government_Democracy;", "StationGovernment_Localised":"Демократия", "StationServices":[ "Dock", "Autodock", "Commodities", "Contacts", "Exploration", "Missions", "Outfitting", "CrewLounge", "Rearm", "Refuel", "Repair", "Shipyard", "Tuning", "MissionsGenerated", "FlightController", "StationOperations", "Powerplay", "SearchAndRescue" ], "StationEconomy":"$economy_HighTech;", "StationEconomy_Localised":"Высокие технологии", "DistFromStarLS":666.067566 }
{ "timestamp":"2018-02-07T02:11:58Z", "event":"RefuelAll", "Cost":10, "Amount":0.058120 }
{ "timestamp":"2018-02-07T02:12:51Z", "event":"ModuleSell", "Slot":"Slot07_Size2", "SellItem":"$int_detailedsurfacescanner_tiny_name;", "SellItem_Localised":"Сканер поверхностей", "SellPrice":250000, "Ship":"orca", "ShipID":10 }
{ "timestamp":"2018-02-07T02:13:01Z", "event":"ModuleBuy", "Slot":"Slot07_Size2", "BuyItem":"$int_dockingcomputer_standard_name;", "BuyItem_Localised":"Стыковочный компьютер", "BuyPrice":4500, "Ship":"orca", "ShipID":10 }
{ "timestamp":"2018-02-07T02:14:07Z", "event":"Music", "MusicTrack":"GalaxyMap" }
{ "timestamp":"2018-02-07T02:14:15Z", "event":"Music", "MusicTrack":"Starport" }
{ "timestamp":"2018-02-07T02:15:53Z", "event":"Music", "MusicTrack":"SystemMap" }
{ "timestamp":"2018-02-07T02:15:55Z", "event":"Music", "MusicTrack":"Starport" }
{ "timestamp":"2018-02-07T02:16:09Z", "event":"Undocked", "StationName":"Ising Vision", "StationType":"Coriolis" }
{ "timestamp":"2018-02-07T02:16:28Z", "event":"Music", "MusicTrack":"NoTrack" }
{ "timestamp":"2018-02-07T02:17:20Z", "event":"StartJump", "JumpType":"Hyperspace", "StarSystem":"Wolf 864", "StarClass":"K" }
{ "timestamp":"2018-02-07T02:17:38Z", "event":"FSDJump", "StarSystem":"Wolf 864", "StarPos":[-55.531,-4.750,30.313], "SystemAllegiance":"", "SystemEconomy":"$economy_None;", "SystemEconomy_Localised":"Нет", "SystemGovernment":"$government_None;", "SystemGovernment_Localised":"Нет", "SystemSecurity":"$GAlAXY_MAP_INFO_state_anarchy;", "SystemSecurity_Localised":"Анархия", "Population":0, "JumpDist":19.891, "FuelUsed":2.945220, "FuelLevel":29.054779 }
{ "timestamp":"2018-02-07T02:17:39Z", "event":"Music", "MusicTrack":"Supercruise" }
{ "timestamp":"2018-02-07T02:18:07Z", "event":"StartJump", "JumpType":"Hyperspace", "StarSystem":"LP 339-7", "StarClass":"M" }
{ "timestamp":"2018-02-07T02:18:12Z", "event":"Music", "MusicTrack":"NoTrack" }
{ "timestamp":"2018-02-07T02:18:25Z", "event":"FSDJump", "StarSystem":"LP 339-7", "StarPos":[-70.063,-8.281,27.906], "SystemAllegiance":"Federation", "SystemEconomy":"$economy_Agri;", "SystemEconomy_Localised":"Сельское хозяйство", "SystemGovernment":"$government_Corporate;", "SystemGovernment_Localised":"Корпоративная", "SystemSecurity":"$SYSTEM_SECURITY_high;", "SystemSecurity_Localised":"Высок. ур. безопасности", "Population":18860097527, "JumpDist":15.147, "FuelUsed":1.488904, "FuelLevel":27.565874, "Factions":[ { "Name":"United Pontus League", "FactionState":"None", "Government":"Confederacy", "Influence":0.032000, "Allegiance":"Federation" }, { "Name":"Independent LP 339-7 Values Party", "FactionState":"Boom", "Government":"Democracy", "Influence":0.039000, "Allegiance":"Federation" }, { "Name":"Pilots Federation Local Branch", "FactionState":"None", "Government":"Democracy", "Influence":0.000000, "Allegiance":"PilotsFederation" }, { "Name":"LP 339-7 Blue Creative Inc", "FactionState":"Boom", "Government":"Corporate", "Influence":0.045000, "Allegiance":"Federation" }, { "Name":"League of LP 339-7", "FactionState":"Boom", "Government":"Dictatorship", "Influence":0.073000, "Allegiance":"Independent" }, { "Name":"LP 339-7 Public Inc", "FactionState":"None", "Government":"Corporate", "Influence":0.095000, "Allegiance":"Independent", "PendingStates":[ { "State":"Boom", "Trend":1 } ] }, { "Name":"Traditional LTT 15985 Focus", "FactionState":"Boom", "Government":"Dictatorship", "Influence":0.030000, "Allegiance":"Independent" }, { "Name":"LP 339-7 Blue Clan", "FactionState":"None", "Government":"Anarchy", "Influence":0.054000, "Allegiance":"Independent", "RecoveringStates":[ { "State":"Boom", "Trend":0 } ] }, { "Name":"Starship Enterprises", "FactionState":"Boom", "Government":"Corporate", "Influence":0.632000, "Allegiance":"Federation" } ], "SystemFaction":"Starship Enterprises", "FactionState":"Boom" }
{ "timestamp":"2018-02-07T02:18:26Z", "event":"Music", "MusicTrack":"DestinationFromHyperspace" }
{ "timestamp":"2018-02-07T02:18:31Z", "event":"Music", "MusicTrack":"Supercruise" }
{ "timestamp":"2018-02-07T02:18:54Z", "event":"Music", "MusicTrack":"GalaxyMap" }
{ "timestamp":"2018-02-07T02:19:05Z", "event":"Music", "MusicTrack":"Supercruise" }
{ "timestamp":"2018-02-07T02:19:16Z", "event":"ReceiveText", "From":"$ShipName_PassengerLiner_Cruise;", "From_Localised":"Круизное судно", "Message":"$CruiseLiner_SCPatrol03;", "Message_Localised":"В ходе сегодняшнего круиза вы увидите восхитительные пейзажи, а наши стюарды подробно расскажут вам обо всем.", "Channel":"npc" }
{ "timestamp":"2018-02-07T02:19:22Z", "event":"StartJump", "JumpType":"Hyperspace", "StarSystem":"Alrai Sector AV-Y b5", "StarClass":"M" }
{ "timestamp":"2018-02-07T02:19:27Z", "event":"Music", "MusicTrack":"NoTrack" }
{ "timestamp":"2018-02-07T02:19:41Z", "event":"FSDJump", "StarSystem":"Alrai Sector AV-Y b5", "StarPos":[-76.281,12.031,29.719], "SystemAllegiance":"", "SystemEconomy":"$economy_None;", "SystemEconomy_Localised":"Нет", "SystemGovernment":"$government_None;", "SystemGovernment_Localised":"Нет", "SystemSecurity":"$GAlAXY_MAP_INFO_state_anarchy;", "SystemSecurity_Localised":"Анархия", "Population":0, "JumpDist":21.320, "FuelUsed":3.415432, "FuelLevel":24.150442 }
{ "timestamp":"2018-02-07T02:19:41Z", "event":"Music", "MusicTrack":"Supercruise" }
{ "timestamp":"2018-02-07T02:20:26Z", "event":"StartJump", "JumpType":"Hyperspace", "StarSystem":"Amarak", "StarClass":"M" }
{ "timestamp":"2018-02-07T02:20:31Z", "event":"Music", "MusicTrack":"NoTrack" }
{ "timestamp":"2018-02-07T02:20:44Z", "event":"FSDJump", "StarSystem":"Amarak", "StarPos":[-68.438,26.000,26.469], "SystemAllegiance":"Federation", "SystemEconomy":"$economy_HighTech;", "SystemEconomy_Localised":"Высокие технологии", "SystemGovernment":"$government_Corporate;", "SystemGovernment_Localised":"Корпоративная", "SystemSecurity":"$SYSTEM_SECURITY_high;", "SystemSecurity_Localised":"Высок. ур. безопасности", "Population":10248421, "JumpDist":16.347, "FuelUsed":1.751567, "FuelLevel":22.398874, "Factions":[ { "Name":"Pilots Federation Local Branch", "FactionState":"None", "Government":"Democracy", "Influence":0.000000, "Allegiance":"PilotsFederation" }, { "Name":"Tarutaalli Group", "FactionState":"Boom", "Government":"Corporate", "Influence":0.110228, "Allegiance":"Federation" }, { "Name":"Amarak Comms Partners", "FactionState":"None", "Government":"Corporate", "Influence":0.614697, "Allegiance":"Federation", "PendingStates":[ { "State":"Boom", "Trend":1 } ] }, { "Name":"Amarak Dominion", "FactionState":"Boom", "Government":"Dictatorship", "Influence":0.071500, "Allegiance":"Independent" }, { "Name":"Amarak Silver Family", "FactionState":"War", "Government":"Anarchy", "Influence":0.035750, "Allegiance":"Independent", "PendingStates":[ { "State":"Boom", "Trend":1 } ] }, { "Name":"Syndicate of LHS 3385", "FactionState":"War", "Government":"Anarchy", "Influence":0.009930, "Allegiance":"Independent", "PendingStates":[ { "State":"Boom", "Trend":1 } ] }, { "Name":"Amarak Republic Party", "FactionState":"None", "Government":"Democracy", "Influence":0.112214, "Allegiance":"Federation", "PendingStates":[ { "State":"Boom", "Trend":1 }, { "State":"CivilUnrest", "Trend":-1 } ] }, { "Name":"Ronin of Amarak", "FactionState":"Retreat", "Government":"Anarchy", "Influence":0.045680, "Allegiance":"Independent", "RecoveringStates":[ { "State":"Boom", "Trend":1 } ] } ], "SystemFaction":"Amarak Comms Partners" }
{ "timestamp":"2018-02-07T02:20:44Z", "event":"Music", "MusicTrack":"Supercruise" }
{ "timestamp":"2018-02-07T02:23:21Z", "event":"SupercruiseExit", "StarSystem":"Amarak", "Body":"Vela Port", "BodyType":"Station" }
{ "timestamp":"2018-02-07T02:23:21Z", "event":"Music", "MusicTrack":"DestinationFromSupercruise" }
{ "timestamp":"2018-02-07T02:23:26Z", "event":"Music", "MusicTrack":"NoTrack" }
{ "timestamp":"2018-02-07T02:23:27Z", "event":"ReceiveText", "From":"Vela Port", "Message":"$STATION_NoFireZone_entered;", "Message_Localised":"Вы вошли в зону запрета огня", "Channel":"npc" }
{ "timestamp":"2018-02-07T02:23:30Z", "event":"DockingRequested", "StationName":"Vela Port" }
{ "timestamp":"2018-02-07T02:23:30Z", "event":"ReceiveText", "From":"Vela Port", "Message":"$DockingChatter_Allied;", "Message_Localised":"Такому союзнику, как вы, мы всегда рады.", "Channel":"npc" }
{ "timestamp":"2018-02-07T02:23:31Z", "event":"ReceiveText", "From":"Vela Port", "Message":"$STATION_docking_granted;", "Message_Localised":"Стыковка разрешена", "Channel":"npc" }
{ "timestamp":"2018-02-07T02:23:31Z", "event":"DockingGranted", "LandingPad":39, "StationName":"Vela Port" }
{ "timestamp":"2018-02-07T02:23:33Z", "event":"Music", "MusicTrack":"DockingComputer" }
{ "timestamp":"2018-02-07T02:24:17Z", "event":"Docked", "StationName":"Vela Port", "StationType":"Coriolis", "StarSystem":"Amarak", "StationFaction":"Amarak Comms Partners", "StationGovernment":"$government_Corporate;", "StationGovernment_Localised":"Корпоративная", "StationAllegiance":"Federation", "StationServices":[ "Dock", "Autodock", "BlackMarket", "Commodities", "Contacts", "Exploration", "Missions", "Outfitting", "CrewLounge", "Rearm", "Refuel", "Repair", "Shipyard", "Tuning", "MissionsGenerated", "FlightController", "StationOperations", "Powerplay", "SearchAndRescue" ], "StationEconomy":"$economy_HighTech;", "StationEconomy_Localised":"Высокие технологии", "DistFromStarLS":1179.157959 }
{ "timestamp":"2018-02-07T02:24:17Z", "event":"Music", "MusicTrack":"Starport" }
{ "timestamp":"2018-02-07T02:26:39Z", "event":"RefuelAll", "Cost":490, "Amount":9.765144 }
{ "timestamp":"2018-02-07T02:26:40Z", "event":"BuyAmmo", "Cost":25 }
{ "timestamp":"2018-02-07T02:26:45Z", "event":"ReceiveText", "From":"$npc_name_decorate:#name=John Belfast Smyth;", "From_Localised":"John Belfast Smyth", "Message":"$Commuter_AuthorityScan06;", "Message_Localised":"Что происходит, инспектор?", "Channel":"npc" }
{ "timestamp":"2018-02-07T02:27:42Z", "event":"ModuleSell", "Slot":"Slot04_Size5", "SellItem":"$int_passengercabin_size5_class1_name;", "SellItem_Localised":"Каюта пассажира ЭК", "SellPrice":34954, "Ship":"orca", "ShipID":10 }
{ "timestamp":"2018-02-07T02:28:23Z", "event":"ModuleBuy", "Slot":"Slot04_Size5", "BuyItem":"$int_fuelscoop_size4_class5_name;", "BuyItem_Localised":"Топливозаборник", "BuyPrice":2862364, "Ship":"orca", "ShipID":10 }
{ "timestamp":"2018-02-07T02:28:35Z", "event":"ModuleSwap", "FromSlot":"Slot04_Size5", "ToSlot":"Slot05_Size4", "FromItem":"$int_fuelscoop_size4_class5_name;", "FromItem_Localised":"Топливозаборник", "ToItem":"$int_shieldgenerator_size4_class4_name;", "ToItem_Localised":"Щитогенератор", "Ship":"orca", "ShipID":10 }
{ "timestamp":"2018-02-07T02:29:20Z", "event":"ModuleSwap", "FromSlot":"Slot05_Size4", "ToSlot":"Slot04_Size5", "FromItem":"$int_fuelscoop_size4_class5_name;", "FromItem_Localised":"Топливозаборник", "ToItem":"$int_shieldgenerator_size4_class4_name;", "ToItem_Localised":"Щитогенератор", "Ship":"orca", "ShipID":10 }
{ "timestamp":"2018-02-07T02:29:54Z", "event":"ModuleBuy", "Slot":"Slot04_Size5", "SellItem":"$int_fuelscoop_size4_class5_name;", "SellItem_Localised":"Топливозаборник", "SellPrice":2862364, "BuyItem":"$int_fuelscoop_size5_class4_name;", "BuyItem_Localised":"Топливозаборник", "BuyPrice":2268424, "Ship":"orca", "ShipID":10 }
{ "timestamp":"2018-02-07T02:33:10Z", "event":"ModuleBuy", "Slot":"PowerPlant", "SellItem":"$int_powerplant_size3_class5_name;", "SellItem_Localised":"Силовая установка", "SellPrice":507912, "BuyItem":"$int_powerplant_size5_class5_name;", "BuyItem_Localised":"Силовая установка", "BuyPrice":5103953, "Ship":"orca", "ShipID":10 }
{ "timestamp":"2018-02-07T02:33:11Z", "event":"ShieldState", "ShieldsUp":false }
{ "timestamp":"2018-02-07T02:33:14Z", "event":"ShieldState", "ShieldsUp":true }
{ "timestamp":"2018-02-07T02:34:14Z", "event":"ModuleBuy", "Slot":"Slot05_Size4", "SellItem":"$int_shieldgenerator_size4_class4_name;", "SellItem_Localised":"Щитогенератор", "SellPrice":536693, "BuyItem":"$int_shieldgenerator_size3_class5_name;", "BuyItem_Localised":"Щитогенератор", "BuyPrice":507912, "Ship":"orca", "ShipID":10 }
{ "timestamp":"2018-02-07T02:35:34Z", "event":"MissionAccepted", "Faction":"Tarutaalli Group", "Name":"Mission_PassengerBulk_BUSINESS_ARRIVING", "LocalisedName":"Деловые люди (22) в поиске транспорта ", "DestinationSystem":"BD+35 3145", "DestinationStation":"Metcalf Vision", "Expiry":"2018-02-07T05:34:17Z", "Influence":"High", "Reputation":"Low", "Reward":1204632, "PassengerCount":22, "PassengerVIPs":false, "PassengerWanted":false, "PassengerType":"Business", "MissionID":310180284 }
{ "timestamp":"2018-02-07T02:36:06Z", "event":"Music", "MusicTrack":"GalaxyMap" }
{ "timestamp":"2018-02-07T02:36:13Z", "event":"Music", "MusicTrack":"Starport" }
{ "timestamp":"2018-02-07T02:37:09Z", "event":"ModuleBuy", "Slot":"Slot02_Size5", "SellItem":"$int_passengercabin_size5_class1_name;", "SellItem_Localised":"Каюта пассажира ЭК", "SellPrice":34954, "BuyItem":"$int_passengercabin_size3_class2_name;", "BuyItem_Localised":"Каюта пассажира БК", "BuyPrice":26705, "Ship":"orca", "ShipID":10 }
{ "timestamp":"2018-02-07T02:37:25Z", "event":"ModuleBuy", "Slot":"Slot02_Size5", "SellItem":"$int_passengercabin_size3_class2_name;", "SellItem_Localised":"Каюта пассажира БК", "SellPrice":26705, "BuyItem":"$int_passengercabin_size5_class1_name;", "BuyItem_Localised":"Каюта пассажира ЭК", "BuyPrice":34954, "Ship":"orca", "ShipID":10 }
{ "timestamp":"2018-02-07T02:37:50Z", "event":"MissionAccepted", "Faction":"Amarak Comms Partners", "Name":"Mission_PassengerVIP", "LocalisedName":"Доставьте Ammy Moser", "Commodity":"$DomesticAppliances_Name;", "Commodity_Localised":"Бытовая техника", "Count":3, "DestinationSystem":"Venetic", "DestinationStation":"Boulton Station", "Expiry":"2018-02-07T05:07:01Z", "Influence":"Med", "Reputation":"High", "Reward":509040, "PassengerCount":6, "PassengerVIPs":true, "PassengerWanted":false, "PassengerType":"Tourist", "MissionID":310181238 }
{ "timestamp":"2018-02-07T02:38:04Z", "event":"MissionAccepted", "Faction":"Amarak Comms Partners", "Name":"Mission_PassengerVIP", "LocalisedName":"Доставьте Itzayana Richard", "Commodity":"$ConsumerTechnology_Name;", "Commodity_Localised":"Потребительские товары", "Count":3, "DestinationSystem":"Lhangkambe", "DestinationStation":"Detmer Orbital", "Expiry":"2018-02-07T05:47:10Z", "Influence":"Med", "Reputation":"High", "Reward":1762560, "PassengerCount":2, "PassengerVIPs":true, "PassengerWanted":false, "PassengerType":"Tourist", "MissionID":310181321 }
{ "timestamp":"2018-02-07T02:38:33Z", "event":"ModuleBuy", "Slot":"Slot06_Size3", "SellItem":"$int_cargorack_size3_class1_name;", "SellItem_Localised":"Груз. стеллаж", "SellPrice":10563, "BuyItem":"$int_passengercabin_size3_class1_name;", "BuyItem_Localised":"Каюта пассажира ЭК", "BuyPrice":8657, "Ship":"orca", "ShipID":10 }
{ "timestamp":"2018-02-07T02:39:18Z", "event":"ReceiveText", "From":"$npc_name_decorate:#name=Taryn Cross;", "From_Localised":"Taryn Cross", "Message":"$Commuter_HostileScan04;", "Message_Localised":"Ты ищешь не этот торговый корабль.", "Channel":"npc" }
{ "timestamp":"2018-02-07T02:39:40Z", "event":"MissionAccepted", "Faction":"Amarak Comms Partners", "Name":"Mission_PassengerVIP", "LocalisedName":"Доставьте Hadley Key", "Commodity":"$ConsumerTechnology_Name;", "Commodity_Localised":"Потребительские товары", "Count":3, "DestinationSystem":"Lhangkambe", "DestinationStation":"Detmer Orbital", "Expiry":"2018-02-07T05:05:39Z", "Influence":"Med", "Reputation":"High", "Reward":1214872, "PassengerCount":3, "PassengerVIPs":true, "PassengerWanted":false, "PassengerType":"Tourist", "MissionID":310182078 }
{ "timestamp":"2018-02-07T02:39:53Z", "event":"Music", "MusicTrack":"GalaxyMap" }
{ "timestamp":"2018-02-07T02:40:06Z", "event":"Undocked", "StationName":"Vela Port", "StationType":"Coriolis" }
{ "timestamp":"2018-02-07T02:40:14Z", "event":"Music", "MusicTrack":"Starport" }
{ "timestamp":"2018-02-07T02:40:26Z", "event":"Music", "MusicTrack":"NoTrack" }
{ "timestamp":"2018-02-07T02:40:58Z", "event":"StartJump", "JumpType":"Hyperspace", "StarSystem":"Lhangkambe", "StarClass":"F" }
{ "timestamp":"2018-02-07T02:41:17Z", "event":"FSDJump", "StarSystem":"Lhangkambe", "StarPos":[-67.125,20.938,14.875], "SystemAllegiance":"Independent", "SystemEconomy":"$economy_Agri;", "SystemEconomy_Localised":"Сельское хозяйство", "SystemGovernment":"$government_Corporate;", "SystemGovernment_Localised":"Корпоративная", "SystemSecurity":"$SYSTEM_SECURITY_high;", "SystemSecurity_Localised":"Высок. ур. безопасности", "Population":1904307663, "JumpDist":12.719, "FuelUsed":0.897601, "FuelLevel":31.102398, "Factions":[ { "Name":"Independent Lhangkambe Free", "FactionState":"CivilWar", "Government":"Democracy", "Influence":0.055944, "Allegiance":"Federation" }, { "Name":"Pilots Federation Local Branch", "FactionState":"None", "Government":"Democracy", "Influence":0.000000, "Allegiance":"PilotsFederation" }, { "Name":"Revolutionary G 205-47 Confederation", "FactionState":"Boom", "Government":"Confederacy", "Influence":0.122877, "Allegiance":"Federation" }, { "Name":"Coalition of Uluri", "FactionState":"None", "Government":"Confederacy", "Influence":0.109890, "Allegiance":"Federation", "PendingStates":[ { "State":"Boom", "Trend":1 } ] }, { "Name":"Lhangkambe Energy Services", "FactionState":"CivilWar", "Government":"Corporate", "Influence":0.086913, "Allegiance":"Federation" }, { "Name":"League of Lhangkambe", "FactionState":"Boom", "Government":"Dictatorship", "Influence":0.133866, "Allegiance":"Independent" }, { "Name":"Lhangkambe Natural & Co", "FactionState":"Boom", "Government":"Corporate", "Influence":0.291708, "Allegiance":"Independent", "PendingStates":[ { "State":"Outbreak", "Trend":0 } ] }, { "Name":"Allied Lhangkambe Conservatives", "FactionState":"Boom", "Government":"Dictatorship", "Influence":0.198801, "Allegiance":"Independent", "RecoveringStates":[ { "State":"Outbreak", "Trend":0 } ] } ], "SystemFaction":"Lhangkambe Natural & Co", "FactionState":"Boom" }
{ "timestamp":"2018-02-07T02:41:17Z", "event":"Music", "MusicTrack":"DestinationFromHyperspace" }
{ "timestamp":"2018-02-07T02:41:22Z", "event":"Music", "MusicTrack":"Supercruise" }
{ "timestamp":"2018-02-07T02:41:26Z", "event":"FuelScoop", "Scooped":0.897598, "Total":32.000000 }
{ "timestamp":"2018-02-07T02:57:42Z", "event":"ReceiveText", "From":"$ShipName_PassengerLiner_Cruise;", "From_Localised":"Круизное судно", "Message":"$CruiseLiner_SCPatrol01;", "Message_Localised":"И не забывайте, этот лайнер – в числе 1% лучших лайнеров.", "Channel":"npc" }
{ "timestamp":"2018-02-07T02:58:29Z", "event":"ReceiveText", "From":"$ShipName_PassengerLiner_Cruise;", "From_Localised":"Круизное судно", "Message":"$CruiseLiner_SCPatrol03;", "Message_Localised":"В ходе сегодняшнего круиза вы увидите восхитительные пейзажи, а наши стюарды подробно расскажут вам обо всем.", "Channel":"npc" }
{ "timestamp":"2018-02-07T02:59:08Z", "event":"ReceiveText", "From":"$ShipName_PassengerLiner_Cruise;", "From_Localised":"Круизное судно", "Message":"$CruiseLiner_SCPatrol03;", "Message_Localised":"В ходе сегодняшнего круиза вы увидите восхитительные пейзажи, а наши стюарды подробно расскажут вам обо всем.", "Channel":"npc" }
{ "timestamp":"2018-02-07T02:59:20Z", "event":"SupercruiseExit", "StarSystem":"Lhangkambe", "Body":"Detmer Orbital", "BodyType":"Station" }
{ "timestamp":"2018-02-07T02:59:21Z", "event":"Music", "MusicTrack":"DestinationFromSupercruise" }
{ "timestamp":"2018-02-07T02:59:22Z", "event":"ReceiveText", "From":"Detmer Orbital", "Message":"$STATION_NoFireZone_entered;", "Message_Localised":"Вы вошли в зону запрета огня", "Channel":"npc" }
{ "timestamp":"2018-02-07T02:59:26Z", "event":"Music", "MusicTrack":"NoTrack" }
{ "timestamp":"2018-02-07T02:59:39Z", "event":"DockingRequested", "StationName":"Detmer Orbital" }
{ "timestamp":"2018-02-07T02:59:39Z", "event":"ReceiveText", "From":"Detmer Orbital", "Message":"$DockingChatter_Neutral;", "Message_Localised":"Строго соблюдайте правила поведения в порту, пилот.", "Channel":"npc" }
{ "timestamp":"2018-02-07T02:59:41Z", "event":"ReceiveText", "From":"Detmer Orbital", "Message":"$STATION_docking_granted;", "Message_Localised":"Стыковка разрешена", "Channel":"npc" }
{ "timestamp":"2018-02-07T02:59:41Z", "event":"DockingGranted", "LandingPad":40, "StationName":"Detmer Orbital" }
{ "timestamp":"2018-02-07T02:59:45Z", "event":"Music", "MusicTrack":"DockingComputer" }
{ "timestamp":"2018-02-07T03:00:31Z", "event":"Docked", "StationName":"Detmer Orbital", "StationType":"Orbis", "StarSystem":"Lhangkambe", "StationFaction":"Lhangkambe Natural & Co", "FactionState":"Boom", "StationGovernment":"$government_Corporate;", "StationGovernment_Localised":"Корпоративная", "StationServices":[ "Dock", "Autodock", "Commodities", "Contacts", "Exploration", "Missions", "Outfitting", "CrewLounge", "Rearm", "Refuel", "Repair", "Shipyard", "Tuning", "MissionsGenerated", "FlightController", "StationOperations", "Powerplay", "SearchAndRescue" ], "StationEconomy":"$economy_Industrial;", "StationEconomy_Localised":"Промышленность", "DistFromStarLS":422164.781250 }
{ "timestamp":"2018-02-07T03:00:31Z", "event":"Music", "MusicTrack":"Starport" }
{ "timestamp":"2018-02-07T03:02:44Z", "event":"MissionCompleted", "Faction":"Revolutionary G 205-47 Confederation", "Name":"Mission_PassengerVIP_name", "MissionID":310181321, "Commodity":"$ConsumerTechnology_Name;", "Commodity_Localised":"Потребительские товары", "Count":3, "DestinationSystem":"Lhangkambe", "DestinationStation":"Detmer Orbital", "Reward":1762560 }
{ "timestamp":"2018-02-07T03:02:56Z", "event":"Music", "MusicTrack":"GalaxyMap" }
{ "timestamp":"2018-02-07T03:03:06Z", "event":"Music", "MusicTrack":"Starport" }
{ "timestamp":"2018-02-07T03:03:59Z", "event":"Undocked", "StationName":"Detmer Orbital", "StationType":"Orbis" }
{ "timestamp":"2018-02-07T03:04:17Z", "event":"Music", "MusicTrack":"NoTrack" }
{ "timestamp":"2018-02-07T03:04:50Z", "event":"StartJump", "JumpType":"Hyperspace", "StarSystem":"BD+35 3145", "StarClass":"M" }
{ "timestamp":"2018-02-07T03:05:08Z", "event":"FSDJump", "StarSystem":"BD+35 3145", "StarPos":[-55.844,28.250,29.063], "SystemAllegiance":"Federation", "SystemEconomy":"$economy_Industrial;", "SystemEconomy_Localised":"Промышленность", "SystemGovernment":"$government_Corporate;", "SystemGovernment_Localised":"Корпоративная", "SystemSecurity":"$SYSTEM_SECURITY_low;", "SystemSecurity_Localised":"Низк. ур. безопасности", "Population":1645369, "JumpDist":19.545, "FuelUsed":2.571913, "FuelLevel":29.428087, "Factions":[ { "Name":"BD+35 3145 Company", "FactionState":"Retreat", "Government":"Corporate", "Influence":0.272000, "Allegiance":"Federation", "PendingStates":[ { "State":"Boom", "Trend":1 } ] }, { "Name":"Pilots Federation Local Branch", "FactionState":"None", "Government":"Democracy", "Influence":0.000000, "Allegiance":"PilotsFederation" }, { "Name":"Halai Republic Party", "FactionState":"Boom", "Government":"Democracy", "Influence":0.170000, "Allegiance":"Federation", "PendingStates":[ { "State":"Lockdown", "Trend":1 } ], "RecoveringStates":[ { "State":"Election", "Trend":0 } ] }, { "Name":"BD+35 3145 Revolutionary Party", "FactionState":"Boom", "Government":"Communism", "Influence":0.124000, "Allegiance":"Independent", "RecoveringStates":[ { "State":"Election", "Trend":0 } ] }, { "Name":"LP 280-9 United Holdings", "FactionState":"Boom", "Government":"Corporate", "Influence":0.062000, "Allegiance":"Federation" }, { "Name":"Icontia Partnership", "FactionState":"Boom", "Government":"Confederacy", "Influence":0.159000, "Allegiance":"Federation" }, { "Name":"Bureau of BD+35 3145", "FactionState":"Boom", "Government":"Dictatorship", "Influence":0.081000, "Allegiance":"Independent" }, { "Name":"BD+35 3145 Blue Cartel", "FactionState":"Boom", "Government":"Anarchy", "Influence":0.132000, "Allegiance":"Independent" } ], "SystemFaction":"BD+35 3145 Company", "FactionState":"Retreat" }
{ "timestamp":"2018-02-07T03:05:09Z", "event":"Music", "MusicTrack":"DestinationFromHyperspace" }
{ "timestamp":"2018-02-07T03:05:14Z", "event":"Music", "MusicTrack":"Supercruise" }
{ "timestamp":"2018-02-07T03:05:23Z", "event":"FuelScoop", "Scooped":2.571924, "Total":32.000000 }
{ "timestamp":"2018-02-07T03:10:12Z", "event":"SupercruiseExit", "StarSystem":"BD+35 3145", "Body":"Metcalf Vision", "BodyType":"Station" }
{ "timestamp":"2018-02-07T03:10:13Z", "event":"Music", "MusicTrack":"DestinationFromSupercruise" }
{ "timestamp":"2018-02-07T03:10:18Z", "event":"Music", "MusicTrack":"NoTrack" }
{ "timestamp":"2018-02-07T03:10:19Z", "event":"ReceiveText", "From":"Metcalf Vision", "Message":"$STATION_NoFireZone_entered;", "Message_Localised":"Вы вошли в зону запрета огня", "Channel":"npc" }
{ "timestamp":"2018-02-07T03:10:24Z", "event":"DockingRequested", "StationName":"Metcalf Vision" }
{ "timestamp":"2018-02-07T03:10:24Z", "event":"ReceiveText", "From":"Metcalf Vision", "Message":"$DockingChatter_Neutral;", "Message_Localised":"Строго соблюдайте правила поведения в порту, пилот.", "Channel":"npc" }
{ "timestamp":"2018-02-07T03:10:26Z", "event":"ReceiveText", "From":"Metcalf Vision", "Message":"$STATION_docking_granted;", "Message_Localised":"Стыковка разрешена", "Channel":"npc" }
{ "timestamp":"2018-02-07T03:10:26Z", "event":"DockingGranted", "LandingPad":2, "StationName":"Metcalf Vision" }
{ "timestamp":"2018-02-07T03:10:28Z", "event":"Music", "MusicTrack":"DockingComputer" }
{ "timestamp":"2018-02-07T03:11:08Z", "event":"Docked", "StationName":"Metcalf Vision", "StationType":"Coriolis", "StarSystem":"BD+35 3145", "StationFaction":"BD+35 3145 Company", "FactionState":"Retreat", "StationGovernment":"$government_Corporate;", "StationGovernment_Localised":"Корпоративная", "StationAllegiance":"Federation", "StationServices":[ "Dock", "Autodock", "BlackMarket", "Commodities", "Contacts", "Exploration", "Missions", "Outfitting", "CrewLounge", "Rearm", "Refuel", "Repair", "Shipyard", "Tuning", "MissionsGenerated", "Facilitator", "FlightController", "StationOperations", "Powerplay", "SearchAndRescue" ], "StationEconomy":"$economy_Industrial;", "StationEconomy_Localised":"Промышленность", "DistFromStarLS":11443.538086 }
{ "timestamp":"2018-02-07T03:11:08Z", "event":"Music", "MusicTrack":"Starport" }
{ "timestamp":"2018-02-07T03:11:39Z", "event":"RefuelAll", "Cost":35, "Amount":0.683917 }
{ "timestamp":"2018-02-07T03:12:02Z", "event":"MissionCompleted", "Faction":"Halai Republic Party", "Name":"Mission_PassengerBulk_BUSINESS_ARRIVING_name", "MissionID":310180284, "DestinationSystem":"BD+35 3145", "DestinationStation":"Metcalf Vision", "Reward":1204632 }
{ "timestamp":"2018-02-07T03:12:13Z", "event":"Music", "MusicTrack":"GalaxyMap" }
{ "timestamp":"2018-02-07T03:12:23Z", "event":"Music", "MusicTrack":"Starport" }
{ "timestamp":"2018-02-07T03:12:40Z", "event":"Undocked", "StationName":"Metcalf Vision", "StationType":"Coriolis" }
{ "timestamp":"2018-02-07T03:12:54Z", "event":"Music", "MusicTrack":"NoTrack" }
{ "timestamp":"2018-02-07T03:13:16Z", "event":"Scanned", "ScanType":"Cargo" }
{ "timestamp":"2018-02-07T03:13:16Z", "event":"ReceiveText", "From":"$ShipName_Police_Federation;", "From_Localised":"Федеральная служба безопасности", "Message":"$Police_ThankYouPassedStopAndSearch09;", "Message_Localised":"Летите дальше, командир. Мы закончили.", "Channel":"npc" }
{ "timestamp":"2018-02-07T03:13:32Z", "event":"ReceiveText", "From":"Metcalf Vision", "Message":"$STATION_NoFireZone_exited;", "Message_Localised":"Вы вышли из зоны запрета огня", "Channel":"npc" }
{ "timestamp":"2018-02-07T03:13:38Z", "event":"StartJump", "JumpType":"Hyperspace", "StarSystem":"Venetic", "StarClass":"G" }
{ "timestamp":"2018-02-07T03:13:56Z", "event":"FSDJump", "StarSystem":"Venetic", "StarPos":[-68.438,14.813,35.063], "SystemAllegiance":"Federation", "SystemEconomy":"$economy_Refinery;", "SystemEconomy_Localised":"Переработка", "SystemGovernment":"$government_Democracy;", "SystemGovernment_Localised":"Демократия", "SystemSecurity":"$SYSTEM_SECURITY_high;", "SystemSecurity_Localised":"Высок. ур. безопасности", "Population":12364763, "JumpDist":19.369, "FuelUsed":2.515491, "FuelLevel":29.484509, "Factions":[ { "Name":"Ross 163 Liberals", "FactionState":"War", "Government":"Democracy", "Influence":0.067000, "Allegiance":"Federation", "PendingStates":[ { "State":"Boom", "Trend":1 }, { "State":"Lockdown", "Trend":0 } ] }, { "Name":"V774 Herculis Transport Company", "FactionState":"War", "Government":"Corporate", "Influence":0.044000, "Allegiance":"Federation", "PendingStates":[ { "State":"Boom", "Trend":1 } ] }, { "Name":"Movement for Venetic Progressive Party", "FactionState":"None", "Government":"Democracy", "Influence":0.381000, "Allegiance":"Federation", "PendingStates":[ { "State":"Lockdown", "Trend":0 } ], "RecoveringStates":[ { "State":"Boom", "Trend":0 } ] }, { "Name":"Pilots Federation Local Branch", "FactionState":"None", "Government":"Democracy", "Influence":0.000000, "Allegiance":"PilotsFederation" }, { "Name":"Venetic Silver Legal Services", "FactionState":"None", "Government":"Corporate", "Influence":0.137000, "Allegiance":"Independent", "PendingStates":[ { "State":"Boom", "Trend":1 } ] }, { "Name":"League of Venetic Liberty Party", "FactionState":"War", "Government":"Dictatorship", "Influence":0.011000, "Allegiance":"Independent", "PendingStates":[ { "State":"Boom", "Trend":1 } ] }, { "Name":"Syndicate of Venetic", "FactionState":"War", "Government":"Anarchy", "Influence":0.065000, "Allegiance":"Independent", "RecoveringStates":[ { "State":"Boom", "Trend":0 } ] }, { "Name":"Venetic Silver Allied Corp", "FactionState":"Boom", "Government":"Corporate", "Influence":0.295000, "Allegiance":"Independent" } ], "SystemFaction":"Movement for Venetic Progressive Party" }
{ "timestamp":"2018-02-07T03:13:57Z", "event":"Music", "MusicTrack":"DestinationFromHyperspace" }
{ "timestamp":"2018-02-07T03:14:02Z", "event":"Music", "MusicTrack":"Supercruise" }
{ "timestamp":"2018-02-07T03:14:08Z", "event":"SupercruiseExit", "StarSystem":"Venetic", "Body":"Venetic A", "BodyType":"Star" }
{ "timestamp":"2018-02-07T03:14:08Z", "event":"Music", "MusicTrack":"Exploration" }
{ "timestamp":"2018-02-07T03:15:08Z", "event":"HeatWarning" }
{ "timestamp":"2018-02-07T03:15:10Z", "event":"StartJump", "JumpType":"Supercruise" }
{ "timestamp":"2018-02-07T03:15:15Z", "event":"SupercruiseEntry", "StarSystem":"Venetic" }
{ "timestamp":"2018-02-07T03:15:15Z", "event":"HeatWarning" }
{ "timestamp":"2018-02-07T03:15:15Z", "event":"Music", "MusicTrack":"Supercruise" }
{ "timestamp":"2018-02-07T03:15:27Z", "event":"FuelScoop", "Scooped":0.582777, "Total":31.997379 }
{ "timestamp":"2018-02-07T03:17:13Z", "event":"ApproachSettlement", "Name":"Bergerac Gateway" }
{ "timestamp":"2018-02-07T03:17:18Z", "event":"ApproachSettlement", "Name":"Simak Vision" }
{ "timestamp":"2018-02-07T03:17:31Z", "event":"SupercruiseExit", "StarSystem":"Venetic", "Body":"Boulton Station", "BodyType":"Station" }
{ "timestamp":"2018-02-07T03:17:32Z", "event":"Music", "MusicTrack":"DestinationFromSupercruise" }
{ "timestamp":"2018-02-07T03:17:37Z", "event":"Music", "MusicTrack":"NoTrack" }
{ "timestamp":"2018-02-07T03:17:37Z", "event":"ReceiveText", "From":"Boulton Station", "Message":"$STATION_NoFireZone_entered;", "Message_Localised":"Вы вошли в зону запрета огня", "Channel":"npc" }
{ "timestamp":"2018-02-07T03:17:42Z", "event":"DockingRequested", "StationName":"Boulton Station" }
{ "timestamp":"2018-02-07T03:17:42Z", "event":"ReceiveText", "From":"Boulton Station", "Message":"$DockingChatter_Neutral;", "Message_Localised":"Строго соблюдайте правила поведения в порту, пилот.", "Channel":"npc" }
{ "timestamp":"2018-02-07T03:17:43Z", "event":"ReceiveText", "From":"Boulton Station", "Message":"$STATION_docking_granted;", "Message_Localised":"Стыковка разрешена", "Channel":"npc" }
{ "timestamp":"2018-02-07T03:17:43Z", "event":"DockingGranted", "LandingPad":9, "StationName":"Boulton Station" }
{ "timestamp":"2018-02-07T03:17:47Z", "event":"Music", "MusicTrack":"DockingComputer" }
{ "timestamp":"2018-02-07T03:18:22Z", "event":"Scanned", "ScanType":"Cargo" }
{ "timestamp":"2018-02-07T03:18:23Z", "event":"ReceiveText", "From":"$ShipName_Police_Federation;", "From_Localised":"Федеральная служба безопасности", "Message":"$Police_Attack05;", "Message_Localised":"Вы разыскиваетесь в этом секторе. Вступаю в бой.", "Channel":"npc" }
{ "timestamp":"2018-02-07T03:18:23Z", "event":"ReceiveText", "From":"Boulton Station", "Message":"$DockingFailed_Hostile;", "Message_Localised":"У преступников нет привилегий на стыковку, разрешен летальный ответ", "Channel":"npc" }
{ "timestamp":"2018-02-07T03:18:23Z", "event":"DockingDenied", "Reason":"Hostile", "StationName":"Boulton Station" }
{ "timestamp":"2018-02-07T03:18:23Z", "event":"Music", "MusicTrack":"NoTrack" }
{ "timestamp":"2018-02-07T03:18:23Z", "event":"ReceiveText", "From":"Boulton Station", "Message":"$DockingTresspassWarningComms;", "Message_Localised":"Обнаружено нарушение – промедление, немедленно покиньте космопорт во избежание летального ответа", "Channel":"npc" }
{ "timestamp":"2018-02-07T03:18:23Z", "event":"ReceiveText", "From":"$ShipName_Police_Federation;", "From_Localised":"Федеральная служба безопасности", "Message":"$Police_Attack12;", "Message_Localised":"Никто не может победить закон.", "Channel":"npc" }
{ "timestamp":"2018-02-07T03:18:23Z", "event":"Music", "MusicTrack":"Combat_Dogfight" }
{ "timestamp":"2018-02-07T03:18:33Z", "event":"CommitCrime", "CrimeType":"dockingMinorTresspass", "Faction":"Movement for Venetic Progressive Party", "Fine":400 }
