{ "timestamp":"2017-12-11T22:43:34Z", "event":"Fileheader", "part":1, "language":"Russian\\RU", "gameversion":"2.4", "build":"r160439/r0 " }
{ "timestamp":"2017-12-11T22:43:34Z", "event":"Music", "MusicTrack":"NoTrack" }
{ "timestamp":"2017-12-11T22:43:34Z", "event":"Music", "MusicTrack":"MainMenu" }
{ "timestamp":"2017-12-11T22:44:18Z", "event":"Cargo", "Inventory":[ { "Name":"occupiedcryopod", "Count":5 } ] }
{ "timestamp":"2017-12-11T22:44:18Z", "event":"Loadout", "Ship":"CobraMkIII", "ShipID":1, "ShipName":"SLEEPY-ONE", "ShipIdent":"#SLEEP", "Modules":[ { "Slot":"MediumHardpoint1", "Item":"Hpt_PulseLaser_Gimbal_Medium", "On":true, "Priority":0, "Health":1.000000, "Value":35400 }, { "Slot":"MediumHardpoint2", "Item":"Hpt_PulseLaser_Gimbal_Medium", "On":true, "Priority":0, "Health":1.000000, "Value":35400 }, { "Slot":"SmallHardpoint1", "Item":"Hpt_MultiCannon_Gimbal_Small", "On":true, "Priority":0, "AmmoInClip":90, "AmmoInHopper":2100, "Health":1.000000, "Value":12825 }, { "Slot":"SmallHardpoint2", "Item":"Hpt_MultiCannon_Gimbal_Small", "On":true, "Priority":0, "AmmoInClip":90, "AmmoInHopper":2100, "Health":1.000000, "Value":12825 }, { "Slot":"TinyHardpoint1", "Item":"Hpt_CloudScanner_Size0_Class2", "On":true, "Priority":0, "Health":1.000000, "Value":40633 }, { "Slot":"TinyHardpoint2", "Item":"Hpt_CrimeScanner_Size0_Class2", "On":true, "Priority":0, "Health":1.000000, "Value":40633 }, { "Slot":"PaintJob", "Item":"PaintJob_CobraMkIII_Militaire_Sand", "On":true, "Priority":1, "Health":1.000000, "Value":0 }, { "Slot":"Armour", "Item":"CobraMkIII_Armour_Grade1", "On":true, "Priority":1, "Health":1.000000, "Value":0 }, { "Slot":"PowerPlant", "Item":"Int_Powerplant_Size4_Class5", "On":true, "Priority":1, "Health":1.000000, "Value":1610080 }, { "Slot":"MainEngines", "Item":"Int_Engine_Size4_Class1", "On":true, "Priority":2, "Health":1.000000, "Value":19878 }, { "Slot":"FrameShiftDrive", "Item":"Int_Hyperdrive_Size4_Class1", "On":true, "Priority":2, "Health":1.000000, "Value":19878 }, { "Slot":"LifeSupport", "Item":"Int_LifeSupport_Size3_Class1", "On":true, "Priority":2, "Health":1.000000, "Value":4053 }, { "Slot":"PowerDistributor", "Item":"Int_PowerDistributor_Size3_Class5", "On":true, "Priority":0, "Health":1.000000, "Value":158331 }, { "Slot":"Radar", "Item":"Int_Sensors_Size3_Class1", "On":true, "Priority":2, "Health":1.000000, "Value":4053 }, { "Slot":"FuelTank", "Item":"Int_FuelTank_Size4_Class3", "On":true, "Priority":1, "Health":1.000000, "Value":24734 }, { "Slot":"Slot01_Size4", "Item":"Int_CargoRack_Size3_Class1", "On":true, "Priority":1, "Health":1.000000, "Value":10563 }, { "Slot":"Slot02_Size4", "Item":"Int_CargoRack_Size3_Class1", "On":true, "Priority":1, "Health":1.000000, "Value":10563 }, { "Slot":"Slot03_Size4", "Item":"Int_ShieldGenerator_Size4_Class1", "On":true, "Priority":2, "Health":1.000000, "Value":19878 }, { "Slot":"Slot04_Size2", "Item":"Int_BuggyBay_Size2_Class1", "On":true, "Priority":0, "Health":1.000000, "Value":18000 }, { "Slot":"Slot05_Size2", "Item":"Int_Refinery_Size2_Class3", "On":true, "Priority":0, "Health":1.000000, "Value":113400 }, { "Slot":"Slot06_Size2", "Item":"Int_StellarBodyDiscoveryScanner_Standard", "On":true, "Priority":1, "Health":1.000000, "Value":1000 }, { "Slot":"PlanetaryApproachSuite", "Item":"Int_PlanetApproachSuite", "On":true, "Priority":1, "Health":1.000000, "Value":500 }, { "Slot":"ShipCockpit", "Item":"CobraMkIII_Cockpit", "On":true, "Priority":1, "Health":1.000000, "Value":0 }, { "Slot":"CargoHatch", "Item":"ModularCargoBayDoor", "On":true, "Priority":2, "Health":1.000000, "Value":0 } ] }
{ "timestamp":"2017-12-11T22:44:18Z", "event":"Materials", "Raw":[ { "Name":"phosphorus", "Count":3 } ], "Manufactured":[ { "Name":"gridresistors", "Count":9 }, { "Name":"mechanicalscrap", "Count":9 }, { "Name":"mechanicalequipment", "Count":9 }, { "Name":"heatconductionwiring", "Count":6 }, { "Name":"focuscrystals", "Count":9 }, { "Name":"salvagedalloys", "Count":27 }, { "Name":"chemicalprocessors", "Count":9 }, { "Name":"heatdispersionplate", "Count":3 }, { "Name":"phasealloys", "Count":6 }, { "Name":"shieldingsensors", "Count":3 }, { "Name":"wornshieldemitters", "Count":21 }, { "Name":"galvanisingalloys", "Count":18 }, { "Name":"uncutfocuscrystals", "Count":1 }, { "Name":"hybridcapacitors", "Count":1 }, { "Name":"configurablecomponents", "Count":6 }, { "Name":"highdensitycomposites", "Count":6 }, { "Name":"mechanicalcomponents", "Count":3 }, { "Name":"fedproprietarycomposites", "Count":12 }, { "Name":"fedcorecomposites", "Count":3 }, { "Name":"shieldemitters", "Count":3 }, { "Name":"conductivecomponents", "Count":1 }, { "Name":"refinedfocuscrystals", "Count":3 }, { "Name":"chemicaldistillery", "Count":3 } ], "Encoded":[ { "Name":"decodedemissiondata", "Count":3 }, { "Name":"emissiondata", "Count":6 }, { "Name":"shieldsoakanalysis", "Count":12 }, { "Name":"shielddensityreports", "Count":18 }, { "Name":"scanarchives", "Count":6 }, { "Name":"shieldpatternanalysis", "Count":9 }, { "Name":"shieldcyclerecordings", "Count":30 }, { "Name":"encodedscandata", "Count":9 }, { "Name":"fsdtelemetry", "Count":5 }, { "Name":"scandatabanks", "Count":4 }, { "Name":"legacyfirmware", "Count":4 }, { "Name":"archivedemissiondata", "Count":3 }, { "Name":"disruptedwakeechoes", "Count":3 }, { "Name":"industrialfirmware", "Count":1 }, { "Name":"bulkscandata", "Count":3 } ] }
{ "timestamp":"2017-12-11T22:44:18Z", "event":"LoadGame", "Commander":"Sleep Runner", "Ship":"CobraMkIII", "ShipID":1, "ShipName":"SLEEPY-ONE", "ShipIdent":"#SLEEP", "FuelLevel":16.000000, "FuelCapacity":16.000000, "GameMode":"Open", "Credits":40604, "Loan":0 }
{ "timestamp":"2017-12-11T22:44:18Z", "event":"Rank", "Combat":0, "Trade":2, "Explore":2, "Empire":0, "Federation":0, "CQC":0 }
{ "timestamp":"2017-12-11T22:44:18Z", "event":"Progress", "Combat":58, "Trade":51, "Explore":15, "Empire":0, "Federation":100, "CQC":0 }
{ "timestamp":"2017-12-11T22:44:28Z", "event":"Location", "Docked":true, "StationName":"Johnson Vision", "StationType":"Outpost", "StarSystem":"15 Delphini", "StarPos":[-80.969,-33.500,47.906], "SystemAllegiance":"Independent", "SystemEconomy":"$economy_Refinery;", "SystemEconomy_Localised":"Переработка", "SystemGovernment":"$government_Feudal;", "SystemGovernment_Localised":"Феодальная", "SystemSecurity":"$SYSTEM_SECURITY_low;", "SystemSecurity_Localised":"Низк. ур. безопасности", "Population":23629, "Body":"Johnson Vision", "BodyType":"Station", "Factions":[ { "Name":"Confederation of 7 Kappa Delphini", "FactionState":"Lockdown", "Government":"Confederacy", "Influence":0.259740, "Allegiance":"Federation", "PendingStates":[ { "State":"Boom", "Trend":1 }, { "State":"CivilUnrest", "Trend":-1 } ] }, { "Name":"15 Delphini Co", "FactionState":"None", "Government":"Corporate", "Influence":0.075924, "Allegiance":"Federation", "PendingStates":[ { "State":"Boom", "Trend":1 } ] }, { "Name":"Pilots Federation Local Branch", "FactionState":"None", "Government":"Democracy", "Influence":0.000000, "Allegiance":"PilotsFederation" }, { "Name":"Kokojas Electronics Incorporated", "FactionState":"Boom", "Government":"Corporate", "Influence":0.152847, "Allegiance":"Federation" }, { "Name":"Coalition of 15 Delphini", "FactionState":"None", "Government":"Confederacy", "Influence":0.045954, "Allegiance":"Federation" }, { "Name":"15 Delphini Purple Raiders", "FactionState":"None", "Government":"Anarchy", "Influence":0.104895, "Allegiance":"Independent" }, { "Name":"Barons of 15 Delphini", "FactionState":"Boom", "Government":"Feudal", "Influence":0.360639, "Allegiance":"Independent" } ], "SystemFaction":"Barons of 15 Delphini", "FactionState":"Boom" }
{ "timestamp":"2017-12-11T22:44:28Z", "event":"Music", "MusicTrack":"NoTrack" }
{ "timestamp":"2017-12-11T22:44:28Z", "event":"Docked", "StationName":"Johnson Vision", "StationType":"Outpost", "StarSystem":"15 Delphini", "StationFaction":"Barons of 15 Delphini", "FactionState":"Boom", "StationGovernment":"$government_Feudal;", "StationGovernment_Localised":"Феодальная", "StationServices":[ "Dock", "Autodock", "Commodities", "Contacts", "Exploration", "Missions", "Outfitting", "CrewLounge", "Rearm", "Refuel", "Repair", "MissionsGenerated", "Facilitator", "FlightController", "StationOperations", "Powerplay", "SearchAndRescue" ], "StationEconomy":"$economy_Refinery;", "StationEconomy_Localised":"Переработка", "DistFromStarLS":3823.117432 }
{ "timestamp":"2017-12-11T22:44:28Z", "event":"Music", "MusicTrack":"Exploration" }
{ "timestamp":"2017-12-11T22:45:32Z", "event":"MissionAccepted", "Faction":"15 Delphini Purple Raiders", "Name":"Mission_Courier", "LocalisedName":"Есть курьерское задание", "TargetFaction":"Confederation of 7 Kappa Delphini", "DestinationSystem":"Wogama", "DestinationStation":"Veach Terminal", "Expiry":"2017-12-12T22:44:38Z", "Influence":"Low", "Reputation":"Med", "Reward":21710, "MissionID":261698815 }
{ "timestamp":"2017-12-11T22:45:37Z", "event":"MissionAccepted", "Faction":"15 Delphini Purple Raiders", "Name":"Mission_Courier", "LocalisedName":"Есть курьерское задание", "TargetFaction":"Turd Wura Corp.", "DestinationSystem":"Turd Wura", "DestinationStation":"Hottot Beacon", "Expiry":"2017-12-12T22:44:38Z", "Influence":"Low", "Reputation":"Med", "Reward":11470, "MissionID":261698838 }
{ "timestamp":"2017-12-11T22:45:51Z", "event":"MissionAccepted", "Faction":"Kokojas Electronics Incorporated", "Name":"Mission_Courier_Boom", "LocalisedName":"Доставка данных бума", "TargetFaction":"Confederation of 7 Kappa Delphini", "DestinationSystem":"Turd Wura", "DestinationStation":"Hottot Beacon", "Expiry":"2017-12-12T22:44:38Z", "Influence":"Low", "Reputation":"Med", "Reward":8602, "MissionID":261698936 }
{ "timestamp":"2017-12-11T22:46:02Z", "event":"MissionAccepted", "Faction":"15 Delphini Co", "Name":"Mission_Courier_War", "LocalisedName":"Передача стратегических данных", "TargetFaction":"Bureau of Rotanev Regulatory State", "DestinationSystem":"Rotanev", "DestinationStation":"Ride Ring", "Expiry":"2017-12-12T22:44:38Z", "Influence":"Low", "Reputation":"Med", "Reward":5064, "MissionID":261699021 }
{ "timestamp":"2017-12-11T22:46:04Z", "event":"MissionAccepted", "Faction":"15 Delphini Co", "Name":"Mission_Courier_War", "LocalisedName":"Передача стратегических данных", "TargetFaction":"Melinoe General Incorporated", "DestinationSystem":"Wogama", "DestinationStation":"Veach Terminal", "Expiry":"2017-12-12T22:44:38Z", "Influence":"Low", "Reputation":"Med", "Reward":15507, "MissionID":261699038 }
{ "timestamp":"2017-12-11T22:46:34Z", "event":"Undocked", "StationName":"Johnson Vision", "StationType":"Outpost" }
{ "timestamp":"2017-12-11T22:47:11Z", "event":"StartJump", "JumpType":"Supercruise" }
{ "timestamp":"2017-12-11T22:47:16Z", "event":"SupercruiseEntry", "StarSystem":"15 Delphini" }
{ "timestamp":"2017-12-11T22:47:16Z", "event":"Music", "MusicTrack":"Supercruise" }
{ "timestamp":"2017-12-11T22:47:31Z", "event":"Scan", "BodyName":"15 Delphini 1", "DistanceFromArrivalLS":3655.909180, "PlanetClass":"Sudarsky class II gas giant", "MassEM":708.016296, "Radius":76367808.000000, "SurfaceGravity":48.387367, "SemiMajorAxis":1107270303744.000000, "Eccentricity":0.017513, "OrbitalInclination":3.907495, "Periapsis":312.463287, "OrbitalPeriod":539925440.000000, "RotationPeriod":306678.375000, "AxialTilt":3.040190 }
{ "timestamp":"2017-12-11T22:48:19Z", "event":"Scan", "BodyName":"15 Delphini 1 a", "DistanceFromArrivalLS":3653.574219, "PlanetClass":"Rocky body", "MassEM":0.009880, "Radius":1496194.500000, "SurfaceGravity":1.759186, "SemiMajorAxis":714862400.000000, "Eccentricity":0.000122, "OrbitalInclination":-0.018621, "Periapsis":251.015533, "OrbitalPeriod":226053.078125, "RotationPeriod":226064.609375, "AxialTilt":1.240616 }
{ "timestamp":"2017-12-11T22:49:11Z", "event":"Scan", "BodyName":"15 Delphini 1 c", "DistanceFromArrivalLS":3653.904541, "PlanetClass":"Rocky body", "MassEM":0.005859, "Radius":1261023.000000, "SurfaceGravity":1.468524, "SemiMajorAxis":4667907.000000, "Eccentricity":0.038850, "OrbitalInclination":-5.194415, "Periapsis":56.682968, "OrbitalPeriod":54604.089844, "RotationPeriod":69983.765625, "AxialTilt":0.221523 }
{ "timestamp":"2017-12-11T22:50:01Z", "event":"Scan", "BodyName":"15 Delphini 1 b", "DistanceFromArrivalLS":3653.928955, "PlanetClass":"Rocky body", "MassEM":0.009117, "Radius":1458141.375000, "SurfaceGravity":1.709054, "SemiMajorAxis":2999813.250000, "Eccentricity":0.038850, "OrbitalInclination":-5.194415, "Periapsis":236.682968, "OrbitalPeriod":54604.089844, "RotationPeriod":87299.398438, "AxialTilt":-0.154321 }
{ "timestamp":"2017-12-11T22:50:04Z", "event":"ReceiveText", "From":"$ShipName_PassengerLiner_Cruise;", "From_Localised":"Круизное судно", "Message":"$CruiseLiner_SCPatrol05;", "Message_Localised":"Говорит капитан. Из-за непредвиденных задержек мы прибываем в очередную точку назначения позднее запланированного.", "Channel":"npc" }
{ "timestamp":"2017-12-11T22:50:37Z", "event":"Scan", "BodyName":"15 Delphini 1 d", "DistanceFromArrivalLS":3662.321289, "PlanetClass":"Rocky body", "MassEM":0.008295, "Radius":1413641.375000, "SurfaceGravity":1.654460, "SemiMajorAxis":2138262144.000000, "Eccentricity":0.000052, "OrbitalInclination":-0.021567, "Periapsis":258.958435, "OrbitalPeriod":1169413.625000, "RotationPeriod":1169473.500000, "AxialTilt":0.249620 }
{ "timestamp":"2017-12-11T22:50:47Z", "event":"ReceiveText", "From":"$ShipName_PassengerLiner_Cruise;", "From_Localised":"Круизное судно", "Message":"$CruiseLiner_SCPatrol01;", "Message_Localised":"И не забывайте, этот лайнер – в числе 1% лучших лайнеров.", "Channel":"npc" }
{ "timestamp":"2017-12-11T22:51:23Z", "event":"ReceiveText", "From":"$ShipName_PassengerLiner_Cruise;", "From_Localised":"Круизное судно", "Message":"$CruiseLiner_SCPatrol05;", "Message_Localised":"Говорит капитан. Из-за непредвиденных задержек мы прибываем в очередную точку назначения позднее запланированного.", "Channel":"npc" }
{ "timestamp":"2017-12-11T22:51:29Z", "event":"ReceiveText", "From":"$ShipName_PassengerLiner_Wedding;", "From_Localised":"Свадебное судно", "Message":"$ConvoyWedding_Patrol01;", "Message_Localised":"Помогите нам отпраздновать это счастливое событие!", "Channel":"npc" }
{ "timestamp":"2017-12-11T22:51:36Z", "event":"Scan", "BodyName":"15 Delphini 1 e", "DistanceFromArrivalLS":3643.827637, "PlanetClass":"Rocky body", "MassEM":0.025831, "Radius":2049292.875000, "SurfaceGravity":2.451537, "SemiMajorAxis":3975857920.000000, "Eccentricity":0.000159, "OrbitalInclination":0.046644, "Periapsis":335.299438, "OrbitalPeriod":2964988.000000, "RotationPeriod":2965140.250000, "AxialTilt":-0.150702 }
{ "timestamp":"2017-12-11T22:51:54Z", "event":"ReceiveText", "From":"$ShipName_PassengerLiner_Cruise;", "From_Localised":"Круизное судно", "Message":"$CruiseLiner_SCPatrol01;", "Message_Localised":"И не забывайте, этот лайнер – в числе 1% лучших лайнеров.", "Channel":"npc" }
{ "timestamp":"2017-12-11T22:52:15Z", "event":"ReceiveText", "From":"$ShipName_PassengerLiner_Wedding;", "From_Localised":"Свадебное судно", "Message":"$ConvoyWedding_Patrol05;", "Message_Localised":"Церемония скоро начнется! Убедитесь, что ваши экраны настроены на соответствующую частоту!", "Channel":"npc" }
{ "timestamp":"2017-12-11T22:52:33Z", "event":"ReceiveText", "From":"$ShipName_PassengerLiner_Cruise;", "From_Localised":"Круизное судно", "Message":"$CruiseLiner_SCPatrol05;", "Message_Localised":"Говорит капитан. Из-за непредвиденных задержек мы прибываем в очередную точку назначения позднее запланированного.", "Channel":"npc" }
{ "timestamp":"2017-12-11T22:52:54Z", "event":"ReceiveText", "From":"$ShipName_PassengerLiner_Wedding;", "From_Localised":"Свадебное судно", "Message":"$ConvoyWedding_Patrol06;", "Message_Localised":"У меня еще текст свадебной клятвы не написан. Что же мне там говорить?..", "Channel":"npc" }
{ "timestamp":"2017-12-11T22:52:56Z", "event":"StartJump", "JumpType":"Hyperspace", "StarSystem":"Rotanev", "StarClass":"F" }
{ "timestamp":"2017-12-11T22:53:01Z", "event":"Music", "MusicTrack":"NoTrack" }
{ "timestamp":"2017-12-11T22:53:14Z", "event":"FSDJump", "StarSystem":"Rotanev", "StarPos":[-83.438,-27.844,49.406], "SystemAllegiance":"Independent", "SystemEconomy":"$economy_HighTech;", "SystemEconomy_Localised":"Высокие технологии", "SystemGovernment":"$government_Dictatorship;", "SystemGovernment_Localised":"Диктатура", "SystemSecurity":"$SYSTEM_SECURITY_high;", "SystemSecurity_Localised":"Высок. ур. безопасности", "Population":9525842, "JumpDist":6.351, "FuelUsed":0.770078, "FuelLevel":15.229922, "Factions":[ { "Name":"Ross 754 Labour", "FactionState":"War", "Government":"Democracy", "Influence":0.022931, "Allegiance":"Federation", "PendingStates":[ { "State":"Boom", "Trend":1 } ] }, { "Name":"Rotanev Energy Exchange", "FactionState":"Retreat", "Government":"Corporate", "Influence":0.048853, "Allegiance":"Federation" }, { "Name":"15 Delphini Co", "FactionState":"War", "Government":"Corporate", "Influence":0.009970, "Allegiance":"Federation", "PendingStates":[ { "State":"Boom", "Trend":1 } ] }, { "Name":"Pilots Federation Local Branch", "FactionState":"None", "Government":"Democracy", "Influence":0.000000, "Allegiance":"PilotsFederation" }, { "Name":"Bureau of Rotanev Regulatory State", "FactionState":"War", "Government":"Dictatorship", "Influence":0.034895, "Allegiance":"Independent", "PendingStates":[ { "State":"Boom", "Trend":0 } ] }, { "Name":"United Rotanev Liberals", "FactionState":"Boom", "Government":"Democracy", "Influence":0.157527, "Allegiance":"Federation" }, { "Name":"Rotanev Gold Syndicate", "FactionState":"Boom", "Government":"Anarchy", "Influence":0.054835, "Allegiance":"Independent", "PendingStates":[ { "State":"Outbreak", "Trend":0 } ] }, { "Name":"Defence Party of Rotanev", "FactionState":"Boom", "Government":"Dictatorship", "Influence":0.661017, "Allegiance":"Independent" }, { "Name":"Kyrev Security Conglomerate", "FactionState":"War", "Government":"Democracy", "Influence":0.009970, "Allegiance":"Independent", "PendingStates":[ { "State":"Boom", "Trend":0 }, { "State":"Outbreak", "Trend":0 } ] } ], "SystemFaction":"Defence Party of Rotanev", "FactionState":"Boom" }
{ "timestamp":"2017-12-11T22:53:15Z", "event":"Music", "MusicTrack":"DestinationFromHyperspace" }
{ "timestamp":"2017-12-11T22:53:20Z", "event":"Music", "MusicTrack":"Supercruise" }
{ "timestamp":"2017-12-11T22:53:30Z", "event":"ReceiveText", "From":"$npc_name_decorate:#name=Paul Stone;", "From_Localised":"Paul Stone", "Message":"$Hitman_HunterHostileSC_Relevant02;", "Message_Localised":"Детали контракта подтверждены. Корабль у меня на сканере.", "Channel":"npc" }
{ "timestamp":"2017-12-11T22:55:02Z", "event":"ReceiveText", "From":"$npc_name_decorate:#name=Paul Stone;", "From_Localised":"Paul Stone", "Message":"$HitmanMissionFailure_OnEnemyDetect05;", "Message_Localised":"Ну, купончик, компостируйся.", "Channel":"npc" }
{ "timestamp":"2017-12-11T22:55:19Z", "event":"Interdicted", "Submitted":false, "Interdictor":"Paul Stone", "IsPlayer":false, "Faction":"Ualangur Crimson Cartel" }
{ "timestamp":"2017-12-11T22:55:20Z", "event":"SupercruiseExit", "StarSystem":"Rotanev", "Body":"Rotanev AB 1+2", "BodyType":"Null" }
{ "timestamp":"2017-12-11T22:55:20Z", "event":"Music", "MusicTrack":"Interdiction" }
{ "timestamp":"2017-12-11T22:55:24Z", "event":"Music", "MusicTrack":"Combat_Dogfight" }
{ "timestamp":"2017-12-11T22:55:31Z", "event":"ShieldState", "ShieldsUp":false }
{ "timestamp":"2017-12-11T22:55:32Z", "event":"HullDamage", "Health":0.798637, "PlayerPilot":true, "Fighter":false }
{ "timestamp":"2017-12-11T22:55:33Z", "event":"HullDamage", "Health":0.598055, "PlayerPilot":true, "Fighter":false }
{ "timestamp":"2017-12-11T22:55:33Z", "event":"HullDamage", "Health":0.389943, "PlayerPilot":true, "Fighter":false }
{ "timestamp":"2017-12-11T22:55:38Z", "event":"HullDamage", "Health":0.198010, "PlayerPilot":true, "Fighter":false }
{ "timestamp":"2017-12-11T22:55:39Z", "event":"Died" }
{ "timestamp":"2017-12-11T22:55:44Z", "event":"Music", "MusicTrack":"MainMenu" }
{ "timestamp":"2017-12-11T22:56:21Z", "event":"Resurrect", "Option":"rebuy", "Cost":119897, "Bankrupt":false }
{ "timestamp":"2017-12-11T22:56:24Z", "event":"Location", "Docked":true, "StationName":"Johnson Vision", "StationType":"Outpost", "StarSystem":"15 Delphini", "StarPos":[-80.969,-33.500,47.906], "SystemAllegiance":"Independent", "SystemEconomy":"$economy_Refinery;", "SystemEconomy_Localised":"Переработка", "SystemGovernment":"$government_Feudal;", "SystemGovernment_Localised":"Феодальная", "SystemSecurity":"$SYSTEM_SECURITY_low;", "SystemSecurity_Localised":"Низк. ур. безопасности", "Population":23629, "Body":"Johnson Vision", "BodyType":"Station", "Factions":[ { "Name":"Confederation of 7 Kappa Delphini", "FactionState":"Lockdown", "Government":"Confederacy", "Influence":0.259740, "Allegiance":"Federation", "PendingStates":[ { "State":"Boom", "Trend":1 }, { "State":"CivilUnrest", "Trend":-1 } ] }, { "Name":"15 Delphini Co", "FactionState":"None", "Government":"Corporate", "Influence":0.075924, "Allegiance":"Federation", "PendingStates":[ { "State":"Boom", "Trend":1 } ] }, { "Name":"Pilots Federation Local Branch", "FactionState":"None", "Government":"Democracy", "Influence":0.000000, "Allegiance":"PilotsFederation" }, { "Name":"Kokojas Electronics Incorporated", "FactionState":"Boom", "Government":"Corporate", "Influence":0.152847, "Allegiance":"Federation" }, { "Name":"Coalition of 15 Delphini", "FactionState":"None", "Government":"Confederacy", "Influence":0.045954, "Allegiance":"Federation" }, { "Name":"15 Delphini Purple Raiders", "FactionState":"None", "Government":"Anarchy", "Influence":0.104895, "Allegiance":"Independent" }, { "Name":"Barons of 15 Delphini", "FactionState":"Boom", "Government":"Feudal", "Influence":0.360639, "Allegiance":"Independent" } ], "SystemFaction":"Barons of 15 Delphini", "FactionState":"Boom" }
{ "timestamp":"2017-12-11T22:56:24Z", "event":"Music", "MusicTrack":"NoTrack" }
{ "timestamp":"2017-12-11T22:56:24Z", "event":"Docked", "StationName":"Johnson Vision", "StationType":"Outpost", "StarSystem":"15 Delphini", "StationFaction":"Barons of 15 Delphini", "FactionState":"Boom", "StationGovernment":"$government_Feudal;", "StationGovernment_Localised":"Феодальная", "StationServices":[ "Dock", "Autodock", "Commodities", "Contacts", "Exploration", "Missions", "Outfitting", "CrewLounge", "Rearm", "Refuel", "Repair", "MissionsGenerated", "Facilitator", "FlightController", "StationOperations", "Powerplay", "SearchAndRescue" ], "StationEconomy":"$economy_Refinery;", "StationEconomy_Localised":"Переработка", "DistFromStarLS":3823.112305 }
{ "timestamp":"2017-12-11T22:56:46Z", "event":"MissionAbandoned", "Name":"Mission_Courier_War_name", "MissionID":261699038 }
{ "timestamp":"2017-12-11T22:56:47Z", "event":"MissionAbandoned", "Name":"Mission_Courier_War_name", "MissionID":261699021 }
{ "timestamp":"2017-12-11T22:56:48Z", "event":"MissionAbandoned", "Name":"Mission_Courier_War_name", "MissionID":261699021 }
{ "timestamp":"2017-12-11T22:56:50Z", "event":"MissionAbandoned", "Name":"Mission_Courier_Boom_name", "MissionID":261698936 }
{ "timestamp":"2017-12-11T22:56:51Z", "event":"MissionAbandoned", "Name":"Mission_Courier_name", "MissionID":261698838 }
{ "timestamp":"2017-12-11T22:56:53Z", "event":"MissionAbandoned", "Name":"Mission_Courier_name", "MissionID":261698815 }
{ "timestamp":"2017-12-11T22:57:49Z", "event":"Undocked", "StationName":"Johnson Vision", "StationType":"Outpost" }
{ "timestamp":"2017-12-11T22:58:22Z", "event":"StartJump", "JumpType":"Supercruise" }
{ "timestamp":"2017-12-11T22:58:27Z", "event":"SupercruiseEntry", "StarSystem":"15 Delphini" }
{ "timestamp":"2017-12-11T22:58:28Z", "event":"Music", "MusicTrack":"Supercruise" }
{ "timestamp":"2017-12-11T22:59:42Z", "event":"Music", "MusicTrack":"SystemMap" }
{ "timestamp":"2017-12-11T22:59:45Z", "event":"Music", "MusicTrack":"Supercruise" }
{ "timestamp":"2017-12-11T22:59:48Z", "event":"Music", "MusicTrack":"GalaxyMap" }
{ "timestamp":"2017-12-11T23:00:04Z", "event":"Music", "MusicTrack":"Supercruise" }
{ "timestamp":"2017-12-11T23:00:52Z", "event":"Scan", "BodyName":"15 Delphini", "DistanceFromArrivalLS":0.000000, "StarType":"F", "StellarMass":1.382813, "Radius":838513856.000000, "AbsoluteMagnitude":3.751144, "Age_MY":3128, "SurfaceTemperature":7128.000000, "Luminosity":"V", "RotationPeriod":235079.890625, "AxialTilt":0.000000 }
{ "timestamp":"2017-12-11T23:02:20Z", "event":"Scan", "BodyName":"15 Delphini A Belt Cluster 6", "DistanceFromArrivalLS":366.381653 }
{ "timestamp":"2017-12-11T23:04:39Z", "event":"Scan", "BodyName":"15 Delphini A Belt Cluster 2", "DistanceFromArrivalLS":454.175354 }
{ "timestamp":"2017-12-11T23:04:56Z", "event":"Music", "MusicTrack":"SystemMap" }
{ "timestamp":"2017-12-11T23:05:02Z", "event":"Music", "MusicTrack":"Supercruise" }
{ "timestamp":"2017-12-11T23:05:05Z", "event":"Music", "MusicTrack":"GalaxyMap" }
{ "timestamp":"2017-12-11T23:05:11Z", "event":"Music", "MusicTrack":"Supercruise" }
{ "timestamp":"2017-12-11T23:05:15Z", "event":"Music", "MusicTrack":"GalaxyMap" }
{ "timestamp":"2017-12-11T23:09:37Z", "event":"Music", "MusicTrack":"SystemMap" }
{ "timestamp":"2017-12-11T23:09:48Z", "event":"Music", "MusicTrack":"GalaxyMap" }
{ "timestamp":"2017-12-11T23:09:48Z", "event":"Music", "MusicTrack":"Supercruise" }
{ "timestamp":"2017-12-11T23:10:12Z", "event":"StartJump", "JumpType":"Hyperspace", "StarSystem":"Alrai Sector TO-R a4-3", "StarClass":"Y" }
{ "timestamp":"2017-12-11T23:10:17Z", "event":"Music", "MusicTrack":"NoTrack" }
{ "timestamp":"2017-12-11T23:10:30Z", "event":"FSDJump", "StarSystem":"Alrai Sector TO-R a4-3", "StarPos":[-76.594,-31.250,49.406], "SystemAllegiance":"", "SystemEconomy":"$economy_None;", "SystemEconomy_Localised":"Нет", "SystemGovernment":"$government_None;", "SystemGovernment_Localised":"Нет", "SystemSecurity":"$GAlAXY_MAP_INFO_state_anarchy;", "SystemSecurity_Localised":"Анархия", "Population":0, "JumpDist":5.143, "FuelUsed":0.454767, "FuelLevel":15.545233 }
{ "timestamp":"2017-12-11T23:10:31Z", "event":"Music", "MusicTrack":"Supercruise" }
{ "timestamp":"2017-12-11T23:10:37Z", "event":"SupercruiseExit", "StarSystem":"Alrai Sector TO-R a4-3", "Body":"Alrai Sector TO-R a4-3", "BodyType":"Star" }
{ "timestamp":"2017-12-11T23:10:38Z", "event":"Music", "MusicTrack":"Exploration" }
{ "timestamp":"2017-12-11T23:11:38Z", "event":"StartJump", "JumpType":"Hyperspace", "StarSystem":"Attach", "StarClass":"M" }
{ "timestamp":"2017-12-11T23:11:43Z", "event":"Music", "MusicTrack":"NoTrack" }
{ "timestamp":"2017-12-11T23:11:56Z", "event":"FSDJump", "StarSystem":"Attach", "StarPos":[-74.344,-24.250,49.594], "SystemAllegiance":"Independent", "SystemEconomy":"$economy_Industrial;", "SystemEconomy_Localised":"Промышленность", "SystemGovernment":"$government_Dictatorship;", "SystemGovernment_Localised":"Диктатура", "SystemSecurity":"$SYSTEM_SECURITY_medium;", "SystemSecurity_Localised":"Средн. ур. безопасности", "Population":2283927, "JumpDist":7.355, "FuelUsed":1.031430, "FuelLevel":14.513803, "Factions":[ { "Name":"Confederation of 7 Kappa Delphini", "FactionState":"Lockdown", "Government":"Confederacy", "Influence":0.083083, "Allegiance":"Federation", "PendingStates":[ { "State":"Boom", "Trend":1 }, { "State":"CivilUnrest", "Trend":-1 } ] }, { "Name":"Pilots Federation Local Branch", "FactionState":"None", "Government":"Democracy", "Influence":0.000000, "Allegiance":"PilotsFederation" }, { "Name":"Attach Federal & Co", "FactionState":"Boom", "Government":"Corporate", "Influence":0.263263, "Allegiance":"Federation" }, { "Name":"Revolutionary Turd Wura Future", "FactionState":"None", "Government":"Democracy", "Influence":0.016016, "Allegiance":"Independent", "PendingStates":[ { "State":"Boom", "Trend":1 } ] }, { "Name":"Attach Focus", "FactionState":"Boom", "Government":"Dictatorship", "Influence":0.430430, "Allegiance":"Independent" }, { "Name":"Attach Democrats", "FactionState":"CivilWar", "Government":"Democracy", "Influence":0.038038, "Allegiance":"Federation" }, { "Name":"Attach Hand Gang", "FactionState":"CivilWar", "Government":"Anarchy", "Influence":0.023023, "Allegiance":"Independent" }, { "Name":"Traditional Attach Dominion", "FactionState":"Boom", "Government":"Dictatorship", "Influence":0.146146, "Allegiance":"Independent" } ], "SystemFaction":"Attach Focus", "FactionState":"Boom" }
{ "timestamp":"2017-12-11T23:11:57Z", "event":"Music", "MusicTrack":"Supercruise" }
{ "timestamp":"2017-12-11T23:12:32Z", "event":"StartJump", "JumpType":"Hyperspace", "StarSystem":"HR 7793", "StarClass":"F" }
{ "timestamp":"2017-12-11T23:12:38Z", "event":"Music", "MusicTrack":"NoTrack" }
{ "timestamp":"2017-12-11T23:12:51Z", "event":"FSDJump", "StarSystem":"HR 7793", "StarPos":[-70.188,-19.406,45.063], "SystemAllegiance":"Independent", "SystemEconomy":"$economy_Industrial;", "SystemEconomy_Localised":"Промышленность", "SystemGovernment":"$government_Dictatorship;", "SystemGovernment_Localised":"Диктатура", "SystemSecurity":"$SYSTEM_SECURITY_high;", "SystemSecurity_Localised":"Высок. ур. безопасности", "Population":8557556, "JumpDist":7.827, "FuelUsed":1.179894, "FuelLevel":13.333909, "Factions":[ { "Name":"HR 7793 Independents", "FactionState":"None", "Government":"Democracy", "Influence":0.139000, "Allegiance":"Independent", "PendingStates":[ { "State":"Boom", "Trend":1 } ], "RecoveringStates":[ { "State":"Election", "Trend":0 } ] }, { "Name":"United Pontus League", "FactionState":"Boom", "Government":"Confederacy", "Influence":0.210000, "Allegiance":"Federation", "PendingStates":[ { "State":"Expansion", "Trend":0 } ] }, { "Name":"Pilots Federation Local Branch", "FactionState":"None", "Government":"Democracy", "Influence":0.000000, "Allegiance":"PilotsFederation" }, { "Name":"Liberals of Wolf 871", "FactionState":"None", "Government":"Democracy", "Influence":0.162000, "Allegiance":"Federation", "PendingStates":[ { "State":"Boom", "Trend":1 } ], "RecoveringStates":[ { "State":"Election", "Trend":0 } ] }, { "Name":"HR 7793 Order of Heroes", "FactionState":"CivilWar", "Government":"Dictatorship", "Influence":0.032000, "Allegiance":"Independent", "PendingStates":[ { "State":"Boom", "Trend":0 } ] }, { "Name":"HR 7793 Energy Corp.", "FactionState":"CivilWar", "Government":"Corporate", "Influence":0.044000, "Allegiance":"Federation" }, { "Name":"HR 7793 Gold Cartel", "FactionState":"Boom", "Government":"Anarchy", "Influence":0.066000, "Allegiance":"Independent" }, { "Name":"Official HR 7793 Order", "FactionState":"Boom", "Government":"Dictatorship", "Influence":0.347000, "Allegiance":"Independent" } ], "SystemFaction":"Official HR 7793 Order", "FactionState":"Boom" }
{ "timestamp":"2017-12-11T23:12:51Z", "event":"Music", "MusicTrack":"DestinationFromHyperspace" }
{ "timestamp":"2017-12-11T23:12:56Z", "event":"Music", "MusicTrack":"Supercruise" }
{ "timestamp":"2017-12-11T23:16:58Z", "event":"SupercruiseExit", "StarSystem":"HR 7793", "Body":"Benyovszky Ring", "BodyType":"Station" }
{ "timestamp":"2017-12-11T23:16:58Z", "event":"Music", "MusicTrack":"Exploration" }
{ "timestamp":"2017-12-11T23:17:16Z", "event":"StartJump", "JumpType":"Supercruise" }
{ "timestamp":"2017-12-11T23:17:21Z", "event":"SupercruiseEntry", "StarSystem":"HR 7793" }
{ "timestamp":"2017-12-11T23:17:21Z", "event":"Music", "MusicTrack":"Supercruise" }
{ "timestamp":"2017-12-11T23:17:26Z", "event":"SupercruiseExit", "StarSystem":"HR 7793", "Body":"Benyovszky Ring", "BodyType":"Station" }
{ "timestamp":"2017-12-11T23:17:26Z", "event":"Music", "MusicTrack":"DestinationFromSupercruise" }
{ "timestamp":"2017-12-11T23:17:31Z", "event":"Music", "MusicTrack":"NoTrack" }
{ "timestamp":"2017-12-11T23:17:32Z", "event":"ReceiveText", "From":"Benyovszky Ring", "Message":"$STATION_NoFireZone_entered;", "Message_Localised":"Вы вошли в зону запрета огня", "Channel":"npc" }
{ "timestamp":"2017-12-11T23:17:34Z", "event":"DockingRequested", "StationName":"Benyovszky Ring" }
{ "timestamp":"2017-12-11T23:17:34Z", "event":"ReceiveText", "From":"Benyovszky Ring", "Message":"$DockingChatter_Neutral;", "Message_Localised":"Строго соблюдайте правила поведения в порту, пилот.", "Channel":"npc" }
{ "timestamp":"2017-12-11T23:17:36Z", "event":"ReceiveText", "From":"Benyovszky Ring", "Message":"$STATION_docking_granted;", "Message_Localised":"Стыковка разрешена", "Channel":"npc" }
{ "timestamp":"2017-12-11T23:17:36Z", "event":"DockingGranted", "LandingPad":31, "StationName":"Benyovszky Ring" }
{ "timestamp":"2017-12-11T23:18:00Z", "event":"Music", "MusicTrack":"Starport" }
{ "timestamp":"2017-12-11T23:18:45Z", "event":"ReceiveText", "From":"Benyovszky Ring", "Message":"$DockingPadBlockWarningComms;", "Message_Localised":"Обнаружено нарушение – промедление, немедленно очистите подход к площадке во избежание летального ответа", "Channel":"npc" }
{ "timestamp":"2017-12-11T23:18:49Z", "event":"ReceiveText", "From":"Benyovszky Ring", "Message":"$DockingOffenceCleared;", "Message_Localised":"Нарушения правил космопорта сняты, привилегии на стыковку восстановлены", "Channel":"npc" }
{ "timestamp":"2017-12-11T23:19:21Z", "event":"Docked", "StationName":"Benyovszky Ring", "StationType":"Coriolis", "StarSystem":"HR 7793", "StationFaction":"Official HR 7793 Order", "FactionState":"Boom", "StationGovernment":"$government_Dictatorship;", "StationGovernment_Localised":"Диктатура", "StationServices":[ "Dock", "Autodock", "BlackMarket", "Commodities", "Contacts", "Exploration", "Missions", "Outfitting", "CrewLounge", "Rearm", "Refuel", "Repair", "Shipyard", "Tuning", "MissionsGenerated", "FlightController", "StationOperations", "Powerplay", "SearchAndRescue" ], "StationEconomy":"$economy_Industrial;", "StationEconomy_Localised":"Промышленность", "DistFromStarLS":3664.482422 }
{ "timestamp":"2017-12-11T23:19:32Z", "event":"RepairAll", "Cost":158 }
{ "timestamp":"2017-12-11T23:19:34Z", "event":"RefuelAll", "Cost":155, "Amount":3.071651 }
{ "timestamp":"2017-12-11T23:20:00Z", "event":"MissionAccepted", "Faction":"United Pontus League", "Name":"Mission_Courier_Boom", "LocalisedName":"Доставка данных бума", "TargetFaction":"Revolutionary Turd Wura Future", "DestinationSystem":"Attach", "DestinationStation":"Otiman Terminal", "Expiry":"2017-12-12T23:19:39Z", "Influence":"Low", "Reputation":"Med", "Reward":11833, "MissionID":261715356 }
{ "timestamp":"2017-12-11T23:20:03Z", "event":"MissionAccepted", "Faction":"United Pontus League", "Name":"Mission_Courier_Boom", "LocalisedName":"Доставка данных бума", "TargetFaction":"Attach Hand Gang", "DestinationSystem":"Attach", "DestinationStation":"Otiman Terminal", "Expiry":"2017-12-12T23:19:39Z", "Influence":"Low", "Reputation":"Med", "Reward":6762, "MissionID":261715391 }
{ "timestamp":"2017-12-11T23:20:20Z", "event":"MissionAccepted", "Faction":"United Pontus League", "Name":"Mission_Courier_Boom", "LocalisedName":"Доставка данных бума", "TargetFaction":"LHS 3564 Conservatives", "DestinationSystem":"Ross 754", "DestinationStation":"Bardeen Platform", "Expiry":"2017-12-12T23:19:39Z", "Influence":"Low", "Reputation":"Med", "Reward":111077, "MissionID":261715503 }
{ "timestamp":"2017-12-11T23:20:25Z", "event":"MissionAccepted", "Faction":"United Pontus League", "Name":"Mission_Courier_Boom", "LocalisedName":"Доставка данных бума", "TargetFaction":"Ross 754 Cartel", "DestinationSystem":"Ross 754", "DestinationStation":"Dana Gateway", "Expiry":"2017-12-12T22:33:53Z", "Influence":"Low", "Reputation":"Med", "Reward":7329, "MissionID":261715544 }
{ "timestamp":"2017-12-11T23:21:15Z", "event":"MissionAccepted", "Faction":"HR 7793 Energy Corp.", "Name":"Mission_Salvage_Planet", "LocalisedName":"Спасите товар Образцы породы (1)", "Commodity":"$GeologicalSamples_Name;", "Commodity_Localised":"Образцы породы", "Count":1, "DestinationSystem":"Harermid", "Expiry":"2017-12-14T17:40:09Z", "Influence":"Med", "Reputation":"High", "Reward":99066, "MissionID":261715924 }
{ "timestamp":"2017-12-11T23:22:34Z", "event":"Undocked", "StationName":"Benyovszky Ring", "StationType":"Coriolis" }
{ "timestamp":"2017-12-11T23:23:08Z", "event":"Music", "MusicTrack":"NoTrack" }
{ "timestamp":"2017-12-11T23:23:30Z", "event":"ReceiveText", "From":"Benyovszky Ring", "Message":"$STATION_NoFireZone_exited;", "Message_Localised":"Вы вышли из зоны запрета огня", "Channel":"npc" }
{ "timestamp":"2017-12-11T23:24:01Z", "event":"StartJump", "JumpType":"Hyperspace", "StarSystem":"Ross 754", "StarClass":"M" }
{ "timestamp":"2017-12-11T23:24:19Z", "event":"FSDJump", "StarSystem":"Ross 754", "StarPos":[-68.438,-17.594,47.781], "SystemAllegiance":"Federation", "SystemEconomy":"$economy_Industrial;", "SystemEconomy_Localised":"Промышленность", "SystemGovernment":"$government_Democracy;", "SystemGovernment_Localised":"Демократия", "SystemSecurity":"$SYSTEM_SECURITY_high;", "SystemSecurity_Localised":"Высок. ур. безопасности", "Population":11468232, "JumpDist":3.707, "FuelUsed":0.214091, "FuelLevel":15.785910, "Factions":[ { "Name":"Ross 754 Labour", "FactionState":"None", "Government":"Democracy", "Influence":0.116000, "Allegiance":"Federation", "PendingStates":[ { "State":"Boom", "Trend":1 } ] }, { "Name":"Pilots Federation Local Branch", "FactionState":"None", "Government":"Democracy", "Influence":0.000000, "Allegiance":"PilotsFederation" }, { "Name":"League of Ross 754 Order", "FactionState":"Boom", "Government":"Dictatorship", "Influence":0.126000, "Allegiance":"Independent" }, { "Name":"LHS 3564 Conservatives", "FactionState":"War", "Government":"Dictatorship", "Influence":0.033000, "Allegiance":"Independent", "PendingStates":[ { "State":"Boom", "Trend":1 }, { "State":"Lockdown", "Trend":-1 } ] }, { "Name":"Ross 754 Universal & Co", "FactionState":"Boom", "Government":"Corporate", "Influence":0.317000, "Allegiance":"Federation" }, { "Name":"Ross 754 Cartel", "FactionState":"War", "Government":"Anarchy", "Influence":0.029000, "Allegiance":"Independent", "PendingStates":[ { "State":"Boom", "Trend":1 } ] }, { "Name":"Order of Ross 754", "FactionState":"Boom", "Government":"Dictatorship", "Influence":0.223000, "Allegiance":"Independent" }, { "Name":"Official HR 7793 Order", "FactionState":"Boom", "Government":"Dictatorship", "Influence":0.156000, "Allegiance":"Independent" } ], "SystemFaction":"Ross 754 Labour" }
{ "timestamp":"2017-12-11T23:24:20Z", "event":"Music", "MusicTrack":"DestinationFromHyperspace" }
{ "timestamp":"2017-12-11T23:24:25Z", "event":"Music", "MusicTrack":"Supercruise" }
{ "timestamp":"2017-12-11T23:28:30Z", "event":"SupercruiseExit", "StarSystem":"Ross 754", "Body":"Dana Gateway", "BodyType":"Station" }
{ "timestamp":"2017-12-11T23:28:30Z", "event":"Music", "MusicTrack":"DestinationFromSupercruise" }
{ "timestamp":"2017-12-11T23:28:35Z", "event":"Music", "MusicTrack":"NoTrack" }
{ "timestamp":"2017-12-11T23:28:37Z", "event":"ReceiveText", "From":"Dana Gateway", "Message":"$STATION_NoFireZone_entered;", "Message_Localised":"Вы вошли в зону запрета огня", "Channel":"npc" }
{ "timestamp":"2017-12-11T23:29:01Z", "event":"DockingRequested", "StationName":"Dana Gateway" }
{ "timestamp":"2017-12-11T23:29:01Z", "event":"ReceiveText", "From":"Dana Gateway", "Message":"$DockingChatter_Neutral;", "Message_Localised":"Строго соблюдайте правила поведения в порту, пилот.", "Channel":"npc" }
{ "timestamp":"2017-12-11T23:29:03Z", "event":"ReceiveText", "From":"Dana Gateway", "Message":"$STATION_docking_granted;", "Message_Localised":"Стыковка разрешена", "Channel":"npc" }
{ "timestamp":"2017-12-11T23:29:03Z", "event":"DockingGranted", "LandingPad":44, "StationName":"Dana Gateway" }
{ "timestamp":"2017-12-11T23:29:39Z", "event":"Music", "MusicTrack":"Starport" }
{ "timestamp":"2017-12-11T23:30:14Z", "event":"Docked", "StationName":"Dana Gateway", "StationType":"Coriolis", "StarSystem":"Ross 754", "StationFaction":"Ross 754 Labour", "StationGovernment":"$government_Democracy;", "StationGovernment_Localised":"Демократия", "StationAllegiance":"Federation", "StationServices":[ "Dock", "Autodock", "BlackMarket", "Commodities", "Contacts", "Exploration", "Missions", "Outfitting", "CrewLounge", "Rearm", "Refuel", "Repair", "Shipyard", "Tuning", "MissionsGenerated", "FlightController", "StationOperations", "Powerplay", "SearchAndRescue" ], "StationEconomy":"$economy_Industrial;", "StationEconomy_Localised":"Промышленность", "DistFromStarLS":8127.263672 }
{ "timestamp":"2017-12-11T23:30:31Z", "event":"MissionCompleted", "Faction":"Ross 754 Cartel", "Name":"Mission_Courier_Boom_name", "MissionID":261715544, "TargetFaction":"Ross 754 Cartel", "DestinationSystem":"Ross 754", "DestinationStation":"Dana Gateway", "Reward":7329 }
{ "timestamp":"2017-12-11T23:30:31Z", "event":"MaterialCollected", "Category":"Encoded", "Name":"bulkscandata", "Count":1 }
{ "timestamp":"2017-12-11T23:31:20Z", "event":"MissionAccepted", "Faction":"Ross 754 Cartel", "Name":"Mission_Disable_War", "LocalisedName":"Отключите электросеть цели. Это: Установка", "Target":"$MissionUtil_Settlement_Target_Turret;", "Target_Localised":"Установка", "Expiry":"2017-12-12T20:21:19Z", "Influence":"Med", "Reputation":"Med", "Reward":161880, "MissionID":261720741 }
{ "timestamp":"2017-12-11T23:31:23Z", "event":"MissionAccepted", "Faction":"Ross 754 Cartel", "Name":"Mission_Disable_War", "LocalisedName":"Отключите электросеть цели. Это: Установка", "Target":"$MissionUtil_Settlement_Target_Turret;", "Target_Localised":"Установка", "Expiry":"2017-12-12T20:10:04Z", "Influence":"Med", "Reputation":"Med", "Reward":180020, "MissionID":261720754 }
{ "timestamp":"2017-12-11T23:31:29Z", "event":"MissionAccepted", "Faction":"Ross 754 Cartel", "Name":"Mission_Disable_War", "LocalisedName":"Отключите электросеть цели. Это: Поселение", "Target":"$MissionUtil_Settlement_Target_Building;", "Target_Localised":"Поселение", "Expiry":"2017-12-14T22:39:36Z", "Influence":"Med", "Reputation":"Med", "Reward":972470, "MissionID":261720793 }
{ "timestamp":"2017-12-11T23:32:34Z", "event":"RefuelAll", "Cost":18, "Amount":0.335229 }
{ "timestamp":"2017-12-11T23:32:51Z", "event":"MissionAbandoned", "Name":"Mission_Courier_Boom_name", "MissionID":261715356 }
{ "timestamp":"2017-12-11T23:32:55Z", "event":"MissionAbandoned", "Name":"Mission_Courier_Boom_name", "MissionID":261715503 }
{ "timestamp":"2017-12-11T23:32:58Z", "event":"MissionAbandoned", "Name":"Mission_Courier_Boom_name", "MissionID":261715391 }
{ "timestamp":"2017-12-11T23:33:20Z", "event":"Undocked", "StationName":"Dana Gateway", "StationType":"Coriolis" }
{ "timestamp":"2017-12-11T23:33:41Z", "event":"Music", "MusicTrack":"NoTrack" }
{ "timestamp":"2017-12-11T23:33:45Z", "event":"Music", "MusicTrack":"Starport" }
{ "timestamp":"2017-12-11T23:33:52Z", "event":"ReceiveText", "From":"Dana Gateway", "Message":"$DockingTresspassWarningComms;", "Message_Localised":"Обнаружено нарушение – промедление, немедленно покиньте космопорт во избежание летального ответа", "Channel":"npc" }
{ "timestamp":"2017-12-11T23:34:02Z", "event":"CommitCrime", "CrimeType":"dockingMinorTresspass", "Faction":"Ross 754 Labour", "Fine":400 }
{ "timestamp":"2017-12-11T23:34:03Z", "event":"Music", "MusicTrack":"NoTrack" }
{ "timestamp":"2017-12-11T23:34:24Z", "event":"ReceiveText", "From":"Dana Gateway", "Message":"$DockingOffenceCleared;", "Message_Localised":"Нарушения правил космопорта сняты, привилегии на стыковку восстановлены", "Channel":"npc" }
{ "timestamp":"2017-12-11T23:34:58Z", "event":"ReceiveText", "From":"Dana Gateway", "Message":"$STATION_NoFireZone_exited;", "Message_Localised":"Вы вышли из зоны запрета огня", "Channel":"npc" }
{ "timestamp":"2017-12-11T23:35:04Z", "event":"StartJump", "JumpType":"Hyperspace", "StarSystem":"Wolf 871", "StarClass":"G" }
{ "timestamp":"2017-12-11T23:35:22Z", "event":"FSDJump", "StarSystem":"Wolf 871", "StarPos":[-64.219,-12.344,41.000], "SystemAllegiance":"Federation", "SystemEconomy":"$economy_Extraction;", "SystemEconomy_Localised":"Добыча ископаемых", "SystemGovernment":"$government_Democracy;", "SystemGovernment_Localised":"Демократия", "SystemSecurity":"$SYSTEM_SECURITY_medium;", "SystemSecurity_Localised":"Средн. ур. безопасности", "Population":19653, "JumpDist":9.557, "FuelUsed":1.891175, "FuelLevel":14.108826, "Factions":[ { "Name":"Ross 754 Labour", "FactionState":"None", "Government":"Democracy", "Influence":0.023976, "Allegiance":"Federation", "PendingStates":[ { "State":"Boom", "Trend":1 } ] }, { "Name":"United Pontus League", "FactionState":"Boom", "Government":"Confederacy", "Influence":0.438561, "Allegiance":"Federation", "PendingStates":[ { "State":"Expansion", "Trend":0 } ] }, { "Name":"Pilots Federation Local Branch", "FactionState":"None", "Government":"Democracy", "Influence":0.000000, "Allegiance":"PilotsFederation" }, { "Name":"Liberals of Wolf 871", "FactionState":"None", "Government":"Democracy", "Influence":0.293706, "Allegiance":"Federation", "PendingStates":[ { "State":"Boom", "Trend":1 } ] }, { "Name":"Ngolibardu Electronics Solutions", "FactionState":"None", "Government":"Corporate", "Influence":0.063936, "Allegiance":"Federation", "PendingStates":[ { "State":"Boom", "Trend":1 }, { "State":"CivilUnrest", "Trend":0 }, { "State":"Lockdown", "Trend":0 } ] }, { "Name":"Wolf 871 Transport Industry", "FactionState":"None", "Government":"Corporate", "Influence":0.111888, "Allegiance":"Federation", "PendingStates":[ { "State":"Boom", "Trend":0 } ] }, { "Name":"Wolf 871 Blue Syndicate", "FactionState":"Boom", "Government":"Anarchy", "Influence":0.067932, "Allegiance":"Independent" } ], "SystemFaction":"Liberals of Wolf 871" }
{ "timestamp":"2017-12-11T23:35:22Z", "event":"Music", "MusicTrack":"DestinationFromHyperspace" }
{ "timestamp":"2017-12-11T23:35:27Z", "event":"Music", "MusicTrack":"Supercruise" }
{ "timestamp":"2017-12-11T23:36:32Z", "event":"Music", "MusicTrack":"GalaxyMap" }
{ "timestamp":"2017-12-11T23:36:45Z", "event":"Music", "MusicTrack":"SystemMap" }
{ "timestamp":"2017-12-11T23:36:58Z", "event":"Music", "MusicTrack":"GalaxyMap" }
{ "timestamp":"2017-12-11T23:36:58Z", "event":"Music", "MusicTrack":"Supercruise" }
{ "timestamp":"2017-12-11T23:41:30Z", "event":"Scan", "BodyName":"Wolf 871 B", "DistanceFromArrivalLS":17855.037109, "StarType":"K", "StellarMass":0.519531, "Radius":467395168.000000, "AbsoluteMagnitude":7.391953, "Age_MY":3170, "SurfaceTemperature":3908.000000, "Luminosity":"Va", "SemiMajorAxis":2881217101824.000000, "Eccentricity":0.157579, "OrbitalInclination":-34.195869, "Periapsis":339.082794, "OrbitalPeriod":4736576000.000000, "RotationPeriod":341159.406250, "AxialTilt":0.000000 }
{ "timestamp":"2017-12-11T23:42:34Z", "event":"Scan", "BodyName":"Wolf 871 B 1", "DistanceFromArrivalLS":17359.521484, "PlanetClass":"Sudarsky class III gas giant", "MassEM":877.455261, "Radius":76879680.000000, "SurfaceGravity":59.171322, "SemiMajorAxis":196275568640.000000, "Eccentricity":0.000239, "OrbitalInclination":0.022014, "Periapsis":79.670723, "OrbitalPeriod":65323884.000000, "RotationPeriod":63047.328125, "AxialTilt":-3.021123 }
{ "timestamp":"2017-12-11T23:43:30Z", "event":"Scan", "BodyName":"Wolf 871 B 2", "DistanceFromArrivalLS":17200.197266, "PlanetClass":"Gas giant with water based life", "MassEM":315.863617, "Radius":69256776.000000, "SurfaceGravity":26.247293, "SemiMajorAxis":276872331264.000000, "Eccentricity":0.001585, "OrbitalInclination":1.131019, "Periapsis":242.441910, "OrbitalPeriod":109444008.000000, "RotationPeriod":39705.800781, "AxialTilt":-0.975967 }
{ "timestamp":"2017-12-11T23:44:30Z", "event":"Scan", "BodyName":"Wolf 871 B 2 e", "DistanceFromArrivalLS":17206.033203, "PlanetClass":"Icy body", "MassEM":0.026143, "Radius":2586124.250000, "SurfaceGravity":1.558020, "SemiMajorAxis":3952722944.000000, "Eccentricity":0.005285, "OrbitalInclination":0.987548, "Periapsis":243.949539, "OrbitalPeriod":4399891.500000, "RotationPeriod":4400635.000000, "AxialTilt":-1.055826 }
{ "timestamp":"2017-12-11T23:44:51Z", "event":"Scan", "BodyName":"Wolf 871 B 2 e a", "DistanceFromArrivalLS":17205.947266, "PlanetClass":"Icy body", "MassEM":0.001578, "Radius":1053732.000000, "SurfaceGravity":0.566550, "SemiMajorAxis":27154536.000000, "Eccentricity":0.000000, "OrbitalInclination":34.689064, "Periapsis":157.044373, "OrbitalPeriod":267469.375000, "RotationPeriod":275424.750000, "AxialTilt":-0.052977 }
{ "timestamp":"2017-12-11T23:45:19Z", "event":"Scan", "BodyName":"Wolf 871 B 2 b", "DistanceFromArrivalLS":17200.574219, "PlanetClass":"Rocky ice body", "MassEM":0.006530, "Radius":1459002.125000, "SurfaceGravity":1.222731, "SemiMajorAxis":921011392.000000, "Eccentricity":0.000175, "OrbitalInclination":0.030450, "Periapsis":286.456665, "OrbitalPeriod":494874.312500, "RotationPeriod":494957.906250, "AxialTilt":-0.389973 }
{ "timestamp":"2017-12-11T23:45:36Z", "event":"Scan", "BodyName":"Wolf 871 B 2 c", "DistanceFromArrivalLS":17194.925781, "PlanetClass":"Icy body", "MassEM":0.008758, "Radius":1810954.125000, "SurfaceGravity":1.064358, "SemiMajorAxis":1628934912.000000, "Eccentricity":0.000012, "OrbitalInclination":-0.076471, "Periapsis":111.739067, "OrbitalPeriod":1164000.125000, "RotationPeriod":1164196.750000, "AxialTilt":0.333105 }
{ "timestamp":"2017-12-11T23:46:00Z", "event":"Scan", "BodyName":"Wolf 871 B 2 d", "DistanceFromArrivalLS":17201.085938, "PlanetClass":"Icy body", "MassEM":0.031322, "Radius":2738691.250000, "SurfaceGravity":1.664456, "SemiMajorAxis":2193997568.000000, "Eccentricity":0.000858, "OrbitalInclination":-1.435197, "Periapsis":1.007740, "OrbitalPeriod":1819498.375000, "RotationPeriod":1819805.750000, "AxialTilt":-1.234112 }
{ "timestamp":"2017-12-11T23:46:26Z", "event":"Scan", "BodyName":"Wolf 871 B 2 a", "DistanceFromArrivalLS":17202.111328, "PlanetClass":"Rocky ice body", "MassEM":0.004142, "Radius":1255975.125000, "SurfaceGravity":1.046621, "SemiMajorAxis":660704960.000000, "Eccentricity":0.000371, "OrbitalInclination":0.000101, "Periapsis":309.104523, "OrbitalPeriod":300682.906250, "RotationPeriod":300733.718750, "AxialTilt":-0.329803 }
{ "timestamp":"2017-12-11T23:47:14Z", "event":"Scan", "BodyName":"Wolf 871 B 2 d a", "DistanceFromArrivalLS":17201.111328, "PlanetClass":"Icy body", "MassEM":0.001231, "Radius":969656.812500, "SurfaceGravity":0.521671, "SemiMajorAxis":13440460.000000, "Eccentricity":0.000000, "OrbitalInclination":34.791569, "Periapsis":60.866104, "OrbitalPeriod":85950.625000, "RotationPeriod":87622.828125, "AxialTilt":-0.477012 }
{ "timestamp":"2017-12-11T23:47:52Z", "event":"Music", "MusicTrack":"SystemMap" }
{ "timestamp":"2017-12-11T23:47:57Z", "event":"Music", "MusicTrack":"Supercruise" }
{ "timestamp":"2017-12-11T23:49:57Z", "event":"Scan", "BodyName":"Wolf 871 B A Belt Cluster 4", "DistanceFromArrivalLS":17850.500000 }
{ "timestamp":"2017-12-11T23:50:34Z", "event":"Scan", "BodyName":"Wolf 871 B A Belt Cluster 3", "DistanceFromArrivalLS":17853.267578 }
{ "timestamp":"2017-12-11T23:51:10Z", "event":"Scan", "BodyName":"Wolf 871 B A Belt Cluster 5", "DistanceFromArrivalLS":17851.037109 }
{ "timestamp":"2017-12-11T23:51:53Z", "event":"Scan", "BodyName":"Wolf 871 B A Belt Cluster 1", "DistanceFromArrivalLS":17855.050781 }
{ "timestamp":"2017-12-11T23:52:35Z", "event":"Scan", "BodyName":"Wolf 871 B A Belt Cluster 2", "DistanceFromArrivalLS":17856.158203 }
{ "timestamp":"2017-12-11T23:52:39Z", "event":"Music", "MusicTrack":"SystemMap" }
{ "timestamp":"2017-12-11T23:52:50Z", "event":"Music", "MusicTrack":"Supercruise" }
{ "timestamp":"2017-12-11T23:53:18Z", "event":"Music", "MusicTrack":"SystemMap" }
{ "timestamp":"2017-12-11T23:53:26Z", "event":"Music", "MusicTrack":"Supercruise" }
{ "timestamp":"2017-12-11T23:54:41Z", "event":"Scan", "BodyName":"Wolf 871 B 3", "DistanceFromArrivalLS":17260.300781, "PlanetClass":"Sudarsky class II gas giant", "MassEM":727.648499, "Radius":76478496.000000, "SurfaceGravity":49.585232, "SemiMajorAxis":2073631488.000000, "Eccentricity":0.087835, "OrbitalInclination":-7.384063, "Periapsis":115.613670, "OrbitalPeriod":22929986.000000, "RotationPeriod":164491.062500, "AxialTilt":-3.079772 }
{ "timestamp":"2017-12-11T23:55:22Z", "event":"Scan", "BodyName":"Wolf 871 B 3 f", "DistanceFromArrivalLS":17266.955078, "PlanetClass":"Icy body", "MassEM":0.004771, "Radius":1408903.250000, "SurfaceGravity":0.957886, "SemiMajorAxis":2541241600.000000, "Eccentricity":0.000604, "OrbitalInclination":-0.561114, "Periapsis":13.132354, "OrbitalPeriod":1494592.750000, "RotationPeriod":1494613.000000, "AxialTilt":-0.380755 }
{ "timestamp":"2017-12-11T23:55:57Z", "event":"Scan", "BodyName":"Wolf 871 B 3 d", "DistanceFromArrivalLS":17263.619141, "PlanetClass":"Rocky body", "MassEM":0.002430, "Radius":943965.812500, "SurfaceGravity":1.087011, "SemiMajorAxis":1017081152.000000, "Eccentricity":0.010384, "OrbitalInclination":0.106565, "Periapsis":158.025360, "OrbitalPeriod":378431.500000, "RotationPeriod":378436.625000, "AxialTilt":0.414363 }
{ "timestamp":"2017-12-11T23:56:27Z", "event":"Scan", "BodyName":"Wolf 871 B 3 a", "DistanceFromArrivalLS":17259.644531, "PlanetClass":"Rocky body", "MassEM":0.000843, "Radius":665038.500000, "SurfaceGravity":0.759591, "SemiMajorAxis":366296288.000000, "Eccentricity":0.001055, "OrbitalInclination":-0.120739, "Periapsis":142.540527, "OrbitalPeriod":81790.468750, "RotationPeriod":81791.578125, "AxialTilt":-0.075133 }
{ "timestamp":"2017-12-11T23:56:44Z", "event":"Scan", "BodyName":"Wolf 871 B 3 c", "DistanceFromArrivalLS":17258.023438, "PlanetClass":"Rocky body", "MassEM":0.001769, "Radius":850018.375000, "SurfaceGravity":0.976079, "SemiMajorAxis":716258880.000000, "Eccentricity":0.002416, "OrbitalInclination":-0.316392, "Periapsis":356.554169, "OrbitalPeriod":223644.843750, "RotationPeriod":223647.843750, "AxialTilt":-0.064149 }
{ "timestamp":"2017-12-11T23:57:19Z", "event":"Scan", "BodyName":"Wolf 871 B 3 b", "DistanceFromArrivalLS":17260.603516, "PlanetClass":"Rocky body", "MassEM":0.001272, "Radius":761460.062500, "SurfaceGravity":0.874067, "SemiMajorAxis":509709984.000000, "Eccentricity":0.001973, "OrbitalInclination":-0.593222, "Periapsis":302.214569, "OrbitalPeriod":134257.500000, "RotationPeriod":-134259.328125, "AxialTilt":-2.284290 }
{ "timestamp":"2017-12-11T23:57:56Z", "event":"Scan", "BodyName":"Wolf 871 B 4", "DistanceFromArrivalLS":17296.667969, "PlanetClass":"Sudarsky class I gas giant", "MassEM":105.225418, "Radius":59222404.000000, "SurfaceGravity":11.957985, "SemiMajorAxis":14339295232.000000, "Eccentricity":0.087835, "OrbitalInclination":-7.384063, "Periapsis":295.613678, "OrbitalPeriod":22929986.000000, "RotationPeriod":32709328.000000, "AxialTilt":0.203226 }
{ "timestamp":"2017-12-11T23:59:19Z", "event":"ApproachSettlement", "Name":"Reynolds Landing +" }
{ "timestamp":"2017-12-12T00:00:23Z", "event":"ApproachSettlement", "Name":"Reynolds Landing +" }
{ "timestamp":"2017-12-12T00:00:25Z", "event":"SupercruiseExit", "StarSystem":"Wolf 871", "Body":"Wolf 871 B 3 f", "BodyType":"Planet" }
{ "timestamp":"2017-12-12T00:00:25Z", "event":"Music", "MusicTrack":"Exploration" }
{ "timestamp":"2017-12-12T00:02:02Z", "event":"Touchdown", "PlayerControlled":true, "Latitude":-5.762528, "Longitude":-43.380924 }
{ "timestamp":"2017-12-12T00:02:09Z", "event":"LaunchSRV", "Loadout":"starter", "PlayerControlled":true }
{ "timestamp":"2017-12-12T00:02:21Z", "event":"Music", "MusicTrack":"GalaxyMap" }
{ "timestamp":"2017-12-12T00:02:23Z", "event":"Music", "MusicTrack":"SystemMap" }
{ "timestamp":"2017-12-12T00:02:39Z", "event":"Music", "MusicTrack":"GalaxyMap" }
{ "timestamp":"2017-12-12T00:02:39Z", "event":"Music", "MusicTrack":"Exploration" }
