{ "timestamp":"2018-01-29T20:15:04Z", "event":"Fileheader", "part":1, "language":"Russian\\RU", "gameversion":"2.4", "build":"r160439/r0 " }
{ "timestamp":"2018-01-29T20:15:04Z", "event":"Music", "MusicTrack":"NoTrack" }
{ "timestamp":"2018-01-29T20:15:04Z", "event":"Music", "MusicTrack":"MainMenu" }
{ "timestamp":"2018-01-29T20:15:37Z", "event":"Friends", "Status":"Online", "Name":"Mar.Meow" }
{ "timestamp":"2018-01-29T20:15:55Z", "event":"Cargo", "Inventory":[ { "Name":"telemetrysuite", "Count":4 }, { "Name":"neofabricinsulation", "Count":4 } ] }
{ "timestamp":"2018-01-29T20:15:55Z", "event":"Loadout", "Ship":"CobraMkIII", "ShipID":1, "ShipName":"SLEEPY-ONE", "ShipIdent":"#SLEEP", "Modules":[ { "Slot":"MediumHardpoint1", "Item":"Hpt_PulseLaserBurst_Gimbal_Medium", "On":true, "Priority":0, "Health":1.000000, "Value":48500 }, { "Slot":"MediumHardpoint2", "Item":"Hpt_PulseLaserBurst_Gimbal_Medium", "On":true, "Priority":0, "Health":1.000000, "Value":48500 }, { "Slot":"SmallHardpoint1", "Item":"Hpt_Cannon_Gimbal_Small", "On":true, "Priority":0, "AmmoInClip":5, "AmmoInHopper":100, "Health":1.000000, "Value":42200 }, { "Slot":"SmallHardpoint2", "Item":"Hpt_Cannon_Gimbal_Small", "On":true, "Priority":0, "AmmoInClip":5, "AmmoInHopper":100, "Health":1.000000, "Value":42200 }, { "Slot":"TinyHardpoint1", "Item":"Hpt_ChaffLauncher_Tiny", "On":true, "Priority":0, "AmmoInClip":1, "AmmoInHopper":10, "Health":1.000000, "Value":8500 }, { "Slot":"TinyHardpoint2", "Item":"Hpt_CrimeScanner_Size0_Class2", "On":true, "Priority":0, "Health":1.000000, "Value":40633 }, { "Slot":"PaintJob", "Item":"PaintJob_CobraMkIII_Militaire_Earth_Red", "On":true, "Priority":1, "Health":1.000000, "Value":0 }, { "Slot":"Armour", "Item":"CobraMkIII_Armour_Reactive", "On":true, "Priority":1, "Health":1.000000, "Value":824285 }, { "Slot":"PowerPlant", "Item":"Int_Powerplant_Size4_Class5", "On":true, "Priority":1, "Health":1.000000, "Value":1610080 }, { "Slot":"MainEngines", "Item":"Int_Engine_Size4_Class5", "On":true, "Priority":0, "Health":1.000000, "Value":1610080 }, { "Slot":"FrameShiftDrive", "Item":"Int_Hyperdrive_Size4_Class5", "On":true, "Priority":0, "Health":1.000000, "Value":1610080 }, { "Slot":"LifeSupport", "Item":"Int_LifeSupport_Size3_Class1", "On":true, "Priority":2, "Health":1.000000, "Value":4053 }, { "Slot":"PowerDistributor", "Item":"Int_PowerDistributor_Size3_Class5", "On":true, "Priority":0, "Health":1.000000, "Value":158331 }, { "Slot":"Radar", "Item":"Int_Sensors_Size3_Class5", "On":true, "Priority":0, "Health":1.000000, "Value":158331 }, { "Slot":"FuelTank", "Item":"Int_FuelTank_Size4_Class3", "On":true, "Priority":1, "Health":1.000000, "Value":24734 }, { "Slot":"Slot01_Size4", "Item":"Int_CargoRack_Size4_Class1", "On":true, "Priority":1, "Health":1.000000, "Value":34328 }, { "Slot":"Slot02_Size4", "Item":"Int_BuggyBay_Size2_Class1", "On":true, "Priority":0, "Health":1.000000, "Value":18000 }, { "Slot":"Slot03_Size4", "Item":"Int_ShieldGenerator_Size4_Class5", "On":true, "Priority":0, "Health":1.000000, "Value":1610080 }, { "Slot":"Slot04_Size2", "Item":"Int_FuelScoop_Size2_Class5", "On":true, "Priority":0, "Health":1.000000, "Value":284844 }, { "Slot":"Slot05_Size2", "Item":"Int_FSDInterdictor_Size1_Class2", "On":true, "Priority":0, "Health":1.000000, "Value":36000 }, { "Slot":"Slot06_Size2", "Item":"Int_StellarBodyDiscoveryScanner_Advanced", "On":true, "Priority":1, "Health":1.000000, "Value":1545000 }, { "Slot":"PlanetaryApproachSuite", "Item":"Int_PlanetApproachSuite", "On":true, "Priority":1, "Health":1.000000, "Value":500 }, { "Slot":"ShipCockpit", "Item":"CobraMkIII_Cockpit", "On":true, "Priority":1, "Health":1.000000, "Value":0 }, { "Slot":"CargoHatch", "Item":"ModularCargoBayDoor", "On":true, "Priority":2, "Health":1.000000, "Value":0 } ] }
{ "timestamp":"2018-01-29T20:15:55Z", "event":"Materials", "Raw":[ { "Name":"phosphorus", "Count":14 }, { "Name":"iron", "Count":27 }, { "Name":"sulphur", "Count":19 }, { "Name":"nickel", "Count":24 }, { "Name":"carbon", "Count":18 }, { "Name":"chromium", "Count":6 }, { "Name":"molybdenum", "Count":3 }, { "Name":"manganese", "Count":6 }, { "Name":"cadmium", "Count":3 }, { "Name":"germanium", "Count":3 } ], "Manufactured":[ { "Name":"gridresistors", "Count":13 }, { "Name":"mechanicalscrap", "Count":14 }, { "Name":"mechanicalequipment", "Count":9 }, { "Name":"heatconductionwiring", "Count":6 }, { "Name":"focuscrystals", "Count":40 }, { "Name":"salvagedalloys", "Count":57 }, { "Name":"chemicalprocessors", "Count":30 }, { "Name":"heatdispersionplate", "Count":3 }, { "Name":"phasealloys", "Count":18 }, { "Name":"shieldingsensors", "Count":33 }, { "Name":"wornshieldemitters", "Count":69 }, { "Name":"galvanisingalloys", "Count":39 }, { "Name":"uncutfocuscrystals", "Count":1 }, { "Name":"hybridcapacitors", "Count":1 }, { "Name":"configurablecomponents", "Count":6 }, { "Name":"highdensitycomposites", "Count":12 }, { "Name":"mechanicalcomponents", "Count":3 }, { "Name":"fedproprietarycomposites", "Count":12 }, { "Name":"fedcorecomposites", "Count":3 }, { "Name":"shieldemitters", "Count":21 }, { "Name":"conductivecomponents", "Count":2 }, { "Name":"refinedfocuscrystals", "Count":21 }, { "Name":"chemicaldistillery", "Count":6 }, { "Name":"protolightalloys", "Count":6 }, { "Name":"conductiveceramics", "Count":1 }, { "Name":"precipitatedalloys", "Count":4 }, { "Name":"biotechconductors", "Count":1 }, { "Name":"compoundshielding", "Count":6 } ], "Encoded":[ { "Name":"decodedemissiondata", "Count":3 }, { "Name":"emissiondata", "Count":6 }, { "Name":"shieldsoakanalysis", "Count":15 }, { "Name":"shielddensityreports", "Count":27 }, { "Name":"scanarchives", "Count":15 }, { "Name":"shieldpatternanalysis", "Count":12 }, { "Name":"shieldcyclerecordings", "Count":45 }, { "Name":"encodedscandata", "Count":9 }, { "Name":"fsdtelemetry", "Count":5 }, { "Name":"scandatabanks", "Count":4 }, { "Name":"legacyfirmware", "Count":10 }, { "Name":"archivedemissiondata", "Count":3 }, { "Name":"disruptedwakeechoes", "Count":6 }, { "Name":"industrialfirmware", "Count":2 }, { "Name":"bulkscandata", "Count":20 }, { "Name":"embeddedfirmware", "Count":1 }, { "Name":"scrambledemissiondata", "Count":3 } ] }
{ "timestamp":"2018-01-29T20:15:55Z", "event":"LoadGame", "Commander":"Sleep Runner", "Ship":"CobraMkIII", "ShipID":1, "ShipName":"SLEEPY-ONE", "ShipIdent":"#SLEEP", "FuelLevel":16.000000, "FuelCapacity":16.000000, "GameMode":"Open", "Credits":24464448, "Loan":0 }
{ "timestamp":"2018-01-29T20:15:55Z", "event":"Rank", "Combat":1, "Trade":3, "Explore":3, "Empire":0, "Federation":1, "CQC":0 }
{ "timestamp":"2018-01-29T20:15:55Z", "event":"Progress", "Combat":33, "Trade":66, "Explore":2, "Empire":0, "Federation":85, "CQC":0 }
{ "timestamp":"2018-01-29T20:16:11Z", "event":"Location", "Docked":true, "StationName":"Vela Port", "StationType":"Coriolis", "StarSystem":"Amarak", "StarPos":[-68.438,26.000,26.469], "SystemAllegiance":"Federation", "SystemEconomy":"$economy_HighTech;", "SystemEconomy_Localised":"Высокие технологии", "SystemGovernment":"$government_Corporate;", "SystemGovernment_Localised":"Корпоративная", "SystemSecurity":"$SYSTEM_SECURITY_high;", "SystemSecurity_Localised":"Высок. ур. безопасности", "Population":10248421, "Body":"Vela Port", "BodyType":"Station", "Factions":[ { "Name":"Pilots Federation Local Branch", "FactionState":"None", "Government":"Democracy", "Influence":0.000000, "Allegiance":"PilotsFederation" }, { "Name":"Tarutaalli Group", "FactionState":"War", "Government":"Corporate", "Influence":0.091908, "Allegiance":"Federation", "PendingStates":[ { "State":"Boom", "Trend":1 } ] }, { "Name":"Amarak Comms Partners", "FactionState":"Boom", "Government":"Corporate", "Influence":0.493506, "Allegiance":"Federation" }, { "Name":"Amarak Dominion", "FactionState":"War", "Government":"Dictatorship", "Influence":0.064935, "Allegiance":"Independent", "PendingStates":[ { "State":"Boom", "Trend":1 } ] }, { "Name":"Amarak Silver Family", "FactionState":"War", "Government":"Anarchy", "Influence":0.103896, "Allegiance":"Independent", "RecoveringStates":[ { "State":"Boom", "Trend":0 } ] }, { "Name":"Syndicate of LHS 3385", "FactionState":"War", "Government":"Anarchy", "Influence":0.087912, "Allegiance":"Independent", "RecoveringStates":[ { "State":"Boom", "Trend":0 } ] }, { "Name":"Amarak Republic Party", "FactionState":"Boom", "Government":"Democracy", "Influence":0.139860, "Allegiance":"Federation" }, { "Name":"Ronin of Amarak", "FactionState":"None", "Government":"Anarchy", "Influence":0.017982, "Allegiance":"Independent", "PendingStates":[ { "State":"Boom", "Trend":1 } ] } ], "SystemFaction":"Amarak Comms Partners", "FactionState":"Boom" }
{ "timestamp":"2018-01-29T20:16:12Z", "event":"Music", "MusicTrack":"NoTrack" }
{ "timestamp":"2018-01-29T20:16:12Z", "event":"Docked", "StationName":"Vela Port", "StationType":"Coriolis", "StarSystem":"Amarak", "StationFaction":"Amarak Comms Partners", "FactionState":"Boom", "StationGovernment":"$government_Corporate;", "StationGovernment_Localised":"Корпоративная", "StationAllegiance":"Federation", "StationServices":[ "Dock", "Autodock", "BlackMarket", "Commodities", "Contacts", "Exploration", "Missions", "Outfitting", "CrewLounge", "Rearm", "Refuel", "Repair", "Shipyard", "Tuning", "MissionsGenerated", "FlightController", "StationOperations", "Powerplay", "SearchAndRescue" ], "StationEconomy":"$economy_HighTech;", "StationEconomy_Localised":"Высокие технологии", "DistFromStarLS":1177.287354 }
{ "timestamp":"2018-01-29T20:16:12Z", "event":"Music", "MusicTrack":"Starport" }
{ "timestamp":"2018-01-29T20:17:37Z", "event":"Friends", "Status":"Online", "Name":"Mar.Meow" }
{ "timestamp":"2018-01-29T20:19:26Z", "event":"MissionAccepted", "Faction":"Amarak Silver Family", "Name":"Mission_Disable_War", "LocalisedName":"Отключите электросеть цели. Это: Поселение", "Target":"$MissionUtil_Settlement_Target_Building;", "Target_Localised":"Поселение", "Expiry":"2018-02-01T20:41:25Z", "Influence":"Med", "Reputation":"Med", "Reward":1166880, "MissionID":303583612 }
{ "timestamp":"2018-01-29T20:19:29Z", "event":"MissionAccepted", "Faction":"Amarak Silver Family", "Name":"Mission_Disable_War", "LocalisedName":"Отключите электросеть цели. Это: Установка", "Target":"$MissionUtil_Settlement_Target_Turret;", "Target_Localised":"Установка", "Expiry":"2018-01-31T11:25:58Z", "Influence":"Med", "Reputation":"Med", "Reward":395426, "MissionID":303583657 }
{ "timestamp":"2018-01-29T20:19:33Z", "event":"MissionAccepted", "Faction":"Amarak Silver Family", "Name":"Mission_Disable_War", "LocalisedName":"Отключите электросеть цели. Это: Поселение", "Target":"$MissionUtil_Settlement_Target_Building;", "Target_Localised":"Поселение", "Expiry":"2018-02-01T05:04:08Z", "Influence":"Med", "Reputation":"Med", "Reward":544761, "MissionID":303583714 }
{ "timestamp":"2018-01-29T20:19:35Z", "event":"MissionAccepted", "Faction":"Amarak Silver Family", "Name":"Mission_Disable_War", "LocalisedName":"Отключите электросеть цели. Это: Установка", "Target":"$MissionUtil_Settlement_Target_Turret;", "Target_Localised":"Установка", "Expiry":"2018-01-30T11:58:24Z", "Influence":"Med", "Reputation":"Med", "Reward":157511, "MissionID":303583756 }
{ "timestamp":"2018-01-29T20:19:38Z", "event":"MissionAccepted", "Faction":"Amarak Silver Family", "Name":"Mission_Disable_War", "LocalisedName":"Отключите электросеть цели. Это: Установка", "Target":"$MissionUtil_Settlement_Target_Turret;", "Target_Localised":"Установка", "Expiry":"2018-02-01T14:16:27Z", "Influence":"Med", "Reputation":"Med", "Reward":967980, "MissionID":303583803 }
{ "timestamp":"2018-01-29T20:19:40Z", "event":"MissionAccepted", "Faction":"Amarak Silver Family", "Name":"Mission_Disable_War", "LocalisedName":"Отключите электросеть цели. Это: Установка", "Target":"$MissionUtil_Settlement_Target_Turret;", "Target_Localised":"Установка", "Expiry":"2018-01-30T16:17:12Z", "Influence":"Med", "Reputation":"Med", "Reward":137042, "MissionID":303583833 }
{ "timestamp":"2018-01-29T20:19:45Z", "event":"MissionAccepted", "Faction":"Syndicate of LHS 3385", "Name":"Mission_Disable_HighTech", "LocalisedName":"Отключите электросеть цели. Это: Установка", "Target":"$MissionUtil_Settlement_Target_Turret;", "Target_Localised":"Установка", "Expiry":"2018-02-01T13:45:59Z", "Influence":"Med", "Reputation":"Med", "Reward":547491, "MissionID":303583914 }
{ "timestamp":"2018-01-29T20:19:48Z", "event":"MissionAccepted", "Faction":"Syndicate of LHS 3385", "Name":"Mission_Disable_HighTech", "LocalisedName":"Отключите электросеть цели. Это: Поселение", "Target":"$MissionUtil_Settlement_Target_Building;", "Target_Localised":"Поселение", "Expiry":"2018-02-01T00:38:35Z", "Influence":"Med", "Reputation":"Med", "Reward":764160, "MissionID":303583965 }
{ "timestamp":"2018-01-29T20:19:50Z", "event":"MissionAccepted", "Faction":"Syndicate of LHS 3385", "Name":"Mission_Disable_HighTech", "LocalisedName":"Отключите электросеть цели. Это: Установка", "Target":"$MissionUtil_Settlement_Target_Turret;", "Target_Localised":"Установка", "Expiry":"2018-01-30T15:57:35Z", "Influence":"Med", "Reputation":"Med", "Reward":152081, "MissionID":303584012 }
{ "timestamp":"2018-01-29T20:20:01Z", "event":"MissionAccepted", "Faction":"Ronin of Amarak", "Name":"Mission_Disable_HighTech", "LocalisedName":"Отключите электросеть цели. Это: Установка", "Target":"$MissionUtil_Settlement_Target_Turret;", "Target_Localised":"Установка", "Expiry":"2018-01-30T12:46:40Z", "Influence":"Med", "Reputation":"Med", "Reward":169129, "MissionID":303584212 }
{ "timestamp":"2018-01-29T20:20:04Z", "event":"MissionAccepted", "Faction":"Ronin of Amarak", "Name":"Mission_Disable_HighTech", "LocalisedName":"Отключите электросеть цели. Это: Установка", "Target":"$MissionUtil_Settlement_Target_Turret;", "Target_Localised":"Установка", "Expiry":"2018-01-30T11:07:21Z", "Influence":"Med", "Reputation":"Med", "Reward":137308, "MissionID":303584256 }
{ "timestamp":"2018-01-29T20:20:06Z", "event":"MissionAccepted", "Faction":"Ronin of Amarak", "Name":"Mission_Disable_HighTech", "LocalisedName":"Отключите электросеть цели. Это: Поселение", "Target":"$MissionUtil_Settlement_Target_Building;", "Target_Localised":"Поселение", "Expiry":"2018-02-01T11:36:51Z", "Influence":"Med", "Reputation":"Med", "Reward":761780, "MissionID":303584292 }
{ "timestamp":"2018-01-29T20:20:08Z", "event":"MissionAccepted", "Faction":"Ronin of Amarak", "Name":"Mission_Disable_HighTech", "LocalisedName":"Отключите электросеть цели. Это: Установка", "Target":"$MissionUtil_Settlement_Target_Turret;", "Target_Localised":"Установка", "Expiry":"2018-01-31T02:59:24Z", "Influence":"Med", "Reputation":"Med", "Reward":393728, "MissionID":303584345 }
{ "timestamp":"2018-01-29T20:20:11Z", "event":"MissionAccepted", "Faction":"Ronin of Amarak", "Name":"Mission_Disable_HighTech", "LocalisedName":"Отключите электросеть цели. Это: Установка", "Target":"$MissionUtil_Settlement_Target_Turret;", "Target_Localised":"Установка", "Expiry":"2018-01-30T18:29:25Z", "Influence":"Med", "Reputation":"Med", "Reward":179963, "MissionID":303584385 }
{ "timestamp":"2018-01-29T20:22:29Z", "event":"Undocked", "StationName":"Vela Port", "StationType":"Coriolis" }
{ "timestamp":"2018-01-29T20:22:40Z", "event":"Music", "MusicTrack":"NoTrack" }
{ "timestamp":"2018-01-29T20:23:11Z", "event":"Music", "MusicTrack":"GalaxyMap" }
{ "timestamp":"2018-01-29T20:23:30Z", "event":"Music", "MusicTrack":"SystemMap" }
{ "timestamp":"2018-01-29T20:23:48Z", "event":"Music", "MusicTrack":"GalaxyMap" }
{ "timestamp":"2018-01-29T20:23:50Z", "event":"Music", "MusicTrack":"NoTrack" }
{ "timestamp":"2018-01-29T20:24:21Z", "event":"ReceiveText", "From":"Vela Port", "Message":"$STATION_NoFireZone_exited;", "Message_Localised":"Вы вышли из зоны запрета огня", "Channel":"npc" }
{ "timestamp":"2018-01-29T20:24:40Z", "event":"StartJump", "JumpType":"Supercruise" }
{ "timestamp":"2018-01-29T20:24:45Z", "event":"SupercruiseEntry", "StarSystem":"Amarak" }
{ "timestamp":"2018-01-29T20:24:45Z", "event":"Music", "MusicTrack":"Supercruise" }
{ "timestamp":"2018-01-29T20:26:33Z", "event":"WingJoin", "Others":[ "Mar.Meow" ] }
{ "timestamp":"2018-01-29T20:26:33Z", "event":"WingAdd", "Name":"Mar.Meow" }
{ "timestamp":"2018-01-29T20:33:30Z", "event":"Music", "MusicTrack":"GalacticPowers" }
{ "timestamp":"2018-01-29T20:33:51Z", "event":"Music", "MusicTrack":"Supercruise" }
{ "timestamp":"2018-01-29T20:33:52Z", "event":"Music", "MusicTrack":"GalacticPowers" }
{ "timestamp":"2018-01-29T20:35:10Z", "event":"Music", "MusicTrack":"GalaxyMap" }
{ "timestamp":"2018-01-29T20:35:20Z", "event":"Music", "MusicTrack":"GalacticPowers" }
{ "timestamp":"2018-01-29T20:35:27Z", "event":"PowerplayJoin", "Power":"Aisling Duval" }
{ "timestamp":"2018-01-29T20:35:33Z", "event":"Music", "MusicTrack":"Supercruise" }
{ "timestamp":"2018-01-29T20:37:09Z", "event":"Music", "MusicTrack":"SystemMap" }
{ "timestamp":"2018-01-29T20:37:35Z", "event":"Music", "MusicTrack":"Supercruise" }
{ "timestamp":"2018-01-29T20:40:04Z", "event":"Music", "MusicTrack":"SystemMap" }
{ "timestamp":"2018-01-29T20:40:11Z", "event":"Music", "MusicTrack":"Supercruise" }
{ "timestamp":"2018-01-29T20:41:25Z", "event":"ApproachSettlement", "Name":"Leichhardt Oasis +" }
{ "timestamp":"2018-01-29T20:41:27Z", "event":"ApproachSettlement", "Name":"Williams Base" }
{ "timestamp":"2018-01-29T20:41:27Z", "event":"ApproachSettlement", "Name":"Marconi Enterprise" }
{ "timestamp":"2018-01-29T20:43:00Z", "event":"ApproachSettlement", "Name":"Leichhardt Oasis +" }
{ "timestamp":"2018-01-29T20:43:02Z", "event":"SupercruiseExit", "StarSystem":"Amarak", "Body":"Amarak B 1", "BodyType":"Planet" }
{ "timestamp":"2018-01-29T20:43:03Z", "event":"Music", "MusicTrack":"Exploration" }
{ "timestamp":"2018-01-29T20:44:19Z", "event":"ShieldState", "ShieldsUp":false }
{ "timestamp":"2018-01-29T20:44:52Z", "event":"Touchdown", "PlayerControlled":true, "Latitude":-71.916878, "Longitude":55.801067 }
{ "timestamp":"2018-01-29T20:45:01Z", "event":"LaunchSRV", "Loadout":"starter", "PlayerControlled":true }
{ "timestamp":"2018-01-29T20:45:40Z", "event":"Liftoff", "PlayerControlled":false }
{ "timestamp":"2018-01-29T20:46:23Z", "event":"ShieldState", "ShieldsUp":true }
{ "timestamp":"2018-01-29T20:47:06Z", "event":"DatalinkScan", "Message":"$DataLink_ScannedInfo_Postbox;", "Message_Localised":"Есть доступ к терминалу" }
{ "timestamp":"2018-01-29T20:49:11Z", "event":"Music", "MusicTrack":"Combat_SRV" }
{ "timestamp":"2018-01-29T20:49:11Z", "event":"CommitCrime", "CrimeType":"assault", "Faction":"Amarak Republic Party", "Victim":"$poi_generator_name;", "Victim_Localised":"Генератор", "Bounty":200 }
{ "timestamp":"2018-01-29T20:49:15Z", "event":"CommitCrime", "CrimeType":"assault", "Faction":"Amarak Republic Party", "Victim":"$ShipName_Military_Federation;", "Victim_Localised":"Федеральный флотский корабль", "Bounty":200 }
{ "timestamp":"2018-01-29T20:49:19Z", "event":"MissionRedirected", "MissionID":303584292, "Name":"Mission_Disable_HighTech_name", "NewDestinationStation":"Vela Port", "NewDestinationSystem":"Amarak", "OldDestinationStation":"Leichhardt Oasis +", "OldDestinationSystem":"Amarak" }
{ "timestamp":"2018-01-29T20:49:43Z", "event":"HullDamage", "Health":0.639067, "PlayerPilot":true }
{ "timestamp":"2018-01-29T20:49:46Z", "event":"HullDamage", "Health":0.408548, "PlayerPilot":true }
{ "timestamp":"2018-01-29T20:49:59Z", "event":"ShieldState", "ShieldsUp":true }
{ "timestamp":"2018-01-29T20:50:00Z", "event":"HullDamage", "Health":0.397977, "PlayerPilot":true }
{ "timestamp":"2018-01-29T20:50:13Z", "event":"HullDamage", "Health":0.151562, "PlayerPilot":true }
{ "timestamp":"2018-01-29T20:50:13Z", "event":"Music", "MusicTrack":"Exploration" }
{ "timestamp":"2018-01-29T20:50:14Z", "event":"Music", "MusicTrack":"NoTrack" }
{ "timestamp":"2018-01-29T20:50:15Z", "event":"ApproachSettlement", "Name":"Leichhardt Oasis +" }
{ "timestamp":"2018-01-29T20:50:19Z", "event":"Location", "Docked":false, "StarSystem":"Amarak", "StarPos":[-68.438,26.000,26.469], "SystemAllegiance":"Federation", "SystemEconomy":"$economy_HighTech;", "SystemEconomy_Localised":"Высокие технологии", "SystemGovernment":"$government_Corporate;", "SystemGovernment_Localised":"Корпоративная", "SystemSecurity":"$SYSTEM_SECURITY_high;", "SystemSecurity_Localised":"Высок. ур. безопасности", "Population":10248421, "Body":"Amarak B 1", "BodyType":"Planet", "Powers":[ "Zachary Hudson" ], "PowerplayState":"Exploited", "Factions":[ { "Name":"Pilots Federation Local Branch", "FactionState":"None", "Government":"Democracy", "Influence":0.000000, "Allegiance":"PilotsFederation" }, { "Name":"Tarutaalli Group", "FactionState":"War", "Government":"Corporate", "Influence":0.091908, "Allegiance":"Federation", "PendingStates":[ { "State":"Boom", "Trend":1 } ] }, { "Name":"Amarak Comms Partners", "FactionState":"Boom", "Government":"Corporate", "Influence":0.493506, "Allegiance":"Federation" }, { "Name":"Amarak Dominion", "FactionState":"War", "Government":"Dictatorship", "Influence":0.064935, "Allegiance":"Independent", "PendingStates":[ { "State":"Boom", "Trend":1 } ] }, { "Name":"Amarak Silver Family", "FactionState":"War", "Government":"Anarchy", "Influence":0.103896, "Allegiance":"Independent", "RecoveringStates":[ { "State":"Boom", "Trend":0 } ] }, { "Name":"Syndicate of LHS 3385", "FactionState":"War", "Government":"Anarchy", "Influence":0.087912, "Allegiance":"Independent", "RecoveringStates":[ { "State":"Boom", "Trend":0 } ] }, { "Name":"Amarak Republic Party", "FactionState":"Boom", "Government":"Democracy", "Influence":0.139860, "Allegiance":"Federation" }, { "Name":"Ronin of Amarak", "FactionState":"None", "Government":"Anarchy", "Influence":0.017982, "Allegiance":"Independent", "PendingStates":[ { "State":"Boom", "Trend":1 } ] } ], "SystemFaction":"Amarak Comms Partners", "FactionState":"Boom" }
{ "timestamp":"2018-01-29T20:50:19Z", "event":"Music", "MusicTrack":"Exploration" }
{ "timestamp":"2018-01-29T20:50:55Z", "event":"Music", "MusicTrack":"Combat_Dogfight" }
{ "timestamp":"2018-01-29T20:51:10Z", "event":"ReceiveText", "From":"$ShipName_Military_Federation;", "From_Localised":"Федеральный флотский корабль", "Message":"$Military_UnderFire01;", "Message_Localised":"На меня сел бандит.", "Channel":"npc" }
{ "timestamp":"2018-01-29T20:51:10Z", "event":"CommitCrime", "CrimeType":"assault", "Faction":"Amarak Republic Party", "Victim":"$ShipName_Military_Federation;", "Victim_Localised":"Федеральный флотский корабль", "Bounty":200 }
{ "timestamp":"2018-01-29T20:51:17Z", "event":"ReceiveText", "From":"$ShipName_Military_Federation;", "From_Localised":"Федеральный флотский корабль", "Message":"$Military_UnderFire10;", "Message_Localised":"Меня атакуют!", "Channel":"npc" }
{ "timestamp":"2018-01-29T20:51:22Z", "event":"ReceiveText", "From":"$ShipName_Military_Federation;", "From_Localised":"Федеральный флотский корабль", "Message":"$Military_UnderFire05;", "Message_Localised":"Встречайте...", "Channel":"npc" }
{ "timestamp":"2018-01-29T20:51:28Z", "event":"ReceiveText", "From":"$ShipName_Military_Federation;", "From_Localised":"Федеральный флотский корабль", "Message":"$Military_UnderFire06;", "Message_Localised":"Мой корабль получает прямые попадания!", "Channel":"npc" }
{ "timestamp":"2018-01-29T20:52:14Z", "event":"ReceiveText", "From":"$ShipName_Military_Federation;", "From_Localised":"Федеральный флотский корабль", "Message":"$Military_UnderFire07;", "Message_Localised":"Это была большая ошибка с твоей стороны.", "Channel":"npc" }
{ "timestamp":"2018-01-29T20:52:23Z", "event":"ReceiveText", "From":"$ShipName_Military_Federation;", "From_Localised":"Федеральный флотский корабль", "Message":"$Military_UnderFire01;", "Message_Localised":"На меня сел бандит.", "Channel":"npc" }
{ "timestamp":"2018-01-29T20:52:29Z", "event":"ReceiveText", "From":"$ShipName_Military_Federation;", "From_Localised":"Федеральный флотский корабль", "Message":"$Military_UnderFire07;", "Message_Localised":"Это была большая ошибка с твоей стороны.", "Channel":"npc" }
{ "timestamp":"2018-01-29T20:52:36Z", "event":"ReceiveText", "From":"$ShipName_Military_Federation;", "From_Localised":"Федеральный флотский корабль", "Message":"$Military_UnderFire06;", "Message_Localised":"Мой корабль получает прямые попадания!", "Channel":"npc" }
{ "timestamp":"2018-01-29T20:52:41Z", "event":"ReceiveText", "From":"$ShipName_Military_Federation;", "From_Localised":"Федеральный флотский корабль", "Message":"$Military_UnderFire06;", "Message_Localised":"Мой корабль получает прямые попадания!", "Channel":"npc" }
{ "timestamp":"2018-01-29T20:52:46Z", "event":"ReceiveText", "From":"$ShipName_Military_Federation;", "From_Localised":"Федеральный флотский корабль", "Message":"$Military_UnderFire01;", "Message_Localised":"На меня сел бандит.", "Channel":"npc" }
{ "timestamp":"2018-01-29T20:52:51Z", "event":"ReceiveText", "From":"$ShipName_Military_Federation;", "From_Localised":"Федеральный флотский корабль", "Message":"$Military_UnderFire10;", "Message_Localised":"Меня атакуют!", "Channel":"npc" }
{ "timestamp":"2018-01-29T20:53:21Z", "event":"ReceiveText", "From":"$ShipName_Military_Federation;", "From_Localised":"Федеральный флотский корабль", "Message":"$Military_UnderFire02;", "Message_Localised":"Не надо было лезть в драку, командир.", "Channel":"npc" }
{ "timestamp":"2018-01-29T20:53:27Z", "event":"ReceiveText", "From":"$ShipName_Military_Federation;", "From_Localised":"Федеральный флотский корабль", "Message":"$Military_UnderFire01;", "Message_Localised":"На меня сел бандит.", "Channel":"npc" }
{ "timestamp":"2018-01-29T20:53:52Z", "event":"Bounty", "Target":"eagle", "TotalReward":0, "VictimFaction":"Amarak Republic Party" }
{ "timestamp":"2018-01-29T20:53:52Z", "event":"CommitCrime", "CrimeType":"murder", "Faction":"Amarak Republic Party", "Victim":"$ShipName_Military_Federation;", "Victim_Localised":"Федеральный флотский корабль", "Bounty":6000 }
{ "timestamp":"2018-01-29T20:54:07Z", "event":"Music", "MusicTrack":"Exploration" }
{ "timestamp":"2018-01-29T20:54:13Z", "event":"SelfDestruct" }
{ "timestamp":"2018-01-29T20:55:00Z", "event":"StartJump", "JumpType":"Supercruise" }
{ "timestamp":"2018-01-29T20:55:00Z", "event":"ApproachSettlement", "Name":"Marconi Enterprise" }
{ "timestamp":"2018-01-29T20:55:00Z", "event":"ApproachSettlement", "Name":"Williams Base" }
{ "timestamp":"2018-01-29T20:55:00Z", "event":"ApproachSettlement", "Name":"Leichhardt Oasis +" }
{ "timestamp":"2018-01-29T20:55:05Z", "event":"SupercruiseEntry", "StarSystem":"Amarak" }
{ "timestamp":"2018-01-29T20:55:05Z", "event":"Music", "MusicTrack":"Supercruise" }
{ "timestamp":"2018-01-29T20:55:22Z", "event":"Music", "MusicTrack":"GalaxyMap" }
{ "timestamp":"2018-01-29T20:55:26Z", "event":"Music", "MusicTrack":"SystemMap" }
{ "timestamp":"2018-01-29T20:55:33Z", "event":"Music", "MusicTrack":"GalaxyMap" }
{ "timestamp":"2018-01-29T20:55:35Z", "event":"Music", "MusicTrack":"Supercruise" }
{ "timestamp":"2018-01-29T20:55:54Z", "event":"Music", "MusicTrack":"GalaxyMap" }
{ "timestamp":"2018-01-29T20:56:17Z", "event":"Music", "MusicTrack":"SystemMap" }
{ "timestamp":"2018-01-29T20:56:30Z", "event":"Music", "MusicTrack":"GalaxyMap" }
{ "timestamp":"2018-01-29T20:56:30Z", "event":"Music", "MusicTrack":"Supercruise" }
{ "timestamp":"2018-01-29T20:56:48Z", "event":"StartJump", "JumpType":"Hyperspace", "StarSystem":"Halai", "StarClass":"G" }
{ "timestamp":"2018-01-29T20:56:54Z", "event":"Music", "MusicTrack":"NoTrack" }
{ "timestamp":"2018-01-29T20:57:07Z", "event":"FSDJump", "StarSystem":"Halai", "StarPos":[-63.500,24.656,32.375], "SystemAllegiance":"Federation", "SystemEconomy":"$economy_Industrial;", "SystemEconomy_Localised":"Промышленность", "SystemGovernment":"$government_Democracy;", "SystemGovernment_Localised":"Демократия", "SystemSecurity":"$SYSTEM_SECURITY_high;", "SystemSecurity_Localised":"Высок. ур. безопасности", "Population":17337033, "Powers":[ "Zachary Hudson" ], "PowerplayState":"Exploited", "JumpDist":7.815, "FuelUsed":0.403068, "FuelLevel":15.106933, "Factions":[ { "Name":"Pilots Federation Local Branch", "FactionState":"None", "Government":"Democracy", "Influence":0.000000, "Allegiance":"PilotsFederation" }, { "Name":"Halai Republic Party", "FactionState":"Boom", "Government":"Democracy", "Influence":0.398000, "Allegiance":"Federation" }, { "Name":"Nationals of Halai", "FactionState":"CivilWar", "Government":"Dictatorship", "Influence":0.087000, "Allegiance":"Independent" }, { "Name":"Halai Dynamic Network", "FactionState":"CivilWar", "Government":"Corporate", "Influence":0.090000, "Allegiance":"Independent" }, { "Name":"Syndicate of LHS 3385", "FactionState":"None", "Government":"Anarchy", "Influence":0.177000, "Allegiance":"Independent", "RecoveringStates":[ { "State":"Boom", "Trend":0 } ] }, { "Name":"Halai Bureau", "FactionState":"Boom", "Government":"Dictatorship", "Influence":0.156000, "Allegiance":"Independent", "PendingStates":[ { "State":"Outbreak", "Trend":0 } ] }, { "Name":"Halai Purple Cartel", "FactionState":"Boom", "Government":"Anarchy", "Influence":0.092000, "Allegiance":"Independent" } ], "SystemFaction":"Halai Republic Party", "FactionState":"Boom" }
{ "timestamp":"2018-01-29T20:57:07Z", "event":"Music", "MusicTrack":"DestinationFromHyperspace" }
{ "timestamp":"2018-01-29T20:57:12Z", "event":"Music", "MusicTrack":"Supercruise" }
{ "timestamp":"2018-01-29T20:57:19Z", "event":"FuelScoop", "Scooped":0.077009, "Total":15.183943 }
{ "timestamp":"2018-01-29T20:57:25Z", "event":"Music", "MusicTrack":"GalacticPowers" }
{ "timestamp":"2018-01-29T20:57:27Z", "event":"Music", "MusicTrack":"Supercruise" }
{ "timestamp":"2018-01-29T20:57:27Z", "event":"Music", "MusicTrack":"GalacticPowers" }
{ "timestamp":"2018-01-29T20:57:43Z", "event":"PowerplayLeave", "Power":"Aisling Duval" }
{ "timestamp":"2018-01-29T20:57:45Z", "event":"Music", "MusicTrack":"Supercruise" }
{ "timestamp":"2018-01-29T20:58:54Z", "event":"SupercruiseExit", "StarSystem":"Halai", "Body":"Chaudhary Enterprise", "BodyType":"Station" }
{ "timestamp":"2018-01-29T20:58:54Z", "event":"Music", "MusicTrack":"DestinationFromSupercruise" }
{ "timestamp":"2018-01-29T20:58:59Z", "event":"Music", "MusicTrack":"NoTrack" }
{ "timestamp":"2018-01-29T20:59:00Z", "event":"ReceiveText", "From":"Chaudhary Enterprise", "Message":"$STATION_NoFireZone_entered;", "Message_Localised":"Вы вошли в зону запрета огня", "Channel":"npc" }
{ "timestamp":"2018-01-29T21:00:05Z", "event":"DockingRequested", "StationName":"Chaudhary Enterprise" }
{ "timestamp":"2018-01-29T21:00:05Z", "event":"ReceiveText", "From":"Chaudhary Enterprise", "Message":"$DockingChatter_Cordial;", "Message_Localised":"С возвращением, командир.", "Channel":"npc" }
{ "timestamp":"2018-01-29T21:00:06Z", "event":"ReceiveText", "From":"Chaudhary Enterprise", "Message":"$STATION_docking_granted;", "Message_Localised":"Стыковка разрешена", "Channel":"npc" }
{ "timestamp":"2018-01-29T21:00:06Z", "event":"DockingGranted", "LandingPad":36, "StationName":"Chaudhary Enterprise" }
{ "timestamp":"2018-01-29T21:00:22Z", "event":"Music", "MusicTrack":"Starport" }
{ "timestamp":"2018-01-29T21:00:40Z", "event":"Docked", "StationName":"Chaudhary Enterprise", "StationType":"Bernal", "StarSystem":"Halai", "StationFaction":"Halai Republic Party", "FactionState":"Boom", "StationGovernment":"$government_Democracy;", "StationGovernment_Localised":"Демократия", "StationAllegiance":"Federation", "StationServices":[ "Dock", "Autodock", "BlackMarket", "Commodities", "Contacts", "Exploration", "Missions", "Outfitting", "CrewLounge", "Rearm", "Refuel", "Repair", "Shipyard", "Tuning", "MissionsGenerated", "FlightController", "StationOperations", "Powerplay", "SearchAndRescue" ], "StationEconomy":"$economy_Industrial;", "StationEconomy_Localised":"Промышленность", "DistFromStarLS":130.717911 }
{ "timestamp":"2018-01-29T21:01:00Z", "event":"BuyAmmo", "Cost":600 }
{ "timestamp":"2018-01-29T21:01:00Z", "event":"RestockVehicle", "Type":"testbuggy", "Loadout":"starter", "Cost":1030, "Count":1 }
{ "timestamp":"2018-01-29T21:01:01Z", "event":"RepairAll", "Cost":78 }
{ "timestamp":"2018-01-29T21:01:02Z", "event":"RefuelAll", "Cost":57, "Amount":1.121547 }
{ "timestamp":"2018-01-29T21:01:11Z", "event":"Repair", "Item":"Wear", "Cost":298 }
{ "timestamp":"2018-01-29T21:01:16Z", "event":"Repair", "Item":"Paint", "Cost":9 }
{ "timestamp":"2018-01-29T21:03:37Z", "event":"SellExplorationData", "Systems":[ "14 Herculis", "Laima", "Malina", "V1090 Herculis", "LFT 1361", "Styx" ], "Discovered":[  ], "BaseValue":72697, "Bonus":0 }
{ "timestamp":"2018-01-29T21:04:10Z", "event":"RedeemVoucher", "Type":"bounty", "Amount":41950, "Factions":[ { "Faction":"Halai Republic Party", "Amount":41950 } ] }
{ "timestamp":"2018-01-29T21:05:31Z", "event":"Music", "MusicTrack":"SystemMap" }
{ "timestamp":"2018-01-29T21:05:41Z", "event":"Music", "MusicTrack":"Starport" }
{ "timestamp":"2018-01-29T21:05:53Z", "event":"Undocked", "StationName":"Chaudhary Enterprise", "StationType":"Bernal" }
{ "timestamp":"2018-01-29T21:06:09Z", "event":"Music", "MusicTrack":"NoTrack" }
{ "timestamp":"2018-01-29T21:06:28Z", "event":"ReceiveText", "From":"Chaudhary Enterprise", "Message":"$STATION_NoFireZone_exited;", "Message_Localised":"Вы вышли из зоны запрета огня", "Channel":"npc" }
{ "timestamp":"2018-01-29T21:07:04Z", "event":"MaterialDiscovered", "Category":"Encoded", "Name":"encryptioncodes", "DiscoveryNumber":18 }
{ "timestamp":"2018-01-29T21:07:04Z", "event":"MaterialCollected", "Category":"Encoded", "Name":"encryptioncodes", "Count":3 }
{ "timestamp":"2018-01-29T21:07:10Z", "event":"ReceiveText", "From":"Chaudhary Enterprise", "Message":"$STATION_NoFireZone_entered_deployed;", "Message_Localised":"Вы вошли в зону запрета огня. Уберите орудия", "Channel":"npc" }
{ "timestamp":"2018-01-29T21:07:55Z", "event":"ReceiveText", "From":"Chaudhary Enterprise", "Message":"$STATION_NoFireZone_exited;", "Message_Localised":"Вы вышли из зоны запрета огня", "Channel":"npc" }
{ "timestamp":"2018-01-29T21:08:19Z", "event":"StartJump", "JumpType":"Supercruise" }
{ "timestamp":"2018-01-29T21:08:24Z", "event":"SupercruiseEntry", "StarSystem":"Halai" }
{ "timestamp":"2018-01-29T21:08:25Z", "event":"Music", "MusicTrack":"Supercruise" }
{ "timestamp":"2018-01-29T21:11:11Z", "event":"Interdiction", "Success":false, "IsPlayer":true, "Interdicted":"Mar.Meow", "CombatRank":0 }
{ "timestamp":"2018-01-29T21:11:12Z", "event":"SupercruiseExit", "StarSystem":"Halai", "Body":"Halai A", "BodyType":"Star" }
{ "timestamp":"2018-01-29T21:11:12Z", "event":"Music", "MusicTrack":"Exploration" }
{ "timestamp":"2018-01-29T21:12:06Z", "event":"Music", "MusicTrack":"SystemMap" }
{ "timestamp":"2018-01-29T21:12:15Z", "event":"Music", "MusicTrack":"Exploration" }
{ "timestamp":"2018-01-29T21:12:23Z", "event":"StartJump", "JumpType":"Supercruise" }
{ "timestamp":"2018-01-29T21:12:28Z", "event":"SupercruiseEntry", "StarSystem":"Halai" }
{ "timestamp":"2018-01-29T21:12:28Z", "event":"Music", "MusicTrack":"Supercruise" }
{ "timestamp":"2018-01-29T21:13:27Z", "event":"ApproachSettlement", "Name":"Stokes Vision ++" }
{ "timestamp":"2018-01-29T21:13:28Z", "event":"ApproachSettlement", "Name":"al-Khayyam Enterprise" }
{ "timestamp":"2018-01-29T21:14:36Z", "event":"ApproachSettlement", "Name":"Stokes Vision ++" }
{ "timestamp":"2018-01-29T21:14:38Z", "event":"SupercruiseExit", "StarSystem":"Halai", "Body":"Halai A 3", "BodyType":"Planet" }
{ "timestamp":"2018-01-29T21:14:39Z", "event":"Music", "MusicTrack":"Exploration" }
{ "timestamp":"2018-01-29T21:16:26Z", "event":"Touchdown", "PlayerControlled":true, "Latitude":38.439281, "Longitude":75.080544 }
{ "timestamp":"2018-01-29T21:16:54Z", "event":"LaunchSRV", "Loadout":"starter", "PlayerControlled":true }
{ "timestamp":"2018-01-29T21:17:10Z", "event":"Liftoff", "PlayerControlled":false }
{ "timestamp":"2018-01-29T21:19:59Z", "event":"CommitCrime", "CrimeType":"dockingMinorTresspass", "Faction":"Halai Republic Party", "Fine":400 }
{ "timestamp":"2018-01-29T21:20:08Z", "event":"Music", "MusicTrack":"Combat_SRV" }
{ "timestamp":"2018-01-29T21:20:09Z", "event":"CommitCrime", "CrimeType":"dockingMajorTresspass", "Faction":"Halai Republic Party", "Bounty":600 }
{ "timestamp":"2018-01-29T21:20:31Z", "event":"CommitCrime", "CrimeType":"assault", "Faction":"Halai Republic Party", "Victim":"$poi_generator_name;", "Victim_Localised":"Генератор", "Bounty":200 }
{ "timestamp":"2018-01-29T21:20:36Z", "event":"MissionRedirected", "MissionID":303583914, "Name":"Mission_Disable_HighTech_name", "NewDestinationStation":"Vela Port", "NewDestinationSystem":"Amarak", "OldDestinationStation":"Stokes Vision ++", "OldDestinationSystem":"Halai" }
{ "timestamp":"2018-01-29T21:30:08Z", "event":"HullDamage", "Health":0.691432, "PlayerPilot":true }
{ "timestamp":"2018-01-29T21:30:40Z", "event":"Music", "MusicTrack":"Exploration" }
{ "timestamp":"2018-01-29T21:30:43Z", "event":"Music", "MusicTrack":"Combat_SRV" }
{ "timestamp":"2018-01-29T21:30:43Z", "event":"CommitCrime", "CrimeType":"assault", "Faction":"Halai Republic Party", "Victim":"$skimmerdrone_name;", "Victim_Localised":"Оборонный беспилотник с автотурелью", "Bounty":200 }
{ "timestamp":"2018-01-29T21:30:45Z", "event":"HullDamage", "Health":0.570702, "PlayerPilot":true }
{ "timestamp":"2018-01-29T21:30:49Z", "event":"Music", "MusicTrack":"Exploration" }
{ "timestamp":"2018-01-29T21:30:51Z", "event":"HullDamage", "Health":0.383132, "PlayerPilot":true }
{ "timestamp":"2018-01-29T21:30:59Z", "event":"HullDamage", "Health":0.168517, "PlayerPilot":true }
{ "timestamp":"2018-01-29T21:31:30Z", "event":"Music", "MusicTrack":"Combat_SRV" }
{ "timestamp":"2018-01-29T21:32:09Z", "event":"CommitCrime", "CrimeType":"assault", "Faction":"Halai Republic Party", "Victim":"$poi_turretbasea_name;", "Victim_Localised":"Оборонительная турель", "Bounty":200 }
{ "timestamp":"2018-01-29T21:32:57Z", "event":"Music", "MusicTrack":"Exploration" }
{ "timestamp":"2018-01-29T21:32:58Z", "event":"Music", "MusicTrack":"NoTrack" }
{ "timestamp":"2018-01-29T21:32:59Z", "event":"ApproachSettlement", "Name":"Stokes Vision ++" }
{ "timestamp":"2018-01-29T21:33:03Z", "event":"Location", "Docked":false, "StarSystem":"Halai", "StarPos":[-63.500,24.656,32.375], "SystemAllegiance":"Federation", "SystemEconomy":"$economy_Industrial;", "SystemEconomy_Localised":"Промышленность", "SystemGovernment":"$government_Democracy;", "SystemGovernment_Localised":"Демократия", "SystemSecurity":"$SYSTEM_SECURITY_high;", "SystemSecurity_Localised":"Высок. ур. безопасности", "Population":17337033, "Body":"Halai A 3", "BodyType":"Planet", "Factions":[ { "Name":"Pilots Federation Local Branch", "FactionState":"None", "Government":"Democracy", "Influence":0.000000, "Allegiance":"PilotsFederation" }, { "Name":"Halai Republic Party", "FactionState":"Boom", "Government":"Democracy", "Influence":0.398000, "Allegiance":"Federation" }, { "Name":"Nationals of Halai", "FactionState":"CivilWar", "Government":"Dictatorship", "Influence":0.087000, "Allegiance":"Independent" }, { "Name":"Halai Dynamic Network", "FactionState":"CivilWar", "Government":"Corporate", "Influence":0.090000, "Allegiance":"Independent" }, { "Name":"Syndicate of LHS 3385", "FactionState":"None", "Government":"Anarchy", "Influence":0.177000, "Allegiance":"Independent", "RecoveringStates":[ { "State":"Boom", "Trend":0 } ] }, { "Name":"Halai Bureau", "FactionState":"Boom", "Government":"Dictatorship", "Influence":0.156000, "Allegiance":"Independent", "PendingStates":[ { "State":"Outbreak", "Trend":0 } ] }, { "Name":"Halai Purple Cartel", "FactionState":"Boom", "Government":"Anarchy", "Influence":0.092000, "Allegiance":"Independent" } ], "SystemFaction":"Halai Republic Party", "FactionState":"Boom" }
{ "timestamp":"2018-01-29T21:33:03Z", "event":"Music", "MusicTrack":"Exploration" }
{ "timestamp":"2018-01-29T21:34:10Z", "event":"Music", "MusicTrack":"SystemMap" }
{ "timestamp":"2018-01-29T21:34:22Z", "event":"Music", "MusicTrack":"Exploration" }
{ "timestamp":"2018-01-29T21:34:56Z", "event":"StartJump", "JumpType":"Supercruise" }
{ "timestamp":"2018-01-29T21:34:56Z", "event":"ApproachSettlement", "Name":"Stokes Vision ++" }
{ "timestamp":"2018-01-29T21:34:56Z", "event":"ApproachSettlement", "Name":"al-Khayyam Enterprise" }
{ "timestamp":"2018-01-29T21:35:01Z", "event":"SupercruiseEntry", "StarSystem":"Halai" }
{ "timestamp":"2018-01-29T21:35:01Z", "event":"Music", "MusicTrack":"Supercruise" }
{ "timestamp":"2018-01-29T21:37:45Z", "event":"ReceiveText", "From":"$ShipName_PassengerLiner_Wedding;", "From_Localised":"Свадебное судно", "Message":"$ConvoyWedding_Patrol06;", "Message_Localised":"У меня еще текст свадебной клятвы не написан. Что же мне там говорить?..", "Channel":"npc" }
{ "timestamp":"2018-01-29T21:38:28Z", "event":"ReceiveText", "From":"$ShipName_PassengerLiner_Wedding;", "From_Localised":"Свадебное судно", "Message":"$ConvoyWedding_Patrol09;", "Message_Localised":"Ох, не знаю... Может, все-таки отменить эту свадьбу?", "Channel":"npc" }
{ "timestamp":"2018-01-29T21:38:33Z", "event":"SupercruiseExit", "StarSystem":"Halai", "Body":"Chaudhary Enterprise", "BodyType":"Station" }
{ "timestamp":"2018-01-29T21:38:33Z", "event":"Music", "MusicTrack":"DestinationFromSupercruise" }
{ "timestamp":"2018-01-29T21:38:38Z", "event":"Music", "MusicTrack":"NoTrack" }
{ "timestamp":"2018-01-29T21:38:39Z", "event":"ReceiveText", "From":"Chaudhary Enterprise", "Message":"$STATION_NoFireZone_entered;", "Message_Localised":"Вы вошли в зону запрета огня", "Channel":"npc" }
{ "timestamp":"2018-01-29T21:38:43Z", "event":"DockingRequested", "StationName":"Chaudhary Enterprise" }
{ "timestamp":"2018-01-29T21:38:43Z", "event":"ReceiveText", "From":"Chaudhary Enterprise", "Message":"$DockingChatter_Cordial;", "Message_Localised":"С возвращением, командир.", "Channel":"npc" }
{ "timestamp":"2018-01-29T21:38:44Z", "event":"ReceiveText", "From":"Chaudhary Enterprise", "Message":"$STATION_docking_granted;", "Message_Localised":"Стыковка разрешена", "Channel":"npc" }
{ "timestamp":"2018-01-29T21:38:44Z", "event":"DockingGranted", "LandingPad":21, "StationName":"Chaudhary Enterprise" }
{ "timestamp":"2018-01-29T21:39:14Z", "event":"Music", "MusicTrack":"Starport" }
{ "timestamp":"2018-01-29T21:39:18Z", "event":"ReceiveText", "From":"$npc_name_decorate:#name=Cody McMahon;", "From_Localised":"Cody McMahon", "Message":"$Commuter_AuthorityScan02;", "Message_Localised":"Чем могу быть полезен?", "Channel":"npc" }
{ "timestamp":"2018-01-29T21:39:43Z", "event":"Docked", "StationName":"Chaudhary Enterprise", "StationType":"Bernal", "StarSystem":"Halai", "StationFaction":"Halai Republic Party", "FactionState":"Boom", "StationGovernment":"$government_Democracy;", "StationGovernment_Localised":"Демократия", "StationAllegiance":"Federation", "StationServices":[ "Dock", "Autodock", "BlackMarket", "Commodities", "Contacts", "Exploration", "Missions", "Outfitting", "CrewLounge", "Rearm", "Refuel", "Repair", "Shipyard", "Tuning", "MissionsGenerated", "FlightController", "StationOperations", "Powerplay", "SearchAndRescue" ], "StationEconomy":"$economy_Industrial;", "StationEconomy_Localised":"Промышленность", "DistFromStarLS":130.723175 }
{ "timestamp":"2018-01-29T21:39:55Z", "event":"BuyAmmo", "Cost":200 }
{ "timestamp":"2018-01-29T21:39:55Z", "event":"RestockVehicle", "Type":"testbuggy", "Loadout":"starter", "Cost":1030, "Count":1 }
{ "timestamp":"2018-01-29T21:39:57Z", "event":"RepairAll", "Cost":70 }
{ "timestamp":"2018-01-29T21:39:58Z", "event":"RefuelAll", "Cost":20, "Amount":0.380971 }
{ "timestamp":"2018-01-29T21:40:04Z", "event":"Repair", "Item":"Paint", "Cost":1 }
{ "timestamp":"2018-01-29T21:40:08Z", "event":"Repair", "Item":"Wear", "Cost":10 }
{ "timestamp":"2018-01-29T21:40:20Z", "event":"Undocked", "StationName":"Chaudhary Enterprise", "StationType":"Bernal" }
{ "timestamp":"2018-01-29T21:40:35Z", "event":"Music", "MusicTrack":"NoTrack" }
{ "timestamp":"2018-01-29T21:42:52Z", "event":"MaterialCollected", "Category":"Encoded", "Name":"shieldcyclerecordings", "Count":3 }
{ "timestamp":"2018-01-29T21:43:18Z", "event":"Scanned", "ScanType":"Cargo" }
{ "timestamp":"2018-01-29T21:43:18Z", "event":"ReceiveText", "From":"$ShipName_Police_Federation;", "From_Localised":"Федеральная служба безопасности", "Message":"$Police_Attack13;", "Message_Localised":"О, какое богатое полицейское досье! Приступаю к задержанию.", "Channel":"npc" }
{ "timestamp":"2018-01-29T21:43:19Z", "event":"Music", "MusicTrack":"Combat_Dogfight" }
{ "timestamp":"2018-01-29T21:43:28Z", "event":"ShieldState", "ShieldsUp":false }
{ "timestamp":"2018-01-29T21:43:30Z", "event":"HullDamage", "Health":0.728706, "PlayerPilot":true, "Fighter":false }
{ "timestamp":"2018-01-29T21:43:30Z", "event":"CommitCrime", "CrimeType":"collidedAtSpeedInNoFireZone", "Faction":"Halai Republic Party", "Fine":100 }
{ "timestamp":"2018-01-29T21:43:32Z", "event":"ReceiveText", "From":"$ShipName_Police_Federation;", "From_Localised":"Федеральная служба безопасности", "Message":"$Police_Attack02;", "Message_Localised":"Обнаружено преступление! ", "Channel":"npc" }
{ "timestamp":"2018-01-29T21:43:38Z", "event":"ReceiveText", "From":"$ShipName_Police_Federation;", "From_Localised":"Федеральная служба безопасности", "Message":"$Police_Attack08;", "Message_Localised":"Это полиция!", "Channel":"npc" }
{ "timestamp":"2018-01-29T21:43:38Z", "event":"ReceiveText", "From":"$ShipName_Police_Federation;", "From_Localised":"Федеральная служба безопасности", "Message":"$Police_Attack02;", "Message_Localised":"Обнаружено преступление! ", "Channel":"npc" }
{ "timestamp":"2018-01-29T21:43:39Z", "event":"HullDamage", "Health":0.599505, "PlayerPilot":true, "Fighter":false }
{ "timestamp":"2018-01-29T21:43:42Z", "event":"HullDamage", "Health":0.397430, "PlayerPilot":true, "Fighter":false }
{ "timestamp":"2018-01-29T21:43:47Z", "event":"HullDamage", "Health":0.199301, "PlayerPilot":true, "Fighter":false }
{ "timestamp":"2018-01-29T21:43:49Z", "event":"ReceiveText", "From":"$ShipName_Police_Federation;", "From_Localised":"Федеральная служба безопасности", "Message":"$Police_Attack08;", "Message_Localised":"Это полиция!", "Channel":"npc" }
{ "timestamp":"2018-01-29T21:43:49Z", "event":"ReceiveText", "From":"$ShipName_Police_Federation;", "From_Localised":"Федеральная служба безопасности", "Message":"$Police_Attack12;", "Message_Localised":"Никто не может победить закон.", "Channel":"npc" }
{ "timestamp":"2018-01-29T21:43:49Z", "event":"WingLeave" }
