{ "timestamp":"2018-02-03T01:56:26Z", "event":"Fileheader", "part":1, "language":"English\\UK", "gameversion":"2.4", "build":"r160439/r0 " }
{ "timestamp":"2018-02-03T01:56:26Z", "event":"Music", "MusicTrack":"NoTrack" }
{ "timestamp":"2018-02-03T01:56:26Z", "event":"Music", "MusicTrack":"MainMenu" }
{ "timestamp":"2018-02-03T01:57:23Z", "event":"Friends", "Status":"Online", "Name":"Mar.Meow" }
{ "timestamp":"2018-02-03T01:57:29Z", "event":"Cargo", "Inventory":[ { "Name":"articulationmotors", "Count":4 }, { "Name":"insulatingmembrane", "Count":4 }, { "Name":"neofabricinsulation", "Count":4 } ] }
{ "timestamp":"2018-02-03T01:57:29Z", "event":"Loadout", "Ship":"Asp", "ShipID":8, "ShipName":"A-BUG", "ShipIdent":"BUGGED", "Modules":[ { "Slot":"SmallHardpoint1", "Item":"Hpt_BeamLaser_Gimbal_Small", "On":true, "Priority":0, "Health":1.000000, "Value":67185 }, { "Slot":"SmallHardpoint2", "Item":"Hpt_BeamLaser_Gimbal_Small", "On":true, "Priority":0, "Health":1.000000, "Value":67185 }, { "Slot":"SmallHardpoint3", "Item":"Hpt_BeamLaser_Gimbal_Small", "On":true, "Priority":0, "Health":1.000000, "Value":67185 }, { "Slot":"SmallHardpoint4", "Item":"Hpt_BeamLaser_Gimbal_Small", "On":true, "Priority":0, "Health":1.000000, "Value":67185 }, { "Slot":"MediumHardpoint1", "Item":"Hpt_MultiCannon_Gimbal_Medium", "On":true, "Priority":0, "AmmoInClip":90, "AmmoInHopper":1680, "Health":1.000000, "Value":51300, "EngineerBlueprint":"Weapon_Efficient", "EngineerLevel":1 }, { "Slot":"MediumHardpoint2", "Item":"Hpt_MultiCannon_Gimbal_Medium", "On":true, "Priority":0, "AmmoInClip":90, "AmmoInHopper":1680, "Health":1.000000, "Value":51300, "EngineerBlueprint":"Weapon_Efficient", "EngineerLevel":2 }, { "Slot":"TinyHardpoint1", "Item":"Hpt_ChaffLauncher_Tiny", "On":true, "Priority":0, "AmmoInClip":1, "AmmoInHopper":10, "Health":1.000000, "Value":8500 }, { "Slot":"TinyHardpoint2", "Item":"Hpt_HeatSinkLauncher_Turret_Tiny", "On":true, "Priority":0, "AmmoInClip":1, "AmmoInHopper":2, "Health":1.000000, "Value":3500 }, { "Slot":"TinyHardpoint3", "Item":"Hpt_ShieldBooster_Size0_Class5", "On":true, "Priority":0, "Health":1.000000, "Value":281000 }, { "Slot":"TinyHardpoint4", "Item":"Hpt_PlasmaPointDefence_Turret_Tiny", "On":true, "Priority":0, "AmmoInClip":12, "AmmoInHopper":10000, "Health":1.000000, "Value":18546 }, { "Slot":"Armour", "Item":"Asp_Armour_Grade3", "On":true, "Priority":1, "Health":1.000000, "Value":5995038 }, { "Slot":"PowerPlant", "Item":"Int_Powerplant_Size5_Class5", "On":true, "Priority":1, "Health":1.000000, "Value":5103953 }, { "Slot":"MainEngines", "Item":"Int_Engine_Size5_Class5", "On":true, "Priority":2, "Health":1.000000, "Value":5103953 }, { "Slot":"FrameShiftDrive", "Item":"Int_Hyperdrive_Size5_Class5", "On":true, "Priority":0, "Health":1.000000, "Value":5103953 }, { "Slot":"LifeSupport", "Item":"Int_LifeSupport_Size4_Class1", "On":true, "Priority":2, "Health":1.000000, "Value":11349 }, { "Slot":"PowerDistributor", "Item":"Int_PowerDistributor_Size4_Class5", "On":true, "Priority":0, "Health":1.000000, "Value":443328 }, { "Slot":"Radar", "Item":"Int_Sensors_Size5_Class4", "On":true, "Priority":0, "Health":1.000000, "Value":496527 }, { "Slot":"FuelTank", "Item":"Int_FuelTank_Size5_Class3", "On":true, "Priority":1, "Health":1.000000, "Value":97754 }, { "Slot":"Slot01_Size6", "Item":"Int_CargoRack_Size6_Class1", "On":true, "Priority":1, "Health":1.000000, "Value":362591 }, { "Slot":"Slot02_Size5", "Item":"Int_ShieldGenerator_Size5_Class5", "On":true, "Priority":0, "Health":1.000000, "Value":5103953 }, { "Slot":"Slot03_Size3", "Item":"Int_StellarBodyDiscoveryScanner_Advanced", "On":true, "Priority":1, "Health":1.000000, "Value":1545000 }, { "Slot":"Slot04_Size3", "Item":"Int_DetailedSurfaceScanner_Tiny", "On":true, "Priority":1, "Health":1.000000, "Value":250000 }, { "Slot":"Slot05_Size3", "Item":"Int_FuelScoop_Size3_Class5", "On":true, "Priority":0, "Health":1.000000, "Value":902954 }, { "Slot":"Slot06_Size2", "Item":"Int_FSDInterdictor_Size2_Class5", "On":true, "Priority":0, "Health":1.000000, "Value":2721600 }, { "Slot":"Slot07_Size2", "Item":"Int_BuggyBay_Size2_Class2", "On":true, "Priority":0, "Health":1.000000, "Value":21600 }, { "Slot":"PlanetaryApproachSuite", "Item":"Int_PlanetApproachSuite", "On":true, "Priority":1, "Health":1.000000, "Value":500 }, { "Slot":"ShipCockpit", "Item":"Asp_Cockpit", "On":true, "Priority":1, "Health":1.000000, "Value":0 }, { "Slot":"CargoHatch", "Item":"ModularCargoBayDoor", "On":true, "Priority":2, "Health":1.000000, "Value":0 } ] }
{ "timestamp":"2018-02-03T01:57:29Z", "event":"Materials", "Raw":[ { "Name":"phosphorus", "Count":8 }, { "Name":"iron", "Count":22 }, { "Name":"sulphur", "Count":18 }, { "Name":"nickel", "Count":20 }, { "Name":"carbon", "Count":26 }, { "Name":"chromium", "Count":15 }, { "Name":"molybdenum", "Count":3 }, { "Name":"manganese", "Count":1 }, { "Name":"cadmium", "Count":3 }, { "Name":"germanium", "Count":3 }, { "Name":"tin", "Count":3 }, { "Name":"selenium", "Count":3 } ], "Manufactured":[ { "Name":"gridresistors", "Count":19 }, { "Name":"mechanicalscrap", "Count":18 }, { "Name":"mechanicalequipment", "Count":11 }, { "Name":"heatconductionwiring", "Count":6 }, { "Name":"focuscrystals", "Count":64 }, { "Name":"salvagedalloys", "Count":79 }, { "Name":"chemicalprocessors", "Count":33 }, { "Name":"phasealloys", "Count":51 }, { "Name":"shieldingsensors", "Count":54 }, { "Name":"wornshieldemitters", "Count":108 }, { "Name":"galvanisingalloys", "Count":69 }, { "Name":"uncutfocuscrystals", "Count":2 }, { "Name":"hybridcapacitors", "Count":4 }, { "Name":"configurablecomponents", "Count":6 }, { "Name":"highdensitycomposites", "Count":21 }, { "Name":"mechanicalcomponents", "Count":3 }, { "Name":"fedproprietarycomposites", "Count":21 }, { "Name":"fedcorecomposites", "Count":6 }, { "Name":"shieldemitters", "Count":42 }, { "Name":"conductivecomponents", "Count":5 }, { "Name":"refinedfocuscrystals", "Count":21 }, { "Name":"chemicaldistillery", "Count":6 }, { "Name":"protolightalloys", "Count":15 }, { "Name":"precipitatedalloys", "Count":22 }, { "Name":"biotechconductors", "Count":2 }, { "Name":"compoundshielding", "Count":6 } ], "Encoded":[ { "Name":"decodedemissiondata", "Count":21 }, { "Name":"emissiondata", "Count":9 }, { "Name":"shieldsoakanalysis", "Count":15 }, { "Name":"shielddensityreports", "Count":33 }, { "Name":"scanarchives", "Count":18 }, { "Name":"shieldpatternanalysis", "Count":24 }, { "Name":"shieldcyclerecordings", "Count":72 }, { "Name":"encodedscandata", "Count":9 }, { "Name":"fsdtelemetry", "Count":6 }, { "Name":"scandatabanks", "Count":4 }, { "Name":"legacyfirmware", "Count":10 }, { "Name":"archivedemissiondata", "Count":3 }, { "Name":"disruptedwakeechoes", "Count":8 }, { "Name":"industrialfirmware", "Count":3 }, { "Name":"bulkscandata", "Count":29 }, { "Name":"embeddedfirmware", "Count":1 }, { "Name":"scrambledemissiondata", "Count":6 }, { "Name":"encryptioncodes", "Count":3 } ] }
{ "timestamp":"2018-02-03T01:57:29Z", "event":"LoadGame", "Commander":"Sleep Runner", "Ship":"Asp", "ShipID":8, "ShipName":"A-BUG", "ShipIdent":"BUGGED", "FuelLevel":32.000000, "FuelCapacity":32.000000, "GameMode":"Open", "Credits":23241338, "Loan":0 }
{ "timestamp":"2018-02-03T01:57:29Z", "event":"Rank", "Combat":2, "Trade":4, "Explore":3, "Empire":0, "Federation":1, "CQC":0 }
{ "timestamp":"2018-02-03T01:57:29Z", "event":"Progress", "Combat":17, "Trade":0, "Explore":21, "Empire":3, "Federation":100, "CQC":0 }
{ "timestamp":"2018-02-03T01:57:37Z", "event":"Location", "Docked":false, "StarSystem":"Amarak", "StarPos":[-68.438,26.000,26.469], "SystemAllegiance":"Federation", "SystemEconomy":"$economy_HighTech;", "SystemEconomy_Localised":"High Tech", "SystemGovernment":"$government_Corporate;", "SystemGovernment_Localised":"Corporate", "SystemSecurity":"$SYSTEM_SECURITY_high;", "SystemSecurity_Localised":"High Security", "Population":10248421, "Body":"Werner von Siemens Vision", "BodyType":"Station", "Factions":[ { "Name":"Pilots Federation Local Branch", "FactionState":"None", "Government":"Democracy", "Influence":0.000000, "Allegiance":"PilotsFederation" }, { "Name":"Tarutaalli Group", "FactionState":"None", "Government":"Corporate", "Influence":0.080000, "Allegiance":"Federation", "PendingStates":[ { "State":"Boom", "Trend":1 } ], "RecoveringStates":[ { "State":"War", "Trend":0 } ] }, { "Name":"Amarak Comms Partners", "FactionState":"None", "Government":"Corporate", "Influence":0.588000, "Allegiance":"Federation", "RecoveringStates":[ { "State":"Boom", "Trend":1 } ] }, { "Name":"Amarak Dominion", "FactionState":"None", "Government":"Dictatorship", "Influence":0.026000, "Allegiance":"Independent", "PendingStates":[ { "State":"Boom", "Trend":0 } ], "RecoveringStates":[ { "State":"War", "Trend":0 } ] }, { "Name":"Amarak Silver Family", "FactionState":"War", "Government":"Anarchy", "Influence":0.041000, "Allegiance":"Independent", "PendingStates":[ { "State":"Boom", "Trend":1 } ] }, { "Name":"Syndicate of LHS 3385", "FactionState":"War", "Government":"Anarchy", "Influence":0.046000, "Allegiance":"Independent", "PendingStates":[ { "State":"Boom", "Trend":1 } ] }, { "Name":"Amarak Republic Party", "FactionState":"None", "Government":"Democracy", "Influence":0.209000, "Allegiance":"Federation", "PendingStates":[ { "State":"CivilUnrest", "Trend":-1 } ], "RecoveringStates":[ { "State":"Boom", "Trend":0 } ] }, { "Name":"Ronin of Amarak", "FactionState":"None", "Government":"Anarchy", "Influence":0.010000, "Allegiance":"Independent", "PendingStates":[ { "State":"Boom", "Trend":1 } ] } ], "SystemFaction":"Amarak Comms Partners" }
{ "timestamp":"2018-02-03T01:57:37Z", "event":"Music", "MusicTrack":"NoTrack" }
{ "timestamp":"2018-02-03T01:57:37Z", "event":"Music", "MusicTrack":"Exploration" }
{ "timestamp":"2018-02-03T01:58:01Z", "event":"Music", "MusicTrack":"GalaxyMap" }
{ "timestamp":"2018-02-03T01:58:03Z", "event":"Music", "MusicTrack":"Exploration" }
{ "timestamp":"2018-02-03T01:58:20Z", "event":"StartJump", "JumpType":"Hyperspace", "StarSystem":"G 205-47", "StarClass":"M" }
{ "timestamp":"2018-02-03T01:58:25Z", "event":"Music", "MusicTrack":"NoTrack" }
{ "timestamp":"2018-02-03T01:58:38Z", "event":"FSDJump", "StarSystem":"G 205-47", "StarPos":[-63.969,21.969,15.594], "SystemAllegiance":"Federation", "SystemEconomy":"$economy_Refinery;", "SystemEconomy_Localised":"Refinery", "SystemGovernment":"$government_Confederacy;", "SystemGovernment_Localised":"Confederacy", "SystemSecurity":"$SYSTEM_SECURITY_medium;", "SystemSecurity_Localised":"Medium Security", "Population":20148, "JumpDist":12.429, "FuelUsed":1.040876, "FuelLevel":30.959124, "Factions":[ { "Name":"Pilots Federation Local Branch", "FactionState":"None", "Government":"Democracy", "Influence":0.000000, "Allegiance":"PilotsFederation" }, { "Name":"Revolutionary G 205-47 Confederation", "FactionState":"Boom", "Government":"Confederacy", "Influence":0.236868, "Allegiance":"Federation" }, { "Name":"BD+33 3582 Gold Public Int", "FactionState":"Boom", "Government":"Corporate", "Influence":0.169475, "Allegiance":"Federation" }, { "Name":"G 205-47 Partners", "FactionState":"War", "Government":"Corporate", "Influence":0.191278, "Allegiance":"Federation", "RecoveringStates":[ { "State":"Boom", "Trend":0 } ] }, { "Name":"Crew of G 205-47", "FactionState":"War", "Government":"Anarchy", "Influence":0.009911, "Allegiance":"Independent", "PendingStates":[ { "State":"Boom", "Trend":1 } ] }, { "Name":"G 205-47 Domain", "FactionState":"Boom", "Government":"Feudal", "Influence":0.213082, "Allegiance":"Independent" }, { "Name":"Amarak Republic Party", "FactionState":"War", "Government":"Democracy", "Influence":0.169475, "Allegiance":"Federation", "PendingStates":[ { "State":"CivilUnrest", "Trend":-1 } ], "RecoveringStates":[ { "State":"Boom", "Trend":0 } ] }, { "Name":"Ronin of Amarak", "FactionState":"War", "Government":"Anarchy", "Influence":0.009911, "Allegiance":"Independent", "PendingStates":[ { "State":"Boom", "Trend":1 } ] } ], "SystemFaction":"Revolutionary G 205-47 Confederation", "FactionState":"Boom" }
{ "timestamp":"2018-02-03T01:58:38Z", "event":"Music", "MusicTrack":"DestinationFromHyperspace" }
{ "timestamp":"2018-02-03T01:58:43Z", "event":"Music", "MusicTrack":"Supercruise" }
{ "timestamp":"2018-02-03T01:58:48Z", "event":"FuelScoop", "Scooped":0.100953, "Total":31.060074 }
{ "timestamp":"2018-02-03T01:59:24Z", "event":"Friends", "Status":"Online", "Name":"Mar.Meow" }
{ "timestamp":"2018-02-03T02:09:44Z", "event":"ReceiveText", "From":"$ShipName_PassengerLiner_Wedding;", "From_Localised":"Wedding Barge", "Message":"$ConvoyWedding_Patrol07;", "Message_Localised":"Today is the best day of my life.", "Channel":"npc" }
{ "timestamp":"2018-02-03T02:10:14Z", "event":"ReceiveText", "From":"$ShipName_PassengerLiner_Wedding;", "From_Localised":"Wedding Barge", "Message":"$ConvoyWedding_Patrol06;", "Message_Localised":"I still haven't written my vows. What can I say?", "Channel":"npc" }
{ "timestamp":"2018-02-03T02:10:33Z", "event":"ApproachSettlement", "Name":"Babcock Base" }
{ "timestamp":"2018-02-03T02:10:33Z", "event":"ApproachSettlement", "Name":"Low Terminal +++" }
{ "timestamp":"2018-02-03T02:10:46Z", "event":"SupercruiseExit", "StarSystem":"G 205-47", "Body":"Bain Horizons", "BodyType":"Station" }
{ "timestamp":"2018-02-03T02:10:46Z", "event":"Music", "MusicTrack":"DestinationFromSupercruise" }
{ "timestamp":"2018-02-03T02:10:51Z", "event":"Music", "MusicTrack":"Exploration" }
{ "timestamp":"2018-02-03T02:10:53Z", "event":"ReceiveText", "From":"Bain Horizons", "Message":"$STATION_NoFireZone_entered;", "Message_Localised":"No fire zone entered.", "Channel":"npc" }
{ "timestamp":"2018-02-03T02:10:59Z", "event":"DockingRequested", "StationName":"Bain Horizons" }
{ "timestamp":"2018-02-03T02:10:59Z", "event":"ReceiveText", "From":"Bain Horizons", "Message":"$DockingChatter_Neutral;", "Message_Localised":"Ensure to observe starport protocol during your visit, pilot.", "Channel":"npc" }
{ "timestamp":"2018-02-03T02:11:00Z", "event":"ReceiveText", "From":"Bain Horizons", "Message":"$STATION_docking_granted;", "Message_Localised":"Docking request granted.", "Channel":"npc" }
{ "timestamp":"2018-02-03T02:11:00Z", "event":"DockingGranted", "LandingPad":3, "StationName":"Bain Horizons" }
{ "timestamp":"2018-02-03T02:11:48Z", "event":"Docked", "StationName":"Bain Horizons", "StationType":"Outpost", "StarSystem":"G 205-47", "StationFaction":"Revolutionary G 205-47 Confederation", "FactionState":"Boom", "StationGovernment":"$government_Confederacy;", "StationGovernment_Localised":"Confederacy", "StationAllegiance":"Federation", "StationServices":[ "Dock", "Autodock", "Commodities", "Contacts", "Exploration", "Missions", "Outfitting", "CrewLounge", "Refuel", "Repair", "Tuning", "MissionsGenerated", "FlightController", "StationOperations", "Powerplay", "SearchAndRescue" ], "StationEconomy":"$economy_Extraction;", "StationEconomy_Localised":"Extraction", "DistFromStarLS":154418.703125 }
{ "timestamp":"2018-02-03T02:11:57Z", "event":"RefuelAll", "Cost":70, "Amount":1.386902 }
{ "timestamp":"2018-02-03T02:13:30Z", "event":"MissionCompleted", "Faction":"BD+33 3582 Gold Public Int", "Name":"Mission_Courier_RankFed_name", "MissionID":306718317, "DestinationSystem":"G 205-47", "DestinationStation":"Bain Horizons", "Reward":320260 }
{ "timestamp":"2018-02-03T02:13:30Z", "event":"Promotion", "Federation":2 }
{ "timestamp":"2018-02-03T02:14:42Z", "event":"Music", "MusicTrack":"GalaxyMap" }
{ "timestamp":"2018-02-03T02:14:58Z", "event":"Music", "MusicTrack":"SystemMap" }
{ "timestamp":"2018-02-03T02:15:22Z", "event":"Music", "MusicTrack":"GalaxyMap" }
{ "timestamp":"2018-02-03T02:15:26Z", "event":"Music", "MusicTrack":"SystemMap" }
{ "timestamp":"2018-02-03T02:15:30Z", "event":"Music", "MusicTrack":"GalaxyMap" }
{ "timestamp":"2018-02-03T02:15:49Z", "event":"Music", "MusicTrack":"SystemMap" }
{ "timestamp":"2018-02-03T02:15:58Z", "event":"Music", "MusicTrack":"GalaxyMap" }
{ "timestamp":"2018-02-03T02:16:51Z", "event":"Music", "MusicTrack":"Exploration" }
{ "timestamp":"2018-02-03T02:17:32Z", "event":"Music", "MusicTrack":"GalaxyMap" }
{ "timestamp":"2018-02-03T02:17:43Z", "event":"Music", "MusicTrack":"Exploration" }
{ "timestamp":"2018-02-03T02:17:45Z", "event":"Undocked", "StationName":"Bain Horizons", "StationType":"Outpost" }
{ "timestamp":"2018-02-03T02:18:16Z", "event":"StartJump", "JumpType":"Hyperspace", "StarSystem":"NLTT 46709", "StarClass":"M" }
{ "timestamp":"2018-02-03T02:18:21Z", "event":"Music", "MusicTrack":"NoTrack" }
{ "timestamp":"2018-02-03T02:18:35Z", "event":"FSDJump", "StarSystem":"NLTT 46709", "StarPos":[-65.313,25.875,23.688], "SystemAllegiance":"Federation", "SystemEconomy":"$economy_Colony;", "SystemEconomy_Localised":"Colony", "SystemGovernment":"$government_Confederacy;", "SystemGovernment_Localised":"Confederacy", "SystemSecurity":"$SYSTEM_SECURITY_low;", "SystemSecurity_Localised":"Low Security", "Population":1431, "JumpDist":9.087, "FuelUsed":0.483211, "FuelLevel":31.516788, "Factions":[ { "Name":"Partnership of NLTT 46709", "FactionState":"None", "Government":"Confederacy", "Influence":0.428000, "Allegiance":"Federation", "RecoveringStates":[ { "State":"Boom", "Trend":-1 } ] }, { "Name":"Pilots Federation Local Branch", "FactionState":"None", "Government":"Democracy", "Influence":0.000000, "Allegiance":"PilotsFederation" }, { "Name":"Amarak Comms Partners", "FactionState":"Election", "Government":"Corporate", "Influence":0.241000, "Allegiance":"Federation", "RecoveringStates":[ { "State":"Boom", "Trend":1 } ] }, { "Name":"Crimson Central Company", "FactionState":"Election", "Government":"Corporate", "Influence":0.254000, "Allegiance":"Independent", "RecoveringStates":[ { "State":"Boom", "Trend":0 } ] }, { "Name":"Icontia Partnership", "FactionState":"None", "Government":"Confederacy", "Influence":0.059000, "Allegiance":"Federation", "PendingStates":[ { "State":"Boom", "Trend":1 } ] }, { "Name":"Ronin of Amarak", "FactionState":"None", "Government":"Anarchy", "Influence":0.018000, "Allegiance":"Independent", "PendingStates":[ { "State":"Boom", "Trend":1 } ] } ], "SystemFaction":"Partnership of NLTT 46709" }
{ "timestamp":"2018-02-03T02:18:35Z", "event":"Music", "MusicTrack":"DestinationFromHyperspace" }
{ "timestamp":"2018-02-03T02:18:40Z", "event":"Music", "MusicTrack":"Supercruise" }
{ "timestamp":"2018-02-03T02:18:45Z", "event":"FuelScoop", "Scooped":0.483198, "Total":32.000000 }
{ "timestamp":"2018-02-03T02:21:20Z", "event":"SupercruiseExit", "StarSystem":"NLTT 46709", "Body":"Perrin Settlement", "BodyType":"Station" }
{ "timestamp":"2018-02-03T02:21:21Z", "event":"Music", "MusicTrack":"DestinationFromSupercruise" }
{ "timestamp":"2018-02-03T02:21:26Z", "event":"Music", "MusicTrack":"Exploration" }
{ "timestamp":"2018-02-03T02:21:28Z", "event":"ReceiveText", "From":"Perrin Settlement", "Message":"$STATION_NoFireZone_entered;", "Message_Localised":"No fire zone entered.", "Channel":"npc" }
{ "timestamp":"2018-02-03T02:21:31Z", "event":"DockingRequested", "StationName":"Perrin Settlement" }
{ "timestamp":"2018-02-03T02:21:31Z", "event":"ReceiveText", "From":"Perrin Settlement", "Message":"$DockingChatter_Neutral;", "Message_Localised":"Ensure to observe starport protocol during your visit, pilot.", "Channel":"npc" }
{ "timestamp":"2018-02-03T02:21:33Z", "event":"ReceiveText", "From":"Perrin Settlement", "Message":"$STATION_docking_granted;", "Message_Localised":"Docking request granted.", "Channel":"npc" }
{ "timestamp":"2018-02-03T02:21:33Z", "event":"DockingGranted", "LandingPad":3, "StationName":"Perrin Settlement" }
{ "timestamp":"2018-02-03T02:22:19Z", "event":"Docked", "StationName":"Perrin Settlement", "StationType":"Outpost", "StarSystem":"NLTT 46709", "StationFaction":"Partnership of NLTT 46709", "StationGovernment":"$government_Confederacy;", "StationGovernment_Localised":"Confederacy", "StationAllegiance":"Federation", "StationServices":[ "Dock", "Autodock", "BlackMarket", "Commodities", "Contacts", "Exploration", "Missions", "Refuel", "Repair", "Tuning", "MissionsGenerated", "Facilitator", "FlightController", "StationOperations", "Powerplay", "SearchAndRescue" ], "StationEconomy":"$economy_Extraction;", "StationEconomy_Localised":"Extraction", "DistFromStarLS":1282.660767 }
{ "timestamp":"2018-02-03T02:22:31Z", "event":"RefuelAll", "Cost":10, "Amount":0.124899 }
{ "timestamp":"2018-02-03T02:22:44Z", "event":"MissionCompleted", "Faction":"Icontia Partnership", "Name":"Mission_Courier_name", "MissionID":306718343, "TargetFaction":"Icontia Partnership", "DestinationSystem":"NLTT 46709", "DestinationStation":"Perrin Settlement", "Reward":100798 }
{ "timestamp":"2018-02-03T02:22:44Z", "event":"MaterialCollected", "Category":"Manufactured", "Name":"conductiveceramics", "Count":1 }
{ "timestamp":"2018-02-03T02:24:23Z", "event":"Music", "MusicTrack":"GalaxyMap" }
{ "timestamp":"2018-02-03T02:24:26Z", "event":"Undocked", "StationName":"Perrin Settlement", "StationType":"Outpost" }
{ "timestamp":"2018-02-03T02:24:29Z", "event":"Music", "MusicTrack":"SystemMap" }
{ "timestamp":"2018-02-03T02:24:39Z", "event":"Music", "MusicTrack":"GalaxyMap" }
{ "timestamp":"2018-02-03T02:24:45Z", "event":"Music", "MusicTrack":"SystemMap" }
{ "timestamp":"2018-02-03T02:24:51Z", "event":"Music", "MusicTrack":"GalaxyMap" }
{ "timestamp":"2018-02-03T02:24:52Z", "event":"Music", "MusicTrack":"Exploration" }
{ "timestamp":"2018-02-03T02:25:43Z", "event":"StartJump", "JumpType":"Hyperspace", "StarSystem":"LHS 3385", "StarClass":"K" }
{ "timestamp":"2018-02-03T02:25:46Z", "event":"ReceiveText", "From":"Perrin Settlement", "Message":"$STATION_NoFireZone_exited;", "Message_Localised":"No fire zone left.", "Channel":"npc" }
{ "timestamp":"2018-02-03T02:25:48Z", "event":"Music", "MusicTrack":"NoTrack" }
{ "timestamp":"2018-02-03T02:26:02Z", "event":"FSDJump", "StarSystem":"LHS 3385", "StarPos":[-69.219,28.813,30.250], "SystemAllegiance":"Federation", "SystemEconomy":"$economy_Military;", "SystemEconomy_Localised":"Military", "SystemGovernment":"$government_Corporate;", "SystemGovernment_Localised":"Corporate", "SystemSecurity":"$SYSTEM_SECURITY_medium;", "SystemSecurity_Localised":"Medium Security", "Population":129822, "JumpDist":8.183, "FuelUsed":0.373754, "FuelLevel":31.626245, "Factions":[ { "Name":"LHS 3385 People's Party", "FactionState":"CivilWar", "Government":"Communism", "Influence":0.009980, "Allegiance":"Independent" }, { "Name":"Pilots Federation Local Branch", "FactionState":"None", "Government":"Democracy", "Influence":0.000000, "Allegiance":"PilotsFederation" }, { "Name":"Amarak Comms Partners", "FactionState":"None", "Government":"Corporate", "Influence":0.713573, "Allegiance":"Federation", "RecoveringStates":[ { "State":"Boom", "Trend":1 } ] }, { "Name":"LHS 3385 Dynamic Industries", "FactionState":"None", "Government":"Corporate", "Influence":0.059880, "Allegiance":"Federation", "PendingStates":[ { "State":"Boom", "Trend":0 } ] }, { "Name":"LHS 3385 Regulatory State", "FactionState":"CivilWar", "Government":"Dictatorship", "Influence":0.009980, "Allegiance":"Independent" }, { "Name":"Syndicate of LHS 3385", "FactionState":"None", "Government":"Anarchy", "Influence":0.054890, "Allegiance":"Independent", "PendingStates":[ { "State":"Boom", "Trend":1 } ] }, { "Name":"Amarak Republic Party", "FactionState":"None", "Government":"Democracy", "Influence":0.151697, "Allegiance":"Federation", "PendingStates":[ { "State":"CivilUnrest", "Trend":-1 } ], "RecoveringStates":[ { "State":"Boom", "Trend":0 } ] } ], "SystemFaction":"Amarak Comms Partners" }
{ "timestamp":"2018-02-03T02:26:02Z", "event":"Music", "MusicTrack":"DestinationFromHyperspace" }
{ "timestamp":"2018-02-03T02:26:07Z", "event":"Music", "MusicTrack":"Supercruise" }
{ "timestamp":"2018-02-03T02:26:13Z", "event":"FuelScoop", "Scooped":0.373771, "Total":32.000000 }
{ "timestamp":"2018-02-03T02:28:00Z", "event":"Scan", "BodyName":"LHS 3385 6", "DistanceFromArrivalLS":1630.108154, "TidalLock":false, "TerraformState":"", "PlanetClass":"Sudarsky class I gas giant", "Atmosphere":"", "AtmosphereComposition":[ { "Name":"Hydrogen", "Percent":72.283920 }, { "Name":"Helium", "Percent":27.716076 } ], "Volcanism":"", "MassEM":410.632050, "Radius":73507912.000000, "SurfaceGravity":30.289635, "SurfaceTemperature":102.626762, "SurfacePressure":0.000000, "Landable":false, "SemiMajorAxis":5359593472.000000, "Eccentricity":0.192072, "OrbitalInclination":6.327781, "Periapsis":77.218948, "OrbitalPeriod":24664860.000000, "RotationPeriod":70473.515625, "AxialTilt":-0.847233, "Rings":[ { "Name":"LHS 3385 6 A Ring", "RingClass":"eRingClass_Icy", "MassMT":1.4074e+12, "InnerRad":1.1728e+08, "OuterRad":2.5876e+08 } ], "ReserveLevel":"CommonResources" }
{ "timestamp":"2018-02-03T02:28:46Z", "event":"Scan", "BodyName":"LHS 3385 6 c", "DistanceFromArrivalLS":1626.862305, "TidalLock":true, "TerraformState":"", "PlanetClass":"Icy body", "Atmosphere":"", "AtmosphereType":"None", "Volcanism":"", "MassEM":0.005901, "Radius":1585945.375000, "SurfaceGravity":0.935082, "SurfaceTemperature":49.933590, "SurfacePressure":0.000000, "Landable":true, "Materials":[ { "Name":"sulphur", "Percent":28.282309 }, { "Name":"carbon", "Percent":23.782494 }, { "Name":"phosphorus", "Percent":15.225959 }, { "Name":"iron", "Percent":12.787912 }, { "Name":"nickel", "Percent":9.672241 }, { "Name":"germanium", "Percent":3.695940 }, { "Name":"vanadium", "Percent":3.140266 }, { "Name":"zirconium", "Percent":1.484940 }, { "Name":"tin", "Percent":0.768387 }, { "Name":"tungsten", "Percent":0.702185 }, { "Name":"technetium", "Percent":0.457372 } ], "SemiMajorAxis":1421846144.000000, "Eccentricity":0.000068, "OrbitalInclination":-0.437045, "Periapsis":351.362244, "OrbitalPeriod":832612.562500, "RotationPeriod":832670.375000, "AxialTilt":0.330812 }
{ "timestamp":"2018-02-03T02:30:46Z", "event":"Scan", "BodyName":"LHS 3385 6 d", "DistanceFromArrivalLS":1629.982910, "TidalLock":true, "TerraformState":"", "PlanetClass":"Icy body", "Atmosphere":"", "AtmosphereType":"None", "Volcanism":"", "MassEM":0.020171, "Radius":2368611.000000, "SurfaceGravity":1.433038, "SurfaceTemperature":48.879723, "SurfacePressure":0.000000, "Landable":true, "Materials":[ { "Name":"sulphur", "Percent":26.890520 }, { "Name":"carbon", "Percent":22.612139 }, { "Name":"phosphorus", "Percent":14.476681 }, { "Name":"iron", "Percent":12.344364 }, { "Name":"nickel", "Percent":9.336759 }, { "Name":"chromium", "Percent":5.551671 }, { "Name":"zinc", "Percent":3.354736 }, { "Name":"vanadium", "Percent":3.031346 }, { "Name":"niobium", "Percent":0.843671 }, { "Name":"molybdenum", "Percent":0.806080 }, { "Name":"antimony", "Percent":0.752022 } ], "SemiMajorAxis":1965123840.000000, "Eccentricity":0.000143, "OrbitalInclination":0.617265, "Periapsis":112.392754, "OrbitalPeriod":1352847.875000, "RotationPeriod":1352941.750000, "AxialTilt":-1.257562 }
{ "timestamp":"2018-02-03T02:31:03Z", "event":"Scan", "BodyName":"LHS 3385 6 d a", "DistanceFromArrivalLS":1630.008057, "TidalLock":true, "TerraformState":"", "PlanetClass":"Icy body", "Atmosphere":"", "AtmosphereType":"None", "Volcanism":"major water geysers volcanism", "MassEM":0.001462, "Radius":1026072.187500, "SurfaceGravity":0.553347, "SurfaceTemperature":48.879723, "SurfacePressure":0.000000, "Landable":true, "Materials":[ { "Name":"sulphur", "Percent":30.889225 }, { "Name":"carbon", "Percent":25.974640 }, { "Name":"phosphorus", "Percent":16.629410 }, { "Name":"iron", "Percent":9.584009 }, { "Name":"nickel", "Percent":7.248943 }, { "Name":"selenium", "Percent":4.834425 }, { "Name":"vanadium", "Percent":2.353499 }, { "Name":"zirconium", "Percent":1.112901 }, { "Name":"tungsten", "Percent":0.526258 }, { "Name":"tin", "Percent":0.503908 }, { "Name":"technetium", "Percent":0.342781 } ], "SemiMajorAxis":9287031.000000, "Eccentricity":0.000000, "OrbitalInclination":57.580929, "Periapsis":315.376526, "OrbitalPeriod":60558.785156, "RotationPeriod":62714.511719, "AxialTilt":-0.070892 }
{ "timestamp":"2018-02-03T02:31:17Z", "event":"ApproachSettlement", "Name":"Quimper Laboratory ++" }
{ "timestamp":"2018-02-03T02:31:17Z", "event":"ApproachSettlement", "Name":"Robinson Survey" }
{ "timestamp":"2018-02-03T02:31:59Z", "event":"ApproachSettlement", "Name":"Robinson Survey" }
{ "timestamp":"2018-02-03T02:32:01Z", "event":"SupercruiseExit", "StarSystem":"LHS 3385", "Body":"LHS 3385 6 d", "BodyType":"Planet" }
{ "timestamp":"2018-02-03T02:32:02Z", "event":"Music", "MusicTrack":"Exploration" }
{ "timestamp":"2018-02-03T02:32:11Z", "event":"Music", "MusicTrack":"NoTrack" }
{ "timestamp":"2018-02-03T02:32:14Z", "event":"ReceiveText", "From":"Robinson Survey", "Message":"$STATION_NoFireZone_entered;", "Message_Localised":"No fire zone entered.", "Channel":"npc" }
{ "timestamp":"2018-02-03T02:32:20Z", "event":"DockingRequested", "StationName":"Robinson Survey" }
{ "timestamp":"2018-02-03T02:32:20Z", "event":"ReceiveText", "From":"Robinson Survey", "Message":"$DockingChatter_Neutral;", "Message_Localised":"Ensure to observe starport protocol during your visit, pilot.", "Channel":"npc" }
{ "timestamp":"2018-02-03T02:32:22Z", "event":"ReceiveText", "From":"Robinson Survey", "Message":"$STATION_docking_granted;", "Message_Localised":"Docking request granted.", "Channel":"npc" }
{ "timestamp":"2018-02-03T02:32:22Z", "event":"DockingGranted", "LandingPad":6, "StationName":"Robinson Survey" }
{ "timestamp":"2018-02-03T02:33:02Z", "event":"Docked", "StationName":"Robinson Survey", "StationType":"SurfaceStation", "StarSystem":"LHS 3385", "StationFaction":"LHS 3385 Dynamic Industries", "StationGovernment":"$government_Corporate;", "StationGovernment_Localised":"Corporate", "StationAllegiance":"Federation", "StationServices":[ "Dock", "Autodock", "Commodities", "Contacts", "Exploration", "Missions", "Outfitting", "CrewLounge", "Rearm", "Refuel", "Repair", "Tuning", "MissionsGenerated", "FlightController", "StationOperations", "Powerplay", "SearchAndRescue" ], "StationEconomy":"$economy_Military;", "StationEconomy_Localised":"Military", "DistFromStarLS":1629.978271 }
{ "timestamp":"2018-02-03T02:33:11Z", "event":"RefuelAll", "Cost":13, "Amount":0.250998 }
{ "timestamp":"2018-02-03T02:33:15Z", "event":"Repair", "Item":"Wear", "Cost":1080 }
{ "timestamp":"2018-02-03T02:33:18Z", "event":"Repair", "Item":"Paint", "Cost":2 }
{ "timestamp":"2018-02-03T02:33:46Z", "event":"MissionCompleted", "Faction":"Amarak Comms Partners", "Name":"Mission_Courier_name", "MissionID":306718364, "TargetFaction":"Amarak Comms Partners", "DestinationSystem":"LHS 3385", "DestinationStation":"Robinson Survey", "Reward":68945 }
{ "timestamp":"2018-02-03T02:34:00Z", "event":"ReceiveText", "From":"$ShipName_Police_Federation;", "From_Localised":"Federal Security Service", "Message":"$Police_EndPatrol04;", "Message_Localised":"Negative, Tower, I'm bingo on fuel, RTB.", "Channel":"npc" }
{ "timestamp":"2018-02-03T02:35:23Z", "event":"MissionAbandoned", "Name":"Mission_Courier_name", "MissionID":306718465 }
{ "timestamp":"2018-02-03T02:35:25Z", "event":"MissionAbandoned", "Name":"Mission_Courier_War_name", "MissionID":306718424 }
{ "timestamp":"2018-02-03T02:36:01Z", "event":"Undocked", "StationName":"Robinson Survey", "StationType":"SurfaceStation" }
{ "timestamp":"2018-02-03T02:36:38Z", "event":"ReceiveText", "From":"Robinson Survey", "Message":"$STATION_NoFireZone_exited;", "Message_Localised":"No fire zone left.", "Channel":"npc" }
{ "timestamp":"2018-02-03T02:36:43Z", "event":"StartJump", "JumpType":"Supercruise" }
{ "timestamp":"2018-02-03T02:36:43Z", "event":"ApproachSettlement", "Name":"Robinson Survey" }
{ "timestamp":"2018-02-03T02:36:43Z", "event":"ApproachSettlement", "Name":"Quimper Laboratory ++" }
{ "timestamp":"2018-02-03T02:36:48Z", "event":"SupercruiseEntry", "StarSystem":"LHS 3385" }
{ "timestamp":"2018-02-03T02:36:48Z", "event":"Music", "MusicTrack":"Supercruise" }
{ "timestamp":"2018-02-03T02:37:18Z", "event":"Music", "MusicTrack":"GalaxyMap" }
{ "timestamp":"2018-02-03T02:37:30Z", "event":"Music", "MusicTrack":"SystemMap" }
{ "timestamp":"2018-02-03T02:37:39Z", "event":"Music", "MusicTrack":"GalaxyMap" }
{ "timestamp":"2018-02-03T02:37:40Z", "event":"Music", "MusicTrack":"Supercruise" }
{ "timestamp":"2018-02-03T02:38:03Z", "event":"StartJump", "JumpType":"Hyperspace", "StarSystem":"Amarak", "StarClass":"M" }
{ "timestamp":"2018-02-03T02:38:08Z", "event":"Music", "MusicTrack":"NoTrack" }
{ "timestamp":"2018-02-03T02:38:21Z", "event":"FSDJump", "StarSystem":"Amarak", "StarPos":[-68.438,26.000,26.469], "SystemAllegiance":"Federation", "SystemEconomy":"$economy_HighTech;", "SystemEconomy_Localised":"High Tech", "SystemGovernment":"$government_Corporate;", "SystemGovernment_Localised":"Corporate", "SystemSecurity":"$SYSTEM_SECURITY_high;", "SystemSecurity_Localised":"High Security", "Population":10248421, "JumpDist":4.777, "FuelUsed":0.099979, "FuelLevel":31.900021, "Factions":[ { "Name":"Pilots Federation Local Branch", "FactionState":"None", "Government":"Democracy", "Influence":0.000000, "Allegiance":"PilotsFederation" }, { "Name":"Tarutaalli Group", "FactionState":"None", "Government":"Corporate", "Influence":0.080000, "Allegiance":"Federation", "PendingStates":[ { "State":"Boom", "Trend":1 } ], "RecoveringStates":[ { "State":"War", "Trend":0 } ] }, { "Name":"Amarak Comms Partners", "FactionState":"None", "Government":"Corporate", "Influence":0.588000, "Allegiance":"Federation", "RecoveringStates":[ { "State":"Boom", "Trend":1 } ] }, { "Name":"Amarak Dominion", "FactionState":"None", "Government":"Dictatorship", "Influence":0.026000, "Allegiance":"Independent", "PendingStates":[ { "State":"Boom", "Trend":0 } ], "RecoveringStates":[ { "State":"War", "Trend":0 } ] }, { "Name":"Amarak Silver Family", "FactionState":"War", "Government":"Anarchy", "Influence":0.041000, "Allegiance":"Independent", "PendingStates":[ { "State":"Boom", "Trend":1 } ] }, { "Name":"Syndicate of LHS 3385", "FactionState":"War", "Government":"Anarchy", "Influence":0.046000, "Allegiance":"Independent", "PendingStates":[ { "State":"Boom", "Trend":1 } ] }, { "Name":"Amarak Republic Party", "FactionState":"None", "Government":"Democracy", "Influence":0.209000, "Allegiance":"Federation", "PendingStates":[ { "State":"CivilUnrest", "Trend":-1 } ], "RecoveringStates":[ { "State":"Boom", "Trend":0 } ] }, { "Name":"Ronin of Amarak", "FactionState":"None", "Government":"Anarchy", "Influence":0.010000, "Allegiance":"Independent", "PendingStates":[ { "State":"Boom", "Trend":1 } ] } ], "SystemFaction":"Amarak Comms Partners" }
{ "timestamp":"2018-02-03T02:38:22Z", "event":"Music", "MusicTrack":"Supercruise" }
{ "timestamp":"2018-02-03T02:41:17Z", "event":"SupercruiseExit", "StarSystem":"Amarak", "Body":"Amarak A 2 B Ring", "BodyType":"PlanetaryRing" }
{ "timestamp":"2018-02-03T02:41:18Z", "event":"Music", "MusicTrack":"Exploration" }
{ "timestamp":"2018-02-03T02:42:35Z", "event":"Scanned", "ScanType":"Cargo" }
{ "timestamp":"2018-02-03T02:42:50Z", "event":"Music", "MusicTrack":"Combat_Dogfight" }
{ "timestamp":"2018-02-03T02:42:54Z", "event":"Scanned", "ScanType":"Crime" }
{ "timestamp":"2018-02-03T02:42:54Z", "event":"Scanned", "ScanType":"Cargo" }
{ "timestamp":"2018-02-03T02:43:18Z", "event":"Scanned", "ScanType":"Cargo" }
{ "timestamp":"2018-02-03T02:43:22Z", "event":"Scanned", "ScanType":"Crime" }
{ "timestamp":"2018-02-03T02:43:23Z", "event":"Bounty", "Rewards":[ { "Faction":"Amarak Comms Partners", "Reward":400 }, { "Faction":"Federation", "Reward":25012 } ], "Target":"viper", "TotalReward":25412, "VictimFaction":"Syndicate of LHS 3385" }
{ "timestamp":"2018-02-03T02:43:49Z", "event":"ReceiveText", "From":"$npc_name_decorate:#name=Mattias Carlsson;", "From_Localised":"Mattias Carlsson", "Message":"$BadKarmaCriticalDamage02;", "Message_Localised":"Impossible!", "Channel":"npc" }
{ "timestamp":"2018-02-03T02:44:03Z", "event":"Bounty", "Rewards":[ { "Faction":"Amarak Comms Partners", "Reward":400 }, { "Faction":"Federation", "Reward":9495 } ], "Target":"diamondback", "TotalReward":9895, "VictimFaction":"Syndicate of LHS 3385" }
{ "timestamp":"2018-02-03T02:44:18Z", "event":"MaterialCollected", "Category":"Encoded", "Name":"shielddensityreports", "Count":3 }
{ "timestamp":"2018-02-03T02:44:18Z", "event":"Music", "MusicTrack":"Exploration" }
{ "timestamp":"2018-02-03T02:46:01Z", "event":"MaterialCollected", "Category":"Encoded", "Name":"decodedemissiondata", "Count":3 }
{ "timestamp":"2018-02-03T02:46:04Z", "event":"ReceiveText", "From":"$npc_name_decorate:#name=Matt Fellows;", "From_Localised":"Matt Fellows", "Message":"$Pirate_OnStartScanCargo03;", "Message_Localised":"What are you hauling?", "Channel":"npc" }
{ "timestamp":"2018-02-03T02:46:19Z", "event":"Music", "MusicTrack":"Combat_Dogfight" }
{ "timestamp":"2018-02-03T02:46:19Z", "event":"ReceiveText", "From":"$npc_name_decorate:#name=ckomac;", "From_Localised":"ckomac", "Message":"$BadKarmaCriticalDamage09;", "Message_Localised":"I can see when I'm outmatched.", "Channel":"npc" }
{ "timestamp":"2018-02-03T02:46:25Z", "event":"ShieldState", "ShieldsUp":false }
{ "timestamp":"2018-02-03T02:46:31Z", "event":"Bounty", "Rewards":[ { "Faction":"Amarak Comms Partners", "Reward":45530 } ], "Target":"asp_scout", "TotalReward":45530, "VictimFaction":"Tarutaalli Group" }
{ "timestamp":"2018-02-03T02:46:51Z", "event":"Bounty", "Rewards":[ { "Faction":"Amarak Comms Partners", "Reward":3460 } ], "Target":"sidewinder", "TotalReward":3460, "VictimFaction":"Amarak Dominion" }
{ "timestamp":"2018-02-03T02:47:06Z", "event":"Music", "MusicTrack":"Exploration" }
{ "timestamp":"2018-02-03T02:47:27Z", "event":"ShieldState", "ShieldsUp":true }
{ "timestamp":"2018-02-03T02:48:17Z", "event":"ReceiveText", "From":"$npc_name_decorate:#name=Jack Torgaddon;", "From_Localised":"Jack Torgaddon", "Message":"$BadKarmaCriticalDamage07;", "Message_Localised":"Too much damage!", "Channel":"npc" }
{ "timestamp":"2018-02-03T02:48:40Z", "event":"Music", "MusicTrack":"Combat_Dogfight" }
{ "timestamp":"2018-02-03T02:48:56Z", "event":"Scanned", "ScanType":"Crime" }
{ "timestamp":"2018-02-03T02:49:33Z", "event":"Bounty", "Rewards":[ { "Faction":"Amarak Comms Partners", "Reward":25725 } ], "Target":"viper_mkiv", "TotalReward":25725, "VictimFaction":"Amarak Silver Family" }
{ "timestamp":"2018-02-03T02:49:48Z", "event":"Music", "MusicTrack":"Exploration" }
{ "timestamp":"2018-02-03T02:49:57Z", "event":"ReceiveText", "From":"$npc_name_decorate:#name=Pilgrim Beart;", "From_Localised":"Pilgrim Beart", "Message":"$BadKarmaCriticalDamage05;", "Message_Localised":"No, no!", "Channel":"npc" }
{ "timestamp":"2018-02-03T02:50:37Z", "event":"StartJump", "JumpType":"Supercruise" }
{ "timestamp":"2018-02-03T02:50:42Z", "event":"SupercruiseEntry", "StarSystem":"Amarak" }
{ "timestamp":"2018-02-03T02:50:43Z", "event":"Music", "MusicTrack":"Supercruise" }
{ "timestamp":"2018-02-03T02:50:54Z", "event":"ReceiveText", "From":"$npc_name_decorate:#name=Redfox;", "From_Localised":"Redfox", "Message":"$Pirate_HunterHostileSC_Relevant02;", "Message_Localised":"I knew I'd find you eventually, all that tasty cargo!", "Channel":"npc" }
{ "timestamp":"2018-02-03T02:52:09Z", "event":"MaterialCollected", "Category":"Encoded", "Name":"decodedemissiondata", "Count":3 }
{ "timestamp":"2018-02-03T02:52:36Z", "event":"ReceiveText", "From":"$npc_name_decorate:#name=Redfox;", "From_Localised":"Redfox", "Message":"$Pirate_StartInterdiction03;", "Message_Localised":"I have you now!", "Channel":"npc" }
{ "timestamp":"2018-02-03T02:52:42Z", "event":"Interdicted", "Submitted":true, "Interdictor":"Redfox", "IsPlayer":false, "Faction":"Amarak Silver Family" }
{ "timestamp":"2018-02-03T02:52:44Z", "event":"SupercruiseExit", "StarSystem":"Amarak", "Body":"Amarak A", "BodyType":"Star" }
{ "timestamp":"2018-02-03T02:52:44Z", "event":"Music", "MusicTrack":"Interdiction" }
{ "timestamp":"2018-02-03T02:52:46Z", "event":"ReceiveText", "From":"$npc_name_decorate:#name=Redfox;", "From_Localised":"Redfox", "Message":"$Pirate_Arrival13;", "Message_Localised":"You will keep your life if you hand over any valuable cargo you have.", "Channel":"npc" }
{ "timestamp":"2018-02-03T02:52:46Z", "event":"ReceiveText", "From":"$npc_name_decorate:#name=Redfox;", "From_Localised":"Redfox", "Message":"$Pirate_ThreatenValue01:#value=34500;", "Message_Localised":"Give me 34,500 Cr worth of cargo if you want to live.", "Channel":"npc" }
{ "timestamp":"2018-02-03T02:52:47Z", "event":"ReceiveText", "From":"$npc_name_decorate:#name=Redfox;", "From_Localised":"Redfox", "Message":"$Pirate_ThreatenTimer04:#seconds=10;", "Message_Localised":"Start dumping that cargo. I'll give you... 10 seconds before I start shooting.", "Channel":"npc" }
{ "timestamp":"2018-02-03T02:52:54Z", "event":"ReceiveText", "From":"$npc_name_decorate:#name=Redfox;", "From_Localised":"Redfox", "Message":"$Pirate_OnDeclarePiracyAttack04;", "Message_Localised":"I'm gonna boil you up!", "Channel":"npc" }
{ "timestamp":"2018-02-03T02:52:55Z", "event":"Music", "MusicTrack":"Combat_Dogfight" }
{ "timestamp":"2018-02-03T02:52:55Z", "event":"ReceiveText", "From":"$npc_name_decorate:#name=Redfox;", "From_Localised":"Redfox", "Message":"$Pirate_ReminderValue01:#value=34500;", "Message_Localised":"This can all stop if you just give me 34,500 Cr worth of cargo.", "Channel":"npc" }
{ "timestamp":"2018-02-03T02:53:12Z", "event":"ReceiveText", "From":"$ShipName_Police_Federation;", "From_Localised":"Federal Security Service", "Message":"$Police_ArriveInvestigate04;", "Message_Localised":"Emergency response squad in position.", "Channel":"npc" }
{ "timestamp":"2018-02-03T02:53:13Z", "event":"ReceiveText", "From":"$ShipName_Police_Federation;", "From_Localised":"Federal Security Service", "Message":"$Police_ArrivedAtInvestigationLocation02;", "Message_Localised":"Cease and desist! Submit to authority scans immediately!", "Channel":"npc" }
{ "timestamp":"2018-02-03T02:53:17Z", "event":"ReceiveText", "From":"$npc_name_decorate:#name=Redfox;", "From_Localised":"Redfox", "Message":"$Pirate_ReminderValue01:#value=34500;", "Message_Localised":"This can all stop if you just give me 34,500 Cr worth of cargo.", "Channel":"npc" }
{ "timestamp":"2018-02-03T02:53:30Z", "event":"Bounty", "Rewards":[ { "Faction":"Amarak Comms Partners", "Reward":75460 }, { "Faction":"Federation", "Reward":75060 } ], "Target":"python", "TotalReward":150520, "VictimFaction":"Amarak Silver Family" }
{ "timestamp":"2018-02-03T02:53:43Z", "event":"Scanned", "ScanType":"Cargo" }
{ "timestamp":"2018-02-03T02:53:43Z", "event":"ReceiveText", "From":"$ShipName_Police_Federation;", "From_Localised":"Federal Security Service", "Message":"$Police_ThankYouPassedStopAndSearch01;", "Message_Localised":"Thank you for your cooperation, Commander.", "Channel":"npc" }
{ "timestamp":"2018-02-03T02:53:45Z", "event":"Music", "MusicTrack":"Exploration" }
{ "timestamp":"2018-02-03T02:53:46Z", "event":"Scanned", "ScanType":"Cargo" }
{ "timestamp":"2018-02-03T02:53:46Z", "event":"ReceiveText", "From":"$ShipName_Police_Federation;", "From_Localised":"Federal Security Service", "Message":"$Police_ThankYouPassedStopAndSearch07;", "Message_Localised":"Your scan is clear. Carry on with your journey, Commander.", "Channel":"npc" }
{ "timestamp":"2018-02-03T02:53:48Z", "event":"MaterialCollected", "Category":"Manufactured", "Name":"highdensitycomposites", "Count":3 }
{ "timestamp":"2018-02-03T02:54:16Z", "event":"MaterialCollected", "Category":"Manufactured", "Name":"shieldemitters", "Count":3 }
{ "timestamp":"2018-02-03T02:54:40Z", "event":"MaterialCollected", "Category":"Manufactured", "Name":"salvagedalloys", "Count":3 }
{ "timestamp":"2018-02-03T02:54:53Z", "event":"StartJump", "JumpType":"Supercruise" }
{ "timestamp":"2018-02-03T02:54:58Z", "event":"SupercruiseEntry", "StarSystem":"Amarak" }
{ "timestamp":"2018-02-03T02:54:58Z", "event":"Music", "MusicTrack":"Supercruise" }
{ "timestamp":"2018-02-03T02:55:59Z", "event":"SupercruiseExit", "StarSystem":"Amarak", "Body":"Vela Port", "BodyType":"Station" }
{ "timestamp":"2018-02-03T02:55:59Z", "event":"Music", "MusicTrack":"DestinationFromSupercruise" }
{ "timestamp":"2018-02-03T02:56:04Z", "event":"Music", "MusicTrack":"NoTrack" }
{ "timestamp":"2018-02-03T02:56:05Z", "event":"ReceiveText", "From":"Vela Port", "Message":"$STATION_NoFireZone_entered;", "Message_Localised":"No fire zone entered.", "Channel":"npc" }
{ "timestamp":"2018-02-03T02:56:07Z", "event":"DockingRequested", "StationName":"Vela Port" }
{ "timestamp":"2018-02-03T02:56:07Z", "event":"ReceiveText", "From":"Vela Port", "Message":"$DockingChatter_Friendly;", "Message_Localised":"It's great to see you again, Commander.", "Channel":"npc" }
{ "timestamp":"2018-02-03T02:56:09Z", "event":"ReceiveText", "From":"Vela Port", "Message":"$STATION_docking_granted;", "Message_Localised":"Docking request granted.", "Channel":"npc" }
{ "timestamp":"2018-02-03T02:56:09Z", "event":"DockingGranted", "LandingPad":20, "StationName":"Vela Port" }
{ "timestamp":"2018-02-03T02:56:33Z", "event":"Music", "MusicTrack":"Starport" }
{ "timestamp":"2018-02-03T02:57:00Z", "event":"Docked", "StationName":"Vela Port", "StationType":"Coriolis", "StarSystem":"Amarak", "StationFaction":"Amarak Comms Partners", "StationGovernment":"$government_Corporate;", "StationGovernment_Localised":"Corporate", "StationAllegiance":"Federation", "StationServices":[ "Dock", "Autodock", "BlackMarket", "Commodities", "Contacts", "Exploration", "Missions", "Outfitting", "CrewLounge", "Rearm", "Refuel", "Repair", "Shipyard", "Tuning", "MissionsGenerated", "FlightController", "StationOperations", "Powerplay", "SearchAndRescue" ], "StationEconomy":"$economy_HighTech;", "StationEconomy_Localised":"High Tech", "DistFromStarLS":1178.471191 }
{ "timestamp":"2018-02-03T02:57:08Z", "event":"RepairAll", "Cost":5039 }
{ "timestamp":"2018-02-03T02:57:09Z", "event":"BuyAmmo", "Cost":611 }
{ "timestamp":"2018-02-03T02:57:10Z", "event":"RefuelAll", "Cost":33, "Amount":0.654664 }
{ "timestamp":"2018-02-03T02:58:31Z", "event":"Music", "MusicTrack":"Exploration" }
